log started: Fri Nov 23 17:27:32 2018

Log file: ./leap.log
>> #
>> # ----- leaprc for loading the ff99SB (Hornak & Simmerling) force field
>> # -----  this file is updated for PDB format 3
>> #
>> #	load atom type hybridizations
>> #
>> addAtomTypes {
>> 	{ "H"   "H" "sp3" }
>> 	{ "HO"  "H" "sp3" }
>> 	{ "HS"  "H" "sp3" }
>> 	{ "H1"  "H" "sp3" }
>> 	{ "H2"  "H" "sp3" }
>> 	{ "H3"  "H" "sp3" }
>> 	{ "H4"  "H" "sp3" }
>> 	{ "H5"  "H" "sp3" }
>> 	{ "HW"  "H" "sp3" }
>> 	{ "HC"  "H" "sp3" }
>> 	{ "HA"  "H" "sp3" }
>> 	{ "HP"  "H" "sp3" }
>> 	{ "OH"  "O" "sp3" }
>> 	{ "OS"  "O" "sp3" }
>> 	{ "O"   "O" "sp2" }
>> 	{ "O2"  "O" "sp2" }
>> 	{ "OW"  "O" "sp3" }
>> 	{ "CT"  "C" "sp3" }
>> 	{ "CH"  "C" "sp3" }
>> 	{ "C2"  "C" "sp3" }
>> 	{ "C3"  "C" "sp3" }
>> 	{ "C"   "C" "sp2" }
>> 	{ "C*"  "C" "sp2" }
>> 	{ "CA"  "C" "sp2" }
>> 	{ "CB"  "C" "sp2" }
>> 	{ "CC"  "C" "sp2" }
>> 	{ "CN"  "C" "sp2" }
>> 	{ "CM"  "C" "sp2" }
>> 	{ "CK"  "C" "sp2" }
>> 	{ "CQ"  "C" "sp2" }
>> 	{ "CD"  "C" "sp2" }
>> 	{ "CE"  "C" "sp2" }
>> 	{ "CF"  "C" "sp2" }
>> 	{ "CP"  "C" "sp2" }
>> 	{ "CI"  "C" "sp2" }
>> 	{ "CJ"  "C" "sp2" }
>> 	{ "CW"  "C" "sp2" }
>> 	{ "CV"  "C" "sp2" }
>> 	{ "CR"  "C" "sp2" }
>> 	{ "CA"  "C" "sp2" }
>> 	{ "CY"  "C" "sp2" }
>> 	{ "C0"  "Ca" "sp2" }
>> 	{ "MG"  "Mg" "sp3" }
>> 	{ "N"   "N" "sp2" }
>> 	{ "NA"  "N" "sp2" }
>> 	{ "N2"  "N" "sp2" }
>> 	{ "N*"  "N" "sp2" }
>> 	{ "NP"  "N" "sp2" }
>> 	{ "NQ"  "N" "sp2" }
>> 	{ "NB"  "N" "sp2" }
>> 	{ "NC"  "N" "sp2" }
>> 	{ "NT"  "N" "sp3" }
>> 	{ "N3"  "N" "sp3" }
>> 	{ "S"   "S" "sp3" }
>> 	{ "SH"  "S" "sp3" }
>> 	{ "P"   "P" "sp3" }
>> 	{ "LP"  ""  "sp3" }
>> 	{ "F"   "F" "sp3" }
>> 	{ "CL"  "Cl" "sp3" }
>> 	{ "BR"  "Br" "sp3" }
>> 	{ "I"   "I"  "sp3" }
>> 	{ "FE"  "Fe" "sp3" }
>> 	{ "EP"  ""  "sp3" }
>> # glycam
>> 	{ "OG"  "O" "sp3" }
>> 	{ "OL"  "O" "sp3" }
>> 	{ "AC"  "C" "sp3" }
>> 	{ "EC"  "C" "sp3" }
>> }
>> #
>> #	Load the main parameter set.
>> #
>> parm99 = loadamberparams parm99.dat
Loading parameters: /share/home/zhanghaiping/program/amber16/dat/leap/parm/parm99.dat
Reading title:
PARM99 for DNA,RNA,AA, organic molecules, TIP3P wat. Polariz.& LP incl.02/04/99
(UNKNOWN ATOM TYPE: HZ)
(UNKNOWN ATOM TYPE: IM)
(UNKNOWN ATOM TYPE: Li)
(UNKNOWN ATOM TYPE: IP)
(UNKNOWN ATOM TYPE: K)
(UNKNOWN ATOM TYPE: Rb)
(UNKNOWN ATOM TYPE: Cs)
(UNKNOWN ATOM TYPE: Zn)
(UNKNOWN ATOM TYPE: IB)
(UNKNOWN ATOM TYPE: LP)
>> frcmod99SB = loadamberparams frcmod.ff99SB
Loading parameters: /share/home/zhanghaiping/program/amber16/dat/leap/parm/frcmod.ff99SB
Reading force field modification type file (frcmod)
Reading title:
Modification/update of parm99.dat (Hornak & Simmerling)
>> #
>> #	Load DNA/RNA libraries
>> #
>> loadOff all_nucleic94.lib
Loading library: /share/home/zhanghaiping/program/amber16/dat/leap/lib/all_nucleic94.lib
Loading: DA
Loading: DA3
Loading: DA5
Loading: DAN
Loading: DC
Loading: DC3
Loading: DC5
Loading: DCN
Loading: DG
Loading: DG3
Loading: DG5
Loading: DGN
Loading: DT
Loading: DT3
Loading: DT5
Loading: DTN
Loading: RA
Loading: RA3
Loading: RA5
Loading: RAN
Loading: RC
Loading: RC3
Loading: RC5
Loading: RCN
Loading: RG
Loading: RG3
Loading: RG5
Loading: RGN
Loading: RU
Loading: RU3
Loading: RU5
Loading: RUN
>> #
>> #	Load main chain and terminating 
>> #	amino acid libraries (i.e. ff94 libs)
>> #
>> loadOff all_amino94.lib
Loading library: /share/home/zhanghaiping/program/amber16/dat/leap/lib/all_amino94.lib
Loading: ALA
Loading: ARG
Loading: ASH
Loading: ASN
Loading: ASP
Loading: CYM
Loading: CYS
Loading: CYX
Loading: GLH
Loading: GLN
Loading: GLU
Loading: GLY
Loading: HID
Loading: HIE
Loading: HIP
Loading: ILE
Loading: LEU
Loading: LYN
Loading: LYS
Loading: MET
Loading: PHE
Loading: PRO
Loading: SER
Loading: THR
Loading: TRP
Loading: TYR
Loading: VAL
>> loadOff all_aminoct94.lib
Loading library: /share/home/zhanghaiping/program/amber16/dat/leap/lib/all_aminoct94.lib
Loading: CALA
Loading: CARG
Loading: CASN
Loading: CASP
Loading: CCYS
Loading: CCYX
Loading: CGLN
Loading: CGLU
Loading: CGLY
Loading: CHID
Loading: CHIE
Loading: CHIP
Loading: CILE
Loading: CLEU
Loading: CLYS
Loading: CMET
Loading: CPHE
Loading: CPRO
Loading: CSER
Loading: CTHR
Loading: CTRP
Loading: CTYR
Loading: CVAL
Loading: NHE
Loading: NME
>> loadOff all_aminont94.lib
Loading library: /share/home/zhanghaiping/program/amber16/dat/leap/lib/all_aminont94.lib
Loading: ACE
Loading: NALA
Loading: NARG
Loading: NASN
Loading: NASP
Loading: NCYS
Loading: NCYX
Loading: NGLN
Loading: NGLU
Loading: NGLY
Loading: NHID
Loading: NHIE
Loading: NHIP
Loading: NILE
Loading: NLEU
Loading: NLYS
Loading: NMET
Loading: NPHE
Loading: NPRO
Loading: NSER
Loading: NTHR
Loading: NTRP
Loading: NTYR
Loading: NVAL
>> #
>> #       Load water and ions
>> # 
>> loadOff ions94.lib
Loading library: /share/home/zhanghaiping/program/amber16/dat/leap/lib/ions94.lib
Loading: CIO
Loading: Cl-
Loading: Cs+
Loading: IB
Loading: K+
Loading: Li+
Loading: MG2
Loading: Na+
Loading: Rb+
>> loadOff solvents.lib
Loading library: /share/home/zhanghaiping/program/amber16/dat/leap/lib/solvents.lib
Loading: CHCL3BOX
Loading: DC4
Loading: FB3
Loading: FB3BOX
Loading: FB4
Loading: FB4BOX
Loading: MEOHBOX
Loading: NMABOX
Loading: OPC
Loading: OPCBOX
Loading: PL3
Loading: POL3BOX
Loading: QSPCFWBOX
Loading: SPC
Loading: SPCBOX
Loading: SPCFWBOX
Loading: SPF
Loading: SPG
Loading: T4E
Loading: TIP3PBOX
Loading: TIP3PFBOX
Loading: TIP4PBOX
Loading: TIP4PEWBOX
Loading: TIP5PBOX
Loading: TP3
Loading: TP4
Loading: TP5
Loading: TPF
>> HOH = TP3
>> WAT = TP3
>> 
>> #
>> #	Define the PDB name map for the amino acids and DNA.
>> #
>> addPdbResMap {
>>   { 0 "ALA" "NALA" } { 1 "ALA" "CALA" }
>>   { 0 "ARG" "NARG" } { 1 "ARG" "CARG" }
>>   { 0 "ASN" "NASN" } { 1 "ASN" "CASN" }
>>   { 0 "ASP" "NASP" } { 1 "ASP" "CASP" }
>>   { 0 "CYS" "NCYS" } { 1 "CYS" "CCYS" }
>>   { 0 "CYX" "NCYX" } { 1 "CYX" "CCYX" }
>>   { 0 "GLN" "NGLN" } { 1 "GLN" "CGLN" }
>>   { 0 "GLU" "NGLU" } { 1 "GLU" "CGLU" }
>>   { 0 "GLY" "NGLY" } { 1 "GLY" "CGLY" }
>>   { 0 "HID" "NHID" } { 1 "HID" "CHID" }
>>   { 0 "HIE" "NHIE" } { 1 "HIE" "CHIE" }
>>   { 0 "HIP" "NHIP" } { 1 "HIP" "CHIP" }
>>   { 0 "ILE" "NILE" } { 1 "ILE" "CILE" }
>>   { 0 "LEU" "NLEU" } { 1 "LEU" "CLEU" }
>>   { 0 "LYS" "NLYS" } { 1 "LYS" "CLYS" }
>>   { 0 "MET" "NMET" } { 1 "MET" "CMET" }
>>   { 0 "PHE" "NPHE" } { 1 "PHE" "CPHE" }
>>   { 0 "PRO" "NPRO" } { 1 "PRO" "CPRO" }
>>   { 0 "SER" "NSER" } { 1 "SER" "CSER" }
>>   { 0 "THR" "NTHR" } { 1 "THR" "CTHR" }
>>   { 0 "TRP" "NTRP" } { 1 "TRP" "CTRP" }
>>   { 0 "TYR" "NTYR" } { 1 "TYR" "CTYR" }
>>   { 0 "VAL" "NVAL" } { 1 "VAL" "CVAL" }
>>   { 0 "HIS" "NHIS" } { 1 "HIS" "CHIS" }
>>   { 0 "GUA" "DG5"  } { 1 "GUA" "DG3"  } { "GUA" "DG" }
>>   { 0 "ADE" "DA5"  } { 1 "ADE" "DA3"  } { "ADE" "DA" }
>>   { 0 "CYT" "DC5"  } { 1 "CYT" "DC3"  } { "CYT" "DC" }
>>   { 0 "THY" "DT5"  } { 1 "THY" "DT3"  } { "THY" "DT" }
>>   { 0 "G" "RG5"  } { 1 "G" "RG3"  } { "G" "RG" } { "GN" "RGN" }
>>   { 0 "A" "RA5"  } { 1 "A" "RA3"  } { "A" "RA" } { "AN" "RAN" }
>>   { 0 "C" "RC5"  } { 1 "C" "RC3"  } { "C" "RC" } { "CN" "RCN" }
>>   { 0 "U" "RU5"  } { 1 "U" "RU3"  } { "U" "RU" } { "UN" "RUN" }
>>   { 0 "DG" "DG5"  } { 1 "DG" "DG3"  }  
>>   { 0 "DA" "DA5"  } { 1 "DA" "DA3"  }  
>>   { 0 "DC" "DC5"  } { 1 "DC" "DC3"  }  
>>   { 0 "DT" "DT5"  } { 1 "DT" "DT3"  }
>> 
>> }
>> 
>> addPdbAtomMap {
>>   { "O5*" "O5'" }
>>   { "C5*" "C5'" }
>>   { "C4*" "C4'" }
>>   { "O4*" "O4'" }
>>   { "C3*" "C3'" }
>>   { "O3*" "O3'" }
>>   { "C2*" "C2'" }
>>   { "C1*" "C1'" }
>>   { "C5M" "C7"  }
>>   { "O2*" "O2'" }
>>   { "H1*" "H1'" }
>>   { "H2*1" "H2'1" }
>>   { "H2*2" "H2'2" }
>>   { "H2'"  "H2'1" }
>>   { "H2''" "H2'2" }
>>   { "H3*" "H3'" }
>>   { "H4*" "H4'" }
>>   { "H5*1" "H5'1" }
>>   { "H5*2" "H5'2" }
>>   { "H5'"  "H5'1" }
>>   { "H5''" "H5'2" }
>>   { "HO2'" "HO'2" }
>>   { "HO5'" "H5T" }
>>   { "HO3'" "H3T" }
>>   { "O1'" "O4'" }
>>   { "OA"  "O1P" }
>>   { "OB"  "O2P" }
>>   { "OP1" "O1P" }
>>   { "OP2" "O2P" }
>> }
>> 
>> 
>> #
>> # assumed that most often proteins use HIE
>> #
>> NHIS = NHIE
>> HIS = HIE
>> CHIS = CHIE
> 
> #source /home/zhp/tleap/leaprc.GLYCAM_06j-1
> set default PBRadii mbondi3
Using ArgH and AspGluO modified Bondi2 radii
> #3dipepide=sequence{ACE VAL NME}
> 
> 
> protein = loadpdb  1hww_ww.pdb
Loading PDB file: ./1hww_ww.pdb
Enter zPdbReadScan from call depth  0.
Exit  zPdbReadScan from call depth  0.
Matching PDB residue names to LEaP variables.
Mapped residue CYS, term: Terminal/beginning, seq. number: 0 to: NCYS.
(Residue 1: GLN, Nonterminal, was not found in name map.)
(Residue 2: ASP, Nonterminal, was not found in name map.)
(Residue 3: VAL, Nonterminal, was not found in name map.)
(Residue 4: VAL, Nonterminal, was not found in name map.)
(Residue 5: GLN, Nonterminal, was not found in name map.)
(Residue 6: ASP, Nonterminal, was not found in name map.)
(Residue 7: VAL, Nonterminal, was not found in name map.)
(Residue 8: PRO, Nonterminal, was not found in name map.)
(Residue 9: ASN, Nonterminal, was not found in name map.)
(Residue 10: VAL, Nonterminal, was not found in name map.)
(Residue 11: ASP, Nonterminal, was not found in name map.)
(Residue 12: VAL, Nonterminal, was not found in name map.)
(Residue 13: GLN, Nonterminal, was not found in name map.)
(Residue 14: MET, Nonterminal, was not found in name map.)
(Residue 15: LEU, Nonterminal, was not found in name map.)
(Residue 16: GLU, Nonterminal, was not found in name map.)
(Residue 17: LEU, Nonterminal, was not found in name map.)
(Residue 18: TYR, Nonterminal, was not found in name map.)
(Residue 19: ASP, Nonterminal, was not found in name map.)
(Residue 20: ARG, Nonterminal, was not found in name map.)
(Residue 21: MET, Nonterminal, was not found in name map.)
(Residue 22: SER, Nonterminal, was not found in name map.)
(Residue 23: PHE, Nonterminal, was not found in name map.)
(Residue 24: LYS, Nonterminal, was not found in name map.)
(Residue 25: ASP, Nonterminal, was not found in name map.)
(Residue 26: ILE, Nonterminal, was not found in name map.)
(Residue 27: ASP, Nonterminal, was not found in name map.)
(Residue 28: GLY, Nonterminal, was not found in name map.)
(Residue 29: GLY, Nonterminal, was not found in name map.)
(Residue 30: VAL, Nonterminal, was not found in name map.)
(Residue 31: TRP, Nonterminal, was not found in name map.)
(Residue 32: LYS, Nonterminal, was not found in name map.)
(Residue 33: GLN, Nonterminal, was not found in name map.)
(Residue 34: GLY, Nonterminal, was not found in name map.)
(Residue 35: TRP, Nonterminal, was not found in name map.)
(Residue 36: ASN, Nonterminal, was not found in name map.)
(Residue 37: ILE, Nonterminal, was not found in name map.)
(Residue 38: LYS, Nonterminal, was not found in name map.)
(Residue 39: TYR, Nonterminal, was not found in name map.)
(Residue 40: ASP, Nonterminal, was not found in name map.)
(Residue 41: PRO, Nonterminal, was not found in name map.)
(Residue 42: LEU, Nonterminal, was not found in name map.)
(Residue 43: LYS, Nonterminal, was not found in name map.)
(Residue 44: TYR, Nonterminal, was not found in name map.)
(Residue 45: ASN, Nonterminal, was not found in name map.)
(Residue 46: ALA, Nonterminal, was not found in name map.)
(Residue 47: HIS, Nonterminal, was not found in name map.)
(Residue 48: HIS, Nonterminal, was not found in name map.)
(Residue 49: LYS, Nonterminal, was not found in name map.)
(Residue 50: LEU, Nonterminal, was not found in name map.)
(Residue 51: LYS, Nonterminal, was not found in name map.)
(Residue 52: VAL, Nonterminal, was not found in name map.)
(Residue 53: PHE, Nonterminal, was not found in name map.)
(Residue 54: VAL, Nonterminal, was not found in name map.)
(Residue 55: VAL, Nonterminal, was not found in name map.)
(Residue 56: PRO, Nonterminal, was not found in name map.)
(Residue 57: HIS, Nonterminal, was not found in name map.)
(Residue 58: SER, Nonterminal, was not found in name map.)
(Residue 59: HIS, Nonterminal, was not found in name map.)
(Residue 60: ASN, Nonterminal, was not found in name map.)
(Residue 61: ASP, Nonterminal, was not found in name map.)
(Residue 62: PRO, Nonterminal, was not found in name map.)
(Residue 63: GLY, Nonterminal, was not found in name map.)
(Residue 64: TRP, Nonterminal, was not found in name map.)
(Residue 65: ILE, Nonterminal, was not found in name map.)
(Residue 66: GLN, Nonterminal, was not found in name map.)
(Residue 67: THR, Nonterminal, was not found in name map.)
(Residue 68: PHE, Nonterminal, was not found in name map.)
(Residue 69: GLU, Nonterminal, was not found in name map.)
(Residue 70: GLU, Nonterminal, was not found in name map.)
(Residue 71: TYR, Nonterminal, was not found in name map.)
(Residue 72: TYR, Nonterminal, was not found in name map.)
(Residue 73: GLN, Nonterminal, was not found in name map.)
(Residue 74: HIS, Nonterminal, was not found in name map.)
(Residue 75: ASP, Nonterminal, was not found in name map.)
(Residue 76: THR, Nonterminal, was not found in name map.)
(Residue 77: LYS, Nonterminal, was not found in name map.)
(Residue 78: HIS, Nonterminal, was not found in name map.)
(Residue 79: ILE, Nonterminal, was not found in name map.)
(Residue 80: LEU, Nonterminal, was not found in name map.)
(Residue 81: SER, Nonterminal, was not found in name map.)
(Residue 82: ASN, Nonterminal, was not found in name map.)
(Residue 83: ALA, Nonterminal, was not found in name map.)
(Residue 84: LEU, Nonterminal, was not found in name map.)
(Residue 85: ARG, Nonterminal, was not found in name map.)
(Residue 86: HIS, Nonterminal, was not found in name map.)
(Residue 87: LEU, Nonterminal, was not found in name map.)
(Residue 88: HIS, Nonterminal, was not found in name map.)
(Residue 89: ASP, Nonterminal, was not found in name map.)
(Residue 90: ASN, Nonterminal, was not found in name map.)
(Residue 91: PRO, Nonterminal, was not found in name map.)
(Residue 92: GLU, Nonterminal, was not found in name map.)
(Residue 93: MET, Nonterminal, was not found in name map.)
(Residue 94: LYS, Nonterminal, was not found in name map.)
(Residue 95: PHE, Nonterminal, was not found in name map.)
(Residue 96: ILE, Nonterminal, was not found in name map.)
(Residue 97: TRP, Nonterminal, was not found in name map.)
(Residue 98: ALA, Nonterminal, was not found in name map.)
(Residue 99: GLU, Nonterminal, was not found in name map.)
(Residue 100: ILE, Nonterminal, was not found in name map.)
(Residue 101: SER, Nonterminal, was not found in name map.)
(Residue 102: TYR, Nonterminal, was not found in name map.)
(Residue 103: PHE, Nonterminal, was not found in name map.)
(Residue 104: ALA, Nonterminal, was not found in name map.)
(Residue 105: ARG, Nonterminal, was not found in name map.)
(Residue 106: PHE, Nonterminal, was not found in name map.)
(Residue 107: TYR, Nonterminal, was not found in name map.)
(Residue 108: HIS, Nonterminal, was not found in name map.)
(Residue 109: ASP, Nonterminal, was not found in name map.)
(Residue 110: LEU, Nonterminal, was not found in name map.)
(Residue 111: GLY, Nonterminal, was not found in name map.)
(Residue 112: GLU, Nonterminal, was not found in name map.)
(Residue 113: ASN, Nonterminal, was not found in name map.)
(Residue 114: LYS, Nonterminal, was not found in name map.)
(Residue 115: LYS, Nonterminal, was not found in name map.)
(Residue 116: LEU, Nonterminal, was not found in name map.)
(Residue 117: GLN, Nonterminal, was not found in name map.)
(Residue 118: MET, Nonterminal, was not found in name map.)
(Residue 119: LYS, Nonterminal, was not found in name map.)
(Residue 120: SER, Nonterminal, was not found in name map.)
(Residue 121: ILE, Nonterminal, was not found in name map.)
(Residue 122: VAL, Nonterminal, was not found in name map.)
(Residue 123: LYS, Nonterminal, was not found in name map.)
(Residue 124: ASN, Nonterminal, was not found in name map.)
(Residue 125: GLY, Nonterminal, was not found in name map.)
(Residue 126: GLN, Nonterminal, was not found in name map.)
(Residue 127: LEU, Nonterminal, was not found in name map.)
(Residue 128: GLU, Nonterminal, was not found in name map.)
(Residue 129: PHE, Nonterminal, was not found in name map.)
(Residue 130: VAL, Nonterminal, was not found in name map.)
(Residue 131: THR, Nonterminal, was not found in name map.)
(Residue 132: GLY, Nonterminal, was not found in name map.)
(Residue 133: GLY, Nonterminal, was not found in name map.)
(Residue 134: TRP, Nonterminal, was not found in name map.)
(Residue 135: VAL, Nonterminal, was not found in name map.)
(Residue 136: MET, Nonterminal, was not found in name map.)
(Residue 137: PRO, Nonterminal, was not found in name map.)
(Residue 138: ASP, Nonterminal, was not found in name map.)
(Residue 139: GLU, Nonterminal, was not found in name map.)
(Residue 140: ALA, Nonterminal, was not found in name map.)
(Residue 141: ASN, Nonterminal, was not found in name map.)
(Residue 142: SER, Nonterminal, was not found in name map.)
(Residue 143: HIS, Nonterminal, was not found in name map.)
(Residue 144: TRP, Nonterminal, was not found in name map.)
(Residue 145: ARG, Nonterminal, was not found in name map.)
(Residue 146: ASN, Nonterminal, was not found in name map.)
(Residue 147: VAL, Nonterminal, was not found in name map.)
(Residue 148: LEU, Nonterminal, was not found in name map.)
(Residue 149: LEU, Nonterminal, was not found in name map.)
(Residue 150: GLN, Nonterminal, was not found in name map.)
(Residue 151: LEU, Nonterminal, was not found in name map.)
(Residue 152: THR, Nonterminal, was not found in name map.)
(Residue 153: GLU, Nonterminal, was not found in name map.)
(Residue 154: GLY, Nonterminal, was not found in name map.)
(Residue 155: GLN, Nonterminal, was not found in name map.)
(Residue 156: THR, Nonterminal, was not found in name map.)
(Residue 157: TRP, Nonterminal, was not found in name map.)
(Residue 158: LEU, Nonterminal, was not found in name map.)
(Residue 159: LYS, Nonterminal, was not found in name map.)
(Residue 160: GLN, Nonterminal, was not found in name map.)
(Residue 161: PHE, Nonterminal, was not found in name map.)
(Residue 162: MET, Nonterminal, was not found in name map.)
(Residue 163: ASN, Nonterminal, was not found in name map.)
(Residue 164: VAL, Nonterminal, was not found in name map.)
(Residue 165: THR, Nonterminal, was not found in name map.)
(Residue 166: PRO, Nonterminal, was not found in name map.)
(Residue 167: THR, Nonterminal, was not found in name map.)
(Residue 168: ALA, Nonterminal, was not found in name map.)
(Residue 169: SER, Nonterminal, was not found in name map.)
(Residue 170: TRP, Nonterminal, was not found in name map.)
(Residue 171: ALA, Nonterminal, was not found in name map.)
(Residue 172: ILE, Nonterminal, was not found in name map.)
(Residue 173: ASP, Nonterminal, was not found in name map.)
(Residue 174: PRO, Nonterminal, was not found in name map.)
(Residue 175: PHE, Nonterminal, was not found in name map.)
(Residue 176: GLY, Nonterminal, was not found in name map.)
(Residue 177: HIS, Nonterminal, was not found in name map.)
(Residue 178: SER, Nonterminal, was not found in name map.)
(Residue 179: PRO, Nonterminal, was not found in name map.)
(Residue 180: THR, Nonterminal, was not found in name map.)
(Residue 181: MET, Nonterminal, was not found in name map.)
(Residue 182: PRO, Nonterminal, was not found in name map.)
(Residue 183: TYR, Nonterminal, was not found in name map.)
(Residue 184: ILE, Nonterminal, was not found in name map.)
(Residue 185: LEU, Nonterminal, was not found in name map.)
(Residue 186: GLN, Nonterminal, was not found in name map.)
(Residue 187: LYS, Nonterminal, was not found in name map.)
(Residue 188: SER, Nonterminal, was not found in name map.)
(Residue 189: GLY, Nonterminal, was not found in name map.)
(Residue 190: PHE, Nonterminal, was not found in name map.)
(Residue 191: LYS, Nonterminal, was not found in name map.)
(Residue 192: ASN, Nonterminal, was not found in name map.)
(Residue 193: MET, Nonterminal, was not found in name map.)
(Residue 194: LEU, Nonterminal, was not found in name map.)
(Residue 195: ILE, Nonterminal, was not found in name map.)
(Residue 196: GLN, Nonterminal, was not found in name map.)
(Residue 197: ARG, Nonterminal, was not found in name map.)
(Residue 198: THR, Nonterminal, was not found in name map.)
(Residue 199: HIS, Nonterminal, was not found in name map.)
(Residue 200: TYR, Nonterminal, was not found in name map.)
(Residue 201: SER, Nonterminal, was not found in name map.)
(Residue 202: VAL, Nonterminal, was not found in name map.)
(Residue 203: LYS, Nonterminal, was not found in name map.)
(Residue 204: LYS, Nonterminal, was not found in name map.)
(Residue 205: GLU, Nonterminal, was not found in name map.)
(Residue 206: LEU, Nonterminal, was not found in name map.)
(Residue 207: ALA, Nonterminal, was not found in name map.)
(Residue 208: GLN, Nonterminal, was not found in name map.)
(Residue 209: GLN, Nonterminal, was not found in name map.)
(Residue 210: ARG, Nonterminal, was not found in name map.)
(Residue 211: GLN, Nonterminal, was not found in name map.)
(Residue 212: LEU, Nonterminal, was not found in name map.)
(Residue 213: GLU, Nonterminal, was not found in name map.)
(Residue 214: PHE, Nonterminal, was not found in name map.)
(Residue 215: LEU, Nonterminal, was not found in name map.)
(Residue 216: TRP, Nonterminal, was not found in name map.)
(Residue 217: ARG, Nonterminal, was not found in name map.)
(Residue 218: GLN, Nonterminal, was not found in name map.)
(Residue 219: ILE, Nonterminal, was not found in name map.)
(Residue 220: TRP, Nonterminal, was not found in name map.)
(Residue 221: ASP, Nonterminal, was not found in name map.)
(Residue 222: ASN, Nonterminal, was not found in name map.)
(Residue 223: LYS, Nonterminal, was not found in name map.)
(Residue 224: GLY, Nonterminal, was not found in name map.)
(Residue 225: ASP, Nonterminal, was not found in name map.)
(Residue 226: THR, Nonterminal, was not found in name map.)
(Residue 227: ALA, Nonterminal, was not found in name map.)
(Residue 228: LEU, Nonterminal, was not found in name map.)
(Residue 229: PHE, Nonterminal, was not found in name map.)
(Residue 230: THR, Nonterminal, was not found in name map.)
(Residue 231: HIS, Nonterminal, was not found in name map.)
(Residue 232: MET, Nonterminal, was not found in name map.)
(Residue 233: MET, Nonterminal, was not found in name map.)
(Residue 234: PRO, Nonterminal, was not found in name map.)
(Residue 235: PHE, Nonterminal, was not found in name map.)
(Residue 236: TYR, Nonterminal, was not found in name map.)
(Residue 237: SER, Nonterminal, was not found in name map.)
(Residue 238: TYR, Nonterminal, was not found in name map.)
(Residue 239: ASP, Nonterminal, was not found in name map.)
(Residue 240: ILE, Nonterminal, was not found in name map.)
(Residue 241: PRO, Nonterminal, was not found in name map.)
(Residue 242: HIS, Nonterminal, was not found in name map.)
(Residue 243: THR, Nonterminal, was not found in name map.)
(Residue 244: CYS, Nonterminal, was not found in name map.)
(Residue 245: GLY, Nonterminal, was not found in name map.)
(Residue 246: PRO, Nonterminal, was not found in name map.)
(Residue 247: ASP, Nonterminal, was not found in name map.)
(Residue 248: PRO, Nonterminal, was not found in name map.)
(Residue 249: LYS, Nonterminal, was not found in name map.)
(Residue 250: VAL, Nonterminal, was not found in name map.)
(Residue 251: CYS, Nonterminal, was not found in name map.)
(Residue 252: CYS, Nonterminal, was not found in name map.)
(Residue 253: GLN, Nonterminal, was not found in name map.)
(Residue 254: PHE, Nonterminal, was not found in name map.)
(Residue 255: ASP, Nonterminal, was not found in name map.)
(Residue 256: PHE, Nonterminal, was not found in name map.)
(Residue 257: LYS, Nonterminal, was not found in name map.)
(Residue 258: ARG, Nonterminal, was not found in name map.)
(Residue 259: MET, Nonterminal, was not found in name map.)
(Residue 260: GLY, Nonterminal, was not found in name map.)
(Residue 261: SER, Nonterminal, was not found in name map.)
(Residue 262: PHE, Nonterminal, was not found in name map.)
(Residue 263: GLY, Nonterminal, was not found in name map.)
(Residue 264: LEU, Nonterminal, was not found in name map.)
(Residue 265: SER, Nonterminal, was not found in name map.)
(Residue 266: CYS, Nonterminal, was not found in name map.)
(Residue 267: PRO, Nonterminal, was not found in name map.)
(Residue 268: TRP, Nonterminal, was not found in name map.)
(Residue 269: LYS, Nonterminal, was not found in name map.)
(Residue 270: VAL, Nonterminal, was not found in name map.)
(Residue 271: PRO, Nonterminal, was not found in name map.)
(Residue 272: PRO, Nonterminal, was not found in name map.)
(Residue 273: ARG, Nonterminal, was not found in name map.)
(Residue 274: THR, Nonterminal, was not found in name map.)
(Residue 275: ILE, Nonterminal, was not found in name map.)
(Residue 276: SER, Nonterminal, was not found in name map.)
(Residue 277: ASP, Nonterminal, was not found in name map.)
(Residue 278: GLN, Nonterminal, was not found in name map.)
(Residue 279: ASN, Nonterminal, was not found in name map.)
(Residue 280: VAL, Nonterminal, was not found in name map.)
(Residue 281: ALA, Nonterminal, was not found in name map.)
(Residue 282: ALA, Nonterminal, was not found in name map.)
(Residue 283: ARG, Nonterminal, was not found in name map.)
(Residue 284: SER, Nonterminal, was not found in name map.)
(Residue 285: ASP, Nonterminal, was not found in name map.)
(Residue 286: LEU, Nonterminal, was not found in name map.)
(Residue 287: LEU, Nonterminal, was not found in name map.)
(Residue 288: VAL, Nonterminal, was not found in name map.)
(Residue 289: ASP, Nonterminal, was not found in name map.)
(Residue 290: GLN, Nonterminal, was not found in name map.)
(Residue 291: TRP, Nonterminal, was not found in name map.)
(Residue 292: LYS, Nonterminal, was not found in name map.)
(Residue 293: LYS, Nonterminal, was not found in name map.)
(Residue 294: LYS, Nonterminal, was not found in name map.)
(Residue 295: ALA, Nonterminal, was not found in name map.)
(Residue 296: GLU, Nonterminal, was not found in name map.)
(Residue 297: LEU, Nonterminal, was not found in name map.)
(Residue 298: TYR, Nonterminal, was not found in name map.)
(Residue 299: ARG, Nonterminal, was not found in name map.)
(Residue 300: THR, Nonterminal, was not found in name map.)
(Residue 301: ASN, Nonterminal, was not found in name map.)
(Residue 302: VAL, Nonterminal, was not found in name map.)
(Residue 303: LEU, Nonterminal, was not found in name map.)
(Residue 304: LEU, Nonterminal, was not found in name map.)
(Residue 305: ILE, Nonterminal, was not found in name map.)
(Residue 306: PRO, Nonterminal, was not found in name map.)
(Residue 307: LEU, Nonterminal, was not found in name map.)
(Residue 308: GLY, Nonterminal, was not found in name map.)
(Residue 309: ASP, Nonterminal, was not found in name map.)
(Residue 310: ASP, Nonterminal, was not found in name map.)
(Residue 311: PHE, Nonterminal, was not found in name map.)
(Residue 312: ARG, Nonterminal, was not found in name map.)
(Residue 313: PHE, Nonterminal, was not found in name map.)
(Residue 314: LYS, Nonterminal, was not found in name map.)
(Residue 315: GLN, Nonterminal, was not found in name map.)
(Residue 316: ASN, Nonterminal, was not found in name map.)
(Residue 317: THR, Nonterminal, was not found in name map.)
(Residue 318: GLU, Nonterminal, was not found in name map.)
(Residue 319: TRP, Nonterminal, was not found in name map.)
(Residue 320: ASP, Nonterminal, was not found in name map.)
(Residue 321: VAL, Nonterminal, was not found in name map.)
(Residue 322: GLN, Nonterminal, was not found in name map.)
(Residue 323: ARG, Nonterminal, was not found in name map.)
(Residue 324: VAL, Nonterminal, was not found in name map.)
(Residue 325: ASN, Nonterminal, was not found in name map.)
(Residue 326: TYR, Nonterminal, was not found in name map.)
(Residue 327: GLU, Nonterminal, was not found in name map.)
(Residue 328: ARG, Nonterminal, was not found in name map.)
(Residue 329: LEU, Nonterminal, was not found in name map.)
(Residue 330: PHE, Nonterminal, was not found in name map.)
(Residue 331: GLU, Nonterminal, was not found in name map.)
(Residue 332: HIS, Nonterminal, was not found in name map.)
(Residue 333: ILE, Nonterminal, was not found in name map.)
(Residue 334: ASN, Nonterminal, was not found in name map.)
(Residue 335: SER, Nonterminal, was not found in name map.)
(Residue 336: GLN, Nonterminal, was not found in name map.)
(Residue 337: ALA, Nonterminal, was not found in name map.)
(Residue 338: HIS, Nonterminal, was not found in name map.)
(Residue 339: PHE, Nonterminal, was not found in name map.)
(Residue 340: ASN, Nonterminal, was not found in name map.)
(Residue 341: VAL, Nonterminal, was not found in name map.)
(Residue 342: GLN, Nonterminal, was not found in name map.)
(Residue 343: ALA, Nonterminal, was not found in name map.)
(Residue 344: GLN, Nonterminal, was not found in name map.)
(Residue 345: PHE, Nonterminal, was not found in name map.)
(Residue 346: GLY, Nonterminal, was not found in name map.)
(Residue 347: THR, Nonterminal, was not found in name map.)
(Residue 348: LEU, Nonterminal, was not found in name map.)
(Residue 349: GLN, Nonterminal, was not found in name map.)
(Residue 350: GLU, Nonterminal, was not found in name map.)
(Residue 351: TYR, Nonterminal, was not found in name map.)
(Residue 352: PHE, Nonterminal, was not found in name map.)
(Residue 353: ASP, Nonterminal, was not found in name map.)
(Residue 354: ALA, Nonterminal, was not found in name map.)
(Residue 355: VAL, Nonterminal, was not found in name map.)
(Residue 356: HIS, Nonterminal, was not found in name map.)
(Residue 357: GLN, Nonterminal, was not found in name map.)
(Residue 358: ALA, Nonterminal, was not found in name map.)
(Residue 359: GLU, Nonterminal, was not found in name map.)
(Residue 360: ARG, Nonterminal, was not found in name map.)
(Residue 361: ALA, Nonterminal, was not found in name map.)
(Residue 362: GLY, Nonterminal, was not found in name map.)
(Residue 363: GLN, Nonterminal, was not found in name map.)
(Residue 364: ALA, Nonterminal, was not found in name map.)
(Residue 365: GLU, Nonterminal, was not found in name map.)
(Residue 366: PHE, Nonterminal, was not found in name map.)
(Residue 367: PRO, Nonterminal, was not found in name map.)
(Residue 368: THR, Nonterminal, was not found in name map.)
(Residue 369: LEU, Nonterminal, was not found in name map.)
(Residue 370: SER, Nonterminal, was not found in name map.)
(Residue 371: GLY, Nonterminal, was not found in name map.)
(Residue 372: ASP, Nonterminal, was not found in name map.)
(Residue 373: PHE, Nonterminal, was not found in name map.)
(Residue 374: PHE, Nonterminal, was not found in name map.)
(Residue 375: THR, Nonterminal, was not found in name map.)
(Residue 376: TYR, Nonterminal, was not found in name map.)
(Residue 377: ALA, Nonterminal, was not found in name map.)
(Residue 378: ASP, Nonterminal, was not found in name map.)
(Residue 379: ARG, Nonterminal, was not found in name map.)
(Residue 380: SER, Nonterminal, was not found in name map.)
(Residue 381: ASP, Nonterminal, was not found in name map.)
(Residue 382: ASN, Nonterminal, was not found in name map.)
(Residue 383: TYR, Nonterminal, was not found in name map.)
(Residue 384: TRP, Nonterminal, was not found in name map.)
(Residue 385: SER, Nonterminal, was not found in name map.)
(Residue 386: GLY, Nonterminal, was not found in name map.)
(Residue 387: TYR, Nonterminal, was not found in name map.)
(Residue 388: TYR, Nonterminal, was not found in name map.)
(Residue 389: THR, Nonterminal, was not found in name map.)
(Residue 390: SER, Nonterminal, was not found in name map.)
(Residue 391: ARG, Nonterminal, was not found in name map.)
(Residue 392: PRO, Nonterminal, was not found in name map.)
(Residue 393: TYR, Nonterminal, was not found in name map.)
(Residue 394: HIS, Nonterminal, was not found in name map.)
(Residue 395: LYS, Nonterminal, was not found in name map.)
(Residue 396: ARG, Nonterminal, was not found in name map.)
(Residue 397: MET, Nonterminal, was not found in name map.)
(Residue 398: ASP, Nonterminal, was not found in name map.)
(Residue 399: ARG, Nonterminal, was not found in name map.)
(Residue 400: VAL, Nonterminal, was not found in name map.)
(Residue 401: LEU, Nonterminal, was not found in name map.)
(Residue 402: MET, Nonterminal, was not found in name map.)
(Residue 403: HIS, Nonterminal, was not found in name map.)
(Residue 404: TYR, Nonterminal, was not found in name map.)
(Residue 405: VAL, Nonterminal, was not found in name map.)
(Residue 406: ARG, Nonterminal, was not found in name map.)
(Residue 407: ALA, Nonterminal, was not found in name map.)
(Residue 408: ALA, Nonterminal, was not found in name map.)
(Residue 409: GLU, Nonterminal, was not found in name map.)
(Residue 410: MET, Nonterminal, was not found in name map.)
(Residue 411: LEU, Nonterminal, was not found in name map.)
(Residue 412: SER, Nonterminal, was not found in name map.)
(Residue 413: ALA, Nonterminal, was not found in name map.)
(Residue 414: TRP, Nonterminal, was not found in name map.)
(Residue 415: HIS, Nonterminal, was not found in name map.)
(Residue 416: SER, Nonterminal, was not found in name map.)
(Residue 417: TRP, Nonterminal, was not found in name map.)
(Residue 418: ASP, Nonterminal, was not found in name map.)
(Residue 419: GLY, Nonterminal, was not found in name map.)
(Residue 420: MET, Nonterminal, was not found in name map.)
(Residue 421: ALA, Nonterminal, was not found in name map.)
(Residue 422: ARG, Nonterminal, was not found in name map.)
(Residue 423: ILE, Nonterminal, was not found in name map.)
(Residue 424: GLU, Nonterminal, was not found in name map.)
(Residue 425: GLU, Nonterminal, was not found in name map.)
(Residue 426: ARG, Nonterminal, was not found in name map.)
(Residue 427: LEU, Nonterminal, was not found in name map.)
(Residue 428: GLU, Nonterminal, was not found in name map.)
(Residue 429: GLN, Nonterminal, was not found in name map.)
(Residue 430: ALA, Nonterminal, was not found in name map.)
(Residue 431: ARG, Nonterminal, was not found in name map.)
(Residue 432: ARG, Nonterminal, was not found in name map.)
(Residue 433: GLU, Nonterminal, was not found in name map.)
(Residue 434: LEU, Nonterminal, was not found in name map.)
(Residue 435: SER, Nonterminal, was not found in name map.)
(Residue 436: LEU, Nonterminal, was not found in name map.)
(Residue 437: PHE, Nonterminal, was not found in name map.)
(Residue 438: GLN, Nonterminal, was not found in name map.)
(Residue 439: HIS, Nonterminal, was not found in name map.)
(Residue 440: HIS, Nonterminal, was not found in name map.)
(Residue 441: ASP, Nonterminal, was not found in name map.)
(Residue 442: GLY, Nonterminal, was not found in name map.)
(Residue 443: ILE, Nonterminal, was not found in name map.)
(Residue 444: THR, Nonterminal, was not found in name map.)
(Residue 445: GLY, Nonterminal, was not found in name map.)
(Residue 446: THR, Nonterminal, was not found in name map.)
(Residue 447: ALA, Nonterminal, was not found in name map.)
(Residue 448: LYS, Nonterminal, was not found in name map.)
(Residue 449: THR, Nonterminal, was not found in name map.)
(Residue 450: HIS, Nonterminal, was not found in name map.)
(Residue 451: VAL, Nonterminal, was not found in name map.)
(Residue 452: VAL, Nonterminal, was not found in name map.)
(Residue 453: VAL, Nonterminal, was not found in name map.)
(Residue 454: ASP, Nonterminal, was not found in name map.)
(Residue 455: TYR, Nonterminal, was not found in name map.)
(Residue 456: GLU, Nonterminal, was not found in name map.)
(Residue 457: GLN, Nonterminal, was not found in name map.)
(Residue 458: ARG, Nonterminal, was not found in name map.)
(Residue 459: MET, Nonterminal, was not found in name map.)
(Residue 460: GLN, Nonterminal, was not found in name map.)
(Residue 461: GLU, Nonterminal, was not found in name map.)
(Residue 462: ALA, Nonterminal, was not found in name map.)
(Residue 463: LEU, Nonterminal, was not found in name map.)
(Residue 464: LYS, Nonterminal, was not found in name map.)
(Residue 465: ALA, Nonterminal, was not found in name map.)
(Residue 466: CYS, Nonterminal, was not found in name map.)
(Residue 467: GLN, Nonterminal, was not found in name map.)
(Residue 468: MET, Nonterminal, was not found in name map.)
(Residue 469: VAL, Nonterminal, was not found in name map.)
(Residue 470: MET, Nonterminal, was not found in name map.)
(Residue 471: GLN, Nonterminal, was not found in name map.)
(Residue 472: GLN, Nonterminal, was not found in name map.)
(Residue 473: SER, Nonterminal, was not found in name map.)
(Residue 474: VAL, Nonterminal, was not found in name map.)
(Residue 475: TYR, Nonterminal, was not found in name map.)
(Residue 476: ARG, Nonterminal, was not found in name map.)
(Residue 477: LEU, Nonterminal, was not found in name map.)
(Residue 478: LEU, Nonterminal, was not found in name map.)
(Residue 479: THR, Nonterminal, was not found in name map.)
(Residue 480: LYS, Nonterminal, was not found in name map.)
(Residue 481: PRO, Nonterminal, was not found in name map.)
(Residue 482: SER, Nonterminal, was not found in name map.)
(Residue 483: ILE, Nonterminal, was not found in name map.)
(Residue 484: TYR, Nonterminal, was not found in name map.)
(Residue 485: SER, Nonterminal, was not found in name map.)
(Residue 486: PRO, Nonterminal, was not found in name map.)
(Residue 487: ASP, Nonterminal, was not found in name map.)
(Residue 488: PHE, Nonterminal, was not found in name map.)
(Residue 489: SER, Nonterminal, was not found in name map.)
(Residue 490: PHE, Nonterminal, was not found in name map.)
(Residue 491: SER, Nonterminal, was not found in name map.)
(Residue 492: TYR, Nonterminal, was not found in name map.)
(Residue 493: PHE, Nonterminal, was not found in name map.)
(Residue 494: THR, Nonterminal, was not found in name map.)
(Residue 495: LEU, Nonterminal, was not found in name map.)
(Residue 496: ASP, Nonterminal, was not found in name map.)
(Residue 497: ASP, Nonterminal, was not found in name map.)
(Residue 498: SER, Nonterminal, was not found in name map.)
(Residue 499: ARG, Nonterminal, was not found in name map.)
(Residue 500: TRP, Nonterminal, was not found in name map.)
(Residue 501: PRO, Nonterminal, was not found in name map.)
(Residue 502: GLY, Nonterminal, was not found in name map.)
(Residue 503: SER, Nonterminal, was not found in name map.)
(Residue 504: GLY, Nonterminal, was not found in name map.)
(Residue 505: VAL, Nonterminal, was not found in name map.)
(Residue 506: GLU, Nonterminal, was not found in name map.)
(Residue 507: ASP, Nonterminal, was not found in name map.)
(Residue 508: SER, Nonterminal, was not found in name map.)
(Residue 509: ARG, Nonterminal, was not found in name map.)
(Residue 510: THR, Nonterminal, was not found in name map.)
(Residue 511: THR, Nonterminal, was not found in name map.)
(Residue 512: ILE, Nonterminal, was not found in name map.)
(Residue 513: ILE, Nonterminal, was not found in name map.)
(Residue 514: LEU, Nonterminal, was not found in name map.)
(Residue 515: GLY, Nonterminal, was not found in name map.)
(Residue 516: GLU, Nonterminal, was not found in name map.)
(Residue 517: ASP, Nonterminal, was not found in name map.)
(Residue 518: ILE, Nonterminal, was not found in name map.)
(Residue 519: LEU, Nonterminal, was not found in name map.)
(Residue 520: PRO, Nonterminal, was not found in name map.)
(Residue 521: SER, Nonterminal, was not found in name map.)
(Residue 522: LYS, Nonterminal, was not found in name map.)
(Residue 523: HIS, Nonterminal, was not found in name map.)
(Residue 524: VAL, Nonterminal, was not found in name map.)
(Residue 525: VAL, Nonterminal, was not found in name map.)
(Residue 526: MET, Nonterminal, was not found in name map.)
(Residue 527: HIS, Nonterminal, was not found in name map.)
(Residue 528: ASN, Nonterminal, was not found in name map.)
(Residue 529: THR, Nonterminal, was not found in name map.)
(Residue 530: LEU, Nonterminal, was not found in name map.)
(Residue 531: PRO, Nonterminal, was not found in name map.)
(Residue 532: HIS, Nonterminal, was not found in name map.)
(Residue 533: TRP, Nonterminal, was not found in name map.)
(Residue 534: ARG, Nonterminal, was not found in name map.)
(Residue 535: GLU, Nonterminal, was not found in name map.)
(Residue 536: GLN, Nonterminal, was not found in name map.)
(Residue 537: LEU, Nonterminal, was not found in name map.)
(Residue 538: VAL, Nonterminal, was not found in name map.)
(Residue 539: ASP, Nonterminal, was not found in name map.)
(Residue 540: PHE, Nonterminal, was not found in name map.)
(Residue 541: TYR, Nonterminal, was not found in name map.)
(Residue 542: VAL, Nonterminal, was not found in name map.)
(Residue 543: SER, Nonterminal, was not found in name map.)
(Residue 544: SER, Nonterminal, was not found in name map.)
(Residue 545: PRO, Nonterminal, was not found in name map.)
(Residue 546: PHE, Nonterminal, was not found in name map.)
(Residue 547: VAL, Nonterminal, was not found in name map.)
(Residue 548: SER, Nonterminal, was not found in name map.)
(Residue 549: VAL, Nonterminal, was not found in name map.)
(Residue 550: THR, Nonterminal, was not found in name map.)
(Residue 551: ASP, Nonterminal, was not found in name map.)
(Residue 552: LEU, Nonterminal, was not found in name map.)
(Residue 553: ALA, Nonterminal, was not found in name map.)
(Residue 554: ASN, Nonterminal, was not found in name map.)
(Residue 555: ASN, Nonterminal, was not found in name map.)
(Residue 556: PRO, Nonterminal, was not found in name map.)
(Residue 557: VAL, Nonterminal, was not found in name map.)
(Residue 558: GLU, Nonterminal, was not found in name map.)
(Residue 559: ALA, Nonterminal, was not found in name map.)
(Residue 560: GLN, Nonterminal, was not found in name map.)
(Residue 561: VAL, Nonterminal, was not found in name map.)
(Residue 562: SER, Nonterminal, was not found in name map.)
(Residue 563: PRO, Nonterminal, was not found in name map.)
(Residue 564: VAL, Nonterminal, was not found in name map.)
(Residue 565: TRP, Nonterminal, was not found in name map.)
(Residue 566: SER, Nonterminal, was not found in name map.)
(Residue 567: TRP, Nonterminal, was not found in name map.)
(Residue 568: HIS, Nonterminal, was not found in name map.)
(Residue 569: HIS, Nonterminal, was not found in name map.)
(Residue 570: ASP, Nonterminal, was not found in name map.)
(Residue 571: THR, Nonterminal, was not found in name map.)
(Residue 572: LEU, Nonterminal, was not found in name map.)
(Residue 573: THR, Nonterminal, was not found in name map.)
(Residue 574: LYS, Nonterminal, was not found in name map.)
(Residue 575: THR, Nonterminal, was not found in name map.)
(Residue 576: ILE, Nonterminal, was not found in name map.)
(Residue 577: HIS, Nonterminal, was not found in name map.)
(Residue 578: PRO, Nonterminal, was not found in name map.)
(Residue 579: GLN, Nonterminal, was not found in name map.)
(Residue 580: GLY, Nonterminal, was not found in name map.)
(Residue 581: SER, Nonterminal, was not found in name map.)
(Residue 582: THR, Nonterminal, was not found in name map.)
(Residue 583: THR, Nonterminal, was not found in name map.)
(Residue 584: LYS, Nonterminal, was not found in name map.)
(Residue 585: TYR, Nonterminal, was not found in name map.)
(Residue 586: ARG, Nonterminal, was not found in name map.)
(Residue 587: ILE, Nonterminal, was not found in name map.)
(Residue 588: ILE, Nonterminal, was not found in name map.)
(Residue 589: PHE, Nonterminal, was not found in name map.)
(Residue 590: LYS, Nonterminal, was not found in name map.)
(Residue 591: ALA, Nonterminal, was not found in name map.)
(Residue 592: ARG, Nonterminal, was not found in name map.)
(Residue 593: VAL, Nonterminal, was not found in name map.)
(Residue 594: PRO, Nonterminal, was not found in name map.)
(Residue 595: PRO, Nonterminal, was not found in name map.)
(Residue 596: MET, Nonterminal, was not found in name map.)
(Residue 597: GLY, Nonterminal, was not found in name map.)
(Residue 598: LEU, Nonterminal, was not found in name map.)
(Residue 599: ALA, Nonterminal, was not found in name map.)
(Residue 600: THR, Nonterminal, was not found in name map.)
(Residue 601: TYR, Nonterminal, was not found in name map.)
(Residue 602: VAL, Nonterminal, was not found in name map.)
(Residue 603: LEU, Nonterminal, was not found in name map.)
(Residue 604: THR, Nonterminal, was not found in name map.)
(Residue 605: ILE, Nonterminal, was not found in name map.)
(Residue 606: SER, Nonterminal, was not found in name map.)
(Residue 607: ASP, Nonterminal, was not found in name map.)
(Residue 608: SER, Nonterminal, was not found in name map.)
(Residue 609: LYS, Nonterminal, was not found in name map.)
(Residue 610: PRO, Nonterminal, was not found in name map.)
(Residue 611: GLU, Nonterminal, was not found in name map.)
(Residue 612: HIS, Nonterminal, was not found in name map.)
(Residue 613: THR, Nonterminal, was not found in name map.)
(Residue 614: SER, Nonterminal, was not found in name map.)
(Residue 615: TYR, Nonterminal, was not found in name map.)
(Residue 616: ALA, Nonterminal, was not found in name map.)
(Residue 617: SER, Nonterminal, was not found in name map.)
(Residue 618: ASN, Nonterminal, was not found in name map.)
(Residue 619: LEU, Nonterminal, was not found in name map.)
(Residue 620: LEU, Nonterminal, was not found in name map.)
(Residue 621: LEU, Nonterminal, was not found in name map.)
(Residue 622: ARG, Nonterminal, was not found in name map.)
(Residue 623: LYS, Nonterminal, was not found in name map.)
(Residue 624: ASN, Nonterminal, was not found in name map.)
(Residue 625: PRO, Nonterminal, was not found in name map.)
(Residue 626: THR, Nonterminal, was not found in name map.)
(Residue 627: SER, Nonterminal, was not found in name map.)
(Residue 628: LEU, Nonterminal, was not found in name map.)
(Residue 629: PRO, Nonterminal, was not found in name map.)
(Residue 630: LEU, Nonterminal, was not found in name map.)
(Residue 631: GLY, Nonterminal, was not found in name map.)
(Residue 632: GLN, Nonterminal, was not found in name map.)
(Residue 633: TYR, Nonterminal, was not found in name map.)
(Residue 634: PRO, Nonterminal, was not found in name map.)
(Residue 635: GLU, Nonterminal, was not found in name map.)
(Residue 636: ASP, Nonterminal, was not found in name map.)
(Residue 637: VAL, Nonterminal, was not found in name map.)
(Residue 638: LYS, Nonterminal, was not found in name map.)
(Residue 639: PHE, Nonterminal, was not found in name map.)
(Residue 640: GLY, Nonterminal, was not found in name map.)
(Residue 641: ASP, Nonterminal, was not found in name map.)
(Residue 642: PRO, Nonterminal, was not found in name map.)
(Residue 643: ARG, Nonterminal, was not found in name map.)
(Residue 644: GLU, Nonterminal, was not found in name map.)
(Residue 645: ILE, Nonterminal, was not found in name map.)
(Residue 646: SER, Nonterminal, was not found in name map.)
(Residue 647: LEU, Nonterminal, was not found in name map.)
(Residue 648: ARG, Nonterminal, was not found in name map.)
(Residue 649: VAL, Nonterminal, was not found in name map.)
(Residue 650: GLY, Nonterminal, was not found in name map.)
(Residue 651: ASN, Nonterminal, was not found in name map.)
(Residue 652: GLY, Nonterminal, was not found in name map.)
(Residue 653: PRO, Nonterminal, was not found in name map.)
(Residue 654: THR, Nonterminal, was not found in name map.)
(Residue 655: LEU, Nonterminal, was not found in name map.)
(Residue 656: ALA, Nonterminal, was not found in name map.)
(Residue 657: PHE, Nonterminal, was not found in name map.)
(Residue 658: SER, Nonterminal, was not found in name map.)
(Residue 659: GLU, Nonterminal, was not found in name map.)
(Residue 660: GLN, Nonterminal, was not found in name map.)
(Residue 661: GLY, Nonterminal, was not found in name map.)
(Residue 662: LEU, Nonterminal, was not found in name map.)
(Residue 663: LEU, Nonterminal, was not found in name map.)
(Residue 664: LYS, Nonterminal, was not found in name map.)
(Residue 665: SER, Nonterminal, was not found in name map.)
(Residue 666: ILE, Nonterminal, was not found in name map.)
(Residue 667: GLN, Nonterminal, was not found in name map.)
(Residue 668: LEU, Nonterminal, was not found in name map.)
(Residue 669: THR, Nonterminal, was not found in name map.)
(Residue 670: GLN, Nonterminal, was not found in name map.)
(Residue 671: ASP, Nonterminal, was not found in name map.)
(Residue 672: SER, Nonterminal, was not found in name map.)
(Residue 673: PRO, Nonterminal, was not found in name map.)
(Residue 674: HIS, Nonterminal, was not found in name map.)
(Residue 675: VAL, Nonterminal, was not found in name map.)
(Residue 676: PRO, Nonterminal, was not found in name map.)
(Residue 677: VAL, Nonterminal, was not found in name map.)
(Residue 678: HIS, Nonterminal, was not found in name map.)
(Residue 679: PHE, Nonterminal, was not found in name map.)
(Residue 680: LYS, Nonterminal, was not found in name map.)
(Residue 681: PHE, Nonterminal, was not found in name map.)
(Residue 682: LEU, Nonterminal, was not found in name map.)
(Residue 683: LYS, Nonterminal, was not found in name map.)
(Residue 684: TYR, Nonterminal, was not found in name map.)
(Residue 685: GLY, Nonterminal, was not found in name map.)
(Residue 686: VAL, Nonterminal, was not found in name map.)
(Residue 687: ARG, Nonterminal, was not found in name map.)
(Residue 688: SER, Nonterminal, was not found in name map.)
(Residue 689: HIS, Nonterminal, was not found in name map.)
(Residue 690: GLY, Nonterminal, was not found in name map.)
(Residue 691: ASP, Nonterminal, was not found in name map.)
(Residue 692: ARG, Nonterminal, was not found in name map.)
(Residue 693: SER, Nonterminal, was not found in name map.)
(Residue 694: GLY, Nonterminal, was not found in name map.)
(Residue 695: ALA, Nonterminal, was not found in name map.)
(Residue 696: TYR, Nonterminal, was not found in name map.)
(Residue 697: LEU, Nonterminal, was not found in name map.)
(Residue 698: PHE, Nonterminal, was not found in name map.)
(Residue 699: LEU, Nonterminal, was not found in name map.)
(Residue 700: PRO, Nonterminal, was not found in name map.)
(Residue 701: ASN, Nonterminal, was not found in name map.)
(Residue 702: GLY, Nonterminal, was not found in name map.)
(Residue 703: PRO, Nonterminal, was not found in name map.)
(Residue 704: ALA, Nonterminal, was not found in name map.)
(Residue 705: SER, Nonterminal, was not found in name map.)
(Residue 706: PRO, Nonterminal, was not found in name map.)
(Residue 707: VAL, Nonterminal, was not found in name map.)
(Residue 708: GLU, Nonterminal, was not found in name map.)
(Residue 709: LEU, Nonterminal, was not found in name map.)
(Residue 710: GLY, Nonterminal, was not found in name map.)
(Residue 711: GLN, Nonterminal, was not found in name map.)
(Residue 712: PRO, Nonterminal, was not found in name map.)
(Residue 713: VAL, Nonterminal, was not found in name map.)
(Residue 714: VAL, Nonterminal, was not found in name map.)
(Residue 715: LEU, Nonterminal, was not found in name map.)
(Residue 716: VAL, Nonterminal, was not found in name map.)
(Residue 717: THR, Nonterminal, was not found in name map.)
(Residue 718: LYS, Nonterminal, was not found in name map.)
(Residue 719: GLY, Nonterminal, was not found in name map.)
(Residue 720: LYS, Nonterminal, was not found in name map.)
(Residue 721: LEU, Nonterminal, was not found in name map.)
(Residue 722: GLU, Nonterminal, was not found in name map.)
(Residue 723: SER, Nonterminal, was not found in name map.)
(Residue 724: SER, Nonterminal, was not found in name map.)
(Residue 725: VAL, Nonterminal, was not found in name map.)
(Residue 726: SER, Nonterminal, was not found in name map.)
(Residue 727: VAL, Nonterminal, was not found in name map.)
(Residue 728: GLY, Nonterminal, was not found in name map.)
(Residue 729: LEU, Nonterminal, was not found in name map.)
(Residue 730: PRO, Nonterminal, was not found in name map.)
(Residue 731: SER, Nonterminal, was not found in name map.)
(Residue 732: VAL, Nonterminal, was not found in name map.)
(Residue 733: VAL, Nonterminal, was not found in name map.)
(Residue 734: HIS, Nonterminal, was not found in name map.)
(Residue 735: GLN, Nonterminal, was not found in name map.)
(Residue 736: THR, Nonterminal, was not found in name map.)
(Residue 737: ILE, Nonterminal, was not found in name map.)
(Residue 738: MET, Nonterminal, was not found in name map.)
(Residue 739: ARG, Nonterminal, was not found in name map.)
(Residue 740: GLY, Nonterminal, was not found in name map.)
(Residue 741: GLY, Nonterminal, was not found in name map.)
(Residue 742: ALA, Nonterminal, was not found in name map.)
(Residue 743: PRO, Nonterminal, was not found in name map.)
(Residue 744: GLU, Nonterminal, was not found in name map.)
(Residue 745: ILE, Nonterminal, was not found in name map.)
(Residue 746: ARG, Nonterminal, was not found in name map.)
(Residue 747: ASN, Nonterminal, was not found in name map.)
(Residue 748: LEU, Nonterminal, was not found in name map.)
(Residue 749: VAL, Nonterminal, was not found in name map.)
(Residue 750: ASP, Nonterminal, was not found in name map.)
(Residue 751: ILE, Nonterminal, was not found in name map.)
(Residue 752: GLY, Nonterminal, was not found in name map.)
(Residue 753: SER, Nonterminal, was not found in name map.)
(Residue 754: LEU, Nonterminal, was not found in name map.)
(Residue 755: ASP, Nonterminal, was not found in name map.)
(Residue 756: ASN, Nonterminal, was not found in name map.)
(Residue 757: THR, Nonterminal, was not found in name map.)
(Residue 758: GLU, Nonterminal, was not found in name map.)
(Residue 759: ILE, Nonterminal, was not found in name map.)
(Residue 760: VAL, Nonterminal, was not found in name map.)
(Residue 761: MET, Nonterminal, was not found in name map.)
(Residue 762: ARG, Nonterminal, was not found in name map.)
(Residue 763: LEU, Nonterminal, was not found in name map.)
(Residue 764: GLU, Nonterminal, was not found in name map.)
(Residue 765: THR, Nonterminal, was not found in name map.)
(Residue 766: HIS, Nonterminal, was not found in name map.)
(Residue 767: ILE, Nonterminal, was not found in name map.)
(Residue 768: ASP, Nonterminal, was not found in name map.)
(Residue 769: SER, Nonterminal, was not found in name map.)
(Residue 770: GLY, Nonterminal, was not found in name map.)
(Residue 771: ASP, Nonterminal, was not found in name map.)
(Residue 772: ILE, Nonterminal, was not found in name map.)
(Residue 773: PHE, Nonterminal, was not found in name map.)
(Residue 774: TYR, Nonterminal, was not found in name map.)
(Residue 775: THR, Nonterminal, was not found in name map.)
(Residue 776: ASP, Nonterminal, was not found in name map.)
(Residue 777: LEU, Nonterminal, was not found in name map.)
(Residue 778: ASN, Nonterminal, was not found in name map.)
(Residue 779: GLY, Nonterminal, was not found in name map.)
(Residue 780: LEU, Nonterminal, was not found in name map.)
(Residue 781: GLN, Nonterminal, was not found in name map.)
(Residue 782: PHE, Nonterminal, was not found in name map.)
(Residue 783: ILE, Nonterminal, was not found in name map.)
(Residue 784: LYS, Nonterminal, was not found in name map.)
(Residue 785: ARG, Nonterminal, was not found in name map.)
(Residue 786: ARG, Nonterminal, was not found in name map.)
(Residue 787: ARG, Nonterminal, was not found in name map.)
(Residue 788: LEU, Nonterminal, was not found in name map.)
(Residue 789: ASP, Nonterminal, was not found in name map.)
(Residue 790: LYS, Nonterminal, was not found in name map.)
(Residue 791: LEU, Nonterminal, was not found in name map.)
(Residue 792: PRO, Nonterminal, was not found in name map.)
(Residue 793: LEU, Nonterminal, was not found in name map.)
(Residue 794: GLN, Nonterminal, was not found in name map.)
(Residue 795: ALA, Nonterminal, was not found in name map.)
(Residue 796: ASN, Nonterminal, was not found in name map.)
(Residue 797: TYR, Nonterminal, was not found in name map.)
(Residue 798: TYR, Nonterminal, was not found in name map.)
(Residue 799: PRO, Nonterminal, was not found in name map.)
(Residue 800: ILE, Nonterminal, was not found in name map.)
(Residue 801: PRO, Nonterminal, was not found in name map.)
(Residue 802: SER, Nonterminal, was not found in name map.)
(Residue 803: GLY, Nonterminal, was not found in name map.)
(Residue 804: MET, Nonterminal, was not found in name map.)
(Residue 805: PHE, Nonterminal, was not found in name map.)
(Residue 806: ILE, Nonterminal, was not found in name map.)
(Residue 807: GLU, Nonterminal, was not found in name map.)
(Residue 808: ASP, Nonterminal, was not found in name map.)
(Residue 809: ALA, Nonterminal, was not found in name map.)
(Residue 810: ASN, Nonterminal, was not found in name map.)
(Residue 811: THR, Nonterminal, was not found in name map.)
(Residue 812: ARG, Nonterminal, was not found in name map.)
(Residue 813: LEU, Nonterminal, was not found in name map.)
(Residue 814: THR, Nonterminal, was not found in name map.)
(Residue 815: LEU, Nonterminal, was not found in name map.)
(Residue 816: LEU, Nonterminal, was not found in name map.)
(Residue 817: THR, Nonterminal, was not found in name map.)
(Residue 818: GLY, Nonterminal, was not found in name map.)
(Residue 819: GLN, Nonterminal, was not found in name map.)
(Residue 820: PRO, Nonterminal, was not found in name map.)
(Residue 821: LEU, Nonterminal, was not found in name map.)
(Residue 822: GLY, Nonterminal, was not found in name map.)
(Residue 823: GLY, Nonterminal, was not found in name map.)
(Residue 824: SER, Nonterminal, was not found in name map.)
(Residue 825: SER, Nonterminal, was not found in name map.)
(Residue 826: LEU, Nonterminal, was not found in name map.)
(Residue 827: ALA, Nonterminal, was not found in name map.)
(Residue 828: SER, Nonterminal, was not found in name map.)
(Residue 829: GLY, Nonterminal, was not found in name map.)
(Residue 830: GLU, Nonterminal, was not found in name map.)
(Residue 831: LEU, Nonterminal, was not found in name map.)
(Residue 832: GLU, Nonterminal, was not found in name map.)
(Residue 833: ILE, Nonterminal, was not found in name map.)
(Residue 834: MET, Nonterminal, was not found in name map.)
(Residue 835: GLN, Nonterminal, was not found in name map.)
(Residue 836: ASP, Nonterminal, was not found in name map.)
(Residue 837: ARG, Nonterminal, was not found in name map.)
(Residue 838: ARG, Nonterminal, was not found in name map.)
(Residue 839: LEU, Nonterminal, was not found in name map.)
(Residue 840: ALA, Nonterminal, was not found in name map.)
(Residue 841: SER, Nonterminal, was not found in name map.)
(Residue 842: ASP, Nonterminal, was not found in name map.)
(Residue 843: ASP, Nonterminal, was not found in name map.)
(Residue 844: GLU, Nonterminal, was not found in name map.)
(Residue 845: ARG, Nonterminal, was not found in name map.)
(Residue 846: GLY, Nonterminal, was not found in name map.)
(Residue 847: LEU, Nonterminal, was not found in name map.)
(Residue 848: GLY, Nonterminal, was not found in name map.)
(Residue 849: GLN, Nonterminal, was not found in name map.)
(Residue 850: GLY, Nonterminal, was not found in name map.)
(Residue 851: VAL, Nonterminal, was not found in name map.)
(Residue 852: LEU, Nonterminal, was not found in name map.)
(Residue 853: ASP, Nonterminal, was not found in name map.)
(Residue 854: ASN, Nonterminal, was not found in name map.)
(Residue 855: LYS, Nonterminal, was not found in name map.)
(Residue 856: PRO, Nonterminal, was not found in name map.)
(Residue 857: VAL, Nonterminal, was not found in name map.)
(Residue 858: LEU, Nonterminal, was not found in name map.)
(Residue 859: HIS, Nonterminal, was not found in name map.)
(Residue 860: ILE, Nonterminal, was not found in name map.)
(Residue 861: TYR, Nonterminal, was not found in name map.)
(Residue 862: ARG, Nonterminal, was not found in name map.)
(Residue 863: LEU, Nonterminal, was not found in name map.)
(Residue 864: VAL, Nonterminal, was not found in name map.)
(Residue 865: LEU, Nonterminal, was not found in name map.)
(Residue 866: GLU, Nonterminal, was not found in name map.)
(Residue 867: LYS, Nonterminal, was not found in name map.)
(Residue 868: VAL, Nonterminal, was not found in name map.)
(Residue 869: ASN, Nonterminal, was not found in name map.)
(Residue 870: ASN, Nonterminal, was not found in name map.)
(Residue 871: CYS, Nonterminal, was not found in name map.)
(Residue 872: VAL, Nonterminal, was not found in name map.)
(Residue 873: ARG, Nonterminal, was not found in name map.)
(Residue 874: PRO, Nonterminal, was not found in name map.)
(Residue 875: SER, Nonterminal, was not found in name map.)
(Residue 876: LYS, Nonterminal, was not found in name map.)
(Residue 877: LEU, Nonterminal, was not found in name map.)
(Residue 878: HIS, Nonterminal, was not found in name map.)
(Residue 879: PRO, Nonterminal, was not found in name map.)
(Residue 880: ALA, Nonterminal, was not found in name map.)
(Residue 881: GLY, Nonterminal, was not found in name map.)
(Residue 882: TYR, Nonterminal, was not found in name map.)
(Residue 883: LEU, Nonterminal, was not found in name map.)
(Residue 884: THR, Nonterminal, was not found in name map.)
(Residue 885: SER, Nonterminal, was not found in name map.)
(Residue 886: ALA, Nonterminal, was not found in name map.)
(Residue 887: ALA, Nonterminal, was not found in name map.)
(Residue 888: HIS, Nonterminal, was not found in name map.)
(Residue 889: LYS, Nonterminal, was not found in name map.)
(Residue 890: ALA, Nonterminal, was not found in name map.)
(Residue 891: SER, Nonterminal, was not found in name map.)
(Residue 892: GLN, Nonterminal, was not found in name map.)
(Residue 893: SER, Nonterminal, was not found in name map.)
(Residue 894: LEU, Nonterminal, was not found in name map.)
(Residue 895: LEU, Nonterminal, was not found in name map.)
(Residue 896: ASP, Nonterminal, was not found in name map.)
(Residue 897: PRO, Nonterminal, was not found in name map.)
(Residue 898: LEU, Nonterminal, was not found in name map.)
(Residue 899: ASP, Nonterminal, was not found in name map.)
(Residue 900: LYS, Nonterminal, was not found in name map.)
(Residue 901: PHE, Nonterminal, was not found in name map.)
(Residue 902: ILE, Nonterminal, was not found in name map.)
(Residue 903: PHE, Nonterminal, was not found in name map.)
(Residue 904: ALA, Nonterminal, was not found in name map.)
(Residue 905: GLU, Nonterminal, was not found in name map.)
(Residue 906: ASN, Nonterminal, was not found in name map.)
(Residue 907: GLU, Nonterminal, was not found in name map.)
(Residue 908: TRP, Nonterminal, was not found in name map.)
(Residue 909: ILE, Nonterminal, was not found in name map.)
(Residue 910: GLY, Nonterminal, was not found in name map.)
(Residue 911: ALA, Nonterminal, was not found in name map.)
(Residue 912: GLN, Nonterminal, was not found in name map.)
(Residue 913: GLY, Nonterminal, was not found in name map.)
(Residue 914: GLN, Nonterminal, was not found in name map.)
(Residue 915: PHE, Nonterminal, was not found in name map.)
(Residue 916: GLY, Nonterminal, was not found in name map.)
(Residue 917: GLY, Nonterminal, was not found in name map.)
(Residue 918: ASP, Nonterminal, was not found in name map.)
(Residue 919: HIS, Nonterminal, was not found in name map.)
(Residue 920: PRO, Nonterminal, was not found in name map.)
(Residue 921: SER, Nonterminal, was not found in name map.)
(Residue 922: ALA, Nonterminal, was not found in name map.)
(Residue 923: ARG, Nonterminal, was not found in name map.)
(Residue 924: GLU, Nonterminal, was not found in name map.)
(Residue 925: ASP, Nonterminal, was not found in name map.)
(Residue 926: LEU, Nonterminal, was not found in name map.)
(Residue 927: ASP, Nonterminal, was not found in name map.)
(Residue 928: VAL, Nonterminal, was not found in name map.)
(Residue 929: SER, Nonterminal, was not found in name map.)
(Residue 930: VAL, Nonterminal, was not found in name map.)
(Residue 931: MET, Nonterminal, was not found in name map.)
(Residue 932: ARG, Nonterminal, was not found in name map.)
(Residue 933: ARG, Nonterminal, was not found in name map.)
(Residue 934: LEU, Nonterminal, was not found in name map.)
(Residue 935: THR, Nonterminal, was not found in name map.)
(Residue 936: LYS, Nonterminal, was not found in name map.)
(Residue 937: SER, Nonterminal, was not found in name map.)
(Residue 938: SER, Nonterminal, was not found in name map.)
(Residue 939: ALA, Nonterminal, was not found in name map.)
(Residue 940: LYS, Nonterminal, was not found in name map.)
(Residue 941: THR, Nonterminal, was not found in name map.)
(Residue 942: GLN, Nonterminal, was not found in name map.)
(Residue 943: ARG, Nonterminal, was not found in name map.)
(Residue 944: VAL, Nonterminal, was not found in name map.)
(Residue 945: GLY, Nonterminal, was not found in name map.)
(Residue 946: TYR, Nonterminal, was not found in name map.)
(Residue 947: VAL, Nonterminal, was not found in name map.)
(Residue 948: LEU, Nonterminal, was not found in name map.)
(Residue 949: HIS, Nonterminal, was not found in name map.)
(Residue 950: ARG, Nonterminal, was not found in name map.)
(Residue 951: THR, Nonterminal, was not found in name map.)
(Residue 952: ASN, Nonterminal, was not found in name map.)
(Residue 953: LEU, Nonterminal, was not found in name map.)
(Residue 954: MET, Nonterminal, was not found in name map.)
(Residue 955: GLN, Nonterminal, was not found in name map.)
(Residue 956: CYS, Nonterminal, was not found in name map.)
(Residue 957: GLY, Nonterminal, was not found in name map.)
(Residue 958: THR, Nonterminal, was not found in name map.)
(Residue 959: PRO, Nonterminal, was not found in name map.)
(Residue 960: GLU, Nonterminal, was not found in name map.)
(Residue 961: GLU, Nonterminal, was not found in name map.)
(Residue 962: HIS, Nonterminal, was not found in name map.)
(Residue 963: THR, Nonterminal, was not found in name map.)
(Residue 964: GLN, Nonterminal, was not found in name map.)
(Residue 965: LYS, Nonterminal, was not found in name map.)
(Residue 966: LEU, Nonterminal, was not found in name map.)
(Residue 967: ASP, Nonterminal, was not found in name map.)
(Residue 968: VAL, Nonterminal, was not found in name map.)
(Residue 969: CYS, Nonterminal, was not found in name map.)
(Residue 970: HIS, Nonterminal, was not found in name map.)
(Residue 971: LEU, Nonterminal, was not found in name map.)
(Residue 972: LEU, Nonterminal, was not found in name map.)
(Residue 973: PRO, Nonterminal, was not found in name map.)
(Residue 974: ASN, Nonterminal, was not found in name map.)
(Residue 975: VAL, Nonterminal, was not found in name map.)
(Residue 976: ALA, Nonterminal, was not found in name map.)
(Residue 977: ARG, Nonterminal, was not found in name map.)
(Residue 978: CYS, Nonterminal, was not found in name map.)
(Residue 979: GLU, Nonterminal, was not found in name map.)
(Residue 980: ARG, Nonterminal, was not found in name map.)
(Residue 981: THR, Nonterminal, was not found in name map.)
(Residue 982: THR, Nonterminal, was not found in name map.)
(Residue 983: LEU, Nonterminal, was not found in name map.)
(Residue 984: THR, Nonterminal, was not found in name map.)
(Residue 985: PHE, Nonterminal, was not found in name map.)
(Residue 986: LEU, Nonterminal, was not found in name map.)
(Residue 987: GLN, Nonterminal, was not found in name map.)
(Residue 988: ASN, Nonterminal, was not found in name map.)
(Residue 989: LEU, Nonterminal, was not found in name map.)
(Residue 990: GLU, Nonterminal, was not found in name map.)
(Residue 991: HIS, Nonterminal, was not found in name map.)
(Residue 992: LEU, Nonterminal, was not found in name map.)
(Residue 993: ASP, Nonterminal, was not found in name map.)
(Residue 994: GLY, Nonterminal, was not found in name map.)
(Residue 995: MET, Nonterminal, was not found in name map.)
(Residue 996: VAL, Nonterminal, was not found in name map.)
(Residue 997: ALA, Nonterminal, was not found in name map.)
(Residue 998: PRO, Nonterminal, was not found in name map.)
(Residue 999: GLU, Nonterminal, was not found in name map.)
(Residue 1000: VAL, Nonterminal, was not found in name map.)
(Residue 1001: CYS, Nonterminal, was not found in name map.)
(Residue 1002: PRO, Nonterminal, was not found in name map.)
(Residue 1003: MET, Nonterminal, was not found in name map.)
(Residue 1004: GLU, Nonterminal, was not found in name map.)
(Residue 1005: THR, Nonterminal, was not found in name map.)
(Residue 1006: ALA, Nonterminal, was not found in name map.)
(Residue 1007: ALA, Nonterminal, was not found in name map.)
(Residue 1008: TYR, Nonterminal, was not found in name map.)
(Residue 1009: VAL, Nonterminal, was not found in name map.)
(Residue 1010: SER, Nonterminal, was not found in name map.)
(Residue 1011: SER, Nonterminal, was not found in name map.)
(Residue 1012: HIS, Nonterminal, was not found in name map.)
Mapped residue SER, term: Terminal/last, seq. number: 1013 to: CSER.
Joining NCYS - GLN
Joining GLN - ASP
Joining ASP - VAL
Joining VAL - VAL
Joining VAL - GLN
Joining GLN - ASP
Joining ASP - VAL
Joining VAL - PRO
Joining PRO - ASN
Joining ASN - VAL
Joining VAL - ASP
Joining ASP - VAL
Joining VAL - GLN
Joining GLN - MET
Joining MET - LEU
Joining LEU - GLU
Joining GLU - LEU
Joining LEU - TYR
Joining TYR - ASP
Joining ASP - ARG
Joining ARG - MET
Joining MET - SER
Joining SER - PHE
Joining PHE - LYS
Joining LYS - ASP
Joining ASP - ILE
Joining ILE - ASP
Joining ASP - GLY
Joining GLY - GLY
Joining GLY - VAL
Joining VAL - TRP
Joining TRP - LYS
Joining LYS - GLN
Joining GLN - GLY
Joining GLY - TRP
Joining TRP - ASN
Joining ASN - ILE
Joining ILE - LYS
Joining LYS - TYR
Joining TYR - ASP
Joining ASP - PRO
Joining PRO - LEU
Joining LEU - LYS
Joining LYS - TYR
Joining TYR - ASN
Joining ASN - ALA
Joining ALA - HIE
Joining HIE - HIE
Joining HIE - LYS
Joining LYS - LEU
Joining LEU - LYS
Joining LYS - VAL
Joining VAL - PHE
Joining PHE - VAL
Joining VAL - VAL
Joining VAL - PRO
Joining PRO - HIE
Joining HIE - SER
Joining SER - HIE
Joining HIE - ASN
Joining ASN - ASP
Joining ASP - PRO
Joining PRO - GLY
Joining GLY - TRP
Joining TRP - ILE
Joining ILE - GLN
Joining GLN - THR
Joining THR - PHE
Joining PHE - GLU
Joining GLU - GLU
Joining GLU - TYR
Joining TYR - TYR
Joining TYR - GLN
Joining GLN - HIE
Joining HIE - ASP
Joining ASP - THR
Joining THR - LYS
Joining LYS - HIE
Joining HIE - ILE
Joining ILE - LEU
Joining LEU - SER
Joining SER - ASN
Joining ASN - ALA
Joining ALA - LEU
Joining LEU - ARG
Joining ARG - HIE
Joining HIE - LEU
Joining LEU - HIE
Joining HIE - ASP
Joining ASP - ASN
Joining ASN - PRO
Joining PRO - GLU
Joining GLU - MET
Joining MET - LYS
Joining LYS - PHE
Joining PHE - ILE
Joining ILE - TRP
Joining TRP - ALA
Joining ALA - GLU
Joining GLU - ILE
Joining ILE - SER
Joining SER - TYR
Joining TYR - PHE
Joining PHE - ALA
Joining ALA - ARG
Joining ARG - PHE
Joining PHE - TYR
Joining TYR - HIE
Joining HIE - ASP
Joining ASP - LEU
Joining LEU - GLY
Joining GLY - GLU
Joining GLU - ASN
Joining ASN - LYS
Joining LYS - LYS
Joining LYS - LEU
Joining LEU - GLN
Joining GLN - MET
Joining MET - LYS
Joining LYS - SER
Joining SER - ILE
Joining ILE - VAL
Joining VAL - LYS
Joining LYS - ASN
Joining ASN - GLY
Joining GLY - GLN
Joining GLN - LEU
Joining LEU - GLU
Joining GLU - PHE
Joining PHE - VAL
Joining VAL - THR
Joining THR - GLY
Joining GLY - GLY
Joining GLY - TRP
Joining TRP - VAL
Joining VAL - MET
Joining MET - PRO
Joining PRO - ASP
Joining ASP - GLU
Joining GLU - ALA
Joining ALA - ASN
Joining ASN - SER
Joining SER - HIE
Joining HIE - TRP
Joining TRP - ARG
Joining ARG - ASN
Joining ASN - VAL
Joining VAL - LEU
Joining LEU - LEU
Joining LEU - GLN
Joining GLN - LEU
Joining LEU - THR
Joining THR - GLU
Joining GLU - GLY
Joining GLY - GLN
Joining GLN - THR
Joining THR - TRP
Joining TRP - LEU
Joining LEU - LYS
Joining LYS - GLN
Joining GLN - PHE
Joining PHE - MET
Joining MET - ASN
Joining ASN - VAL
Joining VAL - THR
Joining THR - PRO
Joining PRO - THR
Joining THR - ALA
Joining ALA - SER
Joining SER - TRP
Joining TRP - ALA
Joining ALA - ILE
Joining ILE - ASP
Joining ASP - PRO
Joining PRO - PHE
Joining PHE - GLY
Joining GLY - HIE
Joining HIE - SER
Joining SER - PRO
Joining PRO - THR
Joining THR - MET
Joining MET - PRO
Joining PRO - TYR
Joining TYR - ILE
Joining ILE - LEU
Joining LEU - GLN
Joining GLN - LYS
Joining LYS - SER
Joining SER - GLY
Joining GLY - PHE
Joining PHE - LYS
Joining LYS - ASN
Joining ASN - MET
Joining MET - LEU
Joining LEU - ILE
Joining ILE - GLN
Joining GLN - ARG
Joining ARG - THR
Joining THR - HIE
Joining HIE - TYR
Joining TYR - SER
Joining SER - VAL
Joining VAL - LYS
Joining LYS - LYS
Joining LYS - GLU
Joining GLU - LEU
Joining LEU - ALA
Joining ALA - GLN
Joining GLN - GLN
Joining GLN - ARG
Joining ARG - GLN
Joining GLN - LEU
Joining LEU - GLU
Joining GLU - PHE
Joining PHE - LEU
Joining LEU - TRP
Joining TRP - ARG
Joining ARG - GLN
Joining GLN - ILE
Joining ILE - TRP
Joining TRP - ASP
Joining ASP - ASN
Joining ASN - LYS
Joining LYS - GLY
Joining GLY - ASP
Joining ASP - THR
Joining THR - ALA
Joining ALA - LEU
Joining LEU - PHE
Joining PHE - THR
Joining THR - HIE
Joining HIE - MET
Joining MET - MET
Joining MET - PRO
Joining PRO - PHE
Joining PHE - TYR
Joining TYR - SER
Joining SER - TYR
Joining TYR - ASP
Joining ASP - ILE
Joining ILE - PRO
Joining PRO - HIE
Joining HIE - THR
Joining THR - CYS
Joining CYS - GLY
Joining GLY - PRO
Joining PRO - ASP
Joining ASP - PRO
Joining PRO - LYS
Joining LYS - VAL
Joining VAL - CYS
Joining CYS - CYS
Joining CYS - GLN
Joining GLN - PHE
Joining PHE - ASP
Joining ASP - PHE
Joining PHE - LYS
Joining LYS - ARG
Joining ARG - MET
Joining MET - GLY
Joining GLY - SER
Joining SER - PHE
Joining PHE - GLY
Joining GLY - LEU
Joining LEU - SER
Joining SER - CYS
Joining CYS - PRO
Joining PRO - TRP
Joining TRP - LYS
Joining LYS - VAL
Joining VAL - PRO
Joining PRO - PRO
Joining PRO - ARG
Joining ARG - THR
Joining THR - ILE
Joining ILE - SER
Joining SER - ASP
Joining ASP - GLN
Joining GLN - ASN
Joining ASN - VAL
Joining VAL - ALA
Joining ALA - ALA
Joining ALA - ARG
Joining ARG - SER
Joining SER - ASP
Joining ASP - LEU
Joining LEU - LEU
Joining LEU - VAL
Joining VAL - ASP
Joining ASP - GLN
Joining GLN - TRP
Joining TRP - LYS
Joining LYS - LYS
Joining LYS - LYS
Joining LYS - ALA
Joining ALA - GLU
Joining GLU - LEU
Joining LEU - TYR
Joining TYR - ARG
Joining ARG - THR
Joining THR - ASN
Joining ASN - VAL
Joining VAL - LEU
Joining LEU - LEU
Joining LEU - ILE
Joining ILE - PRO
Joining PRO - LEU
Joining LEU - GLY
Joining GLY - ASP
Joining ASP - ASP
Joining ASP - PHE
Joining PHE - ARG
Joining ARG - PHE
Joining PHE - LYS
Joining LYS - GLN
Joining GLN - ASN
Joining ASN - THR
Joining THR - GLU
Joining GLU - TRP
Joining TRP - ASP
Joining ASP - VAL
Joining VAL - GLN
Joining GLN - ARG
Joining ARG - VAL
Joining VAL - ASN
Joining ASN - TYR
Joining TYR - GLU
Joining GLU - ARG
Joining ARG - LEU
Joining LEU - PHE
Joining PHE - GLU
Joining GLU - HIE
Joining HIE - ILE
Joining ILE - ASN
Joining ASN - SER
Joining SER - GLN
Joining GLN - ALA
Joining ALA - HIE
Joining HIE - PHE
Joining PHE - ASN
Joining ASN - VAL
Joining VAL - GLN
Joining GLN - ALA
Joining ALA - GLN
Joining GLN - PHE
Joining PHE - GLY
Joining GLY - THR
Joining THR - LEU
Joining LEU - GLN
Joining GLN - GLU
Joining GLU - TYR
Joining TYR - PHE
Joining PHE - ASP
Joining ASP - ALA
Joining ALA - VAL
Joining VAL - HIE
Joining HIE - GLN
Joining GLN - ALA
Joining ALA - GLU
Joining GLU - ARG
Joining ARG - ALA
Joining ALA - GLY
Joining GLY - GLN
Joining GLN - ALA
Joining ALA - GLU
Joining GLU - PHE
Joining PHE - PRO
Joining PRO - THR
Joining THR - LEU
Joining LEU - SER
Joining SER - GLY
Joining GLY - ASP
Joining ASP - PHE
Joining PHE - PHE
Joining PHE - THR
Joining THR - TYR
Joining TYR - ALA
Joining ALA - ASP
Joining ASP - ARG
Joining ARG - SER
Joining SER - ASP
Joining ASP - ASN
Joining ASN - TYR
Joining TYR - TRP
Joining TRP - SER
Joining SER - GLY
Joining GLY - TYR
Joining TYR - TYR
Joining TYR - THR
Joining THR - SER
Joining SER - ARG
Joining ARG - PRO
Joining PRO - TYR
Joining TYR - HIE
Joining HIE - LYS
Joining LYS - ARG
Joining ARG - MET
Joining MET - ASP
Joining ASP - ARG
Joining ARG - VAL
Joining VAL - LEU
Joining LEU - MET
Joining MET - HIE
Joining HIE - TYR
Joining TYR - VAL
Joining VAL - ARG
Joining ARG - ALA
Joining ALA - ALA
Joining ALA - GLU
Joining GLU - MET
Joining MET - LEU
Joining LEU - SER
Joining SER - ALA
Joining ALA - TRP
Joining TRP - HIE
Joining HIE - SER
Joining SER - TRP
Joining TRP - ASP
Joining ASP - GLY
Joining GLY - MET
Joining MET - ALA
Joining ALA - ARG
Joining ARG - ILE
Joining ILE - GLU
Joining GLU - GLU
Joining GLU - ARG
Joining ARG - LEU
Joining LEU - GLU
Joining GLU - GLN
Joining GLN - ALA
Joining ALA - ARG
Joining ARG - ARG
Joining ARG - GLU
Joining GLU - LEU
Joining LEU - SER
Joining SER - LEU
Joining LEU - PHE
Joining PHE - GLN
Joining GLN - HIE
Joining HIE - HIE
Joining HIE - ASP
Joining ASP - GLY
Joining GLY - ILE
Joining ILE - THR
Joining THR - GLY
Joining GLY - THR
Joining THR - ALA
Joining ALA - LYS
Joining LYS - THR
Joining THR - HIE
Joining HIE - VAL
Joining VAL - VAL
Joining VAL - VAL
Joining VAL - ASP
Joining ASP - TYR
Joining TYR - GLU
Joining GLU - GLN
Joining GLN - ARG
Joining ARG - MET
Joining MET - GLN
Joining GLN - GLU
Joining GLU - ALA
Joining ALA - LEU
Joining LEU - LYS
Joining LYS - ALA
Joining ALA - CYS
Joining CYS - GLN
Joining GLN - MET
Joining MET - VAL
Joining VAL - MET
Joining MET - GLN
Joining GLN - GLN
Joining GLN - SER
Joining SER - VAL
Joining VAL - TYR
Joining TYR - ARG
Joining ARG - LEU
Joining LEU - LEU
Joining LEU - THR
Joining THR - LYS
Joining LYS - PRO
Joining PRO - SER
Joining SER - ILE
Joining ILE - TYR
Joining TYR - SER
Joining SER - PRO
Joining PRO - ASP
Joining ASP - PHE
Joining PHE - SER
Joining SER - PHE
Joining PHE - SER
Joining SER - TYR
Joining TYR - PHE
Joining PHE - THR
Joining THR - LEU
Joining LEU - ASP
Joining ASP - ASP
Joining ASP - SER
Joining SER - ARG
Joining ARG - TRP
Joining TRP - PRO
Joining PRO - GLY
Joining GLY - SER
Joining SER - GLY
Joining GLY - VAL
Joining VAL - GLU
Joining GLU - ASP
Joining ASP - SER
Joining SER - ARG
Joining ARG - THR
Joining THR - THR
Joining THR - ILE
Joining ILE - ILE
Joining ILE - LEU
Joining LEU - GLY
Joining GLY - GLU
Joining GLU - ASP
Joining ASP - ILE
Joining ILE - LEU
Joining LEU - PRO
Joining PRO - SER
Joining SER - LYS
Joining LYS - HIE
Joining HIE - VAL
Joining VAL - VAL
Joining VAL - MET
Joining MET - HIE
Joining HIE - ASN
Joining ASN - THR
Joining THR - LEU
Joining LEU - PRO
Joining PRO - HIE
Joining HIE - TRP
Joining TRP - ARG
Joining ARG - GLU
Joining GLU - GLN
Joining GLN - LEU
Joining LEU - VAL
Joining VAL - ASP
Joining ASP - PHE
Joining PHE - TYR
Joining TYR - VAL
Joining VAL - SER
Joining SER - SER
Joining SER - PRO
Joining PRO - PHE
Joining PHE - VAL
Joining VAL - SER
Joining SER - VAL
Joining VAL - THR
Joining THR - ASP
Joining ASP - LEU
Joining LEU - ALA
Joining ALA - ASN
Joining ASN - ASN
Joining ASN - PRO
Joining PRO - VAL
Joining VAL - GLU
Joining GLU - ALA
Joining ALA - GLN
Joining GLN - VAL
Joining VAL - SER
Joining SER - PRO
Joining PRO - VAL
Joining VAL - TRP
Joining TRP - SER
Joining SER - TRP
Joining TRP - HIE
Joining HIE - HIE
Joining HIE - ASP
Joining ASP - THR
Joining THR - LEU
Joining LEU - THR
Joining THR - LYS
Joining LYS - THR
Joining THR - ILE
Joining ILE - HIE
Joining HIE - PRO
Joining PRO - GLN
Joining GLN - GLY
Joining GLY - SER
Joining SER - THR
Joining THR - THR
Joining THR - LYS
Joining LYS - TYR
Joining TYR - ARG
Joining ARG - ILE
Joining ILE - ILE
Joining ILE - PHE
Joining PHE - LYS
Joining LYS - ALA
Joining ALA - ARG
Joining ARG - VAL
Joining VAL - PRO
Joining PRO - PRO
Joining PRO - MET
Joining MET - GLY
Joining GLY - LEU
Joining LEU - ALA
Joining ALA - THR
Joining THR - TYR
Joining TYR - VAL
Joining VAL - LEU
Joining LEU - THR
Joining THR - ILE
Joining ILE - SER
Joining SER - ASP
Joining ASP - SER
Joining SER - LYS
Joining LYS - PRO
Joining PRO - GLU
Joining GLU - HIE
Joining HIE - THR
Joining THR - SER
Joining SER - TYR
Joining TYR - ALA
Joining ALA - SER
Joining SER - ASN
Joining ASN - LEU
Joining LEU - LEU
Joining LEU - LEU
Joining LEU - ARG
Joining ARG - LYS
Joining LYS - ASN
Joining ASN - PRO
Joining PRO - THR
Joining THR - SER
Joining SER - LEU
Joining LEU - PRO
Joining PRO - LEU
Joining LEU - GLY
Joining GLY - GLN
Joining GLN - TYR
Joining TYR - PRO
Joining PRO - GLU
Joining GLU - ASP
Joining ASP - VAL
Joining VAL - LYS
Joining LYS - PHE
Joining PHE - GLY
Joining GLY - ASP
Joining ASP - PRO
Joining PRO - ARG
Joining ARG - GLU
Joining GLU - ILE
Joining ILE - SER
Joining SER - LEU
Joining LEU - ARG
Joining ARG - VAL
Joining VAL - GLY
Joining GLY - ASN
Joining ASN - GLY
Joining GLY - PRO
Joining PRO - THR
Joining THR - LEU
Joining LEU - ALA
Joining ALA - PHE
Joining PHE - SER
Joining SER - GLU
Joining GLU - GLN
Joining GLN - GLY
Joining GLY - LEU
Joining LEU - LEU
Joining LEU - LYS
Joining LYS - SER
Joining SER - ILE
Joining ILE - GLN
Joining GLN - LEU
Joining LEU - THR
Joining THR - GLN
Joining GLN - ASP
Joining ASP - SER
Joining SER - PRO
Joining PRO - HIE
Joining HIE - VAL
Joining VAL - PRO
Joining PRO - VAL
Joining VAL - HIE
Joining HIE - PHE
Joining PHE - LYS
Joining LYS - PHE
Joining PHE - LEU
Joining LEU - LYS
Joining LYS - TYR
Joining TYR - GLY
Joining GLY - VAL
Joining VAL - ARG
Joining ARG - SER
Joining SER - HIE
Joining HIE - GLY
Joining GLY - ASP
Joining ASP - ARG
Joining ARG - SER
Joining SER - GLY
Joining GLY - ALA
Joining ALA - TYR
Joining TYR - LEU
Joining LEU - PHE
Joining PHE - LEU
Joining LEU - PRO
Joining PRO - ASN
Joining ASN - GLY
Joining GLY - PRO
Joining PRO - ALA
Joining ALA - SER
Joining SER - PRO
Joining PRO - VAL
Joining VAL - GLU
Joining GLU - LEU
Joining LEU - GLY
Joining GLY - GLN
Joining GLN - PRO
Joining PRO - VAL
Joining VAL - VAL
Joining VAL - LEU
Joining LEU - VAL
Joining VAL - THR
Joining THR - LYS
Joining LYS - GLY
Joining GLY - LYS
Joining LYS - LEU
Joining LEU - GLU
Joining GLU - SER
Joining SER - SER
Joining SER - VAL
Joining VAL - SER
Joining SER - VAL
Joining VAL - GLY
Joining GLY - LEU
Joining LEU - PRO
Joining PRO - SER
Joining SER - VAL
Joining VAL - VAL
Joining VAL - HIE
Joining HIE - GLN
Joining GLN - THR
Joining THR - ILE
Joining ILE - MET
Joining MET - ARG
Joining ARG - GLY
Joining GLY - GLY
Joining GLY - ALA
Joining ALA - PRO
Joining PRO - GLU
Joining GLU - ILE
Joining ILE - ARG
Joining ARG - ASN
Joining ASN - LEU
Joining LEU - VAL
Joining VAL - ASP
Joining ASP - ILE
Joining ILE - GLY
Joining GLY - SER
Joining SER - LEU
Joining LEU - ASP
Joining ASP - ASN
Joining ASN - THR
Joining THR - GLU
Joining GLU - ILE
Joining ILE - VAL
Joining VAL - MET
Joining MET - ARG
Joining ARG - LEU
Joining LEU - GLU
Joining GLU - THR
Joining THR - HIE
Joining HIE - ILE
Joining ILE - ASP
Joining ASP - SER
Joining SER - GLY
Joining GLY - ASP
Joining ASP - ILE
Joining ILE - PHE
Joining PHE - TYR
Joining TYR - THR
Joining THR - ASP
Joining ASP - LEU
Joining LEU - ASN
Joining ASN - GLY
Joining GLY - LEU
Joining LEU - GLN
Joining GLN - PHE
Joining PHE - ILE
Joining ILE - LYS
Joining LYS - ARG
Joining ARG - ARG
Joining ARG - ARG
Joining ARG - LEU
Joining LEU - ASP
Joining ASP - LYS
Joining LYS - LEU
Joining LEU - PRO
Joining PRO - LEU
Joining LEU - GLN
Joining GLN - ALA
Joining ALA - ASN
Joining ASN - TYR
Joining TYR - TYR
Joining TYR - PRO
Joining PRO - ILE
Joining ILE - PRO
Joining PRO - SER
Joining SER - GLY
Joining GLY - MET
Joining MET - PHE
Joining PHE - ILE
Joining ILE - GLU
Joining GLU - ASP
Joining ASP - ALA
Joining ALA - ASN
Joining ASN - THR
Joining THR - ARG
Joining ARG - LEU
Joining LEU - THR
Joining THR - LEU
Joining LEU - LEU
Joining LEU - THR
Joining THR - GLY
Joining GLY - GLN
Joining GLN - PRO
Joining PRO - LEU
Joining LEU - GLY
Joining GLY - GLY
Joining GLY - SER
Joining SER - SER
Joining SER - LEU
Joining LEU - ALA
Joining ALA - SER
Joining SER - GLY
Joining GLY - GLU
Joining GLU - LEU
Joining LEU - GLU
Joining GLU - ILE
Joining ILE - MET
Joining MET - GLN
Joining GLN - ASP
Joining ASP - ARG
Joining ARG - ARG
Joining ARG - LEU
Joining LEU - ALA
Joining ALA - SER
Joining SER - ASP
Joining ASP - ASP
Joining ASP - GLU
Joining GLU - ARG
Joining ARG - GLY
Joining GLY - LEU
Joining LEU - GLY
Joining GLY - GLN
Joining GLN - GLY
Joining GLY - VAL
Joining VAL - LEU
Joining LEU - ASP
Joining ASP - ASN
Joining ASN - LYS
Joining LYS - PRO
Joining PRO - VAL
Joining VAL - LEU
Joining LEU - HIE
Joining HIE - ILE
Joining ILE - TYR
Joining TYR - ARG
Joining ARG - LEU
Joining LEU - VAL
Joining VAL - LEU
Joining LEU - GLU
Joining GLU - LYS
Joining LYS - VAL
Joining VAL - ASN
Joining ASN - ASN
Joining ASN - CYS
Joining CYS - VAL
Joining VAL - ARG
Joining ARG - PRO
Joining PRO - SER
Joining SER - LYS
Joining LYS - LEU
Joining LEU - HIE
Joining HIE - PRO
Joining PRO - ALA
Joining ALA - GLY
Joining GLY - TYR
Joining TYR - LEU
Joining LEU - THR
Joining THR - SER
Joining SER - ALA
Joining ALA - ALA
Joining ALA - HIE
Joining HIE - LYS
Joining LYS - ALA
Joining ALA - SER
Joining SER - GLN
Joining GLN - SER
Joining SER - LEU
Joining LEU - LEU
Joining LEU - ASP
Joining ASP - PRO
Joining PRO - LEU
Joining LEU - ASP
Joining ASP - LYS
Joining LYS - PHE
Joining PHE - ILE
Joining ILE - PHE
Joining PHE - ALA
Joining ALA - GLU
Joining GLU - ASN
Joining ASN - GLU
Joining GLU - TRP
Joining TRP - ILE
Joining ILE - GLY
Joining GLY - ALA
Joining ALA - GLN
Joining GLN - GLY
Joining GLY - GLN
Joining GLN - PHE
Joining PHE - GLY
Joining GLY - GLY
Joining GLY - ASP
Joining ASP - HIE
Joining HIE - PRO
Joining PRO - SER
Joining SER - ALA
Joining ALA - ARG
Joining ARG - GLU
Joining GLU - ASP
Joining ASP - LEU
Joining LEU - ASP
Joining ASP - VAL
Joining VAL - SER
Joining SER - VAL
Joining VAL - MET
Joining MET - ARG
Joining ARG - ARG
Joining ARG - LEU
Joining LEU - THR
Joining THR - LYS
Joining LYS - SER
Joining SER - SER
Joining SER - ALA
Joining ALA - LYS
Joining LYS - THR
Joining THR - GLN
Joining GLN - ARG
Joining ARG - VAL
Joining VAL - GLY
Joining GLY - TYR
Joining TYR - VAL
Joining VAL - LEU
Joining LEU - HIE
Joining HIE - ARG
Joining ARG - THR
Joining THR - ASN
Joining ASN - LEU
Joining LEU - MET
Joining MET - GLN
Joining GLN - CYS
Joining CYS - GLY
Joining GLY - THR
Joining THR - PRO
Joining PRO - GLU
Joining GLU - GLU
Joining GLU - HIE
Joining HIE - THR
Joining THR - GLN
Joining GLN - LYS
Joining LYS - LEU
Joining LEU - ASP
Joining ASP - VAL
Joining VAL - CYS
Joining CYS - HIE
Joining HIE - LEU
Joining LEU - LEU
Joining LEU - PRO
Joining PRO - ASN
Joining ASN - VAL
Joining VAL - ALA
Joining ALA - ARG
Joining ARG - CYS
Joining CYS - GLU
Joining GLU - ARG
Joining ARG - THR
Joining THR - THR
Joining THR - LEU
Joining LEU - THR
Joining THR - PHE
Joining PHE - LEU
Joining LEU - GLN
Joining GLN - ASN
Joining ASN - LEU
Joining LEU - GLU
Joining GLU - HIE
Joining HIE - LEU
Joining LEU - ASP
Joining ASP - GLY
Joining GLY - MET
Joining MET - VAL
Joining VAL - ALA
Joining ALA - PRO
Joining PRO - GLU
Joining GLU - VAL
Joining VAL - CYS
Joining CYS - PRO
Joining PRO - MET
Joining MET - GLU
Joining GLU - THR
Joining THR - ALA
Joining ALA - ALA
Joining ALA - TYR
Joining TYR - VAL
Joining VAL - SER
Joining SER - SER
Joining SER - HIE
Joining HIE - CSER
  Added missing heavy atom: .R<CSER 1044>.A<OXT 12>
  total atoms in file: 8181
  Leap added 7986 missing atoms according to residue templates:
       1 Heavy
       7985 H / lone pairs
> savepdb  protein  protein.pdb
Writing pdb file: protein.pdb
 Converting N-terminal residue name to PDB format: NCYS -> CYS
 Converting C-terminal residue name to PDB format: CSER -> SER
> ##saveamberparm dipepide diVAL.prmtop diVAL.inpcrd
> 
> quit
	Quit
