log started: Fri Nov 23 17:37:16 2018

Log file: ./leap.log
>> #
>> # ----- leaprc for loading the ff99SB (Hornak & Simmerling) force field
>> # -----  this file is updated for PDB format 3
>> #
>> #	load atom type hybridizations
>> #
>> addAtomTypes {
>> 	{ "H"   "H" "sp3" }
>> 	{ "HO"  "H" "sp3" }
>> 	{ "HS"  "H" "sp3" }
>> 	{ "H1"  "H" "sp3" }
>> 	{ "H2"  "H" "sp3" }
>> 	{ "H3"  "H" "sp3" }
>> 	{ "H4"  "H" "sp3" }
>> 	{ "H5"  "H" "sp3" }
>> 	{ "HW"  "H" "sp3" }
>> 	{ "HC"  "H" "sp3" }
>> 	{ "HA"  "H" "sp3" }
>> 	{ "HP"  "H" "sp3" }
>> 	{ "OH"  "O" "sp3" }
>> 	{ "OS"  "O" "sp3" }
>> 	{ "O"   "O" "sp2" }
>> 	{ "O2"  "O" "sp2" }
>> 	{ "OW"  "O" "sp3" }
>> 	{ "CT"  "C" "sp3" }
>> 	{ "CH"  "C" "sp3" }
>> 	{ "C2"  "C" "sp3" }
>> 	{ "C3"  "C" "sp3" }
>> 	{ "C"   "C" "sp2" }
>> 	{ "C*"  "C" "sp2" }
>> 	{ "CA"  "C" "sp2" }
>> 	{ "CB"  "C" "sp2" }
>> 	{ "CC"  "C" "sp2" }
>> 	{ "CN"  "C" "sp2" }
>> 	{ "CM"  "C" "sp2" }
>> 	{ "CK"  "C" "sp2" }
>> 	{ "CQ"  "C" "sp2" }
>> 	{ "CD"  "C" "sp2" }
>> 	{ "CE"  "C" "sp2" }
>> 	{ "CF"  "C" "sp2" }
>> 	{ "CP"  "C" "sp2" }
>> 	{ "CI"  "C" "sp2" }
>> 	{ "CJ"  "C" "sp2" }
>> 	{ "CW"  "C" "sp2" }
>> 	{ "CV"  "C" "sp2" }
>> 	{ "CR"  "C" "sp2" }
>> 	{ "CA"  "C" "sp2" }
>> 	{ "CY"  "C" "sp2" }
>> 	{ "C0"  "Ca" "sp2" }
>> 	{ "MG"  "Mg" "sp3" }
>> 	{ "N"   "N" "sp2" }
>> 	{ "NA"  "N" "sp2" }
>> 	{ "N2"  "N" "sp2" }
>> 	{ "N*"  "N" "sp2" }
>> 	{ "NP"  "N" "sp2" }
>> 	{ "NQ"  "N" "sp2" }
>> 	{ "NB"  "N" "sp2" }
>> 	{ "NC"  "N" "sp2" }
>> 	{ "NT"  "N" "sp3" }
>> 	{ "N3"  "N" "sp3" }
>> 	{ "S"   "S" "sp3" }
>> 	{ "SH"  "S" "sp3" }
>> 	{ "P"   "P" "sp3" }
>> 	{ "LP"  ""  "sp3" }
>> 	{ "F"   "F" "sp3" }
>> 	{ "CL"  "Cl" "sp3" }
>> 	{ "BR"  "Br" "sp3" }
>> 	{ "I"   "I"  "sp3" }
>> 	{ "FE"  "Fe" "sp3" }
>> 	{ "EP"  ""  "sp3" }
>> # glycam
>> 	{ "OG"  "O" "sp3" }
>> 	{ "OL"  "O" "sp3" }
>> 	{ "AC"  "C" "sp3" }
>> 	{ "EC"  "C" "sp3" }
>> }
>> #
>> #	Load the main parameter set.
>> #
>> parm99 = loadamberparams parm99.dat
Loading parameters: /share/home/zhanghaiping/program/amber16/dat/leap/parm/parm99.dat
Reading title:
PARM99 for DNA,RNA,AA, organic molecules, TIP3P wat. Polariz.& LP incl.02/04/99
(UNKNOWN ATOM TYPE: HZ)
(UNKNOWN ATOM TYPE: IM)
(UNKNOWN ATOM TYPE: Li)
(UNKNOWN ATOM TYPE: IP)
(UNKNOWN ATOM TYPE: K)
(UNKNOWN ATOM TYPE: Rb)
(UNKNOWN ATOM TYPE: Cs)
(UNKNOWN ATOM TYPE: Zn)
(UNKNOWN ATOM TYPE: IB)
(UNKNOWN ATOM TYPE: LP)
>> frcmod99SB = loadamberparams frcmod.ff99SB
Loading parameters: /share/home/zhanghaiping/program/amber16/dat/leap/parm/frcmod.ff99SB
Reading force field modification type file (frcmod)
Reading title:
Modification/update of parm99.dat (Hornak & Simmerling)
>> #
>> #	Load DNA/RNA libraries
>> #
>> loadOff all_nucleic94.lib
Loading library: /share/home/zhanghaiping/program/amber16/dat/leap/lib/all_nucleic94.lib
Loading: DA
Loading: DA3
Loading: DA5
Loading: DAN
Loading: DC
Loading: DC3
Loading: DC5
Loading: DCN
Loading: DG
Loading: DG3
Loading: DG5
Loading: DGN
Loading: DT
Loading: DT3
Loading: DT5
Loading: DTN
Loading: RA
Loading: RA3
Loading: RA5
Loading: RAN
Loading: RC
Loading: RC3
Loading: RC5
Loading: RCN
Loading: RG
Loading: RG3
Loading: RG5
Loading: RGN
Loading: RU
Loading: RU3
Loading: RU5
Loading: RUN
>> #
>> #	Load main chain and terminating 
>> #	amino acid libraries (i.e. ff94 libs)
>> #
>> loadOff all_amino94.lib
Loading library: /share/home/zhanghaiping/program/amber16/dat/leap/lib/all_amino94.lib
Loading: ALA
Loading: ARG
Loading: ASH
Loading: ASN
Loading: ASP
Loading: CYM
Loading: CYS
Loading: CYX
Loading: GLH
Loading: GLN
Loading: GLU
Loading: GLY
Loading: HID
Loading: HIE
Loading: HIP
Loading: ILE
Loading: LEU
Loading: LYN
Loading: LYS
Loading: MET
Loading: PHE
Loading: PRO
Loading: SER
Loading: THR
Loading: TRP
Loading: TYR
Loading: VAL
>> loadOff all_aminoct94.lib
Loading library: /share/home/zhanghaiping/program/amber16/dat/leap/lib/all_aminoct94.lib
Loading: CALA
Loading: CARG
Loading: CASN
Loading: CASP
Loading: CCYS
Loading: CCYX
Loading: CGLN
Loading: CGLU
Loading: CGLY
Loading: CHID
Loading: CHIE
Loading: CHIP
Loading: CILE
Loading: CLEU
Loading: CLYS
Loading: CMET
Loading: CPHE
Loading: CPRO
Loading: CSER
Loading: CTHR
Loading: CTRP
Loading: CTYR
Loading: CVAL
Loading: NHE
Loading: NME
>> loadOff all_aminont94.lib
Loading library: /share/home/zhanghaiping/program/amber16/dat/leap/lib/all_aminont94.lib
Loading: ACE
Loading: NALA
Loading: NARG
Loading: NASN
Loading: NASP
Loading: NCYS
Loading: NCYX
Loading: NGLN
Loading: NGLU
Loading: NGLY
Loading: NHID
Loading: NHIE
Loading: NHIP
Loading: NILE
Loading: NLEU
Loading: NLYS
Loading: NMET
Loading: NPHE
Loading: NPRO
Loading: NSER
Loading: NTHR
Loading: NTRP
Loading: NTYR
Loading: NVAL
>> #
>> #       Load water and ions
>> # 
>> loadOff ions94.lib
Loading library: /share/home/zhanghaiping/program/amber16/dat/leap/lib/ions94.lib
Loading: CIO
Loading: Cl-
Loading: Cs+
Loading: IB
Loading: K+
Loading: Li+
Loading: MG2
Loading: Na+
Loading: Rb+
>> loadOff solvents.lib
Loading library: /share/home/zhanghaiping/program/amber16/dat/leap/lib/solvents.lib
Loading: CHCL3BOX
Loading: DC4
Loading: FB3
Loading: FB3BOX
Loading: FB4
Loading: FB4BOX
Loading: MEOHBOX
Loading: NMABOX
Loading: OPC
Loading: OPCBOX
Loading: PL3
Loading: POL3BOX
Loading: QSPCFWBOX
Loading: SPC
Loading: SPCBOX
Loading: SPCFWBOX
Loading: SPF
Loading: SPG
Loading: T4E
Loading: TIP3PBOX
Loading: TIP3PFBOX
Loading: TIP4PBOX
Loading: TIP4PEWBOX
Loading: TIP5PBOX
Loading: TP3
Loading: TP4
Loading: TP5
Loading: TPF
>> HOH = TP3
>> WAT = TP3
>> 
>> #
>> #	Define the PDB name map for the amino acids and DNA.
>> #
>> addPdbResMap {
>>   { 0 "ALA" "NALA" } { 1 "ALA" "CALA" }
>>   { 0 "ARG" "NARG" } { 1 "ARG" "CARG" }
>>   { 0 "ASN" "NASN" } { 1 "ASN" "CASN" }
>>   { 0 "ASP" "NASP" } { 1 "ASP" "CASP" }
>>   { 0 "CYS" "NCYS" } { 1 "CYS" "CCYS" }
>>   { 0 "CYX" "NCYX" } { 1 "CYX" "CCYX" }
>>   { 0 "GLN" "NGLN" } { 1 "GLN" "CGLN" }
>>   { 0 "GLU" "NGLU" } { 1 "GLU" "CGLU" }
>>   { 0 "GLY" "NGLY" } { 1 "GLY" "CGLY" }
>>   { 0 "HID" "NHID" } { 1 "HID" "CHID" }
>>   { 0 "HIE" "NHIE" } { 1 "HIE" "CHIE" }
>>   { 0 "HIP" "NHIP" } { 1 "HIP" "CHIP" }
>>   { 0 "ILE" "NILE" } { 1 "ILE" "CILE" }
>>   { 0 "LEU" "NLEU" } { 1 "LEU" "CLEU" }
>>   { 0 "LYS" "NLYS" } { 1 "LYS" "CLYS" }
>>   { 0 "MET" "NMET" } { 1 "MET" "CMET" }
>>   { 0 "PHE" "NPHE" } { 1 "PHE" "CPHE" }
>>   { 0 "PRO" "NPRO" } { 1 "PRO" "CPRO" }
>>   { 0 "SER" "NSER" } { 1 "SER" "CSER" }
>>   { 0 "THR" "NTHR" } { 1 "THR" "CTHR" }
>>   { 0 "TRP" "NTRP" } { 1 "TRP" "CTRP" }
>>   { 0 "TYR" "NTYR" } { 1 "TYR" "CTYR" }
>>   { 0 "VAL" "NVAL" } { 1 "VAL" "CVAL" }
>>   { 0 "HIS" "NHIS" } { 1 "HIS" "CHIS" }
>>   { 0 "GUA" "DG5"  } { 1 "GUA" "DG3"  } { "GUA" "DG" }
>>   { 0 "ADE" "DA5"  } { 1 "ADE" "DA3"  } { "ADE" "DA" }
>>   { 0 "CYT" "DC5"  } { 1 "CYT" "DC3"  } { "CYT" "DC" }
>>   { 0 "THY" "DT5"  } { 1 "THY" "DT3"  } { "THY" "DT" }
>>   { 0 "G" "RG5"  } { 1 "G" "RG3"  } { "G" "RG" } { "GN" "RGN" }
>>   { 0 "A" "RA5"  } { 1 "A" "RA3"  } { "A" "RA" } { "AN" "RAN" }
>>   { 0 "C" "RC5"  } { 1 "C" "RC3"  } { "C" "RC" } { "CN" "RCN" }
>>   { 0 "U" "RU5"  } { 1 "U" "RU3"  } { "U" "RU" } { "UN" "RUN" }
>>   { 0 "DG" "DG5"  } { 1 "DG" "DG3"  }  
>>   { 0 "DA" "DA5"  } { 1 "DA" "DA3"  }  
>>   { 0 "DC" "DC5"  } { 1 "DC" "DC3"  }  
>>   { 0 "DT" "DT5"  } { 1 "DT" "DT3"  }
>> 
>> }
>> 
>> addPdbAtomMap {
>>   { "O5*" "O5'" }
>>   { "C5*" "C5'" }
>>   { "C4*" "C4'" }
>>   { "O4*" "O4'" }
>>   { "C3*" "C3'" }
>>   { "O3*" "O3'" }
>>   { "C2*" "C2'" }
>>   { "C1*" "C1'" }
>>   { "C5M" "C7"  }
>>   { "O2*" "O2'" }
>>   { "H1*" "H1'" }
>>   { "H2*1" "H2'1" }
>>   { "H2*2" "H2'2" }
>>   { "H2'"  "H2'1" }
>>   { "H2''" "H2'2" }
>>   { "H3*" "H3'" }
>>   { "H4*" "H4'" }
>>   { "H5*1" "H5'1" }
>>   { "H5*2" "H5'2" }
>>   { "H5'"  "H5'1" }
>>   { "H5''" "H5'2" }
>>   { "HO2'" "HO'2" }
>>   { "HO5'" "H5T" }
>>   { "HO3'" "H3T" }
>>   { "O1'" "O4'" }
>>   { "OA"  "O1P" }
>>   { "OB"  "O2P" }
>>   { "OP1" "O1P" }
>>   { "OP2" "O2P" }
>> }
>> 
>> 
>> #
>> # assumed that most often proteins use HIE
>> #
>> NHIS = NHIE
>> HIS = HIE
>> CHIS = CHIE
> 
> #source /home/zhp/tleap/leaprc.GLYCAM_06j-1
> set default PBRadii mbondi3
Using ArgH and AspGluO modified Bondi2 radii
> #3dipepide=sequence{ACE VAL NME}
> 
> 
> protein = loadpdb  1pmn_ww.pdb
Loading PDB file: ./1pmn_ww.pdb
Enter zPdbReadScan from call depth  0.
Exit  zPdbReadScan from call depth  0.
Matching PDB residue names to LEaP variables.
Mapped residue ASP, term: Terminal/beginning, seq. number: 0 to: NASP.
(Residue 1: ASN, Nonterminal, was not found in name map.)
(Residue 2: GLN, Nonterminal, was not found in name map.)
(Residue 3: PHE, Nonterminal, was not found in name map.)
(Residue 4: TYR, Nonterminal, was not found in name map.)
(Residue 5: SER, Nonterminal, was not found in name map.)
(Residue 6: VAL, Nonterminal, was not found in name map.)
(Residue 7: GLU, Nonterminal, was not found in name map.)
(Residue 8: VAL, Nonterminal, was not found in name map.)
(Residue 9: GLY, Nonterminal, was not found in name map.)
(Residue 10: ASP, Nonterminal, was not found in name map.)
(Residue 11: SER, Nonterminal, was not found in name map.)
(Residue 12: THR, Nonterminal, was not found in name map.)
(Residue 13: PHE, Nonterminal, was not found in name map.)
(Residue 14: THR, Nonterminal, was not found in name map.)
(Residue 15: VAL, Nonterminal, was not found in name map.)
(Residue 16: LEU, Nonterminal, was not found in name map.)
(Residue 17: LYS, Nonterminal, was not found in name map.)
(Residue 18: ARG, Nonterminal, was not found in name map.)
(Residue 19: TYR, Nonterminal, was not found in name map.)
(Residue 20: GLN, Nonterminal, was not found in name map.)
(Residue 21: ASN, Nonterminal, was not found in name map.)
(Residue 22: LEU, Nonterminal, was not found in name map.)
(Residue 23: LYS, Nonterminal, was not found in name map.)
(Residue 24: PRO, Nonterminal, was not found in name map.)
(Residue 25: ILE, Nonterminal, was not found in name map.)
(Residue 26: GLY, Nonterminal, was not found in name map.)
(Residue 27: SER, Nonterminal, was not found in name map.)
(Residue 28: GLY, Nonterminal, was not found in name map.)
(Residue 29: ALA, Nonterminal, was not found in name map.)
(Residue 30: GLN, Nonterminal, was not found in name map.)
(Residue 31: GLY, Nonterminal, was not found in name map.)
(Residue 32: ILE, Nonterminal, was not found in name map.)
(Residue 33: VAL, Nonterminal, was not found in name map.)
(Residue 34: CYS, Nonterminal, was not found in name map.)
(Residue 35: ALA, Nonterminal, was not found in name map.)
(Residue 36: ALA, Nonterminal, was not found in name map.)
(Residue 37: TYR, Nonterminal, was not found in name map.)
(Residue 38: ASP, Nonterminal, was not found in name map.)
(Residue 39: ALA, Nonterminal, was not found in name map.)
(Residue 40: VAL, Nonterminal, was not found in name map.)
(Residue 41: LEU, Nonterminal, was not found in name map.)
(Residue 42: ASP, Nonterminal, was not found in name map.)
(Residue 43: ARG, Nonterminal, was not found in name map.)
(Residue 44: ASN, Nonterminal, was not found in name map.)
(Residue 45: VAL, Nonterminal, was not found in name map.)
(Residue 46: ALA, Nonterminal, was not found in name map.)
(Residue 47: ILE, Nonterminal, was not found in name map.)
(Residue 48: LYS, Nonterminal, was not found in name map.)
(Residue 49: LYS, Nonterminal, was not found in name map.)
(Residue 50: LEU, Nonterminal, was not found in name map.)
(Residue 51: SER, Nonterminal, was not found in name map.)
(Residue 52: ARG, Nonterminal, was not found in name map.)
(Residue 53: PRO, Nonterminal, was not found in name map.)
(Residue 54: PHE, Nonterminal, was not found in name map.)
(Residue 55: GLN, Nonterminal, was not found in name map.)
(Residue 56: ASN, Nonterminal, was not found in name map.)
(Residue 57: GLN, Nonterminal, was not found in name map.)
(Residue 58: THR, Nonterminal, was not found in name map.)
(Residue 59: HIS, Nonterminal, was not found in name map.)
(Residue 60: ALA, Nonterminal, was not found in name map.)
(Residue 61: LYS, Nonterminal, was not found in name map.)
(Residue 62: ARG, Nonterminal, was not found in name map.)
(Residue 63: ALA, Nonterminal, was not found in name map.)
(Residue 64: TYR, Nonterminal, was not found in name map.)
(Residue 65: ARG, Nonterminal, was not found in name map.)
(Residue 66: GLU, Nonterminal, was not found in name map.)
(Residue 67: LEU, Nonterminal, was not found in name map.)
(Residue 68: VAL, Nonterminal, was not found in name map.)
(Residue 69: LEU, Nonterminal, was not found in name map.)
(Residue 70: MET, Nonterminal, was not found in name map.)
(Residue 71: LYS, Nonterminal, was not found in name map.)
(Residue 72: CYS, Nonterminal, was not found in name map.)
(Residue 73: VAL, Nonterminal, was not found in name map.)
(Residue 74: ASN, Nonterminal, was not found in name map.)
(Residue 75: HIS, Nonterminal, was not found in name map.)
(Residue 76: LYS, Nonterminal, was not found in name map.)
(Residue 77: ASN, Nonterminal, was not found in name map.)
(Residue 78: ILE, Nonterminal, was not found in name map.)
(Residue 79: ILE, Nonterminal, was not found in name map.)
(Residue 80: SER, Nonterminal, was not found in name map.)
(Residue 81: LEU, Nonterminal, was not found in name map.)
(Residue 82: LEU, Nonterminal, was not found in name map.)
(Residue 83: ASN, Nonterminal, was not found in name map.)
(Residue 84: VAL, Nonterminal, was not found in name map.)
(Residue 85: PHE, Nonterminal, was not found in name map.)
(Residue 86: THR, Nonterminal, was not found in name map.)
(Residue 87: PRO, Nonterminal, was not found in name map.)
(Residue 88: GLN, Nonterminal, was not found in name map.)
(Residue 89: LYS, Nonterminal, was not found in name map.)
(Residue 90: THR, Nonterminal, was not found in name map.)
(Residue 91: LEU, Nonterminal, was not found in name map.)
(Residue 92: GLU, Nonterminal, was not found in name map.)
(Residue 93: GLU, Nonterminal, was not found in name map.)
(Residue 94: PHE, Nonterminal, was not found in name map.)
(Residue 95: GLN, Nonterminal, was not found in name map.)
(Residue 96: ASP, Nonterminal, was not found in name map.)
(Residue 97: VAL, Nonterminal, was not found in name map.)
(Residue 98: TYR, Nonterminal, was not found in name map.)
(Residue 99: LEU, Nonterminal, was not found in name map.)
(Residue 100: VAL, Nonterminal, was not found in name map.)
(Residue 101: MET, Nonterminal, was not found in name map.)
(Residue 102: GLU, Nonterminal, was not found in name map.)
(Residue 103: LEU, Nonterminal, was not found in name map.)
(Residue 104: MET, Nonterminal, was not found in name map.)
(Residue 105: ASP, Nonterminal, was not found in name map.)
(Residue 106: ALA, Nonterminal, was not found in name map.)
(Residue 107: ASN, Nonterminal, was not found in name map.)
(Residue 108: LEU, Nonterminal, was not found in name map.)
(Residue 109: CYS, Nonterminal, was not found in name map.)
(Residue 110: GLN, Nonterminal, was not found in name map.)
(Residue 111: VAL, Nonterminal, was not found in name map.)
(Residue 112: ILE, Nonterminal, was not found in name map.)
(Residue 113: GLN, Nonterminal, was not found in name map.)
(Residue 114: MET, Nonterminal, was not found in name map.)
(Residue 115: GLU, Nonterminal, was not found in name map.)
(Residue 116: LEU, Nonterminal, was not found in name map.)
(Residue 117: ASP, Nonterminal, was not found in name map.)
(Residue 118: HIS, Nonterminal, was not found in name map.)
(Residue 119: GLU, Nonterminal, was not found in name map.)
(Residue 120: ARG, Nonterminal, was not found in name map.)
(Residue 121: MET, Nonterminal, was not found in name map.)
(Residue 122: SER, Nonterminal, was not found in name map.)
(Residue 123: TYR, Nonterminal, was not found in name map.)
(Residue 124: LEU, Nonterminal, was not found in name map.)
(Residue 125: LEU, Nonterminal, was not found in name map.)
(Residue 126: TYR, Nonterminal, was not found in name map.)
(Residue 127: GLN, Nonterminal, was not found in name map.)
(Residue 128: MET, Nonterminal, was not found in name map.)
(Residue 129: LEU, Nonterminal, was not found in name map.)
(Residue 130: CYS, Nonterminal, was not found in name map.)
(Residue 131: GLY, Nonterminal, was not found in name map.)
(Residue 132: ILE, Nonterminal, was not found in name map.)
(Residue 133: LYS, Nonterminal, was not found in name map.)
(Residue 134: HIS, Nonterminal, was not found in name map.)
(Residue 135: LEU, Nonterminal, was not found in name map.)
(Residue 136: HIS, Nonterminal, was not found in name map.)
(Residue 137: SER, Nonterminal, was not found in name map.)
(Residue 138: ALA, Nonterminal, was not found in name map.)
(Residue 139: GLY, Nonterminal, was not found in name map.)
(Residue 140: ILE, Nonterminal, was not found in name map.)
(Residue 141: ILE, Nonterminal, was not found in name map.)
(Residue 142: HIS, Nonterminal, was not found in name map.)
(Residue 143: ARG, Nonterminal, was not found in name map.)
(Residue 144: ASP, Nonterminal, was not found in name map.)
(Residue 145: LEU, Nonterminal, was not found in name map.)
(Residue 146: LYS, Nonterminal, was not found in name map.)
(Residue 147: PRO, Nonterminal, was not found in name map.)
(Residue 148: SER, Nonterminal, was not found in name map.)
(Residue 149: ASN, Nonterminal, was not found in name map.)
(Residue 150: ILE, Nonterminal, was not found in name map.)
(Residue 151: VAL, Nonterminal, was not found in name map.)
(Residue 152: VAL, Nonterminal, was not found in name map.)
(Residue 153: LYS, Nonterminal, was not found in name map.)
(Residue 154: SER, Nonterminal, was not found in name map.)
(Residue 155: ASP, Nonterminal, was not found in name map.)
(Residue 156: CYS, Nonterminal, was not found in name map.)
(Residue 157: THR, Nonterminal, was not found in name map.)
(Residue 158: LEU, Nonterminal, was not found in name map.)
(Residue 159: LYS, Nonterminal, was not found in name map.)
(Residue 160: ILE, Nonterminal, was not found in name map.)
(Residue 161: LEU, Nonterminal, was not found in name map.)
(Residue 162: ASP, Nonterminal, was not found in name map.)
(Residue 163: PHE, Nonterminal, was not found in name map.)
(Residue 164: GLY, Nonterminal, was not found in name map.)
(Residue 165: LEU, Nonterminal, was not found in name map.)
(Residue 166: ALA, Nonterminal, was not found in name map.)
(Residue 167: SER, Nonterminal, was not found in name map.)
(Residue 168: PHE, Nonterminal, was not found in name map.)
(Residue 169: MET, Nonterminal, was not found in name map.)
(Residue 170: MET, Nonterminal, was not found in name map.)
(Residue 171: THR, Nonterminal, was not found in name map.)
(Residue 172: PRO, Nonterminal, was not found in name map.)
(Residue 173: TYR, Nonterminal, was not found in name map.)
(Residue 174: VAL, Nonterminal, was not found in name map.)
(Residue 175: VAL, Nonterminal, was not found in name map.)
(Residue 176: THR, Nonterminal, was not found in name map.)
(Residue 177: ARG, Nonterminal, was not found in name map.)
(Residue 178: TYR, Nonterminal, was not found in name map.)
(Residue 179: TYR, Nonterminal, was not found in name map.)
(Residue 180: ARG, Nonterminal, was not found in name map.)
(Residue 181: ALA, Nonterminal, was not found in name map.)
(Residue 182: PRO, Nonterminal, was not found in name map.)
(Residue 183: GLU, Nonterminal, was not found in name map.)
(Residue 184: VAL, Nonterminal, was not found in name map.)
(Residue 185: ILE, Nonterminal, was not found in name map.)
(Residue 186: LEU, Nonterminal, was not found in name map.)
(Residue 187: GLY, Nonterminal, was not found in name map.)
(Residue 188: MET, Nonterminal, was not found in name map.)
(Residue 189: GLY, Nonterminal, was not found in name map.)
(Residue 190: TYR, Nonterminal, was not found in name map.)
(Residue 191: LYS, Nonterminal, was not found in name map.)
(Residue 192: GLU, Nonterminal, was not found in name map.)
(Residue 193: ASN, Nonterminal, was not found in name map.)
(Residue 194: VAL, Nonterminal, was not found in name map.)
(Residue 195: ASP, Nonterminal, was not found in name map.)
(Residue 196: ILE, Nonterminal, was not found in name map.)
(Residue 197: TRP, Nonterminal, was not found in name map.)
(Residue 198: SER, Nonterminal, was not found in name map.)
(Residue 199: VAL, Nonterminal, was not found in name map.)
(Residue 200: GLY, Nonterminal, was not found in name map.)
(Residue 201: CYS, Nonterminal, was not found in name map.)
(Residue 202: ILE, Nonterminal, was not found in name map.)
(Residue 203: MET, Nonterminal, was not found in name map.)
(Residue 204: GLY, Nonterminal, was not found in name map.)
(Residue 205: GLU, Nonterminal, was not found in name map.)
(Residue 206: MET, Nonterminal, was not found in name map.)
(Residue 207: VAL, Nonterminal, was not found in name map.)
(Residue 208: ARG, Nonterminal, was not found in name map.)
(Residue 209: HIS, Nonterminal, was not found in name map.)
(Residue 210: LYS, Nonterminal, was not found in name map.)
(Residue 211: ILE, Nonterminal, was not found in name map.)
(Residue 212: LEU, Nonterminal, was not found in name map.)
(Residue 213: PHE, Nonterminal, was not found in name map.)
(Residue 214: PRO, Nonterminal, was not found in name map.)
(Residue 215: GLY, Nonterminal, was not found in name map.)
(Residue 216: ARG, Nonterminal, was not found in name map.)
(Residue 217: ASP, Nonterminal, was not found in name map.)
(Residue 218: TYR, Nonterminal, was not found in name map.)
(Residue 219: ILE, Nonterminal, was not found in name map.)
(Residue 220: ASP, Nonterminal, was not found in name map.)
(Residue 221: GLN, Nonterminal, was not found in name map.)
(Residue 222: TRP, Nonterminal, was not found in name map.)
(Residue 223: ASN, Nonterminal, was not found in name map.)
(Residue 224: LYS, Nonterminal, was not found in name map.)
(Residue 225: VAL, Nonterminal, was not found in name map.)
(Residue 226: ILE, Nonterminal, was not found in name map.)
(Residue 227: GLU, Nonterminal, was not found in name map.)
(Residue 228: GLN, Nonterminal, was not found in name map.)
(Residue 229: LEU, Nonterminal, was not found in name map.)
(Residue 230: GLY, Nonterminal, was not found in name map.)
(Residue 231: THR, Nonterminal, was not found in name map.)
(Residue 232: PRO, Nonterminal, was not found in name map.)
(Residue 233: CYS, Nonterminal, was not found in name map.)
(Residue 234: PRO, Nonterminal, was not found in name map.)
(Residue 235: GLU, Nonterminal, was not found in name map.)
(Residue 236: PHE, Nonterminal, was not found in name map.)
(Residue 237: MET, Nonterminal, was not found in name map.)
(Residue 238: LYS, Nonterminal, was not found in name map.)
(Residue 239: LYS, Nonterminal, was not found in name map.)
(Residue 240: LEU, Nonterminal, was not found in name map.)
(Residue 241: GLN, Nonterminal, was not found in name map.)
(Residue 242: PRO, Nonterminal, was not found in name map.)
(Residue 243: THR, Nonterminal, was not found in name map.)
(Residue 244: VAL, Nonterminal, was not found in name map.)
(Residue 245: ARG, Nonterminal, was not found in name map.)
(Residue 246: ASN, Nonterminal, was not found in name map.)
(Residue 247: TYR, Nonterminal, was not found in name map.)
(Residue 248: VAL, Nonterminal, was not found in name map.)
(Residue 249: GLU, Nonterminal, was not found in name map.)
(Residue 250: ASN, Nonterminal, was not found in name map.)
(Residue 251: ARG, Nonterminal, was not found in name map.)
(Residue 252: PRO, Nonterminal, was not found in name map.)
(Residue 253: LYS, Nonterminal, was not found in name map.)
(Residue 254: TYR, Nonterminal, was not found in name map.)
(Residue 255: ALA, Nonterminal, was not found in name map.)
(Residue 256: GLY, Nonterminal, was not found in name map.)
(Residue 257: LEU, Nonterminal, was not found in name map.)
(Residue 258: THR, Nonterminal, was not found in name map.)
(Residue 259: PHE, Nonterminal, was not found in name map.)
(Residue 260: PRO, Nonterminal, was not found in name map.)
(Residue 261: LYS, Nonterminal, was not found in name map.)
(Residue 262: LEU, Nonterminal, was not found in name map.)
(Residue 263: PHE, Nonterminal, was not found in name map.)
(Residue 264: PRO, Nonterminal, was not found in name map.)
(Residue 265: ASP, Nonterminal, was not found in name map.)
(Residue 266: SER, Nonterminal, was not found in name map.)
(Residue 267: LEU, Nonterminal, was not found in name map.)
(Residue 268: PHE, Nonterminal, was not found in name map.)
(Residue 269: PRO, Nonterminal, was not found in name map.)
(Residue 270: ALA, Nonterminal, was not found in name map.)
(Residue 271: ASP, Nonterminal, was not found in name map.)
(Residue 272: SER, Nonterminal, was not found in name map.)
(Residue 273: GLU, Nonterminal, was not found in name map.)
(Residue 274: HIS, Nonterminal, was not found in name map.)
(Residue 275: ASN, Nonterminal, was not found in name map.)
(Residue 276: LYS, Nonterminal, was not found in name map.)
(Residue 277: LEU, Nonterminal, was not found in name map.)
(Residue 278: LYS, Nonterminal, was not found in name map.)
(Residue 279: ALA, Nonterminal, was not found in name map.)
(Residue 280: SER, Nonterminal, was not found in name map.)
(Residue 281: GLN, Nonterminal, was not found in name map.)
(Residue 282: ALA, Nonterminal, was not found in name map.)
(Residue 283: ARG, Nonterminal, was not found in name map.)
(Residue 284: ASP, Nonterminal, was not found in name map.)
(Residue 285: LEU, Nonterminal, was not found in name map.)
(Residue 286: LEU, Nonterminal, was not found in name map.)
(Residue 287: SER, Nonterminal, was not found in name map.)
(Residue 288: LYS, Nonterminal, was not found in name map.)
(Residue 289: MET, Nonterminal, was not found in name map.)
(Residue 290: LEU, Nonterminal, was not found in name map.)
(Residue 291: VAL, Nonterminal, was not found in name map.)
(Residue 292: ILE, Nonterminal, was not found in name map.)
(Residue 293: ASP, Nonterminal, was not found in name map.)
(Residue 294: PRO, Nonterminal, was not found in name map.)
(Residue 295: ALA, Nonterminal, was not found in name map.)
(Residue 296: LYS, Nonterminal, was not found in name map.)
(Residue 297: ARG, Nonterminal, was not found in name map.)
(Residue 298: ILE, Nonterminal, was not found in name map.)
(Residue 299: SER, Nonterminal, was not found in name map.)
(Residue 300: VAL, Nonterminal, was not found in name map.)
(Residue 301: ASP, Nonterminal, was not found in name map.)
(Residue 302: ASP, Nonterminal, was not found in name map.)
(Residue 303: ALA, Nonterminal, was not found in name map.)
(Residue 304: LEU, Nonterminal, was not found in name map.)
(Residue 305: GLN, Nonterminal, was not found in name map.)
(Residue 306: HIS, Nonterminal, was not found in name map.)
(Residue 307: PRO, Nonterminal, was not found in name map.)
(Residue 308: TYR, Nonterminal, was not found in name map.)
(Residue 309: ILE, Nonterminal, was not found in name map.)
(Residue 310: ASN, Nonterminal, was not found in name map.)
(Residue 311: VAL, Nonterminal, was not found in name map.)
(Residue 312: TRP, Nonterminal, was not found in name map.)
(Residue 313: TYR, Nonterminal, was not found in name map.)
(Residue 314: ASP, Nonterminal, was not found in name map.)
(Residue 315: PRO, Nonterminal, was not found in name map.)
(Residue 316: ALA, Nonterminal, was not found in name map.)
(Residue 317: GLU, Nonterminal, was not found in name map.)
(Residue 318: VAL, Nonterminal, was not found in name map.)
(Residue 319: GLU, Nonterminal, was not found in name map.)
(Residue 320: ALA, Nonterminal, was not found in name map.)
(Residue 321: PRO, Nonterminal, was not found in name map.)
(Residue 322: GLN, Nonterminal, was not found in name map.)
(Residue 323: LEU, Nonterminal, was not found in name map.)
(Residue 324: ASP, Nonterminal, was not found in name map.)
(Residue 325: GLU, Nonterminal, was not found in name map.)
(Residue 326: ARG, Nonterminal, was not found in name map.)
(Residue 327: GLU, Nonterminal, was not found in name map.)
(Residue 328: HIS, Nonterminal, was not found in name map.)
(Residue 329: THR, Nonterminal, was not found in name map.)
(Residue 330: ILE, Nonterminal, was not found in name map.)
(Residue 331: GLU, Nonterminal, was not found in name map.)
(Residue 332: GLU, Nonterminal, was not found in name map.)
(Residue 333: TRP, Nonterminal, was not found in name map.)
(Residue 334: LYS, Nonterminal, was not found in name map.)
(Residue 335: GLU, Nonterminal, was not found in name map.)
(Residue 336: LEU, Nonterminal, was not found in name map.)
(Residue 337: ILE, Nonterminal, was not found in name map.)
(Residue 338: TYR, Nonterminal, was not found in name map.)
(Residue 339: LYS, Nonterminal, was not found in name map.)
(Residue 340: GLU, Nonterminal, was not found in name map.)
(Residue 341: VAL, Nonterminal, was not found in name map.)
(Residue 342: MET, Nonterminal, was not found in name map.)
Mapped residue ASN, term: Terminal/last, seq. number: 343 to: CASN.
Joining NASP - ASN
Joining ASN - GLN
Joining GLN - PHE
Joining PHE - TYR
Joining TYR - SER
Joining SER - VAL
Joining VAL - GLU
Joining GLU - VAL
Joining VAL - GLY
Joining GLY - ASP
Joining ASP - SER
Joining SER - THR
Joining THR - PHE
Joining PHE - THR
Joining THR - VAL
Joining VAL - LEU
Joining LEU - LYS
Joining LYS - ARG
Joining ARG - TYR
Joining TYR - GLN
Joining GLN - ASN
Joining ASN - LEU
Joining LEU - LYS
Joining LYS - PRO
Joining PRO - ILE
Joining ILE - GLY
Joining GLY - SER
Joining SER - GLY
Joining GLY - ALA
Joining ALA - GLN
Joining GLN - GLY
Joining GLY - ILE
Joining ILE - VAL
Joining VAL - CYS
Joining CYS - ALA
Joining ALA - ALA
Joining ALA - TYR
Joining TYR - ASP
Joining ASP - ALA
Joining ALA - VAL
Joining VAL - LEU
Joining LEU - ASP
Joining ASP - ARG
Joining ARG - ASN
Joining ASN - VAL
Joining VAL - ALA
Joining ALA - ILE
Joining ILE - LYS
Joining LYS - LYS
Joining LYS - LEU
Joining LEU - SER
Joining SER - ARG
Joining ARG - PRO
Joining PRO - PHE
Joining PHE - GLN
Joining GLN - ASN
Joining ASN - GLN
Joining GLN - THR
Joining THR - HIE
Joining HIE - ALA
Joining ALA - LYS
Joining LYS - ARG
Joining ARG - ALA
Joining ALA - TYR
Joining TYR - ARG
Joining ARG - GLU
Joining GLU - LEU
Joining LEU - VAL
Joining VAL - LEU
Joining LEU - MET
Joining MET - LYS
Joining LYS - CYS
Joining CYS - VAL
Joining VAL - ASN
Joining ASN - HIE
Joining HIE - LYS
Joining LYS - ASN
Joining ASN - ILE
Joining ILE - ILE
Joining ILE - SER
Joining SER - LEU
Joining LEU - LEU
Joining LEU - ASN
Joining ASN - VAL
Joining VAL - PHE
Joining PHE - THR
Joining THR - PRO
Joining PRO - GLN
Joining GLN - LYS
Joining LYS - THR
Joining THR - LEU
Joining LEU - GLU
Joining GLU - GLU
Joining GLU - PHE
Joining PHE - GLN
Joining GLN - ASP
Joining ASP - VAL
Joining VAL - TYR
Joining TYR - LEU
Joining LEU - VAL
Joining VAL - MET
Joining MET - GLU
Joining GLU - LEU
Joining LEU - MET
Joining MET - ASP
Joining ASP - ALA
Joining ALA - ASN
Joining ASN - LEU
Joining LEU - CYS
Joining CYS - GLN
Joining GLN - VAL
Joining VAL - ILE
Joining ILE - GLN
Joining GLN - MET
Joining MET - GLU
Joining GLU - LEU
Joining LEU - ASP
Joining ASP - HIE
Joining HIE - GLU
Joining GLU - ARG
Joining ARG - MET
Joining MET - SER
Joining SER - TYR
Joining TYR - LEU
Joining LEU - LEU
Joining LEU - TYR
Joining TYR - GLN
Joining GLN - MET
Joining MET - LEU
Joining LEU - CYS
Joining CYS - GLY
Joining GLY - ILE
Joining ILE - LYS
Joining LYS - HIE
Joining HIE - LEU
Joining LEU - HIE
Joining HIE - SER
Joining SER - ALA
Joining ALA - GLY
Joining GLY - ILE
Joining ILE - ILE
Joining ILE - HIE
Joining HIE - ARG
Joining ARG - ASP
Joining ASP - LEU
Joining LEU - LYS
Joining LYS - PRO
Joining PRO - SER
Joining SER - ASN
Joining ASN - ILE
Joining ILE - VAL
Joining VAL - VAL
Joining VAL - LYS
Joining LYS - SER
Joining SER - ASP
Joining ASP - CYS
Joining CYS - THR
Joining THR - LEU
Joining LEU - LYS
Joining LYS - ILE
Joining ILE - LEU
Joining LEU - ASP
Joining ASP - PHE
Joining PHE - GLY
Joining GLY - LEU
Joining LEU - ALA
Joining ALA - SER
Joining SER - PHE
Joining PHE - MET
Joining MET - MET
Joining MET - THR
Joining THR - PRO
Joining PRO - TYR
Joining TYR - VAL
Joining VAL - VAL
Joining VAL - THR
Joining THR - ARG
Joining ARG - TYR
Joining TYR - TYR
Joining TYR - ARG
Joining ARG - ALA
Joining ALA - PRO
Joining PRO - GLU
Joining GLU - VAL
Joining VAL - ILE
Joining ILE - LEU
Joining LEU - GLY
Joining GLY - MET
Joining MET - GLY
Joining GLY - TYR
Joining TYR - LYS
Joining LYS - GLU
Joining GLU - ASN
Joining ASN - VAL
Joining VAL - ASP
Joining ASP - ILE
Joining ILE - TRP
Joining TRP - SER
Joining SER - VAL
Joining VAL - GLY
Joining GLY - CYS
Joining CYS - ILE
Joining ILE - MET
Joining MET - GLY
Joining GLY - GLU
Joining GLU - MET
Joining MET - VAL
Joining VAL - ARG
Joining ARG - HIE
Joining HIE - LYS
Joining LYS - ILE
Joining ILE - LEU
Joining LEU - PHE
Joining PHE - PRO
Joining PRO - GLY
Joining GLY - ARG
Joining ARG - ASP
Joining ASP - TYR
Joining TYR - ILE
Joining ILE - ASP
Joining ASP - GLN
Joining GLN - TRP
Joining TRP - ASN
Joining ASN - LYS
Joining LYS - VAL
Joining VAL - ILE
Joining ILE - GLU
Joining GLU - GLN
Joining GLN - LEU
Joining LEU - GLY
Joining GLY - THR
Joining THR - PRO
Joining PRO - CYS
Joining CYS - PRO
Joining PRO - GLU
  Added missing heavy atom: .R<GLU 280>.A<CG 8>
  Added missing heavy atom: .R<GLU 280>.A<CD 11>
  Added missing heavy atom: .R<GLU 280>.A<OE1 12>
  Added missing heavy atom: .R<GLU 280>.A<OE2 13>
Joining GLU - PHE
Joining PHE - MET
Joining MET - LYS
Joining LYS - LYS
Joining LYS - LEU
Joining LEU - GLN
Joining GLN - PRO
Joining PRO - THR
Joining THR - VAL
Joining VAL - ARG
Joining ARG - ASN
Joining ASN - TYR
Joining TYR - VAL
Joining VAL - GLU
Joining GLU - ASN
Joining ASN - ARG
Joining ARG - PRO
Joining PRO - LYS
Joining LYS - TYR
Joining TYR - ALA
Joining ALA - GLY
Joining GLY - LEU
Joining LEU - THR
Joining THR - PHE
Joining PHE - PRO
Joining PRO - LYS
Joining LYS - LEU
Joining LEU - PHE
Joining PHE - PRO
Joining PRO - ASP
Joining ASP - SER
Joining SER - LEU
Joining LEU - PHE
Joining PHE - PRO
Joining PRO - ALA
Joining ALA - ASP
Joining ASP - SER
Joining SER - GLU
Joining GLU - HIE
Joining HIE - ASN
Joining ASN - LYS
Joining LYS - LEU
Joining LEU - LYS
Joining LYS - ALA
Joining ALA - SER
Joining SER - GLN
Joining GLN - ALA
Joining ALA - ARG
Joining ARG - ASP
Joining ASP - LEU
Joining LEU - LEU
Joining LEU - SER
Joining SER - LYS
Joining LYS - MET
Joining MET - LEU
Joining LEU - VAL
Joining VAL - ILE
Joining ILE - ASP
Joining ASP - PRO
Joining PRO - ALA
Joining ALA - LYS
Joining LYS - ARG
Joining ARG - ILE
Joining ILE - SER
Joining SER - VAL
Joining VAL - ASP
Joining ASP - ASP
Joining ASP - ALA
Joining ALA - LEU
Joining LEU - GLN
Joining GLN - HIE
Joining HIE - PRO
Joining PRO - TYR
Joining TYR - ILE
Joining ILE - ASN
Joining ASN - VAL
Joining VAL - TRP
Joining TRP - TYR
Joining TYR - ASP
Joining ASP - PRO
Joining PRO - ALA
Joining ALA - GLU
Joining GLU - VAL
Joining VAL - GLU
Joining GLU - ALA
Joining ALA - PRO
  Added missing heavy atom: .R<PRO 366>.A<CG 5>
  Added missing heavy atom: .R<PRO 366>.A<CD 2>
Joining PRO - GLN
  Added missing heavy atom: .R<GLN 367>.A<CG 8>
  Added missing heavy atom: .R<GLN 367>.A<CD 11>
  Added missing heavy atom: .R<GLN 367>.A<OE1 12>
  Added missing heavy atom: .R<GLN 367>.A<NE2 13>
Joining GLN - LEU
Joining LEU - ASP
Joining ASP - GLU
  Added missing heavy atom: .R<GLU 370>.A<CG 8>
  Added missing heavy atom: .R<GLU 370>.A<CD 11>
  Added missing heavy atom: .R<GLU 370>.A<OE1 12>
  Added missing heavy atom: .R<GLU 370>.A<OE2 13>
Joining GLU - ARG
  Added missing heavy atom: .R<ARG 371>.A<CG 8>
  Added missing heavy atom: .R<ARG 371>.A<CD 11>
  Added missing heavy atom: .R<ARG 371>.A<NE 14>
  Added missing heavy atom: .R<ARG 371>.A<CZ 16>
  Added missing heavy atom: .R<ARG 371>.A<NH1 17>
  Added missing heavy atom: .R<ARG 371>.A<NH2 20>
Joining ARG - GLU
Joining GLU - HIE
Joining HIE - THR
Joining THR - ILE
Joining ILE - GLU
Joining GLU - GLU
Joining GLU - TRP
Joining TRP - LYS
Joining LYS - GLU
Joining GLU - LEU
Joining LEU - ILE
Joining ILE - TYR
Joining TYR - LYS
Joining LYS - GLU
Joining GLU - VAL
Joining VAL - MET
Joining MET - CASN
  Added missing heavy atom: .R<CASN 388>.A<OXT 15>
  total atoms in file: 2774
  Leap added 2834 missing atoms according to residue templates:
       21 Heavy
       2813 H / lone pairs
> savepdb  protein  protein.pdb
Writing pdb file: protein.pdb
 Converting N-terminal residue name to PDB format: NASP -> ASP
 Converting C-terminal residue name to PDB format: CASN -> ASN
> ##saveamberparm dipepide diVAL.prmtop diVAL.inpcrd
> 
> quit
	Quit
