log started: Fri Nov 23 17:30:58 2018

Log file: ./leap.log
>> #
>> # ----- leaprc for loading the ff99SB (Hornak & Simmerling) force field
>> # -----  this file is updated for PDB format 3
>> #
>> #	load atom type hybridizations
>> #
>> addAtomTypes {
>> 	{ "H"   "H" "sp3" }
>> 	{ "HO"  "H" "sp3" }
>> 	{ "HS"  "H" "sp3" }
>> 	{ "H1"  "H" "sp3" }
>> 	{ "H2"  "H" "sp3" }
>> 	{ "H3"  "H" "sp3" }
>> 	{ "H4"  "H" "sp3" }
>> 	{ "H5"  "H" "sp3" }
>> 	{ "HW"  "H" "sp3" }
>> 	{ "HC"  "H" "sp3" }
>> 	{ "HA"  "H" "sp3" }
>> 	{ "HP"  "H" "sp3" }
>> 	{ "OH"  "O" "sp3" }
>> 	{ "OS"  "O" "sp3" }
>> 	{ "O"   "O" "sp2" }
>> 	{ "O2"  "O" "sp2" }
>> 	{ "OW"  "O" "sp3" }
>> 	{ "CT"  "C" "sp3" }
>> 	{ "CH"  "C" "sp3" }
>> 	{ "C2"  "C" "sp3" }
>> 	{ "C3"  "C" "sp3" }
>> 	{ "C"   "C" "sp2" }
>> 	{ "C*"  "C" "sp2" }
>> 	{ "CA"  "C" "sp2" }
>> 	{ "CB"  "C" "sp2" }
>> 	{ "CC"  "C" "sp2" }
>> 	{ "CN"  "C" "sp2" }
>> 	{ "CM"  "C" "sp2" }
>> 	{ "CK"  "C" "sp2" }
>> 	{ "CQ"  "C" "sp2" }
>> 	{ "CD"  "C" "sp2" }
>> 	{ "CE"  "C" "sp2" }
>> 	{ "CF"  "C" "sp2" }
>> 	{ "CP"  "C" "sp2" }
>> 	{ "CI"  "C" "sp2" }
>> 	{ "CJ"  "C" "sp2" }
>> 	{ "CW"  "C" "sp2" }
>> 	{ "CV"  "C" "sp2" }
>> 	{ "CR"  "C" "sp2" }
>> 	{ "CA"  "C" "sp2" }
>> 	{ "CY"  "C" "sp2" }
>> 	{ "C0"  "Ca" "sp2" }
>> 	{ "MG"  "Mg" "sp3" }
>> 	{ "N"   "N" "sp2" }
>> 	{ "NA"  "N" "sp2" }
>> 	{ "N2"  "N" "sp2" }
>> 	{ "N*"  "N" "sp2" }
>> 	{ "NP"  "N" "sp2" }
>> 	{ "NQ"  "N" "sp2" }
>> 	{ "NB"  "N" "sp2" }
>> 	{ "NC"  "N" "sp2" }
>> 	{ "NT"  "N" "sp3" }
>> 	{ "N3"  "N" "sp3" }
>> 	{ "S"   "S" "sp3" }
>> 	{ "SH"  "S" "sp3" }
>> 	{ "P"   "P" "sp3" }
>> 	{ "LP"  ""  "sp3" }
>> 	{ "F"   "F" "sp3" }
>> 	{ "CL"  "Cl" "sp3" }
>> 	{ "BR"  "Br" "sp3" }
>> 	{ "I"   "I"  "sp3" }
>> 	{ "FE"  "Fe" "sp3" }
>> 	{ "EP"  ""  "sp3" }
>> # glycam
>> 	{ "OG"  "O" "sp3" }
>> 	{ "OL"  "O" "sp3" }
>> 	{ "AC"  "C" "sp3" }
>> 	{ "EC"  "C" "sp3" }
>> }
>> #
>> #	Load the main parameter set.
>> #
>> parm99 = loadamberparams parm99.dat
Loading parameters: /share/home/zhanghaiping/program/amber16/dat/leap/parm/parm99.dat
Reading title:
PARM99 for DNA,RNA,AA, organic molecules, TIP3P wat. Polariz.& LP incl.02/04/99
(UNKNOWN ATOM TYPE: HZ)
(UNKNOWN ATOM TYPE: IM)
(UNKNOWN ATOM TYPE: Li)
(UNKNOWN ATOM TYPE: IP)
(UNKNOWN ATOM TYPE: K)
(UNKNOWN ATOM TYPE: Rb)
(UNKNOWN ATOM TYPE: Cs)
(UNKNOWN ATOM TYPE: Zn)
(UNKNOWN ATOM TYPE: IB)
(UNKNOWN ATOM TYPE: LP)
>> frcmod99SB = loadamberparams frcmod.ff99SB
Loading parameters: /share/home/zhanghaiping/program/amber16/dat/leap/parm/frcmod.ff99SB
Reading force field modification type file (frcmod)
Reading title:
Modification/update of parm99.dat (Hornak & Simmerling)
>> #
>> #	Load DNA/RNA libraries
>> #
>> loadOff all_nucleic94.lib
Loading library: /share/home/zhanghaiping/program/amber16/dat/leap/lib/all_nucleic94.lib
Loading: DA
Loading: DA3
Loading: DA5
Loading: DAN
Loading: DC
Loading: DC3
Loading: DC5
Loading: DCN
Loading: DG
Loading: DG3
Loading: DG5
Loading: DGN
Loading: DT
Loading: DT3
Loading: DT5
Loading: DTN
Loading: RA
Loading: RA3
Loading: RA5
Loading: RAN
Loading: RC
Loading: RC3
Loading: RC5
Loading: RCN
Loading: RG
Loading: RG3
Loading: RG5
Loading: RGN
Loading: RU
Loading: RU3
Loading: RU5
Loading: RUN
>> #
>> #	Load main chain and terminating 
>> #	amino acid libraries (i.e. ff94 libs)
>> #
>> loadOff all_amino94.lib
Loading library: /share/home/zhanghaiping/program/amber16/dat/leap/lib/all_amino94.lib
Loading: ALA
Loading: ARG
Loading: ASH
Loading: ASN
Loading: ASP
Loading: CYM
Loading: CYS
Loading: CYX
Loading: GLH
Loading: GLN
Loading: GLU
Loading: GLY
Loading: HID
Loading: HIE
Loading: HIP
Loading: ILE
Loading: LEU
Loading: LYN
Loading: LYS
Loading: MET
Loading: PHE
Loading: PRO
Loading: SER
Loading: THR
Loading: TRP
Loading: TYR
Loading: VAL
>> loadOff all_aminoct94.lib
Loading library: /share/home/zhanghaiping/program/amber16/dat/leap/lib/all_aminoct94.lib
Loading: CALA
Loading: CARG
Loading: CASN
Loading: CASP
Loading: CCYS
Loading: CCYX
Loading: CGLN
Loading: CGLU
Loading: CGLY
Loading: CHID
Loading: CHIE
Loading: CHIP
Loading: CILE
Loading: CLEU
Loading: CLYS
Loading: CMET
Loading: CPHE
Loading: CPRO
Loading: CSER
Loading: CTHR
Loading: CTRP
Loading: CTYR
Loading: CVAL
Loading: NHE
Loading: NME
>> loadOff all_aminont94.lib
Loading library: /share/home/zhanghaiping/program/amber16/dat/leap/lib/all_aminont94.lib
Loading: ACE
Loading: NALA
Loading: NARG
Loading: NASN
Loading: NASP
Loading: NCYS
Loading: NCYX
Loading: NGLN
Loading: NGLU
Loading: NGLY
Loading: NHID
Loading: NHIE
Loading: NHIP
Loading: NILE
Loading: NLEU
Loading: NLYS
Loading: NMET
Loading: NPHE
Loading: NPRO
Loading: NSER
Loading: NTHR
Loading: NTRP
Loading: NTYR
Loading: NVAL
>> #
>> #       Load water and ions
>> # 
>> loadOff ions94.lib
Loading library: /share/home/zhanghaiping/program/amber16/dat/leap/lib/ions94.lib
Loading: CIO
Loading: Cl-
Loading: Cs+
Loading: IB
Loading: K+
Loading: Li+
Loading: MG2
Loading: Na+
Loading: Rb+
>> loadOff solvents.lib
Loading library: /share/home/zhanghaiping/program/amber16/dat/leap/lib/solvents.lib
Loading: CHCL3BOX
Loading: DC4
Loading: FB3
Loading: FB3BOX
Loading: FB4
Loading: FB4BOX
Loading: MEOHBOX
Loading: NMABOX
Loading: OPC
Loading: OPCBOX
Loading: PL3
Loading: POL3BOX
Loading: QSPCFWBOX
Loading: SPC
Loading: SPCBOX
Loading: SPCFWBOX
Loading: SPF
Loading: SPG
Loading: T4E
Loading: TIP3PBOX
Loading: TIP3PFBOX
Loading: TIP4PBOX
Loading: TIP4PEWBOX
Loading: TIP5PBOX
Loading: TP3
Loading: TP4
Loading: TP5
Loading: TPF
>> HOH = TP3
>> WAT = TP3
>> 
>> #
>> #	Define the PDB name map for the amino acids and DNA.
>> #
>> addPdbResMap {
>>   { 0 "ALA" "NALA" } { 1 "ALA" "CALA" }
>>   { 0 "ARG" "NARG" } { 1 "ARG" "CARG" }
>>   { 0 "ASN" "NASN" } { 1 "ASN" "CASN" }
>>   { 0 "ASP" "NASP" } { 1 "ASP" "CASP" }
>>   { 0 "CYS" "NCYS" } { 1 "CYS" "CCYS" }
>>   { 0 "CYX" "NCYX" } { 1 "CYX" "CCYX" }
>>   { 0 "GLN" "NGLN" } { 1 "GLN" "CGLN" }
>>   { 0 "GLU" "NGLU" } { 1 "GLU" "CGLU" }
>>   { 0 "GLY" "NGLY" } { 1 "GLY" "CGLY" }
>>   { 0 "HID" "NHID" } { 1 "HID" "CHID" }
>>   { 0 "HIE" "NHIE" } { 1 "HIE" "CHIE" }
>>   { 0 "HIP" "NHIP" } { 1 "HIP" "CHIP" }
>>   { 0 "ILE" "NILE" } { 1 "ILE" "CILE" }
>>   { 0 "LEU" "NLEU" } { 1 "LEU" "CLEU" }
>>   { 0 "LYS" "NLYS" } { 1 "LYS" "CLYS" }
>>   { 0 "MET" "NMET" } { 1 "MET" "CMET" }
>>   { 0 "PHE" "NPHE" } { 1 "PHE" "CPHE" }
>>   { 0 "PRO" "NPRO" } { 1 "PRO" "CPRO" }
>>   { 0 "SER" "NSER" } { 1 "SER" "CSER" }
>>   { 0 "THR" "NTHR" } { 1 "THR" "CTHR" }
>>   { 0 "TRP" "NTRP" } { 1 "TRP" "CTRP" }
>>   { 0 "TYR" "NTYR" } { 1 "TYR" "CTYR" }
>>   { 0 "VAL" "NVAL" } { 1 "VAL" "CVAL" }
>>   { 0 "HIS" "NHIS" } { 1 "HIS" "CHIS" }
>>   { 0 "GUA" "DG5"  } { 1 "GUA" "DG3"  } { "GUA" "DG" }
>>   { 0 "ADE" "DA5"  } { 1 "ADE" "DA3"  } { "ADE" "DA" }
>>   { 0 "CYT" "DC5"  } { 1 "CYT" "DC3"  } { "CYT" "DC" }
>>   { 0 "THY" "DT5"  } { 1 "THY" "DT3"  } { "THY" "DT" }
>>   { 0 "G" "RG5"  } { 1 "G" "RG3"  } { "G" "RG" } { "GN" "RGN" }
>>   { 0 "A" "RA5"  } { 1 "A" "RA3"  } { "A" "RA" } { "AN" "RAN" }
>>   { 0 "C" "RC5"  } { 1 "C" "RC3"  } { "C" "RC" } { "CN" "RCN" }
>>   { 0 "U" "RU5"  } { 1 "U" "RU3"  } { "U" "RU" } { "UN" "RUN" }
>>   { 0 "DG" "DG5"  } { 1 "DG" "DG3"  }  
>>   { 0 "DA" "DA5"  } { 1 "DA" "DA3"  }  
>>   { 0 "DC" "DC5"  } { 1 "DC" "DC3"  }  
>>   { 0 "DT" "DT5"  } { 1 "DT" "DT3"  }
>> 
>> }
>> 
>> addPdbAtomMap {
>>   { "O5*" "O5'" }
>>   { "C5*" "C5'" }
>>   { "C4*" "C4'" }
>>   { "O4*" "O4'" }
>>   { "C3*" "C3'" }
>>   { "O3*" "O3'" }
>>   { "C2*" "C2'" }
>>   { "C1*" "C1'" }
>>   { "C5M" "C7"  }
>>   { "O2*" "O2'" }
>>   { "H1*" "H1'" }
>>   { "H2*1" "H2'1" }
>>   { "H2*2" "H2'2" }
>>   { "H2'"  "H2'1" }
>>   { "H2''" "H2'2" }
>>   { "H3*" "H3'" }
>>   { "H4*" "H4'" }
>>   { "H5*1" "H5'1" }
>>   { "H5*2" "H5'2" }
>>   { "H5'"  "H5'1" }
>>   { "H5''" "H5'2" }
>>   { "HO2'" "HO'2" }
>>   { "HO5'" "H5T" }
>>   { "HO3'" "H3T" }
>>   { "O1'" "O4'" }
>>   { "OA"  "O1P" }
>>   { "OB"  "O2P" }
>>   { "OP1" "O1P" }
>>   { "OP2" "O2P" }
>> }
>> 
>> 
>> #
>> # assumed that most often proteins use HIE
>> #
>> NHIS = NHIE
>> HIS = HIE
>> CHIS = CHIE
> 
> #source /home/zhp/tleap/leaprc.GLYCAM_06j-1
> set default PBRadii mbondi3
Using ArgH and AspGluO modified Bondi2 radii
> #3dipepide=sequence{ACE VAL NME}
> 
> 
> protein = loadpdb  1lrh_ww.pdb
Loading PDB file: ./1lrh_ww.pdb
Enter zPdbReadScan from call depth  0.
Exit  zPdbReadScan from call depth  0.
Matching PDB residue names to LEaP variables.
Mapped residue SER, term: Terminal/beginning, seq. number: 0 to: NSER.
(Residue 1: CYS, Nonterminal, was not found in name map.)
(Residue 2: VAL, Nonterminal, was not found in name map.)
(Residue 3: ARG, Nonterminal, was not found in name map.)
(Residue 4: ASP, Nonterminal, was not found in name map.)
(Residue 5: ASN, Nonterminal, was not found in name map.)
(Residue 6: SER, Nonterminal, was not found in name map.)
(Residue 7: LEU, Nonterminal, was not found in name map.)
(Residue 8: VAL, Nonterminal, was not found in name map.)
(Residue 9: ARG, Nonterminal, was not found in name map.)
(Residue 10: ASP, Nonterminal, was not found in name map.)
(Residue 11: ILE, Nonterminal, was not found in name map.)
(Residue 12: SER, Nonterminal, was not found in name map.)
(Residue 13: GLN, Nonterminal, was not found in name map.)
(Residue 14: MET, Nonterminal, was not found in name map.)
(Residue 15: PRO, Nonterminal, was not found in name map.)
(Residue 16: GLN, Nonterminal, was not found in name map.)
(Residue 17: SER, Nonterminal, was not found in name map.)
(Residue 18: SER, Nonterminal, was not found in name map.)
(Residue 19: TYR, Nonterminal, was not found in name map.)
(Residue 20: GLY, Nonterminal, was not found in name map.)
(Residue 21: ILE, Nonterminal, was not found in name map.)
(Residue 22: GLU, Nonterminal, was not found in name map.)
(Residue 23: GLY, Nonterminal, was not found in name map.)
(Residue 24: LEU, Nonterminal, was not found in name map.)
(Residue 25: SER, Nonterminal, was not found in name map.)
(Residue 26: HIS, Nonterminal, was not found in name map.)
(Residue 27: ILE, Nonterminal, was not found in name map.)
(Residue 28: THR, Nonterminal, was not found in name map.)
(Residue 29: VAL, Nonterminal, was not found in name map.)
(Residue 30: ALA, Nonterminal, was not found in name map.)
(Residue 31: GLY, Nonterminal, was not found in name map.)
(Residue 32: ALA, Nonterminal, was not found in name map.)
(Residue 33: LEU, Nonterminal, was not found in name map.)
(Residue 34: ASN, Nonterminal, was not found in name map.)
(Residue 35: HIS, Nonterminal, was not found in name map.)
(Residue 36: GLY, Nonterminal, was not found in name map.)
(Residue 37: MET, Nonterminal, was not found in name map.)
(Residue 38: LYS, Nonterminal, was not found in name map.)
(Residue 39: GLU, Nonterminal, was not found in name map.)
(Residue 40: VAL, Nonterminal, was not found in name map.)
(Residue 41: GLU, Nonterminal, was not found in name map.)
(Residue 42: VAL, Nonterminal, was not found in name map.)
(Residue 43: TRP, Nonterminal, was not found in name map.)
(Residue 44: LEU, Nonterminal, was not found in name map.)
(Residue 45: GLN, Nonterminal, was not found in name map.)
(Residue 46: THR, Nonterminal, was not found in name map.)
(Residue 47: ILE, Nonterminal, was not found in name map.)
(Residue 48: SER, Nonterminal, was not found in name map.)
(Residue 49: PRO, Nonterminal, was not found in name map.)
(Residue 50: GLY, Nonterminal, was not found in name map.)
(Residue 51: GLN, Nonterminal, was not found in name map.)
(Residue 52: ARG, Nonterminal, was not found in name map.)
(Residue 53: THR, Nonterminal, was not found in name map.)
(Residue 54: PRO, Nonterminal, was not found in name map.)
(Residue 55: ILE, Nonterminal, was not found in name map.)
(Residue 56: HIS, Nonterminal, was not found in name map.)
(Residue 57: ARG, Nonterminal, was not found in name map.)
(Residue 58: HIS, Nonterminal, was not found in name map.)
(Residue 59: SER, Nonterminal, was not found in name map.)
(Residue 60: CYS, Nonterminal, was not found in name map.)
(Residue 61: GLU, Nonterminal, was not found in name map.)
(Residue 62: GLU, Nonterminal, was not found in name map.)
(Residue 63: VAL, Nonterminal, was not found in name map.)
(Residue 64: PHE, Nonterminal, was not found in name map.)
(Residue 65: THR, Nonterminal, was not found in name map.)
(Residue 66: VAL, Nonterminal, was not found in name map.)
(Residue 67: LEU, Nonterminal, was not found in name map.)
(Residue 68: LYS, Nonterminal, was not found in name map.)
(Residue 69: GLY, Nonterminal, was not found in name map.)
(Residue 70: LYS, Nonterminal, was not found in name map.)
(Residue 71: GLY, Nonterminal, was not found in name map.)
(Residue 72: THR, Nonterminal, was not found in name map.)
(Residue 73: LEU, Nonterminal, was not found in name map.)
(Residue 74: LEU, Nonterminal, was not found in name map.)
(Residue 75: MET, Nonterminal, was not found in name map.)
(Residue 76: GLY, Nonterminal, was not found in name map.)
(Residue 77: SER, Nonterminal, was not found in name map.)
(Residue 78: SER, Nonterminal, was not found in name map.)
(Residue 79: SER, Nonterminal, was not found in name map.)
(Residue 80: LEU, Nonterminal, was not found in name map.)
(Residue 81: LYS, Nonterminal, was not found in name map.)
(Residue 82: TYR, Nonterminal, was not found in name map.)
(Residue 83: PRO, Nonterminal, was not found in name map.)
(Residue 84: GLY, Nonterminal, was not found in name map.)
(Residue 85: GLN, Nonterminal, was not found in name map.)
(Residue 86: PRO, Nonterminal, was not found in name map.)
(Residue 87: GLN, Nonterminal, was not found in name map.)
(Residue 88: GLU, Nonterminal, was not found in name map.)
(Residue 89: ILE, Nonterminal, was not found in name map.)
(Residue 90: PRO, Nonterminal, was not found in name map.)
(Residue 91: PHE, Nonterminal, was not found in name map.)
(Residue 92: PHE, Nonterminal, was not found in name map.)
(Residue 93: GLN, Nonterminal, was not found in name map.)
(Residue 94: ASN, Nonterminal, was not found in name map.)
(Residue 95: THR, Nonterminal, was not found in name map.)
(Residue 96: THR, Nonterminal, was not found in name map.)
(Residue 97: PHE, Nonterminal, was not found in name map.)
(Residue 98: SER, Nonterminal, was not found in name map.)
(Residue 99: ILE, Nonterminal, was not found in name map.)
(Residue 100: PRO, Nonterminal, was not found in name map.)
(Residue 101: VAL, Nonterminal, was not found in name map.)
(Residue 102: ASN, Nonterminal, was not found in name map.)
(Residue 103: ASP, Nonterminal, was not found in name map.)
(Residue 104: PRO, Nonterminal, was not found in name map.)
(Residue 105: HIS, Nonterminal, was not found in name map.)
(Residue 106: GLN, Nonterminal, was not found in name map.)
(Residue 107: VAL, Nonterminal, was not found in name map.)
(Residue 108: TRP, Nonterminal, was not found in name map.)
(Residue 109: ASN, Nonterminal, was not found in name map.)
(Residue 110: SER, Nonterminal, was not found in name map.)
(Residue 111: ASP, Nonterminal, was not found in name map.)
(Residue 112: GLU, Nonterminal, was not found in name map.)
(Residue 113: HIS, Nonterminal, was not found in name map.)
(Residue 114: GLU, Nonterminal, was not found in name map.)
(Residue 115: ASP, Nonterminal, was not found in name map.)
(Residue 116: LEU, Nonterminal, was not found in name map.)
(Residue 117: GLN, Nonterminal, was not found in name map.)
(Residue 118: VAL, Nonterminal, was not found in name map.)
(Residue 119: LEU, Nonterminal, was not found in name map.)
(Residue 120: VAL, Nonterminal, was not found in name map.)
(Residue 121: ILE, Nonterminal, was not found in name map.)
(Residue 122: ILE, Nonterminal, was not found in name map.)
(Residue 123: SER, Nonterminal, was not found in name map.)
(Residue 124: ARG, Nonterminal, was not found in name map.)
(Residue 125: PRO, Nonterminal, was not found in name map.)
(Residue 126: PRO, Nonterminal, was not found in name map.)
(Residue 127: ALA, Nonterminal, was not found in name map.)
(Residue 128: LYS, Nonterminal, was not found in name map.)
(Residue 129: ILE, Nonterminal, was not found in name map.)
(Residue 130: PHE, Nonterminal, was not found in name map.)
(Residue 131: LEU, Nonterminal, was not found in name map.)
(Residue 132: TYR, Nonterminal, was not found in name map.)
(Residue 133: ASP, Nonterminal, was not found in name map.)
(Residue 134: ASP, Nonterminal, was not found in name map.)
(Residue 135: TRP, Nonterminal, was not found in name map.)
(Residue 136: SER, Nonterminal, was not found in name map.)
(Residue 137: MET, Nonterminal, was not found in name map.)
(Residue 138: PRO, Nonterminal, was not found in name map.)
(Residue 139: HIS, Nonterminal, was not found in name map.)
(Residue 140: THR, Nonterminal, was not found in name map.)
(Residue 141: ALA, Nonterminal, was not found in name map.)
(Residue 142: ALA, Nonterminal, was not found in name map.)
(Residue 143: VAL, Nonterminal, was not found in name map.)
(Residue 144: LEU, Nonterminal, was not found in name map.)
(Residue 145: LYS, Nonterminal, was not found in name map.)
(Residue 146: PHE, Nonterminal, was not found in name map.)
(Residue 147: PRO, Nonterminal, was not found in name map.)
(Residue 148: PHE, Nonterminal, was not found in name map.)
(Residue 149: VAL, Nonterminal, was not found in name map.)
(Residue 150: TRP, Nonterminal, was not found in name map.)
(Residue 151: ASP, Nonterminal, was not found in name map.)
(Residue 152: GLU, Nonterminal, was not found in name map.)
(Residue 153: ASP, Nonterminal, was not found in name map.)
(Residue 154: CYS, Nonterminal, was not found in name map.)
(Residue 155: PHE, Nonterminal, was not found in name map.)
(Residue 156: GLU, Nonterminal, was not found in name map.)
(Residue 157: ALA, Nonterminal, was not found in name map.)
(Residue 158: ALA, Nonterminal, was not found in name map.)
Mapped residue LYS, term: Terminal/last, seq. number: 159 to: CLYS.
Mapped residue SER, term: Terminal/beginning, seq. number: 160 to: NSER.
(Residue 161: CYS, Nonterminal, was not found in name map.)
(Residue 162: VAL, Nonterminal, was not found in name map.)
(Residue 163: ARG, Nonterminal, was not found in name map.)
(Residue 164: ASP, Nonterminal, was not found in name map.)
(Residue 165: ASN, Nonterminal, was not found in name map.)
(Residue 166: SER, Nonterminal, was not found in name map.)
(Residue 167: LEU, Nonterminal, was not found in name map.)
(Residue 168: VAL, Nonterminal, was not found in name map.)
(Residue 169: ARG, Nonterminal, was not found in name map.)
(Residue 170: ASP, Nonterminal, was not found in name map.)
(Residue 171: ILE, Nonterminal, was not found in name map.)
(Residue 172: SER, Nonterminal, was not found in name map.)
(Residue 173: GLN, Nonterminal, was not found in name map.)
(Residue 174: MET, Nonterminal, was not found in name map.)
(Residue 175: PRO, Nonterminal, was not found in name map.)
(Residue 176: GLN, Nonterminal, was not found in name map.)
(Residue 177: SER, Nonterminal, was not found in name map.)
(Residue 178: SER, Nonterminal, was not found in name map.)
(Residue 179: TYR, Nonterminal, was not found in name map.)
(Residue 180: GLY, Nonterminal, was not found in name map.)
(Residue 181: ILE, Nonterminal, was not found in name map.)
(Residue 182: GLU, Nonterminal, was not found in name map.)
(Residue 183: GLY, Nonterminal, was not found in name map.)
(Residue 184: LEU, Nonterminal, was not found in name map.)
(Residue 185: SER, Nonterminal, was not found in name map.)
(Residue 186: HIS, Nonterminal, was not found in name map.)
(Residue 187: ILE, Nonterminal, was not found in name map.)
(Residue 188: THR, Nonterminal, was not found in name map.)
(Residue 189: VAL, Nonterminal, was not found in name map.)
(Residue 190: ALA, Nonterminal, was not found in name map.)
(Residue 191: GLY, Nonterminal, was not found in name map.)
(Residue 192: ALA, Nonterminal, was not found in name map.)
(Residue 193: LEU, Nonterminal, was not found in name map.)
(Residue 194: ASN, Nonterminal, was not found in name map.)
(Residue 195: HIS, Nonterminal, was not found in name map.)
(Residue 196: GLY, Nonterminal, was not found in name map.)
(Residue 197: MET, Nonterminal, was not found in name map.)
(Residue 198: LYS, Nonterminal, was not found in name map.)
(Residue 199: GLU, Nonterminal, was not found in name map.)
(Residue 200: VAL, Nonterminal, was not found in name map.)
(Residue 201: GLU, Nonterminal, was not found in name map.)
(Residue 202: VAL, Nonterminal, was not found in name map.)
(Residue 203: TRP, Nonterminal, was not found in name map.)
(Residue 204: LEU, Nonterminal, was not found in name map.)
(Residue 205: GLN, Nonterminal, was not found in name map.)
(Residue 206: THR, Nonterminal, was not found in name map.)
(Residue 207: ILE, Nonterminal, was not found in name map.)
(Residue 208: SER, Nonterminal, was not found in name map.)
(Residue 209: PRO, Nonterminal, was not found in name map.)
(Residue 210: GLY, Nonterminal, was not found in name map.)
(Residue 211: GLN, Nonterminal, was not found in name map.)
(Residue 212: ARG, Nonterminal, was not found in name map.)
(Residue 213: THR, Nonterminal, was not found in name map.)
(Residue 214: PRO, Nonterminal, was not found in name map.)
(Residue 215: ILE, Nonterminal, was not found in name map.)
(Residue 216: HIS, Nonterminal, was not found in name map.)
(Residue 217: ARG, Nonterminal, was not found in name map.)
(Residue 218: HIS, Nonterminal, was not found in name map.)
(Residue 219: SER, Nonterminal, was not found in name map.)
(Residue 220: CYS, Nonterminal, was not found in name map.)
(Residue 221: GLU, Nonterminal, was not found in name map.)
(Residue 222: GLU, Nonterminal, was not found in name map.)
(Residue 223: VAL, Nonterminal, was not found in name map.)
(Residue 224: PHE, Nonterminal, was not found in name map.)
(Residue 225: THR, Nonterminal, was not found in name map.)
(Residue 226: VAL, Nonterminal, was not found in name map.)
(Residue 227: LEU, Nonterminal, was not found in name map.)
(Residue 228: LYS, Nonterminal, was not found in name map.)
(Residue 229: GLY, Nonterminal, was not found in name map.)
(Residue 230: LYS, Nonterminal, was not found in name map.)
(Residue 231: GLY, Nonterminal, was not found in name map.)
(Residue 232: THR, Nonterminal, was not found in name map.)
(Residue 233: LEU, Nonterminal, was not found in name map.)
(Residue 234: LEU, Nonterminal, was not found in name map.)
(Residue 235: MET, Nonterminal, was not found in name map.)
(Residue 236: GLY, Nonterminal, was not found in name map.)
(Residue 237: SER, Nonterminal, was not found in name map.)
(Residue 238: SER, Nonterminal, was not found in name map.)
(Residue 239: SER, Nonterminal, was not found in name map.)
(Residue 240: LEU, Nonterminal, was not found in name map.)
(Residue 241: LYS, Nonterminal, was not found in name map.)
(Residue 242: TYR, Nonterminal, was not found in name map.)
(Residue 243: PRO, Nonterminal, was not found in name map.)
(Residue 244: GLY, Nonterminal, was not found in name map.)
(Residue 245: GLN, Nonterminal, was not found in name map.)
(Residue 246: PRO, Nonterminal, was not found in name map.)
(Residue 247: GLN, Nonterminal, was not found in name map.)
(Residue 248: GLU, Nonterminal, was not found in name map.)
(Residue 249: ILE, Nonterminal, was not found in name map.)
(Residue 250: PRO, Nonterminal, was not found in name map.)
(Residue 251: PHE, Nonterminal, was not found in name map.)
(Residue 252: PHE, Nonterminal, was not found in name map.)
(Residue 253: GLN, Nonterminal, was not found in name map.)
(Residue 254: ASN, Nonterminal, was not found in name map.)
(Residue 255: THR, Nonterminal, was not found in name map.)
(Residue 256: THR, Nonterminal, was not found in name map.)
(Residue 257: PHE, Nonterminal, was not found in name map.)
(Residue 258: SER, Nonterminal, was not found in name map.)
(Residue 259: ILE, Nonterminal, was not found in name map.)
(Residue 260: PRO, Nonterminal, was not found in name map.)
(Residue 261: VAL, Nonterminal, was not found in name map.)
(Residue 262: ASN, Nonterminal, was not found in name map.)
(Residue 263: ASP, Nonterminal, was not found in name map.)
(Residue 264: PRO, Nonterminal, was not found in name map.)
(Residue 265: HIS, Nonterminal, was not found in name map.)
(Residue 266: GLN, Nonterminal, was not found in name map.)
(Residue 267: VAL, Nonterminal, was not found in name map.)
(Residue 268: TRP, Nonterminal, was not found in name map.)
(Residue 269: ASN, Nonterminal, was not found in name map.)
(Residue 270: SER, Nonterminal, was not found in name map.)
(Residue 271: ASP, Nonterminal, was not found in name map.)
(Residue 272: GLU, Nonterminal, was not found in name map.)
(Residue 273: HIS, Nonterminal, was not found in name map.)
(Residue 274: GLU, Nonterminal, was not found in name map.)
(Residue 275: ASP, Nonterminal, was not found in name map.)
(Residue 276: LEU, Nonterminal, was not found in name map.)
(Residue 277: GLN, Nonterminal, was not found in name map.)
(Residue 278: VAL, Nonterminal, was not found in name map.)
(Residue 279: LEU, Nonterminal, was not found in name map.)
(Residue 280: VAL, Nonterminal, was not found in name map.)
(Residue 281: ILE, Nonterminal, was not found in name map.)
(Residue 282: ILE, Nonterminal, was not found in name map.)
(Residue 283: SER, Nonterminal, was not found in name map.)
(Residue 284: ARG, Nonterminal, was not found in name map.)
(Residue 285: PRO, Nonterminal, was not found in name map.)
(Residue 286: PRO, Nonterminal, was not found in name map.)
(Residue 287: ALA, Nonterminal, was not found in name map.)
(Residue 288: LYS, Nonterminal, was not found in name map.)
(Residue 289: ILE, Nonterminal, was not found in name map.)
(Residue 290: PHE, Nonterminal, was not found in name map.)
(Residue 291: LEU, Nonterminal, was not found in name map.)
(Residue 292: TYR, Nonterminal, was not found in name map.)
(Residue 293: ASP, Nonterminal, was not found in name map.)
(Residue 294: ASP, Nonterminal, was not found in name map.)
(Residue 295: TRP, Nonterminal, was not found in name map.)
(Residue 296: SER, Nonterminal, was not found in name map.)
(Residue 297: MET, Nonterminal, was not found in name map.)
(Residue 298: PRO, Nonterminal, was not found in name map.)
(Residue 299: HIS, Nonterminal, was not found in name map.)
(Residue 300: THR, Nonterminal, was not found in name map.)
(Residue 301: ALA, Nonterminal, was not found in name map.)
(Residue 302: ALA, Nonterminal, was not found in name map.)
(Residue 303: VAL, Nonterminal, was not found in name map.)
(Residue 304: LEU, Nonterminal, was not found in name map.)
(Residue 305: LYS, Nonterminal, was not found in name map.)
(Residue 306: PHE, Nonterminal, was not found in name map.)
(Residue 307: PRO, Nonterminal, was not found in name map.)
(Residue 308: PHE, Nonterminal, was not found in name map.)
(Residue 309: VAL, Nonterminal, was not found in name map.)
(Residue 310: TRP, Nonterminal, was not found in name map.)
(Residue 311: ASP, Nonterminal, was not found in name map.)
(Residue 312: GLU, Nonterminal, was not found in name map.)
(Residue 313: ASP, Nonterminal, was not found in name map.)
(Residue 314: CYS, Nonterminal, was not found in name map.)
(Residue 315: PHE, Nonterminal, was not found in name map.)
(Residue 316: GLU, Nonterminal, was not found in name map.)
(Residue 317: ALA, Nonterminal, was not found in name map.)
(Residue 318: ALA, Nonterminal, was not found in name map.)
Mapped residue LYS, term: Terminal/last, seq. number: 319 to: CLYS.
Mapped residue SER, term: Terminal/beginning, seq. number: 320 to: NSER.
(Residue 321: CYS, Nonterminal, was not found in name map.)
(Residue 322: VAL, Nonterminal, was not found in name map.)
(Residue 323: ARG, Nonterminal, was not found in name map.)
(Residue 324: ASP, Nonterminal, was not found in name map.)
(Residue 325: ASN, Nonterminal, was not found in name map.)
(Residue 326: SER, Nonterminal, was not found in name map.)
(Residue 327: LEU, Nonterminal, was not found in name map.)
(Residue 328: VAL, Nonterminal, was not found in name map.)
(Residue 329: ARG, Nonterminal, was not found in name map.)
(Residue 330: ASP, Nonterminal, was not found in name map.)
(Residue 331: ILE, Nonterminal, was not found in name map.)
(Residue 332: SER, Nonterminal, was not found in name map.)
(Residue 333: GLN, Nonterminal, was not found in name map.)
(Residue 334: MET, Nonterminal, was not found in name map.)
(Residue 335: PRO, Nonterminal, was not found in name map.)
(Residue 336: GLN, Nonterminal, was not found in name map.)
(Residue 337: SER, Nonterminal, was not found in name map.)
(Residue 338: SER, Nonterminal, was not found in name map.)
(Residue 339: TYR, Nonterminal, was not found in name map.)
(Residue 340: GLY, Nonterminal, was not found in name map.)
(Residue 341: ILE, Nonterminal, was not found in name map.)
(Residue 342: GLU, Nonterminal, was not found in name map.)
(Residue 343: GLY, Nonterminal, was not found in name map.)
(Residue 344: LEU, Nonterminal, was not found in name map.)
(Residue 345: SER, Nonterminal, was not found in name map.)
(Residue 346: HIS, Nonterminal, was not found in name map.)
(Residue 347: ILE, Nonterminal, was not found in name map.)
(Residue 348: THR, Nonterminal, was not found in name map.)
(Residue 349: VAL, Nonterminal, was not found in name map.)
(Residue 350: ALA, Nonterminal, was not found in name map.)
(Residue 351: GLY, Nonterminal, was not found in name map.)
(Residue 352: ALA, Nonterminal, was not found in name map.)
(Residue 353: LEU, Nonterminal, was not found in name map.)
(Residue 354: ASN, Nonterminal, was not found in name map.)
(Residue 355: HIS, Nonterminal, was not found in name map.)
(Residue 356: GLY, Nonterminal, was not found in name map.)
(Residue 357: MET, Nonterminal, was not found in name map.)
(Residue 358: LYS, Nonterminal, was not found in name map.)
(Residue 359: GLU, Nonterminal, was not found in name map.)
(Residue 360: VAL, Nonterminal, was not found in name map.)
(Residue 361: GLU, Nonterminal, was not found in name map.)
(Residue 362: VAL, Nonterminal, was not found in name map.)
(Residue 363: TRP, Nonterminal, was not found in name map.)
(Residue 364: LEU, Nonterminal, was not found in name map.)
(Residue 365: GLN, Nonterminal, was not found in name map.)
(Residue 366: THR, Nonterminal, was not found in name map.)
(Residue 367: ILE, Nonterminal, was not found in name map.)
(Residue 368: SER, Nonterminal, was not found in name map.)
(Residue 369: PRO, Nonterminal, was not found in name map.)
(Residue 370: GLY, Nonterminal, was not found in name map.)
(Residue 371: GLN, Nonterminal, was not found in name map.)
(Residue 372: ARG, Nonterminal, was not found in name map.)
(Residue 373: THR, Nonterminal, was not found in name map.)
(Residue 374: PRO, Nonterminal, was not found in name map.)
(Residue 375: ILE, Nonterminal, was not found in name map.)
(Residue 376: HIS, Nonterminal, was not found in name map.)
(Residue 377: ARG, Nonterminal, was not found in name map.)
(Residue 378: HIS, Nonterminal, was not found in name map.)
(Residue 379: SER, Nonterminal, was not found in name map.)
(Residue 380: CYS, Nonterminal, was not found in name map.)
(Residue 381: GLU, Nonterminal, was not found in name map.)
(Residue 382: GLU, Nonterminal, was not found in name map.)
(Residue 383: VAL, Nonterminal, was not found in name map.)
(Residue 384: PHE, Nonterminal, was not found in name map.)
(Residue 385: THR, Nonterminal, was not found in name map.)
(Residue 386: VAL, Nonterminal, was not found in name map.)
(Residue 387: LEU, Nonterminal, was not found in name map.)
(Residue 388: LYS, Nonterminal, was not found in name map.)
(Residue 389: GLY, Nonterminal, was not found in name map.)
(Residue 390: LYS, Nonterminal, was not found in name map.)
(Residue 391: GLY, Nonterminal, was not found in name map.)
(Residue 392: THR, Nonterminal, was not found in name map.)
(Residue 393: LEU, Nonterminal, was not found in name map.)
(Residue 394: LEU, Nonterminal, was not found in name map.)
(Residue 395: MET, Nonterminal, was not found in name map.)
(Residue 396: GLY, Nonterminal, was not found in name map.)
(Residue 397: SER, Nonterminal, was not found in name map.)
(Residue 398: SER, Nonterminal, was not found in name map.)
(Residue 399: SER, Nonterminal, was not found in name map.)
(Residue 400: LEU, Nonterminal, was not found in name map.)
(Residue 401: LYS, Nonterminal, was not found in name map.)
(Residue 402: TYR, Nonterminal, was not found in name map.)
(Residue 403: PRO, Nonterminal, was not found in name map.)
(Residue 404: GLY, Nonterminal, was not found in name map.)
(Residue 405: GLN, Nonterminal, was not found in name map.)
(Residue 406: PRO, Nonterminal, was not found in name map.)
(Residue 407: GLN, Nonterminal, was not found in name map.)
(Residue 408: GLU, Nonterminal, was not found in name map.)
(Residue 409: ILE, Nonterminal, was not found in name map.)
(Residue 410: PRO, Nonterminal, was not found in name map.)
(Residue 411: PHE, Nonterminal, was not found in name map.)
(Residue 412: PHE, Nonterminal, was not found in name map.)
(Residue 413: GLN, Nonterminal, was not found in name map.)
(Residue 414: ASN, Nonterminal, was not found in name map.)
(Residue 415: THR, Nonterminal, was not found in name map.)
(Residue 416: THR, Nonterminal, was not found in name map.)
(Residue 417: PHE, Nonterminal, was not found in name map.)
(Residue 418: SER, Nonterminal, was not found in name map.)
(Residue 419: ILE, Nonterminal, was not found in name map.)
(Residue 420: PRO, Nonterminal, was not found in name map.)
(Residue 421: VAL, Nonterminal, was not found in name map.)
(Residue 422: ASN, Nonterminal, was not found in name map.)
(Residue 423: ASP, Nonterminal, was not found in name map.)
(Residue 424: PRO, Nonterminal, was not found in name map.)
(Residue 425: HIS, Nonterminal, was not found in name map.)
(Residue 426: GLN, Nonterminal, was not found in name map.)
(Residue 427: VAL, Nonterminal, was not found in name map.)
(Residue 428: TRP, Nonterminal, was not found in name map.)
(Residue 429: ASN, Nonterminal, was not found in name map.)
(Residue 430: SER, Nonterminal, was not found in name map.)
(Residue 431: ASP, Nonterminal, was not found in name map.)
(Residue 432: GLU, Nonterminal, was not found in name map.)
(Residue 433: HIS, Nonterminal, was not found in name map.)
(Residue 434: GLU, Nonterminal, was not found in name map.)
(Residue 435: ASP, Nonterminal, was not found in name map.)
(Residue 436: LEU, Nonterminal, was not found in name map.)
(Residue 437: GLN, Nonterminal, was not found in name map.)
(Residue 438: VAL, Nonterminal, was not found in name map.)
(Residue 439: LEU, Nonterminal, was not found in name map.)
(Residue 440: VAL, Nonterminal, was not found in name map.)
(Residue 441: ILE, Nonterminal, was not found in name map.)
(Residue 442: ILE, Nonterminal, was not found in name map.)
(Residue 443: SER, Nonterminal, was not found in name map.)
(Residue 444: ARG, Nonterminal, was not found in name map.)
(Residue 445: PRO, Nonterminal, was not found in name map.)
(Residue 446: PRO, Nonterminal, was not found in name map.)
(Residue 447: ALA, Nonterminal, was not found in name map.)
(Residue 448: LYS, Nonterminal, was not found in name map.)
(Residue 449: ILE, Nonterminal, was not found in name map.)
(Residue 450: PHE, Nonterminal, was not found in name map.)
(Residue 451: LEU, Nonterminal, was not found in name map.)
(Residue 452: TYR, Nonterminal, was not found in name map.)
(Residue 453: ASP, Nonterminal, was not found in name map.)
(Residue 454: ASP, Nonterminal, was not found in name map.)
(Residue 455: TRP, Nonterminal, was not found in name map.)
(Residue 456: SER, Nonterminal, was not found in name map.)
(Residue 457: MET, Nonterminal, was not found in name map.)
(Residue 458: PRO, Nonterminal, was not found in name map.)
(Residue 459: HIS, Nonterminal, was not found in name map.)
(Residue 460: THR, Nonterminal, was not found in name map.)
(Residue 461: ALA, Nonterminal, was not found in name map.)
(Residue 462: ALA, Nonterminal, was not found in name map.)
(Residue 463: VAL, Nonterminal, was not found in name map.)
(Residue 464: LEU, Nonterminal, was not found in name map.)
(Residue 465: LYS, Nonterminal, was not found in name map.)
(Residue 466: PHE, Nonterminal, was not found in name map.)
(Residue 467: PRO, Nonterminal, was not found in name map.)
(Residue 468: PHE, Nonterminal, was not found in name map.)
(Residue 469: VAL, Nonterminal, was not found in name map.)
(Residue 470: TRP, Nonterminal, was not found in name map.)
(Residue 471: ASP, Nonterminal, was not found in name map.)
(Residue 472: GLU, Nonterminal, was not found in name map.)
(Residue 473: ASP, Nonterminal, was not found in name map.)
(Residue 474: CYS, Nonterminal, was not found in name map.)
(Residue 475: PHE, Nonterminal, was not found in name map.)
(Residue 476: GLU, Nonterminal, was not found in name map.)
(Residue 477: ALA, Nonterminal, was not found in name map.)
(Residue 478: ALA, Nonterminal, was not found in name map.)
Mapped residue LYS, term: Terminal/last, seq. number: 479 to: CLYS.
Mapped residue SER, term: Terminal/beginning, seq. number: 480 to: NSER.
(Residue 481: CYS, Nonterminal, was not found in name map.)
(Residue 482: VAL, Nonterminal, was not found in name map.)
(Residue 483: ARG, Nonterminal, was not found in name map.)
(Residue 484: ASP, Nonterminal, was not found in name map.)
(Residue 485: ASN, Nonterminal, was not found in name map.)
(Residue 486: SER, Nonterminal, was not found in name map.)
(Residue 487: LEU, Nonterminal, was not found in name map.)
(Residue 488: VAL, Nonterminal, was not found in name map.)
(Residue 489: ARG, Nonterminal, was not found in name map.)
(Residue 490: ASP, Nonterminal, was not found in name map.)
(Residue 491: ILE, Nonterminal, was not found in name map.)
(Residue 492: SER, Nonterminal, was not found in name map.)
(Residue 493: GLN, Nonterminal, was not found in name map.)
(Residue 494: MET, Nonterminal, was not found in name map.)
(Residue 495: PRO, Nonterminal, was not found in name map.)
(Residue 496: GLN, Nonterminal, was not found in name map.)
(Residue 497: SER, Nonterminal, was not found in name map.)
(Residue 498: SER, Nonterminal, was not found in name map.)
(Residue 499: TYR, Nonterminal, was not found in name map.)
(Residue 500: GLY, Nonterminal, was not found in name map.)
(Residue 501: ILE, Nonterminal, was not found in name map.)
(Residue 502: GLU, Nonterminal, was not found in name map.)
(Residue 503: GLY, Nonterminal, was not found in name map.)
(Residue 504: LEU, Nonterminal, was not found in name map.)
(Residue 505: SER, Nonterminal, was not found in name map.)
(Residue 506: HIS, Nonterminal, was not found in name map.)
(Residue 507: ILE, Nonterminal, was not found in name map.)
(Residue 508: THR, Nonterminal, was not found in name map.)
(Residue 509: VAL, Nonterminal, was not found in name map.)
(Residue 510: ALA, Nonterminal, was not found in name map.)
(Residue 511: GLY, Nonterminal, was not found in name map.)
(Residue 512: ALA, Nonterminal, was not found in name map.)
(Residue 513: LEU, Nonterminal, was not found in name map.)
(Residue 514: ASN, Nonterminal, was not found in name map.)
(Residue 515: HIS, Nonterminal, was not found in name map.)
(Residue 516: GLY, Nonterminal, was not found in name map.)
(Residue 517: MET, Nonterminal, was not found in name map.)
(Residue 518: LYS, Nonterminal, was not found in name map.)
(Residue 519: GLU, Nonterminal, was not found in name map.)
(Residue 520: VAL, Nonterminal, was not found in name map.)
(Residue 521: GLU, Nonterminal, was not found in name map.)
(Residue 522: VAL, Nonterminal, was not found in name map.)
(Residue 523: TRP, Nonterminal, was not found in name map.)
(Residue 524: LEU, Nonterminal, was not found in name map.)
(Residue 525: GLN, Nonterminal, was not found in name map.)
(Residue 526: THR, Nonterminal, was not found in name map.)
(Residue 527: ILE, Nonterminal, was not found in name map.)
(Residue 528: SER, Nonterminal, was not found in name map.)
(Residue 529: PRO, Nonterminal, was not found in name map.)
(Residue 530: GLY, Nonterminal, was not found in name map.)
(Residue 531: GLN, Nonterminal, was not found in name map.)
(Residue 532: ARG, Nonterminal, was not found in name map.)
(Residue 533: THR, Nonterminal, was not found in name map.)
(Residue 534: PRO, Nonterminal, was not found in name map.)
(Residue 535: ILE, Nonterminal, was not found in name map.)
(Residue 536: HIS, Nonterminal, was not found in name map.)
(Residue 537: ARG, Nonterminal, was not found in name map.)
(Residue 538: HIS, Nonterminal, was not found in name map.)
(Residue 539: SER, Nonterminal, was not found in name map.)
(Residue 540: CYS, Nonterminal, was not found in name map.)
(Residue 541: GLU, Nonterminal, was not found in name map.)
(Residue 542: GLU, Nonterminal, was not found in name map.)
(Residue 543: VAL, Nonterminal, was not found in name map.)
(Residue 544: PHE, Nonterminal, was not found in name map.)
(Residue 545: THR, Nonterminal, was not found in name map.)
(Residue 546: VAL, Nonterminal, was not found in name map.)
(Residue 547: LEU, Nonterminal, was not found in name map.)
(Residue 548: LYS, Nonterminal, was not found in name map.)
(Residue 549: GLY, Nonterminal, was not found in name map.)
(Residue 550: LYS, Nonterminal, was not found in name map.)
(Residue 551: GLY, Nonterminal, was not found in name map.)
(Residue 552: THR, Nonterminal, was not found in name map.)
(Residue 553: LEU, Nonterminal, was not found in name map.)
(Residue 554: LEU, Nonterminal, was not found in name map.)
(Residue 555: MET, Nonterminal, was not found in name map.)
(Residue 556: GLY, Nonterminal, was not found in name map.)
(Residue 557: SER, Nonterminal, was not found in name map.)
(Residue 558: SER, Nonterminal, was not found in name map.)
(Residue 559: SER, Nonterminal, was not found in name map.)
(Residue 560: LEU, Nonterminal, was not found in name map.)
(Residue 561: LYS, Nonterminal, was not found in name map.)
(Residue 562: TYR, Nonterminal, was not found in name map.)
(Residue 563: PRO, Nonterminal, was not found in name map.)
(Residue 564: GLY, Nonterminal, was not found in name map.)
(Residue 565: GLN, Nonterminal, was not found in name map.)
(Residue 566: PRO, Nonterminal, was not found in name map.)
(Residue 567: GLN, Nonterminal, was not found in name map.)
(Residue 568: GLU, Nonterminal, was not found in name map.)
(Residue 569: ILE, Nonterminal, was not found in name map.)
(Residue 570: PRO, Nonterminal, was not found in name map.)
(Residue 571: PHE, Nonterminal, was not found in name map.)
(Residue 572: PHE, Nonterminal, was not found in name map.)
(Residue 573: GLN, Nonterminal, was not found in name map.)
(Residue 574: ASN, Nonterminal, was not found in name map.)
(Residue 575: THR, Nonterminal, was not found in name map.)
(Residue 576: THR, Nonterminal, was not found in name map.)
(Residue 577: PHE, Nonterminal, was not found in name map.)
(Residue 578: SER, Nonterminal, was not found in name map.)
(Residue 579: ILE, Nonterminal, was not found in name map.)
(Residue 580: PRO, Nonterminal, was not found in name map.)
(Residue 581: VAL, Nonterminal, was not found in name map.)
(Residue 582: ASN, Nonterminal, was not found in name map.)
(Residue 583: ASP, Nonterminal, was not found in name map.)
(Residue 584: PRO, Nonterminal, was not found in name map.)
(Residue 585: HIS, Nonterminal, was not found in name map.)
(Residue 586: GLN, Nonterminal, was not found in name map.)
(Residue 587: VAL, Nonterminal, was not found in name map.)
(Residue 588: TRP, Nonterminal, was not found in name map.)
(Residue 589: ASN, Nonterminal, was not found in name map.)
(Residue 590: SER, Nonterminal, was not found in name map.)
(Residue 591: ASP, Nonterminal, was not found in name map.)
(Residue 592: GLU, Nonterminal, was not found in name map.)
(Residue 593: HIS, Nonterminal, was not found in name map.)
(Residue 594: GLU, Nonterminal, was not found in name map.)
(Residue 595: ASP, Nonterminal, was not found in name map.)
(Residue 596: LEU, Nonterminal, was not found in name map.)
(Residue 597: GLN, Nonterminal, was not found in name map.)
(Residue 598: VAL, Nonterminal, was not found in name map.)
(Residue 599: LEU, Nonterminal, was not found in name map.)
(Residue 600: VAL, Nonterminal, was not found in name map.)
(Residue 601: ILE, Nonterminal, was not found in name map.)
(Residue 602: ILE, Nonterminal, was not found in name map.)
(Residue 603: SER, Nonterminal, was not found in name map.)
(Residue 604: ARG, Nonterminal, was not found in name map.)
(Residue 605: PRO, Nonterminal, was not found in name map.)
(Residue 606: PRO, Nonterminal, was not found in name map.)
(Residue 607: ALA, Nonterminal, was not found in name map.)
(Residue 608: LYS, Nonterminal, was not found in name map.)
(Residue 609: ILE, Nonterminal, was not found in name map.)
(Residue 610: PHE, Nonterminal, was not found in name map.)
(Residue 611: LEU, Nonterminal, was not found in name map.)
(Residue 612: TYR, Nonterminal, was not found in name map.)
(Residue 613: ASP, Nonterminal, was not found in name map.)
(Residue 614: ASP, Nonterminal, was not found in name map.)
(Residue 615: TRP, Nonterminal, was not found in name map.)
(Residue 616: SER, Nonterminal, was not found in name map.)
(Residue 617: MET, Nonterminal, was not found in name map.)
(Residue 618: PRO, Nonterminal, was not found in name map.)
(Residue 619: HIS, Nonterminal, was not found in name map.)
(Residue 620: THR, Nonterminal, was not found in name map.)
(Residue 621: ALA, Nonterminal, was not found in name map.)
(Residue 622: ALA, Nonterminal, was not found in name map.)
(Residue 623: VAL, Nonterminal, was not found in name map.)
(Residue 624: LEU, Nonterminal, was not found in name map.)
(Residue 625: LYS, Nonterminal, was not found in name map.)
(Residue 626: PHE, Nonterminal, was not found in name map.)
(Residue 627: PRO, Nonterminal, was not found in name map.)
(Residue 628: PHE, Nonterminal, was not found in name map.)
(Residue 629: VAL, Nonterminal, was not found in name map.)
(Residue 630: TRP, Nonterminal, was not found in name map.)
(Residue 631: ASP, Nonterminal, was not found in name map.)
(Residue 632: GLU, Nonterminal, was not found in name map.)
(Residue 633: ASP, Nonterminal, was not found in name map.)
(Residue 634: CYS, Nonterminal, was not found in name map.)
(Residue 635: PHE, Nonterminal, was not found in name map.)
(Residue 636: GLU, Nonterminal, was not found in name map.)
(Residue 637: ALA, Nonterminal, was not found in name map.)
(Residue 638: ALA, Nonterminal, was not found in name map.)
Mapped residue LYS, term: Terminal/last, seq. number: 639 to: CLYS.
Joining NSER - CYS
Joining CYS - VAL
Joining VAL - ARG
Joining ARG - ASP
Joining ASP - ASN
Joining ASN - SER
Joining SER - LEU
Joining LEU - VAL
Joining VAL - ARG
Joining ARG - ASP
Joining ASP - ILE
Joining ILE - SER
Joining SER - GLN
Joining GLN - MET
Joining MET - PRO
Joining PRO - GLN
Joining GLN - SER
Joining SER - SER
Joining SER - TYR
Joining TYR - GLY
Joining GLY - ILE
Joining ILE - GLU
Joining GLU - GLY
Joining GLY - LEU
Joining LEU - SER
Joining SER - HIE
Joining HIE - ILE
Joining ILE - THR
Joining THR - VAL
Joining VAL - ALA
Joining ALA - GLY
Joining GLY - ALA
Joining ALA - LEU
Joining LEU - ASN
Joining ASN - HIE
Joining HIE - GLY
Joining GLY - MET
Joining MET - LYS
Joining LYS - GLU
Joining GLU - VAL
Joining VAL - GLU
Joining GLU - VAL
Joining VAL - TRP
Joining TRP - LEU
Joining LEU - GLN
Joining GLN - THR
Joining THR - ILE
Joining ILE - SER
Joining SER - PRO
Joining PRO - GLY
Joining GLY - GLN
Joining GLN - ARG
Joining ARG - THR
Joining THR - PRO
Joining PRO - ILE
Joining ILE - HIE
Joining HIE - ARG
Joining ARG - HIE
Joining HIE - SER
Joining SER - CYS
Joining CYS - GLU
Joining GLU - GLU
Joining GLU - VAL
Joining VAL - PHE
Joining PHE - THR
Joining THR - VAL
Joining VAL - LEU
Joining LEU - LYS
Joining LYS - GLY
Joining GLY - LYS
Joining LYS - GLY
Joining GLY - THR
Joining THR - LEU
Joining LEU - LEU
Joining LEU - MET
Joining MET - GLY
Joining GLY - SER
Joining SER - SER
Joining SER - SER
Joining SER - LEU
Joining LEU - LYS
Joining LYS - TYR
Joining TYR - PRO
Joining PRO - GLY
Joining GLY - GLN
Joining GLN - PRO
Joining PRO - GLN
Joining GLN - GLU
Joining GLU - ILE
Joining ILE - PRO
Joining PRO - PHE
Joining PHE - PHE
Joining PHE - GLN
Joining GLN - ASN
Joining ASN - THR
Joining THR - THR
Joining THR - PHE
Joining PHE - SER
Joining SER - ILE
Joining ILE - PRO
Joining PRO - VAL
Joining VAL - ASN
Joining ASN - ASP
Joining ASP - PRO
Joining PRO - HIE
Joining HIE - GLN
Joining GLN - VAL
Joining VAL - TRP
Joining TRP - ASN
Joining ASN - SER
Joining SER - ASP
Joining ASP - GLU
Joining GLU - HIE
Joining HIE - GLU
Joining GLU - ASP
Joining ASP - LEU
Joining LEU - GLN
Joining GLN - VAL
Joining VAL - LEU
Joining LEU - VAL
Joining VAL - ILE
Joining ILE - ILE
Joining ILE - SER
Joining SER - ARG
Joining ARG - PRO
Joining PRO - PRO
Joining PRO - ALA
Joining ALA - LYS
Joining LYS - ILE
Joining ILE - PHE
Joining PHE - LEU
Joining LEU - TYR
Joining TYR - ASP
Joining ASP - ASP
Joining ASP - TRP
Joining TRP - SER
Joining SER - MET
Joining MET - PRO
Joining PRO - HIE
Joining HIE - THR
Joining THR - ALA
Joining ALA - ALA
Joining ALA - VAL
Joining VAL - LEU
Joining LEU - LYS
Joining LYS - PHE
Joining PHE - PRO
Joining PRO - PHE
Joining PHE - VAL
Joining VAL - TRP
Joining TRP - ASP
Joining ASP - GLU
Joining GLU - ASP
Joining ASP - CYS
Joining CYS - PHE
Joining PHE - GLU
Joining GLU - ALA
Joining ALA - ALA
Joining ALA - CLYS
  Added missing heavy atom: .R<CLYS 160>.A<OXT 23>
Joining NSER - CYS
Joining CYS - VAL
Joining VAL - ARG
Joining ARG - ASP
Joining ASP - ASN
Joining ASN - SER
Joining SER - LEU
Joining LEU - VAL
Joining VAL - ARG
Joining ARG - ASP
Joining ASP - ILE
Joining ILE - SER
Joining SER - GLN
Joining GLN - MET
Joining MET - PRO
Joining PRO - GLN
Joining GLN - SER
Joining SER - SER
Joining SER - TYR
Joining TYR - GLY
Joining GLY - ILE
Joining ILE - GLU
Joining GLU - GLY
Joining GLY - LEU
Joining LEU - SER
Joining SER - HIE
Joining HIE - ILE
Joining ILE - THR
Joining THR - VAL
Joining VAL - ALA
Joining ALA - GLY
Joining GLY - ALA
Joining ALA - LEU
Joining LEU - ASN
Joining ASN - HIE
Joining HIE - GLY
Joining GLY - MET
Joining MET - LYS
Joining LYS - GLU
Joining GLU - VAL
Joining VAL - GLU
Joining GLU - VAL
Joining VAL - TRP
Joining TRP - LEU
Joining LEU - GLN
Joining GLN - THR
Joining THR - ILE
Joining ILE - SER
Joining SER - PRO
Joining PRO - GLY
Joining GLY - GLN
Joining GLN - ARG
Joining ARG - THR
Joining THR - PRO
Joining PRO - ILE
Joining ILE - HIE
Joining HIE - ARG
Joining ARG - HIE
Joining HIE - SER
Joining SER - CYS
Joining CYS - GLU
Joining GLU - GLU
Joining GLU - VAL
Joining VAL - PHE
Joining PHE - THR
Joining THR - VAL
Joining VAL - LEU
Joining LEU - LYS
Joining LYS - GLY
Joining GLY - LYS
Joining LYS - GLY
Joining GLY - THR
Joining THR - LEU
Joining LEU - LEU
Joining LEU - MET
Joining MET - GLY
Joining GLY - SER
Joining SER - SER
Joining SER - SER
Joining SER - LEU
Joining LEU - LYS
Joining LYS - TYR
Joining TYR - PRO
Joining PRO - GLY
Joining GLY - GLN
Joining GLN - PRO
Joining PRO - GLN
Joining GLN - GLU
Joining GLU - ILE
Joining ILE - PRO
Joining PRO - PHE
Joining PHE - PHE
Joining PHE - GLN
Joining GLN - ASN
Joining ASN - THR
Joining THR - THR
Joining THR - PHE
Joining PHE - SER
Joining SER - ILE
Joining ILE - PRO
Joining PRO - VAL
Joining VAL - ASN
Joining ASN - ASP
Joining ASP - PRO
Joining PRO - HIE
Joining HIE - GLN
Joining GLN - VAL
Joining VAL - TRP
Joining TRP - ASN
Joining ASN - SER
Joining SER - ASP
Joining ASP - GLU
Joining GLU - HIE
Joining HIE - GLU
Joining GLU - ASP
Joining ASP - LEU
Joining LEU - GLN
Joining GLN - VAL
Joining VAL - LEU
Joining LEU - VAL
Joining VAL - ILE
Joining ILE - ILE
Joining ILE - SER
Joining SER - ARG
Joining ARG - PRO
Joining PRO - PRO
Joining PRO - ALA
Joining ALA - LYS
Joining LYS - ILE
Joining ILE - PHE
Joining PHE - LEU
Joining LEU - TYR
Joining TYR - ASP
Joining ASP - ASP
Joining ASP - TRP
Joining TRP - SER
Joining SER - MET
Joining MET - PRO
Joining PRO - HIE
Joining HIE - THR
Joining THR - ALA
Joining ALA - ALA
Joining ALA - VAL
Joining VAL - LEU
Joining LEU - LYS
Joining LYS - PHE
Joining PHE - PRO
Joining PRO - PHE
Joining PHE - VAL
Joining VAL - TRP
Joining TRP - ASP
Joining ASP - GLU
Joining GLU - ASP
Joining ASP - CYS
Joining CYS - PHE
Joining PHE - GLU
Joining GLU - ALA
Joining ALA - ALA
Joining ALA - CLYS
  Added missing heavy atom: .R<CLYS 320>.A<OXT 23>
Joining NSER - CYS
Joining CYS - VAL
Joining VAL - ARG
Joining ARG - ASP
Joining ASP - ASN
Joining ASN - SER
Joining SER - LEU
Joining LEU - VAL
Joining VAL - ARG
Joining ARG - ASP
Joining ASP - ILE
Joining ILE - SER
Joining SER - GLN
Joining GLN - MET
Joining MET - PRO
Joining PRO - GLN
Joining GLN - SER
Joining SER - SER
Joining SER - TYR
Joining TYR - GLY
Joining GLY - ILE
Joining ILE - GLU
Joining GLU - GLY
Joining GLY - LEU
Joining LEU - SER
Joining SER - HIE
Joining HIE - ILE
Joining ILE - THR
Joining THR - VAL
Joining VAL - ALA
Joining ALA - GLY
Joining GLY - ALA
Joining ALA - LEU
Joining LEU - ASN
Joining ASN - HIE
Joining HIE - GLY
Joining GLY - MET
Joining MET - LYS
Joining LYS - GLU
Joining GLU - VAL
Joining VAL - GLU
Joining GLU - VAL
Joining VAL - TRP
Joining TRP - LEU
Joining LEU - GLN
Joining GLN - THR
Joining THR - ILE
Joining ILE - SER
Joining SER - PRO
Joining PRO - GLY
Joining GLY - GLN
Joining GLN - ARG
Joining ARG - THR
Joining THR - PRO
Joining PRO - ILE
Joining ILE - HIE
Joining HIE - ARG
Joining ARG - HIE
Joining HIE - SER
Joining SER - CYS
Joining CYS - GLU
Joining GLU - GLU
Joining GLU - VAL
Joining VAL - PHE
Joining PHE - THR
Joining THR - VAL
Joining VAL - LEU
Joining LEU - LYS
Joining LYS - GLY
Joining GLY - LYS
Joining LYS - GLY
Joining GLY - THR
Joining THR - LEU
Joining LEU - LEU
Joining LEU - MET
Joining MET - GLY
Joining GLY - SER
Joining SER - SER
Joining SER - SER
Joining SER - LEU
Joining LEU - LYS
Joining LYS - TYR
Joining TYR - PRO
Joining PRO - GLY
Joining GLY - GLN
Joining GLN - PRO
Joining PRO - GLN
Joining GLN - GLU
Joining GLU - ILE
Joining ILE - PRO
Joining PRO - PHE
Joining PHE - PHE
Joining PHE - GLN
Joining GLN - ASN
Joining ASN - THR
Joining THR - THR
Joining THR - PHE
Joining PHE - SER
Joining SER - ILE
Joining ILE - PRO
Joining PRO - VAL
Joining VAL - ASN
Joining ASN - ASP
Joining ASP - PRO
Joining PRO - HIE
Joining HIE - GLN
Joining GLN - VAL
Joining VAL - TRP
Joining TRP - ASN
Joining ASN - SER
Joining SER - ASP
Joining ASP - GLU
Joining GLU - HIE
Joining HIE - GLU
Joining GLU - ASP
Joining ASP - LEU
Joining LEU - GLN
Joining GLN - VAL
Joining VAL - LEU
Joining LEU - VAL
Joining VAL - ILE
Joining ILE - ILE
Joining ILE - SER
Joining SER - ARG
Joining ARG - PRO
Joining PRO - PRO
Joining PRO - ALA
Joining ALA - LYS
Joining LYS - ILE
Joining ILE - PHE
Joining PHE - LEU
Joining LEU - TYR
Joining TYR - ASP
Joining ASP - ASP
Joining ASP - TRP
Joining TRP - SER
Joining SER - MET
Joining MET - PRO
Joining PRO - HIE
Joining HIE - THR
Joining THR - ALA
Joining ALA - ALA
Joining ALA - VAL
Joining VAL - LEU
Joining LEU - LYS
Joining LYS - PHE
Joining PHE - PRO
Joining PRO - PHE
Joining PHE - VAL
Joining VAL - TRP
Joining TRP - ASP
Joining ASP - GLU
Joining GLU - ASP
Joining ASP - CYS
Joining CYS - PHE
Joining PHE - GLU
Joining GLU - ALA
Joining ALA - ALA
Joining ALA - CLYS
  Added missing heavy atom: .R<CLYS 480>.A<OXT 23>
Joining NSER - CYS
Joining CYS - VAL
Joining VAL - ARG
Joining ARG - ASP
Joining ASP - ASN
Joining ASN - SER
Joining SER - LEU
Joining LEU - VAL
Joining VAL - ARG
Joining ARG - ASP
Joining ASP - ILE
Joining ILE - SER
Joining SER - GLN
Joining GLN - MET
Joining MET - PRO
Joining PRO - GLN
Joining GLN - SER
Joining SER - SER
Joining SER - TYR
Joining TYR - GLY
Joining GLY - ILE
Joining ILE - GLU
Joining GLU - GLY
Joining GLY - LEU
Joining LEU - SER
Joining SER - HIE
Joining HIE - ILE
Joining ILE - THR
Joining THR - VAL
Joining VAL - ALA
Joining ALA - GLY
Joining GLY - ALA
Joining ALA - LEU
Joining LEU - ASN
Joining ASN - HIE
Joining HIE - GLY
Joining GLY - MET
Joining MET - LYS
Joining LYS - GLU
Joining GLU - VAL
Joining VAL - GLU
Joining GLU - VAL
Joining VAL - TRP
Joining TRP - LEU
Joining LEU - GLN
Joining GLN - THR
Joining THR - ILE
Joining ILE - SER
Joining SER - PRO
Joining PRO - GLY
Joining GLY - GLN
Joining GLN - ARG
Joining ARG - THR
Joining THR - PRO
Joining PRO - ILE
Joining ILE - HIE
Joining HIE - ARG
Joining ARG - HIE
Joining HIE - SER
Joining SER - CYS
Joining CYS - GLU
Joining GLU - GLU
Joining GLU - VAL
Joining VAL - PHE
Joining PHE - THR
Joining THR - VAL
Joining VAL - LEU
Joining LEU - LYS
Joining LYS - GLY
Joining GLY - LYS
Joining LYS - GLY
Joining GLY - THR
Joining THR - LEU
Joining LEU - LEU
Joining LEU - MET
Joining MET - GLY
Joining GLY - SER
Joining SER - SER
Joining SER - SER
Joining SER - LEU
Joining LEU - LYS
Joining LYS - TYR
Joining TYR - PRO
Joining PRO - GLY
Joining GLY - GLN
Joining GLN - PRO
Joining PRO - GLN
Joining GLN - GLU
Joining GLU - ILE
Joining ILE - PRO
Joining PRO - PHE
Joining PHE - PHE
Joining PHE - GLN
Joining GLN - ASN
Joining ASN - THR
Joining THR - THR
Joining THR - PHE
Joining PHE - SER
Joining SER - ILE
Joining ILE - PRO
Joining PRO - VAL
Joining VAL - ASN
Joining ASN - ASP
Joining ASP - PRO
Joining PRO - HIE
Joining HIE - GLN
Joining GLN - VAL
Joining VAL - TRP
Joining TRP - ASN
Joining ASN - SER
Joining SER - ASP
Joining ASP - GLU
Joining GLU - HIE
Joining HIE - GLU
Joining GLU - ASP
Joining ASP - LEU
Joining LEU - GLN
Joining GLN - VAL
Joining VAL - LEU
Joining LEU - VAL
Joining VAL - ILE
Joining ILE - ILE
Joining ILE - SER
Joining SER - ARG
Joining ARG - PRO
Joining PRO - PRO
Joining PRO - ALA
Joining ALA - LYS
Joining LYS - ILE
Joining ILE - PHE
Joining PHE - LEU
Joining LEU - TYR
Joining TYR - ASP
Joining ASP - ASP
Joining ASP - TRP
Joining TRP - SER
Joining SER - MET
Joining MET - PRO
Joining PRO - HIE
Joining HIE - THR
Joining THR - ALA
Joining ALA - ALA
Joining ALA - VAL
Joining VAL - LEU
Joining LEU - LYS
Joining LYS - PHE
Joining PHE - PRO
Joining PRO - PHE
Joining PHE - VAL
Joining VAL - TRP
Joining TRP - ASP
Joining ASP - GLU
Joining GLU - ASP
Joining ASP - CYS
Joining CYS - PHE
Joining PHE - GLU
Joining GLU - ALA
Joining ALA - ALA
Joining ALA - CLYS
  Added missing heavy atom: .R<CLYS 640>.A<OXT 23>
  total atoms in file: 5076
  Leap added 4928 missing atoms according to residue templates:
       4 Heavy
       4924 H / lone pairs
> savepdb  protein  protein.pdb
Writing pdb file: protein.pdb
 Converting N-terminal residue name to PDB format: NSER -> SER
 Converting C-terminal residue name to PDB format: CLYS -> LYS
 Converting N-terminal residue name to PDB format: NSER -> SER
 Converting C-terminal residue name to PDB format: CLYS -> LYS
 Converting N-terminal residue name to PDB format: NSER -> SER
 Converting C-terminal residue name to PDB format: CLYS -> LYS
 Converting N-terminal residue name to PDB format: NSER -> SER
 Converting C-terminal residue name to PDB format: CLYS -> LYS
> ##saveamberparm dipepide diVAL.prmtop diVAL.inpcrd
> 
> quit
	Quit
