log started: Fri Nov 23 17:42:14 2018

Log file: ./leap.log
>> #
>> # ----- leaprc for loading the ff99SB (Hornak & Simmerling) force field
>> # -----  this file is updated for PDB format 3
>> #
>> #	load atom type hybridizations
>> #
>> addAtomTypes {
>> 	{ "H"   "H" "sp3" }
>> 	{ "HO"  "H" "sp3" }
>> 	{ "HS"  "H" "sp3" }
>> 	{ "H1"  "H" "sp3" }
>> 	{ "H2"  "H" "sp3" }
>> 	{ "H3"  "H" "sp3" }
>> 	{ "H4"  "H" "sp3" }
>> 	{ "H5"  "H" "sp3" }
>> 	{ "HW"  "H" "sp3" }
>> 	{ "HC"  "H" "sp3" }
>> 	{ "HA"  "H" "sp3" }
>> 	{ "HP"  "H" "sp3" }
>> 	{ "OH"  "O" "sp3" }
>> 	{ "OS"  "O" "sp3" }
>> 	{ "O"   "O" "sp2" }
>> 	{ "O2"  "O" "sp2" }
>> 	{ "OW"  "O" "sp3" }
>> 	{ "CT"  "C" "sp3" }
>> 	{ "CH"  "C" "sp3" }
>> 	{ "C2"  "C" "sp3" }
>> 	{ "C3"  "C" "sp3" }
>> 	{ "C"   "C" "sp2" }
>> 	{ "C*"  "C" "sp2" }
>> 	{ "CA"  "C" "sp2" }
>> 	{ "CB"  "C" "sp2" }
>> 	{ "CC"  "C" "sp2" }
>> 	{ "CN"  "C" "sp2" }
>> 	{ "CM"  "C" "sp2" }
>> 	{ "CK"  "C" "sp2" }
>> 	{ "CQ"  "C" "sp2" }
>> 	{ "CD"  "C" "sp2" }
>> 	{ "CE"  "C" "sp2" }
>> 	{ "CF"  "C" "sp2" }
>> 	{ "CP"  "C" "sp2" }
>> 	{ "CI"  "C" "sp2" }
>> 	{ "CJ"  "C" "sp2" }
>> 	{ "CW"  "C" "sp2" }
>> 	{ "CV"  "C" "sp2" }
>> 	{ "CR"  "C" "sp2" }
>> 	{ "CA"  "C" "sp2" }
>> 	{ "CY"  "C" "sp2" }
>> 	{ "C0"  "Ca" "sp2" }
>> 	{ "MG"  "Mg" "sp3" }
>> 	{ "N"   "N" "sp2" }
>> 	{ "NA"  "N" "sp2" }
>> 	{ "N2"  "N" "sp2" }
>> 	{ "N*"  "N" "sp2" }
>> 	{ "NP"  "N" "sp2" }
>> 	{ "NQ"  "N" "sp2" }
>> 	{ "NB"  "N" "sp2" }
>> 	{ "NC"  "N" "sp2" }
>> 	{ "NT"  "N" "sp3" }
>> 	{ "N3"  "N" "sp3" }
>> 	{ "S"   "S" "sp3" }
>> 	{ "SH"  "S" "sp3" }
>> 	{ "P"   "P" "sp3" }
>> 	{ "LP"  ""  "sp3" }
>> 	{ "F"   "F" "sp3" }
>> 	{ "CL"  "Cl" "sp3" }
>> 	{ "BR"  "Br" "sp3" }
>> 	{ "I"   "I"  "sp3" }
>> 	{ "FE"  "Fe" "sp3" }
>> 	{ "EP"  ""  "sp3" }
>> # glycam
>> 	{ "OG"  "O" "sp3" }
>> 	{ "OL"  "O" "sp3" }
>> 	{ "AC"  "C" "sp3" }
>> 	{ "EC"  "C" "sp3" }
>> }
>> #
>> #	Load the main parameter set.
>> #
>> parm99 = loadamberparams parm99.dat
Loading parameters: /share/home/zhanghaiping/program/amber16/dat/leap/parm/parm99.dat
Reading title:
PARM99 for DNA,RNA,AA, organic molecules, TIP3P wat. Polariz.& LP incl.02/04/99
(UNKNOWN ATOM TYPE: HZ)
(UNKNOWN ATOM TYPE: IM)
(UNKNOWN ATOM TYPE: Li)
(UNKNOWN ATOM TYPE: IP)
(UNKNOWN ATOM TYPE: K)
(UNKNOWN ATOM TYPE: Rb)
(UNKNOWN ATOM TYPE: Cs)
(UNKNOWN ATOM TYPE: Zn)
(UNKNOWN ATOM TYPE: IB)
(UNKNOWN ATOM TYPE: LP)
>> frcmod99SB = loadamberparams frcmod.ff99SB
Loading parameters: /share/home/zhanghaiping/program/amber16/dat/leap/parm/frcmod.ff99SB
Reading force field modification type file (frcmod)
Reading title:
Modification/update of parm99.dat (Hornak & Simmerling)
>> #
>> #	Load DNA/RNA libraries
>> #
>> loadOff all_nucleic94.lib
Loading library: /share/home/zhanghaiping/program/amber16/dat/leap/lib/all_nucleic94.lib
Loading: DA
Loading: DA3
Loading: DA5
Loading: DAN
Loading: DC
Loading: DC3
Loading: DC5
Loading: DCN
Loading: DG
Loading: DG3
Loading: DG5
Loading: DGN
Loading: DT
Loading: DT3
Loading: DT5
Loading: DTN
Loading: RA
Loading: RA3
Loading: RA5
Loading: RAN
Loading: RC
Loading: RC3
Loading: RC5
Loading: RCN
Loading: RG
Loading: RG3
Loading: RG5
Loading: RGN
Loading: RU
Loading: RU3
Loading: RU5
Loading: RUN
>> #
>> #	Load main chain and terminating 
>> #	amino acid libraries (i.e. ff94 libs)
>> #
>> loadOff all_amino94.lib
Loading library: /share/home/zhanghaiping/program/amber16/dat/leap/lib/all_amino94.lib
Loading: ALA
Loading: ARG
Loading: ASH
Loading: ASN
Loading: ASP
Loading: CYM
Loading: CYS
Loading: CYX
Loading: GLH
Loading: GLN
Loading: GLU
Loading: GLY
Loading: HID
Loading: HIE
Loading: HIP
Loading: ILE
Loading: LEU
Loading: LYN
Loading: LYS
Loading: MET
Loading: PHE
Loading: PRO
Loading: SER
Loading: THR
Loading: TRP
Loading: TYR
Loading: VAL
>> loadOff all_aminoct94.lib
Loading library: /share/home/zhanghaiping/program/amber16/dat/leap/lib/all_aminoct94.lib
Loading: CALA
Loading: CARG
Loading: CASN
Loading: CASP
Loading: CCYS
Loading: CCYX
Loading: CGLN
Loading: CGLU
Loading: CGLY
Loading: CHID
Loading: CHIE
Loading: CHIP
Loading: CILE
Loading: CLEU
Loading: CLYS
Loading: CMET
Loading: CPHE
Loading: CPRO
Loading: CSER
Loading: CTHR
Loading: CTRP
Loading: CTYR
Loading: CVAL
Loading: NHE
Loading: NME
>> loadOff all_aminont94.lib
Loading library: /share/home/zhanghaiping/program/amber16/dat/leap/lib/all_aminont94.lib
Loading: ACE
Loading: NALA
Loading: NARG
Loading: NASN
Loading: NASP
Loading: NCYS
Loading: NCYX
Loading: NGLN
Loading: NGLU
Loading: NGLY
Loading: NHID
Loading: NHIE
Loading: NHIP
Loading: NILE
Loading: NLEU
Loading: NLYS
Loading: NMET
Loading: NPHE
Loading: NPRO
Loading: NSER
Loading: NTHR
Loading: NTRP
Loading: NTYR
Loading: NVAL
>> #
>> #       Load water and ions
>> # 
>> loadOff ions94.lib
Loading library: /share/home/zhanghaiping/program/amber16/dat/leap/lib/ions94.lib
Loading: CIO
Loading: Cl-
Loading: Cs+
Loading: IB
Loading: K+
Loading: Li+
Loading: MG2
Loading: Na+
Loading: Rb+
>> loadOff solvents.lib
Loading library: /share/home/zhanghaiping/program/amber16/dat/leap/lib/solvents.lib
Loading: CHCL3BOX
Loading: DC4
Loading: FB3
Loading: FB3BOX
Loading: FB4
Loading: FB4BOX
Loading: MEOHBOX
Loading: NMABOX
Loading: OPC
Loading: OPCBOX
Loading: PL3
Loading: POL3BOX
Loading: QSPCFWBOX
Loading: SPC
Loading: SPCBOX
Loading: SPCFWBOX
Loading: SPF
Loading: SPG
Loading: T4E
Loading: TIP3PBOX
Loading: TIP3PFBOX
Loading: TIP4PBOX
Loading: TIP4PEWBOX
Loading: TIP5PBOX
Loading: TP3
Loading: TP4
Loading: TP5
Loading: TPF
>> HOH = TP3
>> WAT = TP3
>> 
>> #
>> #	Define the PDB name map for the amino acids and DNA.
>> #
>> addPdbResMap {
>>   { 0 "ALA" "NALA" } { 1 "ALA" "CALA" }
>>   { 0 "ARG" "NARG" } { 1 "ARG" "CARG" }
>>   { 0 "ASN" "NASN" } { 1 "ASN" "CASN" }
>>   { 0 "ASP" "NASP" } { 1 "ASP" "CASP" }
>>   { 0 "CYS" "NCYS" } { 1 "CYS" "CCYS" }
>>   { 0 "CYX" "NCYX" } { 1 "CYX" "CCYX" }
>>   { 0 "GLN" "NGLN" } { 1 "GLN" "CGLN" }
>>   { 0 "GLU" "NGLU" } { 1 "GLU" "CGLU" }
>>   { 0 "GLY" "NGLY" } { 1 "GLY" "CGLY" }
>>   { 0 "HID" "NHID" } { 1 "HID" "CHID" }
>>   { 0 "HIE" "NHIE" } { 1 "HIE" "CHIE" }
>>   { 0 "HIP" "NHIP" } { 1 "HIP" "CHIP" }
>>   { 0 "ILE" "NILE" } { 1 "ILE" "CILE" }
>>   { 0 "LEU" "NLEU" } { 1 "LEU" "CLEU" }
>>   { 0 "LYS" "NLYS" } { 1 "LYS" "CLYS" }
>>   { 0 "MET" "NMET" } { 1 "MET" "CMET" }
>>   { 0 "PHE" "NPHE" } { 1 "PHE" "CPHE" }
>>   { 0 "PRO" "NPRO" } { 1 "PRO" "CPRO" }
>>   { 0 "SER" "NSER" } { 1 "SER" "CSER" }
>>   { 0 "THR" "NTHR" } { 1 "THR" "CTHR" }
>>   { 0 "TRP" "NTRP" } { 1 "TRP" "CTRP" }
>>   { 0 "TYR" "NTYR" } { 1 "TYR" "CTYR" }
>>   { 0 "VAL" "NVAL" } { 1 "VAL" "CVAL" }
>>   { 0 "HIS" "NHIS" } { 1 "HIS" "CHIS" }
>>   { 0 "GUA" "DG5"  } { 1 "GUA" "DG3"  } { "GUA" "DG" }
>>   { 0 "ADE" "DA5"  } { 1 "ADE" "DA3"  } { "ADE" "DA" }
>>   { 0 "CYT" "DC5"  } { 1 "CYT" "DC3"  } { "CYT" "DC" }
>>   { 0 "THY" "DT5"  } { 1 "THY" "DT3"  } { "THY" "DT" }
>>   { 0 "G" "RG5"  } { 1 "G" "RG3"  } { "G" "RG" } { "GN" "RGN" }
>>   { 0 "A" "RA5"  } { 1 "A" "RA3"  } { "A" "RA" } { "AN" "RAN" }
>>   { 0 "C" "RC5"  } { 1 "C" "RC3"  } { "C" "RC" } { "CN" "RCN" }
>>   { 0 "U" "RU5"  } { 1 "U" "RU3"  } { "U" "RU" } { "UN" "RUN" }
>>   { 0 "DG" "DG5"  } { 1 "DG" "DG3"  }  
>>   { 0 "DA" "DA5"  } { 1 "DA" "DA3"  }  
>>   { 0 "DC" "DC5"  } { 1 "DC" "DC3"  }  
>>   { 0 "DT" "DT5"  } { 1 "DT" "DT3"  }
>> 
>> }
>> 
>> addPdbAtomMap {
>>   { "O5*" "O5'" }
>>   { "C5*" "C5'" }
>>   { "C4*" "C4'" }
>>   { "O4*" "O4'" }
>>   { "C3*" "C3'" }
>>   { "O3*" "O3'" }
>>   { "C2*" "C2'" }
>>   { "C1*" "C1'" }
>>   { "C5M" "C7"  }
>>   { "O2*" "O2'" }
>>   { "H1*" "H1'" }
>>   { "H2*1" "H2'1" }
>>   { "H2*2" "H2'2" }
>>   { "H2'"  "H2'1" }
>>   { "H2''" "H2'2" }
>>   { "H3*" "H3'" }
>>   { "H4*" "H4'" }
>>   { "H5*1" "H5'1" }
>>   { "H5*2" "H5'2" }
>>   { "H5'"  "H5'1" }
>>   { "H5''" "H5'2" }
>>   { "HO2'" "HO'2" }
>>   { "HO5'" "H5T" }
>>   { "HO3'" "H3T" }
>>   { "O1'" "O4'" }
>>   { "OA"  "O1P" }
>>   { "OB"  "O2P" }
>>   { "OP1" "O1P" }
>>   { "OP2" "O2P" }
>> }
>> 
>> 
>> #
>> # assumed that most often proteins use HIE
>> #
>> NHIS = NHIE
>> HIS = HIE
>> CHIS = CHIE
> 
> #source /home/zhp/tleap/leaprc.GLYCAM_06j-1
> set default PBRadii mbondi3
Using ArgH and AspGluO modified Bondi2 radii
> #3dipepide=sequence{ACE VAL NME}
> 
> 
> protein = loadpdb  1tow_ww.pdb
Loading PDB file: ./1tow_ww.pdb
Enter zPdbReadScan from call depth  0.
Exit  zPdbReadScan from call depth  0.
Matching PDB residue names to LEaP variables.
Mapped residue CYS, term: Terminal/beginning, seq. number: 0 to: NCYS.
(Residue 1: ASP, Nonterminal, was not found in name map.)
(Residue 2: ALA, Nonterminal, was not found in name map.)
(Residue 3: PHE, Nonterminal, was not found in name map.)
(Residue 4: VAL, Nonterminal, was not found in name map.)
(Residue 5: GLY, Nonterminal, was not found in name map.)
(Residue 6: THR, Nonterminal, was not found in name map.)
(Residue 7: TRP, Nonterminal, was not found in name map.)
(Residue 8: LYS, Nonterminal, was not found in name map.)
(Residue 9: LEU, Nonterminal, was not found in name map.)
(Residue 10: VAL, Nonterminal, was not found in name map.)
(Residue 11: SER, Nonterminal, was not found in name map.)
(Residue 12: SER, Nonterminal, was not found in name map.)
(Residue 13: GLU, Nonterminal, was not found in name map.)
(Residue 14: ASN, Nonterminal, was not found in name map.)
(Residue 15: PHE, Nonterminal, was not found in name map.)
(Residue 16: ASP, Nonterminal, was not found in name map.)
(Residue 17: ASP, Nonterminal, was not found in name map.)
(Residue 18: TYR, Nonterminal, was not found in name map.)
(Residue 19: MET, Nonterminal, was not found in name map.)
(Residue 20: LYS, Nonterminal, was not found in name map.)
(Residue 21: GLU, Nonterminal, was not found in name map.)
(Residue 22: VAL, Nonterminal, was not found in name map.)
(Residue 23: GLY, Nonterminal, was not found in name map.)
(Residue 24: VAL, Nonterminal, was not found in name map.)
(Residue 25: GLY, Nonterminal, was not found in name map.)
(Residue 26: PHE, Nonterminal, was not found in name map.)
(Residue 27: ALA, Nonterminal, was not found in name map.)
(Residue 28: THR, Nonterminal, was not found in name map.)
(Residue 29: ARG, Nonterminal, was not found in name map.)
(Residue 30: LYS, Nonterminal, was not found in name map.)
(Residue 31: VAL, Nonterminal, was not found in name map.)
(Residue 32: ALA, Nonterminal, was not found in name map.)
(Residue 33: GLY, Nonterminal, was not found in name map.)
(Residue 34: MET, Nonterminal, was not found in name map.)
(Residue 35: ALA, Nonterminal, was not found in name map.)
(Residue 36: LYS, Nonterminal, was not found in name map.)
(Residue 37: PRO, Nonterminal, was not found in name map.)
(Residue 38: ASN, Nonterminal, was not found in name map.)
(Residue 39: MET, Nonterminal, was not found in name map.)
(Residue 40: ILE, Nonterminal, was not found in name map.)
(Residue 41: ILE, Nonterminal, was not found in name map.)
(Residue 42: SER, Nonterminal, was not found in name map.)
(Residue 43: VAL, Nonterminal, was not found in name map.)
(Residue 44: ASN, Nonterminal, was not found in name map.)
(Residue 45: GLY, Nonterminal, was not found in name map.)
(Residue 46: ASP, Nonterminal, was not found in name map.)
(Residue 47: VAL, Nonterminal, was not found in name map.)
(Residue 48: ILE, Nonterminal, was not found in name map.)
(Residue 49: THR, Nonterminal, was not found in name map.)
(Residue 50: ILE, Nonterminal, was not found in name map.)
(Residue 51: LYS, Nonterminal, was not found in name map.)
(Residue 52: SER, Nonterminal, was not found in name map.)
(Residue 53: GLU, Nonterminal, was not found in name map.)
(Residue 54: SER, Nonterminal, was not found in name map.)
(Residue 55: THR, Nonterminal, was not found in name map.)
(Residue 56: PHE, Nonterminal, was not found in name map.)
(Residue 57: LYS, Nonterminal, was not found in name map.)
(Residue 58: ASN, Nonterminal, was not found in name map.)
(Residue 59: THR, Nonterminal, was not found in name map.)
(Residue 60: GLU, Nonterminal, was not found in name map.)
(Residue 61: ILE, Nonterminal, was not found in name map.)
(Residue 62: SER, Nonterminal, was not found in name map.)
(Residue 63: PHE, Nonterminal, was not found in name map.)
(Residue 64: ILE, Nonterminal, was not found in name map.)
(Residue 65: LEU, Nonterminal, was not found in name map.)
(Residue 66: GLY, Nonterminal, was not found in name map.)
(Residue 67: GLN, Nonterminal, was not found in name map.)
(Residue 68: GLU, Nonterminal, was not found in name map.)
(Residue 69: PHE, Nonterminal, was not found in name map.)
(Residue 70: ASP, Nonterminal, was not found in name map.)
(Residue 71: GLU, Nonterminal, was not found in name map.)
(Residue 72: VAL, Nonterminal, was not found in name map.)
(Residue 73: THR, Nonterminal, was not found in name map.)
(Residue 74: ALA, Nonterminal, was not found in name map.)
(Residue 75: ASP, Nonterminal, was not found in name map.)
(Residue 76: ASP, Nonterminal, was not found in name map.)
(Residue 77: ARG, Nonterminal, was not found in name map.)
(Residue 78: LYS, Nonterminal, was not found in name map.)
(Residue 79: VAL, Nonterminal, was not found in name map.)
(Residue 80: LYS, Nonterminal, was not found in name map.)
(Residue 81: SER, Nonterminal, was not found in name map.)
(Residue 82: THR, Nonterminal, was not found in name map.)
(Residue 83: ILE, Nonterminal, was not found in name map.)
(Residue 84: THR, Nonterminal, was not found in name map.)
(Residue 85: LEU, Nonterminal, was not found in name map.)
(Residue 86: ASP, Nonterminal, was not found in name map.)
(Residue 87: GLY, Nonterminal, was not found in name map.)
(Residue 88: GLY, Nonterminal, was not found in name map.)
(Residue 89: VAL, Nonterminal, was not found in name map.)
(Residue 90: LEU, Nonterminal, was not found in name map.)
(Residue 91: VAL, Nonterminal, was not found in name map.)
(Residue 92: HIS, Nonterminal, was not found in name map.)
(Residue 93: VAL, Nonterminal, was not found in name map.)
(Residue 94: GLN, Nonterminal, was not found in name map.)
(Residue 95: LYS, Nonterminal, was not found in name map.)
(Residue 96: TRP, Nonterminal, was not found in name map.)
(Residue 97: ASP, Nonterminal, was not found in name map.)
(Residue 98: GLY, Nonterminal, was not found in name map.)
(Residue 99: LYS, Nonterminal, was not found in name map.)
(Residue 100: SER, Nonterminal, was not found in name map.)
(Residue 101: THR, Nonterminal, was not found in name map.)
(Residue 102: THR, Nonterminal, was not found in name map.)
(Residue 103: ILE, Nonterminal, was not found in name map.)
(Residue 104: LYS, Nonterminal, was not found in name map.)
(Residue 105: ARG, Nonterminal, was not found in name map.)
(Residue 106: LYS, Nonterminal, was not found in name map.)
(Residue 107: ARG, Nonterminal, was not found in name map.)
(Residue 108: GLU, Nonterminal, was not found in name map.)
(Residue 109: ASP, Nonterminal, was not found in name map.)
(Residue 110: ASP, Nonterminal, was not found in name map.)
(Residue 111: LYS, Nonterminal, was not found in name map.)
(Residue 112: LEU, Nonterminal, was not found in name map.)
(Residue 113: VAL, Nonterminal, was not found in name map.)
(Residue 114: VAL, Nonterminal, was not found in name map.)
(Residue 115: GLU, Nonterminal, was not found in name map.)
(Residue 116: CYS, Nonterminal, was not found in name map.)
(Residue 117: VAL, Nonterminal, was not found in name map.)
(Residue 118: MET, Nonterminal, was not found in name map.)
(Residue 119: LYS, Nonterminal, was not found in name map.)
(Residue 120: GLY, Nonterminal, was not found in name map.)
(Residue 121: VAL, Nonterminal, was not found in name map.)
(Residue 122: THR, Nonterminal, was not found in name map.)
(Residue 123: SER, Nonterminal, was not found in name map.)
(Residue 124: THR, Nonterminal, was not found in name map.)
(Residue 125: ARG, Nonterminal, was not found in name map.)
(Residue 126: VAL, Nonterminal, was not found in name map.)
(Residue 127: TYR, Nonterminal, was not found in name map.)
(Residue 128: GLU, Nonterminal, was not found in name map.)
(Residue 129: ARG, Nonterminal, was not found in name map.)
Mapped residue ALA, term: Terminal/last, seq. number: 130 to: CALA.
Joining NCYS - ASP
Joining ASP - ALA
Joining ALA - PHE
Joining PHE - VAL
Joining VAL - GLY
Joining GLY - THR
Joining THR - TRP
Joining TRP - LYS
Joining LYS - LEU
Joining LEU - VAL
Joining VAL - SER
Joining SER - SER
Joining SER - GLU
Joining GLU - ASN
Joining ASN - PHE
Joining PHE - ASP
Joining ASP - ASP
Joining ASP - TYR
Joining TYR - MET
Joining MET - LYS
Joining LYS - GLU
Joining GLU - VAL
Joining VAL - GLY
Joining GLY - VAL
Joining VAL - GLY
Joining GLY - PHE
Joining PHE - ALA
Joining ALA - THR
Joining THR - ARG
Joining ARG - LYS
Joining LYS - VAL
Joining VAL - ALA
Joining ALA - GLY
Joining GLY - MET
Joining MET - ALA
Joining ALA - LYS
Joining LYS - PRO
Joining PRO - ASN
Joining ASN - MET
Joining MET - ILE
Joining ILE - ILE
Joining ILE - SER
Joining SER - VAL
Joining VAL - ASN
Joining ASN - GLY
Joining GLY - ASP
Joining ASP - VAL
Joining VAL - ILE
Joining ILE - THR
Joining THR - ILE
Joining ILE - LYS
Joining LYS - SER
Joining SER - GLU
Joining GLU - SER
Joining SER - THR
Joining THR - PHE
Joining PHE - LYS
Joining LYS - ASN
Joining ASN - THR
Joining THR - GLU
Joining GLU - ILE
Joining ILE - SER
Joining SER - PHE
Joining PHE - ILE
Joining ILE - LEU
Joining LEU - GLY
Joining GLY - GLN
Joining GLN - GLU
Joining GLU - PHE
Joining PHE - ASP
Joining ASP - GLU
Joining GLU - VAL
Joining VAL - THR
Joining THR - ALA
Joining ALA - ASP
Joining ASP - ASP
Joining ASP - ARG
Joining ARG - LYS
Joining LYS - VAL
Joining VAL - LYS
Joining LYS - SER
Joining SER - THR
Joining THR - ILE
Joining ILE - THR
Joining THR - LEU
Joining LEU - ASP
Joining ASP - GLY
Joining GLY - GLY
Joining GLY - VAL
Joining VAL - LEU
Joining LEU - VAL
Joining VAL - HIE
Joining HIE - VAL
Joining VAL - GLN
Joining GLN - LYS
Joining LYS - TRP
Joining TRP - ASP
Joining ASP - GLY
Joining GLY - LYS
Joining LYS - SER
Joining SER - THR
Joining THR - THR
Joining THR - ILE
Joining ILE - LYS
Joining LYS - ARG
Joining ARG - LYS
Joining LYS - ARG
Joining ARG - GLU
Joining GLU - ASP
Joining ASP - ASP
Joining ASP - LYS
Joining LYS - LEU
Joining LEU - VAL
Joining VAL - VAL
Joining VAL - GLU
Joining GLU - CYS
Joining CYS - VAL
Joining VAL - MET
Joining MET - LYS
Joining LYS - GLY
Joining GLY - VAL
Joining VAL - THR
Joining THR - SER
Joining SER - THR
Joining THR - ARG
Joining ARG - VAL
Joining VAL - TYR
Joining TYR - GLU
Joining GLU - ARG
Joining ARG - CALA
  total atoms in file: 1022
  Leap added 1037 missing atoms according to residue templates:
       1037 H / lone pairs
> savepdb  protein  protein.pdb
Writing pdb file: protein.pdb
 Converting N-terminal residue name to PDB format: NCYS -> CYS
 Converting C-terminal residue name to PDB format: CALA -> ALA
> ##saveamberparm dipepide diVAL.prmtop diVAL.inpcrd
> 
> quit
	Quit
