log started: Fri Nov 23 17:36:49 2018

Log file: ./leap.log
>> #
>> # ----- leaprc for loading the ff99SB (Hornak & Simmerling) force field
>> # -----  this file is updated for PDB format 3
>> #
>> #	load atom type hybridizations
>> #
>> addAtomTypes {
>> 	{ "H"   "H" "sp3" }
>> 	{ "HO"  "H" "sp3" }
>> 	{ "HS"  "H" "sp3" }
>> 	{ "H1"  "H" "sp3" }
>> 	{ "H2"  "H" "sp3" }
>> 	{ "H3"  "H" "sp3" }
>> 	{ "H4"  "H" "sp3" }
>> 	{ "H5"  "H" "sp3" }
>> 	{ "HW"  "H" "sp3" }
>> 	{ "HC"  "H" "sp3" }
>> 	{ "HA"  "H" "sp3" }
>> 	{ "HP"  "H" "sp3" }
>> 	{ "OH"  "O" "sp3" }
>> 	{ "OS"  "O" "sp3" }
>> 	{ "O"   "O" "sp2" }
>> 	{ "O2"  "O" "sp2" }
>> 	{ "OW"  "O" "sp3" }
>> 	{ "CT"  "C" "sp3" }
>> 	{ "CH"  "C" "sp3" }
>> 	{ "C2"  "C" "sp3" }
>> 	{ "C3"  "C" "sp3" }
>> 	{ "C"   "C" "sp2" }
>> 	{ "C*"  "C" "sp2" }
>> 	{ "CA"  "C" "sp2" }
>> 	{ "CB"  "C" "sp2" }
>> 	{ "CC"  "C" "sp2" }
>> 	{ "CN"  "C" "sp2" }
>> 	{ "CM"  "C" "sp2" }
>> 	{ "CK"  "C" "sp2" }
>> 	{ "CQ"  "C" "sp2" }
>> 	{ "CD"  "C" "sp2" }
>> 	{ "CE"  "C" "sp2" }
>> 	{ "CF"  "C" "sp2" }
>> 	{ "CP"  "C" "sp2" }
>> 	{ "CI"  "C" "sp2" }
>> 	{ "CJ"  "C" "sp2" }
>> 	{ "CW"  "C" "sp2" }
>> 	{ "CV"  "C" "sp2" }
>> 	{ "CR"  "C" "sp2" }
>> 	{ "CA"  "C" "sp2" }
>> 	{ "CY"  "C" "sp2" }
>> 	{ "C0"  "Ca" "sp2" }
>> 	{ "MG"  "Mg" "sp3" }
>> 	{ "N"   "N" "sp2" }
>> 	{ "NA"  "N" "sp2" }
>> 	{ "N2"  "N" "sp2" }
>> 	{ "N*"  "N" "sp2" }
>> 	{ "NP"  "N" "sp2" }
>> 	{ "NQ"  "N" "sp2" }
>> 	{ "NB"  "N" "sp2" }
>> 	{ "NC"  "N" "sp2" }
>> 	{ "NT"  "N" "sp3" }
>> 	{ "N3"  "N" "sp3" }
>> 	{ "S"   "S" "sp3" }
>> 	{ "SH"  "S" "sp3" }
>> 	{ "P"   "P" "sp3" }
>> 	{ "LP"  ""  "sp3" }
>> 	{ "F"   "F" "sp3" }
>> 	{ "CL"  "Cl" "sp3" }
>> 	{ "BR"  "Br" "sp3" }
>> 	{ "I"   "I"  "sp3" }
>> 	{ "FE"  "Fe" "sp3" }
>> 	{ "EP"  ""  "sp3" }
>> # glycam
>> 	{ "OG"  "O" "sp3" }
>> 	{ "OL"  "O" "sp3" }
>> 	{ "AC"  "C" "sp3" }
>> 	{ "EC"  "C" "sp3" }
>> }
>> #
>> #	Load the main parameter set.
>> #
>> parm99 = loadamberparams parm99.dat
Loading parameters: /share/home/zhanghaiping/program/amber16/dat/leap/parm/parm99.dat
Reading title:
PARM99 for DNA,RNA,AA, organic molecules, TIP3P wat. Polariz.& LP incl.02/04/99
(UNKNOWN ATOM TYPE: HZ)
(UNKNOWN ATOM TYPE: IM)
(UNKNOWN ATOM TYPE: Li)
(UNKNOWN ATOM TYPE: IP)
(UNKNOWN ATOM TYPE: K)
(UNKNOWN ATOM TYPE: Rb)
(UNKNOWN ATOM TYPE: Cs)
(UNKNOWN ATOM TYPE: Zn)
(UNKNOWN ATOM TYPE: IB)
(UNKNOWN ATOM TYPE: LP)
>> frcmod99SB = loadamberparams frcmod.ff99SB
Loading parameters: /share/home/zhanghaiping/program/amber16/dat/leap/parm/frcmod.ff99SB
Reading force field modification type file (frcmod)
Reading title:
Modification/update of parm99.dat (Hornak & Simmerling)
>> #
>> #	Load DNA/RNA libraries
>> #
>> loadOff all_nucleic94.lib
Loading library: /share/home/zhanghaiping/program/amber16/dat/leap/lib/all_nucleic94.lib
Loading: DA
Loading: DA3
Loading: DA5
Loading: DAN
Loading: DC
Loading: DC3
Loading: DC5
Loading: DCN
Loading: DG
Loading: DG3
Loading: DG5
Loading: DGN
Loading: DT
Loading: DT3
Loading: DT5
Loading: DTN
Loading: RA
Loading: RA3
Loading: RA5
Loading: RAN
Loading: RC
Loading: RC3
Loading: RC5
Loading: RCN
Loading: RG
Loading: RG3
Loading: RG5
Loading: RGN
Loading: RU
Loading: RU3
Loading: RU5
Loading: RUN
>> #
>> #	Load main chain and terminating 
>> #	amino acid libraries (i.e. ff94 libs)
>> #
>> loadOff all_amino94.lib
Loading library: /share/home/zhanghaiping/program/amber16/dat/leap/lib/all_amino94.lib
Loading: ALA
Loading: ARG
Loading: ASH
Loading: ASN
Loading: ASP
Loading: CYM
Loading: CYS
Loading: CYX
Loading: GLH
Loading: GLN
Loading: GLU
Loading: GLY
Loading: HID
Loading: HIE
Loading: HIP
Loading: ILE
Loading: LEU
Loading: LYN
Loading: LYS
Loading: MET
Loading: PHE
Loading: PRO
Loading: SER
Loading: THR
Loading: TRP
Loading: TYR
Loading: VAL
>> loadOff all_aminoct94.lib
Loading library: /share/home/zhanghaiping/program/amber16/dat/leap/lib/all_aminoct94.lib
Loading: CALA
Loading: CARG
Loading: CASN
Loading: CASP
Loading: CCYS
Loading: CCYX
Loading: CGLN
Loading: CGLU
Loading: CGLY
Loading: CHID
Loading: CHIE
Loading: CHIP
Loading: CILE
Loading: CLEU
Loading: CLYS
Loading: CMET
Loading: CPHE
Loading: CPRO
Loading: CSER
Loading: CTHR
Loading: CTRP
Loading: CTYR
Loading: CVAL
Loading: NHE
Loading: NME
>> loadOff all_aminont94.lib
Loading library: /share/home/zhanghaiping/program/amber16/dat/leap/lib/all_aminont94.lib
Loading: ACE
Loading: NALA
Loading: NARG
Loading: NASN
Loading: NASP
Loading: NCYS
Loading: NCYX
Loading: NGLN
Loading: NGLU
Loading: NGLY
Loading: NHID
Loading: NHIE
Loading: NHIP
Loading: NILE
Loading: NLEU
Loading: NLYS
Loading: NMET
Loading: NPHE
Loading: NPRO
Loading: NSER
Loading: NTHR
Loading: NTRP
Loading: NTYR
Loading: NVAL
>> #
>> #       Load water and ions
>> # 
>> loadOff ions94.lib
Loading library: /share/home/zhanghaiping/program/amber16/dat/leap/lib/ions94.lib
Loading: CIO
Loading: Cl-
Loading: Cs+
Loading: IB
Loading: K+
Loading: Li+
Loading: MG2
Loading: Na+
Loading: Rb+
>> loadOff solvents.lib
Loading library: /share/home/zhanghaiping/program/amber16/dat/leap/lib/solvents.lib
Loading: CHCL3BOX
Loading: DC4
Loading: FB3
Loading: FB3BOX
Loading: FB4
Loading: FB4BOX
Loading: MEOHBOX
Loading: NMABOX
Loading: OPC
Loading: OPCBOX
Loading: PL3
Loading: POL3BOX
Loading: QSPCFWBOX
Loading: SPC
Loading: SPCBOX
Loading: SPCFWBOX
Loading: SPF
Loading: SPG
Loading: T4E
Loading: TIP3PBOX
Loading: TIP3PFBOX
Loading: TIP4PBOX
Loading: TIP4PEWBOX
Loading: TIP5PBOX
Loading: TP3
Loading: TP4
Loading: TP5
Loading: TPF
>> HOH = TP3
>> WAT = TP3
>> 
>> #
>> #	Define the PDB name map for the amino acids and DNA.
>> #
>> addPdbResMap {
>>   { 0 "ALA" "NALA" } { 1 "ALA" "CALA" }
>>   { 0 "ARG" "NARG" } { 1 "ARG" "CARG" }
>>   { 0 "ASN" "NASN" } { 1 "ASN" "CASN" }
>>   { 0 "ASP" "NASP" } { 1 "ASP" "CASP" }
>>   { 0 "CYS" "NCYS" } { 1 "CYS" "CCYS" }
>>   { 0 "CYX" "NCYX" } { 1 "CYX" "CCYX" }
>>   { 0 "GLN" "NGLN" } { 1 "GLN" "CGLN" }
>>   { 0 "GLU" "NGLU" } { 1 "GLU" "CGLU" }
>>   { 0 "GLY" "NGLY" } { 1 "GLY" "CGLY" }
>>   { 0 "HID" "NHID" } { 1 "HID" "CHID" }
>>   { 0 "HIE" "NHIE" } { 1 "HIE" "CHIE" }
>>   { 0 "HIP" "NHIP" } { 1 "HIP" "CHIP" }
>>   { 0 "ILE" "NILE" } { 1 "ILE" "CILE" }
>>   { 0 "LEU" "NLEU" } { 1 "LEU" "CLEU" }
>>   { 0 "LYS" "NLYS" } { 1 "LYS" "CLYS" }
>>   { 0 "MET" "NMET" } { 1 "MET" "CMET" }
>>   { 0 "PHE" "NPHE" } { 1 "PHE" "CPHE" }
>>   { 0 "PRO" "NPRO" } { 1 "PRO" "CPRO" }
>>   { 0 "SER" "NSER" } { 1 "SER" "CSER" }
>>   { 0 "THR" "NTHR" } { 1 "THR" "CTHR" }
>>   { 0 "TRP" "NTRP" } { 1 "TRP" "CTRP" }
>>   { 0 "TYR" "NTYR" } { 1 "TYR" "CTYR" }
>>   { 0 "VAL" "NVAL" } { 1 "VAL" "CVAL" }
>>   { 0 "HIS" "NHIS" } { 1 "HIS" "CHIS" }
>>   { 0 "GUA" "DG5"  } { 1 "GUA" "DG3"  } { "GUA" "DG" }
>>   { 0 "ADE" "DA5"  } { 1 "ADE" "DA3"  } { "ADE" "DA" }
>>   { 0 "CYT" "DC5"  } { 1 "CYT" "DC3"  } { "CYT" "DC" }
>>   { 0 "THY" "DT5"  } { 1 "THY" "DT3"  } { "THY" "DT" }
>>   { 0 "G" "RG5"  } { 1 "G" "RG3"  } { "G" "RG" } { "GN" "RGN" }
>>   { 0 "A" "RA5"  } { 1 "A" "RA3"  } { "A" "RA" } { "AN" "RAN" }
>>   { 0 "C" "RC5"  } { 1 "C" "RC3"  } { "C" "RC" } { "CN" "RCN" }
>>   { 0 "U" "RU5"  } { 1 "U" "RU3"  } { "U" "RU" } { "UN" "RUN" }
>>   { 0 "DG" "DG5"  } { 1 "DG" "DG3"  }  
>>   { 0 "DA" "DA5"  } { 1 "DA" "DA3"  }  
>>   { 0 "DC" "DC5"  } { 1 "DC" "DC3"  }  
>>   { 0 "DT" "DT5"  } { 1 "DT" "DT3"  }
>> 
>> }
>> 
>> addPdbAtomMap {
>>   { "O5*" "O5'" }
>>   { "C5*" "C5'" }
>>   { "C4*" "C4'" }
>>   { "O4*" "O4'" }
>>   { "C3*" "C3'" }
>>   { "O3*" "O3'" }
>>   { "C2*" "C2'" }
>>   { "C1*" "C1'" }
>>   { "C5M" "C7"  }
>>   { "O2*" "O2'" }
>>   { "H1*" "H1'" }
>>   { "H2*1" "H2'1" }
>>   { "H2*2" "H2'2" }
>>   { "H2'"  "H2'1" }
>>   { "H2''" "H2'2" }
>>   { "H3*" "H3'" }
>>   { "H4*" "H4'" }
>>   { "H5*1" "H5'1" }
>>   { "H5*2" "H5'2" }
>>   { "H5'"  "H5'1" }
>>   { "H5''" "H5'2" }
>>   { "HO2'" "HO'2" }
>>   { "HO5'" "H5T" }
>>   { "HO3'" "H3T" }
>>   { "O1'" "O4'" }
>>   { "OA"  "O1P" }
>>   { "OB"  "O2P" }
>>   { "OP1" "O1P" }
>>   { "OP2" "O2P" }
>> }
>> 
>> 
>> #
>> # assumed that most often proteins use HIE
>> #
>> NHIS = NHIE
>> HIS = HIE
>> CHIS = CHIE
> 
> #source /home/zhp/tleap/leaprc.GLYCAM_06j-1
> set default PBRadii mbondi3
Using ArgH and AspGluO modified Bondi2 radii
> #3dipepide=sequence{ACE VAL NME}
> 
> 
> protein = loadpdb  1owe_ww.pdb
Loading PDB file: ./1owe_ww.pdb
Enter zPdbReadScan from call depth  0.
Exit  zPdbReadScan from call depth  0.
Matching PDB residue names to LEaP variables.
Mapped residue ILE, term: Terminal/beginning, seq. number: 0 to: NILE.
(Residue 1: ILE, Nonterminal, was not found in name map.)
(Residue 2: GLY, Nonterminal, was not found in name map.)
(Residue 3: GLY, Nonterminal, was not found in name map.)
(Residue 4: GLU, Nonterminal, was not found in name map.)
(Residue 5: PHE, Nonterminal, was not found in name map.)
(Residue 6: THR, Nonterminal, was not found in name map.)
(Residue 7: THR, Nonterminal, was not found in name map.)
(Residue 8: ILE, Nonterminal, was not found in name map.)
(Residue 9: GLU, Nonterminal, was not found in name map.)
(Residue 10: ASN, Nonterminal, was not found in name map.)
(Residue 11: GLN, Nonterminal, was not found in name map.)
(Residue 12: PRO, Nonterminal, was not found in name map.)
(Residue 13: TRP, Nonterminal, was not found in name map.)
(Residue 14: PHE, Nonterminal, was not found in name map.)
(Residue 15: ALA, Nonterminal, was not found in name map.)
(Residue 16: ALA, Nonterminal, was not found in name map.)
(Residue 17: ILE, Nonterminal, was not found in name map.)
(Residue 18: TYR, Nonterminal, was not found in name map.)
(Residue 19: ARG, Nonterminal, was not found in name map.)
(Residue 20: ARG, Nonterminal, was not found in name map.)
(Residue 21: HIS, Nonterminal, was not found in name map.)
(Residue 22: ARG, Nonterminal, was not found in name map.)
(Residue 23: GLY, Nonterminal, was not found in name map.)
(Residue 24: GLY, Nonterminal, was not found in name map.)
(Residue 25: SER, Nonterminal, was not found in name map.)
(Residue 26: VAL, Nonterminal, was not found in name map.)
(Residue 27: THR, Nonterminal, was not found in name map.)
(Residue 28: TYR, Nonterminal, was not found in name map.)
(Residue 29: VAL, Nonterminal, was not found in name map.)
(Residue 30: CYS, Nonterminal, was not found in name map.)
(Residue 31: GLY, Nonterminal, was not found in name map.)
(Residue 32: GLY, Nonterminal, was not found in name map.)
(Residue 33: SER, Nonterminal, was not found in name map.)
(Residue 34: LEU, Nonterminal, was not found in name map.)
(Residue 35: MET, Nonterminal, was not found in name map.)
(Residue 36: SER, Nonterminal, was not found in name map.)
(Residue 37: PRO, Nonterminal, was not found in name map.)
(Residue 38: CYS, Nonterminal, was not found in name map.)
(Residue 39: TRP, Nonterminal, was not found in name map.)
(Residue 40: VAL, Nonterminal, was not found in name map.)
(Residue 41: ILE, Nonterminal, was not found in name map.)
(Residue 42: SER, Nonterminal, was not found in name map.)
(Residue 43: ALA, Nonterminal, was not found in name map.)
(Residue 44: THR, Nonterminal, was not found in name map.)
(Residue 45: HIS, Nonterminal, was not found in name map.)
(Residue 46: CYS, Nonterminal, was not found in name map.)
(Residue 47: PHE, Nonterminal, was not found in name map.)
(Residue 48: ILE, Nonterminal, was not found in name map.)
(Residue 49: ASP, Nonterminal, was not found in name map.)
(Residue 50: TYR, Nonterminal, was not found in name map.)
(Residue 51: PRO, Nonterminal, was not found in name map.)
(Residue 52: LYS, Nonterminal, was not found in name map.)
(Residue 53: LYS, Nonterminal, was not found in name map.)
(Residue 54: GLU, Nonterminal, was not found in name map.)
(Residue 55: ASP, Nonterminal, was not found in name map.)
(Residue 56: TYR, Nonterminal, was not found in name map.)
(Residue 57: ILE, Nonterminal, was not found in name map.)
(Residue 58: VAL, Nonterminal, was not found in name map.)
(Residue 59: TYR, Nonterminal, was not found in name map.)
(Residue 60: LEU, Nonterminal, was not found in name map.)
(Residue 61: GLY, Nonterminal, was not found in name map.)
(Residue 62: ARG, Nonterminal, was not found in name map.)
(Residue 63: SER, Nonterminal, was not found in name map.)
(Residue 64: ARG, Nonterminal, was not found in name map.)
(Residue 65: LEU, Nonterminal, was not found in name map.)
(Residue 66: ASN, Nonterminal, was not found in name map.)
(Residue 67: SER, Nonterminal, was not found in name map.)
(Residue 68: ASN, Nonterminal, was not found in name map.)
(Residue 69: THR, Nonterminal, was not found in name map.)
(Residue 70: GLN, Nonterminal, was not found in name map.)
(Residue 71: GLY, Nonterminal, was not found in name map.)
(Residue 72: GLU, Nonterminal, was not found in name map.)
(Residue 73: MET, Nonterminal, was not found in name map.)
(Residue 74: LYS, Nonterminal, was not found in name map.)
(Residue 75: PHE, Nonterminal, was not found in name map.)
(Residue 76: GLU, Nonterminal, was not found in name map.)
(Residue 77: VAL, Nonterminal, was not found in name map.)
(Residue 78: GLU, Nonterminal, was not found in name map.)
(Residue 79: ASN, Nonterminal, was not found in name map.)
(Residue 80: LEU, Nonterminal, was not found in name map.)
(Residue 81: ILE, Nonterminal, was not found in name map.)
(Residue 82: LEU, Nonterminal, was not found in name map.)
(Residue 83: HIS, Nonterminal, was not found in name map.)
(Residue 84: LYS, Nonterminal, was not found in name map.)
(Residue 85: ASP, Nonterminal, was not found in name map.)
(Residue 86: TYR, Nonterminal, was not found in name map.)
(Residue 87: SER, Nonterminal, was not found in name map.)
(Residue 88: ALA, Nonterminal, was not found in name map.)
(Residue 89: ASP, Nonterminal, was not found in name map.)
(Residue 90: THR, Nonterminal, was not found in name map.)
(Residue 91: LEU, Nonterminal, was not found in name map.)
(Residue 92: ALA, Nonterminal, was not found in name map.)
(Residue 93: HIS, Nonterminal, was not found in name map.)
(Residue 94: HIS, Nonterminal, was not found in name map.)
(Residue 95: ASN, Nonterminal, was not found in name map.)
(Residue 96: ASP, Nonterminal, was not found in name map.)
(Residue 97: ILE, Nonterminal, was not found in name map.)
(Residue 98: ALA, Nonterminal, was not found in name map.)
(Residue 99: LEU, Nonterminal, was not found in name map.)
(Residue 100: LEU, Nonterminal, was not found in name map.)
(Residue 101: LYS, Nonterminal, was not found in name map.)
(Residue 102: ILE, Nonterminal, was not found in name map.)
(Residue 103: ARG, Nonterminal, was not found in name map.)
(Residue 104: SER, Nonterminal, was not found in name map.)
(Residue 105: LYS, Nonterminal, was not found in name map.)
(Residue 106: GLU, Nonterminal, was not found in name map.)
(Residue 107: GLY, Nonterminal, was not found in name map.)
(Residue 108: ARG, Nonterminal, was not found in name map.)
(Residue 109: CYS, Nonterminal, was not found in name map.)
(Residue 110: ALA, Nonterminal, was not found in name map.)
(Residue 111: GLN, Nonterminal, was not found in name map.)
(Residue 112: PRO, Nonterminal, was not found in name map.)
(Residue 113: SER, Nonterminal, was not found in name map.)
(Residue 114: ARG, Nonterminal, was not found in name map.)
(Residue 115: THR, Nonterminal, was not found in name map.)
(Residue 116: ILE, Nonterminal, was not found in name map.)
(Residue 117: GLN, Nonterminal, was not found in name map.)
(Residue 118: THR, Nonterminal, was not found in name map.)
(Residue 119: ILE, Nonterminal, was not found in name map.)
(Residue 120: CYS, Nonterminal, was not found in name map.)
(Residue 121: LEU, Nonterminal, was not found in name map.)
(Residue 122: PRO, Nonterminal, was not found in name map.)
(Residue 123: SER, Nonterminal, was not found in name map.)
(Residue 124: MET, Nonterminal, was not found in name map.)
(Residue 125: TYR, Nonterminal, was not found in name map.)
(Residue 126: ASN, Nonterminal, was not found in name map.)
(Residue 127: ASP, Nonterminal, was not found in name map.)
(Residue 128: PRO, Nonterminal, was not found in name map.)
(Residue 129: GLN, Nonterminal, was not found in name map.)
(Residue 130: PHE, Nonterminal, was not found in name map.)
(Residue 131: GLY, Nonterminal, was not found in name map.)
(Residue 132: THR, Nonterminal, was not found in name map.)
(Residue 133: SER, Nonterminal, was not found in name map.)
(Residue 134: CYS, Nonterminal, was not found in name map.)
(Residue 135: GLU, Nonterminal, was not found in name map.)
(Residue 136: ILE, Nonterminal, was not found in name map.)
(Residue 137: THR, Nonterminal, was not found in name map.)
(Residue 138: GLY, Nonterminal, was not found in name map.)
(Residue 139: PHE, Nonterminal, was not found in name map.)
(Residue 140: GLY, Nonterminal, was not found in name map.)
(Residue 141: LYS, Nonterminal, was not found in name map.)
(Residue 142: GLU, Nonterminal, was not found in name map.)
(Residue 143: GLN, Nonterminal, was not found in name map.)
(Residue 144: SER, Nonterminal, was not found in name map.)
(Residue 145: THR, Nonterminal, was not found in name map.)
(Residue 146: ASP, Nonterminal, was not found in name map.)
(Residue 147: TYR, Nonterminal, was not found in name map.)
(Residue 148: LEU, Nonterminal, was not found in name map.)
(Residue 149: TYR, Nonterminal, was not found in name map.)
(Residue 150: PRO, Nonterminal, was not found in name map.)
(Residue 151: GLU, Nonterminal, was not found in name map.)
(Residue 152: GLN, Nonterminal, was not found in name map.)
(Residue 153: LEU, Nonterminal, was not found in name map.)
(Residue 154: LYS, Nonterminal, was not found in name map.)
(Residue 155: MET, Nonterminal, was not found in name map.)
(Residue 156: THR, Nonterminal, was not found in name map.)
(Residue 157: VAL, Nonterminal, was not found in name map.)
(Residue 158: VAL, Nonterminal, was not found in name map.)
(Residue 159: LYS, Nonterminal, was not found in name map.)
(Residue 160: LEU, Nonterminal, was not found in name map.)
(Residue 161: ILE, Nonterminal, was not found in name map.)
(Residue 162: SER, Nonterminal, was not found in name map.)
(Residue 163: HIS, Nonterminal, was not found in name map.)
(Residue 164: ARG, Nonterminal, was not found in name map.)
(Residue 165: GLU, Nonterminal, was not found in name map.)
(Residue 166: CYS, Nonterminal, was not found in name map.)
(Residue 167: GLN, Nonterminal, was not found in name map.)
(Residue 168: GLN, Nonterminal, was not found in name map.)
(Residue 169: PRO, Nonterminal, was not found in name map.)
(Residue 170: HIS, Nonterminal, was not found in name map.)
(Residue 171: TYR, Nonterminal, was not found in name map.)
(Residue 172: TYR, Nonterminal, was not found in name map.)
(Residue 173: GLY, Nonterminal, was not found in name map.)
(Residue 174: SER, Nonterminal, was not found in name map.)
(Residue 175: GLU, Nonterminal, was not found in name map.)
(Residue 176: VAL, Nonterminal, was not found in name map.)
(Residue 177: THR, Nonterminal, was not found in name map.)
(Residue 178: THR, Nonterminal, was not found in name map.)
(Residue 179: LYS, Nonterminal, was not found in name map.)
(Residue 180: MET, Nonterminal, was not found in name map.)
(Residue 181: LEU, Nonterminal, was not found in name map.)
(Residue 182: CYS, Nonterminal, was not found in name map.)
(Residue 183: ALA, Nonterminal, was not found in name map.)
(Residue 184: ALA, Nonterminal, was not found in name map.)
(Residue 185: ASP, Nonterminal, was not found in name map.)
(Residue 186: PRO, Nonterminal, was not found in name map.)
(Residue 187: GLN, Nonterminal, was not found in name map.)
(Residue 188: TRP, Nonterminal, was not found in name map.)
(Residue 189: LYS, Nonterminal, was not found in name map.)
(Residue 190: THR, Nonterminal, was not found in name map.)
(Residue 191: ASP, Nonterminal, was not found in name map.)
(Residue 192: SER, Nonterminal, was not found in name map.)
(Residue 193: CYS, Nonterminal, was not found in name map.)
(Residue 194: GLN, Nonterminal, was not found in name map.)
(Residue 195: GLY, Nonterminal, was not found in name map.)
(Residue 196: ASP, Nonterminal, was not found in name map.)
(Residue 197: SER, Nonterminal, was not found in name map.)
(Residue 198: GLY, Nonterminal, was not found in name map.)
(Residue 199: GLY, Nonterminal, was not found in name map.)
(Residue 200: PRO, Nonterminal, was not found in name map.)
(Residue 201: LEU, Nonterminal, was not found in name map.)
(Residue 202: VAL, Nonterminal, was not found in name map.)
(Residue 203: CYS, Nonterminal, was not found in name map.)
(Residue 204: SER, Nonterminal, was not found in name map.)
(Residue 205: LEU, Nonterminal, was not found in name map.)
(Residue 206: GLN, Nonterminal, was not found in name map.)
(Residue 207: GLY, Nonterminal, was not found in name map.)
(Residue 208: ARG, Nonterminal, was not found in name map.)
(Residue 209: MET, Nonterminal, was not found in name map.)
(Residue 210: THR, Nonterminal, was not found in name map.)
(Residue 211: LEU, Nonterminal, was not found in name map.)
(Residue 212: THR, Nonterminal, was not found in name map.)
(Residue 213: GLY, Nonterminal, was not found in name map.)
(Residue 214: ILE, Nonterminal, was not found in name map.)
(Residue 215: VAL, Nonterminal, was not found in name map.)
(Residue 216: SER, Nonterminal, was not found in name map.)
(Residue 217: TRP, Nonterminal, was not found in name map.)
(Residue 218: GLY, Nonterminal, was not found in name map.)
(Residue 219: ARG, Nonterminal, was not found in name map.)
(Residue 220: GLY, Nonterminal, was not found in name map.)
(Residue 221: CYS, Nonterminal, was not found in name map.)
(Residue 222: ALA, Nonterminal, was not found in name map.)
(Residue 223: LEU, Nonterminal, was not found in name map.)
(Residue 224: LYS, Nonterminal, was not found in name map.)
(Residue 225: ASP, Nonterminal, was not found in name map.)
(Residue 226: LYS, Nonterminal, was not found in name map.)
(Residue 227: PRO, Nonterminal, was not found in name map.)
(Residue 228: GLY, Nonterminal, was not found in name map.)
(Residue 229: VAL, Nonterminal, was not found in name map.)
(Residue 230: TYR, Nonterminal, was not found in name map.)
(Residue 231: THR, Nonterminal, was not found in name map.)
(Residue 232: ARG, Nonterminal, was not found in name map.)
(Residue 233: VAL, Nonterminal, was not found in name map.)
(Residue 234: SER, Nonterminal, was not found in name map.)
(Residue 235: HIS, Nonterminal, was not found in name map.)
(Residue 236: PHE, Nonterminal, was not found in name map.)
(Residue 237: LEU, Nonterminal, was not found in name map.)
(Residue 238: PRO, Nonterminal, was not found in name map.)
(Residue 239: TRP, Nonterminal, was not found in name map.)
(Residue 240: ILE, Nonterminal, was not found in name map.)
(Residue 241: ARG, Nonterminal, was not found in name map.)
(Residue 242: SER, Nonterminal, was not found in name map.)
(Residue 243: HIS, Nonterminal, was not found in name map.)
Mapped residue THR, term: Terminal/last, seq. number: 244 to: CTHR.
Joining NILE - ILE
Joining ILE - GLY
Joining GLY - GLY
Joining GLY - GLU
Joining GLU - PHE
Joining PHE - THR
Joining THR - THR
Joining THR - ILE
Joining ILE - GLU
Joining GLU - ASN
Joining ASN - GLN
Joining GLN - PRO
Joining PRO - TRP
Joining TRP - PHE
Joining PHE - ALA
Joining ALA - ALA
Joining ALA - ILE
Joining ILE - TYR
Joining TYR - ARG
Joining ARG - ARG
Joining ARG - HIE
Joining HIE - ARG
Joining ARG - GLY
Joining GLY - GLY
Joining GLY - SER
Joining SER - VAL
Joining VAL - THR
Joining THR - TYR
Joining TYR - VAL
Joining VAL - CYS
Joining CYS - GLY
Joining GLY - GLY
Joining GLY - SER
Joining SER - LEU
Joining LEU - MET
Joining MET - SER
Joining SER - PRO
Joining PRO - CYS
Joining CYS - TRP
Joining TRP - VAL
Joining VAL - ILE
Joining ILE - SER
Joining SER - ALA
Joining ALA - THR
Joining THR - HIE
Joining HIE - CYS
Joining CYS - PHE
Joining PHE - ILE
Joining ILE - ASP
Joining ASP - TYR
Joining TYR - PRO
Joining PRO - LYS
Joining LYS - LYS
Joining LYS - GLU
Joining GLU - ASP
Joining ASP - TYR
Joining TYR - ILE
Joining ILE - VAL
Joining VAL - TYR
Joining TYR - LEU
Joining LEU - GLY
Joining GLY - ARG
Joining ARG - SER
Joining SER - ARG
Joining ARG - LEU
Joining LEU - ASN
Joining ASN - SER
Joining SER - ASN
Joining ASN - THR
Joining THR - GLN
Joining GLN - GLY
Joining GLY - GLU
Joining GLU - MET
Joining MET - LYS
Joining LYS - PHE
Joining PHE - GLU
Joining GLU - VAL
Joining VAL - GLU
Joining GLU - ASN
Joining ASN - LEU
Joining LEU - ILE
Joining ILE - LEU
Joining LEU - HIE
Joining HIE - LYS
Joining LYS - ASP
Joining ASP - TYR
Joining TYR - SER
Joining SER - ALA
Joining ALA - ASP
Joining ASP - THR
Joining THR - LEU
Joining LEU - ALA
Joining ALA - HIE
Joining HIE - HIE
Joining HIE - ASN
Joining ASN - ASP
Joining ASP - ILE
Joining ILE - ALA
Joining ALA - LEU
Joining LEU - LEU
Joining LEU - LYS
Joining LYS - ILE
Joining ILE - ARG
Joining ARG - SER
Joining SER - LYS
Joining LYS - GLU
Joining GLU - GLY
Joining GLY - ARG
Joining ARG - CYS
Joining CYS - ALA
Joining ALA - GLN
Joining GLN - PRO
Joining PRO - SER
Joining SER - ARG
Joining ARG - THR
Joining THR - ILE
Joining ILE - GLN
Joining GLN - THR
Joining THR - ILE
Joining ILE - CYS
  Added missing heavy atom: .R<CYS 121>.A<SG 8>
Joining CYS - LEU
Joining LEU - PRO
Joining PRO - SER
Joining SER - MET
Joining MET - TYR
Joining TYR - ASN
Joining ASN - ASP
Joining ASP - PRO
Joining PRO - GLN
Joining GLN - PHE
Joining PHE - GLY
Joining GLY - THR
Joining THR - SER
Joining SER - CYS
Joining CYS - GLU
Joining GLU - ILE
Joining ILE - THR
Joining THR - GLY
Joining GLY - PHE
Joining PHE - GLY
Joining GLY - LYS
Joining LYS - GLU
Joining GLU - GLN
Joining GLN - SER
Joining SER - THR
Joining THR - ASP
Joining ASP - TYR
Joining TYR - LEU
Joining LEU - TYR
Joining TYR - PRO
Joining PRO - GLU
Joining GLU - GLN
Joining GLN - LEU
Joining LEU - LYS
Joining LYS - MET
Joining MET - THR
Joining THR - VAL
Joining VAL - VAL
Joining VAL - LYS
Joining LYS - LEU
Joining LEU - ILE
Joining ILE - SER
Joining SER - HIE
Joining HIE - ARG
Joining ARG - GLU
Joining GLU - CYS
Joining CYS - GLN
Joining GLN - GLN
Joining GLN - PRO
Joining PRO - HIE
Joining HIE - TYR
Joining TYR - TYR
Joining TYR - GLY
Joining GLY - SER
Joining SER - GLU
Joining GLU - VAL
Joining VAL - THR
Joining THR - THR
Joining THR - LYS
Joining LYS - MET
Joining MET - LEU
Joining LEU - CYS
Joining CYS - ALA
Joining ALA - ALA
Joining ALA - ASP
Joining ASP - PRO
Joining PRO - GLN
Joining GLN - TRP
Joining TRP - LYS
Joining LYS - THR
Joining THR - ASP
Joining ASP - SER
Joining SER - CYS
Joining CYS - GLN
Joining GLN - GLY
Joining GLY - ASP
Joining ASP - SER
Joining SER - GLY
Joining GLY - GLY
Joining GLY - PRO
Joining PRO - LEU
Joining LEU - VAL
Joining VAL - CYS
Joining CYS - SER
Joining SER - LEU
Joining LEU - GLN
Joining GLN - GLY
Joining GLY - ARG
Joining ARG - MET
Joining MET - THR
Joining THR - LEU
Joining LEU - THR
Joining THR - GLY
Joining GLY - ILE
Joining ILE - VAL
Joining VAL - SER
Joining SER - TRP
Joining TRP - GLY
Joining GLY - ARG
Joining ARG - GLY
Joining GLY - CYS
Joining CYS - ALA
Joining ALA - LEU
Joining LEU - LYS
Joining LYS - ASP
Joining ASP - LYS
Joining LYS - PRO
Joining PRO - GLY
Joining GLY - VAL
Joining VAL - TYR
Joining TYR - THR
Joining THR - ARG
Joining ARG - VAL
Joining VAL - SER
Joining SER - HIE
Joining HIE - PHE
Joining PHE - LEU
Joining LEU - PRO
Joining PRO - TRP
Joining TRP - ILE
Joining ILE - ARG
Joining ARG - SER
Joining SER - HIE
Joining HIE - CTHR
  total atoms in file: 1934
  Leap added 1894 missing atoms according to residue templates:
       1 Heavy
       1893 H / lone pairs
> savepdb  protein  protein.pdb
Writing pdb file: protein.pdb
 Converting N-terminal residue name to PDB format: NILE -> ILE
 Converting C-terminal residue name to PDB format: CTHR -> THR
> ##saveamberparm dipepide diVAL.prmtop diVAL.inpcrd
> 
> quit
	Quit
