log started: Fri Nov 23 17:30:16 2018

Log file: ./leap.log
>> #
>> # ----- leaprc for loading the ff99SB (Hornak & Simmerling) force field
>> # -----  this file is updated for PDB format 3
>> #
>> #	load atom type hybridizations
>> #
>> addAtomTypes {
>> 	{ "H"   "H" "sp3" }
>> 	{ "HO"  "H" "sp3" }
>> 	{ "HS"  "H" "sp3" }
>> 	{ "H1"  "H" "sp3" }
>> 	{ "H2"  "H" "sp3" }
>> 	{ "H3"  "H" "sp3" }
>> 	{ "H4"  "H" "sp3" }
>> 	{ "H5"  "H" "sp3" }
>> 	{ "HW"  "H" "sp3" }
>> 	{ "HC"  "H" "sp3" }
>> 	{ "HA"  "H" "sp3" }
>> 	{ "HP"  "H" "sp3" }
>> 	{ "OH"  "O" "sp3" }
>> 	{ "OS"  "O" "sp3" }
>> 	{ "O"   "O" "sp2" }
>> 	{ "O2"  "O" "sp2" }
>> 	{ "OW"  "O" "sp3" }
>> 	{ "CT"  "C" "sp3" }
>> 	{ "CH"  "C" "sp3" }
>> 	{ "C2"  "C" "sp3" }
>> 	{ "C3"  "C" "sp3" }
>> 	{ "C"   "C" "sp2" }
>> 	{ "C*"  "C" "sp2" }
>> 	{ "CA"  "C" "sp2" }
>> 	{ "CB"  "C" "sp2" }
>> 	{ "CC"  "C" "sp2" }
>> 	{ "CN"  "C" "sp2" }
>> 	{ "CM"  "C" "sp2" }
>> 	{ "CK"  "C" "sp2" }
>> 	{ "CQ"  "C" "sp2" }
>> 	{ "CD"  "C" "sp2" }
>> 	{ "CE"  "C" "sp2" }
>> 	{ "CF"  "C" "sp2" }
>> 	{ "CP"  "C" "sp2" }
>> 	{ "CI"  "C" "sp2" }
>> 	{ "CJ"  "C" "sp2" }
>> 	{ "CW"  "C" "sp2" }
>> 	{ "CV"  "C" "sp2" }
>> 	{ "CR"  "C" "sp2" }
>> 	{ "CA"  "C" "sp2" }
>> 	{ "CY"  "C" "sp2" }
>> 	{ "C0"  "Ca" "sp2" }
>> 	{ "MG"  "Mg" "sp3" }
>> 	{ "N"   "N" "sp2" }
>> 	{ "NA"  "N" "sp2" }
>> 	{ "N2"  "N" "sp2" }
>> 	{ "N*"  "N" "sp2" }
>> 	{ "NP"  "N" "sp2" }
>> 	{ "NQ"  "N" "sp2" }
>> 	{ "NB"  "N" "sp2" }
>> 	{ "NC"  "N" "sp2" }
>> 	{ "NT"  "N" "sp3" }
>> 	{ "N3"  "N" "sp3" }
>> 	{ "S"   "S" "sp3" }
>> 	{ "SH"  "S" "sp3" }
>> 	{ "P"   "P" "sp3" }
>> 	{ "LP"  ""  "sp3" }
>> 	{ "F"   "F" "sp3" }
>> 	{ "CL"  "Cl" "sp3" }
>> 	{ "BR"  "Br" "sp3" }
>> 	{ "I"   "I"  "sp3" }
>> 	{ "FE"  "Fe" "sp3" }
>> 	{ "EP"  ""  "sp3" }
>> # glycam
>> 	{ "OG"  "O" "sp3" }
>> 	{ "OL"  "O" "sp3" }
>> 	{ "AC"  "C" "sp3" }
>> 	{ "EC"  "C" "sp3" }
>> }
>> #
>> #	Load the main parameter set.
>> #
>> parm99 = loadamberparams parm99.dat
Loading parameters: /share/home/zhanghaiping/program/amber16/dat/leap/parm/parm99.dat
Reading title:
PARM99 for DNA,RNA,AA, organic molecules, TIP3P wat. Polariz.& LP incl.02/04/99
(UNKNOWN ATOM TYPE: HZ)
(UNKNOWN ATOM TYPE: IM)
(UNKNOWN ATOM TYPE: Li)
(UNKNOWN ATOM TYPE: IP)
(UNKNOWN ATOM TYPE: K)
(UNKNOWN ATOM TYPE: Rb)
(UNKNOWN ATOM TYPE: Cs)
(UNKNOWN ATOM TYPE: Zn)
(UNKNOWN ATOM TYPE: IB)
(UNKNOWN ATOM TYPE: LP)
>> frcmod99SB = loadamberparams frcmod.ff99SB
Loading parameters: /share/home/zhanghaiping/program/amber16/dat/leap/parm/frcmod.ff99SB
Reading force field modification type file (frcmod)
Reading title:
Modification/update of parm99.dat (Hornak & Simmerling)
>> #
>> #	Load DNA/RNA libraries
>> #
>> loadOff all_nucleic94.lib
Loading library: /share/home/zhanghaiping/program/amber16/dat/leap/lib/all_nucleic94.lib
Loading: DA
Loading: DA3
Loading: DA5
Loading: DAN
Loading: DC
Loading: DC3
Loading: DC5
Loading: DCN
Loading: DG
Loading: DG3
Loading: DG5
Loading: DGN
Loading: DT
Loading: DT3
Loading: DT5
Loading: DTN
Loading: RA
Loading: RA3
Loading: RA5
Loading: RAN
Loading: RC
Loading: RC3
Loading: RC5
Loading: RCN
Loading: RG
Loading: RG3
Loading: RG5
Loading: RGN
Loading: RU
Loading: RU3
Loading: RU5
Loading: RUN
>> #
>> #	Load main chain and terminating 
>> #	amino acid libraries (i.e. ff94 libs)
>> #
>> loadOff all_amino94.lib
Loading library: /share/home/zhanghaiping/program/amber16/dat/leap/lib/all_amino94.lib
Loading: ALA
Loading: ARG
Loading: ASH
Loading: ASN
Loading: ASP
Loading: CYM
Loading: CYS
Loading: CYX
Loading: GLH
Loading: GLN
Loading: GLU
Loading: GLY
Loading: HID
Loading: HIE
Loading: HIP
Loading: ILE
Loading: LEU
Loading: LYN
Loading: LYS
Loading: MET
Loading: PHE
Loading: PRO
Loading: SER
Loading: THR
Loading: TRP
Loading: TYR
Loading: VAL
>> loadOff all_aminoct94.lib
Loading library: /share/home/zhanghaiping/program/amber16/dat/leap/lib/all_aminoct94.lib
Loading: CALA
Loading: CARG
Loading: CASN
Loading: CASP
Loading: CCYS
Loading: CCYX
Loading: CGLN
Loading: CGLU
Loading: CGLY
Loading: CHID
Loading: CHIE
Loading: CHIP
Loading: CILE
Loading: CLEU
Loading: CLYS
Loading: CMET
Loading: CPHE
Loading: CPRO
Loading: CSER
Loading: CTHR
Loading: CTRP
Loading: CTYR
Loading: CVAL
Loading: NHE
Loading: NME
>> loadOff all_aminont94.lib
Loading library: /share/home/zhanghaiping/program/amber16/dat/leap/lib/all_aminont94.lib
Loading: ACE
Loading: NALA
Loading: NARG
Loading: NASN
Loading: NASP
Loading: NCYS
Loading: NCYX
Loading: NGLN
Loading: NGLU
Loading: NGLY
Loading: NHID
Loading: NHIE
Loading: NHIP
Loading: NILE
Loading: NLEU
Loading: NLYS
Loading: NMET
Loading: NPHE
Loading: NPRO
Loading: NSER
Loading: NTHR
Loading: NTRP
Loading: NTYR
Loading: NVAL
>> #
>> #       Load water and ions
>> # 
>> loadOff ions94.lib
Loading library: /share/home/zhanghaiping/program/amber16/dat/leap/lib/ions94.lib
Loading: CIO
Loading: Cl-
Loading: Cs+
Loading: IB
Loading: K+
Loading: Li+
Loading: MG2
Loading: Na+
Loading: Rb+
>> loadOff solvents.lib
Loading library: /share/home/zhanghaiping/program/amber16/dat/leap/lib/solvents.lib
Loading: CHCL3BOX
Loading: DC4
Loading: FB3
Loading: FB3BOX
Loading: FB4
Loading: FB4BOX
Loading: MEOHBOX
Loading: NMABOX
Loading: OPC
Loading: OPCBOX
Loading: PL3
Loading: POL3BOX
Loading: QSPCFWBOX
Loading: SPC
Loading: SPCBOX
Loading: SPCFWBOX
Loading: SPF
Loading: SPG
Loading: T4E
Loading: TIP3PBOX
Loading: TIP3PFBOX
Loading: TIP4PBOX
Loading: TIP4PEWBOX
Loading: TIP5PBOX
Loading: TP3
Loading: TP4
Loading: TP5
Loading: TPF
>> HOH = TP3
>> WAT = TP3
>> 
>> #
>> #	Define the PDB name map for the amino acids and DNA.
>> #
>> addPdbResMap {
>>   { 0 "ALA" "NALA" } { 1 "ALA" "CALA" }
>>   { 0 "ARG" "NARG" } { 1 "ARG" "CARG" }
>>   { 0 "ASN" "NASN" } { 1 "ASN" "CASN" }
>>   { 0 "ASP" "NASP" } { 1 "ASP" "CASP" }
>>   { 0 "CYS" "NCYS" } { 1 "CYS" "CCYS" }
>>   { 0 "CYX" "NCYX" } { 1 "CYX" "CCYX" }
>>   { 0 "GLN" "NGLN" } { 1 "GLN" "CGLN" }
>>   { 0 "GLU" "NGLU" } { 1 "GLU" "CGLU" }
>>   { 0 "GLY" "NGLY" } { 1 "GLY" "CGLY" }
>>   { 0 "HID" "NHID" } { 1 "HID" "CHID" }
>>   { 0 "HIE" "NHIE" } { 1 "HIE" "CHIE" }
>>   { 0 "HIP" "NHIP" } { 1 "HIP" "CHIP" }
>>   { 0 "ILE" "NILE" } { 1 "ILE" "CILE" }
>>   { 0 "LEU" "NLEU" } { 1 "LEU" "CLEU" }
>>   { 0 "LYS" "NLYS" } { 1 "LYS" "CLYS" }
>>   { 0 "MET" "NMET" } { 1 "MET" "CMET" }
>>   { 0 "PHE" "NPHE" } { 1 "PHE" "CPHE" }
>>   { 0 "PRO" "NPRO" } { 1 "PRO" "CPRO" }
>>   { 0 "SER" "NSER" } { 1 "SER" "CSER" }
>>   { 0 "THR" "NTHR" } { 1 "THR" "CTHR" }
>>   { 0 "TRP" "NTRP" } { 1 "TRP" "CTRP" }
>>   { 0 "TYR" "NTYR" } { 1 "TYR" "CTYR" }
>>   { 0 "VAL" "NVAL" } { 1 "VAL" "CVAL" }
>>   { 0 "HIS" "NHIS" } { 1 "HIS" "CHIS" }
>>   { 0 "GUA" "DG5"  } { 1 "GUA" "DG3"  } { "GUA" "DG" }
>>   { 0 "ADE" "DA5"  } { 1 "ADE" "DA3"  } { "ADE" "DA" }
>>   { 0 "CYT" "DC5"  } { 1 "CYT" "DC3"  } { "CYT" "DC" }
>>   { 0 "THY" "DT5"  } { 1 "THY" "DT3"  } { "THY" "DT" }
>>   { 0 "G" "RG5"  } { 1 "G" "RG3"  } { "G" "RG" } { "GN" "RGN" }
>>   { 0 "A" "RA5"  } { 1 "A" "RA3"  } { "A" "RA" } { "AN" "RAN" }
>>   { 0 "C" "RC5"  } { 1 "C" "RC3"  } { "C" "RC" } { "CN" "RCN" }
>>   { 0 "U" "RU5"  } { 1 "U" "RU3"  } { "U" "RU" } { "UN" "RUN" }
>>   { 0 "DG" "DG5"  } { 1 "DG" "DG3"  }  
>>   { 0 "DA" "DA5"  } { 1 "DA" "DA3"  }  
>>   { 0 "DC" "DC5"  } { 1 "DC" "DC3"  }  
>>   { 0 "DT" "DT5"  } { 1 "DT" "DT3"  }
>> 
>> }
>> 
>> addPdbAtomMap {
>>   { "O5*" "O5'" }
>>   { "C5*" "C5'" }
>>   { "C4*" "C4'" }
>>   { "O4*" "O4'" }
>>   { "C3*" "C3'" }
>>   { "O3*" "O3'" }
>>   { "C2*" "C2'" }
>>   { "C1*" "C1'" }
>>   { "C5M" "C7"  }
>>   { "O2*" "O2'" }
>>   { "H1*" "H1'" }
>>   { "H2*1" "H2'1" }
>>   { "H2*2" "H2'2" }
>>   { "H2'"  "H2'1" }
>>   { "H2''" "H2'2" }
>>   { "H3*" "H3'" }
>>   { "H4*" "H4'" }
>>   { "H5*1" "H5'1" }
>>   { "H5*2" "H5'2" }
>>   { "H5'"  "H5'1" }
>>   { "H5''" "H5'2" }
>>   { "HO2'" "HO'2" }
>>   { "HO5'" "H5T" }
>>   { "HO3'" "H3T" }
>>   { "O1'" "O4'" }
>>   { "OA"  "O1P" }
>>   { "OB"  "O2P" }
>>   { "OP1" "O1P" }
>>   { "OP2" "O2P" }
>> }
>> 
>> 
>> #
>> # assumed that most often proteins use HIE
>> #
>> NHIS = NHIE
>> HIS = HIE
>> CHIS = CHIE
> 
> #source /home/zhp/tleap/leaprc.GLYCAM_06j-1
> set default PBRadii mbondi3
Using ArgH and AspGluO modified Bondi2 radii
> #3dipepide=sequence{ACE VAL NME}
> 
> 
> protein = loadpdb  1kzk_ww.pdb
Loading PDB file: ./1kzk_ww.pdb
Enter zPdbReadScan from call depth  0.
-- residue 2: duplicate [ CB] atoms (total 2)
-- residue 2: duplicate [ CD] atoms (total 2)
-- residue 2: duplicate [ CG] atoms (total 2)
-- residue 2: duplicate [ HG2] atoms (total 2)
-- residue 2: duplicate [ HG3] atoms (total 2)
-- residue 2: duplicate [ NE2] atoms (total 2)
-- residue 2: duplicate [ OE1] atoms (total 2)
-- residue 2: duplicate [HE21] atoms (total 2)
-- residue 2: duplicate [HE22] atoms (total 2)
-- residue 4: duplicate [ C] atoms (total 2)
-- residue 4: duplicate [ CA] atoms (total 2)
-- residue 4: duplicate [ CB] atoms (total 2)
-- residue 4: duplicate [ CG2] atoms (total 2)
-- residue 4: duplicate [ N] atoms (total 2)
-- residue 4: duplicate [ O] atoms (total 2)
-- residue 4: duplicate [ OG1] atoms (total 2)
-- residue 43: duplicate [ CB] atoms (total 2)
-- residue 43: duplicate [ CD] atoms (total 2)
-- residue 43: duplicate [ CE] atoms (total 2)
-- residue 43: duplicate [ CG] atoms (total 2)
-- residue 43: duplicate [ NZ] atoms (total 2)
-- residue 91: duplicate [ CB] atoms (total 2)
-- residue 91: duplicate [ CG2] atoms (total 2)
-- residue 91: duplicate [ HB] atoms (total 2)
-- residue 91: duplicate [ HG1] atoms (total 2)
-- residue 91: duplicate [ OG1] atoms (total 2)
-- residue 91: duplicate [HG21] atoms (total 2)
-- residue 91: duplicate [HG22] atoms (total 2)
-- residue 91: duplicate [HG23] atoms (total 2)
-- residue 95: duplicate [ CB] atoms (total 2)
-- residue 95: duplicate [ SG] atoms (total 2)
-- residue 120: duplicate [ CB] atoms (total 2)
-- residue 120: duplicate [ CD] atoms (total 2)
-- residue 120: duplicate [ CG] atoms (total 2)
-- residue 120: duplicate [ HB2] atoms (total 2)
-- residue 120: duplicate [ HB3] atoms (total 2)
-- residue 120: duplicate [ HG2] atoms (total 2)
-- residue 120: duplicate [ HG3] atoms (total 2)
-- residue 120: duplicate [ OE1] atoms (total 2)
-- residue 120: duplicate [ OE2] atoms (total 2)
-- residue 145: duplicate [ CB] atoms (total 2)
-- residue 145: duplicate [ CE] atoms (total 2)
-- residue 145: duplicate [ CG] atoms (total 2)
-- residue 145: duplicate [ HB2] atoms (total 2)
-- residue 145: duplicate [ HB3] atoms (total 2)
-- residue 145: duplicate [ HE1] atoms (total 2)
-- residue 145: duplicate [ HE2] atoms (total 2)
-- residue 145: duplicate [ HE3] atoms (total 2)
-- residue 145: duplicate [ HG2] atoms (total 2)
-- residue 145: duplicate [ HG3] atoms (total 2)
-- residue 145: duplicate [ SD] atoms (total 2)
-- residue 166: duplicate [ CB] atoms (total 2)
-- residue 166: duplicate [ HB2] atoms (total 2)
-- residue 166: duplicate [ HB3] atoms (total 2)
-- residue 166: duplicate [ SG] atoms (total 2)
-- residue 169: duplicate [ CE] atoms (total 2)
-- residue 169: duplicate [ NZ] atoms (total 2)
-- residue 181: duplicate [ CB] atoms (total 2)
-- residue 181: duplicate [ CG1] atoms (total 2)
-- residue 181: duplicate [ CG2] atoms (total 2)
-- residue 181: duplicate [ HB] atoms (total 2)
-- residue 181: duplicate [HG11] atoms (total 2)
-- residue 181: duplicate [HG12] atoms (total 2)
-- residue 181: duplicate [HG13] atoms (total 2)
-- residue 181: duplicate [HG21] atoms (total 2)
-- residue 181: duplicate [HG22] atoms (total 2)
-- residue 181: duplicate [HG23] atoms (total 2)
-- residue 196: duplicate [ CB] atoms (total 2)
-- residue 196: duplicate [ CD1] atoms (total 2)
-- residue 196: duplicate [ CD2] atoms (total 2)
-- residue 196: duplicate [ CG] atoms (total 2)
-- residue 196: duplicate [ HB2] atoms (total 2)
-- residue 196: duplicate [ HB3] atoms (total 2)
-- residue 197: duplicate [ CB] atoms (total 2)
-- residue 197: duplicate [ CG] atoms (total 2)
-- residue 197: duplicate [ HB2] atoms (total 2)
-- residue 197: duplicate [ HB3] atoms (total 2)
-- residue 197: duplicate [ ND2] atoms (total 2)
-- residue 197: duplicate [ OD1] atoms (total 2)
-- residue 197: duplicate [HD21] atoms (total 2)
-- residue 197: duplicate [HD22] atoms (total 2)

   Warning: Atom names in each residue should be unique.
     (Same-name atoms are handled by using the first
      occurrence and by ignoring the rest.
      Frequently duplicate atom names stem from alternate
      conformations in the PDB file.)

Exit  zPdbReadScan from call depth  0.
Matching PDB residue names to LEaP variables.
Mapped residue PRO, term: Terminal/beginning, seq. number: 0 to: NPRO.
(Residue 1: GLN, Nonterminal, was not found in name map.)
(Residue 2: ILE, Nonterminal, was not found in name map.)
(Residue 3: THR, Nonterminal, was not found in name map.)
(Residue 4: LEU, Nonterminal, was not found in name map.)
(Residue 5: TRP, Nonterminal, was not found in name map.)
(Residue 6: LYS, Nonterminal, was not found in name map.)
(Residue 7: ARG, Nonterminal, was not found in name map.)
(Residue 8: PRO, Nonterminal, was not found in name map.)
(Residue 9: LEU, Nonterminal, was not found in name map.)
(Residue 10: VAL, Nonterminal, was not found in name map.)
(Residue 11: THR, Nonterminal, was not found in name map.)
(Residue 12: ILE, Nonterminal, was not found in name map.)
(Residue 13: ARG, Nonterminal, was not found in name map.)
(Residue 14: ILE, Nonterminal, was not found in name map.)
(Residue 15: GLY, Nonterminal, was not found in name map.)
(Residue 16: GLY, Nonterminal, was not found in name map.)
(Residue 17: GLN, Nonterminal, was not found in name map.)
(Residue 18: LEU, Nonterminal, was not found in name map.)
(Residue 19: LYS, Nonterminal, was not found in name map.)
(Residue 20: GLU, Nonterminal, was not found in name map.)
(Residue 21: ALA, Nonterminal, was not found in name map.)
(Residue 22: LEU, Nonterminal, was not found in name map.)
(Residue 23: LEU, Nonterminal, was not found in name map.)
(Residue 24: ASP, Nonterminal, was not found in name map.)
(Residue 25: THR, Nonterminal, was not found in name map.)
(Residue 26: GLY, Nonterminal, was not found in name map.)
(Residue 27: ALA, Nonterminal, was not found in name map.)
(Residue 28: ASP, Nonterminal, was not found in name map.)
(Residue 29: ASP, Nonterminal, was not found in name map.)
(Residue 30: THR, Nonterminal, was not found in name map.)
(Residue 31: VAL, Nonterminal, was not found in name map.)
(Residue 32: LEU, Nonterminal, was not found in name map.)
(Residue 33: GLU, Nonterminal, was not found in name map.)
(Residue 34: GLU, Nonterminal, was not found in name map.)
(Residue 35: MET, Nonterminal, was not found in name map.)
(Residue 36: ASN, Nonterminal, was not found in name map.)
(Residue 37: LEU, Nonterminal, was not found in name map.)
(Residue 38: PRO, Nonterminal, was not found in name map.)
(Residue 39: GLY, Nonterminal, was not found in name map.)
(Residue 40: LYS, Nonterminal, was not found in name map.)
(Residue 41: TRP, Nonterminal, was not found in name map.)
(Residue 42: LYS, Nonterminal, was not found in name map.)
(Residue 43: PRO, Nonterminal, was not found in name map.)
(Residue 44: LYS, Nonterminal, was not found in name map.)
(Residue 45: MET, Nonterminal, was not found in name map.)
(Residue 46: ILE, Nonterminal, was not found in name map.)
(Residue 47: GLY, Nonterminal, was not found in name map.)
(Residue 48: GLY, Nonterminal, was not found in name map.)
(Residue 49: ILE, Nonterminal, was not found in name map.)
(Residue 50: GLY, Nonterminal, was not found in name map.)
(Residue 51: GLY, Nonterminal, was not found in name map.)
(Residue 52: PHE, Nonterminal, was not found in name map.)
(Residue 53: ILE, Nonterminal, was not found in name map.)
(Residue 54: LYS, Nonterminal, was not found in name map.)
(Residue 55: VAL, Nonterminal, was not found in name map.)
(Residue 56: ARG, Nonterminal, was not found in name map.)
(Residue 57: GLN, Nonterminal, was not found in name map.)
(Residue 58: TYR, Nonterminal, was not found in name map.)
(Residue 59: ASP, Nonterminal, was not found in name map.)
(Residue 60: GLN, Nonterminal, was not found in name map.)
(Residue 61: ILE, Nonterminal, was not found in name map.)
(Residue 62: PRO, Nonterminal, was not found in name map.)
(Residue 63: VAL, Nonterminal, was not found in name map.)
(Residue 64: GLU, Nonterminal, was not found in name map.)
(Residue 65: ILE, Nonterminal, was not found in name map.)
(Residue 66: CYS, Nonterminal, was not found in name map.)
(Residue 67: GLY, Nonterminal, was not found in name map.)
(Residue 68: HIS, Nonterminal, was not found in name map.)
(Residue 69: LYS, Nonterminal, was not found in name map.)
(Residue 70: ALA, Nonterminal, was not found in name map.)
(Residue 71: ILE, Nonterminal, was not found in name map.)
(Residue 72: GLY, Nonterminal, was not found in name map.)
(Residue 73: THR, Nonterminal, was not found in name map.)
(Residue 74: VAL, Nonterminal, was not found in name map.)
(Residue 75: LEU, Nonterminal, was not found in name map.)
(Residue 76: VAL, Nonterminal, was not found in name map.)
(Residue 77: GLY, Nonterminal, was not found in name map.)
(Residue 78: PRO, Nonterminal, was not found in name map.)
(Residue 79: THR, Nonterminal, was not found in name map.)
(Residue 80: PRO, Nonterminal, was not found in name map.)
(Residue 81: VAL, Nonterminal, was not found in name map.)
(Residue 82: ASN, Nonterminal, was not found in name map.)
(Residue 83: ILE, Nonterminal, was not found in name map.)
(Residue 84: ILE, Nonterminal, was not found in name map.)
(Residue 85: GLY, Nonterminal, was not found in name map.)
(Residue 86: ARG, Nonterminal, was not found in name map.)
(Residue 87: ASN, Nonterminal, was not found in name map.)
(Residue 88: LEU, Nonterminal, was not found in name map.)
(Residue 89: LEU, Nonterminal, was not found in name map.)
(Residue 90: THR, Nonterminal, was not found in name map.)
(Residue 91: GLN, Nonterminal, was not found in name map.)
(Residue 92: ILE, Nonterminal, was not found in name map.)
(Residue 93: GLY, Nonterminal, was not found in name map.)
(Residue 94: CYS, Nonterminal, was not found in name map.)
(Residue 95: THR, Nonterminal, was not found in name map.)
(Residue 96: LEU, Nonterminal, was not found in name map.)
(Residue 97: ASN, Nonterminal, was not found in name map.)
Mapped residue PHE, term: Terminal/last, seq. number: 98 to: CPHE.
Mapped residue PRO, term: Terminal/beginning, seq. number: 99 to: NPRO.
(Residue 100: GLN, Nonterminal, was not found in name map.)
(Residue 101: ILE, Nonterminal, was not found in name map.)
(Residue 102: THR, Nonterminal, was not found in name map.)
(Residue 103: LEU, Nonterminal, was not found in name map.)
(Residue 104: TRP, Nonterminal, was not found in name map.)
(Residue 105: LYS, Nonterminal, was not found in name map.)
(Residue 106: ARG, Nonterminal, was not found in name map.)
(Residue 107: PRO, Nonterminal, was not found in name map.)
(Residue 108: LEU, Nonterminal, was not found in name map.)
(Residue 109: VAL, Nonterminal, was not found in name map.)
(Residue 110: THR, Nonterminal, was not found in name map.)
(Residue 111: ILE, Nonterminal, was not found in name map.)
(Residue 112: ARG, Nonterminal, was not found in name map.)
(Residue 113: ILE, Nonterminal, was not found in name map.)
(Residue 114: GLY, Nonterminal, was not found in name map.)
(Residue 115: GLY, Nonterminal, was not found in name map.)
(Residue 116: GLN, Nonterminal, was not found in name map.)
(Residue 117: LEU, Nonterminal, was not found in name map.)
(Residue 118: LYS, Nonterminal, was not found in name map.)
(Residue 119: GLU, Nonterminal, was not found in name map.)
(Residue 120: ALA, Nonterminal, was not found in name map.)
(Residue 121: LEU, Nonterminal, was not found in name map.)
(Residue 122: LEU, Nonterminal, was not found in name map.)
(Residue 123: ASP, Nonterminal, was not found in name map.)
(Residue 124: THR, Nonterminal, was not found in name map.)
(Residue 125: GLY, Nonterminal, was not found in name map.)
(Residue 126: ALA, Nonterminal, was not found in name map.)
(Residue 127: ASP, Nonterminal, was not found in name map.)
(Residue 128: ASP, Nonterminal, was not found in name map.)
(Residue 129: THR, Nonterminal, was not found in name map.)
(Residue 130: VAL, Nonterminal, was not found in name map.)
(Residue 131: LEU, Nonterminal, was not found in name map.)
(Residue 132: GLU, Nonterminal, was not found in name map.)
(Residue 133: GLU, Nonterminal, was not found in name map.)
(Residue 134: MET, Nonterminal, was not found in name map.)
(Residue 135: ASN, Nonterminal, was not found in name map.)
(Residue 136: LEU, Nonterminal, was not found in name map.)
(Residue 137: PRO, Nonterminal, was not found in name map.)
(Residue 138: GLY, Nonterminal, was not found in name map.)
(Residue 139: LYS, Nonterminal, was not found in name map.)
(Residue 140: TRP, Nonterminal, was not found in name map.)
(Residue 141: LYS, Nonterminal, was not found in name map.)
(Residue 142: PRO, Nonterminal, was not found in name map.)
(Residue 143: LYS, Nonterminal, was not found in name map.)
(Residue 144: MET, Nonterminal, was not found in name map.)
(Residue 145: ILE, Nonterminal, was not found in name map.)
(Residue 146: GLY, Nonterminal, was not found in name map.)
(Residue 147: GLY, Nonterminal, was not found in name map.)
(Residue 148: ILE, Nonterminal, was not found in name map.)
(Residue 149: GLY, Nonterminal, was not found in name map.)
(Residue 150: GLY, Nonterminal, was not found in name map.)
(Residue 151: PHE, Nonterminal, was not found in name map.)
(Residue 152: ILE, Nonterminal, was not found in name map.)
(Residue 153: LYS, Nonterminal, was not found in name map.)
(Residue 154: VAL, Nonterminal, was not found in name map.)
(Residue 155: ARG, Nonterminal, was not found in name map.)
(Residue 156: GLN, Nonterminal, was not found in name map.)
(Residue 157: TYR, Nonterminal, was not found in name map.)
(Residue 158: ASP, Nonterminal, was not found in name map.)
(Residue 159: GLN, Nonterminal, was not found in name map.)
(Residue 160: ILE, Nonterminal, was not found in name map.)
(Residue 161: PRO, Nonterminal, was not found in name map.)
(Residue 162: VAL, Nonterminal, was not found in name map.)
(Residue 163: GLU, Nonterminal, was not found in name map.)
(Residue 164: ILE, Nonterminal, was not found in name map.)
(Residue 165: CYS, Nonterminal, was not found in name map.)
(Residue 166: GLY, Nonterminal, was not found in name map.)
(Residue 167: HIS, Nonterminal, was not found in name map.)
(Residue 168: LYS, Nonterminal, was not found in name map.)
(Residue 169: ALA, Nonterminal, was not found in name map.)
(Residue 170: ILE, Nonterminal, was not found in name map.)
(Residue 171: GLY, Nonterminal, was not found in name map.)
(Residue 172: THR, Nonterminal, was not found in name map.)
(Residue 173: VAL, Nonterminal, was not found in name map.)
(Residue 174: LEU, Nonterminal, was not found in name map.)
(Residue 175: VAL, Nonterminal, was not found in name map.)
(Residue 176: GLY, Nonterminal, was not found in name map.)
(Residue 177: PRO, Nonterminal, was not found in name map.)
(Residue 178: THR, Nonterminal, was not found in name map.)
(Residue 179: PRO, Nonterminal, was not found in name map.)
(Residue 180: VAL, Nonterminal, was not found in name map.)
(Residue 181: ASN, Nonterminal, was not found in name map.)
(Residue 182: ILE, Nonterminal, was not found in name map.)
(Residue 183: ILE, Nonterminal, was not found in name map.)
(Residue 184: GLY, Nonterminal, was not found in name map.)
(Residue 185: ARG, Nonterminal, was not found in name map.)
(Residue 186: ASN, Nonterminal, was not found in name map.)
(Residue 187: LEU, Nonterminal, was not found in name map.)
(Residue 188: LEU, Nonterminal, was not found in name map.)
(Residue 189: THR, Nonterminal, was not found in name map.)
(Residue 190: GLN, Nonterminal, was not found in name map.)
(Residue 191: ILE, Nonterminal, was not found in name map.)
(Residue 192: GLY, Nonterminal, was not found in name map.)
(Residue 193: CYS, Nonterminal, was not found in name map.)
(Residue 194: THR, Nonterminal, was not found in name map.)
(Residue 195: LEU, Nonterminal, was not found in name map.)
(Residue 196: ASN, Nonterminal, was not found in name map.)
Mapped residue PHE, term: Terminal/last, seq. number: 197 to: CPHE.
Joining NPRO - GLN
Joining GLN - ILE
Joining ILE - THR
Joining THR - LEU
Joining LEU - TRP
Joining TRP - LYS
  Added missing heavy atom: .R<LYS 7>.A<CG 8>
  Added missing heavy atom: .R<LYS 7>.A<CD 11>
  Added missing heavy atom: .R<LYS 7>.A<CE 14>
  Added missing heavy atom: .R<LYS 7>.A<NZ 17>
Joining LYS - ARG
Joining ARG - PRO
Joining PRO - LEU
Joining LEU - VAL
Joining VAL - THR
Joining THR - ILE
Joining ILE - ARG
Joining ARG - ILE
Joining ILE - GLY
Joining GLY - GLY
Joining GLY - GLN
Joining GLN - LEU
Joining LEU - LYS
Joining LYS - GLU
Joining GLU - ALA
Joining ALA - LEU
Joining LEU - LEU
Joining LEU - ASP
Joining ASP - THR
Joining THR - GLY
Joining GLY - ALA
Joining ALA - ASP
Joining ASP - ASP
Joining ASP - THR
Joining THR - VAL
Joining VAL - LEU
Joining LEU - GLU
Joining GLU - GLU
Joining GLU - MET
Joining MET - ASN
Joining ASN - LEU
Joining LEU - PRO
Joining PRO - GLY
Joining GLY - LYS
Joining LYS - TRP
Joining TRP - LYS
Joining LYS - PRO
Joining PRO - LYS
Joining LYS - MET
Joining MET - ILE
Joining ILE - GLY
Joining GLY - GLY
Joining GLY - ILE
Joining ILE - GLY
Joining GLY - GLY
Joining GLY - PHE
Joining PHE - ILE
Joining ILE - LYS
Joining LYS - VAL
Joining VAL - ARG
Joining ARG - GLN
Joining GLN - TYR
Joining TYR - ASP
Joining ASP - GLN
Joining GLN - ILE
Joining ILE - PRO
Joining PRO - VAL
Joining VAL - GLU
Joining GLU - ILE
Joining ILE - CYS
Joining CYS - GLY
Joining GLY - HIE
Created a new atom named: HD1 within residue: .R<HIE 69>
Joining HIE - LYS
  Added missing heavy atom: .R<LYS 70>.A<CG 8>
  Added missing heavy atom: .R<LYS 70>.A<CD 11>
  Added missing heavy atom: .R<LYS 70>.A<CE 14>
  Added missing heavy atom: .R<LYS 70>.A<NZ 17>
Joining LYS - ALA
Joining ALA - ILE
Joining ILE - GLY
Joining GLY - THR
Joining THR - VAL
Joining VAL - LEU
Joining LEU - VAL
Joining VAL - GLY
Joining GLY - PRO
Joining PRO - THR
Joining THR - PRO
Joining PRO - VAL
Joining VAL - ASN
Joining ASN - ILE
Joining ILE - ILE
Joining ILE - GLY
Joining GLY - ARG
Joining ARG - ASN
Joining ASN - LEU
Joining LEU - LEU
Joining LEU - THR
Joining THR - GLN
Joining GLN - ILE
Joining ILE - GLY
Joining GLY - CYS
Joining CYS - THR
Joining THR - LEU
Joining LEU - ASN
Joining ASN - CPHE
Joining NPRO - GLN
Joining GLN - ILE
Joining ILE - THR
Joining THR - LEU
Joining LEU - TRP
Joining TRP - LYS
Joining LYS - ARG
Joining ARG - PRO
Joining PRO - LEU
Joining LEU - VAL
Joining VAL - THR
Joining THR - ILE
Joining ILE - ARG
Joining ARG - ILE
Joining ILE - GLY
Joining GLY - GLY
Joining GLY - GLN
Joining GLN - LEU
Joining LEU - LYS
Joining LYS - GLU
Joining GLU - ALA
Joining ALA - LEU
Joining LEU - LEU
Joining LEU - ASP
Joining ASP - THR
Joining THR - GLY
Joining GLY - ALA
Joining ALA - ASP
Joining ASP - ASP
Joining ASP - THR
Joining THR - VAL
Joining VAL - LEU
Joining LEU - GLU
Joining GLU - GLU
Joining GLU - MET
Joining MET - ASN
Joining ASN - LEU
Joining LEU - PRO
Joining PRO - GLY
Joining GLY - LYS
Joining LYS - TRP
Joining TRP - LYS
Joining LYS - PRO
Joining PRO - LYS
Joining LYS - MET
Joining MET - ILE
Joining ILE - GLY
Joining GLY - GLY
Joining GLY - ILE
Joining ILE - GLY
Joining GLY - GLY
Joining GLY - PHE
Joining PHE - ILE
Joining ILE - LYS
Joining LYS - VAL
Joining VAL - ARG
Joining ARG - GLN
Joining GLN - TYR
Joining TYR - ASP
Joining ASP - GLN
Joining GLN - ILE
Joining ILE - PRO
Joining PRO - VAL
Joining VAL - GLU
Joining GLU - ILE
Joining ILE - CYS
Joining CYS - GLY
Joining GLY - HIE
Created a new atom named: HD1 within residue: .R<HIE 168>
Joining HIE - LYS
Joining LYS - ALA
Joining ALA - ILE
Joining ILE - GLY
Joining GLY - THR
Joining THR - VAL
Joining VAL - LEU
Joining LEU - VAL
Joining VAL - GLY
Joining GLY - PRO
Joining PRO - THR
Joining THR - PRO
Joining PRO - VAL
Joining VAL - ASN
Joining ASN - ILE
Joining ILE - ILE
Joining ILE - GLY
Joining GLY - ARG
Joining ARG - ASN
Joining ASN - LEU
Joining LEU - LEU
Joining LEU - THR
Joining THR - GLN
Joining GLN - ILE
Joining ILE - GLY
Joining GLY - CYS
Joining CYS - THR
Joining THR - LEU
Joining LEU - ASN
Joining ASN - CPHE
  total atoms in file: 3100
  Leap added 111 missing atoms according to residue templates:
       8 Heavy
       103 H / lone pairs
  The file contained 2 atoms not in residue templates
> savepdb  protein  protein.pdb
Writing pdb file: protein.pdb
 Converting N-terminal residue name to PDB format: NPRO -> PRO
 Converting C-terminal residue name to PDB format: CPHE -> PHE
 Converting N-terminal residue name to PDB format: NPRO -> PRO
 Converting C-terminal residue name to PDB format: CPHE -> PHE
> ##saveamberparm dipepide diVAL.prmtop diVAL.inpcrd
> 
> quit
	Quit
