log started: Fri Nov 23 17:32:00 2018

Log file: ./leap.log
>> #
>> # ----- leaprc for loading the ff99SB (Hornak & Simmerling) force field
>> # -----  this file is updated for PDB format 3
>> #
>> #	load atom type hybridizations
>> #
>> addAtomTypes {
>> 	{ "H"   "H" "sp3" }
>> 	{ "HO"  "H" "sp3" }
>> 	{ "HS"  "H" "sp3" }
>> 	{ "H1"  "H" "sp3" }
>> 	{ "H2"  "H" "sp3" }
>> 	{ "H3"  "H" "sp3" }
>> 	{ "H4"  "H" "sp3" }
>> 	{ "H5"  "H" "sp3" }
>> 	{ "HW"  "H" "sp3" }
>> 	{ "HC"  "H" "sp3" }
>> 	{ "HA"  "H" "sp3" }
>> 	{ "HP"  "H" "sp3" }
>> 	{ "OH"  "O" "sp3" }
>> 	{ "OS"  "O" "sp3" }
>> 	{ "O"   "O" "sp2" }
>> 	{ "O2"  "O" "sp2" }
>> 	{ "OW"  "O" "sp3" }
>> 	{ "CT"  "C" "sp3" }
>> 	{ "CH"  "C" "sp3" }
>> 	{ "C2"  "C" "sp3" }
>> 	{ "C3"  "C" "sp3" }
>> 	{ "C"   "C" "sp2" }
>> 	{ "C*"  "C" "sp2" }
>> 	{ "CA"  "C" "sp2" }
>> 	{ "CB"  "C" "sp2" }
>> 	{ "CC"  "C" "sp2" }
>> 	{ "CN"  "C" "sp2" }
>> 	{ "CM"  "C" "sp2" }
>> 	{ "CK"  "C" "sp2" }
>> 	{ "CQ"  "C" "sp2" }
>> 	{ "CD"  "C" "sp2" }
>> 	{ "CE"  "C" "sp2" }
>> 	{ "CF"  "C" "sp2" }
>> 	{ "CP"  "C" "sp2" }
>> 	{ "CI"  "C" "sp2" }
>> 	{ "CJ"  "C" "sp2" }
>> 	{ "CW"  "C" "sp2" }
>> 	{ "CV"  "C" "sp2" }
>> 	{ "CR"  "C" "sp2" }
>> 	{ "CA"  "C" "sp2" }
>> 	{ "CY"  "C" "sp2" }
>> 	{ "C0"  "Ca" "sp2" }
>> 	{ "MG"  "Mg" "sp3" }
>> 	{ "N"   "N" "sp2" }
>> 	{ "NA"  "N" "sp2" }
>> 	{ "N2"  "N" "sp2" }
>> 	{ "N*"  "N" "sp2" }
>> 	{ "NP"  "N" "sp2" }
>> 	{ "NQ"  "N" "sp2" }
>> 	{ "NB"  "N" "sp2" }
>> 	{ "NC"  "N" "sp2" }
>> 	{ "NT"  "N" "sp3" }
>> 	{ "N3"  "N" "sp3" }
>> 	{ "S"   "S" "sp3" }
>> 	{ "SH"  "S" "sp3" }
>> 	{ "P"   "P" "sp3" }
>> 	{ "LP"  ""  "sp3" }
>> 	{ "F"   "F" "sp3" }
>> 	{ "CL"  "Cl" "sp3" }
>> 	{ "BR"  "Br" "sp3" }
>> 	{ "I"   "I"  "sp3" }
>> 	{ "FE"  "Fe" "sp3" }
>> 	{ "EP"  ""  "sp3" }
>> # glycam
>> 	{ "OG"  "O" "sp3" }
>> 	{ "OL"  "O" "sp3" }
>> 	{ "AC"  "C" "sp3" }
>> 	{ "EC"  "C" "sp3" }
>> }
>> #
>> #	Load the main parameter set.
>> #
>> parm99 = loadamberparams parm99.dat
Loading parameters: /share/home/zhanghaiping/program/amber16/dat/leap/parm/parm99.dat
Reading title:
PARM99 for DNA,RNA,AA, organic molecules, TIP3P wat. Polariz.& LP incl.02/04/99
(UNKNOWN ATOM TYPE: HZ)
(UNKNOWN ATOM TYPE: IM)
(UNKNOWN ATOM TYPE: Li)
(UNKNOWN ATOM TYPE: IP)
(UNKNOWN ATOM TYPE: K)
(UNKNOWN ATOM TYPE: Rb)
(UNKNOWN ATOM TYPE: Cs)
(UNKNOWN ATOM TYPE: Zn)
(UNKNOWN ATOM TYPE: IB)
(UNKNOWN ATOM TYPE: LP)
>> frcmod99SB = loadamberparams frcmod.ff99SB
Loading parameters: /share/home/zhanghaiping/program/amber16/dat/leap/parm/frcmod.ff99SB
Reading force field modification type file (frcmod)
Reading title:
Modification/update of parm99.dat (Hornak & Simmerling)
>> #
>> #	Load DNA/RNA libraries
>> #
>> loadOff all_nucleic94.lib
Loading library: /share/home/zhanghaiping/program/amber16/dat/leap/lib/all_nucleic94.lib
Loading: DA
Loading: DA3
Loading: DA5
Loading: DAN
Loading: DC
Loading: DC3
Loading: DC5
Loading: DCN
Loading: DG
Loading: DG3
Loading: DG5
Loading: DGN
Loading: DT
Loading: DT3
Loading: DT5
Loading: DTN
Loading: RA
Loading: RA3
Loading: RA5
Loading: RAN
Loading: RC
Loading: RC3
Loading: RC5
Loading: RCN
Loading: RG
Loading: RG3
Loading: RG5
Loading: RGN
Loading: RU
Loading: RU3
Loading: RU5
Loading: RUN
>> #
>> #	Load main chain and terminating 
>> #	amino acid libraries (i.e. ff94 libs)
>> #
>> loadOff all_amino94.lib
Loading library: /share/home/zhanghaiping/program/amber16/dat/leap/lib/all_amino94.lib
Loading: ALA
Loading: ARG
Loading: ASH
Loading: ASN
Loading: ASP
Loading: CYM
Loading: CYS
Loading: CYX
Loading: GLH
Loading: GLN
Loading: GLU
Loading: GLY
Loading: HID
Loading: HIE
Loading: HIP
Loading: ILE
Loading: LEU
Loading: LYN
Loading: LYS
Loading: MET
Loading: PHE
Loading: PRO
Loading: SER
Loading: THR
Loading: TRP
Loading: TYR
Loading: VAL
>> loadOff all_aminoct94.lib
Loading library: /share/home/zhanghaiping/program/amber16/dat/leap/lib/all_aminoct94.lib
Loading: CALA
Loading: CARG
Loading: CASN
Loading: CASP
Loading: CCYS
Loading: CCYX
Loading: CGLN
Loading: CGLU
Loading: CGLY
Loading: CHID
Loading: CHIE
Loading: CHIP
Loading: CILE
Loading: CLEU
Loading: CLYS
Loading: CMET
Loading: CPHE
Loading: CPRO
Loading: CSER
Loading: CTHR
Loading: CTRP
Loading: CTYR
Loading: CVAL
Loading: NHE
Loading: NME
>> loadOff all_aminont94.lib
Loading library: /share/home/zhanghaiping/program/amber16/dat/leap/lib/all_aminont94.lib
Loading: ACE
Loading: NALA
Loading: NARG
Loading: NASN
Loading: NASP
Loading: NCYS
Loading: NCYX
Loading: NGLN
Loading: NGLU
Loading: NGLY
Loading: NHID
Loading: NHIE
Loading: NHIP
Loading: NILE
Loading: NLEU
Loading: NLYS
Loading: NMET
Loading: NPHE
Loading: NPRO
Loading: NSER
Loading: NTHR
Loading: NTRP
Loading: NTYR
Loading: NVAL
>> #
>> #       Load water and ions
>> # 
>> loadOff ions94.lib
Loading library: /share/home/zhanghaiping/program/amber16/dat/leap/lib/ions94.lib
Loading: CIO
Loading: Cl-
Loading: Cs+
Loading: IB
Loading: K+
Loading: Li+
Loading: MG2
Loading: Na+
Loading: Rb+
>> loadOff solvents.lib
Loading library: /share/home/zhanghaiping/program/amber16/dat/leap/lib/solvents.lib
Loading: CHCL3BOX
Loading: DC4
Loading: FB3
Loading: FB3BOX
Loading: FB4
Loading: FB4BOX
Loading: MEOHBOX
Loading: NMABOX
Loading: OPC
Loading: OPCBOX
Loading: PL3
Loading: POL3BOX
Loading: QSPCFWBOX
Loading: SPC
Loading: SPCBOX
Loading: SPCFWBOX
Loading: SPF
Loading: SPG
Loading: T4E
Loading: TIP3PBOX
Loading: TIP3PFBOX
Loading: TIP4PBOX
Loading: TIP4PEWBOX
Loading: TIP5PBOX
Loading: TP3
Loading: TP4
Loading: TP5
Loading: TPF
>> HOH = TP3
>> WAT = TP3
>> 
>> #
>> #	Define the PDB name map for the amino acids and DNA.
>> #
>> addPdbResMap {
>>   { 0 "ALA" "NALA" } { 1 "ALA" "CALA" }
>>   { 0 "ARG" "NARG" } { 1 "ARG" "CARG" }
>>   { 0 "ASN" "NASN" } { 1 "ASN" "CASN" }
>>   { 0 "ASP" "NASP" } { 1 "ASP" "CASP" }
>>   { 0 "CYS" "NCYS" } { 1 "CYS" "CCYS" }
>>   { 0 "CYX" "NCYX" } { 1 "CYX" "CCYX" }
>>   { 0 "GLN" "NGLN" } { 1 "GLN" "CGLN" }
>>   { 0 "GLU" "NGLU" } { 1 "GLU" "CGLU" }
>>   { 0 "GLY" "NGLY" } { 1 "GLY" "CGLY" }
>>   { 0 "HID" "NHID" } { 1 "HID" "CHID" }
>>   { 0 "HIE" "NHIE" } { 1 "HIE" "CHIE" }
>>   { 0 "HIP" "NHIP" } { 1 "HIP" "CHIP" }
>>   { 0 "ILE" "NILE" } { 1 "ILE" "CILE" }
>>   { 0 "LEU" "NLEU" } { 1 "LEU" "CLEU" }
>>   { 0 "LYS" "NLYS" } { 1 "LYS" "CLYS" }
>>   { 0 "MET" "NMET" } { 1 "MET" "CMET" }
>>   { 0 "PHE" "NPHE" } { 1 "PHE" "CPHE" }
>>   { 0 "PRO" "NPRO" } { 1 "PRO" "CPRO" }
>>   { 0 "SER" "NSER" } { 1 "SER" "CSER" }
>>   { 0 "THR" "NTHR" } { 1 "THR" "CTHR" }
>>   { 0 "TRP" "NTRP" } { 1 "TRP" "CTRP" }
>>   { 0 "TYR" "NTYR" } { 1 "TYR" "CTYR" }
>>   { 0 "VAL" "NVAL" } { 1 "VAL" "CVAL" }
>>   { 0 "HIS" "NHIS" } { 1 "HIS" "CHIS" }
>>   { 0 "GUA" "DG5"  } { 1 "GUA" "DG3"  } { "GUA" "DG" }
>>   { 0 "ADE" "DA5"  } { 1 "ADE" "DA3"  } { "ADE" "DA" }
>>   { 0 "CYT" "DC5"  } { 1 "CYT" "DC3"  } { "CYT" "DC" }
>>   { 0 "THY" "DT5"  } { 1 "THY" "DT3"  } { "THY" "DT" }
>>   { 0 "G" "RG5"  } { 1 "G" "RG3"  } { "G" "RG" } { "GN" "RGN" }
>>   { 0 "A" "RA5"  } { 1 "A" "RA3"  } { "A" "RA" } { "AN" "RAN" }
>>   { 0 "C" "RC5"  } { 1 "C" "RC3"  } { "C" "RC" } { "CN" "RCN" }
>>   { 0 "U" "RU5"  } { 1 "U" "RU3"  } { "U" "RU" } { "UN" "RUN" }
>>   { 0 "DG" "DG5"  } { 1 "DG" "DG3"  }  
>>   { 0 "DA" "DA5"  } { 1 "DA" "DA3"  }  
>>   { 0 "DC" "DC5"  } { 1 "DC" "DC3"  }  
>>   { 0 "DT" "DT5"  } { 1 "DT" "DT3"  }
>> 
>> }
>> 
>> addPdbAtomMap {
>>   { "O5*" "O5'" }
>>   { "C5*" "C5'" }
>>   { "C4*" "C4'" }
>>   { "O4*" "O4'" }
>>   { "C3*" "C3'" }
>>   { "O3*" "O3'" }
>>   { "C2*" "C2'" }
>>   { "C1*" "C1'" }
>>   { "C5M" "C7"  }
>>   { "O2*" "O2'" }
>>   { "H1*" "H1'" }
>>   { "H2*1" "H2'1" }
>>   { "H2*2" "H2'2" }
>>   { "H2'"  "H2'1" }
>>   { "H2''" "H2'2" }
>>   { "H3*" "H3'" }
>>   { "H4*" "H4'" }
>>   { "H5*1" "H5'1" }
>>   { "H5*2" "H5'2" }
>>   { "H5'"  "H5'1" }
>>   { "H5''" "H5'2" }
>>   { "HO2'" "HO'2" }
>>   { "HO5'" "H5T" }
>>   { "HO3'" "H3T" }
>>   { "O1'" "O4'" }
>>   { "OA"  "O1P" }
>>   { "OB"  "O2P" }
>>   { "OP1" "O1P" }
>>   { "OP2" "O2P" }
>> }
>> 
>> 
>> #
>> # assumed that most often proteins use HIE
>> #
>> NHIS = NHIE
>> HIS = HIE
>> CHIS = CHIE
> 
> #source /home/zhp/tleap/leaprc.GLYCAM_06j-1
> set default PBRadii mbondi3
Using ArgH and AspGluO modified Bondi2 radii
> #3dipepide=sequence{ACE VAL NME}
> 
> 
> protein = loadpdb  1mzc_ww.pdb
Loading PDB file: ./1mzc_ww.pdb
Enter zPdbReadScan from call depth  0.
Exit  zPdbReadScan from call depth  0.
Matching PDB residue names to LEaP variables.
Mapped residue PHE, term: Terminal/beginning, seq. number: 0 to: NPHE.
(Residue 1: VAL, Nonterminal, was not found in name map.)
(Residue 2: SER, Nonterminal, was not found in name map.)
(Residue 3: LEU, Nonterminal, was not found in name map.)
(Residue 4: ASP, Nonterminal, was not found in name map.)
(Residue 5: SER, Nonterminal, was not found in name map.)
(Residue 6: PRO, Nonterminal, was not found in name map.)
(Residue 7: SER, Nonterminal, was not found in name map.)
(Residue 8: TYR, Nonterminal, was not found in name map.)
(Residue 9: VAL, Nonterminal, was not found in name map.)
(Residue 10: LEU, Nonterminal, was not found in name map.)
(Residue 11: TYR, Nonterminal, was not found in name map.)
(Residue 12: ARG, Nonterminal, was not found in name map.)
(Residue 13: ASP, Nonterminal, was not found in name map.)
(Residue 14: ARG, Nonterminal, was not found in name map.)
(Residue 15: ALA, Nonterminal, was not found in name map.)
(Residue 16: GLU, Nonterminal, was not found in name map.)
(Residue 17: TRP, Nonterminal, was not found in name map.)
(Residue 18: ALA, Nonterminal, was not found in name map.)
(Residue 19: ASP, Nonterminal, was not found in name map.)
(Residue 20: ILE, Nonterminal, was not found in name map.)
(Residue 21: ASP, Nonterminal, was not found in name map.)
(Residue 22: PRO, Nonterminal, was not found in name map.)
(Residue 23: VAL, Nonterminal, was not found in name map.)
(Residue 24: PRO, Nonterminal, was not found in name map.)
(Residue 25: GLN, Nonterminal, was not found in name map.)
(Residue 26: ASN, Nonterminal, was not found in name map.)
(Residue 27: ASP, Nonterminal, was not found in name map.)
(Residue 28: GLY, Nonterminal, was not found in name map.)
(Residue 29: PRO, Nonterminal, was not found in name map.)
(Residue 30: ASN, Nonterminal, was not found in name map.)
(Residue 31: PRO, Nonterminal, was not found in name map.)
(Residue 32: VAL, Nonterminal, was not found in name map.)
(Residue 33: VAL, Nonterminal, was not found in name map.)
(Residue 34: GLN, Nonterminal, was not found in name map.)
(Residue 35: ILE, Nonterminal, was not found in name map.)
(Residue 36: ILE, Nonterminal, was not found in name map.)
(Residue 37: TYR, Nonterminal, was not found in name map.)
(Residue 38: SER, Nonterminal, was not found in name map.)
(Residue 39: ASP, Nonterminal, was not found in name map.)
(Residue 40: LYS, Nonterminal, was not found in name map.)
(Residue 41: PHE, Nonterminal, was not found in name map.)
(Residue 42: ARG, Nonterminal, was not found in name map.)
(Residue 43: ASP, Nonterminal, was not found in name map.)
(Residue 44: VAL, Nonterminal, was not found in name map.)
(Residue 45: TYR, Nonterminal, was not found in name map.)
(Residue 46: ASP, Nonterminal, was not found in name map.)
(Residue 47: TYR, Nonterminal, was not found in name map.)
(Residue 48: PHE, Nonterminal, was not found in name map.)
(Residue 49: ARG, Nonterminal, was not found in name map.)
(Residue 50: ALA, Nonterminal, was not found in name map.)
(Residue 51: VAL, Nonterminal, was not found in name map.)
(Residue 52: LEU, Nonterminal, was not found in name map.)
(Residue 53: GLN, Nonterminal, was not found in name map.)
(Residue 54: ARG, Nonterminal, was not found in name map.)
(Residue 55: ASP, Nonterminal, was not found in name map.)
(Residue 56: GLU, Nonterminal, was not found in name map.)
(Residue 57: ARG, Nonterminal, was not found in name map.)
(Residue 58: SER, Nonterminal, was not found in name map.)
(Residue 59: GLU, Nonterminal, was not found in name map.)
(Residue 60: ARG, Nonterminal, was not found in name map.)
(Residue 61: ALA, Nonterminal, was not found in name map.)
(Residue 62: PHE, Nonterminal, was not found in name map.)
(Residue 63: LYS, Nonterminal, was not found in name map.)
(Residue 64: LEU, Nonterminal, was not found in name map.)
(Residue 65: THR, Nonterminal, was not found in name map.)
(Residue 66: ARG, Nonterminal, was not found in name map.)
(Residue 67: ASP, Nonterminal, was not found in name map.)
(Residue 68: ALA, Nonterminal, was not found in name map.)
(Residue 69: ILE, Nonterminal, was not found in name map.)
(Residue 70: GLU, Nonterminal, was not found in name map.)
(Residue 71: LEU, Nonterminal, was not found in name map.)
(Residue 72: ASN, Nonterminal, was not found in name map.)
(Residue 73: ALA, Nonterminal, was not found in name map.)
(Residue 74: ALA, Nonterminal, was not found in name map.)
(Residue 75: ASN, Nonterminal, was not found in name map.)
(Residue 76: TYR, Nonterminal, was not found in name map.)
(Residue 77: THR, Nonterminal, was not found in name map.)
(Residue 78: VAL, Nonterminal, was not found in name map.)
(Residue 79: TRP, Nonterminal, was not found in name map.)
(Residue 80: HIS, Nonterminal, was not found in name map.)
(Residue 81: PHE, Nonterminal, was not found in name map.)
(Residue 82: ARG, Nonterminal, was not found in name map.)
(Residue 83: ARG, Nonterminal, was not found in name map.)
(Residue 84: VAL, Nonterminal, was not found in name map.)
(Residue 85: LEU, Nonterminal, was not found in name map.)
(Residue 86: LEU, Nonterminal, was not found in name map.)
(Residue 87: LYS, Nonterminal, was not found in name map.)
(Residue 88: SER, Nonterminal, was not found in name map.)
(Residue 89: LEU, Nonterminal, was not found in name map.)
(Residue 90: GLN, Nonterminal, was not found in name map.)
(Residue 91: LYS, Nonterminal, was not found in name map.)
(Residue 92: ASP, Nonterminal, was not found in name map.)
(Residue 93: LEU, Nonterminal, was not found in name map.)
(Residue 94: HIS, Nonterminal, was not found in name map.)
(Residue 95: GLU, Nonterminal, was not found in name map.)
(Residue 96: GLU, Nonterminal, was not found in name map.)
(Residue 97: MET, Nonterminal, was not found in name map.)
(Residue 98: ASN, Nonterminal, was not found in name map.)
(Residue 99: TYR, Nonterminal, was not found in name map.)
(Residue 100: ILE, Nonterminal, was not found in name map.)
(Residue 101: THR, Nonterminal, was not found in name map.)
(Residue 102: ALA, Nonterminal, was not found in name map.)
(Residue 103: ILE, Nonterminal, was not found in name map.)
(Residue 104: ILE, Nonterminal, was not found in name map.)
(Residue 105: GLU, Nonterminal, was not found in name map.)
(Residue 106: GLU, Nonterminal, was not found in name map.)
(Residue 107: GLN, Nonterminal, was not found in name map.)
(Residue 108: PRO, Nonterminal, was not found in name map.)
(Residue 109: LYS, Nonterminal, was not found in name map.)
(Residue 110: ASN, Nonterminal, was not found in name map.)
(Residue 111: TYR, Nonterminal, was not found in name map.)
(Residue 112: GLN, Nonterminal, was not found in name map.)
(Residue 113: VAL, Nonterminal, was not found in name map.)
(Residue 114: TRP, Nonterminal, was not found in name map.)
(Residue 115: HIS, Nonterminal, was not found in name map.)
(Residue 116: HIS, Nonterminal, was not found in name map.)
(Residue 117: ARG, Nonterminal, was not found in name map.)
(Residue 118: ARG, Nonterminal, was not found in name map.)
(Residue 119: VAL, Nonterminal, was not found in name map.)
(Residue 120: LEU, Nonterminal, was not found in name map.)
(Residue 121: VAL, Nonterminal, was not found in name map.)
(Residue 122: GLU, Nonterminal, was not found in name map.)
(Residue 123: TRP, Nonterminal, was not found in name map.)
(Residue 124: LEU, Nonterminal, was not found in name map.)
(Residue 125: ARG, Nonterminal, was not found in name map.)
(Residue 126: ASP, Nonterminal, was not found in name map.)
(Residue 127: PRO, Nonterminal, was not found in name map.)
(Residue 128: SER, Nonterminal, was not found in name map.)
(Residue 129: GLN, Nonterminal, was not found in name map.)
(Residue 130: GLU, Nonterminal, was not found in name map.)
(Residue 131: LEU, Nonterminal, was not found in name map.)
(Residue 132: GLU, Nonterminal, was not found in name map.)
(Residue 133: PHE, Nonterminal, was not found in name map.)
(Residue 134: ILE, Nonterminal, was not found in name map.)
(Residue 135: ALA, Nonterminal, was not found in name map.)
(Residue 136: ASP, Nonterminal, was not found in name map.)
(Residue 137: ILE, Nonterminal, was not found in name map.)
(Residue 138: LEU, Nonterminal, was not found in name map.)
(Residue 139: ASN, Nonterminal, was not found in name map.)
(Residue 140: GLN, Nonterminal, was not found in name map.)
(Residue 141: ASP, Nonterminal, was not found in name map.)
(Residue 142: ALA, Nonterminal, was not found in name map.)
(Residue 143: LYS, Nonterminal, was not found in name map.)
(Residue 144: ASN, Nonterminal, was not found in name map.)
(Residue 145: TYR, Nonterminal, was not found in name map.)
(Residue 146: HIS, Nonterminal, was not found in name map.)
(Residue 147: ALA, Nonterminal, was not found in name map.)
(Residue 148: TRP, Nonterminal, was not found in name map.)
(Residue 149: GLN, Nonterminal, was not found in name map.)
(Residue 150: HIS, Nonterminal, was not found in name map.)
(Residue 151: ARG, Nonterminal, was not found in name map.)
(Residue 152: GLN, Nonterminal, was not found in name map.)
(Residue 153: TRP, Nonterminal, was not found in name map.)
(Residue 154: VAL, Nonterminal, was not found in name map.)
(Residue 155: ILE, Nonterminal, was not found in name map.)
(Residue 156: GLN, Nonterminal, was not found in name map.)
(Residue 157: GLU, Nonterminal, was not found in name map.)
(Residue 158: PHE, Nonterminal, was not found in name map.)
(Residue 159: LYS, Nonterminal, was not found in name map.)
(Residue 160: LEU, Nonterminal, was not found in name map.)
(Residue 161: TRP, Nonterminal, was not found in name map.)
(Residue 162: ASP, Nonterminal, was not found in name map.)
(Residue 163: ASN, Nonterminal, was not found in name map.)
(Residue 164: GLU, Nonterminal, was not found in name map.)
(Residue 165: LEU, Nonterminal, was not found in name map.)
(Residue 166: GLN, Nonterminal, was not found in name map.)
(Residue 167: TYR, Nonterminal, was not found in name map.)
(Residue 168: VAL, Nonterminal, was not found in name map.)
(Residue 169: ASP, Nonterminal, was not found in name map.)
(Residue 170: GLN, Nonterminal, was not found in name map.)
(Residue 171: LEU, Nonterminal, was not found in name map.)
(Residue 172: LEU, Nonterminal, was not found in name map.)
(Residue 173: LYS, Nonterminal, was not found in name map.)
(Residue 174: GLU, Nonterminal, was not found in name map.)
(Residue 175: ASP, Nonterminal, was not found in name map.)
(Residue 176: VAL, Nonterminal, was not found in name map.)
(Residue 177: ARG, Nonterminal, was not found in name map.)
(Residue 178: ASN, Nonterminal, was not found in name map.)
(Residue 179: ASN, Nonterminal, was not found in name map.)
(Residue 180: SER, Nonterminal, was not found in name map.)
(Residue 181: VAL, Nonterminal, was not found in name map.)
(Residue 182: TRP, Nonterminal, was not found in name map.)
(Residue 183: ASN, Nonterminal, was not found in name map.)
(Residue 184: GLN, Nonterminal, was not found in name map.)
(Residue 185: ARG, Nonterminal, was not found in name map.)
(Residue 186: TYR, Nonterminal, was not found in name map.)
(Residue 187: PHE, Nonterminal, was not found in name map.)
(Residue 188: VAL, Nonterminal, was not found in name map.)
(Residue 189: ILE, Nonterminal, was not found in name map.)
(Residue 190: SER, Nonterminal, was not found in name map.)
(Residue 191: ASN, Nonterminal, was not found in name map.)
(Residue 192: THR, Nonterminal, was not found in name map.)
(Residue 193: THR, Nonterminal, was not found in name map.)
(Residue 194: GLY, Nonterminal, was not found in name map.)
(Residue 195: TYR, Nonterminal, was not found in name map.)
(Residue 196: ASN, Nonterminal, was not found in name map.)
(Residue 197: ASP, Nonterminal, was not found in name map.)
(Residue 198: ARG, Nonterminal, was not found in name map.)
(Residue 199: ALA, Nonterminal, was not found in name map.)
(Residue 200: VAL, Nonterminal, was not found in name map.)
(Residue 201: LEU, Nonterminal, was not found in name map.)
(Residue 202: GLU, Nonterminal, was not found in name map.)
(Residue 203: ARG, Nonterminal, was not found in name map.)
(Residue 204: GLU, Nonterminal, was not found in name map.)
(Residue 205: VAL, Nonterminal, was not found in name map.)
(Residue 206: GLN, Nonterminal, was not found in name map.)
(Residue 207: TYR, Nonterminal, was not found in name map.)
(Residue 208: THR, Nonterminal, was not found in name map.)
(Residue 209: LEU, Nonterminal, was not found in name map.)
(Residue 210: GLU, Nonterminal, was not found in name map.)
(Residue 211: MET, Nonterminal, was not found in name map.)
(Residue 212: ILE, Nonterminal, was not found in name map.)
(Residue 213: LYS, Nonterminal, was not found in name map.)
(Residue 214: LEU, Nonterminal, was not found in name map.)
(Residue 215: VAL, Nonterminal, was not found in name map.)
(Residue 216: PRO, Nonterminal, was not found in name map.)
(Residue 217: HIS, Nonterminal, was not found in name map.)
(Residue 218: ASN, Nonterminal, was not found in name map.)
(Residue 219: GLU, Nonterminal, was not found in name map.)
(Residue 220: SER, Nonterminal, was not found in name map.)
(Residue 221: ALA, Nonterminal, was not found in name map.)
(Residue 222: TRP, Nonterminal, was not found in name map.)
(Residue 223: ASN, Nonterminal, was not found in name map.)
(Residue 224: TYR, Nonterminal, was not found in name map.)
(Residue 225: LEU, Nonterminal, was not found in name map.)
(Residue 226: LYS, Nonterminal, was not found in name map.)
(Residue 227: GLY, Nonterminal, was not found in name map.)
(Residue 228: ILE, Nonterminal, was not found in name map.)
(Residue 229: LEU, Nonterminal, was not found in name map.)
(Residue 230: GLN, Nonterminal, was not found in name map.)
(Residue 231: ASP, Nonterminal, was not found in name map.)
(Residue 232: ARG, Nonterminal, was not found in name map.)
(Residue 233: GLY, Nonterminal, was not found in name map.)
(Residue 234: LEU, Nonterminal, was not found in name map.)
(Residue 235: SER, Nonterminal, was not found in name map.)
(Residue 236: LYS, Nonterminal, was not found in name map.)
(Residue 237: TYR, Nonterminal, was not found in name map.)
(Residue 238: PRO, Nonterminal, was not found in name map.)
(Residue 239: ASN, Nonterminal, was not found in name map.)
(Residue 240: LEU, Nonterminal, was not found in name map.)
(Residue 241: LEU, Nonterminal, was not found in name map.)
(Residue 242: ASN, Nonterminal, was not found in name map.)
(Residue 243: GLN, Nonterminal, was not found in name map.)
(Residue 244: LEU, Nonterminal, was not found in name map.)
(Residue 245: LEU, Nonterminal, was not found in name map.)
(Residue 246: ASP, Nonterminal, was not found in name map.)
(Residue 247: LEU, Nonterminal, was not found in name map.)
(Residue 248: GLN, Nonterminal, was not found in name map.)
(Residue 249: PRO, Nonterminal, was not found in name map.)
(Residue 250: SER, Nonterminal, was not found in name map.)
(Residue 251: HIS, Nonterminal, was not found in name map.)
(Residue 252: SER, Nonterminal, was not found in name map.)
(Residue 253: SER, Nonterminal, was not found in name map.)
(Residue 254: PRO, Nonterminal, was not found in name map.)
(Residue 255: TYR, Nonterminal, was not found in name map.)
(Residue 256: LEU, Nonterminal, was not found in name map.)
(Residue 257: ILE, Nonterminal, was not found in name map.)
(Residue 258: ALA, Nonterminal, was not found in name map.)
(Residue 259: PHE, Nonterminal, was not found in name map.)
(Residue 260: LEU, Nonterminal, was not found in name map.)
(Residue 261: VAL, Nonterminal, was not found in name map.)
(Residue 262: ASP, Nonterminal, was not found in name map.)
(Residue 263: ILE, Nonterminal, was not found in name map.)
(Residue 264: TYR, Nonterminal, was not found in name map.)
(Residue 265: GLU, Nonterminal, was not found in name map.)
(Residue 266: ASP, Nonterminal, was not found in name map.)
(Residue 267: MET, Nonterminal, was not found in name map.)
(Residue 268: LEU, Nonterminal, was not found in name map.)
(Residue 269: GLU, Nonterminal, was not found in name map.)
(Residue 270: ASN, Nonterminal, was not found in name map.)
(Residue 271: GLN, Nonterminal, was not found in name map.)
(Residue 272: CYS, Nonterminal, was not found in name map.)
(Residue 273: ASP, Nonterminal, was not found in name map.)
(Residue 274: ASN, Nonterminal, was not found in name map.)
(Residue 275: LYS, Nonterminal, was not found in name map.)
(Residue 276: GLU, Nonterminal, was not found in name map.)
(Residue 277: ASP, Nonterminal, was not found in name map.)
(Residue 278: ILE, Nonterminal, was not found in name map.)
(Residue 279: LEU, Nonterminal, was not found in name map.)
(Residue 280: ASN, Nonterminal, was not found in name map.)
(Residue 281: LYS, Nonterminal, was not found in name map.)
(Residue 282: ALA, Nonterminal, was not found in name map.)
(Residue 283: LEU, Nonterminal, was not found in name map.)
(Residue 284: GLU, Nonterminal, was not found in name map.)
(Residue 285: LEU, Nonterminal, was not found in name map.)
(Residue 286: CYS, Nonterminal, was not found in name map.)
(Residue 287: GLU, Nonterminal, was not found in name map.)
(Residue 288: ILE, Nonterminal, was not found in name map.)
(Residue 289: LEU, Nonterminal, was not found in name map.)
(Residue 290: ALA, Nonterminal, was not found in name map.)
(Residue 291: LYS, Nonterminal, was not found in name map.)
(Residue 292: GLU, Nonterminal, was not found in name map.)
(Residue 293: LYS, Nonterminal, was not found in name map.)
(Residue 294: ASP, Nonterminal, was not found in name map.)
(Residue 295: THR, Nonterminal, was not found in name map.)
(Residue 296: ILE, Nonterminal, was not found in name map.)
(Residue 297: ARG, Nonterminal, was not found in name map.)
(Residue 298: LYS, Nonterminal, was not found in name map.)
(Residue 299: GLU, Nonterminal, was not found in name map.)
(Residue 300: TYR, Nonterminal, was not found in name map.)
(Residue 301: TRP, Nonterminal, was not found in name map.)
(Residue 302: ARG, Nonterminal, was not found in name map.)
(Residue 303: TYR, Nonterminal, was not found in name map.)
(Residue 304: ILE, Nonterminal, was not found in name map.)
(Residue 305: GLY, Nonterminal, was not found in name map.)
(Residue 306: ARG, Nonterminal, was not found in name map.)
(Residue 307: SER, Nonterminal, was not found in name map.)
(Residue 308: LEU, Nonterminal, was not found in name map.)
(Residue 309: GLN, Nonterminal, was not found in name map.)
(Residue 310: SER, Nonterminal, was not found in name map.)
(Residue 311: LYS, Nonterminal, was not found in name map.)
Mapped residue HIS, term: Terminal/last, seq. number: 312 to: CHIS.
Mapped residue PRO, term: Terminal/beginning, seq. number: 313 to: NPRO.
(Residue 314: VAL, Nonterminal, was not found in name map.)
(Residue 315: TRP, Nonterminal, was not found in name map.)
(Residue 316: SER, Nonterminal, was not found in name map.)
(Residue 317: GLU, Nonterminal, was not found in name map.)
(Residue 318: PRO, Nonterminal, was not found in name map.)
(Residue 319: LEU, Nonterminal, was not found in name map.)
(Residue 320: TYR, Nonterminal, was not found in name map.)
(Residue 321: SER, Nonterminal, was not found in name map.)
(Residue 322: LEU, Nonterminal, was not found in name map.)
(Residue 323: ARG, Nonterminal, was not found in name map.)
(Residue 324: PRO, Nonterminal, was not found in name map.)
(Residue 325: GLU, Nonterminal, was not found in name map.)
(Residue 326: HIS, Nonterminal, was not found in name map.)
(Residue 327: ALA, Nonterminal, was not found in name map.)
(Residue 328: ARG, Nonterminal, was not found in name map.)
(Residue 329: GLU, Nonterminal, was not found in name map.)
(Residue 330: ARG, Nonterminal, was not found in name map.)
(Residue 331: LEU, Nonterminal, was not found in name map.)
(Residue 332: GLN, Nonterminal, was not found in name map.)
(Residue 333: ASP, Nonterminal, was not found in name map.)
(Residue 334: ASP, Nonterminal, was not found in name map.)
(Residue 335: SER, Nonterminal, was not found in name map.)
(Residue 336: VAL, Nonterminal, was not found in name map.)
(Residue 337: GLU, Nonterminal, was not found in name map.)
(Residue 338: THR, Nonterminal, was not found in name map.)
(Residue 339: VAL, Nonterminal, was not found in name map.)
(Residue 340: THR, Nonterminal, was not found in name map.)
(Residue 341: SER, Nonterminal, was not found in name map.)
(Residue 342: ILE, Nonterminal, was not found in name map.)
(Residue 343: GLU, Nonterminal, was not found in name map.)
(Residue 344: GLN, Nonterminal, was not found in name map.)
(Residue 345: ALA, Nonterminal, was not found in name map.)
(Residue 346: LYS, Nonterminal, was not found in name map.)
(Residue 347: VAL, Nonterminal, was not found in name map.)
(Residue 348: GLU, Nonterminal, was not found in name map.)
(Residue 349: GLU, Nonterminal, was not found in name map.)
(Residue 350: LYS, Nonterminal, was not found in name map.)
(Residue 351: ILE, Nonterminal, was not found in name map.)
(Residue 352: GLN, Nonterminal, was not found in name map.)
(Residue 353: GLU, Nonterminal, was not found in name map.)
(Residue 354: VAL, Nonterminal, was not found in name map.)
(Residue 355: PHE, Nonterminal, was not found in name map.)
(Residue 356: SER, Nonterminal, was not found in name map.)
(Residue 357: SER, Nonterminal, was not found in name map.)
(Residue 358: TYR, Nonterminal, was not found in name map.)
(Residue 359: LYS, Nonterminal, was not found in name map.)
(Residue 360: PHE, Nonterminal, was not found in name map.)
(Residue 361: ASN, Nonterminal, was not found in name map.)
(Residue 362: HIS, Nonterminal, was not found in name map.)
(Residue 363: LEU, Nonterminal, was not found in name map.)
(Residue 364: VAL, Nonterminal, was not found in name map.)
(Residue 365: PRO, Nonterminal, was not found in name map.)
(Residue 366: ARG, Nonterminal, was not found in name map.)
(Residue 367: LEU, Nonterminal, was not found in name map.)
(Residue 368: VAL, Nonterminal, was not found in name map.)
(Residue 369: LEU, Nonterminal, was not found in name map.)
(Residue 370: GLN, Nonterminal, was not found in name map.)
(Residue 371: ARG, Nonterminal, was not found in name map.)
(Residue 372: GLU, Nonterminal, was not found in name map.)
(Residue 373: LYS, Nonterminal, was not found in name map.)
(Residue 374: HIS, Nonterminal, was not found in name map.)
(Residue 375: PHE, Nonterminal, was not found in name map.)
(Residue 376: HIS, Nonterminal, was not found in name map.)
(Residue 377: TYR, Nonterminal, was not found in name map.)
(Residue 378: LEU, Nonterminal, was not found in name map.)
(Residue 379: LYS, Nonterminal, was not found in name map.)
(Residue 380: ARG, Nonterminal, was not found in name map.)
(Residue 381: GLY, Nonterminal, was not found in name map.)
(Residue 382: LEU, Nonterminal, was not found in name map.)
(Residue 383: ARG, Nonterminal, was not found in name map.)
(Residue 384: GLN, Nonterminal, was not found in name map.)
(Residue 385: LEU, Nonterminal, was not found in name map.)
(Residue 386: THR, Nonterminal, was not found in name map.)
(Residue 387: ASP, Nonterminal, was not found in name map.)
(Residue 388: ALA, Nonterminal, was not found in name map.)
(Residue 389: TYR, Nonterminal, was not found in name map.)
(Residue 390: GLU, Nonterminal, was not found in name map.)
(Residue 391: CYS, Nonterminal, was not found in name map.)
(Residue 392: LEU, Nonterminal, was not found in name map.)
(Residue 393: ASP, Nonterminal, was not found in name map.)
(Residue 394: ALA, Nonterminal, was not found in name map.)
(Residue 395: SER, Nonterminal, was not found in name map.)
(Residue 396: ARG, Nonterminal, was not found in name map.)
(Residue 397: PRO, Nonterminal, was not found in name map.)
(Residue 398: TRP, Nonterminal, was not found in name map.)
(Residue 399: LEU, Nonterminal, was not found in name map.)
(Residue 400: CYS, Nonterminal, was not found in name map.)
(Residue 401: TYR, Nonterminal, was not found in name map.)
(Residue 402: TRP, Nonterminal, was not found in name map.)
(Residue 403: ILE, Nonterminal, was not found in name map.)
(Residue 404: LEU, Nonterminal, was not found in name map.)
(Residue 405: HIS, Nonterminal, was not found in name map.)
(Residue 406: SER, Nonterminal, was not found in name map.)
(Residue 407: LEU, Nonterminal, was not found in name map.)
(Residue 408: GLU, Nonterminal, was not found in name map.)
(Residue 409: LEU, Nonterminal, was not found in name map.)
(Residue 410: LEU, Nonterminal, was not found in name map.)
(Residue 411: ASP, Nonterminal, was not found in name map.)
(Residue 412: GLU, Nonterminal, was not found in name map.)
(Residue 413: PRO, Nonterminal, was not found in name map.)
(Residue 414: ILE, Nonterminal, was not found in name map.)
(Residue 415: PRO, Nonterminal, was not found in name map.)
(Residue 416: GLN, Nonterminal, was not found in name map.)
(Residue 417: ILE, Nonterminal, was not found in name map.)
(Residue 418: VAL, Nonterminal, was not found in name map.)
(Residue 419: ALA, Nonterminal, was not found in name map.)
(Residue 420: THR, Nonterminal, was not found in name map.)
(Residue 421: ASP, Nonterminal, was not found in name map.)
(Residue 422: VAL, Nonterminal, was not found in name map.)
(Residue 423: CYS, Nonterminal, was not found in name map.)
(Residue 424: GLN, Nonterminal, was not found in name map.)
(Residue 425: PHE, Nonterminal, was not found in name map.)
(Residue 426: LEU, Nonterminal, was not found in name map.)
(Residue 427: GLU, Nonterminal, was not found in name map.)
(Residue 428: LEU, Nonterminal, was not found in name map.)
(Residue 429: CYS, Nonterminal, was not found in name map.)
(Residue 430: GLN, Nonterminal, was not found in name map.)
(Residue 431: SER, Nonterminal, was not found in name map.)
(Residue 432: PRO, Nonterminal, was not found in name map.)
(Residue 433: GLU, Nonterminal, was not found in name map.)
(Residue 434: GLY, Nonterminal, was not found in name map.)
(Residue 435: GLY, Nonterminal, was not found in name map.)
(Residue 436: PHE, Nonterminal, was not found in name map.)
(Residue 437: GLY, Nonterminal, was not found in name map.)
(Residue 438: GLY, Nonterminal, was not found in name map.)
(Residue 439: GLY, Nonterminal, was not found in name map.)
(Residue 440: PRO, Nonterminal, was not found in name map.)
(Residue 441: GLY, Nonterminal, was not found in name map.)
(Residue 442: GLN, Nonterminal, was not found in name map.)
(Residue 443: TYR, Nonterminal, was not found in name map.)
(Residue 444: PRO, Nonterminal, was not found in name map.)
(Residue 445: HIS, Nonterminal, was not found in name map.)
(Residue 446: LEU, Nonterminal, was not found in name map.)
(Residue 447: ALA, Nonterminal, was not found in name map.)
(Residue 448: PRO, Nonterminal, was not found in name map.)
(Residue 449: THR, Nonterminal, was not found in name map.)
(Residue 450: TYR, Nonterminal, was not found in name map.)
(Residue 451: ALA, Nonterminal, was not found in name map.)
(Residue 452: ALA, Nonterminal, was not found in name map.)
(Residue 453: VAL, Nonterminal, was not found in name map.)
(Residue 454: ASN, Nonterminal, was not found in name map.)
(Residue 455: ALA, Nonterminal, was not found in name map.)
(Residue 456: LEU, Nonterminal, was not found in name map.)
(Residue 457: CYS, Nonterminal, was not found in name map.)
(Residue 458: ILE, Nonterminal, was not found in name map.)
(Residue 459: ILE, Nonterminal, was not found in name map.)
(Residue 460: GLY, Nonterminal, was not found in name map.)
(Residue 461: THR, Nonterminal, was not found in name map.)
(Residue 462: GLU, Nonterminal, was not found in name map.)
(Residue 463: GLU, Nonterminal, was not found in name map.)
(Residue 464: ALA, Nonterminal, was not found in name map.)
(Residue 465: TYR, Nonterminal, was not found in name map.)
(Residue 466: ASP, Nonterminal, was not found in name map.)
(Residue 467: ILE, Nonterminal, was not found in name map.)
(Residue 468: ILE, Nonterminal, was not found in name map.)
(Residue 469: ASN, Nonterminal, was not found in name map.)
(Residue 470: ARG, Nonterminal, was not found in name map.)
(Residue 471: GLU, Nonterminal, was not found in name map.)
(Residue 472: LYS, Nonterminal, was not found in name map.)
(Residue 473: LEU, Nonterminal, was not found in name map.)
(Residue 474: LEU, Nonterminal, was not found in name map.)
(Residue 475: GLN, Nonterminal, was not found in name map.)
(Residue 476: TYR, Nonterminal, was not found in name map.)
(Residue 477: LEU, Nonterminal, was not found in name map.)
(Residue 478: TYR, Nonterminal, was not found in name map.)
(Residue 479: SER, Nonterminal, was not found in name map.)
(Residue 480: LEU, Nonterminal, was not found in name map.)
(Residue 481: LYS, Nonterminal, was not found in name map.)
(Residue 482: GLN, Nonterminal, was not found in name map.)
(Residue 483: PRO, Nonterminal, was not found in name map.)
(Residue 484: ASP, Nonterminal, was not found in name map.)
(Residue 485: GLY, Nonterminal, was not found in name map.)
(Residue 486: SER, Nonterminal, was not found in name map.)
(Residue 487: PHE, Nonterminal, was not found in name map.)
(Residue 488: LEU, Nonterminal, was not found in name map.)
(Residue 489: MET, Nonterminal, was not found in name map.)
(Residue 490: HIS, Nonterminal, was not found in name map.)
(Residue 491: VAL, Nonterminal, was not found in name map.)
(Residue 492: GLY, Nonterminal, was not found in name map.)
(Residue 493: GLY, Nonterminal, was not found in name map.)
(Residue 494: GLU, Nonterminal, was not found in name map.)
(Residue 495: VAL, Nonterminal, was not found in name map.)
(Residue 496: ASP, Nonterminal, was not found in name map.)
(Residue 497: VAL, Nonterminal, was not found in name map.)
(Residue 498: ARG, Nonterminal, was not found in name map.)
(Residue 499: SER, Nonterminal, was not found in name map.)
(Residue 500: ALA, Nonterminal, was not found in name map.)
(Residue 501: TYR, Nonterminal, was not found in name map.)
(Residue 502: CYS, Nonterminal, was not found in name map.)
(Residue 503: ALA, Nonterminal, was not found in name map.)
(Residue 504: ALA, Nonterminal, was not found in name map.)
(Residue 505: SER, Nonterminal, was not found in name map.)
(Residue 506: VAL, Nonterminal, was not found in name map.)
(Residue 507: ALA, Nonterminal, was not found in name map.)
(Residue 508: SER, Nonterminal, was not found in name map.)
(Residue 509: LEU, Nonterminal, was not found in name map.)
(Residue 510: THR, Nonterminal, was not found in name map.)
(Residue 511: ASN, Nonterminal, was not found in name map.)
(Residue 512: ILE, Nonterminal, was not found in name map.)
(Residue 513: ILE, Nonterminal, was not found in name map.)
(Residue 514: THR, Nonterminal, was not found in name map.)
(Residue 515: PRO, Nonterminal, was not found in name map.)
(Residue 516: ASP, Nonterminal, was not found in name map.)
(Residue 517: LEU, Nonterminal, was not found in name map.)
(Residue 518: PHE, Nonterminal, was not found in name map.)
(Residue 519: GLU, Nonterminal, was not found in name map.)
(Residue 520: GLY, Nonterminal, was not found in name map.)
(Residue 521: THR, Nonterminal, was not found in name map.)
(Residue 522: ALA, Nonterminal, was not found in name map.)
(Residue 523: GLU, Nonterminal, was not found in name map.)
(Residue 524: TRP, Nonterminal, was not found in name map.)
(Residue 525: ILE, Nonterminal, was not found in name map.)
(Residue 526: ALA, Nonterminal, was not found in name map.)
(Residue 527: ARG, Nonterminal, was not found in name map.)
(Residue 528: CYS, Nonterminal, was not found in name map.)
(Residue 529: GLN, Nonterminal, was not found in name map.)
(Residue 530: ASN, Nonterminal, was not found in name map.)
(Residue 531: TRP, Nonterminal, was not found in name map.)
(Residue 532: GLU, Nonterminal, was not found in name map.)
(Residue 533: GLY, Nonterminal, was not found in name map.)
(Residue 534: GLY, Nonterminal, was not found in name map.)
(Residue 535: ILE, Nonterminal, was not found in name map.)
(Residue 536: GLY, Nonterminal, was not found in name map.)
(Residue 537: GLY, Nonterminal, was not found in name map.)
(Residue 538: VAL, Nonterminal, was not found in name map.)
(Residue 539: PRO, Nonterminal, was not found in name map.)
(Residue 540: GLY, Nonterminal, was not found in name map.)
(Residue 541: MET, Nonterminal, was not found in name map.)
(Residue 542: GLU, Nonterminal, was not found in name map.)
(Residue 543: ALA, Nonterminal, was not found in name map.)
(Residue 544: HIS, Nonterminal, was not found in name map.)
(Residue 545: GLY, Nonterminal, was not found in name map.)
(Residue 546: GLY, Nonterminal, was not found in name map.)
(Residue 547: TYR, Nonterminal, was not found in name map.)
(Residue 548: THR, Nonterminal, was not found in name map.)
(Residue 549: PHE, Nonterminal, was not found in name map.)
(Residue 550: CYS, Nonterminal, was not found in name map.)
(Residue 551: GLY, Nonterminal, was not found in name map.)
(Residue 552: LEU, Nonterminal, was not found in name map.)
(Residue 553: ALA, Nonterminal, was not found in name map.)
(Residue 554: ALA, Nonterminal, was not found in name map.)
(Residue 555: LEU, Nonterminal, was not found in name map.)
(Residue 556: VAL, Nonterminal, was not found in name map.)
(Residue 557: ILE, Nonterminal, was not found in name map.)
(Residue 558: LEU, Nonterminal, was not found in name map.)
(Residue 559: LYS, Nonterminal, was not found in name map.)
(Residue 560: ARG, Nonterminal, was not found in name map.)
(Residue 561: GLU, Nonterminal, was not found in name map.)
(Residue 562: ARG, Nonterminal, was not found in name map.)
(Residue 563: SER, Nonterminal, was not found in name map.)
(Residue 564: LEU, Nonterminal, was not found in name map.)
(Residue 565: ASN, Nonterminal, was not found in name map.)
(Residue 566: LEU, Nonterminal, was not found in name map.)
(Residue 567: LYS, Nonterminal, was not found in name map.)
(Residue 568: SER, Nonterminal, was not found in name map.)
(Residue 569: LEU, Nonterminal, was not found in name map.)
(Residue 570: LEU, Nonterminal, was not found in name map.)
(Residue 571: GLN, Nonterminal, was not found in name map.)
(Residue 572: TRP, Nonterminal, was not found in name map.)
(Residue 573: VAL, Nonterminal, was not found in name map.)
(Residue 574: THR, Nonterminal, was not found in name map.)
(Residue 575: SER, Nonterminal, was not found in name map.)
(Residue 576: ARG, Nonterminal, was not found in name map.)
(Residue 577: GLN, Nonterminal, was not found in name map.)
(Residue 578: MET, Nonterminal, was not found in name map.)
(Residue 579: ARG, Nonterminal, was not found in name map.)
(Residue 580: PHE, Nonterminal, was not found in name map.)
(Residue 581: GLU, Nonterminal, was not found in name map.)
(Residue 582: GLY, Nonterminal, was not found in name map.)
(Residue 583: GLY, Nonterminal, was not found in name map.)
(Residue 584: PHE, Nonterminal, was not found in name map.)
(Residue 585: GLN, Nonterminal, was not found in name map.)
(Residue 586: GLY, Nonterminal, was not found in name map.)
(Residue 587: ARG, Nonterminal, was not found in name map.)
(Residue 588: CYS, Nonterminal, was not found in name map.)
(Residue 589: ASN, Nonterminal, was not found in name map.)
(Residue 590: LYS, Nonterminal, was not found in name map.)
(Residue 591: LEU, Nonterminal, was not found in name map.)
(Residue 592: VAL, Nonterminal, was not found in name map.)
(Residue 593: ASP, Nonterminal, was not found in name map.)
(Residue 594: GLY, Nonterminal, was not found in name map.)
(Residue 595: CYS, Nonterminal, was not found in name map.)
(Residue 596: TYR, Nonterminal, was not found in name map.)
(Residue 597: SER, Nonterminal, was not found in name map.)
(Residue 598: PHE, Nonterminal, was not found in name map.)
(Residue 599: TRP, Nonterminal, was not found in name map.)
(Residue 600: GLN, Nonterminal, was not found in name map.)
(Residue 601: ALA, Nonterminal, was not found in name map.)
(Residue 602: GLY, Nonterminal, was not found in name map.)
(Residue 603: LEU, Nonterminal, was not found in name map.)
(Residue 604: LEU, Nonterminal, was not found in name map.)
(Residue 605: PRO, Nonterminal, was not found in name map.)
(Residue 606: LEU, Nonterminal, was not found in name map.)
(Residue 607: LEU, Nonterminal, was not found in name map.)
(Residue 608: HIS, Nonterminal, was not found in name map.)
(Residue 609: ARG, Nonterminal, was not found in name map.)
(Residue 610: ALA, Nonterminal, was not found in name map.)
(Residue 611: LEU, Nonterminal, was not found in name map.)
(Residue 612: HIS, Nonterminal, was not found in name map.)
(Residue 613: ALA, Nonterminal, was not found in name map.)
(Residue 614: GLN, Nonterminal, was not found in name map.)
(Residue 615: GLY, Nonterminal, was not found in name map.)
(Residue 616: ASP, Nonterminal, was not found in name map.)
(Residue 617: PRO, Nonterminal, was not found in name map.)
(Residue 618: ALA, Nonterminal, was not found in name map.)
(Residue 619: LEU, Nonterminal, was not found in name map.)
(Residue 620: SER, Nonterminal, was not found in name map.)
(Residue 621: MET, Nonterminal, was not found in name map.)
(Residue 622: SER, Nonterminal, was not found in name map.)
(Residue 623: HIS, Nonterminal, was not found in name map.)
(Residue 624: TRP, Nonterminal, was not found in name map.)
(Residue 625: MET, Nonterminal, was not found in name map.)
(Residue 626: PHE, Nonterminal, was not found in name map.)
(Residue 627: HIS, Nonterminal, was not found in name map.)
(Residue 628: GLN, Nonterminal, was not found in name map.)
(Residue 629: GLN, Nonterminal, was not found in name map.)
(Residue 630: ALA, Nonterminal, was not found in name map.)
(Residue 631: LEU, Nonterminal, was not found in name map.)
(Residue 632: GLN, Nonterminal, was not found in name map.)
(Residue 633: GLU, Nonterminal, was not found in name map.)
(Residue 634: TYR, Nonterminal, was not found in name map.)
(Residue 635: ILE, Nonterminal, was not found in name map.)
(Residue 636: LEU, Nonterminal, was not found in name map.)
(Residue 637: MET, Nonterminal, was not found in name map.)
(Residue 638: CYS, Nonterminal, was not found in name map.)
(Residue 639: CYS, Nonterminal, was not found in name map.)
(Residue 640: GLN, Nonterminal, was not found in name map.)
(Residue 641: CYS, Nonterminal, was not found in name map.)
(Residue 642: PRO, Nonterminal, was not found in name map.)
(Residue 643: ALA, Nonterminal, was not found in name map.)
(Residue 644: GLY, Nonterminal, was not found in name map.)
(Residue 645: GLY, Nonterminal, was not found in name map.)
(Residue 646: LEU, Nonterminal, was not found in name map.)
(Residue 647: LEU, Nonterminal, was not found in name map.)
(Residue 648: ASP, Nonterminal, was not found in name map.)
(Residue 649: LYS, Nonterminal, was not found in name map.)
(Residue 650: PRO, Nonterminal, was not found in name map.)
(Residue 651: GLY, Nonterminal, was not found in name map.)
(Residue 652: LYS, Nonterminal, was not found in name map.)
(Residue 653: SER, Nonterminal, was not found in name map.)
(Residue 654: ARG, Nonterminal, was not found in name map.)
(Residue 655: ASP, Nonterminal, was not found in name map.)
(Residue 656: PHE, Nonterminal, was not found in name map.)
(Residue 657: TYR, Nonterminal, was not found in name map.)
(Residue 658: HIS, Nonterminal, was not found in name map.)
(Residue 659: THR, Nonterminal, was not found in name map.)
(Residue 660: CYS, Nonterminal, was not found in name map.)
(Residue 661: TYR, Nonterminal, was not found in name map.)
(Residue 662: CYS, Nonterminal, was not found in name map.)
(Residue 663: LEU, Nonterminal, was not found in name map.)
(Residue 664: SER, Nonterminal, was not found in name map.)
(Residue 665: GLY, Nonterminal, was not found in name map.)
(Residue 666: LEU, Nonterminal, was not found in name map.)
(Residue 667: SER, Nonterminal, was not found in name map.)
(Residue 668: ILE, Nonterminal, was not found in name map.)
(Residue 669: ALA, Nonterminal, was not found in name map.)
(Residue 670: GLN, Nonterminal, was not found in name map.)
(Residue 671: HIS, Nonterminal, was not found in name map.)
(Residue 672: PHE, Nonterminal, was not found in name map.)
(Residue 673: GLY, Nonterminal, was not found in name map.)
(Residue 674: SER, Nonterminal, was not found in name map.)
(Residue 675: GLY, Nonterminal, was not found in name map.)
(Residue 676: ALA, Nonterminal, was not found in name map.)
(Residue 677: MET, Nonterminal, was not found in name map.)
(Residue 678: LEU, Nonterminal, was not found in name map.)
(Residue 679: HIS, Nonterminal, was not found in name map.)
(Residue 680: ASP, Nonterminal, was not found in name map.)
(Residue 681: VAL, Nonterminal, was not found in name map.)
(Residue 682: VAL, Nonterminal, was not found in name map.)
(Residue 683: LEU, Nonterminal, was not found in name map.)
(Residue 684: GLY, Nonterminal, was not found in name map.)
(Residue 685: VAL, Nonterminal, was not found in name map.)
(Residue 686: PRO, Nonterminal, was not found in name map.)
(Residue 687: GLU, Nonterminal, was not found in name map.)
(Residue 688: ASN, Nonterminal, was not found in name map.)
(Residue 689: ALA, Nonterminal, was not found in name map.)
(Residue 690: LEU, Nonterminal, was not found in name map.)
(Residue 691: GLN, Nonterminal, was not found in name map.)
(Residue 692: PRO, Nonterminal, was not found in name map.)
(Residue 693: THR, Nonterminal, was not found in name map.)
(Residue 694: HIS, Nonterminal, was not found in name map.)
(Residue 695: PRO, Nonterminal, was not found in name map.)
(Residue 696: VAL, Nonterminal, was not found in name map.)
(Residue 697: TYR, Nonterminal, was not found in name map.)
(Residue 698: ASN, Nonterminal, was not found in name map.)
(Residue 699: ILE, Nonterminal, was not found in name map.)
(Residue 700: GLY, Nonterminal, was not found in name map.)
(Residue 701: PRO, Nonterminal, was not found in name map.)
(Residue 702: ASP, Nonterminal, was not found in name map.)
(Residue 703: LYS, Nonterminal, was not found in name map.)
(Residue 704: VAL, Nonterminal, was not found in name map.)
(Residue 705: ILE, Nonterminal, was not found in name map.)
(Residue 706: GLN, Nonterminal, was not found in name map.)
(Residue 707: ALA, Nonterminal, was not found in name map.)
(Residue 708: THR, Nonterminal, was not found in name map.)
(Residue 709: THR, Nonterminal, was not found in name map.)
(Residue 710: TYR, Nonterminal, was not found in name map.)
(Residue 711: PHE, Nonterminal, was not found in name map.)
(Residue 712: LEU, Nonterminal, was not found in name map.)
(Residue 713: GLN, Nonterminal, was not found in name map.)
(Residue 714: LYS, Nonterminal, was not found in name map.)
(Residue 715: PRO, Nonterminal, was not found in name map.)
(Residue 716: VAL, Nonterminal, was not found in name map.)
(Residue 717: PRO, Nonterminal, was not found in name map.)
(Residue 718: GLY, Nonterminal, was not found in name map.)
Mapped residue PHE, term: Terminal/last, seq. number: 719 to: CPHE.
Joining NPHE - VAL
Joining VAL - SER
Joining SER - LEU
Joining LEU - ASP
Joining ASP - SER
Joining SER - PRO
Joining PRO - SER
Joining SER - TYR
Joining TYR - VAL
Joining VAL - LEU
Joining LEU - TYR
Joining TYR - ARG
Joining ARG - ASP
Joining ASP - ARG
Joining ARG - ALA
Joining ALA - GLU
Joining GLU - TRP
Joining TRP - ALA
Joining ALA - ASP
Joining ASP - ILE
Joining ILE - ASP
Joining ASP - PRO
Joining PRO - VAL
Joining VAL - PRO
Joining PRO - GLN
Joining GLN - ASN
Joining ASN - ASP
Joining ASP - GLY
Joining GLY - PRO
Joining PRO - ASN
Joining ASN - PRO
Joining PRO - VAL
Joining VAL - VAL
Joining VAL - GLN
Joining GLN - ILE
Joining ILE - ILE
Joining ILE - TYR
Joining TYR - SER
Joining SER - ASP
Joining ASP - LYS
Joining LYS - PHE
Joining PHE - ARG
Joining ARG - ASP
Joining ASP - VAL
Joining VAL - TYR
Joining TYR - ASP
Joining ASP - TYR
Joining TYR - PHE
Joining PHE - ARG
Joining ARG - ALA
Joining ALA - VAL
Joining VAL - LEU
Joining LEU - GLN
Joining GLN - ARG
Joining ARG - ASP
Joining ASP - GLU
Joining GLU - ARG
Joining ARG - SER
Joining SER - GLU
Joining GLU - ARG
Joining ARG - ALA
Joining ALA - PHE
Joining PHE - LYS
Joining LYS - LEU
Joining LEU - THR
Joining THR - ARG
Joining ARG - ASP
Joining ASP - ALA
Joining ALA - ILE
Joining ILE - GLU
Joining GLU - LEU
Joining LEU - ASN
Joining ASN - ALA
Joining ALA - ALA
Joining ALA - ASN
Joining ASN - TYR
Joining TYR - THR
Joining THR - VAL
Joining VAL - TRP
Joining TRP - HIE
Joining HIE - PHE
Joining PHE - ARG
Joining ARG - ARG
Joining ARG - VAL
Joining VAL - LEU
Joining LEU - LEU
Joining LEU - LYS
Joining LYS - SER
Joining SER - LEU
Joining LEU - GLN
Joining GLN - LYS
Joining LYS - ASP
Joining ASP - LEU
Joining LEU - HIE
Joining HIE - GLU
Joining GLU - GLU
Joining GLU - MET
Joining MET - ASN
Joining ASN - TYR
Joining TYR - ILE
Joining ILE - THR
Joining THR - ALA
Joining ALA - ILE
Joining ILE - ILE
Joining ILE - GLU
Joining GLU - GLU
Joining GLU - GLN
Joining GLN - PRO
Joining PRO - LYS
Joining LYS - ASN
Joining ASN - TYR
Joining TYR - GLN
Joining GLN - VAL
Joining VAL - TRP
Joining TRP - HIE
Joining HIE - HIE
Joining HIE - ARG
Joining ARG - ARG
Joining ARG - VAL
Joining VAL - LEU
Joining LEU - VAL
Joining VAL - GLU
Joining GLU - TRP
Joining TRP - LEU
Joining LEU - ARG
Joining ARG - ASP
Joining ASP - PRO
Joining PRO - SER
Joining SER - GLN
Joining GLN - GLU
Joining GLU - LEU
Joining LEU - GLU
Joining GLU - PHE
Joining PHE - ILE
Joining ILE - ALA
Joining ALA - ASP
Joining ASP - ILE
Joining ILE - LEU
Joining LEU - ASN
Joining ASN - GLN
Joining GLN - ASP
Joining ASP - ALA
Joining ALA - LYS
Joining LYS - ASN
Joining ASN - TYR
Joining TYR - HIE
Joining HIE - ALA
Joining ALA - TRP
Joining TRP - GLN
Joining GLN - HIE
Joining HIE - ARG
Joining ARG - GLN
Joining GLN - TRP
Joining TRP - VAL
Joining VAL - ILE
Joining ILE - GLN
Joining GLN - GLU
Joining GLU - PHE
Joining PHE - LYS
Joining LYS - LEU
Joining LEU - TRP
Joining TRP - ASP
Joining ASP - ASN
Joining ASN - GLU
Joining GLU - LEU
Joining LEU - GLN
Joining GLN - TYR
Joining TYR - VAL
Joining VAL - ASP
Joining ASP - GLN
Joining GLN - LEU
Joining LEU - LEU
Joining LEU - LYS
Joining LYS - GLU
Joining GLU - ASP
Joining ASP - VAL
Joining VAL - ARG
Joining ARG - ASN
Joining ASN - ASN
Joining ASN - SER
Joining SER - VAL
Joining VAL - TRP
Joining TRP - ASN
Joining ASN - GLN
Joining GLN - ARG
Joining ARG - TYR
Joining TYR - PHE
Joining PHE - VAL
Joining VAL - ILE
Joining ILE - SER
Joining SER - ASN
Joining ASN - THR
Joining THR - THR
Joining THR - GLY
Joining GLY - TYR
Joining TYR - ASN
Joining ASN - ASP
Joining ASP - ARG
Joining ARG - ALA
Joining ALA - VAL
Joining VAL - LEU
Joining LEU - GLU
Joining GLU - ARG
Joining ARG - GLU
Joining GLU - VAL
Joining VAL - GLN
Joining GLN - TYR
Joining TYR - THR
Joining THR - LEU
Joining LEU - GLU
Joining GLU - MET
Joining MET - ILE
Joining ILE - LYS
Joining LYS - LEU
Joining LEU - VAL
Joining VAL - PRO
Joining PRO - HIE
Joining HIE - ASN
Joining ASN - GLU
Joining GLU - SER
Joining SER - ALA
Joining ALA - TRP
Joining TRP - ASN
Joining ASN - TYR
Joining TYR - LEU
Joining LEU - LYS
Joining LYS - GLY
Joining GLY - ILE
Joining ILE - LEU
Joining LEU - GLN
Joining GLN - ASP
Joining ASP - ARG
Joining ARG - GLY
Joining GLY - LEU
Joining LEU - SER
Joining SER - LYS
Joining LYS - TYR
Joining TYR - PRO
Joining PRO - ASN
Joining ASN - LEU
Joining LEU - LEU
Joining LEU - ASN
Joining ASN - GLN
Joining GLN - LEU
Joining LEU - LEU
Joining LEU - ASP
Joining ASP - LEU
Joining LEU - GLN
Joining GLN - PRO
Joining PRO - SER
Joining SER - HIE
Joining HIE - SER
Joining SER - SER
Joining SER - PRO
Joining PRO - TYR
Joining TYR - LEU
Joining LEU - ILE
Joining ILE - ALA
Joining ALA - PHE
Joining PHE - LEU
Joining LEU - VAL
Joining VAL - ASP
Joining ASP - ILE
Joining ILE - TYR
Joining TYR - GLU
Joining GLU - ASP
Joining ASP - MET
Joining MET - LEU
Joining LEU - GLU
Joining GLU - ASN
Joining ASN - GLN
Joining GLN - CYS
Joining CYS - ASP
Joining ASP - ASN
Joining ASN - LYS
Joining LYS - GLU
Joining GLU - ASP
Joining ASP - ILE
Joining ILE - LEU
Joining LEU - ASN
Joining ASN - LYS
Joining LYS - ALA
Joining ALA - LEU
Joining LEU - GLU
Joining GLU - LEU
Joining LEU - CYS
Joining CYS - GLU
Joining GLU - ILE
Joining ILE - LEU
Joining LEU - ALA
Joining ALA - LYS
Joining LYS - GLU
Joining GLU - LYS
Joining LYS - ASP
Joining ASP - THR
Joining THR - ILE
Joining ILE - ARG
Joining ARG - LYS
Joining LYS - GLU
Joining GLU - TYR
Joining TYR - TRP
Joining TRP - ARG
Joining ARG - TYR
Joining TYR - ILE
Joining ILE - GLY
Joining GLY - ARG
Joining ARG - SER
Joining SER - LEU
Joining LEU - GLN
Joining GLN - SER
Joining SER - LYS
Joining LYS - CHIE
  Added missing heavy atom: .R<CHIE 367>.A<OXT 18>
Joining NPRO - VAL
Joining VAL - TRP
Joining TRP - SER
Joining SER - GLU
Joining GLU - PRO
Joining PRO - LEU
Joining LEU - TYR
Joining TYR - SER
Joining SER - LEU
Joining LEU - ARG
Joining ARG - PRO
Joining PRO - GLU
Joining GLU - HIE
Joining HIE - ALA
Joining ALA - ARG
Joining ARG - GLU
Joining GLU - ARG
Joining ARG - LEU
Joining LEU - GLN
Joining GLN - ASP
Joining ASP - ASP
Joining ASP - SER
Joining SER - VAL
Joining VAL - GLU
Joining GLU - THR
Joining THR - VAL
Joining VAL - THR
Joining THR - SER
Joining SER - ILE
Joining ILE - GLU
Joining GLU - GLN
Joining GLN - ALA
Joining ALA - LYS
Joining LYS - VAL
Joining VAL - GLU
Joining GLU - GLU
Joining GLU - LYS
Joining LYS - ILE
Joining ILE - GLN
Joining GLN - GLU
Joining GLU - VAL
Joining VAL - PHE
Joining PHE - SER
Joining SER - SER
Joining SER - TYR
Joining TYR - LYS
Joining LYS - PHE
Joining PHE - ASN
Joining ASN - HIE
Joining HIE - LEU
Joining LEU - VAL
Joining VAL - PRO
Joining PRO - ARG
Joining ARG - LEU
Joining LEU - VAL
Joining VAL - LEU
Joining LEU - GLN
Joining GLN - ARG
Joining ARG - GLU
Joining GLU - LYS
Joining LYS - HIE
Joining HIE - PHE
Joining PHE - HIE
Joining HIE - TYR
Joining TYR - LEU
Joining LEU - LYS
Joining LYS - ARG
Joining ARG - GLY
Joining GLY - LEU
Joining LEU - ARG
Joining ARG - GLN
Joining GLN - LEU
Joining LEU - THR
Joining THR - ASP
Joining ASP - ALA
Joining ALA - TYR
Joining TYR - GLU
Joining GLU - CYS
Joining CYS - LEU
Joining LEU - ASP
Joining ASP - ALA
Joining ALA - SER
Joining SER - ARG
Joining ARG - PRO
Joining PRO - TRP
Joining TRP - LEU
Joining LEU - CYS
Joining CYS - TYR
Joining TYR - TRP
Joining TRP - ILE
Joining ILE - LEU
Joining LEU - HIE
Joining HIE - SER
Joining SER - LEU
Joining LEU - GLU
Joining GLU - LEU
Joining LEU - LEU
Joining LEU - ASP
Joining ASP - GLU
Joining GLU - PRO
Joining PRO - ILE
Joining ILE - PRO
Joining PRO - GLN
Joining GLN - ILE
Joining ILE - VAL
Joining VAL - ALA
Joining ALA - THR
Joining THR - ASP
Joining ASP - VAL
Joining VAL - CYS
Joining CYS - GLN
Joining GLN - PHE
Joining PHE - LEU
Joining LEU - GLU
Joining GLU - LEU
Joining LEU - CYS
Joining CYS - GLN
Joining GLN - SER
Joining SER - PRO
Joining PRO - GLU
Joining GLU - GLY
Joining GLY - GLY
Joining GLY - PHE
Joining PHE - GLY
Joining GLY - GLY
Joining GLY - GLY
Joining GLY - PRO
Joining PRO - GLY
Joining GLY - GLN
Joining GLN - TYR
Joining TYR - PRO
Joining PRO - HIE
Joining HIE - LEU
Joining LEU - ALA
Joining ALA - PRO
Joining PRO - THR
Joining THR - TYR
Joining TYR - ALA
Joining ALA - ALA
Joining ALA - VAL
Joining VAL - ASN
Joining ASN - ALA
Joining ALA - LEU
Joining LEU - CYS
Joining CYS - ILE
Joining ILE - ILE
Joining ILE - GLY
Joining GLY - THR
Joining THR - GLU
Joining GLU - GLU
Joining GLU - ALA
Joining ALA - TYR
Joining TYR - ASP
Joining ASP - ILE
Joining ILE - ILE
Joining ILE - ASN
Joining ASN - ARG
Joining ARG - GLU
Joining GLU - LYS
Joining LYS - LEU
Joining LEU - LEU
Joining LEU - GLN
Joining GLN - TYR
Joining TYR - LEU
Joining LEU - TYR
Joining TYR - SER
Joining SER - LEU
Joining LEU - LYS
Joining LYS - GLN
Joining GLN - PRO
Joining PRO - ASP
Joining ASP - GLY
Joining GLY - SER
Joining SER - PHE
Joining PHE - LEU
Joining LEU - MET
Joining MET - HIE
Joining HIE - VAL
Joining VAL - GLY
Joining GLY - GLY
Joining GLY - GLU
Joining GLU - VAL
Joining VAL - ASP
Joining ASP - VAL
Joining VAL - ARG
Joining ARG - SER
Joining SER - ALA
Joining ALA - TYR
Joining TYR - CYS
Joining CYS - ALA
Joining ALA - ALA
Joining ALA - SER
Joining SER - VAL
Joining VAL - ALA
Joining ALA - SER
Joining SER - LEU
Joining LEU - THR
Joining THR - ASN
Joining ASN - ILE
Joining ILE - ILE
Joining ILE - THR
Joining THR - PRO
Joining PRO - ASP
Joining ASP - LEU
Joining LEU - PHE
Joining PHE - GLU
Joining GLU - GLY
Joining GLY - THR
Joining THR - ALA
Joining ALA - GLU
Joining GLU - TRP
Joining TRP - ILE
Joining ILE - ALA
Joining ALA - ARG
Joining ARG - CYS
Joining CYS - GLN
Joining GLN - ASN
Joining ASN - TRP
Joining TRP - GLU
Joining GLU - GLY
Joining GLY - GLY
Joining GLY - ILE
Joining ILE - GLY
Joining GLY - GLY
Joining GLY - VAL
Joining VAL - PRO
Joining PRO - GLY
Joining GLY - MET
Joining MET - GLU
Joining GLU - ALA
Joining ALA - HIE
Joining HIE - GLY
Joining GLY - GLY
Joining GLY - TYR
Joining TYR - THR
Joining THR - PHE
Joining PHE - CYS
Joining CYS - GLY
Joining GLY - LEU
Joining LEU - ALA
Joining ALA - ALA
Joining ALA - LEU
Joining LEU - VAL
Joining VAL - ILE
Joining ILE - LEU
Joining LEU - LYS
Joining LYS - ARG
Joining ARG - GLU
Joining GLU - ARG
Joining ARG - SER
Joining SER - LEU
Joining LEU - ASN
Joining ASN - LEU
Joining LEU - LYS
Joining LYS - SER
Joining SER - LEU
Joining LEU - LEU
Joining LEU - GLN
Joining GLN - TRP
Joining TRP - VAL
Joining VAL - THR
Joining THR - SER
Joining SER - ARG
Joining ARG - GLN
Joining GLN - MET
Joining MET - ARG
Joining ARG - PHE
Joining PHE - GLU
Joining GLU - GLY
Joining GLY - GLY
Joining GLY - PHE
Joining PHE - GLN
Joining GLN - GLY
Joining GLY - ARG
Joining ARG - CYS
Joining CYS - ASN
Joining ASN - LYS
Joining LYS - LEU
Joining LEU - VAL
Joining VAL - ASP
Joining ASP - GLY
Joining GLY - CYS
Joining CYS - TYR
Joining TYR - SER
Joining SER - PHE
Joining PHE - TRP
Joining TRP - GLN
Joining GLN - ALA
Joining ALA - GLY
Joining GLY - LEU
Joining LEU - LEU
Joining LEU - PRO
Joining PRO - LEU
Joining LEU - LEU
Joining LEU - HIE
Joining HIE - ARG
Joining ARG - ALA
Joining ALA - LEU
Joining LEU - HIE
Joining HIE - ALA
Joining ALA - GLN
Joining GLN - GLY
Joining GLY - ASP
Joining ASP - PRO
Joining PRO - ALA
Joining ALA - LEU
Joining LEU - SER
Joining SER - MET
Joining MET - SER
Joining SER - HIE
Joining HIE - TRP
Joining TRP - MET
Joining MET - PHE
Joining PHE - HIE
Joining HIE - GLN
Joining GLN - GLN
Joining GLN - ALA
Joining ALA - LEU
Joining LEU - GLN
Joining GLN - GLU
Joining GLU - TYR
Joining TYR - ILE
Joining ILE - LEU
Joining LEU - MET
Joining MET - CYS
Joining CYS - CYS
Joining CYS - GLN
Joining GLN - CYS
Joining CYS - PRO
Joining PRO - ALA
Joining ALA - GLY
Joining GLY - GLY
Joining GLY - LEU
Joining LEU - LEU
Joining LEU - ASP
Joining ASP - LYS
Joining LYS - PRO
Joining PRO - GLY
Joining GLY - LYS
Joining LYS - SER
Joining SER - ARG
Joining ARG - ASP
Joining ASP - PHE
Joining PHE - TYR
Joining TYR - HIE
Joining HIE - THR
Joining THR - CYS
Joining CYS - TYR
Joining TYR - CYS
Joining CYS - LEU
Joining LEU - SER
Joining SER - GLY
Joining GLY - LEU
Joining LEU - SER
Joining SER - ILE
Joining ILE - ALA
Joining ALA - GLN
Joining GLN - HIE
Joining HIE - PHE
Joining PHE - GLY
Joining GLY - SER
Joining SER - GLY
Joining GLY - ALA
Joining ALA - MET
Joining MET - LEU
Joining LEU - HIE
Joining HIE - ASP
Joining ASP - VAL
Joining VAL - VAL
Joining VAL - LEU
Joining LEU - GLY
Joining GLY - VAL
Joining VAL - PRO
Joining PRO - GLU
Joining GLU - ASN
Joining ASN - ALA
Joining ALA - LEU
Joining LEU - GLN
Joining GLN - PRO
Joining PRO - THR
Joining THR - HIE
Joining HIE - PRO
Joining PRO - VAL
Joining VAL - TYR
Joining TYR - ASN
Joining ASN - ILE
Joining ILE - GLY
Joining GLY - PRO
Joining PRO - ASP
Joining ASP - LYS
Joining LYS - VAL
Joining VAL - ILE
Joining ILE - GLN
Joining GLN - ALA
Joining ALA - THR
Joining THR - THR
Joining THR - TYR
Joining TYR - PHE
Joining PHE - LEU
Joining LEU - GLN
Joining GLN - LYS
Joining LYS - PRO
Joining PRO - VAL
Joining VAL - PRO
Joining PRO - GLY
Joining GLY - CPHE
  Added missing heavy atom: .R<CPHE 774>.A<OXT 21>
  total atoms in file: 5877
  Leap added 5729 missing atoms according to residue templates:
       2 Heavy
       5727 H / lone pairs
> savepdb  protein  protein.pdb
Writing pdb file: protein.pdb
 Converting N-terminal residue name to PDB format: NPHE -> PHE
 Converting C-terminal residue name to PDB format: CHIE -> HIE
 Converting N-terminal residue name to PDB format: NPRO -> PRO
 Converting C-terminal residue name to PDB format: CPHE -> PHE
> ##saveamberparm dipepide diVAL.prmtop diVAL.inpcrd
> 
> quit
	Quit
