log started: Fri Nov 23 17:39:39 2018

Log file: ./leap.log
>> #
>> # ----- leaprc for loading the ff99SB (Hornak & Simmerling) force field
>> # -----  this file is updated for PDB format 3
>> #
>> #	load atom type hybridizations
>> #
>> addAtomTypes {
>> 	{ "H"   "H" "sp3" }
>> 	{ "HO"  "H" "sp3" }
>> 	{ "HS"  "H" "sp3" }
>> 	{ "H1"  "H" "sp3" }
>> 	{ "H2"  "H" "sp3" }
>> 	{ "H3"  "H" "sp3" }
>> 	{ "H4"  "H" "sp3" }
>> 	{ "H5"  "H" "sp3" }
>> 	{ "HW"  "H" "sp3" }
>> 	{ "HC"  "H" "sp3" }
>> 	{ "HA"  "H" "sp3" }
>> 	{ "HP"  "H" "sp3" }
>> 	{ "OH"  "O" "sp3" }
>> 	{ "OS"  "O" "sp3" }
>> 	{ "O"   "O" "sp2" }
>> 	{ "O2"  "O" "sp2" }
>> 	{ "OW"  "O" "sp3" }
>> 	{ "CT"  "C" "sp3" }
>> 	{ "CH"  "C" "sp3" }
>> 	{ "C2"  "C" "sp3" }
>> 	{ "C3"  "C" "sp3" }
>> 	{ "C"   "C" "sp2" }
>> 	{ "C*"  "C" "sp2" }
>> 	{ "CA"  "C" "sp2" }
>> 	{ "CB"  "C" "sp2" }
>> 	{ "CC"  "C" "sp2" }
>> 	{ "CN"  "C" "sp2" }
>> 	{ "CM"  "C" "sp2" }
>> 	{ "CK"  "C" "sp2" }
>> 	{ "CQ"  "C" "sp2" }
>> 	{ "CD"  "C" "sp2" }
>> 	{ "CE"  "C" "sp2" }
>> 	{ "CF"  "C" "sp2" }
>> 	{ "CP"  "C" "sp2" }
>> 	{ "CI"  "C" "sp2" }
>> 	{ "CJ"  "C" "sp2" }
>> 	{ "CW"  "C" "sp2" }
>> 	{ "CV"  "C" "sp2" }
>> 	{ "CR"  "C" "sp2" }
>> 	{ "CA"  "C" "sp2" }
>> 	{ "CY"  "C" "sp2" }
>> 	{ "C0"  "Ca" "sp2" }
>> 	{ "MG"  "Mg" "sp3" }
>> 	{ "N"   "N" "sp2" }
>> 	{ "NA"  "N" "sp2" }
>> 	{ "N2"  "N" "sp2" }
>> 	{ "N*"  "N" "sp2" }
>> 	{ "NP"  "N" "sp2" }
>> 	{ "NQ"  "N" "sp2" }
>> 	{ "NB"  "N" "sp2" }
>> 	{ "NC"  "N" "sp2" }
>> 	{ "NT"  "N" "sp3" }
>> 	{ "N3"  "N" "sp3" }
>> 	{ "S"   "S" "sp3" }
>> 	{ "SH"  "S" "sp3" }
>> 	{ "P"   "P" "sp3" }
>> 	{ "LP"  ""  "sp3" }
>> 	{ "F"   "F" "sp3" }
>> 	{ "CL"  "Cl" "sp3" }
>> 	{ "BR"  "Br" "sp3" }
>> 	{ "I"   "I"  "sp3" }
>> 	{ "FE"  "Fe" "sp3" }
>> 	{ "EP"  ""  "sp3" }
>> # glycam
>> 	{ "OG"  "O" "sp3" }
>> 	{ "OL"  "O" "sp3" }
>> 	{ "AC"  "C" "sp3" }
>> 	{ "EC"  "C" "sp3" }
>> }
>> #
>> #	Load the main parameter set.
>> #
>> parm99 = loadamberparams parm99.dat
Loading parameters: /share/home/zhanghaiping/program/amber16/dat/leap/parm/parm99.dat
Reading title:
PARM99 for DNA,RNA,AA, organic molecules, TIP3P wat. Polariz.& LP incl.02/04/99
(UNKNOWN ATOM TYPE: HZ)
(UNKNOWN ATOM TYPE: IM)
(UNKNOWN ATOM TYPE: Li)
(UNKNOWN ATOM TYPE: IP)
(UNKNOWN ATOM TYPE: K)
(UNKNOWN ATOM TYPE: Rb)
(UNKNOWN ATOM TYPE: Cs)
(UNKNOWN ATOM TYPE: Zn)
(UNKNOWN ATOM TYPE: IB)
(UNKNOWN ATOM TYPE: LP)
>> frcmod99SB = loadamberparams frcmod.ff99SB
Loading parameters: /share/home/zhanghaiping/program/amber16/dat/leap/parm/frcmod.ff99SB
Reading force field modification type file (frcmod)
Reading title:
Modification/update of parm99.dat (Hornak & Simmerling)
>> #
>> #	Load DNA/RNA libraries
>> #
>> loadOff all_nucleic94.lib
Loading library: /share/home/zhanghaiping/program/amber16/dat/leap/lib/all_nucleic94.lib
Loading: DA
Loading: DA3
Loading: DA5
Loading: DAN
Loading: DC
Loading: DC3
Loading: DC5
Loading: DCN
Loading: DG
Loading: DG3
Loading: DG5
Loading: DGN
Loading: DT
Loading: DT3
Loading: DT5
Loading: DTN
Loading: RA
Loading: RA3
Loading: RA5
Loading: RAN
Loading: RC
Loading: RC3
Loading: RC5
Loading: RCN
Loading: RG
Loading: RG3
Loading: RG5
Loading: RGN
Loading: RU
Loading: RU3
Loading: RU5
Loading: RUN
>> #
>> #	Load main chain and terminating 
>> #	amino acid libraries (i.e. ff94 libs)
>> #
>> loadOff all_amino94.lib
Loading library: /share/home/zhanghaiping/program/amber16/dat/leap/lib/all_amino94.lib
Loading: ALA
Loading: ARG
Loading: ASH
Loading: ASN
Loading: ASP
Loading: CYM
Loading: CYS
Loading: CYX
Loading: GLH
Loading: GLN
Loading: GLU
Loading: GLY
Loading: HID
Loading: HIE
Loading: HIP
Loading: ILE
Loading: LEU
Loading: LYN
Loading: LYS
Loading: MET
Loading: PHE
Loading: PRO
Loading: SER
Loading: THR
Loading: TRP
Loading: TYR
Loading: VAL
>> loadOff all_aminoct94.lib
Loading library: /share/home/zhanghaiping/program/amber16/dat/leap/lib/all_aminoct94.lib
Loading: CALA
Loading: CARG
Loading: CASN
Loading: CASP
Loading: CCYS
Loading: CCYX
Loading: CGLN
Loading: CGLU
Loading: CGLY
Loading: CHID
Loading: CHIE
Loading: CHIP
Loading: CILE
Loading: CLEU
Loading: CLYS
Loading: CMET
Loading: CPHE
Loading: CPRO
Loading: CSER
Loading: CTHR
Loading: CTRP
Loading: CTYR
Loading: CVAL
Loading: NHE
Loading: NME
>> loadOff all_aminont94.lib
Loading library: /share/home/zhanghaiping/program/amber16/dat/leap/lib/all_aminont94.lib
Loading: ACE
Loading: NALA
Loading: NARG
Loading: NASN
Loading: NASP
Loading: NCYS
Loading: NCYX
Loading: NGLN
Loading: NGLU
Loading: NGLY
Loading: NHID
Loading: NHIE
Loading: NHIP
Loading: NILE
Loading: NLEU
Loading: NLYS
Loading: NMET
Loading: NPHE
Loading: NPRO
Loading: NSER
Loading: NTHR
Loading: NTRP
Loading: NTYR
Loading: NVAL
>> #
>> #       Load water and ions
>> # 
>> loadOff ions94.lib
Loading library: /share/home/zhanghaiping/program/amber16/dat/leap/lib/ions94.lib
Loading: CIO
Loading: Cl-
Loading: Cs+
Loading: IB
Loading: K+
Loading: Li+
Loading: MG2
Loading: Na+
Loading: Rb+
>> loadOff solvents.lib
Loading library: /share/home/zhanghaiping/program/amber16/dat/leap/lib/solvents.lib
Loading: CHCL3BOX
Loading: DC4
Loading: FB3
Loading: FB3BOX
Loading: FB4
Loading: FB4BOX
Loading: MEOHBOX
Loading: NMABOX
Loading: OPC
Loading: OPCBOX
Loading: PL3
Loading: POL3BOX
Loading: QSPCFWBOX
Loading: SPC
Loading: SPCBOX
Loading: SPCFWBOX
Loading: SPF
Loading: SPG
Loading: T4E
Loading: TIP3PBOX
Loading: TIP3PFBOX
Loading: TIP4PBOX
Loading: TIP4PEWBOX
Loading: TIP5PBOX
Loading: TP3
Loading: TP4
Loading: TP5
Loading: TPF
>> HOH = TP3
>> WAT = TP3
>> 
>> #
>> #	Define the PDB name map for the amino acids and DNA.
>> #
>> addPdbResMap {
>>   { 0 "ALA" "NALA" } { 1 "ALA" "CALA" }
>>   { 0 "ARG" "NARG" } { 1 "ARG" "CARG" }
>>   { 0 "ASN" "NASN" } { 1 "ASN" "CASN" }
>>   { 0 "ASP" "NASP" } { 1 "ASP" "CASP" }
>>   { 0 "CYS" "NCYS" } { 1 "CYS" "CCYS" }
>>   { 0 "CYX" "NCYX" } { 1 "CYX" "CCYX" }
>>   { 0 "GLN" "NGLN" } { 1 "GLN" "CGLN" }
>>   { 0 "GLU" "NGLU" } { 1 "GLU" "CGLU" }
>>   { 0 "GLY" "NGLY" } { 1 "GLY" "CGLY" }
>>   { 0 "HID" "NHID" } { 1 "HID" "CHID" }
>>   { 0 "HIE" "NHIE" } { 1 "HIE" "CHIE" }
>>   { 0 "HIP" "NHIP" } { 1 "HIP" "CHIP" }
>>   { 0 "ILE" "NILE" } { 1 "ILE" "CILE" }
>>   { 0 "LEU" "NLEU" } { 1 "LEU" "CLEU" }
>>   { 0 "LYS" "NLYS" } { 1 "LYS" "CLYS" }
>>   { 0 "MET" "NMET" } { 1 "MET" "CMET" }
>>   { 0 "PHE" "NPHE" } { 1 "PHE" "CPHE" }
>>   { 0 "PRO" "NPRO" } { 1 "PRO" "CPRO" }
>>   { 0 "SER" "NSER" } { 1 "SER" "CSER" }
>>   { 0 "THR" "NTHR" } { 1 "THR" "CTHR" }
>>   { 0 "TRP" "NTRP" } { 1 "TRP" "CTRP" }
>>   { 0 "TYR" "NTYR" } { 1 "TYR" "CTYR" }
>>   { 0 "VAL" "NVAL" } { 1 "VAL" "CVAL" }
>>   { 0 "HIS" "NHIS" } { 1 "HIS" "CHIS" }
>>   { 0 "GUA" "DG5"  } { 1 "GUA" "DG3"  } { "GUA" "DG" }
>>   { 0 "ADE" "DA5"  } { 1 "ADE" "DA3"  } { "ADE" "DA" }
>>   { 0 "CYT" "DC5"  } { 1 "CYT" "DC3"  } { "CYT" "DC" }
>>   { 0 "THY" "DT5"  } { 1 "THY" "DT3"  } { "THY" "DT" }
>>   { 0 "G" "RG5"  } { 1 "G" "RG3"  } { "G" "RG" } { "GN" "RGN" }
>>   { 0 "A" "RA5"  } { 1 "A" "RA3"  } { "A" "RA" } { "AN" "RAN" }
>>   { 0 "C" "RC5"  } { 1 "C" "RC3"  } { "C" "RC" } { "CN" "RCN" }
>>   { 0 "U" "RU5"  } { 1 "U" "RU3"  } { "U" "RU" } { "UN" "RUN" }
>>   { 0 "DG" "DG5"  } { 1 "DG" "DG3"  }  
>>   { 0 "DA" "DA5"  } { 1 "DA" "DA3"  }  
>>   { 0 "DC" "DC5"  } { 1 "DC" "DC3"  }  
>>   { 0 "DT" "DT5"  } { 1 "DT" "DT3"  }
>> 
>> }
>> 
>> addPdbAtomMap {
>>   { "O5*" "O5'" }
>>   { "C5*" "C5'" }
>>   { "C4*" "C4'" }
>>   { "O4*" "O4'" }
>>   { "C3*" "C3'" }
>>   { "O3*" "O3'" }
>>   { "C2*" "C2'" }
>>   { "C1*" "C1'" }
>>   { "C5M" "C7"  }
>>   { "O2*" "O2'" }
>>   { "H1*" "H1'" }
>>   { "H2*1" "H2'1" }
>>   { "H2*2" "H2'2" }
>>   { "H2'"  "H2'1" }
>>   { "H2''" "H2'2" }
>>   { "H3*" "H3'" }
>>   { "H4*" "H4'" }
>>   { "H5*1" "H5'1" }
>>   { "H5*2" "H5'2" }
>>   { "H5'"  "H5'1" }
>>   { "H5''" "H5'2" }
>>   { "HO2'" "HO'2" }
>>   { "HO5'" "H5T" }
>>   { "HO3'" "H3T" }
>>   { "O1'" "O4'" }
>>   { "OA"  "O1P" }
>>   { "OB"  "O2P" }
>>   { "OP1" "O1P" }
>>   { "OP2" "O2P" }
>> }
>> 
>> 
>> #
>> # assumed that most often proteins use HIE
>> #
>> NHIS = NHIE
>> HIS = HIE
>> CHIS = CHIE
> 
> #source /home/zhp/tleap/leaprc.GLYCAM_06j-1
> set default PBRadii mbondi3
Using ArgH and AspGluO modified Bondi2 radii
> #3dipepide=sequence{ACE VAL NME}
> 
> 
> protein = loadpdb  1r58_ww.pdb
Loading PDB file: ./1r58_ww.pdb
Enter zPdbReadScan from call depth  0.
Exit  zPdbReadScan from call depth  0.
Matching PDB residue names to LEaP variables.
Mapped residue LYS, term: Terminal/beginning, seq. number: 0 to: NLYS.
(Residue 1: VAL, Nonterminal, was not found in name map.)
(Residue 2: GLN, Nonterminal, was not found in name map.)
(Residue 3: THR, Nonterminal, was not found in name map.)
(Residue 4: ASP, Nonterminal, was not found in name map.)
(Residue 5: PRO, Nonterminal, was not found in name map.)
(Residue 6: PRO, Nonterminal, was not found in name map.)
(Residue 7: SER, Nonterminal, was not found in name map.)
(Residue 8: VAL, Nonterminal, was not found in name map.)
(Residue 9: PRO, Nonterminal, was not found in name map.)
(Residue 10: ILE, Nonterminal, was not found in name map.)
(Residue 11: CYS, Nonterminal, was not found in name map.)
(Residue 12: ASP, Nonterminal, was not found in name map.)
(Residue 13: LEU, Nonterminal, was not found in name map.)
(Residue 14: TYR, Nonterminal, was not found in name map.)
(Residue 15: PRO, Nonterminal, was not found in name map.)
(Residue 16: ASN, Nonterminal, was not found in name map.)
(Residue 17: GLY, Nonterminal, was not found in name map.)
(Residue 18: VAL, Nonterminal, was not found in name map.)
(Residue 19: PHE, Nonterminal, was not found in name map.)
(Residue 20: PRO, Nonterminal, was not found in name map.)
(Residue 21: LYS, Nonterminal, was not found in name map.)
(Residue 22: GLY, Nonterminal, was not found in name map.)
(Residue 23: GLN, Nonterminal, was not found in name map.)
(Residue 24: GLU, Nonterminal, was not found in name map.)
(Residue 25: CYS, Nonterminal, was not found in name map.)
(Residue 26: GLU, Nonterminal, was not found in name map.)
(Residue 27: TYR, Nonterminal, was not found in name map.)
(Residue 28: PRO, Nonterminal, was not found in name map.)
(Residue 29: PRO, Nonterminal, was not found in name map.)
(Residue 30: THR, Nonterminal, was not found in name map.)
(Residue 31: GLN, Nonterminal, was not found in name map.)
(Residue 32: ASP, Nonterminal, was not found in name map.)
(Residue 33: GLY, Nonterminal, was not found in name map.)
(Residue 34: ARG, Nonterminal, was not found in name map.)
(Residue 35: THR, Nonterminal, was not found in name map.)
(Residue 36: ALA, Nonterminal, was not found in name map.)
(Residue 37: ALA, Nonterminal, was not found in name map.)
(Residue 38: TRP, Nonterminal, was not found in name map.)
(Residue 39: ARG, Nonterminal, was not found in name map.)
(Residue 40: THR, Nonterminal, was not found in name map.)
(Residue 41: THR, Nonterminal, was not found in name map.)
(Residue 42: SER, Nonterminal, was not found in name map.)
(Residue 43: GLU, Nonterminal, was not found in name map.)
(Residue 44: GLU, Nonterminal, was not found in name map.)
(Residue 45: LYS, Nonterminal, was not found in name map.)
(Residue 46: LYS, Nonterminal, was not found in name map.)
(Residue 47: ALA, Nonterminal, was not found in name map.)
(Residue 48: LEU, Nonterminal, was not found in name map.)
(Residue 49: ASP, Nonterminal, was not found in name map.)
(Residue 50: GLN, Nonterminal, was not found in name map.)
(Residue 51: ALA, Nonterminal, was not found in name map.)
(Residue 52: SER, Nonterminal, was not found in name map.)
(Residue 53: GLU, Nonterminal, was not found in name map.)
(Residue 54: GLU, Nonterminal, was not found in name map.)
(Residue 55: ILE, Nonterminal, was not found in name map.)
(Residue 56: TRP, Nonterminal, was not found in name map.)
(Residue 57: ASN, Nonterminal, was not found in name map.)
(Residue 58: ASP, Nonterminal, was not found in name map.)
(Residue 59: PHE, Nonterminal, was not found in name map.)
(Residue 60: ARG, Nonterminal, was not found in name map.)
(Residue 61: GLU, Nonterminal, was not found in name map.)
(Residue 62: ALA, Nonterminal, was not found in name map.)
(Residue 63: ALA, Nonterminal, was not found in name map.)
(Residue 64: GLU, Nonterminal, was not found in name map.)
(Residue 65: ALA, Nonterminal, was not found in name map.)
(Residue 66: HIS, Nonterminal, was not found in name map.)
(Residue 67: ARG, Nonterminal, was not found in name map.)
(Residue 68: GLN, Nonterminal, was not found in name map.)
(Residue 69: VAL, Nonterminal, was not found in name map.)
(Residue 70: ARG, Nonterminal, was not found in name map.)
(Residue 71: LYS, Nonterminal, was not found in name map.)
(Residue 72: TYR, Nonterminal, was not found in name map.)
(Residue 73: VAL, Nonterminal, was not found in name map.)
(Residue 74: MET, Nonterminal, was not found in name map.)
(Residue 75: SER, Nonterminal, was not found in name map.)
(Residue 76: TRP, Nonterminal, was not found in name map.)
(Residue 77: ILE, Nonterminal, was not found in name map.)
(Residue 78: LYS, Nonterminal, was not found in name map.)
(Residue 79: PRO, Nonterminal, was not found in name map.)
(Residue 80: GLY, Nonterminal, was not found in name map.)
(Residue 81: MET, Nonterminal, was not found in name map.)
(Residue 82: THR, Nonterminal, was not found in name map.)
(Residue 83: MET, Nonterminal, was not found in name map.)
(Residue 84: ILE, Nonterminal, was not found in name map.)
(Residue 85: GLU, Nonterminal, was not found in name map.)
(Residue 86: ILE, Nonterminal, was not found in name map.)
(Residue 87: CYS, Nonterminal, was not found in name map.)
(Residue 88: GLU, Nonterminal, was not found in name map.)
(Residue 89: LYS, Nonterminal, was not found in name map.)
(Residue 90: LEU, Nonterminal, was not found in name map.)
(Residue 91: GLU, Nonterminal, was not found in name map.)
(Residue 92: ASP, Nonterminal, was not found in name map.)
(Residue 93: CYS, Nonterminal, was not found in name map.)
(Residue 94: SER, Nonterminal, was not found in name map.)
(Residue 95: ARG, Nonterminal, was not found in name map.)
(Residue 96: LYS, Nonterminal, was not found in name map.)
(Residue 97: LEU, Nonterminal, was not found in name map.)
(Residue 98: ILE, Nonterminal, was not found in name map.)
(Residue 99: LYS, Nonterminal, was not found in name map.)
(Residue 100: GLU, Nonterminal, was not found in name map.)
(Residue 101: ASN, Nonterminal, was not found in name map.)
(Residue 102: GLY, Nonterminal, was not found in name map.)
(Residue 103: LEU, Nonterminal, was not found in name map.)
(Residue 104: ASN, Nonterminal, was not found in name map.)
(Residue 105: ALA, Nonterminal, was not found in name map.)
(Residue 106: GLY, Nonterminal, was not found in name map.)
(Residue 107: LEU, Nonterminal, was not found in name map.)
(Residue 108: ALA, Nonterminal, was not found in name map.)
(Residue 109: PHE, Nonterminal, was not found in name map.)
(Residue 110: PRO, Nonterminal, was not found in name map.)
(Residue 111: THR, Nonterminal, was not found in name map.)
(Residue 112: GLY, Nonterminal, was not found in name map.)
(Residue 113: CYS, Nonterminal, was not found in name map.)
(Residue 114: SER, Nonterminal, was not found in name map.)
(Residue 115: LEU, Nonterminal, was not found in name map.)
(Residue 116: ASN, Nonterminal, was not found in name map.)
(Residue 117: ASN, Nonterminal, was not found in name map.)
(Residue 118: CYS, Nonterminal, was not found in name map.)
(Residue 119: ALA, Nonterminal, was not found in name map.)
(Residue 120: ALA, Nonterminal, was not found in name map.)
(Residue 121: HIS, Nonterminal, was not found in name map.)
(Residue 122: TYR, Nonterminal, was not found in name map.)
(Residue 123: THR, Nonterminal, was not found in name map.)
(Residue 124: PRO, Nonterminal, was not found in name map.)
(Residue 125: ASN, Nonterminal, was not found in name map.)
(Residue 126: ALA, Nonterminal, was not found in name map.)
(Residue 127: GLY, Nonterminal, was not found in name map.)
(Residue 128: ASP, Nonterminal, was not found in name map.)
(Residue 129: THR, Nonterminal, was not found in name map.)
(Residue 130: THR, Nonterminal, was not found in name map.)
(Residue 131: VAL, Nonterminal, was not found in name map.)
(Residue 132: LEU, Nonterminal, was not found in name map.)
(Residue 133: GLN, Nonterminal, was not found in name map.)
(Residue 134: TYR, Nonterminal, was not found in name map.)
(Residue 135: ASP, Nonterminal, was not found in name map.)
(Residue 136: ASP, Nonterminal, was not found in name map.)
(Residue 137: ILE, Nonterminal, was not found in name map.)
(Residue 138: CYS, Nonterminal, was not found in name map.)
(Residue 139: LYS, Nonterminal, was not found in name map.)
(Residue 140: ILE, Nonterminal, was not found in name map.)
(Residue 141: ASP, Nonterminal, was not found in name map.)
(Residue 142: PHE, Nonterminal, was not found in name map.)
(Residue 143: GLY, Nonterminal, was not found in name map.)
(Residue 144: THR, Nonterminal, was not found in name map.)
(Residue 145: HIS, Nonterminal, was not found in name map.)
(Residue 146: ILE, Nonterminal, was not found in name map.)
(Residue 147: SER, Nonterminal, was not found in name map.)
(Residue 148: GLY, Nonterminal, was not found in name map.)
(Residue 149: ARG, Nonterminal, was not found in name map.)
(Residue 150: ILE, Nonterminal, was not found in name map.)
(Residue 151: ILE, Nonterminal, was not found in name map.)
(Residue 152: ASP, Nonterminal, was not found in name map.)
(Residue 153: CYS, Nonterminal, was not found in name map.)
(Residue 154: ALA, Nonterminal, was not found in name map.)
(Residue 155: PHE, Nonterminal, was not found in name map.)
(Residue 156: THR, Nonterminal, was not found in name map.)
(Residue 157: VAL, Nonterminal, was not found in name map.)
(Residue 158: THR, Nonterminal, was not found in name map.)
(Residue 159: PHE, Nonterminal, was not found in name map.)
(Residue 160: ASN, Nonterminal, was not found in name map.)
(Residue 161: PRO, Nonterminal, was not found in name map.)
(Residue 162: LYS, Nonterminal, was not found in name map.)
(Residue 163: TYR, Nonterminal, was not found in name map.)
(Residue 164: ASP, Nonterminal, was not found in name map.)
(Residue 165: THR, Nonterminal, was not found in name map.)
(Residue 166: LEU, Nonterminal, was not found in name map.)
(Residue 167: LEU, Nonterminal, was not found in name map.)
(Residue 168: LYS, Nonterminal, was not found in name map.)
(Residue 169: ALA, Nonterminal, was not found in name map.)
(Residue 170: VAL, Nonterminal, was not found in name map.)
(Residue 171: LYS, Nonterminal, was not found in name map.)
(Residue 172: ASP, Nonterminal, was not found in name map.)
(Residue 173: ALA, Nonterminal, was not found in name map.)
(Residue 174: THR, Nonterminal, was not found in name map.)
(Residue 175: ASN, Nonterminal, was not found in name map.)
(Residue 176: THR, Nonterminal, was not found in name map.)
(Residue 177: GLY, Nonterminal, was not found in name map.)
(Residue 178: ILE, Nonterminal, was not found in name map.)
(Residue 179: LYS, Nonterminal, was not found in name map.)
(Residue 180: CYS, Nonterminal, was not found in name map.)
(Residue 181: ALA, Nonterminal, was not found in name map.)
(Residue 182: GLY, Nonterminal, was not found in name map.)
(Residue 183: ILE, Nonterminal, was not found in name map.)
(Residue 184: ASP, Nonterminal, was not found in name map.)
(Residue 185: VAL, Nonterminal, was not found in name map.)
(Residue 186: ARG, Nonterminal, was not found in name map.)
(Residue 187: LEU, Nonterminal, was not found in name map.)
(Residue 188: CYS, Nonterminal, was not found in name map.)
(Residue 189: ASP, Nonterminal, was not found in name map.)
(Residue 190: VAL, Nonterminal, was not found in name map.)
(Residue 191: GLY, Nonterminal, was not found in name map.)
(Residue 192: GLU, Nonterminal, was not found in name map.)
(Residue 193: ALA, Nonterminal, was not found in name map.)
(Residue 194: ILE, Nonterminal, was not found in name map.)
(Residue 195: GLN, Nonterminal, was not found in name map.)
(Residue 196: GLU, Nonterminal, was not found in name map.)
(Residue 197: VAL, Nonterminal, was not found in name map.)
(Residue 198: MET, Nonterminal, was not found in name map.)
(Residue 199: GLU, Nonterminal, was not found in name map.)
(Residue 200: SER, Nonterminal, was not found in name map.)
(Residue 201: TYR, Nonterminal, was not found in name map.)
(Residue 202: GLU, Nonterminal, was not found in name map.)
(Residue 203: VAL, Nonterminal, was not found in name map.)
(Residue 204: GLU, Nonterminal, was not found in name map.)
(Residue 205: ILE, Nonterminal, was not found in name map.)
(Residue 206: ASP, Nonterminal, was not found in name map.)
(Residue 207: GLY, Nonterminal, was not found in name map.)
(Residue 208: LYS, Nonterminal, was not found in name map.)
(Residue 209: THR, Nonterminal, was not found in name map.)
(Residue 210: TYR, Nonterminal, was not found in name map.)
(Residue 211: GLN, Nonterminal, was not found in name map.)
(Residue 212: VAL, Nonterminal, was not found in name map.)
(Residue 213: LYS, Nonterminal, was not found in name map.)
(Residue 214: PRO, Nonterminal, was not found in name map.)
(Residue 215: ILE, Nonterminal, was not found in name map.)
(Residue 216: ARG, Nonterminal, was not found in name map.)
(Residue 217: ASN, Nonterminal, was not found in name map.)
(Residue 218: LEU, Nonterminal, was not found in name map.)
(Residue 219: ASN, Nonterminal, was not found in name map.)
(Residue 220: GLY, Nonterminal, was not found in name map.)
(Residue 221: HIS, Nonterminal, was not found in name map.)
(Residue 222: SER, Nonterminal, was not found in name map.)
(Residue 223: ILE, Nonterminal, was not found in name map.)
(Residue 224: GLY, Nonterminal, was not found in name map.)
(Residue 225: GLN, Nonterminal, was not found in name map.)
(Residue 226: TYR, Nonterminal, was not found in name map.)
(Residue 227: ARG, Nonterminal, was not found in name map.)
(Residue 228: ILE, Nonterminal, was not found in name map.)
(Residue 229: HIS, Nonterminal, was not found in name map.)
(Residue 230: ALA, Nonterminal, was not found in name map.)
(Residue 231: GLY, Nonterminal, was not found in name map.)
(Residue 232: LYS, Nonterminal, was not found in name map.)
(Residue 233: THR, Nonterminal, was not found in name map.)
(Residue 234: VAL, Nonterminal, was not found in name map.)
(Residue 235: PRO, Nonterminal, was not found in name map.)
(Residue 236: ILE, Nonterminal, was not found in name map.)
(Residue 237: ILE, Nonterminal, was not found in name map.)
(Residue 238: LYS, Nonterminal, was not found in name map.)
(Residue 239: GLY, Nonterminal, was not found in name map.)
(Residue 240: GLY, Nonterminal, was not found in name map.)
(Residue 241: GLU, Nonterminal, was not found in name map.)
(Residue 242: ALA, Nonterminal, was not found in name map.)
(Residue 243: THR, Nonterminal, was not found in name map.)
(Residue 244: ARG, Nonterminal, was not found in name map.)
(Residue 245: MET, Nonterminal, was not found in name map.)
(Residue 246: GLU, Nonterminal, was not found in name map.)
(Residue 247: GLU, Nonterminal, was not found in name map.)
(Residue 248: GLY, Nonterminal, was not found in name map.)
(Residue 249: GLU, Nonterminal, was not found in name map.)
(Residue 250: VAL, Nonterminal, was not found in name map.)
(Residue 251: TYR, Nonterminal, was not found in name map.)
(Residue 252: ALA, Nonterminal, was not found in name map.)
(Residue 253: ILE, Nonterminal, was not found in name map.)
(Residue 254: GLU, Nonterminal, was not found in name map.)
(Residue 255: THR, Nonterminal, was not found in name map.)
(Residue 256: PHE, Nonterminal, was not found in name map.)
(Residue 257: GLY, Nonterminal, was not found in name map.)
(Residue 258: SER, Nonterminal, was not found in name map.)
(Residue 259: THR, Nonterminal, was not found in name map.)
(Residue 260: GLY, Nonterminal, was not found in name map.)
(Residue 261: LYS, Nonterminal, was not found in name map.)
(Residue 262: GLY, Nonterminal, was not found in name map.)
(Residue 263: VAL, Nonterminal, was not found in name map.)
(Residue 264: VAL, Nonterminal, was not found in name map.)
(Residue 265: HIS, Nonterminal, was not found in name map.)
(Residue 266: ASP, Nonterminal, was not found in name map.)
(Residue 267: ASP, Nonterminal, was not found in name map.)
(Residue 268: MET, Nonterminal, was not found in name map.)
(Residue 269: GLU, Nonterminal, was not found in name map.)
(Residue 270: CYS, Nonterminal, was not found in name map.)
(Residue 271: SER, Nonterminal, was not found in name map.)
(Residue 272: HIS, Nonterminal, was not found in name map.)
(Residue 273: TYR, Nonterminal, was not found in name map.)
(Residue 274: MET, Nonterminal, was not found in name map.)
(Residue 275: LYS, Nonterminal, was not found in name map.)
(Residue 276: ASN, Nonterminal, was not found in name map.)
(Residue 277: PHE, Nonterminal, was not found in name map.)
(Residue 278: ASP, Nonterminal, was not found in name map.)
(Residue 279: VAL, Nonterminal, was not found in name map.)
(Residue 280: GLY, Nonterminal, was not found in name map.)
(Residue 281: HIS, Nonterminal, was not found in name map.)
(Residue 282: VAL, Nonterminal, was not found in name map.)
(Residue 283: PRO, Nonterminal, was not found in name map.)
(Residue 284: ILE, Nonterminal, was not found in name map.)
(Residue 285: ARG, Nonterminal, was not found in name map.)
(Residue 286: LEU, Nonterminal, was not found in name map.)
(Residue 287: PRO, Nonterminal, was not found in name map.)
(Residue 288: ARG, Nonterminal, was not found in name map.)
(Residue 289: THR, Nonterminal, was not found in name map.)
(Residue 290: LYS, Nonterminal, was not found in name map.)
(Residue 291: HIS, Nonterminal, was not found in name map.)
(Residue 292: LEU, Nonterminal, was not found in name map.)
(Residue 293: LEU, Nonterminal, was not found in name map.)
(Residue 294: ASN, Nonterminal, was not found in name map.)
(Residue 295: VAL, Nonterminal, was not found in name map.)
(Residue 296: ILE, Nonterminal, was not found in name map.)
(Residue 297: ASN, Nonterminal, was not found in name map.)
(Residue 298: GLU, Nonterminal, was not found in name map.)
(Residue 299: ASN, Nonterminal, was not found in name map.)
(Residue 300: PHE, Nonterminal, was not found in name map.)
(Residue 301: GLY, Nonterminal, was not found in name map.)
(Residue 302: THR, Nonterminal, was not found in name map.)
(Residue 303: LEU, Nonterminal, was not found in name map.)
(Residue 304: ALA, Nonterminal, was not found in name map.)
(Residue 305: PHE, Nonterminal, was not found in name map.)
(Residue 306: CYS, Nonterminal, was not found in name map.)
(Residue 307: ARG, Nonterminal, was not found in name map.)
(Residue 308: ARG, Nonterminal, was not found in name map.)
(Residue 309: TRP, Nonterminal, was not found in name map.)
(Residue 310: LEU, Nonterminal, was not found in name map.)
(Residue 311: ASP, Nonterminal, was not found in name map.)
(Residue 312: ARG, Nonterminal, was not found in name map.)
(Residue 313: LEU, Nonterminal, was not found in name map.)
(Residue 314: GLY, Nonterminal, was not found in name map.)
(Residue 315: GLU, Nonterminal, was not found in name map.)
(Residue 316: SER, Nonterminal, was not found in name map.)
(Residue 317: LYS, Nonterminal, was not found in name map.)
(Residue 318: TYR, Nonterminal, was not found in name map.)
(Residue 319: LEU, Nonterminal, was not found in name map.)
(Residue 320: MET, Nonterminal, was not found in name map.)
(Residue 321: ALA, Nonterminal, was not found in name map.)
(Residue 322: LEU, Nonterminal, was not found in name map.)
(Residue 323: LYS, Nonterminal, was not found in name map.)
(Residue 324: ASN, Nonterminal, was not found in name map.)
(Residue 325: LEU, Nonterminal, was not found in name map.)
(Residue 326: CYS, Nonterminal, was not found in name map.)
(Residue 327: ASP, Nonterminal, was not found in name map.)
(Residue 328: LEU, Nonterminal, was not found in name map.)
(Residue 329: GLY, Nonterminal, was not found in name map.)
(Residue 330: ILE, Nonterminal, was not found in name map.)
(Residue 331: VAL, Nonterminal, was not found in name map.)
(Residue 332: ASP, Nonterminal, was not found in name map.)
(Residue 333: PRO, Nonterminal, was not found in name map.)
(Residue 334: TYR, Nonterminal, was not found in name map.)
(Residue 335: PRO, Nonterminal, was not found in name map.)
(Residue 336: PRO, Nonterminal, was not found in name map.)
(Residue 337: LEU, Nonterminal, was not found in name map.)
(Residue 338: CYS, Nonterminal, was not found in name map.)
(Residue 339: ASP, Nonterminal, was not found in name map.)
(Residue 340: ILE, Nonterminal, was not found in name map.)
(Residue 341: LYS, Nonterminal, was not found in name map.)
(Residue 342: GLY, Nonterminal, was not found in name map.)
(Residue 343: SER, Nonterminal, was not found in name map.)
(Residue 344: TYR, Nonterminal, was not found in name map.)
(Residue 345: THR, Nonterminal, was not found in name map.)
(Residue 346: ALA, Nonterminal, was not found in name map.)
(Residue 347: GLN, Nonterminal, was not found in name map.)
(Residue 348: PHE, Nonterminal, was not found in name map.)
(Residue 349: GLU, Nonterminal, was not found in name map.)
(Residue 350: HIS, Nonterminal, was not found in name map.)
(Residue 351: THR, Nonterminal, was not found in name map.)
(Residue 352: ILE, Nonterminal, was not found in name map.)
(Residue 353: LEU, Nonterminal, was not found in name map.)
(Residue 354: LEU, Nonterminal, was not found in name map.)
(Residue 355: ARG, Nonterminal, was not found in name map.)
(Residue 356: PRO, Nonterminal, was not found in name map.)
(Residue 357: THR, Nonterminal, was not found in name map.)
(Residue 358: CYS, Nonterminal, was not found in name map.)
(Residue 359: LYS, Nonterminal, was not found in name map.)
(Residue 360: GLU, Nonterminal, was not found in name map.)
(Residue 361: VAL, Nonterminal, was not found in name map.)
(Residue 362: VAL, Nonterminal, was not found in name map.)
(Residue 363: SER, Nonterminal, was not found in name map.)
(Residue 364: ARG, Nonterminal, was not found in name map.)
(Residue 365: GLY, Nonterminal, was not found in name map.)
(Residue 366: ASP, Nonterminal, was not found in name map.)
(Residue 367: ASP, Nonterminal, was not found in name map.)
Mapped residue TYR, term: Terminal/last, seq. number: 368 to: CTYR.
Joining NLYS - VAL
Joining VAL - GLN
Joining GLN - THR
Joining THR - ASP
Joining ASP - PRO
Joining PRO - PRO
Joining PRO - SER
Joining SER - VAL
Joining VAL - PRO
Joining PRO - ILE
Joining ILE - CYS
Joining CYS - ASP
Joining ASP - LEU
Joining LEU - TYR
Joining TYR - PRO
Joining PRO - ASN
Joining ASN - GLY
Joining GLY - VAL
Joining VAL - PHE
Joining PHE - PRO
Joining PRO - LYS
Joining LYS - GLY
Joining GLY - GLN
Joining GLN - GLU
Joining GLU - CYS
Joining CYS - GLU
Joining GLU - TYR
Joining TYR - PRO
Joining PRO - PRO
Joining PRO - THR
Joining THR - GLN
Joining GLN - ASP
Joining ASP - GLY
Joining GLY - ARG
Joining ARG - THR
Joining THR - ALA
Joining ALA - ALA
Joining ALA - TRP
Joining TRP - ARG
Joining ARG - THR
Joining THR - THR
Joining THR - SER
Joining SER - GLU
Joining GLU - GLU
Joining GLU - LYS
Joining LYS - LYS
Joining LYS - ALA
Joining ALA - LEU
Joining LEU - ASP
Joining ASP - GLN
Joining GLN - ALA
Joining ALA - SER
Joining SER - GLU
Joining GLU - GLU
Joining GLU - ILE
Joining ILE - TRP
Joining TRP - ASN
Joining ASN - ASP
Joining ASP - PHE
Joining PHE - ARG
Joining ARG - GLU
Joining GLU - ALA
Joining ALA - ALA
Joining ALA - GLU
Joining GLU - ALA
Joining ALA - HIE
Joining HIE - ARG
Joining ARG - GLN
Joining GLN - VAL
Joining VAL - ARG
Joining ARG - LYS
Joining LYS - TYR
Joining TYR - VAL
Joining VAL - MET
Joining MET - SER
Joining SER - TRP
Joining TRP - ILE
Joining ILE - LYS
Joining LYS - PRO
Joining PRO - GLY
Joining GLY - MET
Joining MET - THR
Joining THR - MET
Joining MET - ILE
Joining ILE - GLU
Joining GLU - ILE
Joining ILE - CYS
Joining CYS - GLU
Joining GLU - LYS
Joining LYS - LEU
Joining LEU - GLU
Joining GLU - ASP
Joining ASP - CYS
Joining CYS - SER
Joining SER - ARG
Joining ARG - LYS
Joining LYS - LEU
Joining LEU - ILE
Joining ILE - LYS
Joining LYS - GLU
Joining GLU - ASN
Joining ASN - GLY
Joining GLY - LEU
Joining LEU - ASN
Joining ASN - ALA
Joining ALA - GLY
Joining GLY - LEU
Joining LEU - ALA
Joining ALA - PHE
Joining PHE - PRO
Joining PRO - THR
Joining THR - GLY
Joining GLY - CYS
Joining CYS - SER
Joining SER - LEU
Joining LEU - ASN
Joining ASN - ASN
Joining ASN - CYS
Joining CYS - ALA
Joining ALA - ALA
Joining ALA - HIE
Joining HIE - TYR
Joining TYR - THR
Joining THR - PRO
Joining PRO - ASN
Joining ASN - ALA
Joining ALA - GLY
Joining GLY - ASP
Joining ASP - THR
Joining THR - THR
Joining THR - VAL
Joining VAL - LEU
Joining LEU - GLN
Joining GLN - TYR
Joining TYR - ASP
Joining ASP - ASP
Joining ASP - ILE
Joining ILE - CYS
Joining CYS - LYS
Joining LYS - ILE
Joining ILE - ASP
Joining ASP - PHE
Joining PHE - GLY
Joining GLY - THR
Joining THR - HIE
Joining HIE - ILE
Joining ILE - SER
Joining SER - GLY
Joining GLY - ARG
Joining ARG - ILE
Joining ILE - ILE
Joining ILE - ASP
Joining ASP - CYS
Joining CYS - ALA
Joining ALA - PHE
Joining PHE - THR
Joining THR - VAL
Joining VAL - THR
Joining THR - PHE
Joining PHE - ASN
Joining ASN - PRO
Joining PRO - LYS
Joining LYS - TYR
Joining TYR - ASP
Joining ASP - THR
Joining THR - LEU
Joining LEU - LEU
Joining LEU - LYS
Joining LYS - ALA
Joining ALA - VAL
Joining VAL - LYS
Joining LYS - ASP
Joining ASP - ALA
Joining ALA - THR
Joining THR - ASN
Joining ASN - THR
Joining THR - GLY
Joining GLY - ILE
Joining ILE - LYS
Joining LYS - CYS
Joining CYS - ALA
Joining ALA - GLY
Joining GLY - ILE
Joining ILE - ASP
Joining ASP - VAL
Joining VAL - ARG
Joining ARG - LEU
Joining LEU - CYS
Joining CYS - ASP
Joining ASP - VAL
Joining VAL - GLY
Joining GLY - GLU
Joining GLU - ALA
Joining ALA - ILE
Joining ILE - GLN
Joining GLN - GLU
Joining GLU - VAL
Joining VAL - MET
Joining MET - GLU
Joining GLU - SER
Joining SER - TYR
Joining TYR - GLU
Joining GLU - VAL
Joining VAL - GLU
Joining GLU - ILE
Joining ILE - ASP
Joining ASP - GLY
Joining GLY - LYS
Joining LYS - THR
Joining THR - TYR
Joining TYR - GLN
Joining GLN - VAL
Joining VAL - LYS
Joining LYS - PRO
Joining PRO - ILE
Joining ILE - ARG
Joining ARG - ASN
Joining ASN - LEU
Joining LEU - ASN
Joining ASN - GLY
Joining GLY - HIE
Joining HIE - SER
Joining SER - ILE
Joining ILE - GLY
Joining GLY - GLN
Joining GLN - TYR
Joining TYR - ARG
Joining ARG - ILE
Joining ILE - HIE
Joining HIE - ALA
Joining ALA - GLY
Joining GLY - LYS
Joining LYS - THR
Joining THR - VAL
Joining VAL - PRO
Joining PRO - ILE
Joining ILE - ILE
Joining ILE - LYS
Joining LYS - GLY
Joining GLY - GLY
Joining GLY - GLU
Joining GLU - ALA
Joining ALA - THR
Joining THR - ARG
Joining ARG - MET
Joining MET - GLU
Joining GLU - GLU
Joining GLU - GLY
Joining GLY - GLU
Joining GLU - VAL
Joining VAL - TYR
Joining TYR - ALA
Joining ALA - ILE
Joining ILE - GLU
Joining GLU - THR
Joining THR - PHE
Joining PHE - GLY
Joining GLY - SER
Joining SER - THR
Joining THR - GLY
Joining GLY - LYS
Joining LYS - GLY
Joining GLY - VAL
Joining VAL - VAL
Joining VAL - HIE
Joining HIE - ASP
Joining ASP - ASP
Joining ASP - MET
Joining MET - GLU
Joining GLU - CYS
Joining CYS - SER
Joining SER - HIE
Joining HIE - TYR
Joining TYR - MET
Joining MET - LYS
Joining LYS - ASN
Joining ASN - PHE
Joining PHE - ASP
Joining ASP - VAL
Joining VAL - GLY
Joining GLY - HIE
Joining HIE - VAL
Joining VAL - PRO
Joining PRO - ILE
Joining ILE - ARG
Joining ARG - LEU
Joining LEU - PRO
Joining PRO - ARG
Joining ARG - THR
Joining THR - LYS
Joining LYS - HIE
Joining HIE - LEU
Joining LEU - LEU
Joining LEU - ASN
Joining ASN - VAL
Joining VAL - ILE
Joining ILE - ASN
Joining ASN - GLU
Joining GLU - ASN
Joining ASN - PHE
Joining PHE - GLY
Joining GLY - THR
Joining THR - LEU
Joining LEU - ALA
Joining ALA - PHE
Joining PHE - CYS
Joining CYS - ARG
Joining ARG - ARG
Joining ARG - TRP
Joining TRP - LEU
Joining LEU - ASP
Joining ASP - ARG
Joining ARG - LEU
Joining LEU - GLY
Joining GLY - GLU
Joining GLU - SER
Joining SER - LYS
Joining LYS - TYR
Joining TYR - LEU
Joining LEU - MET
Joining MET - ALA
Joining ALA - LEU
Joining LEU - LYS
Joining LYS - ASN
Joining ASN - LEU
Joining LEU - CYS
Joining CYS - ASP
Joining ASP - LEU
Joining LEU - GLY
Joining GLY - ILE
Joining ILE - VAL
Joining VAL - ASP
Joining ASP - PRO
Joining PRO - TYR
Joining TYR - PRO
Joining PRO - PRO
Joining PRO - LEU
Joining LEU - CYS
Joining CYS - ASP
Joining ASP - ILE
Joining ILE - LYS
Joining LYS - GLY
Joining GLY - SER
Joining SER - TYR
Joining TYR - THR
Joining THR - ALA
Joining ALA - GLN
Joining GLN - PHE
Joining PHE - GLU
Joining GLU - HIE
Joining HIE - THR
Joining THR - ILE
Joining ILE - LEU
Joining LEU - LEU
Joining LEU - ARG
Joining ARG - PRO
Joining PRO - THR
Joining THR - CYS
Joining CYS - LYS
Joining LYS - GLU
Joining GLU - VAL
Joining VAL - VAL
Joining VAL - SER
Joining SER - ARG
Joining ARG - GLY
Joining GLY - ASP
Joining ASP - ASP
Joining ASP - CTYR
  total atoms in file: 2895
  Leap added 2845 missing atoms according to residue templates:
       2845 H / lone pairs
> savepdb  protein  protein.pdb
Writing pdb file: protein.pdb
 Converting N-terminal residue name to PDB format: NLYS -> LYS
 Converting C-terminal residue name to PDB format: CTYR -> TYR
> ##saveamberparm dipepide diVAL.prmtop diVAL.inpcrd
> 
> quit
	Quit
