log started: Fri Nov 23 17:28:58 2018

Log file: ./leap.log
>> #
>> # ----- leaprc for loading the ff99SB (Hornak & Simmerling) force field
>> # -----  this file is updated for PDB format 3
>> #
>> #	load atom type hybridizations
>> #
>> addAtomTypes {
>> 	{ "H"   "H" "sp3" }
>> 	{ "HO"  "H" "sp3" }
>> 	{ "HS"  "H" "sp3" }
>> 	{ "H1"  "H" "sp3" }
>> 	{ "H2"  "H" "sp3" }
>> 	{ "H3"  "H" "sp3" }
>> 	{ "H4"  "H" "sp3" }
>> 	{ "H5"  "H" "sp3" }
>> 	{ "HW"  "H" "sp3" }
>> 	{ "HC"  "H" "sp3" }
>> 	{ "HA"  "H" "sp3" }
>> 	{ "HP"  "H" "sp3" }
>> 	{ "OH"  "O" "sp3" }
>> 	{ "OS"  "O" "sp3" }
>> 	{ "O"   "O" "sp2" }
>> 	{ "O2"  "O" "sp2" }
>> 	{ "OW"  "O" "sp3" }
>> 	{ "CT"  "C" "sp3" }
>> 	{ "CH"  "C" "sp3" }
>> 	{ "C2"  "C" "sp3" }
>> 	{ "C3"  "C" "sp3" }
>> 	{ "C"   "C" "sp2" }
>> 	{ "C*"  "C" "sp2" }
>> 	{ "CA"  "C" "sp2" }
>> 	{ "CB"  "C" "sp2" }
>> 	{ "CC"  "C" "sp2" }
>> 	{ "CN"  "C" "sp2" }
>> 	{ "CM"  "C" "sp2" }
>> 	{ "CK"  "C" "sp2" }
>> 	{ "CQ"  "C" "sp2" }
>> 	{ "CD"  "C" "sp2" }
>> 	{ "CE"  "C" "sp2" }
>> 	{ "CF"  "C" "sp2" }
>> 	{ "CP"  "C" "sp2" }
>> 	{ "CI"  "C" "sp2" }
>> 	{ "CJ"  "C" "sp2" }
>> 	{ "CW"  "C" "sp2" }
>> 	{ "CV"  "C" "sp2" }
>> 	{ "CR"  "C" "sp2" }
>> 	{ "CA"  "C" "sp2" }
>> 	{ "CY"  "C" "sp2" }
>> 	{ "C0"  "Ca" "sp2" }
>> 	{ "MG"  "Mg" "sp3" }
>> 	{ "N"   "N" "sp2" }
>> 	{ "NA"  "N" "sp2" }
>> 	{ "N2"  "N" "sp2" }
>> 	{ "N*"  "N" "sp2" }
>> 	{ "NP"  "N" "sp2" }
>> 	{ "NQ"  "N" "sp2" }
>> 	{ "NB"  "N" "sp2" }
>> 	{ "NC"  "N" "sp2" }
>> 	{ "NT"  "N" "sp3" }
>> 	{ "N3"  "N" "sp3" }
>> 	{ "S"   "S" "sp3" }
>> 	{ "SH"  "S" "sp3" }
>> 	{ "P"   "P" "sp3" }
>> 	{ "LP"  ""  "sp3" }
>> 	{ "F"   "F" "sp3" }
>> 	{ "CL"  "Cl" "sp3" }
>> 	{ "BR"  "Br" "sp3" }
>> 	{ "I"   "I"  "sp3" }
>> 	{ "FE"  "Fe" "sp3" }
>> 	{ "EP"  ""  "sp3" }
>> # glycam
>> 	{ "OG"  "O" "sp3" }
>> 	{ "OL"  "O" "sp3" }
>> 	{ "AC"  "C" "sp3" }
>> 	{ "EC"  "C" "sp3" }
>> }
>> #
>> #	Load the main parameter set.
>> #
>> parm99 = loadamberparams parm99.dat
Loading parameters: /share/home/zhanghaiping/program/amber16/dat/leap/parm/parm99.dat
Reading title:
PARM99 for DNA,RNA,AA, organic molecules, TIP3P wat. Polariz.& LP incl.02/04/99
(UNKNOWN ATOM TYPE: HZ)
(UNKNOWN ATOM TYPE: IM)
(UNKNOWN ATOM TYPE: Li)
(UNKNOWN ATOM TYPE: IP)
(UNKNOWN ATOM TYPE: K)
(UNKNOWN ATOM TYPE: Rb)
(UNKNOWN ATOM TYPE: Cs)
(UNKNOWN ATOM TYPE: Zn)
(UNKNOWN ATOM TYPE: IB)
(UNKNOWN ATOM TYPE: LP)
>> frcmod99SB = loadamberparams frcmod.ff99SB
Loading parameters: /share/home/zhanghaiping/program/amber16/dat/leap/parm/frcmod.ff99SB
Reading force field modification type file (frcmod)
Reading title:
Modification/update of parm99.dat (Hornak & Simmerling)
>> #
>> #	Load DNA/RNA libraries
>> #
>> loadOff all_nucleic94.lib
Loading library: /share/home/zhanghaiping/program/amber16/dat/leap/lib/all_nucleic94.lib
Loading: DA
Loading: DA3
Loading: DA5
Loading: DAN
Loading: DC
Loading: DC3
Loading: DC5
Loading: DCN
Loading: DG
Loading: DG3
Loading: DG5
Loading: DGN
Loading: DT
Loading: DT3
Loading: DT5
Loading: DTN
Loading: RA
Loading: RA3
Loading: RA5
Loading: RAN
Loading: RC
Loading: RC3
Loading: RC5
Loading: RCN
Loading: RG
Loading: RG3
Loading: RG5
Loading: RGN
Loading: RU
Loading: RU3
Loading: RU5
Loading: RUN
>> #
>> #	Load main chain and terminating 
>> #	amino acid libraries (i.e. ff94 libs)
>> #
>> loadOff all_amino94.lib
Loading library: /share/home/zhanghaiping/program/amber16/dat/leap/lib/all_amino94.lib
Loading: ALA
Loading: ARG
Loading: ASH
Loading: ASN
Loading: ASP
Loading: CYM
Loading: CYS
Loading: CYX
Loading: GLH
Loading: GLN
Loading: GLU
Loading: GLY
Loading: HID
Loading: HIE
Loading: HIP
Loading: ILE
Loading: LEU
Loading: LYN
Loading: LYS
Loading: MET
Loading: PHE
Loading: PRO
Loading: SER
Loading: THR
Loading: TRP
Loading: TYR
Loading: VAL
>> loadOff all_aminoct94.lib
Loading library: /share/home/zhanghaiping/program/amber16/dat/leap/lib/all_aminoct94.lib
Loading: CALA
Loading: CARG
Loading: CASN
Loading: CASP
Loading: CCYS
Loading: CCYX
Loading: CGLN
Loading: CGLU
Loading: CGLY
Loading: CHID
Loading: CHIE
Loading: CHIP
Loading: CILE
Loading: CLEU
Loading: CLYS
Loading: CMET
Loading: CPHE
Loading: CPRO
Loading: CSER
Loading: CTHR
Loading: CTRP
Loading: CTYR
Loading: CVAL
Loading: NHE
Loading: NME
>> loadOff all_aminont94.lib
Loading library: /share/home/zhanghaiping/program/amber16/dat/leap/lib/all_aminont94.lib
Loading: ACE
Loading: NALA
Loading: NARG
Loading: NASN
Loading: NASP
Loading: NCYS
Loading: NCYX
Loading: NGLN
Loading: NGLU
Loading: NGLY
Loading: NHID
Loading: NHIE
Loading: NHIP
Loading: NILE
Loading: NLEU
Loading: NLYS
Loading: NMET
Loading: NPHE
Loading: NPRO
Loading: NSER
Loading: NTHR
Loading: NTRP
Loading: NTYR
Loading: NVAL
>> #
>> #       Load water and ions
>> # 
>> loadOff ions94.lib
Loading library: /share/home/zhanghaiping/program/amber16/dat/leap/lib/ions94.lib
Loading: CIO
Loading: Cl-
Loading: Cs+
Loading: IB
Loading: K+
Loading: Li+
Loading: MG2
Loading: Na+
Loading: Rb+
>> loadOff solvents.lib
Loading library: /share/home/zhanghaiping/program/amber16/dat/leap/lib/solvents.lib
Loading: CHCL3BOX
Loading: DC4
Loading: FB3
Loading: FB3BOX
Loading: FB4
Loading: FB4BOX
Loading: MEOHBOX
Loading: NMABOX
Loading: OPC
Loading: OPCBOX
Loading: PL3
Loading: POL3BOX
Loading: QSPCFWBOX
Loading: SPC
Loading: SPCBOX
Loading: SPCFWBOX
Loading: SPF
Loading: SPG
Loading: T4E
Loading: TIP3PBOX
Loading: TIP3PFBOX
Loading: TIP4PBOX
Loading: TIP4PEWBOX
Loading: TIP5PBOX
Loading: TP3
Loading: TP4
Loading: TP5
Loading: TPF
>> HOH = TP3
>> WAT = TP3
>> 
>> #
>> #	Define the PDB name map for the amino acids and DNA.
>> #
>> addPdbResMap {
>>   { 0 "ALA" "NALA" } { 1 "ALA" "CALA" }
>>   { 0 "ARG" "NARG" } { 1 "ARG" "CARG" }
>>   { 0 "ASN" "NASN" } { 1 "ASN" "CASN" }
>>   { 0 "ASP" "NASP" } { 1 "ASP" "CASP" }
>>   { 0 "CYS" "NCYS" } { 1 "CYS" "CCYS" }
>>   { 0 "CYX" "NCYX" } { 1 "CYX" "CCYX" }
>>   { 0 "GLN" "NGLN" } { 1 "GLN" "CGLN" }
>>   { 0 "GLU" "NGLU" } { 1 "GLU" "CGLU" }
>>   { 0 "GLY" "NGLY" } { 1 "GLY" "CGLY" }
>>   { 0 "HID" "NHID" } { 1 "HID" "CHID" }
>>   { 0 "HIE" "NHIE" } { 1 "HIE" "CHIE" }
>>   { 0 "HIP" "NHIP" } { 1 "HIP" "CHIP" }
>>   { 0 "ILE" "NILE" } { 1 "ILE" "CILE" }
>>   { 0 "LEU" "NLEU" } { 1 "LEU" "CLEU" }
>>   { 0 "LYS" "NLYS" } { 1 "LYS" "CLYS" }
>>   { 0 "MET" "NMET" } { 1 "MET" "CMET" }
>>   { 0 "PHE" "NPHE" } { 1 "PHE" "CPHE" }
>>   { 0 "PRO" "NPRO" } { 1 "PRO" "CPRO" }
>>   { 0 "SER" "NSER" } { 1 "SER" "CSER" }
>>   { 0 "THR" "NTHR" } { 1 "THR" "CTHR" }
>>   { 0 "TRP" "NTRP" } { 1 "TRP" "CTRP" }
>>   { 0 "TYR" "NTYR" } { 1 "TYR" "CTYR" }
>>   { 0 "VAL" "NVAL" } { 1 "VAL" "CVAL" }
>>   { 0 "HIS" "NHIS" } { 1 "HIS" "CHIS" }
>>   { 0 "GUA" "DG5"  } { 1 "GUA" "DG3"  } { "GUA" "DG" }
>>   { 0 "ADE" "DA5"  } { 1 "ADE" "DA3"  } { "ADE" "DA" }
>>   { 0 "CYT" "DC5"  } { 1 "CYT" "DC3"  } { "CYT" "DC" }
>>   { 0 "THY" "DT5"  } { 1 "THY" "DT3"  } { "THY" "DT" }
>>   { 0 "G" "RG5"  } { 1 "G" "RG3"  } { "G" "RG" } { "GN" "RGN" }
>>   { 0 "A" "RA5"  } { 1 "A" "RA3"  } { "A" "RA" } { "AN" "RAN" }
>>   { 0 "C" "RC5"  } { 1 "C" "RC3"  } { "C" "RC" } { "CN" "RCN" }
>>   { 0 "U" "RU5"  } { 1 "U" "RU3"  } { "U" "RU" } { "UN" "RUN" }
>>   { 0 "DG" "DG5"  } { 1 "DG" "DG3"  }  
>>   { 0 "DA" "DA5"  } { 1 "DA" "DA3"  }  
>>   { 0 "DC" "DC5"  } { 1 "DC" "DC3"  }  
>>   { 0 "DT" "DT5"  } { 1 "DT" "DT3"  }
>> 
>> }
>> 
>> addPdbAtomMap {
>>   { "O5*" "O5'" }
>>   { "C5*" "C5'" }
>>   { "C4*" "C4'" }
>>   { "O4*" "O4'" }
>>   { "C3*" "C3'" }
>>   { "O3*" "O3'" }
>>   { "C2*" "C2'" }
>>   { "C1*" "C1'" }
>>   { "C5M" "C7"  }
>>   { "O2*" "O2'" }
>>   { "H1*" "H1'" }
>>   { "H2*1" "H2'1" }
>>   { "H2*2" "H2'2" }
>>   { "H2'"  "H2'1" }
>>   { "H2''" "H2'2" }
>>   { "H3*" "H3'" }
>>   { "H4*" "H4'" }
>>   { "H5*1" "H5'1" }
>>   { "H5*2" "H5'2" }
>>   { "H5'"  "H5'1" }
>>   { "H5''" "H5'2" }
>>   { "HO2'" "HO'2" }
>>   { "HO5'" "H5T" }
>>   { "HO3'" "H3T" }
>>   { "O1'" "O4'" }
>>   { "OA"  "O1P" }
>>   { "OB"  "O2P" }
>>   { "OP1" "O1P" }
>>   { "OP2" "O2P" }
>> }
>> 
>> 
>> #
>> # assumed that most often proteins use HIE
>> #
>> NHIS = NHIE
>> HIS = HIE
>> CHIS = CHIE
> 
> #source /home/zhp/tleap/leaprc.GLYCAM_06j-1
> set default PBRadii mbondi3
Using ArgH and AspGluO modified Bondi2 radii
> #3dipepide=sequence{ACE VAL NME}
> 
> 
> protein = loadpdb  1jd0_ww.pdb
Loading PDB file: ./1jd0_ww.pdb
Enter zPdbReadScan from call depth  0.
Exit  zPdbReadScan from call depth  0.
Matching PDB residue names to LEaP variables.
Mapped residue LYS, term: Terminal/beginning, seq. number: 0 to: NLYS.
(Residue 1: TRP, Nonterminal, was not found in name map.)
(Residue 2: THR, Nonterminal, was not found in name map.)
(Residue 3: TYR, Nonterminal, was not found in name map.)
(Residue 4: PHE, Nonterminal, was not found in name map.)
(Residue 5: GLY, Nonterminal, was not found in name map.)
(Residue 6: PRO, Nonterminal, was not found in name map.)
(Residue 7: ASP, Nonterminal, was not found in name map.)
(Residue 8: GLY, Nonterminal, was not found in name map.)
(Residue 9: GLU, Nonterminal, was not found in name map.)
(Residue 10: ASN, Nonterminal, was not found in name map.)
(Residue 11: SER, Nonterminal, was not found in name map.)
(Residue 12: TRP, Nonterminal, was not found in name map.)
(Residue 13: SER, Nonterminal, was not found in name map.)
(Residue 14: LYS, Nonterminal, was not found in name map.)
(Residue 15: LYS, Nonterminal, was not found in name map.)
(Residue 16: TYR, Nonterminal, was not found in name map.)
(Residue 17: PRO, Nonterminal, was not found in name map.)
(Residue 18: SER, Nonterminal, was not found in name map.)
(Residue 19: CYS, Nonterminal, was not found in name map.)
(Residue 20: GLY, Nonterminal, was not found in name map.)
(Residue 21: GLY, Nonterminal, was not found in name map.)
(Residue 22: LEU, Nonterminal, was not found in name map.)
(Residue 23: LEU, Nonterminal, was not found in name map.)
(Residue 24: GLN, Nonterminal, was not found in name map.)
(Residue 25: SER, Nonterminal, was not found in name map.)
(Residue 26: PRO, Nonterminal, was not found in name map.)
(Residue 27: ILE, Nonterminal, was not found in name map.)
(Residue 28: ASP, Nonterminal, was not found in name map.)
(Residue 29: LEU, Nonterminal, was not found in name map.)
(Residue 30: HIS, Nonterminal, was not found in name map.)
(Residue 31: SER, Nonterminal, was not found in name map.)
(Residue 32: ASP, Nonterminal, was not found in name map.)
(Residue 33: ILE, Nonterminal, was not found in name map.)
(Residue 34: LEU, Nonterminal, was not found in name map.)
(Residue 35: GLN, Nonterminal, was not found in name map.)
(Residue 36: TYR, Nonterminal, was not found in name map.)
(Residue 37: ASP, Nonterminal, was not found in name map.)
(Residue 38: ALA, Nonterminal, was not found in name map.)
(Residue 39: SER, Nonterminal, was not found in name map.)
(Residue 40: LEU, Nonterminal, was not found in name map.)
(Residue 41: THR, Nonterminal, was not found in name map.)
(Residue 42: PRO, Nonterminal, was not found in name map.)
(Residue 43: LEU, Nonterminal, was not found in name map.)
(Residue 44: GLU, Nonterminal, was not found in name map.)
(Residue 45: PHE, Nonterminal, was not found in name map.)
(Residue 46: GLN, Nonterminal, was not found in name map.)
(Residue 47: GLY, Nonterminal, was not found in name map.)
(Residue 48: TYR, Nonterminal, was not found in name map.)
(Residue 49: ASN, Nonterminal, was not found in name map.)
(Residue 50: LEU, Nonterminal, was not found in name map.)
(Residue 51: SER, Nonterminal, was not found in name map.)
(Residue 52: ALA, Nonterminal, was not found in name map.)
(Residue 53: ASN, Nonterminal, was not found in name map.)
(Residue 54: LYS, Nonterminal, was not found in name map.)
(Residue 55: GLN, Nonterminal, was not found in name map.)
(Residue 56: PHE, Nonterminal, was not found in name map.)
(Residue 57: LEU, Nonterminal, was not found in name map.)
(Residue 58: LEU, Nonterminal, was not found in name map.)
(Residue 59: THR, Nonterminal, was not found in name map.)
(Residue 60: ASN, Nonterminal, was not found in name map.)
(Residue 61: ASN, Nonterminal, was not found in name map.)
(Residue 62: GLY, Nonterminal, was not found in name map.)
(Residue 63: HIS, Nonterminal, was not found in name map.)
(Residue 64: SER, Nonterminal, was not found in name map.)
(Residue 65: VAL, Nonterminal, was not found in name map.)
(Residue 66: LYS, Nonterminal, was not found in name map.)
(Residue 67: LEU, Nonterminal, was not found in name map.)
(Residue 68: ASN, Nonterminal, was not found in name map.)
(Residue 69: LEU, Nonterminal, was not found in name map.)
(Residue 70: PRO, Nonterminal, was not found in name map.)
(Residue 71: SER, Nonterminal, was not found in name map.)
(Residue 72: ASP, Nonterminal, was not found in name map.)
(Residue 73: MET, Nonterminal, was not found in name map.)
(Residue 74: HIS, Nonterminal, was not found in name map.)
(Residue 75: ILE, Nonterminal, was not found in name map.)
(Residue 76: GLN, Nonterminal, was not found in name map.)
(Residue 77: GLY, Nonterminal, was not found in name map.)
(Residue 78: LEU, Nonterminal, was not found in name map.)
(Residue 79: GLN, Nonterminal, was not found in name map.)
(Residue 80: SER, Nonterminal, was not found in name map.)
(Residue 81: ARG, Nonterminal, was not found in name map.)
(Residue 82: TYR, Nonterminal, was not found in name map.)
(Residue 83: SER, Nonterminal, was not found in name map.)
(Residue 84: ALA, Nonterminal, was not found in name map.)
(Residue 85: THR, Nonterminal, was not found in name map.)
(Residue 86: GLN, Nonterminal, was not found in name map.)
(Residue 87: LEU, Nonterminal, was not found in name map.)
(Residue 88: HIS, Nonterminal, was not found in name map.)
(Residue 89: LEU, Nonterminal, was not found in name map.)
(Residue 90: HIS, Nonterminal, was not found in name map.)
(Residue 91: TRP, Nonterminal, was not found in name map.)
(Residue 92: GLY, Nonterminal, was not found in name map.)
(Residue 93: ASN, Nonterminal, was not found in name map.)
(Residue 94: PRO, Nonterminal, was not found in name map.)
(Residue 95: ASN, Nonterminal, was not found in name map.)
(Residue 96: ASP, Nonterminal, was not found in name map.)
(Residue 97: PRO, Nonterminal, was not found in name map.)
(Residue 98: HIS, Nonterminal, was not found in name map.)
(Residue 99: GLY, Nonterminal, was not found in name map.)
(Residue 100: SER, Nonterminal, was not found in name map.)
(Residue 101: GLU, Nonterminal, was not found in name map.)
(Residue 102: HIS, Nonterminal, was not found in name map.)
(Residue 103: THR, Nonterminal, was not found in name map.)
(Residue 104: VAL, Nonterminal, was not found in name map.)
(Residue 105: SER, Nonterminal, was not found in name map.)
(Residue 106: GLY, Nonterminal, was not found in name map.)
(Residue 107: GLN, Nonterminal, was not found in name map.)
(Residue 108: HIS, Nonterminal, was not found in name map.)
(Residue 109: PHE, Nonterminal, was not found in name map.)
(Residue 110: ALA, Nonterminal, was not found in name map.)
(Residue 111: ALA, Nonterminal, was not found in name map.)
(Residue 112: GLU, Nonterminal, was not found in name map.)
(Residue 113: LEU, Nonterminal, was not found in name map.)
(Residue 114: HIS, Nonterminal, was not found in name map.)
(Residue 115: ILE, Nonterminal, was not found in name map.)
(Residue 116: VAL, Nonterminal, was not found in name map.)
(Residue 117: HIS, Nonterminal, was not found in name map.)
(Residue 118: TYR, Nonterminal, was not found in name map.)
(Residue 119: ASN, Nonterminal, was not found in name map.)
(Residue 120: SER, Nonterminal, was not found in name map.)
(Residue 121: ASP, Nonterminal, was not found in name map.)
(Residue 122: LEU, Nonterminal, was not found in name map.)
(Residue 123: TYR, Nonterminal, was not found in name map.)
(Residue 124: PRO, Nonterminal, was not found in name map.)
(Residue 125: ASP, Nonterminal, was not found in name map.)
(Residue 126: ALA, Nonterminal, was not found in name map.)
(Residue 127: SER, Nonterminal, was not found in name map.)
(Residue 128: THR, Nonterminal, was not found in name map.)
(Residue 129: ALA, Nonterminal, was not found in name map.)
(Residue 130: SER, Nonterminal, was not found in name map.)
(Residue 131: ASN, Nonterminal, was not found in name map.)
(Residue 132: LYS, Nonterminal, was not found in name map.)
(Residue 133: SER, Nonterminal, was not found in name map.)
(Residue 134: GLU, Nonterminal, was not found in name map.)
(Residue 135: GLY, Nonterminal, was not found in name map.)
(Residue 136: LEU, Nonterminal, was not found in name map.)
(Residue 137: ALA, Nonterminal, was not found in name map.)
(Residue 138: VAL, Nonterminal, was not found in name map.)
(Residue 139: LEU, Nonterminal, was not found in name map.)
(Residue 140: ALA, Nonterminal, was not found in name map.)
(Residue 141: VAL, Nonterminal, was not found in name map.)
(Residue 142: LEU, Nonterminal, was not found in name map.)
(Residue 143: ILE, Nonterminal, was not found in name map.)
(Residue 144: GLU, Nonterminal, was not found in name map.)
(Residue 145: MET, Nonterminal, was not found in name map.)
(Residue 146: GLY, Nonterminal, was not found in name map.)
(Residue 147: SER, Nonterminal, was not found in name map.)
(Residue 148: PHE, Nonterminal, was not found in name map.)
(Residue 149: ASN, Nonterminal, was not found in name map.)
(Residue 150: PRO, Nonterminal, was not found in name map.)
(Residue 151: SER, Nonterminal, was not found in name map.)
(Residue 152: TYR, Nonterminal, was not found in name map.)
(Residue 153: ASP, Nonterminal, was not found in name map.)
(Residue 154: LYS, Nonterminal, was not found in name map.)
(Residue 155: ILE, Nonterminal, was not found in name map.)
(Residue 156: PHE, Nonterminal, was not found in name map.)
(Residue 157: SER, Nonterminal, was not found in name map.)
(Residue 158: HIS, Nonterminal, was not found in name map.)
(Residue 159: LEU, Nonterminal, was not found in name map.)
(Residue 160: GLN, Nonterminal, was not found in name map.)
(Residue 161: HIS, Nonterminal, was not found in name map.)
(Residue 162: VAL, Nonterminal, was not found in name map.)
(Residue 163: LYS, Nonterminal, was not found in name map.)
(Residue 164: TYR, Nonterminal, was not found in name map.)
(Residue 165: LYS, Nonterminal, was not found in name map.)
(Residue 166: GLY, Nonterminal, was not found in name map.)
(Residue 167: GLN, Nonterminal, was not found in name map.)
(Residue 168: GLU, Nonterminal, was not found in name map.)
(Residue 169: ALA, Nonterminal, was not found in name map.)
(Residue 170: PHE, Nonterminal, was not found in name map.)
(Residue 171: VAL, Nonterminal, was not found in name map.)
(Residue 172: PRO, Nonterminal, was not found in name map.)
(Residue 173: GLY, Nonterminal, was not found in name map.)
(Residue 174: PHE, Nonterminal, was not found in name map.)
(Residue 175: ASN, Nonterminal, was not found in name map.)
(Residue 176: ILE, Nonterminal, was not found in name map.)
(Residue 177: GLU, Nonterminal, was not found in name map.)
(Residue 178: GLU, Nonterminal, was not found in name map.)
(Residue 179: LEU, Nonterminal, was not found in name map.)
(Residue 180: LEU, Nonterminal, was not found in name map.)
(Residue 181: PRO, Nonterminal, was not found in name map.)
(Residue 182: GLU, Nonterminal, was not found in name map.)
(Residue 183: ARG, Nonterminal, was not found in name map.)
(Residue 184: THR, Nonterminal, was not found in name map.)
(Residue 185: ALA, Nonterminal, was not found in name map.)
(Residue 186: GLU, Nonterminal, was not found in name map.)
(Residue 187: TYR, Nonterminal, was not found in name map.)
(Residue 188: TYR, Nonterminal, was not found in name map.)
(Residue 189: ARG, Nonterminal, was not found in name map.)
(Residue 190: TYR, Nonterminal, was not found in name map.)
(Residue 191: ARG, Nonterminal, was not found in name map.)
(Residue 192: GLY, Nonterminal, was not found in name map.)
(Residue 193: SER, Nonterminal, was not found in name map.)
(Residue 194: LEU, Nonterminal, was not found in name map.)
(Residue 195: THR, Nonterminal, was not found in name map.)
(Residue 196: THR, Nonterminal, was not found in name map.)
(Residue 197: PRO, Nonterminal, was not found in name map.)
(Residue 198: PRO, Nonterminal, was not found in name map.)
(Residue 199: CYS, Nonterminal, was not found in name map.)
(Residue 200: ASN, Nonterminal, was not found in name map.)
(Residue 201: PRO, Nonterminal, was not found in name map.)
(Residue 202: THR, Nonterminal, was not found in name map.)
(Residue 203: VAL, Nonterminal, was not found in name map.)
(Residue 204: LEU, Nonterminal, was not found in name map.)
(Residue 205: TRP, Nonterminal, was not found in name map.)
(Residue 206: THR, Nonterminal, was not found in name map.)
(Residue 207: VAL, Nonterminal, was not found in name map.)
(Residue 208: PHE, Nonterminal, was not found in name map.)
(Residue 209: ARG, Nonterminal, was not found in name map.)
(Residue 210: ASN, Nonterminal, was not found in name map.)
(Residue 211: PRO, Nonterminal, was not found in name map.)
(Residue 212: VAL, Nonterminal, was not found in name map.)
(Residue 213: GLN, Nonterminal, was not found in name map.)
(Residue 214: ILE, Nonterminal, was not found in name map.)
(Residue 215: SER, Nonterminal, was not found in name map.)
(Residue 216: GLN, Nonterminal, was not found in name map.)
(Residue 217: GLU, Nonterminal, was not found in name map.)
(Residue 218: GLN, Nonterminal, was not found in name map.)
(Residue 219: LEU, Nonterminal, was not found in name map.)
(Residue 220: LEU, Nonterminal, was not found in name map.)
(Residue 221: ALA, Nonterminal, was not found in name map.)
(Residue 222: LEU, Nonterminal, was not found in name map.)
(Residue 223: GLU, Nonterminal, was not found in name map.)
(Residue 224: THR, Nonterminal, was not found in name map.)
(Residue 225: ALA, Nonterminal, was not found in name map.)
(Residue 226: LEU, Nonterminal, was not found in name map.)
(Residue 227: TYR, Nonterminal, was not found in name map.)
(Residue 228: CYS, Nonterminal, was not found in name map.)
(Residue 229: THR, Nonterminal, was not found in name map.)
(Residue 230: HIS, Nonterminal, was not found in name map.)
(Residue 231: MET, Nonterminal, was not found in name map.)
(Residue 232: ASP, Nonterminal, was not found in name map.)
(Residue 233: ASP, Nonterminal, was not found in name map.)
(Residue 234: PRO, Nonterminal, was not found in name map.)
(Residue 235: SER, Nonterminal, was not found in name map.)
(Residue 236: PRO, Nonterminal, was not found in name map.)
(Residue 237: ARG, Nonterminal, was not found in name map.)
(Residue 238: GLU, Nonterminal, was not found in name map.)
(Residue 239: MET, Nonterminal, was not found in name map.)
(Residue 240: ILE, Nonterminal, was not found in name map.)
(Residue 241: ASN, Nonterminal, was not found in name map.)
(Residue 242: ASN, Nonterminal, was not found in name map.)
(Residue 243: PHE, Nonterminal, was not found in name map.)
(Residue 244: ARG, Nonterminal, was not found in name map.)
(Residue 245: GLN, Nonterminal, was not found in name map.)
(Residue 246: VAL, Nonterminal, was not found in name map.)
(Residue 247: GLN, Nonterminal, was not found in name map.)
(Residue 248: LYS, Nonterminal, was not found in name map.)
(Residue 249: PHE, Nonterminal, was not found in name map.)
(Residue 250: ASP, Nonterminal, was not found in name map.)
(Residue 251: GLU, Nonterminal, was not found in name map.)
(Residue 252: ARG, Nonterminal, was not found in name map.)
(Residue 253: LEU, Nonterminal, was not found in name map.)
(Residue 254: VAL, Nonterminal, was not found in name map.)
(Residue 255: TYR, Nonterminal, was not found in name map.)
(Residue 256: THR, Nonterminal, was not found in name map.)
(Residue 257: SER, Nonterminal, was not found in name map.)
(Residue 258: PHE, Nonterminal, was not found in name map.)
Mapped residue SER, term: Terminal/last, seq. number: 259 to: CSER.
Mapped residue TRP, term: Terminal/beginning, seq. number: 260 to: NTRP.
(Residue 261: THR, Nonterminal, was not found in name map.)
(Residue 262: TYR, Nonterminal, was not found in name map.)
(Residue 263: PHE, Nonterminal, was not found in name map.)
(Residue 264: GLY, Nonterminal, was not found in name map.)
(Residue 265: PRO, Nonterminal, was not found in name map.)
(Residue 266: ASP, Nonterminal, was not found in name map.)
(Residue 267: GLY, Nonterminal, was not found in name map.)
(Residue 268: GLU, Nonterminal, was not found in name map.)
(Residue 269: ASN, Nonterminal, was not found in name map.)
(Residue 270: SER, Nonterminal, was not found in name map.)
(Residue 271: TRP, Nonterminal, was not found in name map.)
(Residue 272: SER, Nonterminal, was not found in name map.)
(Residue 273: LYS, Nonterminal, was not found in name map.)
(Residue 274: LYS, Nonterminal, was not found in name map.)
(Residue 275: TYR, Nonterminal, was not found in name map.)
(Residue 276: PRO, Nonterminal, was not found in name map.)
(Residue 277: SER, Nonterminal, was not found in name map.)
(Residue 278: CYS, Nonterminal, was not found in name map.)
(Residue 279: GLY, Nonterminal, was not found in name map.)
(Residue 280: GLY, Nonterminal, was not found in name map.)
(Residue 281: LEU, Nonterminal, was not found in name map.)
(Residue 282: LEU, Nonterminal, was not found in name map.)
(Residue 283: GLN, Nonterminal, was not found in name map.)
(Residue 284: SER, Nonterminal, was not found in name map.)
(Residue 285: PRO, Nonterminal, was not found in name map.)
(Residue 286: ILE, Nonterminal, was not found in name map.)
(Residue 287: ASP, Nonterminal, was not found in name map.)
(Residue 288: LEU, Nonterminal, was not found in name map.)
(Residue 289: HIS, Nonterminal, was not found in name map.)
(Residue 290: SER, Nonterminal, was not found in name map.)
(Residue 291: ASP, Nonterminal, was not found in name map.)
(Residue 292: ILE, Nonterminal, was not found in name map.)
(Residue 293: LEU, Nonterminal, was not found in name map.)
(Residue 294: GLN, Nonterminal, was not found in name map.)
(Residue 295: TYR, Nonterminal, was not found in name map.)
(Residue 296: ASP, Nonterminal, was not found in name map.)
(Residue 297: ALA, Nonterminal, was not found in name map.)
(Residue 298: SER, Nonterminal, was not found in name map.)
(Residue 299: LEU, Nonterminal, was not found in name map.)
(Residue 300: THR, Nonterminal, was not found in name map.)
(Residue 301: PRO, Nonterminal, was not found in name map.)
(Residue 302: LEU, Nonterminal, was not found in name map.)
(Residue 303: GLU, Nonterminal, was not found in name map.)
(Residue 304: PHE, Nonterminal, was not found in name map.)
(Residue 305: GLN, Nonterminal, was not found in name map.)
(Residue 306: GLY, Nonterminal, was not found in name map.)
(Residue 307: TYR, Nonterminal, was not found in name map.)
(Residue 308: ASN, Nonterminal, was not found in name map.)
(Residue 309: LEU, Nonterminal, was not found in name map.)
(Residue 310: SER, Nonterminal, was not found in name map.)
(Residue 311: ALA, Nonterminal, was not found in name map.)
(Residue 312: ASN, Nonterminal, was not found in name map.)
(Residue 313: LYS, Nonterminal, was not found in name map.)
(Residue 314: GLN, Nonterminal, was not found in name map.)
(Residue 315: PHE, Nonterminal, was not found in name map.)
(Residue 316: LEU, Nonterminal, was not found in name map.)
(Residue 317: LEU, Nonterminal, was not found in name map.)
(Residue 318: THR, Nonterminal, was not found in name map.)
(Residue 319: ASN, Nonterminal, was not found in name map.)
(Residue 320: ASN, Nonterminal, was not found in name map.)
(Residue 321: GLY, Nonterminal, was not found in name map.)
(Residue 322: HIS, Nonterminal, was not found in name map.)
(Residue 323: SER, Nonterminal, was not found in name map.)
(Residue 324: VAL, Nonterminal, was not found in name map.)
(Residue 325: LYS, Nonterminal, was not found in name map.)
(Residue 326: LEU, Nonterminal, was not found in name map.)
(Residue 327: ASN, Nonterminal, was not found in name map.)
(Residue 328: LEU, Nonterminal, was not found in name map.)
(Residue 329: PRO, Nonterminal, was not found in name map.)
(Residue 330: SER, Nonterminal, was not found in name map.)
(Residue 331: ASP, Nonterminal, was not found in name map.)
(Residue 332: MET, Nonterminal, was not found in name map.)
(Residue 333: HIS, Nonterminal, was not found in name map.)
(Residue 334: ILE, Nonterminal, was not found in name map.)
(Residue 335: GLN, Nonterminal, was not found in name map.)
(Residue 336: GLY, Nonterminal, was not found in name map.)
(Residue 337: LEU, Nonterminal, was not found in name map.)
(Residue 338: GLN, Nonterminal, was not found in name map.)
(Residue 339: SER, Nonterminal, was not found in name map.)
(Residue 340: ARG, Nonterminal, was not found in name map.)
(Residue 341: TYR, Nonterminal, was not found in name map.)
(Residue 342: SER, Nonterminal, was not found in name map.)
(Residue 343: ALA, Nonterminal, was not found in name map.)
(Residue 344: THR, Nonterminal, was not found in name map.)
(Residue 345: GLN, Nonterminal, was not found in name map.)
(Residue 346: LEU, Nonterminal, was not found in name map.)
(Residue 347: HIS, Nonterminal, was not found in name map.)
(Residue 348: LEU, Nonterminal, was not found in name map.)
(Residue 349: HIS, Nonterminal, was not found in name map.)
(Residue 350: TRP, Nonterminal, was not found in name map.)
(Residue 351: GLY, Nonterminal, was not found in name map.)
(Residue 352: ASN, Nonterminal, was not found in name map.)
(Residue 353: PRO, Nonterminal, was not found in name map.)
(Residue 354: ASN, Nonterminal, was not found in name map.)
(Residue 355: ASP, Nonterminal, was not found in name map.)
(Residue 356: PRO, Nonterminal, was not found in name map.)
(Residue 357: HIS, Nonterminal, was not found in name map.)
(Residue 358: GLY, Nonterminal, was not found in name map.)
(Residue 359: SER, Nonterminal, was not found in name map.)
(Residue 360: GLU, Nonterminal, was not found in name map.)
(Residue 361: HIS, Nonterminal, was not found in name map.)
(Residue 362: THR, Nonterminal, was not found in name map.)
(Residue 363: VAL, Nonterminal, was not found in name map.)
(Residue 364: SER, Nonterminal, was not found in name map.)
(Residue 365: GLY, Nonterminal, was not found in name map.)
(Residue 366: GLN, Nonterminal, was not found in name map.)
(Residue 367: HIS, Nonterminal, was not found in name map.)
(Residue 368: PHE, Nonterminal, was not found in name map.)
(Residue 369: ALA, Nonterminal, was not found in name map.)
(Residue 370: ALA, Nonterminal, was not found in name map.)
(Residue 371: GLU, Nonterminal, was not found in name map.)
(Residue 372: LEU, Nonterminal, was not found in name map.)
(Residue 373: HIS, Nonterminal, was not found in name map.)
(Residue 374: ILE, Nonterminal, was not found in name map.)
(Residue 375: VAL, Nonterminal, was not found in name map.)
(Residue 376: HIS, Nonterminal, was not found in name map.)
(Residue 377: TYR, Nonterminal, was not found in name map.)
(Residue 378: ASN, Nonterminal, was not found in name map.)
(Residue 379: SER, Nonterminal, was not found in name map.)
(Residue 380: ASP, Nonterminal, was not found in name map.)
(Residue 381: LEU, Nonterminal, was not found in name map.)
(Residue 382: TYR, Nonterminal, was not found in name map.)
(Residue 383: PRO, Nonterminal, was not found in name map.)
(Residue 384: ASP, Nonterminal, was not found in name map.)
(Residue 385: ALA, Nonterminal, was not found in name map.)
(Residue 386: SER, Nonterminal, was not found in name map.)
(Residue 387: THR, Nonterminal, was not found in name map.)
(Residue 388: ALA, Nonterminal, was not found in name map.)
(Residue 389: SER, Nonterminal, was not found in name map.)
(Residue 390: ASN, Nonterminal, was not found in name map.)
(Residue 391: LYS, Nonterminal, was not found in name map.)
(Residue 392: SER, Nonterminal, was not found in name map.)
(Residue 393: GLU, Nonterminal, was not found in name map.)
(Residue 394: GLY, Nonterminal, was not found in name map.)
(Residue 395: LEU, Nonterminal, was not found in name map.)
(Residue 396: ALA, Nonterminal, was not found in name map.)
(Residue 397: VAL, Nonterminal, was not found in name map.)
(Residue 398: LEU, Nonterminal, was not found in name map.)
(Residue 399: ALA, Nonterminal, was not found in name map.)
(Residue 400: VAL, Nonterminal, was not found in name map.)
(Residue 401: LEU, Nonterminal, was not found in name map.)
(Residue 402: ILE, Nonterminal, was not found in name map.)
(Residue 403: GLU, Nonterminal, was not found in name map.)
(Residue 404: MET, Nonterminal, was not found in name map.)
(Residue 405: GLY, Nonterminal, was not found in name map.)
(Residue 406: SER, Nonterminal, was not found in name map.)
(Residue 407: PHE, Nonterminal, was not found in name map.)
(Residue 408: ASN, Nonterminal, was not found in name map.)
(Residue 409: PRO, Nonterminal, was not found in name map.)
(Residue 410: SER, Nonterminal, was not found in name map.)
(Residue 411: TYR, Nonterminal, was not found in name map.)
(Residue 412: ASP, Nonterminal, was not found in name map.)
(Residue 413: LYS, Nonterminal, was not found in name map.)
(Residue 414: ILE, Nonterminal, was not found in name map.)
(Residue 415: PHE, Nonterminal, was not found in name map.)
(Residue 416: SER, Nonterminal, was not found in name map.)
(Residue 417: HIS, Nonterminal, was not found in name map.)
(Residue 418: LEU, Nonterminal, was not found in name map.)
(Residue 419: GLN, Nonterminal, was not found in name map.)
(Residue 420: HIS, Nonterminal, was not found in name map.)
(Residue 421: VAL, Nonterminal, was not found in name map.)
(Residue 422: LYS, Nonterminal, was not found in name map.)
(Residue 423: TYR, Nonterminal, was not found in name map.)
(Residue 424: LYS, Nonterminal, was not found in name map.)
(Residue 425: GLY, Nonterminal, was not found in name map.)
(Residue 426: GLN, Nonterminal, was not found in name map.)
(Residue 427: GLU, Nonterminal, was not found in name map.)
(Residue 428: ALA, Nonterminal, was not found in name map.)
(Residue 429: PHE, Nonterminal, was not found in name map.)
(Residue 430: VAL, Nonterminal, was not found in name map.)
(Residue 431: PRO, Nonterminal, was not found in name map.)
(Residue 432: GLY, Nonterminal, was not found in name map.)
(Residue 433: PHE, Nonterminal, was not found in name map.)
(Residue 434: ASN, Nonterminal, was not found in name map.)
(Residue 435: ILE, Nonterminal, was not found in name map.)
(Residue 436: GLU, Nonterminal, was not found in name map.)
(Residue 437: GLU, Nonterminal, was not found in name map.)
(Residue 438: LEU, Nonterminal, was not found in name map.)
(Residue 439: LEU, Nonterminal, was not found in name map.)
(Residue 440: PRO, Nonterminal, was not found in name map.)
(Residue 441: GLU, Nonterminal, was not found in name map.)
(Residue 442: ARG, Nonterminal, was not found in name map.)
(Residue 443: THR, Nonterminal, was not found in name map.)
(Residue 444: ALA, Nonterminal, was not found in name map.)
(Residue 445: GLU, Nonterminal, was not found in name map.)
(Residue 446: TYR, Nonterminal, was not found in name map.)
(Residue 447: TYR, Nonterminal, was not found in name map.)
(Residue 448: ARG, Nonterminal, was not found in name map.)
(Residue 449: TYR, Nonterminal, was not found in name map.)
(Residue 450: ARG, Nonterminal, was not found in name map.)
(Residue 451: GLY, Nonterminal, was not found in name map.)
(Residue 452: SER, Nonterminal, was not found in name map.)
(Residue 453: LEU, Nonterminal, was not found in name map.)
(Residue 454: THR, Nonterminal, was not found in name map.)
(Residue 455: THR, Nonterminal, was not found in name map.)
(Residue 456: PRO, Nonterminal, was not found in name map.)
(Residue 457: PRO, Nonterminal, was not found in name map.)
(Residue 458: CYS, Nonterminal, was not found in name map.)
(Residue 459: ASN, Nonterminal, was not found in name map.)
(Residue 460: PRO, Nonterminal, was not found in name map.)
(Residue 461: THR, Nonterminal, was not found in name map.)
(Residue 462: VAL, Nonterminal, was not found in name map.)
(Residue 463: LEU, Nonterminal, was not found in name map.)
(Residue 464: TRP, Nonterminal, was not found in name map.)
(Residue 465: THR, Nonterminal, was not found in name map.)
(Residue 466: VAL, Nonterminal, was not found in name map.)
(Residue 467: PHE, Nonterminal, was not found in name map.)
(Residue 468: ARG, Nonterminal, was not found in name map.)
(Residue 469: ASN, Nonterminal, was not found in name map.)
(Residue 470: PRO, Nonterminal, was not found in name map.)
(Residue 471: VAL, Nonterminal, was not found in name map.)
(Residue 472: GLN, Nonterminal, was not found in name map.)
(Residue 473: ILE, Nonterminal, was not found in name map.)
(Residue 474: SER, Nonterminal, was not found in name map.)
(Residue 475: GLN, Nonterminal, was not found in name map.)
(Residue 476: GLU, Nonterminal, was not found in name map.)
(Residue 477: GLN, Nonterminal, was not found in name map.)
(Residue 478: LEU, Nonterminal, was not found in name map.)
(Residue 479: LEU, Nonterminal, was not found in name map.)
(Residue 480: ALA, Nonterminal, was not found in name map.)
(Residue 481: LEU, Nonterminal, was not found in name map.)
(Residue 482: GLU, Nonterminal, was not found in name map.)
(Residue 483: THR, Nonterminal, was not found in name map.)
(Residue 484: ALA, Nonterminal, was not found in name map.)
(Residue 485: LEU, Nonterminal, was not found in name map.)
(Residue 486: TYR, Nonterminal, was not found in name map.)
(Residue 487: CYS, Nonterminal, was not found in name map.)
(Residue 488: THR, Nonterminal, was not found in name map.)
(Residue 489: HIS, Nonterminal, was not found in name map.)
(Residue 490: MET, Nonterminal, was not found in name map.)
(Residue 491: ASP, Nonterminal, was not found in name map.)
(Residue 492: ASP, Nonterminal, was not found in name map.)
(Residue 493: PRO, Nonterminal, was not found in name map.)
(Residue 494: SER, Nonterminal, was not found in name map.)
(Residue 495: PRO, Nonterminal, was not found in name map.)
(Residue 496: ARG, Nonterminal, was not found in name map.)
(Residue 497: GLU, Nonterminal, was not found in name map.)
(Residue 498: MET, Nonterminal, was not found in name map.)
(Residue 499: ILE, Nonterminal, was not found in name map.)
(Residue 500: ASN, Nonterminal, was not found in name map.)
(Residue 501: ASN, Nonterminal, was not found in name map.)
(Residue 502: PHE, Nonterminal, was not found in name map.)
(Residue 503: ARG, Nonterminal, was not found in name map.)
(Residue 504: GLN, Nonterminal, was not found in name map.)
(Residue 505: VAL, Nonterminal, was not found in name map.)
(Residue 506: GLN, Nonterminal, was not found in name map.)
(Residue 507: LYS, Nonterminal, was not found in name map.)
(Residue 508: PHE, Nonterminal, was not found in name map.)
(Residue 509: ASP, Nonterminal, was not found in name map.)
(Residue 510: GLU, Nonterminal, was not found in name map.)
(Residue 511: ARG, Nonterminal, was not found in name map.)
(Residue 512: LEU, Nonterminal, was not found in name map.)
(Residue 513: VAL, Nonterminal, was not found in name map.)
(Residue 514: TYR, Nonterminal, was not found in name map.)
(Residue 515: THR, Nonterminal, was not found in name map.)
(Residue 516: SER, Nonterminal, was not found in name map.)
(Residue 517: PHE, Nonterminal, was not found in name map.)
Mapped residue SER, term: Terminal/last, seq. number: 518 to: CSER.
Joining NLYS - TRP
Joining TRP - THR
Joining THR - TYR
Joining TYR - PHE
Joining PHE - GLY
Joining GLY - PRO
Joining PRO - ASP
Joining ASP - GLY
Joining GLY - GLU
Joining GLU - ASN
Joining ASN - SER
Joining SER - TRP
Joining TRP - SER
Joining SER - LYS
Joining LYS - LYS
Joining LYS - TYR
Joining TYR - PRO
Joining PRO - SER
Joining SER - CYS
Joining CYS - GLY
Joining GLY - GLY
Joining GLY - LEU
Joining LEU - LEU
Joining LEU - GLN
Joining GLN - SER
Joining SER - PRO
Joining PRO - ILE
Joining ILE - ASP
Joining ASP - LEU
Joining LEU - HIE
Joining HIE - SER
Joining SER - ASP
Joining ASP - ILE
Joining ILE - LEU
Joining LEU - GLN
Joining GLN - TYR
Joining TYR - ASP
Joining ASP - ALA
Joining ALA - SER
Joining SER - LEU
Joining LEU - THR
Joining THR - PRO
Joining PRO - LEU
Joining LEU - GLU
Joining GLU - PHE
Joining PHE - GLN
Joining GLN - GLY
Joining GLY - TYR
Joining TYR - ASN
Joining ASN - LEU
Joining LEU - SER
Joining SER - ALA
Joining ALA - ASN
Joining ASN - LYS
Joining LYS - GLN
Joining GLN - PHE
Joining PHE - LEU
Joining LEU - LEU
Joining LEU - THR
Joining THR - ASN
Joining ASN - ASN
Joining ASN - GLY
Joining GLY - HIE
Joining HIE - SER
Joining SER - VAL
Joining VAL - LYS
Joining LYS - LEU
Joining LEU - ASN
Joining ASN - LEU
Joining LEU - PRO
Joining PRO - SER
Joining SER - ASP
Joining ASP - MET
Joining MET - HIE
Joining HIE - ILE
Joining ILE - GLN
Joining GLN - GLY
Joining GLY - LEU
Joining LEU - GLN
Joining GLN - SER
Joining SER - ARG
Joining ARG - TYR
Joining TYR - SER
Joining SER - ALA
Joining ALA - THR
Joining THR - GLN
Joining GLN - LEU
Joining LEU - HIE
Joining HIE - LEU
Joining LEU - HIE
Joining HIE - TRP
Joining TRP - GLY
Joining GLY - ASN
Joining ASN - PRO
Joining PRO - ASN
Joining ASN - ASP
Joining ASP - PRO
Joining PRO - HIE
Joining HIE - GLY
Joining GLY - SER
Joining SER - GLU
Joining GLU - HIE
Joining HIE - THR
Joining THR - VAL
Joining VAL - SER
Joining SER - GLY
Joining GLY - GLN
Joining GLN - HIE
Joining HIE - PHE
Joining PHE - ALA
Joining ALA - ALA
Joining ALA - GLU
Joining GLU - LEU
Joining LEU - HIE
Joining HIE - ILE
Joining ILE - VAL
Joining VAL - HIE
Joining HIE - TYR
Joining TYR - ASN
Joining ASN - SER
Joining SER - ASP
Joining ASP - LEU
Joining LEU - TYR
Joining TYR - PRO
Joining PRO - ASP
Joining ASP - ALA
Joining ALA - SER
Joining SER - THR
Joining THR - ALA
Joining ALA - SER
Joining SER - ASN
Joining ASN - LYS
Joining LYS - SER
Joining SER - GLU
Joining GLU - GLY
Joining GLY - LEU
Joining LEU - ALA
Joining ALA - VAL
Joining VAL - LEU
Joining LEU - ALA
Joining ALA - VAL
Joining VAL - LEU
Joining LEU - ILE
Joining ILE - GLU
Joining GLU - MET
Joining MET - GLY
Joining GLY - SER
Joining SER - PHE
Joining PHE - ASN
Joining ASN - PRO
Joining PRO - SER
Joining SER - TYR
Joining TYR - ASP
Joining ASP - LYS
Joining LYS - ILE
Joining ILE - PHE
Joining PHE - SER
Joining SER - HIE
Joining HIE - LEU
Joining LEU - GLN
Joining GLN - HIE
Joining HIE - VAL
Joining VAL - LYS
Joining LYS - TYR
Joining TYR - LYS
Joining LYS - GLY
Joining GLY - GLN
Joining GLN - GLU
Joining GLU - ALA
Joining ALA - PHE
Joining PHE - VAL
Joining VAL - PRO
Joining PRO - GLY
Joining GLY - PHE
Joining PHE - ASN
Joining ASN - ILE
Joining ILE - GLU
Joining GLU - GLU
Joining GLU - LEU
Joining LEU - LEU
Joining LEU - PRO
Joining PRO - GLU
Joining GLU - ARG
Joining ARG - THR
Joining THR - ALA
Joining ALA - GLU
Joining GLU - TYR
Joining TYR - TYR
Joining TYR - ARG
Joining ARG - TYR
Joining TYR - ARG
Joining ARG - GLY
Joining GLY - SER
Joining SER - LEU
Joining LEU - THR
Joining THR - THR
Joining THR - PRO
Joining PRO - PRO
Joining PRO - CYS
Joining CYS - ASN
Joining ASN - PRO
Joining PRO - THR
Joining THR - VAL
Joining VAL - LEU
Joining LEU - TRP
Joining TRP - THR
Joining THR - VAL
Joining VAL - PHE
Joining PHE - ARG
Joining ARG - ASN
Joining ASN - PRO
Joining PRO - VAL
Joining VAL - GLN
Joining GLN - ILE
Joining ILE - SER
Joining SER - GLN
Joining GLN - GLU
Joining GLU - GLN
Joining GLN - LEU
Joining LEU - LEU
Joining LEU - ALA
Joining ALA - LEU
Joining LEU - GLU
Joining GLU - THR
Joining THR - ALA
Joining ALA - LEU
Joining LEU - TYR
Joining TYR - CYS
Joining CYS - THR
Joining THR - HIE
Joining HIE - MET
Joining MET - ASP
Joining ASP - ASP
Joining ASP - PRO
Joining PRO - SER
Joining SER - PRO
Joining PRO - ARG
Joining ARG - GLU
Joining GLU - MET
Joining MET - ILE
Joining ILE - ASN
Joining ASN - ASN
Joining ASN - PHE
Joining PHE - ARG
Joining ARG - GLN
Joining GLN - VAL
Joining VAL - GLN
Joining GLN - LYS
Joining LYS - PHE
Joining PHE - ASP
Joining ASP - GLU
Joining GLU - ARG
Joining ARG - LEU
Joining LEU - VAL
Joining VAL - TYR
Joining TYR - THR
Joining THR - SER
Joining SER - PHE
Joining PHE - CSER
  Added missing heavy atom: .R<CSER 263>.A<OXT 12>
Joining NTRP - THR
Joining THR - TYR
Joining TYR - PHE
Joining PHE - GLY
Joining GLY - PRO
Joining PRO - ASP
Joining ASP - GLY
Joining GLY - GLU
Joining GLU - ASN
Joining ASN - SER
Joining SER - TRP
Joining TRP - SER
Joining SER - LYS
Joining LYS - LYS
Joining LYS - TYR
Joining TYR - PRO
Joining PRO - SER
Joining SER - CYS
Joining CYS - GLY
Joining GLY - GLY
Joining GLY - LEU
Joining LEU - LEU
Joining LEU - GLN
Joining GLN - SER
Joining SER - PRO
Joining PRO - ILE
Joining ILE - ASP
Joining ASP - LEU
Joining LEU - HIE
Joining HIE - SER
Joining SER - ASP
Joining ASP - ILE
Joining ILE - LEU
Joining LEU - GLN
Joining GLN - TYR
Joining TYR - ASP
Joining ASP - ALA
Joining ALA - SER
Joining SER - LEU
Joining LEU - THR
Joining THR - PRO
Joining PRO - LEU
Joining LEU - GLU
Joining GLU - PHE
Joining PHE - GLN
Joining GLN - GLY
Joining GLY - TYR
Joining TYR - ASN
Joining ASN - LEU
Joining LEU - SER
Joining SER - ALA
Joining ALA - ASN
Joining ASN - LYS
Joining LYS - GLN
Joining GLN - PHE
Joining PHE - LEU
Joining LEU - LEU
Joining LEU - THR
Joining THR - ASN
Joining ASN - ASN
Joining ASN - GLY
Joining GLY - HIE
Joining HIE - SER
Joining SER - VAL
Joining VAL - LYS
Joining LYS - LEU
Joining LEU - ASN
Joining ASN - LEU
Joining LEU - PRO
Joining PRO - SER
Joining SER - ASP
Joining ASP - MET
Joining MET - HIE
Joining HIE - ILE
Joining ILE - GLN
Joining GLN - GLY
Joining GLY - LEU
Joining LEU - GLN
Joining GLN - SER
Joining SER - ARG
Joining ARG - TYR
Joining TYR - SER
Joining SER - ALA
Joining ALA - THR
Joining THR - GLN
Joining GLN - LEU
Joining LEU - HIE
Joining HIE - LEU
Joining LEU - HIE
Joining HIE - TRP
Joining TRP - GLY
Joining GLY - ASN
Joining ASN - PRO
Joining PRO - ASN
Joining ASN - ASP
Joining ASP - PRO
Joining PRO - HIE
Joining HIE - GLY
Joining GLY - SER
Joining SER - GLU
Joining GLU - HIE
Joining HIE - THR
Joining THR - VAL
Joining VAL - SER
Joining SER - GLY
Joining GLY - GLN
Joining GLN - HIE
Joining HIE - PHE
Joining PHE - ALA
Joining ALA - ALA
Joining ALA - GLU
Joining GLU - LEU
Joining LEU - HIE
Joining HIE - ILE
Joining ILE - VAL
Joining VAL - HIE
Joining HIE - TYR
Joining TYR - ASN
Joining ASN - SER
Joining SER - ASP
Joining ASP - LEU
Joining LEU - TYR
Joining TYR - PRO
Joining PRO - ASP
Joining ASP - ALA
Joining ALA - SER
Joining SER - THR
Joining THR - ALA
Joining ALA - SER
Joining SER - ASN
Joining ASN - LYS
Joining LYS - SER
Joining SER - GLU
Joining GLU - GLY
Joining GLY - LEU
Joining LEU - ALA
Joining ALA - VAL
Joining VAL - LEU
Joining LEU - ALA
Joining ALA - VAL
Joining VAL - LEU
Joining LEU - ILE
Joining ILE - GLU
Joining GLU - MET
Joining MET - GLY
Joining GLY - SER
Joining SER - PHE
Joining PHE - ASN
Joining ASN - PRO
Joining PRO - SER
Joining SER - TYR
Joining TYR - ASP
Joining ASP - LYS
Joining LYS - ILE
Joining ILE - PHE
Joining PHE - SER
Joining SER - HIE
Joining HIE - LEU
Joining LEU - GLN
Joining GLN - HIE
Joining HIE - VAL
Joining VAL - LYS
Joining LYS - TYR
Joining TYR - LYS
Joining LYS - GLY
Joining GLY - GLN
Joining GLN - GLU
Joining GLU - ALA
Joining ALA - PHE
Joining PHE - VAL
Joining VAL - PRO
Joining PRO - GLY
Joining GLY - PHE
Joining PHE - ASN
Joining ASN - ILE
Joining ILE - GLU
Joining GLU - GLU
Joining GLU - LEU
Joining LEU - LEU
Joining LEU - PRO
Joining PRO - GLU
Joining GLU - ARG
Joining ARG - THR
Joining THR - ALA
Joining ALA - GLU
Joining GLU - TYR
Joining TYR - TYR
Joining TYR - ARG
Joining ARG - TYR
Joining TYR - ARG
Joining ARG - GLY
Joining GLY - SER
Joining SER - LEU
Joining LEU - THR
Joining THR - THR
Joining THR - PRO
Joining PRO - PRO
Joining PRO - CYS
Joining CYS - ASN
Joining ASN - PRO
Joining PRO - THR
Joining THR - VAL
Joining VAL - LEU
Joining LEU - TRP
Joining TRP - THR
Joining THR - VAL
Joining VAL - PHE
Joining PHE - ARG
Joining ARG - ASN
Joining ASN - PRO
Joining PRO - VAL
Joining VAL - GLN
Joining GLN - ILE
Joining ILE - SER
Joining SER - GLN
Joining GLN - GLU
Joining GLU - GLN
Joining GLN - LEU
Joining LEU - LEU
Joining LEU - ALA
Joining ALA - LEU
Joining LEU - GLU
Joining GLU - THR
Joining THR - ALA
Joining ALA - LEU
Joining LEU - TYR
Joining TYR - CYS
Joining CYS - THR
Joining THR - HIE
Joining HIE - MET
Joining MET - ASP
Joining ASP - ASP
Joining ASP - PRO
Joining PRO - SER
Joining SER - PRO
Joining PRO - ARG
Joining ARG - GLU
Joining GLU - MET
Joining MET - ILE
Joining ILE - ASN
Joining ASN - ASN
Joining ASN - PHE
Joining PHE - ARG
Joining ARG - GLN
Joining GLN - VAL
Joining VAL - GLN
Joining GLN - LYS
Joining LYS - PHE
Joining PHE - ASP
Joining ASP - GLU
Joining GLU - ARG
Joining ARG - LEU
Joining LEU - VAL
Joining VAL - TYR
Joining TYR - THR
Joining THR - SER
Joining SER - PHE
Joining PHE - CSER
  Added missing heavy atom: .R<CSER 522>.A<OXT 12>
  total atoms in file: 4167
  Leap added 3957 missing atoms according to residue templates:
       2 Heavy
       3955 H / lone pairs
> savepdb  protein  protein.pdb
Writing pdb file: protein.pdb
 Converting N-terminal residue name to PDB format: NLYS -> LYS
 Converting C-terminal residue name to PDB format: CSER -> SER
 Converting N-terminal residue name to PDB format: NTRP -> TRP
 Converting C-terminal residue name to PDB format: CSER -> SER
> ##saveamberparm dipepide diVAL.prmtop diVAL.inpcrd
> 
> quit
	Quit
