log started: Fri Nov 23 17:45:42 2018

Log file: ./leap.log
>> #
>> # ----- leaprc for loading the ff99SB (Hornak & Simmerling) force field
>> # -----  this file is updated for PDB format 3
>> #
>> #	load atom type hybridizations
>> #
>> addAtomTypes {
>> 	{ "H"   "H" "sp3" }
>> 	{ "HO"  "H" "sp3" }
>> 	{ "HS"  "H" "sp3" }
>> 	{ "H1"  "H" "sp3" }
>> 	{ "H2"  "H" "sp3" }
>> 	{ "H3"  "H" "sp3" }
>> 	{ "H4"  "H" "sp3" }
>> 	{ "H5"  "H" "sp3" }
>> 	{ "HW"  "H" "sp3" }
>> 	{ "HC"  "H" "sp3" }
>> 	{ "HA"  "H" "sp3" }
>> 	{ "HP"  "H" "sp3" }
>> 	{ "OH"  "O" "sp3" }
>> 	{ "OS"  "O" "sp3" }
>> 	{ "O"   "O" "sp2" }
>> 	{ "O2"  "O" "sp2" }
>> 	{ "OW"  "O" "sp3" }
>> 	{ "CT"  "C" "sp3" }
>> 	{ "CH"  "C" "sp3" }
>> 	{ "C2"  "C" "sp3" }
>> 	{ "C3"  "C" "sp3" }
>> 	{ "C"   "C" "sp2" }
>> 	{ "C*"  "C" "sp2" }
>> 	{ "CA"  "C" "sp2" }
>> 	{ "CB"  "C" "sp2" }
>> 	{ "CC"  "C" "sp2" }
>> 	{ "CN"  "C" "sp2" }
>> 	{ "CM"  "C" "sp2" }
>> 	{ "CK"  "C" "sp2" }
>> 	{ "CQ"  "C" "sp2" }
>> 	{ "CD"  "C" "sp2" }
>> 	{ "CE"  "C" "sp2" }
>> 	{ "CF"  "C" "sp2" }
>> 	{ "CP"  "C" "sp2" }
>> 	{ "CI"  "C" "sp2" }
>> 	{ "CJ"  "C" "sp2" }
>> 	{ "CW"  "C" "sp2" }
>> 	{ "CV"  "C" "sp2" }
>> 	{ "CR"  "C" "sp2" }
>> 	{ "CA"  "C" "sp2" }
>> 	{ "CY"  "C" "sp2" }
>> 	{ "C0"  "Ca" "sp2" }
>> 	{ "MG"  "Mg" "sp3" }
>> 	{ "N"   "N" "sp2" }
>> 	{ "NA"  "N" "sp2" }
>> 	{ "N2"  "N" "sp2" }
>> 	{ "N*"  "N" "sp2" }
>> 	{ "NP"  "N" "sp2" }
>> 	{ "NQ"  "N" "sp2" }
>> 	{ "NB"  "N" "sp2" }
>> 	{ "NC"  "N" "sp2" }
>> 	{ "NT"  "N" "sp3" }
>> 	{ "N3"  "N" "sp3" }
>> 	{ "S"   "S" "sp3" }
>> 	{ "SH"  "S" "sp3" }
>> 	{ "P"   "P" "sp3" }
>> 	{ "LP"  ""  "sp3" }
>> 	{ "F"   "F" "sp3" }
>> 	{ "CL"  "Cl" "sp3" }
>> 	{ "BR"  "Br" "sp3" }
>> 	{ "I"   "I"  "sp3" }
>> 	{ "FE"  "Fe" "sp3" }
>> 	{ "EP"  ""  "sp3" }
>> # glycam
>> 	{ "OG"  "O" "sp3" }
>> 	{ "OL"  "O" "sp3" }
>> 	{ "AC"  "C" "sp3" }
>> 	{ "EC"  "C" "sp3" }
>> }
>> #
>> #	Load the main parameter set.
>> #
>> parm99 = loadamberparams parm99.dat
Loading parameters: /share/home/zhanghaiping/program/amber16/dat/leap/parm/parm99.dat
Reading title:
PARM99 for DNA,RNA,AA, organic molecules, TIP3P wat. Polariz.& LP incl.02/04/99
(UNKNOWN ATOM TYPE: HZ)
(UNKNOWN ATOM TYPE: IM)
(UNKNOWN ATOM TYPE: Li)
(UNKNOWN ATOM TYPE: IP)
(UNKNOWN ATOM TYPE: K)
(UNKNOWN ATOM TYPE: Rb)
(UNKNOWN ATOM TYPE: Cs)
(UNKNOWN ATOM TYPE: Zn)
(UNKNOWN ATOM TYPE: IB)
(UNKNOWN ATOM TYPE: LP)
>> frcmod99SB = loadamberparams frcmod.ff99SB
Loading parameters: /share/home/zhanghaiping/program/amber16/dat/leap/parm/frcmod.ff99SB
Reading force field modification type file (frcmod)
Reading title:
Modification/update of parm99.dat (Hornak & Simmerling)
>> #
>> #	Load DNA/RNA libraries
>> #
>> loadOff all_nucleic94.lib
Loading library: /share/home/zhanghaiping/program/amber16/dat/leap/lib/all_nucleic94.lib
Loading: DA
Loading: DA3
Loading: DA5
Loading: DAN
Loading: DC
Loading: DC3
Loading: DC5
Loading: DCN
Loading: DG
Loading: DG3
Loading: DG5
Loading: DGN
Loading: DT
Loading: DT3
Loading: DT5
Loading: DTN
Loading: RA
Loading: RA3
Loading: RA5
Loading: RAN
Loading: RC
Loading: RC3
Loading: RC5
Loading: RCN
Loading: RG
Loading: RG3
Loading: RG5
Loading: RGN
Loading: RU
Loading: RU3
Loading: RU5
Loading: RUN
>> #
>> #	Load main chain and terminating 
>> #	amino acid libraries (i.e. ff94 libs)
>> #
>> loadOff all_amino94.lib
Loading library: /share/home/zhanghaiping/program/amber16/dat/leap/lib/all_amino94.lib
Loading: ALA
Loading: ARG
Loading: ASH
Loading: ASN
Loading: ASP
Loading: CYM
Loading: CYS
Loading: CYX
Loading: GLH
Loading: GLN
Loading: GLU
Loading: GLY
Loading: HID
Loading: HIE
Loading: HIP
Loading: ILE
Loading: LEU
Loading: LYN
Loading: LYS
Loading: MET
Loading: PHE
Loading: PRO
Loading: SER
Loading: THR
Loading: TRP
Loading: TYR
Loading: VAL
>> loadOff all_aminoct94.lib
Loading library: /share/home/zhanghaiping/program/amber16/dat/leap/lib/all_aminoct94.lib
Loading: CALA
Loading: CARG
Loading: CASN
Loading: CASP
Loading: CCYS
Loading: CCYX
Loading: CGLN
Loading: CGLU
Loading: CGLY
Loading: CHID
Loading: CHIE
Loading: CHIP
Loading: CILE
Loading: CLEU
Loading: CLYS
Loading: CMET
Loading: CPHE
Loading: CPRO
Loading: CSER
Loading: CTHR
Loading: CTRP
Loading: CTYR
Loading: CVAL
Loading: NHE
Loading: NME
>> loadOff all_aminont94.lib
Loading library: /share/home/zhanghaiping/program/amber16/dat/leap/lib/all_aminont94.lib
Loading: ACE
Loading: NALA
Loading: NARG
Loading: NASN
Loading: NASP
Loading: NCYS
Loading: NCYX
Loading: NGLN
Loading: NGLU
Loading: NGLY
Loading: NHID
Loading: NHIE
Loading: NHIP
Loading: NILE
Loading: NLEU
Loading: NLYS
Loading: NMET
Loading: NPHE
Loading: NPRO
Loading: NSER
Loading: NTHR
Loading: NTRP
Loading: NTYR
Loading: NVAL
>> #
>> #       Load water and ions
>> # 
>> loadOff ions94.lib
Loading library: /share/home/zhanghaiping/program/amber16/dat/leap/lib/ions94.lib
Loading: CIO
Loading: Cl-
Loading: Cs+
Loading: IB
Loading: K+
Loading: Li+
Loading: MG2
Loading: Na+
Loading: Rb+
>> loadOff solvents.lib
Loading library: /share/home/zhanghaiping/program/amber16/dat/leap/lib/solvents.lib
Loading: CHCL3BOX
Loading: DC4
Loading: FB3
Loading: FB3BOX
Loading: FB4
Loading: FB4BOX
Loading: MEOHBOX
Loading: NMABOX
Loading: OPC
Loading: OPCBOX
Loading: PL3
Loading: POL3BOX
Loading: QSPCFWBOX
Loading: SPC
Loading: SPCBOX
Loading: SPCFWBOX
Loading: SPF
Loading: SPG
Loading: T4E
Loading: TIP3PBOX
Loading: TIP3PFBOX
Loading: TIP4PBOX
Loading: TIP4PEWBOX
Loading: TIP5PBOX
Loading: TP3
Loading: TP4
Loading: TP5
Loading: TPF
>> HOH = TP3
>> WAT = TP3
>> 
>> #
>> #	Define the PDB name map for the amino acids and DNA.
>> #
>> addPdbResMap {
>>   { 0 "ALA" "NALA" } { 1 "ALA" "CALA" }
>>   { 0 "ARG" "NARG" } { 1 "ARG" "CARG" }
>>   { 0 "ASN" "NASN" } { 1 "ASN" "CASN" }
>>   { 0 "ASP" "NASP" } { 1 "ASP" "CASP" }
>>   { 0 "CYS" "NCYS" } { 1 "CYS" "CCYS" }
>>   { 0 "CYX" "NCYX" } { 1 "CYX" "CCYX" }
>>   { 0 "GLN" "NGLN" } { 1 "GLN" "CGLN" }
>>   { 0 "GLU" "NGLU" } { 1 "GLU" "CGLU" }
>>   { 0 "GLY" "NGLY" } { 1 "GLY" "CGLY" }
>>   { 0 "HID" "NHID" } { 1 "HID" "CHID" }
>>   { 0 "HIE" "NHIE" } { 1 "HIE" "CHIE" }
>>   { 0 "HIP" "NHIP" } { 1 "HIP" "CHIP" }
>>   { 0 "ILE" "NILE" } { 1 "ILE" "CILE" }
>>   { 0 "LEU" "NLEU" } { 1 "LEU" "CLEU" }
>>   { 0 "LYS" "NLYS" } { 1 "LYS" "CLYS" }
>>   { 0 "MET" "NMET" } { 1 "MET" "CMET" }
>>   { 0 "PHE" "NPHE" } { 1 "PHE" "CPHE" }
>>   { 0 "PRO" "NPRO" } { 1 "PRO" "CPRO" }
>>   { 0 "SER" "NSER" } { 1 "SER" "CSER" }
>>   { 0 "THR" "NTHR" } { 1 "THR" "CTHR" }
>>   { 0 "TRP" "NTRP" } { 1 "TRP" "CTRP" }
>>   { 0 "TYR" "NTYR" } { 1 "TYR" "CTYR" }
>>   { 0 "VAL" "NVAL" } { 1 "VAL" "CVAL" }
>>   { 0 "HIS" "NHIS" } { 1 "HIS" "CHIS" }
>>   { 0 "GUA" "DG5"  } { 1 "GUA" "DG3"  } { "GUA" "DG" }
>>   { 0 "ADE" "DA5"  } { 1 "ADE" "DA3"  } { "ADE" "DA" }
>>   { 0 "CYT" "DC5"  } { 1 "CYT" "DC3"  } { "CYT" "DC" }
>>   { 0 "THY" "DT5"  } { 1 "THY" "DT3"  } { "THY" "DT" }
>>   { 0 "G" "RG5"  } { 1 "G" "RG3"  } { "G" "RG" } { "GN" "RGN" }
>>   { 0 "A" "RA5"  } { 1 "A" "RA3"  } { "A" "RA" } { "AN" "RAN" }
>>   { 0 "C" "RC5"  } { 1 "C" "RC3"  } { "C" "RC" } { "CN" "RCN" }
>>   { 0 "U" "RU5"  } { 1 "U" "RU3"  } { "U" "RU" } { "UN" "RUN" }
>>   { 0 "DG" "DG5"  } { 1 "DG" "DG3"  }  
>>   { 0 "DA" "DA5"  } { 1 "DA" "DA3"  }  
>>   { 0 "DC" "DC5"  } { 1 "DC" "DC3"  }  
>>   { 0 "DT" "DT5"  } { 1 "DT" "DT3"  }
>> 
>> }
>> 
>> addPdbAtomMap {
>>   { "O5*" "O5'" }
>>   { "C5*" "C5'" }
>>   { "C4*" "C4'" }
>>   { "O4*" "O4'" }
>>   { "C3*" "C3'" }
>>   { "O3*" "O3'" }
>>   { "C2*" "C2'" }
>>   { "C1*" "C1'" }
>>   { "C5M" "C7"  }
>>   { "O2*" "O2'" }
>>   { "H1*" "H1'" }
>>   { "H2*1" "H2'1" }
>>   { "H2*2" "H2'2" }
>>   { "H2'"  "H2'1" }
>>   { "H2''" "H2'2" }
>>   { "H3*" "H3'" }
>>   { "H4*" "H4'" }
>>   { "H5*1" "H5'1" }
>>   { "H5*2" "H5'2" }
>>   { "H5'"  "H5'1" }
>>   { "H5''" "H5'2" }
>>   { "HO2'" "HO'2" }
>>   { "HO5'" "H5T" }
>>   { "HO3'" "H3T" }
>>   { "O1'" "O4'" }
>>   { "OA"  "O1P" }
>>   { "OB"  "O2P" }
>>   { "OP1" "O1P" }
>>   { "OP2" "O2P" }
>> }
>> 
>> 
>> #
>> # assumed that most often proteins use HIE
>> #
>> NHIS = NHIE
>> HIS = HIE
>> CHIS = CHIE
> 
> #source /home/zhp/tleap/leaprc.GLYCAM_06j-1
> set default PBRadii mbondi3
Using ArgH and AspGluO modified Bondi2 radii
> #3dipepide=sequence{ACE VAL NME}
> 
> 
> protein = loadpdb  1w2g_ww.pdb
Loading PDB file: ./1w2g_ww.pdb
Enter zPdbReadScan from call depth  0.
Exit  zPdbReadScan from call depth  0.
Matching PDB residue names to LEaP variables.
Mapped residue MET, term: Terminal/beginning, seq. number: 0 to: NMET.
(Residue 1: LEU, Nonterminal, was not found in name map.)
(Residue 2: ILE, Nonterminal, was not found in name map.)
(Residue 3: ALA, Nonterminal, was not found in name map.)
(Residue 4: ILE, Nonterminal, was not found in name map.)
(Residue 5: GLU, Nonterminal, was not found in name map.)
(Residue 6: GLY, Nonterminal, was not found in name map.)
(Residue 7: VAL, Nonterminal, was not found in name map.)
(Residue 8: ASP, Nonterminal, was not found in name map.)
(Residue 9: GLY, Nonterminal, was not found in name map.)
(Residue 10: ALA, Nonterminal, was not found in name map.)
(Residue 11: GLY, Nonterminal, was not found in name map.)
(Residue 12: LYS, Nonterminal, was not found in name map.)
(Residue 13: ARG, Nonterminal, was not found in name map.)
(Residue 14: THR, Nonterminal, was not found in name map.)
(Residue 15: LEU, Nonterminal, was not found in name map.)
(Residue 16: VAL, Nonterminal, was not found in name map.)
(Residue 17: GLU, Nonterminal, was not found in name map.)
(Residue 18: LYS, Nonterminal, was not found in name map.)
(Residue 19: LEU, Nonterminal, was not found in name map.)
(Residue 20: SER, Nonterminal, was not found in name map.)
(Residue 21: GLY, Nonterminal, was not found in name map.)
(Residue 22: ALA, Nonterminal, was not found in name map.)
(Residue 23: PHE, Nonterminal, was not found in name map.)
(Residue 24: ARG, Nonterminal, was not found in name map.)
(Residue 25: ALA, Nonterminal, was not found in name map.)
(Residue 26: ALA, Nonterminal, was not found in name map.)
(Residue 27: GLY, Nonterminal, was not found in name map.)
(Residue 28: ARG, Nonterminal, was not found in name map.)
(Residue 29: SER, Nonterminal, was not found in name map.)
(Residue 30: VAL, Nonterminal, was not found in name map.)
(Residue 31: ALA, Nonterminal, was not found in name map.)
(Residue 32: THR, Nonterminal, was not found in name map.)
(Residue 33: LEU, Nonterminal, was not found in name map.)
(Residue 34: ALA, Nonterminal, was not found in name map.)
(Residue 35: PHE, Nonterminal, was not found in name map.)
(Residue 36: PRO, Nonterminal, was not found in name map.)
(Residue 37: ARG, Nonterminal, was not found in name map.)
(Residue 38: TYR, Nonterminal, was not found in name map.)
(Residue 39: GLY, Nonterminal, was not found in name map.)
(Residue 40: GLN, Nonterminal, was not found in name map.)
(Residue 41: SER, Nonterminal, was not found in name map.)
(Residue 42: VAL, Nonterminal, was not found in name map.)
(Residue 43: ALA, Nonterminal, was not found in name map.)
(Residue 44: ALA, Nonterminal, was not found in name map.)
(Residue 45: ASP, Nonterminal, was not found in name map.)
(Residue 46: ILE, Nonterminal, was not found in name map.)
(Residue 47: ALA, Nonterminal, was not found in name map.)
(Residue 48: ALA, Nonterminal, was not found in name map.)
(Residue 49: GLU, Nonterminal, was not found in name map.)
(Residue 50: ALA, Nonterminal, was not found in name map.)
(Residue 51: LEU, Nonterminal, was not found in name map.)
(Residue 52: HIS, Nonterminal, was not found in name map.)
(Residue 53: GLY, Nonterminal, was not found in name map.)
(Residue 54: GLU, Nonterminal, was not found in name map.)
(Residue 55: HIS, Nonterminal, was not found in name map.)
(Residue 56: GLY, Nonterminal, was not found in name map.)
(Residue 57: ASP, Nonterminal, was not found in name map.)
(Residue 58: LEU, Nonterminal, was not found in name map.)
(Residue 59: ALA, Nonterminal, was not found in name map.)
(Residue 60: SER, Nonterminal, was not found in name map.)
(Residue 61: SER, Nonterminal, was not found in name map.)
(Residue 62: VAL, Nonterminal, was not found in name map.)
(Residue 63: TYR, Nonterminal, was not found in name map.)
(Residue 64: ALA, Nonterminal, was not found in name map.)
(Residue 65: MET, Nonterminal, was not found in name map.)
(Residue 66: ALA, Nonterminal, was not found in name map.)
(Residue 67: THR, Nonterminal, was not found in name map.)
(Residue 68: LEU, Nonterminal, was not found in name map.)
(Residue 69: PHE, Nonterminal, was not found in name map.)
(Residue 70: ALA, Nonterminal, was not found in name map.)
(Residue 71: LEU, Nonterminal, was not found in name map.)
(Residue 72: ASP, Nonterminal, was not found in name map.)
(Residue 73: ARG, Nonterminal, was not found in name map.)
(Residue 74: ALA, Nonterminal, was not found in name map.)
(Residue 75: GLY, Nonterminal, was not found in name map.)
(Residue 76: ALA, Nonterminal, was not found in name map.)
(Residue 77: VAL, Nonterminal, was not found in name map.)
(Residue 78: HIS, Nonterminal, was not found in name map.)
(Residue 79: THR, Nonterminal, was not found in name map.)
(Residue 80: ILE, Nonterminal, was not found in name map.)
(Residue 81: GLN, Nonterminal, was not found in name map.)
(Residue 82: GLY, Nonterminal, was not found in name map.)
(Residue 83: LEU, Nonterminal, was not found in name map.)
(Residue 84: CYS, Nonterminal, was not found in name map.)
(Residue 85: ARG, Nonterminal, was not found in name map.)
(Residue 86: GLY, Nonterminal, was not found in name map.)
(Residue 87: TYR, Nonterminal, was not found in name map.)
(Residue 88: ASP, Nonterminal, was not found in name map.)
(Residue 89: VAL, Nonterminal, was not found in name map.)
(Residue 90: VAL, Nonterminal, was not found in name map.)
(Residue 91: ILE, Nonterminal, was not found in name map.)
(Residue 92: LEU, Nonterminal, was not found in name map.)
(Residue 93: ASP, Nonterminal, was not found in name map.)
(Residue 94: ARG, Nonterminal, was not found in name map.)
(Residue 95: TYR, Nonterminal, was not found in name map.)
(Residue 96: VAL, Nonterminal, was not found in name map.)
(Residue 97: ALA, Nonterminal, was not found in name map.)
(Residue 98: SER, Nonterminal, was not found in name map.)
(Residue 99: ASN, Nonterminal, was not found in name map.)
(Residue 100: ALA, Nonterminal, was not found in name map.)
(Residue 101: ALA, Nonterminal, was not found in name map.)
(Residue 102: TYR, Nonterminal, was not found in name map.)
(Residue 103: SER, Nonterminal, was not found in name map.)
(Residue 104: ALA, Nonterminal, was not found in name map.)
(Residue 105: ALA, Nonterminal, was not found in name map.)
(Residue 106: ARG, Nonterminal, was not found in name map.)
(Residue 107: LEU, Nonterminal, was not found in name map.)
(Residue 108: HIS, Nonterminal, was not found in name map.)
(Residue 109: GLU, Nonterminal, was not found in name map.)
(Residue 110: ASN, Nonterminal, was not found in name map.)
(Residue 111: ALA, Nonterminal, was not found in name map.)
(Residue 112: ALA, Nonterminal, was not found in name map.)
(Residue 113: GLY, Nonterminal, was not found in name map.)
(Residue 114: LYS, Nonterminal, was not found in name map.)
(Residue 115: ALA, Nonterminal, was not found in name map.)
(Residue 116: ALA, Nonterminal, was not found in name map.)
(Residue 117: ALA, Nonterminal, was not found in name map.)
(Residue 118: TRP, Nonterminal, was not found in name map.)
(Residue 119: VAL, Nonterminal, was not found in name map.)
(Residue 120: GLN, Nonterminal, was not found in name map.)
(Residue 121: ARG, Nonterminal, was not found in name map.)
(Residue 122: ILE, Nonterminal, was not found in name map.)
(Residue 123: GLU, Nonterminal, was not found in name map.)
(Residue 124: PHE, Nonterminal, was not found in name map.)
(Residue 125: ALA, Nonterminal, was not found in name map.)
(Residue 126: ARG, Nonterminal, was not found in name map.)
(Residue 127: LEU, Nonterminal, was not found in name map.)
(Residue 128: GLY, Nonterminal, was not found in name map.)
(Residue 129: LEU, Nonterminal, was not found in name map.)
(Residue 130: PRO, Nonterminal, was not found in name map.)
(Residue 131: LYS, Nonterminal, was not found in name map.)
(Residue 132: PRO, Nonterminal, was not found in name map.)
(Residue 133: ASP, Nonterminal, was not found in name map.)
(Residue 134: TRP, Nonterminal, was not found in name map.)
(Residue 135: GLN, Nonterminal, was not found in name map.)
(Residue 136: VAL, Nonterminal, was not found in name map.)
(Residue 137: LEU, Nonterminal, was not found in name map.)
(Residue 138: LEU, Nonterminal, was not found in name map.)
(Residue 139: ALA, Nonterminal, was not found in name map.)
(Residue 140: VAL, Nonterminal, was not found in name map.)
(Residue 141: SER, Nonterminal, was not found in name map.)
(Residue 142: ALA, Nonterminal, was not found in name map.)
(Residue 143: GLU, Nonterminal, was not found in name map.)
(Residue 144: LEU, Nonterminal, was not found in name map.)
(Residue 145: ALA, Nonterminal, was not found in name map.)
(Residue 146: GLY, Nonterminal, was not found in name map.)
(Residue 147: GLU, Nonterminal, was not found in name map.)
(Residue 148: ARG, Nonterminal, was not found in name map.)
(Residue 149: ARG, Nonterminal, was not found in name map.)
(Residue 150: ASP, Nonterminal, was not found in name map.)
(Residue 151: ASN, Nonterminal, was not found in name map.)
(Residue 152: TYR, Nonterminal, was not found in name map.)
(Residue 153: GLU, Nonterminal, was not found in name map.)
(Residue 154: ARG, Nonterminal, was not found in name map.)
(Residue 155: ASP, Nonterminal, was not found in name map.)
(Residue 156: ALA, Nonterminal, was not found in name map.)
(Residue 157: GLU, Nonterminal, was not found in name map.)
(Residue 158: LEU, Nonterminal, was not found in name map.)
(Residue 159: GLN, Nonterminal, was not found in name map.)
(Residue 160: GLN, Nonterminal, was not found in name map.)
(Residue 161: ARG, Nonterminal, was not found in name map.)
(Residue 162: THR, Nonterminal, was not found in name map.)
(Residue 163: GLY, Nonterminal, was not found in name map.)
(Residue 164: ALA, Nonterminal, was not found in name map.)
(Residue 165: VAL, Nonterminal, was not found in name map.)
(Residue 166: TYR, Nonterminal, was not found in name map.)
(Residue 167: ALA, Nonterminal, was not found in name map.)
(Residue 168: GLU, Nonterminal, was not found in name map.)
(Residue 169: LEU, Nonterminal, was not found in name map.)
(Residue 170: ALA, Nonterminal, was not found in name map.)
(Residue 171: ALA, Nonterminal, was not found in name map.)
(Residue 172: GLN, Nonterminal, was not found in name map.)
(Residue 173: GLY, Nonterminal, was not found in name map.)
(Residue 174: TRP, Nonterminal, was not found in name map.)
(Residue 175: GLY, Nonterminal, was not found in name map.)
(Residue 176: GLY, Nonterminal, was not found in name map.)
(Residue 177: ARG, Nonterminal, was not found in name map.)
(Residue 178: TRP, Nonterminal, was not found in name map.)
(Residue 179: LEU, Nonterminal, was not found in name map.)
(Residue 180: VAL, Nonterminal, was not found in name map.)
(Residue 181: VAL, Nonterminal, was not found in name map.)
(Residue 182: GLY, Nonterminal, was not found in name map.)
(Residue 183: ALA, Nonterminal, was not found in name map.)
(Residue 184: ASP, Nonterminal, was not found in name map.)
(Residue 185: VAL, Nonterminal, was not found in name map.)
(Residue 186: ASP, Nonterminal, was not found in name map.)
(Residue 187: PRO, Nonterminal, was not found in name map.)
(Residue 188: GLY, Nonterminal, was not found in name map.)
(Residue 189: ARG, Nonterminal, was not found in name map.)
(Residue 190: LEU, Nonterminal, was not found in name map.)
(Residue 191: ALA, Nonterminal, was not found in name map.)
(Residue 192: ALA, Nonterminal, was not found in name map.)
(Residue 193: THR, Nonterminal, was not found in name map.)
(Residue 194: LEU, Nonterminal, was not found in name map.)
(Residue 195: ALA, Nonterminal, was not found in name map.)
Mapped residue PRO, term: Terminal/last, seq. number: 196 to: CPRO.
Mapped residue MET, term: Terminal/beginning, seq. number: 197 to: NMET.
(Residue 198: LEU, Nonterminal, was not found in name map.)
(Residue 199: ILE, Nonterminal, was not found in name map.)
(Residue 200: ALA, Nonterminal, was not found in name map.)
(Residue 201: ILE, Nonterminal, was not found in name map.)
(Residue 202: GLU, Nonterminal, was not found in name map.)
(Residue 203: GLY, Nonterminal, was not found in name map.)
(Residue 204: VAL, Nonterminal, was not found in name map.)
(Residue 205: ASP, Nonterminal, was not found in name map.)
(Residue 206: GLY, Nonterminal, was not found in name map.)
(Residue 207: ALA, Nonterminal, was not found in name map.)
(Residue 208: GLY, Nonterminal, was not found in name map.)
(Residue 209: LYS, Nonterminal, was not found in name map.)
(Residue 210: ARG, Nonterminal, was not found in name map.)
(Residue 211: THR, Nonterminal, was not found in name map.)
(Residue 212: LEU, Nonterminal, was not found in name map.)
(Residue 213: VAL, Nonterminal, was not found in name map.)
(Residue 214: GLU, Nonterminal, was not found in name map.)
(Residue 215: LYS, Nonterminal, was not found in name map.)
(Residue 216: LEU, Nonterminal, was not found in name map.)
(Residue 217: SER, Nonterminal, was not found in name map.)
(Residue 218: GLY, Nonterminal, was not found in name map.)
(Residue 219: ALA, Nonterminal, was not found in name map.)
(Residue 220: PHE, Nonterminal, was not found in name map.)
(Residue 221: ARG, Nonterminal, was not found in name map.)
(Residue 222: ALA, Nonterminal, was not found in name map.)
(Residue 223: ALA, Nonterminal, was not found in name map.)
(Residue 224: GLY, Nonterminal, was not found in name map.)
(Residue 225: ARG, Nonterminal, was not found in name map.)
(Residue 226: SER, Nonterminal, was not found in name map.)
(Residue 227: VAL, Nonterminal, was not found in name map.)
(Residue 228: ALA, Nonterminal, was not found in name map.)
(Residue 229: THR, Nonterminal, was not found in name map.)
(Residue 230: LEU, Nonterminal, was not found in name map.)
(Residue 231: ALA, Nonterminal, was not found in name map.)
(Residue 232: PHE, Nonterminal, was not found in name map.)
(Residue 233: PRO, Nonterminal, was not found in name map.)
(Residue 234: ARG, Nonterminal, was not found in name map.)
(Residue 235: TYR, Nonterminal, was not found in name map.)
(Residue 236: GLY, Nonterminal, was not found in name map.)
(Residue 237: GLN, Nonterminal, was not found in name map.)
(Residue 238: SER, Nonterminal, was not found in name map.)
(Residue 239: VAL, Nonterminal, was not found in name map.)
(Residue 240: ALA, Nonterminal, was not found in name map.)
(Residue 241: ALA, Nonterminal, was not found in name map.)
(Residue 242: ASP, Nonterminal, was not found in name map.)
(Residue 243: ILE, Nonterminal, was not found in name map.)
(Residue 244: ALA, Nonterminal, was not found in name map.)
(Residue 245: ALA, Nonterminal, was not found in name map.)
(Residue 246: GLU, Nonterminal, was not found in name map.)
(Residue 247: ALA, Nonterminal, was not found in name map.)
(Residue 248: LEU, Nonterminal, was not found in name map.)
(Residue 249: HIS, Nonterminal, was not found in name map.)
(Residue 250: GLY, Nonterminal, was not found in name map.)
(Residue 251: GLU, Nonterminal, was not found in name map.)
(Residue 252: HIS, Nonterminal, was not found in name map.)
(Residue 253: GLY, Nonterminal, was not found in name map.)
(Residue 254: ASP, Nonterminal, was not found in name map.)
(Residue 255: LEU, Nonterminal, was not found in name map.)
(Residue 256: ALA, Nonterminal, was not found in name map.)
(Residue 257: SER, Nonterminal, was not found in name map.)
(Residue 258: SER, Nonterminal, was not found in name map.)
(Residue 259: VAL, Nonterminal, was not found in name map.)
(Residue 260: TYR, Nonterminal, was not found in name map.)
(Residue 261: ALA, Nonterminal, was not found in name map.)
(Residue 262: MET, Nonterminal, was not found in name map.)
(Residue 263: ALA, Nonterminal, was not found in name map.)
(Residue 264: THR, Nonterminal, was not found in name map.)
(Residue 265: LEU, Nonterminal, was not found in name map.)
(Residue 266: PHE, Nonterminal, was not found in name map.)
(Residue 267: ALA, Nonterminal, was not found in name map.)
(Residue 268: LEU, Nonterminal, was not found in name map.)
(Residue 269: ASP, Nonterminal, was not found in name map.)
(Residue 270: ARG, Nonterminal, was not found in name map.)
(Residue 271: ALA, Nonterminal, was not found in name map.)
(Residue 272: GLY, Nonterminal, was not found in name map.)
(Residue 273: ALA, Nonterminal, was not found in name map.)
(Residue 274: VAL, Nonterminal, was not found in name map.)
(Residue 275: HIS, Nonterminal, was not found in name map.)
(Residue 276: THR, Nonterminal, was not found in name map.)
(Residue 277: ILE, Nonterminal, was not found in name map.)
(Residue 278: GLN, Nonterminal, was not found in name map.)
(Residue 279: GLY, Nonterminal, was not found in name map.)
(Residue 280: LEU, Nonterminal, was not found in name map.)
(Residue 281: CYS, Nonterminal, was not found in name map.)
(Residue 282: ARG, Nonterminal, was not found in name map.)
(Residue 283: GLY, Nonterminal, was not found in name map.)
(Residue 284: TYR, Nonterminal, was not found in name map.)
(Residue 285: ASP, Nonterminal, was not found in name map.)
(Residue 286: VAL, Nonterminal, was not found in name map.)
(Residue 287: VAL, Nonterminal, was not found in name map.)
(Residue 288: ILE, Nonterminal, was not found in name map.)
(Residue 289: LEU, Nonterminal, was not found in name map.)
(Residue 290: ASP, Nonterminal, was not found in name map.)
(Residue 291: ARG, Nonterminal, was not found in name map.)
(Residue 292: TYR, Nonterminal, was not found in name map.)
(Residue 293: VAL, Nonterminal, was not found in name map.)
(Residue 294: ALA, Nonterminal, was not found in name map.)
(Residue 295: SER, Nonterminal, was not found in name map.)
(Residue 296: ASN, Nonterminal, was not found in name map.)
(Residue 297: ALA, Nonterminal, was not found in name map.)
(Residue 298: ALA, Nonterminal, was not found in name map.)
(Residue 299: TYR, Nonterminal, was not found in name map.)
(Residue 300: SER, Nonterminal, was not found in name map.)
(Residue 301: ALA, Nonterminal, was not found in name map.)
(Residue 302: ALA, Nonterminal, was not found in name map.)
(Residue 303: ARG, Nonterminal, was not found in name map.)
(Residue 304: LEU, Nonterminal, was not found in name map.)
(Residue 305: HIS, Nonterminal, was not found in name map.)
(Residue 306: GLU, Nonterminal, was not found in name map.)
(Residue 307: ASN, Nonterminal, was not found in name map.)
(Residue 308: ALA, Nonterminal, was not found in name map.)
(Residue 309: ALA, Nonterminal, was not found in name map.)
(Residue 310: GLY, Nonterminal, was not found in name map.)
(Residue 311: LYS, Nonterminal, was not found in name map.)
(Residue 312: ALA, Nonterminal, was not found in name map.)
(Residue 313: ALA, Nonterminal, was not found in name map.)
(Residue 314: ALA, Nonterminal, was not found in name map.)
(Residue 315: TRP, Nonterminal, was not found in name map.)
(Residue 316: VAL, Nonterminal, was not found in name map.)
(Residue 317: GLN, Nonterminal, was not found in name map.)
(Residue 318: ARG, Nonterminal, was not found in name map.)
(Residue 319: ILE, Nonterminal, was not found in name map.)
(Residue 320: GLU, Nonterminal, was not found in name map.)
(Residue 321: PHE, Nonterminal, was not found in name map.)
(Residue 322: ALA, Nonterminal, was not found in name map.)
(Residue 323: ARG, Nonterminal, was not found in name map.)
(Residue 324: LEU, Nonterminal, was not found in name map.)
(Residue 325: GLY, Nonterminal, was not found in name map.)
(Residue 326: LEU, Nonterminal, was not found in name map.)
(Residue 327: PRO, Nonterminal, was not found in name map.)
(Residue 328: LYS, Nonterminal, was not found in name map.)
(Residue 329: PRO, Nonterminal, was not found in name map.)
(Residue 330: ASP, Nonterminal, was not found in name map.)
(Residue 331: TRP, Nonterminal, was not found in name map.)
(Residue 332: GLN, Nonterminal, was not found in name map.)
(Residue 333: VAL, Nonterminal, was not found in name map.)
(Residue 334: LEU, Nonterminal, was not found in name map.)
(Residue 335: LEU, Nonterminal, was not found in name map.)
(Residue 336: ALA, Nonterminal, was not found in name map.)
(Residue 337: VAL, Nonterminal, was not found in name map.)
(Residue 338: SER, Nonterminal, was not found in name map.)
(Residue 339: ALA, Nonterminal, was not found in name map.)
(Residue 340: GLU, Nonterminal, was not found in name map.)
(Residue 341: LEU, Nonterminal, was not found in name map.)
(Residue 342: ALA, Nonterminal, was not found in name map.)
(Residue 343: GLY, Nonterminal, was not found in name map.)
(Residue 344: GLU, Nonterminal, was not found in name map.)
(Residue 345: ARG, Nonterminal, was not found in name map.)
(Residue 346: SER, Nonterminal, was not found in name map.)
(Residue 347: ARG, Nonterminal, was not found in name map.)
(Residue 348: GLY, Nonterminal, was not found in name map.)
(Residue 349: ARG, Nonterminal, was not found in name map.)
(Residue 350: ALA, Nonterminal, was not found in name map.)
(Residue 351: GLN, Nonterminal, was not found in name map.)
(Residue 352: ARG, Nonterminal, was not found in name map.)
(Residue 353: ALA, Nonterminal, was not found in name map.)
(Residue 354: ARG, Nonterminal, was not found in name map.)
(Residue 355: ASP, Nonterminal, was not found in name map.)
(Residue 356: ASN, Nonterminal, was not found in name map.)
(Residue 357: TYR, Nonterminal, was not found in name map.)
(Residue 358: GLU, Nonterminal, was not found in name map.)
(Residue 359: ARG, Nonterminal, was not found in name map.)
(Residue 360: ASP, Nonterminal, was not found in name map.)
(Residue 361: ALA, Nonterminal, was not found in name map.)
(Residue 362: GLU, Nonterminal, was not found in name map.)
(Residue 363: LEU, Nonterminal, was not found in name map.)
(Residue 364: GLN, Nonterminal, was not found in name map.)
(Residue 365: GLN, Nonterminal, was not found in name map.)
(Residue 366: ARG, Nonterminal, was not found in name map.)
(Residue 367: THR, Nonterminal, was not found in name map.)
(Residue 368: GLY, Nonterminal, was not found in name map.)
(Residue 369: ALA, Nonterminal, was not found in name map.)
(Residue 370: VAL, Nonterminal, was not found in name map.)
(Residue 371: TYR, Nonterminal, was not found in name map.)
(Residue 372: ALA, Nonterminal, was not found in name map.)
(Residue 373: GLU, Nonterminal, was not found in name map.)
(Residue 374: LEU, Nonterminal, was not found in name map.)
(Residue 375: ALA, Nonterminal, was not found in name map.)
(Residue 376: ALA, Nonterminal, was not found in name map.)
(Residue 377: GLN, Nonterminal, was not found in name map.)
(Residue 378: GLY, Nonterminal, was not found in name map.)
(Residue 379: TRP, Nonterminal, was not found in name map.)
(Residue 380: GLY, Nonterminal, was not found in name map.)
(Residue 381: GLY, Nonterminal, was not found in name map.)
(Residue 382: ARG, Nonterminal, was not found in name map.)
(Residue 383: TRP, Nonterminal, was not found in name map.)
(Residue 384: LEU, Nonterminal, was not found in name map.)
(Residue 385: VAL, Nonterminal, was not found in name map.)
(Residue 386: VAL, Nonterminal, was not found in name map.)
(Residue 387: GLY, Nonterminal, was not found in name map.)
(Residue 388: ALA, Nonterminal, was not found in name map.)
(Residue 389: ASP, Nonterminal, was not found in name map.)
(Residue 390: VAL, Nonterminal, was not found in name map.)
(Residue 391: ASP, Nonterminal, was not found in name map.)
(Residue 392: PRO, Nonterminal, was not found in name map.)
(Residue 393: GLY, Nonterminal, was not found in name map.)
(Residue 394: ARG, Nonterminal, was not found in name map.)
(Residue 395: LEU, Nonterminal, was not found in name map.)
(Residue 396: ALA, Nonterminal, was not found in name map.)
(Residue 397: ALA, Nonterminal, was not found in name map.)
(Residue 398: THR, Nonterminal, was not found in name map.)
(Residue 399: LEU, Nonterminal, was not found in name map.)
(Residue 400: ALA, Nonterminal, was not found in name map.)
Mapped residue PRO, term: Terminal/last, seq. number: 401 to: CPRO.
Joining NMET - LEU
Joining LEU - ILE
Joining ILE - ALA
Joining ALA - ILE
Joining ILE - GLU
Joining GLU - GLY
Joining GLY - VAL
Joining VAL - ASP
  Added missing heavy atom: .R<ASP 9>.A<CG 8>
  Added missing heavy atom: .R<ASP 9>.A<OD1 9>
  Added missing heavy atom: .R<ASP 9>.A<OD2 10>
Joining ASP - GLY
Joining GLY - ALA
Joining ALA - GLY
Joining GLY - LYS
Joining LYS - ARG
  Added missing heavy atom: .R<ARG 14>.A<CD 11>
  Added missing heavy atom: .R<ARG 14>.A<NE 14>
  Added missing heavy atom: .R<ARG 14>.A<CZ 16>
  Added missing heavy atom: .R<ARG 14>.A<NH1 17>
  Added missing heavy atom: .R<ARG 14>.A<NH2 20>
Joining ARG - THR
Joining THR - LEU
Joining LEU - VAL
Joining VAL - GLU
  Added missing heavy atom: .R<GLU 18>.A<CD 11>
  Added missing heavy atom: .R<GLU 18>.A<OE1 12>
  Added missing heavy atom: .R<GLU 18>.A<OE2 13>
Joining GLU - LYS
Joining LYS - LEU
Joining LEU - SER
Joining SER - GLY
Joining GLY - ALA
Joining ALA - PHE
Joining PHE - ARG
Joining ARG - ALA
Joining ALA - ALA
Joining ALA - GLY
Joining GLY - ARG
Joining ARG - SER
Joining SER - VAL
Joining VAL - ALA
Joining ALA - THR
Joining THR - LEU
Joining LEU - ALA
Joining ALA - PHE
Joining PHE - PRO
Joining PRO - ARG
Joining ARG - TYR
Joining TYR - GLY
Joining GLY - GLN
  Added missing heavy atom: .R<GLN 41>.A<OE1 12>
  Added missing heavy atom: .R<GLN 41>.A<NE2 13>
Joining GLN - SER
Joining SER - VAL
Joining VAL - ALA
Joining ALA - ALA
Joining ALA - ASP
Joining ASP - ILE
Joining ILE - ALA
Joining ALA - ALA
Joining ALA - GLU
Joining GLU - ALA
Joining ALA - LEU
Joining LEU - HIE
Joining HIE - GLY
Joining GLY - GLU
  Added missing heavy atom: .R<GLU 55>.A<OE1 12>
  Added missing heavy atom: .R<GLU 55>.A<OE2 13>
Joining GLU - HIE
Joining HIE - GLY
Joining GLY - ASP
Joining ASP - LEU
Joining LEU - ALA
Joining ALA - SER
Joining SER - SER
Joining SER - VAL
Joining VAL - TYR
Joining TYR - ALA
Joining ALA - MET
Joining MET - ALA
Joining ALA - THR
Joining THR - LEU
Joining LEU - PHE
Joining PHE - ALA
Joining ALA - LEU
Joining LEU - ASP
Joining ASP - ARG
Joining ARG - ALA
Joining ALA - GLY
Joining GLY - ALA
Joining ALA - VAL
Joining VAL - HIE
Joining HIE - THR
Joining THR - ILE
Joining ILE - GLN
Joining GLN - GLY
Joining GLY - LEU
Joining LEU - CYS
Joining CYS - ARG
Joining ARG - GLY
Joining GLY - TYR
Joining TYR - ASP
Joining ASP - VAL
Joining VAL - VAL
Joining VAL - ILE
Joining ILE - LEU
Joining LEU - ASP
Joining ASP - ARG
Joining ARG - TYR
Joining TYR - VAL
Joining VAL - ALA
Joining ALA - SER
Joining SER - ASN
Joining ASN - ALA
Joining ALA - ALA
Joining ALA - TYR
Joining TYR - SER
Joining SER - ALA
Joining ALA - ALA
Joining ALA - ARG
Joining ARG - LEU
Joining LEU - HIE
Joining HIE - GLU
Joining GLU - ASN
Joining ASN - ALA
Joining ALA - ALA
Joining ALA - GLY
Joining GLY - LYS
  Added missing heavy atom: .R<LYS 115>.A<CE 14>
  Added missing heavy atom: .R<LYS 115>.A<NZ 17>
Joining LYS - ALA
Joining ALA - ALA
Joining ALA - ALA
Joining ALA - TRP
Joining TRP - VAL
Joining VAL - GLN
Joining GLN - ARG
Joining ARG - ILE
Joining ILE - GLU
Joining GLU - PHE
Joining PHE - ALA
Joining ALA - ARG
Joining ARG - LEU
Joining LEU - GLY
Joining GLY - LEU
Joining LEU - PRO
Joining PRO - LYS
Joining LYS - PRO
Joining PRO - ASP
Joining ASP - TRP
Joining TRP - GLN
Joining GLN - VAL
Joining VAL - LEU
Joining LEU - LEU
Joining LEU - ALA
Joining ALA - VAL
Joining VAL - SER
Joining SER - ALA
Joining ALA - GLU
Joining GLU - LEU
Joining LEU - ALA
Joining ALA - GLY
Joining GLY - GLU
  Added missing heavy atom: .R<GLU 148>.A<CG 8>
  Added missing heavy atom: .R<GLU 148>.A<CD 11>
  Added missing heavy atom: .R<GLU 148>.A<OE1 12>
  Added missing heavy atom: .R<GLU 148>.A<OE2 13>
Joining GLU - ARG
Joining ARG - ARG
Joining ARG - ASP
Joining ASP - ASN
  Added missing heavy atom: .R<ASN 152>.A<OD1 9>
  Added missing heavy atom: .R<ASN 152>.A<ND2 10>
Joining ASN - TYR
Joining TYR - GLU
  Added missing heavy atom: .R<GLU 154>.A<OE1 12>
  Added missing heavy atom: .R<GLU 154>.A<OE2 13>
Joining GLU - ARG
  Added missing heavy atom: .R<ARG 155>.A<NE 14>
  Added missing heavy atom: .R<ARG 155>.A<CZ 16>
  Added missing heavy atom: .R<ARG 155>.A<NH1 17>
  Added missing heavy atom: .R<ARG 155>.A<NH2 20>
Joining ARG - ASP
Joining ASP - ALA
Joining ALA - GLU
  Added missing heavy atom: .R<GLU 158>.A<CG 8>
  Added missing heavy atom: .R<GLU 158>.A<CD 11>
  Added missing heavy atom: .R<GLU 158>.A<OE1 12>
  Added missing heavy atom: .R<GLU 158>.A<OE2 13>
Joining GLU - LEU
Joining LEU - GLN
Joining GLN - GLN
Joining GLN - ARG
Joining ARG - THR
Joining THR - GLY
Joining GLY - ALA
Joining ALA - VAL
Joining VAL - TYR
Joining TYR - ALA
Joining ALA - GLU
  Added missing heavy atom: .R<GLU 169>.A<CD 11>
  Added missing heavy atom: .R<GLU 169>.A<OE1 12>
  Added missing heavy atom: .R<GLU 169>.A<OE2 13>
Joining GLU - LEU
Joining LEU - ALA
Joining ALA - ALA
Joining ALA - GLN
Joining GLN - GLY
Joining GLY - TRP
Joining TRP - GLY
Joining GLY - GLY
Joining GLY - ARG
  Added missing heavy atom: .R<ARG 178>.A<NE 14>
  Added missing heavy atom: .R<ARG 178>.A<CZ 16>
  Added missing heavy atom: .R<ARG 178>.A<NH1 17>
  Added missing heavy atom: .R<ARG 178>.A<NH2 20>
Joining ARG - TRP
Joining TRP - LEU
Joining LEU - VAL
Joining VAL - VAL
Joining VAL - GLY
Joining GLY - ALA
Joining ALA - ASP
  Added missing heavy atom: .R<ASP 185>.A<OD1 9>
  Added missing heavy atom: .R<ASP 185>.A<OD2 10>
Joining ASP - VAL
Joining VAL - ASP
Joining ASP - PRO
Joining PRO - GLY
Joining GLY - ARG
  Added missing heavy atom: .R<ARG 190>.A<CD 11>
  Added missing heavy atom: .R<ARG 190>.A<NE 14>
  Added missing heavy atom: .R<ARG 190>.A<CZ 16>
  Added missing heavy atom: .R<ARG 190>.A<NH1 17>
  Added missing heavy atom: .R<ARG 190>.A<NH2 20>
Joining ARG - LEU
Joining LEU - ALA
Joining ALA - ALA
Joining ALA - THR
Joining THR - LEU
Joining LEU - ALA
Joining ALA - CPRO
  Added missing heavy atom: .R<CPRO 197>.A<CD 2>
  Added missing heavy atom: .R<CPRO 197>.A<CA 11>
  Added missing heavy atom: .R<CPRO 197>.A<CG 5>
  Added missing heavy atom: .R<CPRO 197>.A<CB 8>
  Added missing heavy atom: .R<CPRO 197>.A<C 13>
  Added missing heavy atom: .R<CPRO 197>.A<O 14>
  Added missing heavy atom: .R<CPRO 197>.A<OXT 15>
Joining NMET - LEU
Joining LEU - ILE
Joining ILE - ALA
Joining ALA - ILE
Joining ILE - GLU
Joining GLU - GLY
Joining GLY - VAL
Joining VAL - ASP
Joining ASP - GLY
Joining GLY - ALA
Joining ALA - GLY
Joining GLY - LYS
Joining LYS - ARG
Joining ARG - THR
Joining THR - LEU
Joining LEU - VAL
Joining VAL - GLU
  Added missing heavy atom: .R<GLU 215>.A<CD 11>
  Added missing heavy atom: .R<GLU 215>.A<OE1 12>
  Added missing heavy atom: .R<GLU 215>.A<OE2 13>
Joining GLU - LYS
  Added missing heavy atom: .R<LYS 216>.A<CE 14>
  Added missing heavy atom: .R<LYS 216>.A<NZ 17>
Joining LYS - LEU
Joining LEU - SER
Joining SER - GLY
Joining GLY - ALA
Joining ALA - PHE
Joining PHE - ARG
Joining ARG - ALA
Joining ALA - ALA
Joining ALA - GLY
Joining GLY - ARG
Joining ARG - SER
Joining SER - VAL
Joining VAL - ALA
Joining ALA - THR
Joining THR - LEU
Joining LEU - ALA
Joining ALA - PHE
Joining PHE - PRO
Joining PRO - ARG
Joining ARG - TYR
Joining TYR - GLY
Joining GLY - GLN
Joining GLN - SER
Joining SER - VAL
Joining VAL - ALA
Joining ALA - ALA
Joining ALA - ASP
Joining ASP - ILE
Joining ILE - ALA
Joining ALA - ALA
Joining ALA - GLU
Joining GLU - ALA
Joining ALA - LEU
Joining LEU - HIE
Joining HIE - GLY
Joining GLY - GLU
Joining GLU - HIE
Joining HIE - GLY
Joining GLY - ASP
Joining ASP - LEU
Joining LEU - ALA
Joining ALA - SER
Joining SER - SER
Joining SER - VAL
Joining VAL - TYR
Joining TYR - ALA
Joining ALA - MET
Joining MET - ALA
Joining ALA - THR
Joining THR - LEU
Joining LEU - PHE
Joining PHE - ALA
Joining ALA - LEU
Joining LEU - ASP
Joining ASP - ARG
Joining ARG - ALA
Joining ALA - GLY
Joining GLY - ALA
Joining ALA - VAL
Joining VAL - HIE
Joining HIE - THR
Joining THR - ILE
Joining ILE - GLN
Joining GLN - GLY
Joining GLY - LEU
Joining LEU - CYS
Joining CYS - ARG
  Added missing heavy atom: .R<ARG 283>.A<NE 14>
  Added missing heavy atom: .R<ARG 283>.A<CZ 16>
  Added missing heavy atom: .R<ARG 283>.A<NH1 17>
  Added missing heavy atom: .R<ARG 283>.A<NH2 20>
Joining ARG - GLY
Joining GLY - TYR
Joining TYR - ASP
Joining ASP - VAL
Joining VAL - VAL
Joining VAL - ILE
Joining ILE - LEU
Joining LEU - ASP
Joining ASP - ARG
Joining ARG - TYR
Joining TYR - VAL
Joining VAL - ALA
Joining ALA - SER
Joining SER - ASN
Joining ASN - ALA
Joining ALA - ALA
Joining ALA - TYR
Joining TYR - SER
Joining SER - ALA
Joining ALA - ALA
Joining ALA - ARG
Joining ARG - LEU
Joining LEU - HIE
Joining HIE - GLU
Joining GLU - ASN
Joining ASN - ALA
Joining ALA - ALA
Joining ALA - GLY
Joining GLY - LYS
  Added missing heavy atom: .R<LYS 312>.A<CE 14>
  Added missing heavy atom: .R<LYS 312>.A<NZ 17>
Joining LYS - ALA
Joining ALA - ALA
Joining ALA - ALA
Joining ALA - TRP
Joining TRP - VAL
Joining VAL - GLN
Joining GLN - ARG
Joining ARG - ILE
Joining ILE - GLU
Joining GLU - PHE
Joining PHE - ALA
Joining ALA - ARG
Joining ARG - LEU
Joining LEU - GLY
Joining GLY - LEU
Joining LEU - PRO
Joining PRO - LYS
Joining LYS - PRO
Joining PRO - ASP
Joining ASP - TRP
Joining TRP - GLN
Joining GLN - VAL
Joining VAL - LEU
Joining LEU - LEU
Joining LEU - ALA
Joining ALA - VAL
Joining VAL - SER
Joining SER - ALA
Joining ALA - GLU
Joining GLU - LEU
Joining LEU - ALA
Joining ALA - GLY
Joining GLY - GLU
Joining GLU - ARG
Joining ARG - SER
Joining SER - ARG
Joining ARG - GLY
Joining GLY - ARG
  Added missing heavy atom: .R<ARG 350>.A<CG 8>
  Added missing heavy atom: .R<ARG 350>.A<CD 11>
  Added missing heavy atom: .R<ARG 350>.A<NE 14>
  Added missing heavy atom: .R<ARG 350>.A<CZ 16>
  Added missing heavy atom: .R<ARG 350>.A<NH1 17>
  Added missing heavy atom: .R<ARG 350>.A<NH2 20>
Joining ARG - ALA
Joining ALA - GLN
  Added missing heavy atom: .R<GLN 352>.A<CG 8>
  Added missing heavy atom: .R<GLN 352>.A<CD 11>
  Added missing heavy atom: .R<GLN 352>.A<OE1 12>
  Added missing heavy atom: .R<GLN 352>.A<NE2 13>
Joining GLN - ARG
  Added missing heavy atom: .R<ARG 353>.A<CG 8>
  Added missing heavy atom: .R<ARG 353>.A<CD 11>
  Added missing heavy atom: .R<ARG 353>.A<NE 14>
  Added missing heavy atom: .R<ARG 353>.A<CZ 16>
  Added missing heavy atom: .R<ARG 353>.A<NH1 17>
  Added missing heavy atom: .R<ARG 353>.A<NH2 20>
Joining ARG - ALA
Joining ALA - ARG
Joining ARG - ASP
Joining ASP - ASN
Joining ASN - TYR
Joining TYR - GLU
Joining GLU - ARG
Joining ARG - ASP
Joining ASP - ALA
Joining ALA - GLU
Joining GLU - LEU
Joining LEU - GLN
Joining GLN - GLN
Joining GLN - ARG
Joining ARG - THR
Joining THR - GLY
Joining GLY - ALA
Joining ALA - VAL
Joining VAL - TYR
Joining TYR - ALA
Joining ALA - GLU
Joining GLU - LEU
Joining LEU - ALA
Joining ALA - ALA
Joining ALA - GLN
Joining GLN - GLY
Joining GLY - TRP
Joining TRP - GLY
Joining GLY - GLY
Joining GLY - ARG
  Added missing heavy atom: .R<ARG 383>.A<CG 8>
  Added missing heavy atom: .R<ARG 383>.A<CD 11>
  Added missing heavy atom: .R<ARG 383>.A<NE 14>
  Added missing heavy atom: .R<ARG 383>.A<CZ 16>
  Added missing heavy atom: .R<ARG 383>.A<NH1 17>
  Added missing heavy atom: .R<ARG 383>.A<NH2 20>
Joining ARG - TRP
Joining TRP - LEU
Joining LEU - VAL
Joining VAL - VAL
Joining VAL - GLY
Joining GLY - ALA
Joining ALA - ASP
Joining ASP - VAL
Joining VAL - ASP
Joining ASP - PRO
Joining PRO - GLY
Joining GLY - ARG
  Added missing heavy atom: .R<ARG 395>.A<CD 11>
  Added missing heavy atom: .R<ARG 395>.A<NE 14>
  Added missing heavy atom: .R<ARG 395>.A<CZ 16>
  Added missing heavy atom: .R<ARG 395>.A<NH1 17>
  Added missing heavy atom: .R<ARG 395>.A<NH2 20>
Joining ARG - LEU
Joining LEU - ALA
Joining ALA - ALA
Joining ALA - THR
Joining THR - LEU
Joining LEU - ALA
Joining ALA - CPRO
  Added missing heavy atom: .R<CPRO 402>.A<CD 2>
  Added missing heavy atom: .R<CPRO 402>.A<CA 11>
  Added missing heavy atom: .R<CPRO 402>.A<CG 5>
  Added missing heavy atom: .R<CPRO 402>.A<CB 8>
  Added missing heavy atom: .R<CPRO 402>.A<C 13>
  Added missing heavy atom: .R<CPRO 402>.A<O 14>
  Added missing heavy atom: .R<CPRO 402>.A<OXT 15>
  total atoms in file: 2905
  Leap added 3082 missing atoms according to residue templates:
       99 Heavy
       2983 H / lone pairs
> savepdb  protein  protein.pdb
Writing pdb file: protein.pdb
 Converting N-terminal residue name to PDB format: NMET -> MET
 Converting C-terminal residue name to PDB format: CPRO -> PRO
 Converting N-terminal residue name to PDB format: NMET -> MET
 Converting C-terminal residue name to PDB format: CPRO -> PRO
> ##saveamberparm dipepide diVAL.prmtop diVAL.inpcrd
> 
> quit
	Quit
