log started: Fri Nov 23 17:39:11 2018

Log file: ./leap.log
>> #
>> # ----- leaprc for loading the ff99SB (Hornak & Simmerling) force field
>> # -----  this file is updated for PDB format 3
>> #
>> #	load atom type hybridizations
>> #
>> addAtomTypes {
>> 	{ "H"   "H" "sp3" }
>> 	{ "HO"  "H" "sp3" }
>> 	{ "HS"  "H" "sp3" }
>> 	{ "H1"  "H" "sp3" }
>> 	{ "H2"  "H" "sp3" }
>> 	{ "H3"  "H" "sp3" }
>> 	{ "H4"  "H" "sp3" }
>> 	{ "H5"  "H" "sp3" }
>> 	{ "HW"  "H" "sp3" }
>> 	{ "HC"  "H" "sp3" }
>> 	{ "HA"  "H" "sp3" }
>> 	{ "HP"  "H" "sp3" }
>> 	{ "OH"  "O" "sp3" }
>> 	{ "OS"  "O" "sp3" }
>> 	{ "O"   "O" "sp2" }
>> 	{ "O2"  "O" "sp2" }
>> 	{ "OW"  "O" "sp3" }
>> 	{ "CT"  "C" "sp3" }
>> 	{ "CH"  "C" "sp3" }
>> 	{ "C2"  "C" "sp3" }
>> 	{ "C3"  "C" "sp3" }
>> 	{ "C"   "C" "sp2" }
>> 	{ "C*"  "C" "sp2" }
>> 	{ "CA"  "C" "sp2" }
>> 	{ "CB"  "C" "sp2" }
>> 	{ "CC"  "C" "sp2" }
>> 	{ "CN"  "C" "sp2" }
>> 	{ "CM"  "C" "sp2" }
>> 	{ "CK"  "C" "sp2" }
>> 	{ "CQ"  "C" "sp2" }
>> 	{ "CD"  "C" "sp2" }
>> 	{ "CE"  "C" "sp2" }
>> 	{ "CF"  "C" "sp2" }
>> 	{ "CP"  "C" "sp2" }
>> 	{ "CI"  "C" "sp2" }
>> 	{ "CJ"  "C" "sp2" }
>> 	{ "CW"  "C" "sp2" }
>> 	{ "CV"  "C" "sp2" }
>> 	{ "CR"  "C" "sp2" }
>> 	{ "CA"  "C" "sp2" }
>> 	{ "CY"  "C" "sp2" }
>> 	{ "C0"  "Ca" "sp2" }
>> 	{ "MG"  "Mg" "sp3" }
>> 	{ "N"   "N" "sp2" }
>> 	{ "NA"  "N" "sp2" }
>> 	{ "N2"  "N" "sp2" }
>> 	{ "N*"  "N" "sp2" }
>> 	{ "NP"  "N" "sp2" }
>> 	{ "NQ"  "N" "sp2" }
>> 	{ "NB"  "N" "sp2" }
>> 	{ "NC"  "N" "sp2" }
>> 	{ "NT"  "N" "sp3" }
>> 	{ "N3"  "N" "sp3" }
>> 	{ "S"   "S" "sp3" }
>> 	{ "SH"  "S" "sp3" }
>> 	{ "P"   "P" "sp3" }
>> 	{ "LP"  ""  "sp3" }
>> 	{ "F"   "F" "sp3" }
>> 	{ "CL"  "Cl" "sp3" }
>> 	{ "BR"  "Br" "sp3" }
>> 	{ "I"   "I"  "sp3" }
>> 	{ "FE"  "Fe" "sp3" }
>> 	{ "EP"  ""  "sp3" }
>> # glycam
>> 	{ "OG"  "O" "sp3" }
>> 	{ "OL"  "O" "sp3" }
>> 	{ "AC"  "C" "sp3" }
>> 	{ "EC"  "C" "sp3" }
>> }
>> #
>> #	Load the main parameter set.
>> #
>> parm99 = loadamberparams parm99.dat
Loading parameters: /share/home/zhanghaiping/program/amber16/dat/leap/parm/parm99.dat
Reading title:
PARM99 for DNA,RNA,AA, organic molecules, TIP3P wat. Polariz.& LP incl.02/04/99
(UNKNOWN ATOM TYPE: HZ)
(UNKNOWN ATOM TYPE: IM)
(UNKNOWN ATOM TYPE: Li)
(UNKNOWN ATOM TYPE: IP)
(UNKNOWN ATOM TYPE: K)
(UNKNOWN ATOM TYPE: Rb)
(UNKNOWN ATOM TYPE: Cs)
(UNKNOWN ATOM TYPE: Zn)
(UNKNOWN ATOM TYPE: IB)
(UNKNOWN ATOM TYPE: LP)
>> frcmod99SB = loadamberparams frcmod.ff99SB
Loading parameters: /share/home/zhanghaiping/program/amber16/dat/leap/parm/frcmod.ff99SB
Reading force field modification type file (frcmod)
Reading title:
Modification/update of parm99.dat (Hornak & Simmerling)
>> #
>> #	Load DNA/RNA libraries
>> #
>> loadOff all_nucleic94.lib
Loading library: /share/home/zhanghaiping/program/amber16/dat/leap/lib/all_nucleic94.lib
Loading: DA
Loading: DA3
Loading: DA5
Loading: DAN
Loading: DC
Loading: DC3
Loading: DC5
Loading: DCN
Loading: DG
Loading: DG3
Loading: DG5
Loading: DGN
Loading: DT
Loading: DT3
Loading: DT5
Loading: DTN
Loading: RA
Loading: RA3
Loading: RA5
Loading: RAN
Loading: RC
Loading: RC3
Loading: RC5
Loading: RCN
Loading: RG
Loading: RG3
Loading: RG5
Loading: RGN
Loading: RU
Loading: RU3
Loading: RU5
Loading: RUN
>> #
>> #	Load main chain and terminating 
>> #	amino acid libraries (i.e. ff94 libs)
>> #
>> loadOff all_amino94.lib
Loading library: /share/home/zhanghaiping/program/amber16/dat/leap/lib/all_amino94.lib
Loading: ALA
Loading: ARG
Loading: ASH
Loading: ASN
Loading: ASP
Loading: CYM
Loading: CYS
Loading: CYX
Loading: GLH
Loading: GLN
Loading: GLU
Loading: GLY
Loading: HID
Loading: HIE
Loading: HIP
Loading: ILE
Loading: LEU
Loading: LYN
Loading: LYS
Loading: MET
Loading: PHE
Loading: PRO
Loading: SER
Loading: THR
Loading: TRP
Loading: TYR
Loading: VAL
>> loadOff all_aminoct94.lib
Loading library: /share/home/zhanghaiping/program/amber16/dat/leap/lib/all_aminoct94.lib
Loading: CALA
Loading: CARG
Loading: CASN
Loading: CASP
Loading: CCYS
Loading: CCYX
Loading: CGLN
Loading: CGLU
Loading: CGLY
Loading: CHID
Loading: CHIE
Loading: CHIP
Loading: CILE
Loading: CLEU
Loading: CLYS
Loading: CMET
Loading: CPHE
Loading: CPRO
Loading: CSER
Loading: CTHR
Loading: CTRP
Loading: CTYR
Loading: CVAL
Loading: NHE
Loading: NME
>> loadOff all_aminont94.lib
Loading library: /share/home/zhanghaiping/program/amber16/dat/leap/lib/all_aminont94.lib
Loading: ACE
Loading: NALA
Loading: NARG
Loading: NASN
Loading: NASP
Loading: NCYS
Loading: NCYX
Loading: NGLN
Loading: NGLU
Loading: NGLY
Loading: NHID
Loading: NHIE
Loading: NHIP
Loading: NILE
Loading: NLEU
Loading: NLYS
Loading: NMET
Loading: NPHE
Loading: NPRO
Loading: NSER
Loading: NTHR
Loading: NTRP
Loading: NTYR
Loading: NVAL
>> #
>> #       Load water and ions
>> # 
>> loadOff ions94.lib
Loading library: /share/home/zhanghaiping/program/amber16/dat/leap/lib/ions94.lib
Loading: CIO
Loading: Cl-
Loading: Cs+
Loading: IB
Loading: K+
Loading: Li+
Loading: MG2
Loading: Na+
Loading: Rb+
>> loadOff solvents.lib
Loading library: /share/home/zhanghaiping/program/amber16/dat/leap/lib/solvents.lib
Loading: CHCL3BOX
Loading: DC4
Loading: FB3
Loading: FB3BOX
Loading: FB4
Loading: FB4BOX
Loading: MEOHBOX
Loading: NMABOX
Loading: OPC
Loading: OPCBOX
Loading: PL3
Loading: POL3BOX
Loading: QSPCFWBOX
Loading: SPC
Loading: SPCBOX
Loading: SPCFWBOX
Loading: SPF
Loading: SPG
Loading: T4E
Loading: TIP3PBOX
Loading: TIP3PFBOX
Loading: TIP4PBOX
Loading: TIP4PEWBOX
Loading: TIP5PBOX
Loading: TP3
Loading: TP4
Loading: TP5
Loading: TPF
>> HOH = TP3
>> WAT = TP3
>> 
>> #
>> #	Define the PDB name map for the amino acids and DNA.
>> #
>> addPdbResMap {
>>   { 0 "ALA" "NALA" } { 1 "ALA" "CALA" }
>>   { 0 "ARG" "NARG" } { 1 "ARG" "CARG" }
>>   { 0 "ASN" "NASN" } { 1 "ASN" "CASN" }
>>   { 0 "ASP" "NASP" } { 1 "ASP" "CASP" }
>>   { 0 "CYS" "NCYS" } { 1 "CYS" "CCYS" }
>>   { 0 "CYX" "NCYX" } { 1 "CYX" "CCYX" }
>>   { 0 "GLN" "NGLN" } { 1 "GLN" "CGLN" }
>>   { 0 "GLU" "NGLU" } { 1 "GLU" "CGLU" }
>>   { 0 "GLY" "NGLY" } { 1 "GLY" "CGLY" }
>>   { 0 "HID" "NHID" } { 1 "HID" "CHID" }
>>   { 0 "HIE" "NHIE" } { 1 "HIE" "CHIE" }
>>   { 0 "HIP" "NHIP" } { 1 "HIP" "CHIP" }
>>   { 0 "ILE" "NILE" } { 1 "ILE" "CILE" }
>>   { 0 "LEU" "NLEU" } { 1 "LEU" "CLEU" }
>>   { 0 "LYS" "NLYS" } { 1 "LYS" "CLYS" }
>>   { 0 "MET" "NMET" } { 1 "MET" "CMET" }
>>   { 0 "PHE" "NPHE" } { 1 "PHE" "CPHE" }
>>   { 0 "PRO" "NPRO" } { 1 "PRO" "CPRO" }
>>   { 0 "SER" "NSER" } { 1 "SER" "CSER" }
>>   { 0 "THR" "NTHR" } { 1 "THR" "CTHR" }
>>   { 0 "TRP" "NTRP" } { 1 "TRP" "CTRP" }
>>   { 0 "TYR" "NTYR" } { 1 "TYR" "CTYR" }
>>   { 0 "VAL" "NVAL" } { 1 "VAL" "CVAL" }
>>   { 0 "HIS" "NHIS" } { 1 "HIS" "CHIS" }
>>   { 0 "GUA" "DG5"  } { 1 "GUA" "DG3"  } { "GUA" "DG" }
>>   { 0 "ADE" "DA5"  } { 1 "ADE" "DA3"  } { "ADE" "DA" }
>>   { 0 "CYT" "DC5"  } { 1 "CYT" "DC3"  } { "CYT" "DC" }
>>   { 0 "THY" "DT5"  } { 1 "THY" "DT3"  } { "THY" "DT" }
>>   { 0 "G" "RG5"  } { 1 "G" "RG3"  } { "G" "RG" } { "GN" "RGN" }
>>   { 0 "A" "RA5"  } { 1 "A" "RA3"  } { "A" "RA" } { "AN" "RAN" }
>>   { 0 "C" "RC5"  } { 1 "C" "RC3"  } { "C" "RC" } { "CN" "RCN" }
>>   { 0 "U" "RU5"  } { 1 "U" "RU3"  } { "U" "RU" } { "UN" "RUN" }
>>   { 0 "DG" "DG5"  } { 1 "DG" "DG3"  }  
>>   { 0 "DA" "DA5"  } { 1 "DA" "DA3"  }  
>>   { 0 "DC" "DC5"  } { 1 "DC" "DC3"  }  
>>   { 0 "DT" "DT5"  } { 1 "DT" "DT3"  }
>> 
>> }
>> 
>> addPdbAtomMap {
>>   { "O5*" "O5'" }
>>   { "C5*" "C5'" }
>>   { "C4*" "C4'" }
>>   { "O4*" "O4'" }
>>   { "C3*" "C3'" }
>>   { "O3*" "O3'" }
>>   { "C2*" "C2'" }
>>   { "C1*" "C1'" }
>>   { "C5M" "C7"  }
>>   { "O2*" "O2'" }
>>   { "H1*" "H1'" }
>>   { "H2*1" "H2'1" }
>>   { "H2*2" "H2'2" }
>>   { "H2'"  "H2'1" }
>>   { "H2''" "H2'2" }
>>   { "H3*" "H3'" }
>>   { "H4*" "H4'" }
>>   { "H5*1" "H5'1" }
>>   { "H5*2" "H5'2" }
>>   { "H5'"  "H5'1" }
>>   { "H5''" "H5'2" }
>>   { "HO2'" "HO'2" }
>>   { "HO5'" "H5T" }
>>   { "HO3'" "H3T" }
>>   { "O1'" "O4'" }
>>   { "OA"  "O1P" }
>>   { "OB"  "O2P" }
>>   { "OP1" "O1P" }
>>   { "OP2" "O2P" }
>> }
>> 
>> 
>> #
>> # assumed that most often proteins use HIE
>> #
>> NHIS = NHIE
>> HIS = HIE
>> CHIS = CHIE
> 
> #source /home/zhp/tleap/leaprc.GLYCAM_06j-1
> set default PBRadii mbondi3
Using ArgH and AspGluO modified Bondi2 radii
> #3dipepide=sequence{ACE VAL NME}
> 
> 
> protein = loadpdb  1r1h_ww.pdb
Loading PDB file: ./1r1h_ww.pdb
Enter zPdbReadScan from call depth  0.
Exit  zPdbReadScan from call depth  0.
Matching PDB residue names to LEaP variables.
Mapped residue GLY, term: Terminal/beginning, seq. number: 0 to: NGLY.
(Residue 1: ILE, Nonterminal, was not found in name map.)
(Residue 2: CYS, Nonterminal, was not found in name map.)
(Residue 3: LYS, Nonterminal, was not found in name map.)
(Residue 4: SER, Nonterminal, was not found in name map.)
(Residue 5: SER, Nonterminal, was not found in name map.)
(Residue 6: ASP, Nonterminal, was not found in name map.)
(Residue 7: CYS, Nonterminal, was not found in name map.)
(Residue 8: ILE, Nonterminal, was not found in name map.)
(Residue 9: LYS, Nonterminal, was not found in name map.)
(Residue 10: SER, Nonterminal, was not found in name map.)
(Residue 11: ALA, Nonterminal, was not found in name map.)
(Residue 12: ALA, Nonterminal, was not found in name map.)
(Residue 13: ARG, Nonterminal, was not found in name map.)
(Residue 14: LEU, Nonterminal, was not found in name map.)
(Residue 15: ILE, Nonterminal, was not found in name map.)
(Residue 16: GLN, Nonterminal, was not found in name map.)
(Residue 17: ASN, Nonterminal, was not found in name map.)
(Residue 18: MET, Nonterminal, was not found in name map.)
(Residue 19: ASP, Nonterminal, was not found in name map.)
(Residue 20: ALA, Nonterminal, was not found in name map.)
(Residue 21: THR, Nonterminal, was not found in name map.)
(Residue 22: THR, Nonterminal, was not found in name map.)
(Residue 23: GLU, Nonterminal, was not found in name map.)
(Residue 24: PRO, Nonterminal, was not found in name map.)
(Residue 25: CYS, Nonterminal, was not found in name map.)
(Residue 26: THR, Nonterminal, was not found in name map.)
(Residue 27: ASP, Nonterminal, was not found in name map.)
(Residue 28: PHE, Nonterminal, was not found in name map.)
(Residue 29: PHE, Nonterminal, was not found in name map.)
(Residue 30: LYS, Nonterminal, was not found in name map.)
(Residue 31: TYR, Nonterminal, was not found in name map.)
(Residue 32: ALA, Nonterminal, was not found in name map.)
(Residue 33: CYS, Nonterminal, was not found in name map.)
(Residue 34: GLY, Nonterminal, was not found in name map.)
(Residue 35: GLY, Nonterminal, was not found in name map.)
(Residue 36: TRP, Nonterminal, was not found in name map.)
(Residue 37: LEU, Nonterminal, was not found in name map.)
(Residue 38: LYS, Nonterminal, was not found in name map.)
(Residue 39: ARG, Nonterminal, was not found in name map.)
(Residue 40: ASN, Nonterminal, was not found in name map.)
(Residue 41: VAL, Nonterminal, was not found in name map.)
(Residue 42: ILE, Nonterminal, was not found in name map.)
(Residue 43: PRO, Nonterminal, was not found in name map.)
(Residue 44: GLU, Nonterminal, was not found in name map.)
(Residue 45: THR, Nonterminal, was not found in name map.)
(Residue 46: SER, Nonterminal, was not found in name map.)
(Residue 47: SER, Nonterminal, was not found in name map.)
(Residue 48: ARG, Nonterminal, was not found in name map.)
(Residue 49: TYR, Nonterminal, was not found in name map.)
(Residue 50: GLY, Nonterminal, was not found in name map.)
(Residue 51: ASN, Nonterminal, was not found in name map.)
(Residue 52: PHE, Nonterminal, was not found in name map.)
(Residue 53: ASP, Nonterminal, was not found in name map.)
(Residue 54: ILE, Nonterminal, was not found in name map.)
(Residue 55: LEU, Nonterminal, was not found in name map.)
(Residue 56: ARG, Nonterminal, was not found in name map.)
(Residue 57: ASP, Nonterminal, was not found in name map.)
(Residue 58: GLU, Nonterminal, was not found in name map.)
(Residue 59: LEU, Nonterminal, was not found in name map.)
(Residue 60: GLU, Nonterminal, was not found in name map.)
(Residue 61: VAL, Nonterminal, was not found in name map.)
(Residue 62: VAL, Nonterminal, was not found in name map.)
(Residue 63: LEU, Nonterminal, was not found in name map.)
(Residue 64: LYS, Nonterminal, was not found in name map.)
(Residue 65: ASP, Nonterminal, was not found in name map.)
(Residue 66: VAL, Nonterminal, was not found in name map.)
(Residue 67: LEU, Nonterminal, was not found in name map.)
(Residue 68: GLN, Nonterminal, was not found in name map.)
(Residue 69: GLU, Nonterminal, was not found in name map.)
(Residue 70: PRO, Nonterminal, was not found in name map.)
(Residue 71: LYS, Nonterminal, was not found in name map.)
(Residue 72: THR, Nonterminal, was not found in name map.)
(Residue 73: GLU, Nonterminal, was not found in name map.)
(Residue 74: ASP, Nonterminal, was not found in name map.)
(Residue 75: ILE, Nonterminal, was not found in name map.)
(Residue 76: VAL, Nonterminal, was not found in name map.)
(Residue 77: ALA, Nonterminal, was not found in name map.)
(Residue 78: VAL, Nonterminal, was not found in name map.)
(Residue 79: GLN, Nonterminal, was not found in name map.)
(Residue 80: LYS, Nonterminal, was not found in name map.)
(Residue 81: ALA, Nonterminal, was not found in name map.)
(Residue 82: LYS, Nonterminal, was not found in name map.)
(Residue 83: ALA, Nonterminal, was not found in name map.)
(Residue 84: LEU, Nonterminal, was not found in name map.)
(Residue 85: TYR, Nonterminal, was not found in name map.)
(Residue 86: ARG, Nonterminal, was not found in name map.)
(Residue 87: SER, Nonterminal, was not found in name map.)
(Residue 88: CYS, Nonterminal, was not found in name map.)
(Residue 89: ILE, Nonterminal, was not found in name map.)
(Residue 90: ASN, Nonterminal, was not found in name map.)
(Residue 91: GLU, Nonterminal, was not found in name map.)
(Residue 92: SER, Nonterminal, was not found in name map.)
(Residue 93: ALA, Nonterminal, was not found in name map.)
(Residue 94: ILE, Nonterminal, was not found in name map.)
(Residue 95: ASP, Nonterminal, was not found in name map.)
(Residue 96: SER, Nonterminal, was not found in name map.)
(Residue 97: ARG, Nonterminal, was not found in name map.)
(Residue 98: GLY, Nonterminal, was not found in name map.)
(Residue 99: GLY, Nonterminal, was not found in name map.)
(Residue 100: GLU, Nonterminal, was not found in name map.)
(Residue 101: PRO, Nonterminal, was not found in name map.)
(Residue 102: LEU, Nonterminal, was not found in name map.)
(Residue 103: LEU, Nonterminal, was not found in name map.)
(Residue 104: LYS, Nonterminal, was not found in name map.)
(Residue 105: LEU, Nonterminal, was not found in name map.)
(Residue 106: LEU, Nonterminal, was not found in name map.)
(Residue 107: PRO, Nonterminal, was not found in name map.)
(Residue 108: ASP, Nonterminal, was not found in name map.)
(Residue 109: ILE, Nonterminal, was not found in name map.)
(Residue 110: TYR, Nonterminal, was not found in name map.)
(Residue 111: GLY, Nonterminal, was not found in name map.)
(Residue 112: TRP, Nonterminal, was not found in name map.)
(Residue 113: PRO, Nonterminal, was not found in name map.)
(Residue 114: VAL, Nonterminal, was not found in name map.)
(Residue 115: ALA, Nonterminal, was not found in name map.)
(Residue 116: THR, Nonterminal, was not found in name map.)
(Residue 117: GLU, Nonterminal, was not found in name map.)
(Residue 118: ASN, Nonterminal, was not found in name map.)
(Residue 119: TRP, Nonterminal, was not found in name map.)
(Residue 120: GLU, Nonterminal, was not found in name map.)
(Residue 121: GLN, Nonterminal, was not found in name map.)
(Residue 122: LYS, Nonterminal, was not found in name map.)
(Residue 123: TYR, Nonterminal, was not found in name map.)
(Residue 124: GLY, Nonterminal, was not found in name map.)
(Residue 125: ALA, Nonterminal, was not found in name map.)
(Residue 126: SER, Nonterminal, was not found in name map.)
(Residue 127: TRP, Nonterminal, was not found in name map.)
(Residue 128: THR, Nonterminal, was not found in name map.)
(Residue 129: ALA, Nonterminal, was not found in name map.)
(Residue 130: GLU, Nonterminal, was not found in name map.)
(Residue 131: LYS, Nonterminal, was not found in name map.)
(Residue 132: ALA, Nonterminal, was not found in name map.)
(Residue 133: ILE, Nonterminal, was not found in name map.)
(Residue 134: ALA, Nonterminal, was not found in name map.)
(Residue 135: GLN, Nonterminal, was not found in name map.)
(Residue 136: LEU, Nonterminal, was not found in name map.)
(Residue 137: ASN, Nonterminal, was not found in name map.)
(Residue 138: SER, Nonterminal, was not found in name map.)
(Residue 139: LYS, Nonterminal, was not found in name map.)
(Residue 140: TYR, Nonterminal, was not found in name map.)
(Residue 141: GLY, Nonterminal, was not found in name map.)
(Residue 142: LYS, Nonterminal, was not found in name map.)
(Residue 143: LYS, Nonterminal, was not found in name map.)
(Residue 144: VAL, Nonterminal, was not found in name map.)
(Residue 145: LEU, Nonterminal, was not found in name map.)
(Residue 146: ILE, Nonterminal, was not found in name map.)
(Residue 147: ASN, Nonterminal, was not found in name map.)
(Residue 148: LEU, Nonterminal, was not found in name map.)
(Residue 149: PHE, Nonterminal, was not found in name map.)
(Residue 150: VAL, Nonterminal, was not found in name map.)
(Residue 151: GLY, Nonterminal, was not found in name map.)
(Residue 152: THR, Nonterminal, was not found in name map.)
(Residue 153: ASP, Nonterminal, was not found in name map.)
(Residue 154: ASP, Nonterminal, was not found in name map.)
(Residue 155: LYS, Nonterminal, was not found in name map.)
(Residue 156: ASN, Nonterminal, was not found in name map.)
(Residue 157: SER, Nonterminal, was not found in name map.)
(Residue 158: VAL, Nonterminal, was not found in name map.)
(Residue 159: ASN, Nonterminal, was not found in name map.)
(Residue 160: HIS, Nonterminal, was not found in name map.)
(Residue 161: VAL, Nonterminal, was not found in name map.)
(Residue 162: ILE, Nonterminal, was not found in name map.)
(Residue 163: HIS, Nonterminal, was not found in name map.)
(Residue 164: ILE, Nonterminal, was not found in name map.)
(Residue 165: ASP, Nonterminal, was not found in name map.)
(Residue 166: GLN, Nonterminal, was not found in name map.)
(Residue 167: PRO, Nonterminal, was not found in name map.)
(Residue 168: ARG, Nonterminal, was not found in name map.)
(Residue 169: LEU, Nonterminal, was not found in name map.)
(Residue 170: GLY, Nonterminal, was not found in name map.)
(Residue 171: LEU, Nonterminal, was not found in name map.)
(Residue 172: PRO, Nonterminal, was not found in name map.)
(Residue 173: SER, Nonterminal, was not found in name map.)
(Residue 174: ARG, Nonterminal, was not found in name map.)
(Residue 175: ASP, Nonterminal, was not found in name map.)
(Residue 176: TYR, Nonterminal, was not found in name map.)
(Residue 177: TYR, Nonterminal, was not found in name map.)
(Residue 178: GLU, Nonterminal, was not found in name map.)
(Residue 179: CYS, Nonterminal, was not found in name map.)
(Residue 180: THR, Nonterminal, was not found in name map.)
(Residue 181: GLY, Nonterminal, was not found in name map.)
(Residue 182: ILE, Nonterminal, was not found in name map.)
(Residue 183: TYR, Nonterminal, was not found in name map.)
(Residue 184: LYS, Nonterminal, was not found in name map.)
(Residue 185: GLU, Nonterminal, was not found in name map.)
(Residue 186: ALA, Nonterminal, was not found in name map.)
(Residue 187: CYS, Nonterminal, was not found in name map.)
(Residue 188: THR, Nonterminal, was not found in name map.)
(Residue 189: ALA, Nonterminal, was not found in name map.)
(Residue 190: TYR, Nonterminal, was not found in name map.)
(Residue 191: VAL, Nonterminal, was not found in name map.)
(Residue 192: ASP, Nonterminal, was not found in name map.)
(Residue 193: PHE, Nonterminal, was not found in name map.)
(Residue 194: MET, Nonterminal, was not found in name map.)
(Residue 195: ILE, Nonterminal, was not found in name map.)
(Residue 196: SER, Nonterminal, was not found in name map.)
(Residue 197: VAL, Nonterminal, was not found in name map.)
(Residue 198: ALA, Nonterminal, was not found in name map.)
(Residue 199: ARG, Nonterminal, was not found in name map.)
(Residue 200: LEU, Nonterminal, was not found in name map.)
(Residue 201: ILE, Nonterminal, was not found in name map.)
(Residue 202: ARG, Nonterminal, was not found in name map.)
(Residue 203: GLN, Nonterminal, was not found in name map.)
(Residue 204: GLU, Nonterminal, was not found in name map.)
(Residue 205: GLU, Nonterminal, was not found in name map.)
(Residue 206: ARG, Nonterminal, was not found in name map.)
(Residue 207: LEU, Nonterminal, was not found in name map.)
(Residue 208: PRO, Nonterminal, was not found in name map.)
(Residue 209: ILE, Nonterminal, was not found in name map.)
(Residue 210: ASP, Nonterminal, was not found in name map.)
(Residue 211: GLU, Nonterminal, was not found in name map.)
(Residue 212: ASN, Nonterminal, was not found in name map.)
(Residue 213: GLN, Nonterminal, was not found in name map.)
(Residue 214: LEU, Nonterminal, was not found in name map.)
(Residue 215: ALA, Nonterminal, was not found in name map.)
(Residue 216: LEU, Nonterminal, was not found in name map.)
(Residue 217: GLU, Nonterminal, was not found in name map.)
(Residue 218: MET, Nonterminal, was not found in name map.)
(Residue 219: ASN, Nonterminal, was not found in name map.)
(Residue 220: LYS, Nonterminal, was not found in name map.)
(Residue 221: VAL, Nonterminal, was not found in name map.)
(Residue 222: MET, Nonterminal, was not found in name map.)
(Residue 223: GLU, Nonterminal, was not found in name map.)
(Residue 224: LEU, Nonterminal, was not found in name map.)
(Residue 225: GLU, Nonterminal, was not found in name map.)
(Residue 226: LYS, Nonterminal, was not found in name map.)
(Residue 227: GLU, Nonterminal, was not found in name map.)
(Residue 228: ILE, Nonterminal, was not found in name map.)
(Residue 229: ALA, Nonterminal, was not found in name map.)
(Residue 230: ASN, Nonterminal, was not found in name map.)
(Residue 231: ALA, Nonterminal, was not found in name map.)
(Residue 232: THR, Nonterminal, was not found in name map.)
(Residue 233: ALA, Nonterminal, was not found in name map.)
(Residue 234: LYS, Nonterminal, was not found in name map.)
(Residue 235: PRO, Nonterminal, was not found in name map.)
(Residue 236: GLU, Nonterminal, was not found in name map.)
(Residue 237: ASP, Nonterminal, was not found in name map.)
(Residue 238: ARG, Nonterminal, was not found in name map.)
(Residue 239: ASN, Nonterminal, was not found in name map.)
(Residue 240: ASP, Nonterminal, was not found in name map.)
(Residue 241: PRO, Nonterminal, was not found in name map.)
(Residue 242: MET, Nonterminal, was not found in name map.)
(Residue 243: LEU, Nonterminal, was not found in name map.)
(Residue 244: LEU, Nonterminal, was not found in name map.)
(Residue 245: TYR, Nonterminal, was not found in name map.)
(Residue 246: ASN, Nonterminal, was not found in name map.)
(Residue 247: LYS, Nonterminal, was not found in name map.)
(Residue 248: MET, Nonterminal, was not found in name map.)
(Residue 249: THR, Nonterminal, was not found in name map.)
(Residue 250: LEU, Nonterminal, was not found in name map.)
(Residue 251: ALA, Nonterminal, was not found in name map.)
(Residue 252: GLN, Nonterminal, was not found in name map.)
(Residue 253: ILE, Nonterminal, was not found in name map.)
(Residue 254: GLN, Nonterminal, was not found in name map.)
(Residue 255: ASN, Nonterminal, was not found in name map.)
(Residue 256: ASN, Nonterminal, was not found in name map.)
(Residue 257: PHE, Nonterminal, was not found in name map.)
(Residue 258: SER, Nonterminal, was not found in name map.)
(Residue 259: LEU, Nonterminal, was not found in name map.)
(Residue 260: GLU, Nonterminal, was not found in name map.)
(Residue 261: ILE, Nonterminal, was not found in name map.)
(Residue 262: ASN, Nonterminal, was not found in name map.)
(Residue 263: GLY, Nonterminal, was not found in name map.)
(Residue 264: LYS, Nonterminal, was not found in name map.)
(Residue 265: PRO, Nonterminal, was not found in name map.)
(Residue 266: PHE, Nonterminal, was not found in name map.)
(Residue 267: SER, Nonterminal, was not found in name map.)
(Residue 268: TRP, Nonterminal, was not found in name map.)
(Residue 269: LEU, Nonterminal, was not found in name map.)
(Residue 270: ASN, Nonterminal, was not found in name map.)
(Residue 271: PHE, Nonterminal, was not found in name map.)
(Residue 272: THR, Nonterminal, was not found in name map.)
(Residue 273: ASN, Nonterminal, was not found in name map.)
(Residue 274: GLU, Nonterminal, was not found in name map.)
(Residue 275: ILE, Nonterminal, was not found in name map.)
(Residue 276: MET, Nonterminal, was not found in name map.)
(Residue 277: SER, Nonterminal, was not found in name map.)
(Residue 278: THR, Nonterminal, was not found in name map.)
(Residue 279: VAL, Nonterminal, was not found in name map.)
(Residue 280: ASN, Nonterminal, was not found in name map.)
(Residue 281: ILE, Nonterminal, was not found in name map.)
(Residue 282: SER, Nonterminal, was not found in name map.)
(Residue 283: ILE, Nonterminal, was not found in name map.)
(Residue 284: THR, Nonterminal, was not found in name map.)
(Residue 285: ASN, Nonterminal, was not found in name map.)
(Residue 286: GLU, Nonterminal, was not found in name map.)
(Residue 287: GLU, Nonterminal, was not found in name map.)
(Residue 288: ASP, Nonterminal, was not found in name map.)
(Residue 289: VAL, Nonterminal, was not found in name map.)
(Residue 290: VAL, Nonterminal, was not found in name map.)
(Residue 291: VAL, Nonterminal, was not found in name map.)
(Residue 292: TYR, Nonterminal, was not found in name map.)
(Residue 293: ALA, Nonterminal, was not found in name map.)
(Residue 294: PRO, Nonterminal, was not found in name map.)
(Residue 295: GLU, Nonterminal, was not found in name map.)
(Residue 296: TYR, Nonterminal, was not found in name map.)
(Residue 297: LEU, Nonterminal, was not found in name map.)
(Residue 298: THR, Nonterminal, was not found in name map.)
(Residue 299: LYS, Nonterminal, was not found in name map.)
(Residue 300: LEU, Nonterminal, was not found in name map.)
(Residue 301: LYS, Nonterminal, was not found in name map.)
(Residue 302: PRO, Nonterminal, was not found in name map.)
(Residue 303: ILE, Nonterminal, was not found in name map.)
(Residue 304: LEU, Nonterminal, was not found in name map.)
(Residue 305: THR, Nonterminal, was not found in name map.)
(Residue 306: LYS, Nonterminal, was not found in name map.)
(Residue 307: TYR, Nonterminal, was not found in name map.)
(Residue 308: SER, Nonterminal, was not found in name map.)
(Residue 309: ALA, Nonterminal, was not found in name map.)
(Residue 310: ARG, Nonterminal, was not found in name map.)
(Residue 311: ASP, Nonterminal, was not found in name map.)
(Residue 312: LEU, Nonterminal, was not found in name map.)
(Residue 313: GLN, Nonterminal, was not found in name map.)
(Residue 314: ASN, Nonterminal, was not found in name map.)
(Residue 315: LEU, Nonterminal, was not found in name map.)
(Residue 316: MET, Nonterminal, was not found in name map.)
(Residue 317: SER, Nonterminal, was not found in name map.)
(Residue 318: TRP, Nonterminal, was not found in name map.)
(Residue 319: ARG, Nonterminal, was not found in name map.)
(Residue 320: PHE, Nonterminal, was not found in name map.)
(Residue 321: ILE, Nonterminal, was not found in name map.)
(Residue 322: MET, Nonterminal, was not found in name map.)
(Residue 323: ASP, Nonterminal, was not found in name map.)
(Residue 324: LEU, Nonterminal, was not found in name map.)
(Residue 325: VAL, Nonterminal, was not found in name map.)
(Residue 326: SER, Nonterminal, was not found in name map.)
(Residue 327: SER, Nonterminal, was not found in name map.)
(Residue 328: LEU, Nonterminal, was not found in name map.)
(Residue 329: SER, Nonterminal, was not found in name map.)
(Residue 330: ARG, Nonterminal, was not found in name map.)
(Residue 331: THR, Nonterminal, was not found in name map.)
(Residue 332: TYR, Nonterminal, was not found in name map.)
(Residue 333: LYS, Nonterminal, was not found in name map.)
(Residue 334: GLU, Nonterminal, was not found in name map.)
(Residue 335: SER, Nonterminal, was not found in name map.)
(Residue 336: ARG, Nonterminal, was not found in name map.)
(Residue 337: ASN, Nonterminal, was not found in name map.)
(Residue 338: ALA, Nonterminal, was not found in name map.)
(Residue 339: PHE, Nonterminal, was not found in name map.)
(Residue 340: ARG, Nonterminal, was not found in name map.)
(Residue 341: LYS, Nonterminal, was not found in name map.)
(Residue 342: ALA, Nonterminal, was not found in name map.)
(Residue 343: LEU, Nonterminal, was not found in name map.)
(Residue 344: TYR, Nonterminal, was not found in name map.)
(Residue 345: GLY, Nonterminal, was not found in name map.)
(Residue 346: THR, Nonterminal, was not found in name map.)
(Residue 347: THR, Nonterminal, was not found in name map.)
(Residue 348: SER, Nonterminal, was not found in name map.)
(Residue 349: GLU, Nonterminal, was not found in name map.)
(Residue 350: THR, Nonterminal, was not found in name map.)
(Residue 351: ALA, Nonterminal, was not found in name map.)
(Residue 352: THR, Nonterminal, was not found in name map.)
(Residue 353: TRP, Nonterminal, was not found in name map.)
(Residue 354: ARG, Nonterminal, was not found in name map.)
(Residue 355: ARG, Nonterminal, was not found in name map.)
(Residue 356: CYS, Nonterminal, was not found in name map.)
(Residue 357: ALA, Nonterminal, was not found in name map.)
(Residue 358: ASN, Nonterminal, was not found in name map.)
(Residue 359: TYR, Nonterminal, was not found in name map.)
(Residue 360: VAL, Nonterminal, was not found in name map.)
(Residue 361: ASN, Nonterminal, was not found in name map.)
(Residue 362: GLY, Nonterminal, was not found in name map.)
(Residue 363: ASN, Nonterminal, was not found in name map.)
(Residue 364: MET, Nonterminal, was not found in name map.)
(Residue 365: GLU, Nonterminal, was not found in name map.)
(Residue 366: ASN, Nonterminal, was not found in name map.)
(Residue 367: ALA, Nonterminal, was not found in name map.)
(Residue 368: VAL, Nonterminal, was not found in name map.)
(Residue 369: GLY, Nonterminal, was not found in name map.)
(Residue 370: ARG, Nonterminal, was not found in name map.)
(Residue 371: LEU, Nonterminal, was not found in name map.)
(Residue 372: TYR, Nonterminal, was not found in name map.)
(Residue 373: VAL, Nonterminal, was not found in name map.)
(Residue 374: GLU, Nonterminal, was not found in name map.)
(Residue 375: ALA, Nonterminal, was not found in name map.)
(Residue 376: ALA, Nonterminal, was not found in name map.)
(Residue 377: PHE, Nonterminal, was not found in name map.)
(Residue 378: ALA, Nonterminal, was not found in name map.)
(Residue 379: GLY, Nonterminal, was not found in name map.)
(Residue 380: GLU, Nonterminal, was not found in name map.)
(Residue 381: SER, Nonterminal, was not found in name map.)
(Residue 382: LYS, Nonterminal, was not found in name map.)
(Residue 383: HIS, Nonterminal, was not found in name map.)
(Residue 384: VAL, Nonterminal, was not found in name map.)
(Residue 385: VAL, Nonterminal, was not found in name map.)
(Residue 386: GLU, Nonterminal, was not found in name map.)
(Residue 387: ASP, Nonterminal, was not found in name map.)
(Residue 388: LEU, Nonterminal, was not found in name map.)
(Residue 389: ILE, Nonterminal, was not found in name map.)
(Residue 390: ALA, Nonterminal, was not found in name map.)
(Residue 391: GLN, Nonterminal, was not found in name map.)
(Residue 392: ILE, Nonterminal, was not found in name map.)
(Residue 393: ARG, Nonterminal, was not found in name map.)
(Residue 394: GLU, Nonterminal, was not found in name map.)
(Residue 395: VAL, Nonterminal, was not found in name map.)
(Residue 396: PHE, Nonterminal, was not found in name map.)
(Residue 397: ILE, Nonterminal, was not found in name map.)
(Residue 398: GLN, Nonterminal, was not found in name map.)
(Residue 399: THR, Nonterminal, was not found in name map.)
(Residue 400: LEU, Nonterminal, was not found in name map.)
(Residue 401: ASP, Nonterminal, was not found in name map.)
(Residue 402: ASP, Nonterminal, was not found in name map.)
(Residue 403: LEU, Nonterminal, was not found in name map.)
(Residue 404: THR, Nonterminal, was not found in name map.)
(Residue 405: TRP, Nonterminal, was not found in name map.)
(Residue 406: MET, Nonterminal, was not found in name map.)
(Residue 407: ASP, Nonterminal, was not found in name map.)
(Residue 408: ALA, Nonterminal, was not found in name map.)
(Residue 409: GLU, Nonterminal, was not found in name map.)
(Residue 410: THR, Nonterminal, was not found in name map.)
(Residue 411: LYS, Nonterminal, was not found in name map.)
(Residue 412: LYS, Nonterminal, was not found in name map.)
(Residue 413: ARG, Nonterminal, was not found in name map.)
(Residue 414: ALA, Nonterminal, was not found in name map.)
(Residue 415: GLU, Nonterminal, was not found in name map.)
(Residue 416: GLU, Nonterminal, was not found in name map.)
(Residue 417: LYS, Nonterminal, was not found in name map.)
(Residue 418: ALA, Nonterminal, was not found in name map.)
(Residue 419: LEU, Nonterminal, was not found in name map.)
(Residue 420: ALA, Nonterminal, was not found in name map.)
(Residue 421: ILE, Nonterminal, was not found in name map.)
(Residue 422: LYS, Nonterminal, was not found in name map.)
(Residue 423: GLU, Nonterminal, was not found in name map.)
(Residue 424: ARG, Nonterminal, was not found in name map.)
(Residue 425: ILE, Nonterminal, was not found in name map.)
(Residue 426: GLY, Nonterminal, was not found in name map.)
(Residue 427: TYR, Nonterminal, was not found in name map.)
(Residue 428: PRO, Nonterminal, was not found in name map.)
(Residue 429: ASP, Nonterminal, was not found in name map.)
(Residue 430: ASP, Nonterminal, was not found in name map.)
(Residue 431: ILE, Nonterminal, was not found in name map.)
(Residue 432: VAL, Nonterminal, was not found in name map.)
(Residue 433: SER, Nonterminal, was not found in name map.)
(Residue 434: ASN, Nonterminal, was not found in name map.)
(Residue 435: ASP, Nonterminal, was not found in name map.)
(Residue 436: ASN, Nonterminal, was not found in name map.)
(Residue 437: LYS, Nonterminal, was not found in name map.)
(Residue 438: LEU, Nonterminal, was not found in name map.)
(Residue 439: ASN, Nonterminal, was not found in name map.)
(Residue 440: ASN, Nonterminal, was not found in name map.)
(Residue 441: GLU, Nonterminal, was not found in name map.)
(Residue 442: TYR, Nonterminal, was not found in name map.)
(Residue 443: LEU, Nonterminal, was not found in name map.)
(Residue 444: GLU, Nonterminal, was not found in name map.)
(Residue 445: LEU, Nonterminal, was not found in name map.)
(Residue 446: ASN, Nonterminal, was not found in name map.)
(Residue 447: TYR, Nonterminal, was not found in name map.)
(Residue 448: LYS, Nonterminal, was not found in name map.)
(Residue 449: GLU, Nonterminal, was not found in name map.)
(Residue 450: ASP, Nonterminal, was not found in name map.)
(Residue 451: GLU, Nonterminal, was not found in name map.)
(Residue 452: TYR, Nonterminal, was not found in name map.)
(Residue 453: PHE, Nonterminal, was not found in name map.)
(Residue 454: GLU, Nonterminal, was not found in name map.)
(Residue 455: ASN, Nonterminal, was not found in name map.)
(Residue 456: ILE, Nonterminal, was not found in name map.)
(Residue 457: ILE, Nonterminal, was not found in name map.)
(Residue 458: GLN, Nonterminal, was not found in name map.)
(Residue 459: ASN, Nonterminal, was not found in name map.)
(Residue 460: LEU, Nonterminal, was not found in name map.)
(Residue 461: LYS, Nonterminal, was not found in name map.)
(Residue 462: PHE, Nonterminal, was not found in name map.)
(Residue 463: SER, Nonterminal, was not found in name map.)
(Residue 464: GLN, Nonterminal, was not found in name map.)
(Residue 465: SER, Nonterminal, was not found in name map.)
(Residue 466: LYS, Nonterminal, was not found in name map.)
(Residue 467: GLN, Nonterminal, was not found in name map.)
(Residue 468: LEU, Nonterminal, was not found in name map.)
(Residue 469: LYS, Nonterminal, was not found in name map.)
(Residue 470: LYS, Nonterminal, was not found in name map.)
(Residue 471: LEU, Nonterminal, was not found in name map.)
(Residue 472: ARG, Nonterminal, was not found in name map.)
(Residue 473: GLU, Nonterminal, was not found in name map.)
(Residue 474: LYS, Nonterminal, was not found in name map.)
(Residue 475: VAL, Nonterminal, was not found in name map.)
(Residue 476: ASP, Nonterminal, was not found in name map.)
(Residue 477: LYS, Nonterminal, was not found in name map.)
(Residue 478: ASP, Nonterminal, was not found in name map.)
(Residue 479: GLU, Nonterminal, was not found in name map.)
(Residue 480: TRP, Nonterminal, was not found in name map.)
(Residue 481: ILE, Nonterminal, was not found in name map.)
(Residue 482: SER, Nonterminal, was not found in name map.)
(Residue 483: GLY, Nonterminal, was not found in name map.)
(Residue 484: ALA, Nonterminal, was not found in name map.)
(Residue 485: ALA, Nonterminal, was not found in name map.)
(Residue 486: VAL, Nonterminal, was not found in name map.)
(Residue 487: VAL, Nonterminal, was not found in name map.)
(Residue 488: ASN, Nonterminal, was not found in name map.)
(Residue 489: ALA, Nonterminal, was not found in name map.)
(Residue 490: PHE, Nonterminal, was not found in name map.)
(Residue 491: TYR, Nonterminal, was not found in name map.)
(Residue 492: SER, Nonterminal, was not found in name map.)
(Residue 493: SER, Nonterminal, was not found in name map.)
(Residue 494: GLY, Nonterminal, was not found in name map.)
(Residue 495: ARG, Nonterminal, was not found in name map.)
(Residue 496: ASN, Nonterminal, was not found in name map.)
(Residue 497: GLN, Nonterminal, was not found in name map.)
(Residue 498: ILE, Nonterminal, was not found in name map.)
(Residue 499: VAL, Nonterminal, was not found in name map.)
(Residue 500: PHE, Nonterminal, was not found in name map.)
(Residue 501: PRO, Nonterminal, was not found in name map.)
(Residue 502: ALA, Nonterminal, was not found in name map.)
(Residue 503: GLY, Nonterminal, was not found in name map.)
(Residue 504: ILE, Nonterminal, was not found in name map.)
(Residue 505: LEU, Nonterminal, was not found in name map.)
(Residue 506: GLN, Nonterminal, was not found in name map.)
(Residue 507: PRO, Nonterminal, was not found in name map.)
(Residue 508: PRO, Nonterminal, was not found in name map.)
(Residue 509: PHE, Nonterminal, was not found in name map.)
(Residue 510: PHE, Nonterminal, was not found in name map.)
(Residue 511: SER, Nonterminal, was not found in name map.)
(Residue 512: ALA, Nonterminal, was not found in name map.)
(Residue 513: GLN, Nonterminal, was not found in name map.)
(Residue 514: GLN, Nonterminal, was not found in name map.)
(Residue 515: SER, Nonterminal, was not found in name map.)
(Residue 516: ASN, Nonterminal, was not found in name map.)
(Residue 517: SER, Nonterminal, was not found in name map.)
(Residue 518: LEU, Nonterminal, was not found in name map.)
(Residue 519: ASN, Nonterminal, was not found in name map.)
(Residue 520: TYR, Nonterminal, was not found in name map.)
(Residue 521: GLY, Nonterminal, was not found in name map.)
(Residue 522: GLY, Nonterminal, was not found in name map.)
(Residue 523: ILE, Nonterminal, was not found in name map.)
(Residue 524: GLY, Nonterminal, was not found in name map.)
(Residue 525: MET, Nonterminal, was not found in name map.)
(Residue 526: VAL, Nonterminal, was not found in name map.)
(Residue 527: ILE, Nonterminal, was not found in name map.)
(Residue 528: GLY, Nonterminal, was not found in name map.)
(Residue 529: HIS, Nonterminal, was not found in name map.)
(Residue 530: GLU, Nonterminal, was not found in name map.)
(Residue 531: ILE, Nonterminal, was not found in name map.)
(Residue 532: THR, Nonterminal, was not found in name map.)
(Residue 533: HIS, Nonterminal, was not found in name map.)
(Residue 534: GLY, Nonterminal, was not found in name map.)
(Residue 535: PHE, Nonterminal, was not found in name map.)
(Residue 536: ASP, Nonterminal, was not found in name map.)
(Residue 537: ASP, Nonterminal, was not found in name map.)
(Residue 538: ASN, Nonterminal, was not found in name map.)
(Residue 539: GLY, Nonterminal, was not found in name map.)
(Residue 540: ARG, Nonterminal, was not found in name map.)
(Residue 541: ASN, Nonterminal, was not found in name map.)
(Residue 542: PHE, Nonterminal, was not found in name map.)
(Residue 543: ASN, Nonterminal, was not found in name map.)
(Residue 544: LYS, Nonterminal, was not found in name map.)
(Residue 545: ASP, Nonterminal, was not found in name map.)
(Residue 546: GLY, Nonterminal, was not found in name map.)
(Residue 547: ASP, Nonterminal, was not found in name map.)
(Residue 548: LEU, Nonterminal, was not found in name map.)
(Residue 549: VAL, Nonterminal, was not found in name map.)
(Residue 550: ASP, Nonterminal, was not found in name map.)
(Residue 551: TRP, Nonterminal, was not found in name map.)
(Residue 552: TRP, Nonterminal, was not found in name map.)
(Residue 553: THR, Nonterminal, was not found in name map.)
(Residue 554: GLN, Nonterminal, was not found in name map.)
(Residue 555: GLN, Nonterminal, was not found in name map.)
(Residue 556: SER, Nonterminal, was not found in name map.)
(Residue 557: ALA, Nonterminal, was not found in name map.)
(Residue 558: SER, Nonterminal, was not found in name map.)
(Residue 559: ASN, Nonterminal, was not found in name map.)
(Residue 560: PHE, Nonterminal, was not found in name map.)
(Residue 561: LYS, Nonterminal, was not found in name map.)
(Residue 562: GLU, Nonterminal, was not found in name map.)
(Residue 563: GLN, Nonterminal, was not found in name map.)
(Residue 564: SER, Nonterminal, was not found in name map.)
(Residue 565: GLN, Nonterminal, was not found in name map.)
(Residue 566: CYS, Nonterminal, was not found in name map.)
(Residue 567: MET, Nonterminal, was not found in name map.)
(Residue 568: VAL, Nonterminal, was not found in name map.)
(Residue 569: TYR, Nonterminal, was not found in name map.)
(Residue 570: GLN, Nonterminal, was not found in name map.)
(Residue 571: TYR, Nonterminal, was not found in name map.)
(Residue 572: GLY, Nonterminal, was not found in name map.)
(Residue 573: ASN, Nonterminal, was not found in name map.)
(Residue 574: PHE, Nonterminal, was not found in name map.)
(Residue 575: SER, Nonterminal, was not found in name map.)
(Residue 576: TRP, Nonterminal, was not found in name map.)
(Residue 577: ASP, Nonterminal, was not found in name map.)
(Residue 578: LEU, Nonterminal, was not found in name map.)
(Residue 579: ALA, Nonterminal, was not found in name map.)
(Residue 580: GLY, Nonterminal, was not found in name map.)
(Residue 581: GLY, Nonterminal, was not found in name map.)
(Residue 582: GLN, Nonterminal, was not found in name map.)
(Residue 583: HIS, Nonterminal, was not found in name map.)
(Residue 584: LEU, Nonterminal, was not found in name map.)
(Residue 585: ASN, Nonterminal, was not found in name map.)
(Residue 586: GLY, Nonterminal, was not found in name map.)
(Residue 587: ILE, Nonterminal, was not found in name map.)
(Residue 588: ASN, Nonterminal, was not found in name map.)
(Residue 589: THR, Nonterminal, was not found in name map.)
(Residue 590: LEU, Nonterminal, was not found in name map.)
(Residue 591: GLY, Nonterminal, was not found in name map.)
(Residue 592: GLU, Nonterminal, was not found in name map.)
(Residue 593: ASN, Nonterminal, was not found in name map.)
(Residue 594: ILE, Nonterminal, was not found in name map.)
(Residue 595: ALA, Nonterminal, was not found in name map.)
(Residue 596: ASP, Nonterminal, was not found in name map.)
(Residue 597: ASN, Nonterminal, was not found in name map.)
(Residue 598: GLY, Nonterminal, was not found in name map.)
(Residue 599: GLY, Nonterminal, was not found in name map.)
(Residue 600: LEU, Nonterminal, was not found in name map.)
(Residue 601: GLY, Nonterminal, was not found in name map.)
(Residue 602: GLN, Nonterminal, was not found in name map.)
(Residue 603: ALA, Nonterminal, was not found in name map.)
(Residue 604: TYR, Nonterminal, was not found in name map.)
(Residue 605: ARG, Nonterminal, was not found in name map.)
(Residue 606: ALA, Nonterminal, was not found in name map.)
(Residue 607: TYR, Nonterminal, was not found in name map.)
(Residue 608: GLN, Nonterminal, was not found in name map.)
(Residue 609: ASN, Nonterminal, was not found in name map.)
(Residue 610: TYR, Nonterminal, was not found in name map.)
(Residue 611: ILE, Nonterminal, was not found in name map.)
(Residue 612: LYS, Nonterminal, was not found in name map.)
(Residue 613: LYS, Nonterminal, was not found in name map.)
(Residue 614: ASN, Nonterminal, was not found in name map.)
(Residue 615: GLY, Nonterminal, was not found in name map.)
(Residue 616: GLU, Nonterminal, was not found in name map.)
(Residue 617: GLU, Nonterminal, was not found in name map.)
(Residue 618: LYS, Nonterminal, was not found in name map.)
(Residue 619: LEU, Nonterminal, was not found in name map.)
(Residue 620: LEU, Nonterminal, was not found in name map.)
(Residue 621: PRO, Nonterminal, was not found in name map.)
(Residue 622: GLY, Nonterminal, was not found in name map.)
(Residue 623: LEU, Nonterminal, was not found in name map.)
(Residue 624: ASP, Nonterminal, was not found in name map.)
(Residue 625: LEU, Nonterminal, was not found in name map.)
(Residue 626: ASN, Nonterminal, was not found in name map.)
(Residue 627: HIS, Nonterminal, was not found in name map.)
(Residue 628: LYS, Nonterminal, was not found in name map.)
(Residue 629: GLN, Nonterminal, was not found in name map.)
(Residue 630: LEU, Nonterminal, was not found in name map.)
(Residue 631: PHE, Nonterminal, was not found in name map.)
(Residue 632: PHE, Nonterminal, was not found in name map.)
(Residue 633: LEU, Nonterminal, was not found in name map.)
(Residue 634: ASN, Nonterminal, was not found in name map.)
(Residue 635: PHE, Nonterminal, was not found in name map.)
(Residue 636: ALA, Nonterminal, was not found in name map.)
(Residue 637: GLN, Nonterminal, was not found in name map.)
(Residue 638: VAL, Nonterminal, was not found in name map.)
(Residue 639: TRP, Nonterminal, was not found in name map.)
(Residue 640: CYS, Nonterminal, was not found in name map.)
(Residue 641: GLY, Nonterminal, was not found in name map.)
(Residue 642: THR, Nonterminal, was not found in name map.)
(Residue 643: TYR, Nonterminal, was not found in name map.)
(Residue 644: ARG, Nonterminal, was not found in name map.)
(Residue 645: PRO, Nonterminal, was not found in name map.)
(Residue 646: GLU, Nonterminal, was not found in name map.)
(Residue 647: TYR, Nonterminal, was not found in name map.)
(Residue 648: ALA, Nonterminal, was not found in name map.)
(Residue 649: VAL, Nonterminal, was not found in name map.)
(Residue 650: ASN, Nonterminal, was not found in name map.)
(Residue 651: SER, Nonterminal, was not found in name map.)
(Residue 652: ILE, Nonterminal, was not found in name map.)
(Residue 653: LYS, Nonterminal, was not found in name map.)
(Residue 654: THR, Nonterminal, was not found in name map.)
(Residue 655: ASP, Nonterminal, was not found in name map.)
(Residue 656: VAL, Nonterminal, was not found in name map.)
(Residue 657: HIS, Nonterminal, was not found in name map.)
(Residue 658: SER, Nonterminal, was not found in name map.)
(Residue 659: PRO, Nonterminal, was not found in name map.)
(Residue 660: GLY, Nonterminal, was not found in name map.)
(Residue 661: ASN, Nonterminal, was not found in name map.)
(Residue 662: PHE, Nonterminal, was not found in name map.)
(Residue 663: ARG, Nonterminal, was not found in name map.)
(Residue 664: ILE, Nonterminal, was not found in name map.)
(Residue 665: ILE, Nonterminal, was not found in name map.)
(Residue 666: GLY, Nonterminal, was not found in name map.)
(Residue 667: THR, Nonterminal, was not found in name map.)
(Residue 668: LEU, Nonterminal, was not found in name map.)
(Residue 669: GLN, Nonterminal, was not found in name map.)
(Residue 670: ASN, Nonterminal, was not found in name map.)
(Residue 671: SER, Nonterminal, was not found in name map.)
(Residue 672: ALA, Nonterminal, was not found in name map.)
(Residue 673: GLU, Nonterminal, was not found in name map.)
(Residue 674: PHE, Nonterminal, was not found in name map.)
(Residue 675: SER, Nonterminal, was not found in name map.)
(Residue 676: GLU, Nonterminal, was not found in name map.)
(Residue 677: ALA, Nonterminal, was not found in name map.)
(Residue 678: PHE, Nonterminal, was not found in name map.)
(Residue 679: HIS, Nonterminal, was not found in name map.)
(Residue 680: CYS, Nonterminal, was not found in name map.)
(Residue 681: ARG, Nonterminal, was not found in name map.)
(Residue 682: LYS, Nonterminal, was not found in name map.)
(Residue 683: ASN, Nonterminal, was not found in name map.)
(Residue 684: SER, Nonterminal, was not found in name map.)
(Residue 685: TYR, Nonterminal, was not found in name map.)
(Residue 686: MET, Nonterminal, was not found in name map.)
(Residue 687: ASN, Nonterminal, was not found in name map.)
(Residue 688: PRO, Nonterminal, was not found in name map.)
(Residue 689: GLU, Nonterminal, was not found in name map.)
(Residue 690: LYS, Nonterminal, was not found in name map.)
(Residue 691: LYS, Nonterminal, was not found in name map.)
(Residue 692: CYS, Nonterminal, was not found in name map.)
(Residue 693: ARG, Nonterminal, was not found in name map.)
(Residue 694: VAL, Nonterminal, was not found in name map.)
Mapped residue TRP, term: Terminal/last, seq. number: 695 to: CTRP.
Joining NGLY - ILE
Joining ILE - CYS
Joining CYS - LYS
Joining LYS - SER
Joining SER - SER
Joining SER - ASP
Joining ASP - CYS
Joining CYS - ILE
Joining ILE - LYS
Joining LYS - SER
Joining SER - ALA
Joining ALA - ALA
Joining ALA - ARG
Joining ARG - LEU
Joining LEU - ILE
Joining ILE - GLN
Joining GLN - ASN
Joining ASN - MET
Joining MET - ASP
Joining ASP - ALA
Joining ALA - THR
Joining THR - THR
Joining THR - GLU
Joining GLU - PRO
Joining PRO - CYS
Joining CYS - THR
Joining THR - ASP
Joining ASP - PHE
Joining PHE - PHE
Joining PHE - LYS
Joining LYS - TYR
Joining TYR - ALA
Joining ALA - CYS
Joining CYS - GLY
Joining GLY - GLY
Joining GLY - TRP
Joining TRP - LEU
Joining LEU - LYS
Joining LYS - ARG
Joining ARG - ASN
Joining ASN - VAL
Joining VAL - ILE
Joining ILE - PRO
Joining PRO - GLU
Joining GLU - THR
Joining THR - SER
Joining SER - SER
Joining SER - ARG
Joining ARG - TYR
Joining TYR - GLY
Joining GLY - ASN
Joining ASN - PHE
Joining PHE - ASP
Joining ASP - ILE
Joining ILE - LEU
Joining LEU - ARG
Joining ARG - ASP
Joining ASP - GLU
Joining GLU - LEU
Joining LEU - GLU
Joining GLU - VAL
Joining VAL - VAL
Joining VAL - LEU
Joining LEU - LYS
Joining LYS - ASP
Joining ASP - VAL
Joining VAL - LEU
Joining LEU - GLN
Joining GLN - GLU
Joining GLU - PRO
Joining PRO - LYS
Joining LYS - THR
Joining THR - GLU
Joining GLU - ASP
Joining ASP - ILE
Joining ILE - VAL
Joining VAL - ALA
Joining ALA - VAL
Joining VAL - GLN
Joining GLN - LYS
Joining LYS - ALA
Joining ALA - LYS
Joining LYS - ALA
Joining ALA - LEU
Joining LEU - TYR
Joining TYR - ARG
Joining ARG - SER
Joining SER - CYS
Joining CYS - ILE
Joining ILE - ASN
Joining ASN - GLU
Joining GLU - SER
Joining SER - ALA
Joining ALA - ILE
Joining ILE - ASP
Joining ASP - SER
Joining SER - ARG
Joining ARG - GLY
Joining GLY - GLY
Joining GLY - GLU
Joining GLU - PRO
Joining PRO - LEU
Joining LEU - LEU
Joining LEU - LYS
Joining LYS - LEU
Joining LEU - LEU
Joining LEU - PRO
Joining PRO - ASP
Joining ASP - ILE
Joining ILE - TYR
Joining TYR - GLY
Joining GLY - TRP
Joining TRP - PRO
Joining PRO - VAL
Joining VAL - ALA
Joining ALA - THR
Joining THR - GLU
Joining GLU - ASN
Joining ASN - TRP
Joining TRP - GLU
Joining GLU - GLN
Joining GLN - LYS
Joining LYS - TYR
Joining TYR - GLY
Joining GLY - ALA
Joining ALA - SER
Joining SER - TRP
Joining TRP - THR
Joining THR - ALA
Joining ALA - GLU
Joining GLU - LYS
Joining LYS - ALA
Joining ALA - ILE
Joining ILE - ALA
Joining ALA - GLN
Joining GLN - LEU
Joining LEU - ASN
Joining ASN - SER
Joining SER - LYS
Joining LYS - TYR
Joining TYR - GLY
Joining GLY - LYS
Joining LYS - LYS
Joining LYS - VAL
Joining VAL - LEU
Joining LEU - ILE
Joining ILE - ASN
Joining ASN - LEU
Joining LEU - PHE
Joining PHE - VAL
Joining VAL - GLY
Joining GLY - THR
Joining THR - ASP
Joining ASP - ASP
Joining ASP - LYS
Joining LYS - ASN
Joining ASN - SER
Joining SER - VAL
Joining VAL - ASN
Joining ASN - HIE
Joining HIE - VAL
Joining VAL - ILE
Joining ILE - HIE
Joining HIE - ILE
Joining ILE - ASP
Joining ASP - GLN
Joining GLN - PRO
Joining PRO - ARG
Joining ARG - LEU
Joining LEU - GLY
Joining GLY - LEU
Joining LEU - PRO
Joining PRO - SER
Joining SER - ARG
Joining ARG - ASP
Joining ASP - TYR
Joining TYR - TYR
Joining TYR - GLU
Joining GLU - CYS
Joining CYS - THR
Joining THR - GLY
Joining GLY - ILE
Joining ILE - TYR
Joining TYR - LYS
Joining LYS - GLU
Joining GLU - ALA
Joining ALA - CYS
Joining CYS - THR
Joining THR - ALA
Joining ALA - TYR
Joining TYR - VAL
Joining VAL - ASP
Joining ASP - PHE
Joining PHE - MET
Joining MET - ILE
Joining ILE - SER
Joining SER - VAL
Joining VAL - ALA
Joining ALA - ARG
Joining ARG - LEU
Joining LEU - ILE
Joining ILE - ARG
Joining ARG - GLN
Joining GLN - GLU
Joining GLU - GLU
Joining GLU - ARG
Joining ARG - LEU
Joining LEU - PRO
Joining PRO - ILE
Joining ILE - ASP
Joining ASP - GLU
Joining GLU - ASN
Joining ASN - GLN
Joining GLN - LEU
Joining LEU - ALA
Joining ALA - LEU
Joining LEU - GLU
Joining GLU - MET
Joining MET - ASN
Joining ASN - LYS
Joining LYS - VAL
Joining VAL - MET
Joining MET - GLU
Joining GLU - LEU
Joining LEU - GLU
Joining GLU - LYS
Joining LYS - GLU
Joining GLU - ILE
Joining ILE - ALA
Joining ALA - ASN
Joining ASN - ALA
Joining ALA - THR
Joining THR - ALA
Joining ALA - LYS
Joining LYS - PRO
Joining PRO - GLU
Joining GLU - ASP
Joining ASP - ARG
Joining ARG - ASN
Joining ASN - ASP
Joining ASP - PRO
Joining PRO - MET
Joining MET - LEU
Joining LEU - LEU
Joining LEU - TYR
Joining TYR - ASN
Joining ASN - LYS
Joining LYS - MET
Joining MET - THR
Joining THR - LEU
Joining LEU - ALA
Joining ALA - GLN
Joining GLN - ILE
Joining ILE - GLN
Joining GLN - ASN
Joining ASN - ASN
Joining ASN - PHE
Joining PHE - SER
Joining SER - LEU
Joining LEU - GLU
Joining GLU - ILE
Joining ILE - ASN
Joining ASN - GLY
Joining GLY - LYS
Joining LYS - PRO
Joining PRO - PHE
Joining PHE - SER
Joining SER - TRP
Joining TRP - LEU
Joining LEU - ASN
Joining ASN - PHE
Joining PHE - THR
Joining THR - ASN
Joining ASN - GLU
Joining GLU - ILE
Joining ILE - MET
Joining MET - SER
Joining SER - THR
Joining THR - VAL
Joining VAL - ASN
Joining ASN - ILE
Joining ILE - SER
Joining SER - ILE
Joining ILE - THR
Joining THR - ASN
Joining ASN - GLU
Joining GLU - GLU
Joining GLU - ASP
Joining ASP - VAL
Joining VAL - VAL
Joining VAL - VAL
Joining VAL - TYR
Joining TYR - ALA
Joining ALA - PRO
Joining PRO - GLU
Joining GLU - TYR
Joining TYR - LEU
Joining LEU - THR
Joining THR - LYS
Joining LYS - LEU
Joining LEU - LYS
Joining LYS - PRO
Joining PRO - ILE
Joining ILE - LEU
Joining LEU - THR
Joining THR - LYS
Joining LYS - TYR
Joining TYR - SER
Joining SER - ALA
Joining ALA - ARG
Joining ARG - ASP
Joining ASP - LEU
Joining LEU - GLN
Joining GLN - ASN
Joining ASN - LEU
Joining LEU - MET
Joining MET - SER
Joining SER - TRP
Joining TRP - ARG
Joining ARG - PHE
Joining PHE - ILE
Joining ILE - MET
Joining MET - ASP
Joining ASP - LEU
Joining LEU - VAL
Joining VAL - SER
Joining SER - SER
Joining SER - LEU
Joining LEU - SER
Joining SER - ARG
Joining ARG - THR
Joining THR - TYR
Joining TYR - LYS
Joining LYS - GLU
Joining GLU - SER
Joining SER - ARG
Joining ARG - ASN
Joining ASN - ALA
Joining ALA - PHE
Joining PHE - ARG
Joining ARG - LYS
Joining LYS - ALA
Joining ALA - LEU
Joining LEU - TYR
Joining TYR - GLY
Joining GLY - THR
Joining THR - THR
Joining THR - SER
Joining SER - GLU
Joining GLU - THR
Joining THR - ALA
Joining ALA - THR
Joining THR - TRP
Joining TRP - ARG
Joining ARG - ARG
Joining ARG - CYS
Joining CYS - ALA
Joining ALA - ASN
Joining ASN - TYR
Joining TYR - VAL
Joining VAL - ASN
Joining ASN - GLY
Joining GLY - ASN
Joining ASN - MET
Joining MET - GLU
Joining GLU - ASN
Joining ASN - ALA
Joining ALA - VAL
Joining VAL - GLY
Joining GLY - ARG
Joining ARG - LEU
Joining LEU - TYR
Joining TYR - VAL
Joining VAL - GLU
Joining GLU - ALA
Joining ALA - ALA
Joining ALA - PHE
Joining PHE - ALA
Joining ALA - GLY
Joining GLY - GLU
Joining GLU - SER
Joining SER - LYS
Joining LYS - HIE
Joining HIE - VAL
Joining VAL - VAL
Joining VAL - GLU
Joining GLU - ASP
Joining ASP - LEU
Joining LEU - ILE
Joining ILE - ALA
Joining ALA - GLN
Joining GLN - ILE
Joining ILE - ARG
Joining ARG - GLU
Joining GLU - VAL
Joining VAL - PHE
Joining PHE - ILE
Joining ILE - GLN
Joining GLN - THR
Joining THR - LEU
Joining LEU - ASP
Joining ASP - ASP
Joining ASP - LEU
Joining LEU - THR
Joining THR - TRP
Joining TRP - MET
Joining MET - ASP
Joining ASP - ALA
Joining ALA - GLU
Joining GLU - THR
Joining THR - LYS
Joining LYS - LYS
Joining LYS - ARG
Joining ARG - ALA
Joining ALA - GLU
Joining GLU - GLU
Joining GLU - LYS
Joining LYS - ALA
Joining ALA - LEU
Joining LEU - ALA
Joining ALA - ILE
Joining ILE - LYS
Joining LYS - GLU
Joining GLU - ARG
Joining ARG - ILE
Joining ILE - GLY
Joining GLY - TYR
Joining TYR - PRO
Joining PRO - ASP
Joining ASP - ASP
Joining ASP - ILE
Joining ILE - VAL
Joining VAL - SER
Joining SER - ASN
Joining ASN - ASP
Joining ASP - ASN
Joining ASN - LYS
Joining LYS - LEU
Joining LEU - ASN
Joining ASN - ASN
Joining ASN - GLU
Joining GLU - TYR
Joining TYR - LEU
Joining LEU - GLU
Joining GLU - LEU
Joining LEU - ASN
Joining ASN - TYR
Joining TYR - LYS
Joining LYS - GLU
Joining GLU - ASP
Joining ASP - GLU
Joining GLU - TYR
Joining TYR - PHE
Joining PHE - GLU
Joining GLU - ASN
Joining ASN - ILE
Joining ILE - ILE
Joining ILE - GLN
Joining GLN - ASN
Joining ASN - LEU
Joining LEU - LYS
Joining LYS - PHE
Joining PHE - SER
Joining SER - GLN
Joining GLN - SER
Joining SER - LYS
Joining LYS - GLN
Joining GLN - LEU
Joining LEU - LYS
Joining LYS - LYS
Joining LYS - LEU
Joining LEU - ARG
Joining ARG - GLU
Joining GLU - LYS
Joining LYS - VAL
Joining VAL - ASP
Joining ASP - LYS
Joining LYS - ASP
Joining ASP - GLU
Joining GLU - TRP
Joining TRP - ILE
Joining ILE - SER
Joining SER - GLY
Joining GLY - ALA
Joining ALA - ALA
Joining ALA - VAL
Joining VAL - VAL
Joining VAL - ASN
Joining ASN - ALA
Joining ALA - PHE
Joining PHE - TYR
Joining TYR - SER
Joining SER - SER
Joining SER - GLY
Joining GLY - ARG
Joining ARG - ASN
Joining ASN - GLN
Joining GLN - ILE
Joining ILE - VAL
Joining VAL - PHE
Joining PHE - PRO
Joining PRO - ALA
Joining ALA - GLY
Joining GLY - ILE
Joining ILE - LEU
Joining LEU - GLN
Joining GLN - PRO
Joining PRO - PRO
Joining PRO - PHE
Joining PHE - PHE
Joining PHE - SER
Joining SER - ALA
Joining ALA - GLN
Joining GLN - GLN
Joining GLN - SER
Joining SER - ASN
Joining ASN - SER
Joining SER - LEU
Joining LEU - ASN
Joining ASN - TYR
Joining TYR - GLY
Joining GLY - GLY
Joining GLY - ILE
Joining ILE - GLY
Joining GLY - MET
Joining MET - VAL
Joining VAL - ILE
Joining ILE - GLY
Joining GLY - HIE
Joining HIE - GLU
Joining GLU - ILE
Joining ILE - THR
Joining THR - HIE
Joining HIE - GLY
Joining GLY - PHE
Joining PHE - ASP
Joining ASP - ASP
Joining ASP - ASN
Joining ASN - GLY
Joining GLY - ARG
Joining ARG - ASN
Joining ASN - PHE
Joining PHE - ASN
Joining ASN - LYS
Joining LYS - ASP
Joining ASP - GLY
Joining GLY - ASP
Joining ASP - LEU
Joining LEU - VAL
Joining VAL - ASP
Joining ASP - TRP
Joining TRP - TRP
Joining TRP - THR
Joining THR - GLN
Joining GLN - GLN
Joining GLN - SER
Joining SER - ALA
Joining ALA - SER
Joining SER - ASN
Joining ASN - PHE
Joining PHE - LYS
Joining LYS - GLU
Joining GLU - GLN
Joining GLN - SER
Joining SER - GLN
Joining GLN - CYS
Joining CYS - MET
Joining MET - VAL
Joining VAL - TYR
Joining TYR - GLN
Joining GLN - TYR
Joining TYR - GLY
Joining GLY - ASN
Joining ASN - PHE
Joining PHE - SER
Joining SER - TRP
Joining TRP - ASP
Joining ASP - LEU
Joining LEU - ALA
Joining ALA - GLY
Joining GLY - GLY
Joining GLY - GLN
Joining GLN - HIE
Joining HIE - LEU
Joining LEU - ASN
Joining ASN - GLY
Joining GLY - ILE
Joining ILE - ASN
Joining ASN - THR
Joining THR - LEU
Joining LEU - GLY
Joining GLY - GLU
Joining GLU - ASN
Joining ASN - ILE
Joining ILE - ALA
Joining ALA - ASP
Joining ASP - ASN
Joining ASN - GLY
Joining GLY - GLY
Joining GLY - LEU
Joining LEU - GLY
Joining GLY - GLN
Joining GLN - ALA
Joining ALA - TYR
Joining TYR - ARG
Joining ARG - ALA
Joining ALA - TYR
Joining TYR - GLN
Joining GLN - ASN
Joining ASN - TYR
Joining TYR - ILE
Joining ILE - LYS
Joining LYS - LYS
Joining LYS - ASN
Joining ASN - GLY
Joining GLY - GLU
Joining GLU - GLU
Joining GLU - LYS
Joining LYS - LEU
Joining LEU - LEU
Joining LEU - PRO
Joining PRO - GLY
Joining GLY - LEU
Joining LEU - ASP
Joining ASP - LEU
Joining LEU - ASN
Joining ASN - HIE
Joining HIE - LYS
Joining LYS - GLN
Joining GLN - LEU
Joining LEU - PHE
Joining PHE - PHE
Joining PHE - LEU
Joining LEU - ASN
Joining ASN - PHE
Joining PHE - ALA
Joining ALA - GLN
Joining GLN - VAL
Joining VAL - TRP
Joining TRP - CYS
Joining CYS - GLY
Joining GLY - THR
Joining THR - TYR
Joining TYR - ARG
Joining ARG - PRO
Joining PRO - GLU
Joining GLU - TYR
Joining TYR - ALA
Joining ALA - VAL
Joining VAL - ASN
Joining ASN - SER
Joining SER - ILE
Joining ILE - LYS
Joining LYS - THR
Joining THR - ASP
Joining ASP - VAL
Joining VAL - HIE
Joining HIE - SER
Joining SER - PRO
Joining PRO - GLY
Joining GLY - ASN
Joining ASN - PHE
Joining PHE - ARG
Joining ARG - ILE
Joining ILE - ILE
Joining ILE - GLY
Joining GLY - THR
Joining THR - LEU
Joining LEU - GLN
Joining GLN - ASN
Joining ASN - SER
Joining SER - ALA
Joining ALA - GLU
Joining GLU - PHE
Joining PHE - SER
Joining SER - GLU
Joining GLU - ALA
Joining ALA - PHE
Joining PHE - HIE
Joining HIE - CYS
Joining CYS - ARG
Joining ARG - LYS
Joining LYS - ASN
Joining ASN - SER
Joining SER - TYR
Joining TYR - MET
Joining MET - ASN
Joining ASN - PRO
Joining PRO - GLU
Joining GLU - LYS
Joining LYS - LYS
Joining LYS - CYS
Joining CYS - ARG
Joining ARG - VAL
Joining VAL - CTRP
  total atoms in file: 5595
  Leap added 5465 missing atoms according to residue templates:
       5465 H / lone pairs
> savepdb  protein  protein.pdb
Writing pdb file: protein.pdb
 Converting N-terminal residue name to PDB format: NGLY -> GLY
 Converting C-terminal residue name to PDB format: CTRP -> TRP
> ##saveamberparm dipepide diVAL.prmtop diVAL.inpcrd
> 
> quit
	Quit
