log started: Fri Nov 23 17:44:49 2018

Log file: ./leap.log
>> #
>> # ----- leaprc for loading the ff99SB (Hornak & Simmerling) force field
>> # -----  this file is updated for PDB format 3
>> #
>> #	load atom type hybridizations
>> #
>> addAtomTypes {
>> 	{ "H"   "H" "sp3" }
>> 	{ "HO"  "H" "sp3" }
>> 	{ "HS"  "H" "sp3" }
>> 	{ "H1"  "H" "sp3" }
>> 	{ "H2"  "H" "sp3" }
>> 	{ "H3"  "H" "sp3" }
>> 	{ "H4"  "H" "sp3" }
>> 	{ "H5"  "H" "sp3" }
>> 	{ "HW"  "H" "sp3" }
>> 	{ "HC"  "H" "sp3" }
>> 	{ "HA"  "H" "sp3" }
>> 	{ "HP"  "H" "sp3" }
>> 	{ "OH"  "O" "sp3" }
>> 	{ "OS"  "O" "sp3" }
>> 	{ "O"   "O" "sp2" }
>> 	{ "O2"  "O" "sp2" }
>> 	{ "OW"  "O" "sp3" }
>> 	{ "CT"  "C" "sp3" }
>> 	{ "CH"  "C" "sp3" }
>> 	{ "C2"  "C" "sp3" }
>> 	{ "C3"  "C" "sp3" }
>> 	{ "C"   "C" "sp2" }
>> 	{ "C*"  "C" "sp2" }
>> 	{ "CA"  "C" "sp2" }
>> 	{ "CB"  "C" "sp2" }
>> 	{ "CC"  "C" "sp2" }
>> 	{ "CN"  "C" "sp2" }
>> 	{ "CM"  "C" "sp2" }
>> 	{ "CK"  "C" "sp2" }
>> 	{ "CQ"  "C" "sp2" }
>> 	{ "CD"  "C" "sp2" }
>> 	{ "CE"  "C" "sp2" }
>> 	{ "CF"  "C" "sp2" }
>> 	{ "CP"  "C" "sp2" }
>> 	{ "CI"  "C" "sp2" }
>> 	{ "CJ"  "C" "sp2" }
>> 	{ "CW"  "C" "sp2" }
>> 	{ "CV"  "C" "sp2" }
>> 	{ "CR"  "C" "sp2" }
>> 	{ "CA"  "C" "sp2" }
>> 	{ "CY"  "C" "sp2" }
>> 	{ "C0"  "Ca" "sp2" }
>> 	{ "MG"  "Mg" "sp3" }
>> 	{ "N"   "N" "sp2" }
>> 	{ "NA"  "N" "sp2" }
>> 	{ "N2"  "N" "sp2" }
>> 	{ "N*"  "N" "sp2" }
>> 	{ "NP"  "N" "sp2" }
>> 	{ "NQ"  "N" "sp2" }
>> 	{ "NB"  "N" "sp2" }
>> 	{ "NC"  "N" "sp2" }
>> 	{ "NT"  "N" "sp3" }
>> 	{ "N3"  "N" "sp3" }
>> 	{ "S"   "S" "sp3" }
>> 	{ "SH"  "S" "sp3" }
>> 	{ "P"   "P" "sp3" }
>> 	{ "LP"  ""  "sp3" }
>> 	{ "F"   "F" "sp3" }
>> 	{ "CL"  "Cl" "sp3" }
>> 	{ "BR"  "Br" "sp3" }
>> 	{ "I"   "I"  "sp3" }
>> 	{ "FE"  "Fe" "sp3" }
>> 	{ "EP"  ""  "sp3" }
>> # glycam
>> 	{ "OG"  "O" "sp3" }
>> 	{ "OL"  "O" "sp3" }
>> 	{ "AC"  "C" "sp3" }
>> 	{ "EC"  "C" "sp3" }
>> }
>> #
>> #	Load the main parameter set.
>> #
>> parm99 = loadamberparams parm99.dat
Loading parameters: /share/home/zhanghaiping/program/amber16/dat/leap/parm/parm99.dat
Reading title:
PARM99 for DNA,RNA,AA, organic molecules, TIP3P wat. Polariz.& LP incl.02/04/99
(UNKNOWN ATOM TYPE: HZ)
(UNKNOWN ATOM TYPE: IM)
(UNKNOWN ATOM TYPE: Li)
(UNKNOWN ATOM TYPE: IP)
(UNKNOWN ATOM TYPE: K)
(UNKNOWN ATOM TYPE: Rb)
(UNKNOWN ATOM TYPE: Cs)
(UNKNOWN ATOM TYPE: Zn)
(UNKNOWN ATOM TYPE: IB)
(UNKNOWN ATOM TYPE: LP)
>> frcmod99SB = loadamberparams frcmod.ff99SB
Loading parameters: /share/home/zhanghaiping/program/amber16/dat/leap/parm/frcmod.ff99SB
Reading force field modification type file (frcmod)
Reading title:
Modification/update of parm99.dat (Hornak & Simmerling)
>> #
>> #	Load DNA/RNA libraries
>> #
>> loadOff all_nucleic94.lib
Loading library: /share/home/zhanghaiping/program/amber16/dat/leap/lib/all_nucleic94.lib
Loading: DA
Loading: DA3
Loading: DA5
Loading: DAN
Loading: DC
Loading: DC3
Loading: DC5
Loading: DCN
Loading: DG
Loading: DG3
Loading: DG5
Loading: DGN
Loading: DT
Loading: DT3
Loading: DT5
Loading: DTN
Loading: RA
Loading: RA3
Loading: RA5
Loading: RAN
Loading: RC
Loading: RC3
Loading: RC5
Loading: RCN
Loading: RG
Loading: RG3
Loading: RG5
Loading: RGN
Loading: RU
Loading: RU3
Loading: RU5
Loading: RUN
>> #
>> #	Load main chain and terminating 
>> #	amino acid libraries (i.e. ff94 libs)
>> #
>> loadOff all_amino94.lib
Loading library: /share/home/zhanghaiping/program/amber16/dat/leap/lib/all_amino94.lib
Loading: ALA
Loading: ARG
Loading: ASH
Loading: ASN
Loading: ASP
Loading: CYM
Loading: CYS
Loading: CYX
Loading: GLH
Loading: GLN
Loading: GLU
Loading: GLY
Loading: HID
Loading: HIE
Loading: HIP
Loading: ILE
Loading: LEU
Loading: LYN
Loading: LYS
Loading: MET
Loading: PHE
Loading: PRO
Loading: SER
Loading: THR
Loading: TRP
Loading: TYR
Loading: VAL
>> loadOff all_aminoct94.lib
Loading library: /share/home/zhanghaiping/program/amber16/dat/leap/lib/all_aminoct94.lib
Loading: CALA
Loading: CARG
Loading: CASN
Loading: CASP
Loading: CCYS
Loading: CCYX
Loading: CGLN
Loading: CGLU
Loading: CGLY
Loading: CHID
Loading: CHIE
Loading: CHIP
Loading: CILE
Loading: CLEU
Loading: CLYS
Loading: CMET
Loading: CPHE
Loading: CPRO
Loading: CSER
Loading: CTHR
Loading: CTRP
Loading: CTYR
Loading: CVAL
Loading: NHE
Loading: NME
>> loadOff all_aminont94.lib
Loading library: /share/home/zhanghaiping/program/amber16/dat/leap/lib/all_aminont94.lib
Loading: ACE
Loading: NALA
Loading: NARG
Loading: NASN
Loading: NASP
Loading: NCYS
Loading: NCYX
Loading: NGLN
Loading: NGLU
Loading: NGLY
Loading: NHID
Loading: NHIE
Loading: NHIP
Loading: NILE
Loading: NLEU
Loading: NLYS
Loading: NMET
Loading: NPHE
Loading: NPRO
Loading: NSER
Loading: NTHR
Loading: NTRP
Loading: NTYR
Loading: NVAL
>> #
>> #       Load water and ions
>> # 
>> loadOff ions94.lib
Loading library: /share/home/zhanghaiping/program/amber16/dat/leap/lib/ions94.lib
Loading: CIO
Loading: Cl-
Loading: Cs+
Loading: IB
Loading: K+
Loading: Li+
Loading: MG2
Loading: Na+
Loading: Rb+
>> loadOff solvents.lib
Loading library: /share/home/zhanghaiping/program/amber16/dat/leap/lib/solvents.lib
Loading: CHCL3BOX
Loading: DC4
Loading: FB3
Loading: FB3BOX
Loading: FB4
Loading: FB4BOX
Loading: MEOHBOX
Loading: NMABOX
Loading: OPC
Loading: OPCBOX
Loading: PL3
Loading: POL3BOX
Loading: QSPCFWBOX
Loading: SPC
Loading: SPCBOX
Loading: SPCFWBOX
Loading: SPF
Loading: SPG
Loading: T4E
Loading: TIP3PBOX
Loading: TIP3PFBOX
Loading: TIP4PBOX
Loading: TIP4PEWBOX
Loading: TIP5PBOX
Loading: TP3
Loading: TP4
Loading: TP5
Loading: TPF
>> HOH = TP3
>> WAT = TP3
>> 
>> #
>> #	Define the PDB name map for the amino acids and DNA.
>> #
>> addPdbResMap {
>>   { 0 "ALA" "NALA" } { 1 "ALA" "CALA" }
>>   { 0 "ARG" "NARG" } { 1 "ARG" "CARG" }
>>   { 0 "ASN" "NASN" } { 1 "ASN" "CASN" }
>>   { 0 "ASP" "NASP" } { 1 "ASP" "CASP" }
>>   { 0 "CYS" "NCYS" } { 1 "CYS" "CCYS" }
>>   { 0 "CYX" "NCYX" } { 1 "CYX" "CCYX" }
>>   { 0 "GLN" "NGLN" } { 1 "GLN" "CGLN" }
>>   { 0 "GLU" "NGLU" } { 1 "GLU" "CGLU" }
>>   { 0 "GLY" "NGLY" } { 1 "GLY" "CGLY" }
>>   { 0 "HID" "NHID" } { 1 "HID" "CHID" }
>>   { 0 "HIE" "NHIE" } { 1 "HIE" "CHIE" }
>>   { 0 "HIP" "NHIP" } { 1 "HIP" "CHIP" }
>>   { 0 "ILE" "NILE" } { 1 "ILE" "CILE" }
>>   { 0 "LEU" "NLEU" } { 1 "LEU" "CLEU" }
>>   { 0 "LYS" "NLYS" } { 1 "LYS" "CLYS" }
>>   { 0 "MET" "NMET" } { 1 "MET" "CMET" }
>>   { 0 "PHE" "NPHE" } { 1 "PHE" "CPHE" }
>>   { 0 "PRO" "NPRO" } { 1 "PRO" "CPRO" }
>>   { 0 "SER" "NSER" } { 1 "SER" "CSER" }
>>   { 0 "THR" "NTHR" } { 1 "THR" "CTHR" }
>>   { 0 "TRP" "NTRP" } { 1 "TRP" "CTRP" }
>>   { 0 "TYR" "NTYR" } { 1 "TYR" "CTYR" }
>>   { 0 "VAL" "NVAL" } { 1 "VAL" "CVAL" }
>>   { 0 "HIS" "NHIS" } { 1 "HIS" "CHIS" }
>>   { 0 "GUA" "DG5"  } { 1 "GUA" "DG3"  } { "GUA" "DG" }
>>   { 0 "ADE" "DA5"  } { 1 "ADE" "DA3"  } { "ADE" "DA" }
>>   { 0 "CYT" "DC5"  } { 1 "CYT" "DC3"  } { "CYT" "DC" }
>>   { 0 "THY" "DT5"  } { 1 "THY" "DT3"  } { "THY" "DT" }
>>   { 0 "G" "RG5"  } { 1 "G" "RG3"  } { "G" "RG" } { "GN" "RGN" }
>>   { 0 "A" "RA5"  } { 1 "A" "RA3"  } { "A" "RA" } { "AN" "RAN" }
>>   { 0 "C" "RC5"  } { 1 "C" "RC3"  } { "C" "RC" } { "CN" "RCN" }
>>   { 0 "U" "RU5"  } { 1 "U" "RU3"  } { "U" "RU" } { "UN" "RUN" }
>>   { 0 "DG" "DG5"  } { 1 "DG" "DG3"  }  
>>   { 0 "DA" "DA5"  } { 1 "DA" "DA3"  }  
>>   { 0 "DC" "DC5"  } { 1 "DC" "DC3"  }  
>>   { 0 "DT" "DT5"  } { 1 "DT" "DT3"  }
>> 
>> }
>> 
>> addPdbAtomMap {
>>   { "O5*" "O5'" }
>>   { "C5*" "C5'" }
>>   { "C4*" "C4'" }
>>   { "O4*" "O4'" }
>>   { "C3*" "C3'" }
>>   { "O3*" "O3'" }
>>   { "C2*" "C2'" }
>>   { "C1*" "C1'" }
>>   { "C5M" "C7"  }
>>   { "O2*" "O2'" }
>>   { "H1*" "H1'" }
>>   { "H2*1" "H2'1" }
>>   { "H2*2" "H2'2" }
>>   { "H2'"  "H2'1" }
>>   { "H2''" "H2'2" }
>>   { "H3*" "H3'" }
>>   { "H4*" "H4'" }
>>   { "H5*1" "H5'1" }
>>   { "H5*2" "H5'2" }
>>   { "H5'"  "H5'1" }
>>   { "H5''" "H5'2" }
>>   { "HO2'" "HO'2" }
>>   { "HO5'" "H5T" }
>>   { "HO3'" "H3T" }
>>   { "O1'" "O4'" }
>>   { "OA"  "O1P" }
>>   { "OB"  "O2P" }
>>   { "OP1" "O1P" }
>>   { "OP2" "O2P" }
>> }
>> 
>> 
>> #
>> # assumed that most often proteins use HIE
>> #
>> NHIS = NHIE
>> HIS = HIE
>> CHIS = CHIE
> 
> #source /home/zhp/tleap/leaprc.GLYCAM_06j-1
> set default PBRadii mbondi3
Using ArgH and AspGluO modified Bondi2 radii
> #3dipepide=sequence{ACE VAL NME}
> 
> 
> protein = loadpdb  1v48_ww.pdb
Loading PDB file: ./1v48_ww.pdb
Enter zPdbReadScan from call depth  0.
Exit  zPdbReadScan from call depth  0.
Matching PDB residue names to LEaP variables.
Mapped residue GLN, term: Terminal/beginning, seq. number: 0 to: NGLN.
(Residue 1: ASN, Nonterminal, was not found in name map.)
(Residue 2: GLY, Nonterminal, was not found in name map.)
(Residue 3: TYR, Nonterminal, was not found in name map.)
(Residue 4: THR, Nonterminal, was not found in name map.)
(Residue 5: TYR, Nonterminal, was not found in name map.)
(Residue 6: GLU, Nonterminal, was not found in name map.)
(Residue 7: ASP, Nonterminal, was not found in name map.)
(Residue 8: TYR, Nonterminal, was not found in name map.)
(Residue 9: GLN, Nonterminal, was not found in name map.)
(Residue 10: ASP, Nonterminal, was not found in name map.)
(Residue 11: THR, Nonterminal, was not found in name map.)
(Residue 12: ALA, Nonterminal, was not found in name map.)
(Residue 13: LYS, Nonterminal, was not found in name map.)
(Residue 14: TRP, Nonterminal, was not found in name map.)
(Residue 15: LEU, Nonterminal, was not found in name map.)
(Residue 16: LEU, Nonterminal, was not found in name map.)
(Residue 17: SER, Nonterminal, was not found in name map.)
(Residue 18: HIS, Nonterminal, was not found in name map.)
(Residue 19: THR, Nonterminal, was not found in name map.)
(Residue 20: GLU, Nonterminal, was not found in name map.)
(Residue 21: GLN, Nonterminal, was not found in name map.)
(Residue 22: ARG, Nonterminal, was not found in name map.)
(Residue 23: PRO, Nonterminal, was not found in name map.)
(Residue 24: GLN, Nonterminal, was not found in name map.)
(Residue 25: VAL, Nonterminal, was not found in name map.)
(Residue 26: ALA, Nonterminal, was not found in name map.)
(Residue 27: VAL, Nonterminal, was not found in name map.)
(Residue 28: ILE, Nonterminal, was not found in name map.)
(Residue 29: CYS, Nonterminal, was not found in name map.)
(Residue 30: GLY, Nonterminal, was not found in name map.)
(Residue 31: SER, Nonterminal, was not found in name map.)
(Residue 32: GLY, Nonterminal, was not found in name map.)
(Residue 33: LEU, Nonterminal, was not found in name map.)
(Residue 34: GLY, Nonterminal, was not found in name map.)
(Residue 35: GLY, Nonterminal, was not found in name map.)
(Residue 36: LEU, Nonterminal, was not found in name map.)
(Residue 37: VAL, Nonterminal, was not found in name map.)
(Residue 38: ASN, Nonterminal, was not found in name map.)
(Residue 39: LYS, Nonterminal, was not found in name map.)
(Residue 40: LEU, Nonterminal, was not found in name map.)
(Residue 41: THR, Nonterminal, was not found in name map.)
(Residue 42: GLN, Nonterminal, was not found in name map.)
(Residue 43: ALA, Nonterminal, was not found in name map.)
(Residue 44: GLN, Nonterminal, was not found in name map.)
(Residue 45: THR, Nonterminal, was not found in name map.)
(Residue 46: PHE, Nonterminal, was not found in name map.)
(Residue 47: ASP, Nonterminal, was not found in name map.)
(Residue 48: TYR, Nonterminal, was not found in name map.)
(Residue 49: SER, Nonterminal, was not found in name map.)
(Residue 50: GLU, Nonterminal, was not found in name map.)
(Residue 51: ILE, Nonterminal, was not found in name map.)
(Residue 52: PRO, Nonterminal, was not found in name map.)
(Residue 53: ASN, Nonterminal, was not found in name map.)
(Residue 54: PHE, Nonterminal, was not found in name map.)
(Residue 55: PRO, Nonterminal, was not found in name map.)
(Residue 56: GLU, Nonterminal, was not found in name map.)
(Residue 57: SER, Nonterminal, was not found in name map.)
(Residue 58: GLY, Nonterminal, was not found in name map.)
(Residue 59: ARG, Nonterminal, was not found in name map.)
(Residue 60: LEU, Nonterminal, was not found in name map.)
(Residue 61: VAL, Nonterminal, was not found in name map.)
(Residue 62: PHE, Nonterminal, was not found in name map.)
(Residue 63: GLY, Nonterminal, was not found in name map.)
(Residue 64: ILE, Nonterminal, was not found in name map.)
(Residue 65: LEU, Nonterminal, was not found in name map.)
(Residue 66: ASN, Nonterminal, was not found in name map.)
(Residue 67: GLY, Nonterminal, was not found in name map.)
(Residue 68: ARG, Nonterminal, was not found in name map.)
(Residue 69: ALA, Nonterminal, was not found in name map.)
(Residue 70: CYS, Nonterminal, was not found in name map.)
(Residue 71: VAL, Nonterminal, was not found in name map.)
(Residue 72: MET, Nonterminal, was not found in name map.)
(Residue 73: MET, Nonterminal, was not found in name map.)
(Residue 74: GLN, Nonterminal, was not found in name map.)
(Residue 75: GLY, Nonterminal, was not found in name map.)
(Residue 76: ARG, Nonterminal, was not found in name map.)
(Residue 77: PHE, Nonterminal, was not found in name map.)
(Residue 78: HIS, Nonterminal, was not found in name map.)
(Residue 79: MET, Nonterminal, was not found in name map.)
(Residue 80: TYR, Nonterminal, was not found in name map.)
(Residue 81: GLU, Nonterminal, was not found in name map.)
(Residue 82: GLY, Nonterminal, was not found in name map.)
(Residue 83: TYR, Nonterminal, was not found in name map.)
(Residue 84: PRO, Nonterminal, was not found in name map.)
(Residue 85: PHE, Nonterminal, was not found in name map.)
(Residue 86: TRP, Nonterminal, was not found in name map.)
(Residue 87: LYS, Nonterminal, was not found in name map.)
(Residue 88: VAL, Nonterminal, was not found in name map.)
(Residue 89: THR, Nonterminal, was not found in name map.)
(Residue 90: PHE, Nonterminal, was not found in name map.)
(Residue 91: PRO, Nonterminal, was not found in name map.)
(Residue 92: VAL, Nonterminal, was not found in name map.)
(Residue 93: ARG, Nonterminal, was not found in name map.)
(Residue 94: VAL, Nonterminal, was not found in name map.)
(Residue 95: PHE, Nonterminal, was not found in name map.)
(Residue 96: ARG, Nonterminal, was not found in name map.)
(Residue 97: LEU, Nonterminal, was not found in name map.)
(Residue 98: LEU, Nonterminal, was not found in name map.)
(Residue 99: GLY, Nonterminal, was not found in name map.)
(Residue 100: VAL, Nonterminal, was not found in name map.)
(Residue 101: GLU, Nonterminal, was not found in name map.)
(Residue 102: THR, Nonterminal, was not found in name map.)
(Residue 103: LEU, Nonterminal, was not found in name map.)
(Residue 104: VAL, Nonterminal, was not found in name map.)
(Residue 105: VAL, Nonterminal, was not found in name map.)
(Residue 106: THR, Nonterminal, was not found in name map.)
(Residue 107: ASN, Nonterminal, was not found in name map.)
(Residue 108: ALA, Nonterminal, was not found in name map.)
(Residue 109: ALA, Nonterminal, was not found in name map.)
(Residue 110: GLY, Nonterminal, was not found in name map.)
(Residue 111: GLY, Nonterminal, was not found in name map.)
(Residue 112: LEU, Nonterminal, was not found in name map.)
(Residue 113: ASN, Nonterminal, was not found in name map.)
(Residue 114: PRO, Nonterminal, was not found in name map.)
(Residue 115: ASN, Nonterminal, was not found in name map.)
(Residue 116: PHE, Nonterminal, was not found in name map.)
(Residue 117: GLU, Nonterminal, was not found in name map.)
(Residue 118: VAL, Nonterminal, was not found in name map.)
(Residue 119: GLY, Nonterminal, was not found in name map.)
(Residue 120: ASP, Nonterminal, was not found in name map.)
(Residue 121: ILE, Nonterminal, was not found in name map.)
(Residue 122: MET, Nonterminal, was not found in name map.)
(Residue 123: LEU, Nonterminal, was not found in name map.)
(Residue 124: ILE, Nonterminal, was not found in name map.)
(Residue 125: ARG, Nonterminal, was not found in name map.)
(Residue 126: ASP, Nonterminal, was not found in name map.)
(Residue 127: HIS, Nonterminal, was not found in name map.)
(Residue 128: ILE, Nonterminal, was not found in name map.)
(Residue 129: ASN, Nonterminal, was not found in name map.)
(Residue 130: LEU, Nonterminal, was not found in name map.)
(Residue 131: PRO, Nonterminal, was not found in name map.)
(Residue 132: GLY, Nonterminal, was not found in name map.)
(Residue 133: PHE, Nonterminal, was not found in name map.)
(Residue 134: SER, Nonterminal, was not found in name map.)
(Residue 135: GLY, Nonterminal, was not found in name map.)
(Residue 136: GLU, Nonterminal, was not found in name map.)
(Residue 137: ASN, Nonterminal, was not found in name map.)
(Residue 138: PRO, Nonterminal, was not found in name map.)
(Residue 139: LEU, Nonterminal, was not found in name map.)
(Residue 140: ARG, Nonterminal, was not found in name map.)
(Residue 141: GLY, Nonterminal, was not found in name map.)
(Residue 142: PRO, Nonterminal, was not found in name map.)
(Residue 143: ASN, Nonterminal, was not found in name map.)
(Residue 144: GLU, Nonterminal, was not found in name map.)
(Residue 145: GLU, Nonterminal, was not found in name map.)
(Residue 146: ARG, Nonterminal, was not found in name map.)
(Residue 147: PHE, Nonterminal, was not found in name map.)
(Residue 148: GLY, Nonterminal, was not found in name map.)
(Residue 149: VAL, Nonterminal, was not found in name map.)
(Residue 150: ARG, Nonterminal, was not found in name map.)
(Residue 151: PHE, Nonterminal, was not found in name map.)
(Residue 152: PRO, Nonterminal, was not found in name map.)
(Residue 153: ALA, Nonterminal, was not found in name map.)
(Residue 154: MET, Nonterminal, was not found in name map.)
(Residue 155: SER, Nonterminal, was not found in name map.)
(Residue 156: ASP, Nonterminal, was not found in name map.)
(Residue 157: ALA, Nonterminal, was not found in name map.)
(Residue 158: TYR, Nonterminal, was not found in name map.)
(Residue 159: ASP, Nonterminal, was not found in name map.)
(Residue 160: ARG, Nonterminal, was not found in name map.)
(Residue 161: ASP, Nonterminal, was not found in name map.)
(Residue 162: MET, Nonterminal, was not found in name map.)
(Residue 163: ARG, Nonterminal, was not found in name map.)
(Residue 164: GLN, Nonterminal, was not found in name map.)
(Residue 165: LYS, Nonterminal, was not found in name map.)
(Residue 166: ALA, Nonterminal, was not found in name map.)
(Residue 167: HIS, Nonterminal, was not found in name map.)
(Residue 168: SER, Nonterminal, was not found in name map.)
(Residue 169: THR, Nonterminal, was not found in name map.)
(Residue 170: TRP, Nonterminal, was not found in name map.)
(Residue 171: LYS, Nonterminal, was not found in name map.)
(Residue 172: GLN, Nonterminal, was not found in name map.)
(Residue 173: MET, Nonterminal, was not found in name map.)
(Residue 174: GLY, Nonterminal, was not found in name map.)
(Residue 175: GLU, Nonterminal, was not found in name map.)
(Residue 176: GLN, Nonterminal, was not found in name map.)
(Residue 177: ARG, Nonterminal, was not found in name map.)
(Residue 178: GLU, Nonterminal, was not found in name map.)
(Residue 179: LEU, Nonterminal, was not found in name map.)
(Residue 180: GLN, Nonterminal, was not found in name map.)
(Residue 181: GLU, Nonterminal, was not found in name map.)
(Residue 182: GLY, Nonterminal, was not found in name map.)
(Residue 183: THR, Nonterminal, was not found in name map.)
(Residue 184: TYR, Nonterminal, was not found in name map.)
(Residue 185: VAL, Nonterminal, was not found in name map.)
(Residue 186: MET, Nonterminal, was not found in name map.)
(Residue 187: LEU, Nonterminal, was not found in name map.)
(Residue 188: GLY, Nonterminal, was not found in name map.)
(Residue 189: GLY, Nonterminal, was not found in name map.)
(Residue 190: PRO, Nonterminal, was not found in name map.)
(Residue 191: ASN, Nonterminal, was not found in name map.)
(Residue 192: PHE, Nonterminal, was not found in name map.)
(Residue 193: GLU, Nonterminal, was not found in name map.)
(Residue 194: THR, Nonterminal, was not found in name map.)
(Residue 195: VAL, Nonterminal, was not found in name map.)
(Residue 196: ALA, Nonterminal, was not found in name map.)
(Residue 197: GLU, Nonterminal, was not found in name map.)
(Residue 198: CYS, Nonterminal, was not found in name map.)
(Residue 199: ARG, Nonterminal, was not found in name map.)
(Residue 200: LEU, Nonterminal, was not found in name map.)
(Residue 201: LEU, Nonterminal, was not found in name map.)
(Residue 202: ARG, Nonterminal, was not found in name map.)
(Residue 203: ASN, Nonterminal, was not found in name map.)
(Residue 204: LEU, Nonterminal, was not found in name map.)
(Residue 205: GLY, Nonterminal, was not found in name map.)
(Residue 206: ALA, Nonterminal, was not found in name map.)
(Residue 207: ASP, Nonterminal, was not found in name map.)
(Residue 208: ALA, Nonterminal, was not found in name map.)
(Residue 209: VAL, Nonterminal, was not found in name map.)
(Residue 210: GLY, Nonterminal, was not found in name map.)
(Residue 211: MET, Nonterminal, was not found in name map.)
(Residue 212: SER, Nonterminal, was not found in name map.)
(Residue 213: THR, Nonterminal, was not found in name map.)
(Residue 214: VAL, Nonterminal, was not found in name map.)
(Residue 215: PRO, Nonterminal, was not found in name map.)
(Residue 216: GLU, Nonterminal, was not found in name map.)
(Residue 217: VAL, Nonterminal, was not found in name map.)
(Residue 218: ILE, Nonterminal, was not found in name map.)
(Residue 219: VAL, Nonterminal, was not found in name map.)
(Residue 220: ALA, Nonterminal, was not found in name map.)
(Residue 221: ARG, Nonterminal, was not found in name map.)
(Residue 222: HIS, Nonterminal, was not found in name map.)
(Residue 223: CYS, Nonterminal, was not found in name map.)
(Residue 224: GLY, Nonterminal, was not found in name map.)
(Residue 225: LEU, Nonterminal, was not found in name map.)
(Residue 226: ARG, Nonterminal, was not found in name map.)
(Residue 227: VAL, Nonterminal, was not found in name map.)
(Residue 228: PHE, Nonterminal, was not found in name map.)
(Residue 229: GLY, Nonterminal, was not found in name map.)
(Residue 230: PHE, Nonterminal, was not found in name map.)
(Residue 231: SER, Nonterminal, was not found in name map.)
(Residue 232: LEU, Nonterminal, was not found in name map.)
(Residue 233: ILE, Nonterminal, was not found in name map.)
(Residue 234: THR, Nonterminal, was not found in name map.)
(Residue 235: ASN, Nonterminal, was not found in name map.)
(Residue 236: LYS, Nonterminal, was not found in name map.)
(Residue 237: VAL, Nonterminal, was not found in name map.)
(Residue 238: ILE, Nonterminal, was not found in name map.)
(Residue 239: MET, Nonterminal, was not found in name map.)
(Residue 240: ASP, Nonterminal, was not found in name map.)
(Residue 241: TYR, Nonterminal, was not found in name map.)
(Residue 242: GLU, Nonterminal, was not found in name map.)
(Residue 243: ALA, Nonterminal, was not found in name map.)
(Residue 244: ALA, Nonterminal, was not found in name map.)
(Residue 245: GLN, Nonterminal, was not found in name map.)
(Residue 246: LYS, Nonterminal, was not found in name map.)
(Residue 247: LEU, Nonterminal, was not found in name map.)
(Residue 248: GLU, Nonterminal, was not found in name map.)
(Residue 249: GLN, Nonterminal, was not found in name map.)
(Residue 250: PHE, Nonterminal, was not found in name map.)
(Residue 251: VAL, Nonterminal, was not found in name map.)
(Residue 252: SER, Nonterminal, was not found in name map.)
(Residue 253: LEU, Nonterminal, was not found in name map.)
(Residue 254: LEU, Nonterminal, was not found in name map.)
(Residue 255: MET, Nonterminal, was not found in name map.)
(Residue 256: ALA, Nonterminal, was not found in name map.)
(Residue 257: SER, Nonterminal, was not found in name map.)
(Residue 258: ILE, Nonterminal, was not found in name map.)
(Residue 259: PRO, Nonterminal, was not found in name map.)
Mapped residue VAL, term: Terminal/last, seq. number: 260 to: CVAL.
  Added missing heavy atom: .R<NGLN 2>.A<CG 10>
  Added missing heavy atom: .R<NGLN 2>.A<CD 13>
  Added missing heavy atom: .R<NGLN 2>.A<OE1 14>
  Added missing heavy atom: .R<NGLN 2>.A<NE2 15>
Joining NGLN - ASN
Joining ASN - GLY
Joining GLY - TYR
Joining TYR - THR
Joining THR - TYR
Joining TYR - GLU
Joining GLU - ASP
Joining ASP - TYR
Joining TYR - GLN
Joining GLN - ASP
Joining ASP - THR
Joining THR - ALA
Joining ALA - LYS
Joining LYS - TRP
Joining TRP - LEU
Joining LEU - LEU
Joining LEU - SER
Joining SER - HIE
Joining HIE - THR
Joining THR - GLU
Joining GLU - GLN
Joining GLN - ARG
Joining ARG - PRO
Joining PRO - GLN
Joining GLN - VAL
Joining VAL - ALA
Joining ALA - VAL
Joining VAL - ILE
Joining ILE - CYS
Joining CYS - GLY
Joining GLY - SER
Joining SER - GLY
Joining GLY - LEU
Joining LEU - GLY
Joining GLY - GLY
Joining GLY - LEU
Joining LEU - VAL
Joining VAL - ASN
Joining ASN - LYS
  Added missing heavy atom: .R<LYS 41>.A<CD 11>
  Added missing heavy atom: .R<LYS 41>.A<CE 14>
  Added missing heavy atom: .R<LYS 41>.A<NZ 17>
Joining LYS - LEU
Joining LEU - THR
Joining THR - GLN
Joining GLN - ALA
Joining ALA - GLN
Joining GLN - THR
Joining THR - PHE
Joining PHE - ASP
Joining ASP - TYR
Joining TYR - SER
Joining SER - GLU
Joining GLU - ILE
Joining ILE - PRO
Joining PRO - ASN
Joining ASN - PHE
Joining PHE - PRO
Joining PRO - GLU
Joining GLU - SER
Joining SER - GLY
Joining GLY - ARG
Joining ARG - LEU
Joining LEU - VAL
Joining VAL - PHE
Joining PHE - GLY
Joining GLY - ILE
Joining ILE - LEU
Joining LEU - ASN
Joining ASN - GLY
Joining GLY - ARG
Joining ARG - ALA
Joining ALA - CYS
Joining CYS - VAL
Joining VAL - MET
Joining MET - MET
Joining MET - GLN
Joining GLN - GLY
Joining GLY - ARG
Joining ARG - PHE
Joining PHE - HIE
Joining HIE - MET
Joining MET - TYR
Joining TYR - GLU
Joining GLU - GLY
Joining GLY - TYR
Joining TYR - PRO
Joining PRO - PHE
Joining PHE - TRP
Joining TRP - LYS
Joining LYS - VAL
Joining VAL - THR
Joining THR - PHE
Joining PHE - PRO
Joining PRO - VAL
Joining VAL - ARG
Joining ARG - VAL
Joining VAL - PHE
Joining PHE - ARG
Joining ARG - LEU
Joining LEU - LEU
Joining LEU - GLY
Joining GLY - VAL
Joining VAL - GLU
Joining GLU - THR
Joining THR - LEU
Joining LEU - VAL
Joining VAL - VAL
Joining VAL - THR
Joining THR - ASN
Joining ASN - ALA
Joining ALA - ALA
Joining ALA - GLY
Joining GLY - GLY
Joining GLY - LEU
Joining LEU - ASN
Joining ASN - PRO
Joining PRO - ASN
Joining ASN - PHE
Joining PHE - GLU
Joining GLU - VAL
Joining VAL - GLY
Joining GLY - ASP
Joining ASP - ILE
Joining ILE - MET
Joining MET - LEU
Joining LEU - ILE
Joining ILE - ARG
Joining ARG - ASP
Joining ASP - HIE
Joining HIE - ILE
Joining ILE - ASN
Joining ASN - LEU
Joining LEU - PRO
Joining PRO - GLY
Joining GLY - PHE
Joining PHE - SER
Joining SER - GLY
Joining GLY - GLU
Joining GLU - ASN
Joining ASN - PRO
Joining PRO - LEU
Joining LEU - ARG
Joining ARG - GLY
Joining GLY - PRO
Joining PRO - ASN
Joining ASN - GLU
Joining GLU - GLU
Joining GLU - ARG
Joining ARG - PHE
Joining PHE - GLY
Joining GLY - VAL
Joining VAL - ARG
Joining ARG - PHE
Joining PHE - PRO
Joining PRO - ALA
Joining ALA - MET
Joining MET - SER
Joining SER - ASP
Joining ASP - ALA
Joining ALA - TYR
Joining TYR - ASP
Joining ASP - ARG
Joining ARG - ASP
Joining ASP - MET
Joining MET - ARG
Joining ARG - GLN
Joining GLN - LYS
Joining LYS - ALA
Joining ALA - HIE
Joining HIE - SER
Joining SER - THR
Joining THR - TRP
Joining TRP - LYS
Joining LYS - GLN
Joining GLN - MET
Joining MET - GLY
Joining GLY - GLU
Joining GLU - GLN
  Added missing heavy atom: .R<GLN 178>.A<CG 8>
  Added missing heavy atom: .R<GLN 178>.A<CD 11>
  Added missing heavy atom: .R<GLN 178>.A<OE1 12>
  Added missing heavy atom: .R<GLN 178>.A<NE2 13>
Joining GLN - ARG
Joining ARG - GLU
Joining GLU - LEU
Joining LEU - GLN
Joining GLN - GLU
Joining GLU - GLY
Joining GLY - THR
Joining THR - TYR
Joining TYR - VAL
Joining VAL - MET
Joining MET - LEU
Joining LEU - GLY
Joining GLY - GLY
Joining GLY - PRO
Joining PRO - ASN
Joining ASN - PHE
Joining PHE - GLU
Joining GLU - THR
Joining THR - VAL
Joining VAL - ALA
Joining ALA - GLU
Joining GLU - CYS
Joining CYS - ARG
Joining ARG - LEU
Joining LEU - LEU
Joining LEU - ARG
Joining ARG - ASN
Joining ASN - LEU
Joining LEU - GLY
Joining GLY - ALA
Joining ALA - ASP
Joining ASP - ALA
Joining ALA - VAL
Joining VAL - GLY
Joining GLY - MET
Joining MET - SER
Joining SER - THR
Joining THR - VAL
Joining VAL - PRO
Joining PRO - GLU
Joining GLU - VAL
Joining VAL - ILE
Joining ILE - VAL
Joining VAL - ALA
Joining ALA - ARG
Joining ARG - HIE
Joining HIE - CYS
Joining CYS - GLY
Joining GLY - LEU
Joining LEU - ARG
Joining ARG - VAL
Joining VAL - PHE
Joining PHE - GLY
Joining GLY - PHE
Joining PHE - SER
Joining SER - LEU
Joining LEU - ILE
Joining ILE - THR
Joining THR - ASN
Joining ASN - LYS
Joining LYS - VAL
Joining VAL - ILE
Joining ILE - MET
Joining MET - ASP
Joining ASP - TYR
Joining TYR - GLU
  Added missing heavy atom: .R<GLU 244>.A<CG 8>
  Added missing heavy atom: .R<GLU 244>.A<CD 11>
  Added missing heavy atom: .R<GLU 244>.A<OE1 12>
  Added missing heavy atom: .R<GLU 244>.A<OE2 13>
Joining GLU - ALA
Joining ALA - ALA
Joining ALA - GLN
  Added missing heavy atom: .R<GLN 247>.A<CG 8>
  Added missing heavy atom: .R<GLN 247>.A<CD 11>
  Added missing heavy atom: .R<GLN 247>.A<OE1 12>
  Added missing heavy atom: .R<GLN 247>.A<NE2 13>
Joining GLN - LYS
  Added missing heavy atom: .R<LYS 248>.A<CE 14>
  Added missing heavy atom: .R<LYS 248>.A<NZ 17>
Joining LYS - LEU
Joining LEU - GLU
Joining GLU - GLN
Joining GLN - PHE
Joining PHE - VAL
Joining VAL - SER
Joining SER - LEU
Joining LEU - LEU
Joining LEU - MET
Joining MET - ALA
Joining ALA - SER
Joining SER - ILE
Joining ILE - PRO
Joining PRO - CVAL
  Added missing heavy atom: .R<CVAL 262>.A<OXT 17>
  total atoms in file: 2034
  Leap added 2042 missing atoms according to residue templates:
       22 Heavy
       2020 H / lone pairs
> savepdb  protein  protein.pdb
Writing pdb file: protein.pdb
 Converting N-terminal residue name to PDB format: NGLN -> GLN
 Converting C-terminal residue name to PDB format: CVAL -> VAL
> ##saveamberparm dipepide diVAL.prmtop diVAL.inpcrd
> 
> quit
	Quit
