log started: Fri Nov 23 17:25:02 2018

Log file: ./leap.log
>> #
>> # ----- leaprc for loading the ff99SB (Hornak & Simmerling) force field
>> # -----  this file is updated for PDB format 3
>> #
>> #	load atom type hybridizations
>> #
>> addAtomTypes {
>> 	{ "H"   "H" "sp3" }
>> 	{ "HO"  "H" "sp3" }
>> 	{ "HS"  "H" "sp3" }
>> 	{ "H1"  "H" "sp3" }
>> 	{ "H2"  "H" "sp3" }
>> 	{ "H3"  "H" "sp3" }
>> 	{ "H4"  "H" "sp3" }
>> 	{ "H5"  "H" "sp3" }
>> 	{ "HW"  "H" "sp3" }
>> 	{ "HC"  "H" "sp3" }
>> 	{ "HA"  "H" "sp3" }
>> 	{ "HP"  "H" "sp3" }
>> 	{ "OH"  "O" "sp3" }
>> 	{ "OS"  "O" "sp3" }
>> 	{ "O"   "O" "sp2" }
>> 	{ "O2"  "O" "sp2" }
>> 	{ "OW"  "O" "sp3" }
>> 	{ "CT"  "C" "sp3" }
>> 	{ "CH"  "C" "sp3" }
>> 	{ "C2"  "C" "sp3" }
>> 	{ "C3"  "C" "sp3" }
>> 	{ "C"   "C" "sp2" }
>> 	{ "C*"  "C" "sp2" }
>> 	{ "CA"  "C" "sp2" }
>> 	{ "CB"  "C" "sp2" }
>> 	{ "CC"  "C" "sp2" }
>> 	{ "CN"  "C" "sp2" }
>> 	{ "CM"  "C" "sp2" }
>> 	{ "CK"  "C" "sp2" }
>> 	{ "CQ"  "C" "sp2" }
>> 	{ "CD"  "C" "sp2" }
>> 	{ "CE"  "C" "sp2" }
>> 	{ "CF"  "C" "sp2" }
>> 	{ "CP"  "C" "sp2" }
>> 	{ "CI"  "C" "sp2" }
>> 	{ "CJ"  "C" "sp2" }
>> 	{ "CW"  "C" "sp2" }
>> 	{ "CV"  "C" "sp2" }
>> 	{ "CR"  "C" "sp2" }
>> 	{ "CA"  "C" "sp2" }
>> 	{ "CY"  "C" "sp2" }
>> 	{ "C0"  "Ca" "sp2" }
>> 	{ "MG"  "Mg" "sp3" }
>> 	{ "N"   "N" "sp2" }
>> 	{ "NA"  "N" "sp2" }
>> 	{ "N2"  "N" "sp2" }
>> 	{ "N*"  "N" "sp2" }
>> 	{ "NP"  "N" "sp2" }
>> 	{ "NQ"  "N" "sp2" }
>> 	{ "NB"  "N" "sp2" }
>> 	{ "NC"  "N" "sp2" }
>> 	{ "NT"  "N" "sp3" }
>> 	{ "N3"  "N" "sp3" }
>> 	{ "S"   "S" "sp3" }
>> 	{ "SH"  "S" "sp3" }
>> 	{ "P"   "P" "sp3" }
>> 	{ "LP"  ""  "sp3" }
>> 	{ "F"   "F" "sp3" }
>> 	{ "CL"  "Cl" "sp3" }
>> 	{ "BR"  "Br" "sp3" }
>> 	{ "I"   "I"  "sp3" }
>> 	{ "FE"  "Fe" "sp3" }
>> 	{ "EP"  ""  "sp3" }
>> # glycam
>> 	{ "OG"  "O" "sp3" }
>> 	{ "OL"  "O" "sp3" }
>> 	{ "AC"  "C" "sp3" }
>> 	{ "EC"  "C" "sp3" }
>> }
>> #
>> #	Load the main parameter set.
>> #
>> parm99 = loadamberparams parm99.dat
Loading parameters: /share/home/zhanghaiping/program/amber16/dat/leap/parm/parm99.dat
Reading title:
PARM99 for DNA,RNA,AA, organic molecules, TIP3P wat. Polariz.& LP incl.02/04/99
(UNKNOWN ATOM TYPE: HZ)
(UNKNOWN ATOM TYPE: IM)
(UNKNOWN ATOM TYPE: Li)
(UNKNOWN ATOM TYPE: IP)
(UNKNOWN ATOM TYPE: K)
(UNKNOWN ATOM TYPE: Rb)
(UNKNOWN ATOM TYPE: Cs)
(UNKNOWN ATOM TYPE: Zn)
(UNKNOWN ATOM TYPE: IB)
(UNKNOWN ATOM TYPE: LP)
>> frcmod99SB = loadamberparams frcmod.ff99SB
Loading parameters: /share/home/zhanghaiping/program/amber16/dat/leap/parm/frcmod.ff99SB
Reading force field modification type file (frcmod)
Reading title:
Modification/update of parm99.dat (Hornak & Simmerling)
>> #
>> #	Load DNA/RNA libraries
>> #
>> loadOff all_nucleic94.lib
Loading library: /share/home/zhanghaiping/program/amber16/dat/leap/lib/all_nucleic94.lib
Loading: DA
Loading: DA3
Loading: DA5
Loading: DAN
Loading: DC
Loading: DC3
Loading: DC5
Loading: DCN
Loading: DG
Loading: DG3
Loading: DG5
Loading: DGN
Loading: DT
Loading: DT3
Loading: DT5
Loading: DTN
Loading: RA
Loading: RA3
Loading: RA5
Loading: RAN
Loading: RC
Loading: RC3
Loading: RC5
Loading: RCN
Loading: RG
Loading: RG3
Loading: RG5
Loading: RGN
Loading: RU
Loading: RU3
Loading: RU5
Loading: RUN
>> #
>> #	Load main chain and terminating 
>> #	amino acid libraries (i.e. ff94 libs)
>> #
>> loadOff all_amino94.lib
Loading library: /share/home/zhanghaiping/program/amber16/dat/leap/lib/all_amino94.lib
Loading: ALA
Loading: ARG
Loading: ASH
Loading: ASN
Loading: ASP
Loading: CYM
Loading: CYS
Loading: CYX
Loading: GLH
Loading: GLN
Loading: GLU
Loading: GLY
Loading: HID
Loading: HIE
Loading: HIP
Loading: ILE
Loading: LEU
Loading: LYN
Loading: LYS
Loading: MET
Loading: PHE
Loading: PRO
Loading: SER
Loading: THR
Loading: TRP
Loading: TYR
Loading: VAL
>> loadOff all_aminoct94.lib
Loading library: /share/home/zhanghaiping/program/amber16/dat/leap/lib/all_aminoct94.lib
Loading: CALA
Loading: CARG
Loading: CASN
Loading: CASP
Loading: CCYS
Loading: CCYX
Loading: CGLN
Loading: CGLU
Loading: CGLY
Loading: CHID
Loading: CHIE
Loading: CHIP
Loading: CILE
Loading: CLEU
Loading: CLYS
Loading: CMET
Loading: CPHE
Loading: CPRO
Loading: CSER
Loading: CTHR
Loading: CTRP
Loading: CTYR
Loading: CVAL
Loading: NHE
Loading: NME
>> loadOff all_aminont94.lib
Loading library: /share/home/zhanghaiping/program/amber16/dat/leap/lib/all_aminont94.lib
Loading: ACE
Loading: NALA
Loading: NARG
Loading: NASN
Loading: NASP
Loading: NCYS
Loading: NCYX
Loading: NGLN
Loading: NGLU
Loading: NGLY
Loading: NHID
Loading: NHIE
Loading: NHIP
Loading: NILE
Loading: NLEU
Loading: NLYS
Loading: NMET
Loading: NPHE
Loading: NPRO
Loading: NSER
Loading: NTHR
Loading: NTRP
Loading: NTYR
Loading: NVAL
>> #
>> #       Load water and ions
>> # 
>> loadOff ions94.lib
Loading library: /share/home/zhanghaiping/program/amber16/dat/leap/lib/ions94.lib
Loading: CIO
Loading: Cl-
Loading: Cs+
Loading: IB
Loading: K+
Loading: Li+
Loading: MG2
Loading: Na+
Loading: Rb+
>> loadOff solvents.lib
Loading library: /share/home/zhanghaiping/program/amber16/dat/leap/lib/solvents.lib
Loading: CHCL3BOX
Loading: DC4
Loading: FB3
Loading: FB3BOX
Loading: FB4
Loading: FB4BOX
Loading: MEOHBOX
Loading: NMABOX
Loading: OPC
Loading: OPCBOX
Loading: PL3
Loading: POL3BOX
Loading: QSPCFWBOX
Loading: SPC
Loading: SPCBOX
Loading: SPCFWBOX
Loading: SPF
Loading: SPG
Loading: T4E
Loading: TIP3PBOX
Loading: TIP3PFBOX
Loading: TIP4PBOX
Loading: TIP4PEWBOX
Loading: TIP5PBOX
Loading: TP3
Loading: TP4
Loading: TP5
Loading: TPF
>> HOH = TP3
>> WAT = TP3
>> 
>> #
>> #	Define the PDB name map for the amino acids and DNA.
>> #
>> addPdbResMap {
>>   { 0 "ALA" "NALA" } { 1 "ALA" "CALA" }
>>   { 0 "ARG" "NARG" } { 1 "ARG" "CARG" }
>>   { 0 "ASN" "NASN" } { 1 "ASN" "CASN" }
>>   { 0 "ASP" "NASP" } { 1 "ASP" "CASP" }
>>   { 0 "CYS" "NCYS" } { 1 "CYS" "CCYS" }
>>   { 0 "CYX" "NCYX" } { 1 "CYX" "CCYX" }
>>   { 0 "GLN" "NGLN" } { 1 "GLN" "CGLN" }
>>   { 0 "GLU" "NGLU" } { 1 "GLU" "CGLU" }
>>   { 0 "GLY" "NGLY" } { 1 "GLY" "CGLY" }
>>   { 0 "HID" "NHID" } { 1 "HID" "CHID" }
>>   { 0 "HIE" "NHIE" } { 1 "HIE" "CHIE" }
>>   { 0 "HIP" "NHIP" } { 1 "HIP" "CHIP" }
>>   { 0 "ILE" "NILE" } { 1 "ILE" "CILE" }
>>   { 0 "LEU" "NLEU" } { 1 "LEU" "CLEU" }
>>   { 0 "LYS" "NLYS" } { 1 "LYS" "CLYS" }
>>   { 0 "MET" "NMET" } { 1 "MET" "CMET" }
>>   { 0 "PHE" "NPHE" } { 1 "PHE" "CPHE" }
>>   { 0 "PRO" "NPRO" } { 1 "PRO" "CPRO" }
>>   { 0 "SER" "NSER" } { 1 "SER" "CSER" }
>>   { 0 "THR" "NTHR" } { 1 "THR" "CTHR" }
>>   { 0 "TRP" "NTRP" } { 1 "TRP" "CTRP" }
>>   { 0 "TYR" "NTYR" } { 1 "TYR" "CTYR" }
>>   { 0 "VAL" "NVAL" } { 1 "VAL" "CVAL" }
>>   { 0 "HIS" "NHIS" } { 1 "HIS" "CHIS" }
>>   { 0 "GUA" "DG5"  } { 1 "GUA" "DG3"  } { "GUA" "DG" }
>>   { 0 "ADE" "DA5"  } { 1 "ADE" "DA3"  } { "ADE" "DA" }
>>   { 0 "CYT" "DC5"  } { 1 "CYT" "DC3"  } { "CYT" "DC" }
>>   { 0 "THY" "DT5"  } { 1 "THY" "DT3"  } { "THY" "DT" }
>>   { 0 "G" "RG5"  } { 1 "G" "RG3"  } { "G" "RG" } { "GN" "RGN" }
>>   { 0 "A" "RA5"  } { 1 "A" "RA3"  } { "A" "RA" } { "AN" "RAN" }
>>   { 0 "C" "RC5"  } { 1 "C" "RC3"  } { "C" "RC" } { "CN" "RCN" }
>>   { 0 "U" "RU5"  } { 1 "U" "RU3"  } { "U" "RU" } { "UN" "RUN" }
>>   { 0 "DG" "DG5"  } { 1 "DG" "DG3"  }  
>>   { 0 "DA" "DA5"  } { 1 "DA" "DA3"  }  
>>   { 0 "DC" "DC5"  } { 1 "DC" "DC3"  }  
>>   { 0 "DT" "DT5"  } { 1 "DT" "DT3"  }
>> 
>> }
>> 
>> addPdbAtomMap {
>>   { "O5*" "O5'" }
>>   { "C5*" "C5'" }
>>   { "C4*" "C4'" }
>>   { "O4*" "O4'" }
>>   { "C3*" "C3'" }
>>   { "O3*" "O3'" }
>>   { "C2*" "C2'" }
>>   { "C1*" "C1'" }
>>   { "C5M" "C7"  }
>>   { "O2*" "O2'" }
>>   { "H1*" "H1'" }
>>   { "H2*1" "H2'1" }
>>   { "H2*2" "H2'2" }
>>   { "H2'"  "H2'1" }
>>   { "H2''" "H2'2" }
>>   { "H3*" "H3'" }
>>   { "H4*" "H4'" }
>>   { "H5*1" "H5'1" }
>>   { "H5*2" "H5'2" }
>>   { "H5'"  "H5'1" }
>>   { "H5''" "H5'2" }
>>   { "HO2'" "HO'2" }
>>   { "HO5'" "H5T" }
>>   { "HO3'" "H3T" }
>>   { "O1'" "O4'" }
>>   { "OA"  "O1P" }
>>   { "OB"  "O2P" }
>>   { "OP1" "O1P" }
>>   { "OP2" "O2P" }
>> }
>> 
>> 
>> #
>> # assumed that most often proteins use HIE
>> #
>> NHIS = NHIE
>> HIS = HIE
>> CHIS = CHIE
> 
> #source /home/zhp/tleap/leaprc.GLYCAM_06j-1
> set default PBRadii mbondi3
Using ArgH and AspGluO modified Bondi2 radii
> #3dipepide=sequence{ACE VAL NME}
> 
> 
> protein = loadpdb  1gpk_ww.pdb
Loading PDB file: ./1gpk_ww.pdb
Enter zPdbReadScan from call depth  0.
-- residue 517: duplicate [ C] atoms (total 2)
-- residue 517: duplicate [ CA] atoms (total 2)
-- residue 517: duplicate [ CB] atoms (total 2)
-- residue 517: duplicate [ CE] atoms (total 2)
-- residue 517: duplicate [ CG] atoms (total 2)
-- residue 517: duplicate [ N] atoms (total 2)
-- residue 517: duplicate [ O] atoms (total 2)
-- residue 517: duplicate [ SD] atoms (total 2)
-- residue 523: duplicate [ C] atoms (total 2)
-- residue 523: duplicate [ CA] atoms (total 2)
-- residue 523: duplicate [ CB] atoms (total 2)
-- residue 523: duplicate [ CD] atoms (total 2)
-- residue 523: duplicate [ CG] atoms (total 2)
-- residue 523: duplicate [ N] atoms (total 2)
-- residue 523: duplicate [ NE2] atoms (total 2)
-- residue 523: duplicate [ O] atoms (total 2)
-- residue 523: duplicate [ OE1] atoms (total 2)
-- residue 16: duplicate [ C] atoms (total 2)
-- residue 16: duplicate [ CA] atoms (total 2)
-- residue 16: duplicate [ CB] atoms (total 2)
-- residue 16: duplicate [ CE] atoms (total 2)
-- residue 16: duplicate [ CG] atoms (total 2)
-- residue 16: duplicate [ N] atoms (total 2)
-- residue 16: duplicate [ SD] atoms (total 2)
-- residue 49: duplicate [ C] atoms (total 2)
-- residue 49: duplicate [ CA] atoms (total 2)
-- residue 49: duplicate [ CB] atoms (total 2)
-- residue 49: duplicate [ CD] atoms (total 2)
-- residue 49: duplicate [ CG] atoms (total 2)
-- residue 49: duplicate [ N] atoms (total 2)
-- residue 49: duplicate [ O] atoms (total 2)
-- residue 49: duplicate [ OE1] atoms (total 2)
-- residue 49: duplicate [ OE2] atoms (total 2)
-- residue 129: duplicate [ C] atoms (total 2)
-- residue 129: duplicate [ CA] atoms (total 2)
-- residue 129: duplicate [ CB] atoms (total 2)
-- residue 129: duplicate [ CG1] atoms (total 2)
-- residue 129: duplicate [ CG2] atoms (total 2)
-- residue 129: duplicate [ N] atoms (total 2)
-- residue 129: duplicate [ O] atoms (total 2)
-- residue 175: duplicate [ C] atoms (total 2)
-- residue 175: duplicate [ CA] atoms (total 2)
-- residue 175: duplicate [ CB] atoms (total 2)
-- residue 175: duplicate [ CE] atoms (total 2)
-- residue 175: duplicate [ CG] atoms (total 2)
-- residue 175: duplicate [ N] atoms (total 2)
-- residue 175: duplicate [ O] atoms (total 2)
-- residue 175: duplicate [ SD] atoms (total 2)
-- residue 455: duplicate [ C] atoms (total 2)
-- residue 455: duplicate [ CA] atoms (total 2)
-- residue 455: duplicate [ CB] atoms (total 2)
-- residue 455: duplicate [ CD] atoms (total 2)
-- residue 455: duplicate [ CG] atoms (total 2)
-- residue 455: duplicate [ N] atoms (total 2)
-- residue 455: duplicate [ O] atoms (total 2)
-- residue 455: duplicate [ OE1] atoms (total 2)
-- residue 455: duplicate [ OE2] atoms (total 2)
-- residue 468: duplicate [ C] atoms (total 2)
-- residue 468: duplicate [ CA] atoms (total 2)
-- residue 468: duplicate [ CB] atoms (total 2)
-- residue 468: duplicate [ CD] atoms (total 2)
-- residue 468: duplicate [ CG] atoms (total 2)
-- residue 468: duplicate [ CZ] atoms (total 2)
-- residue 468: duplicate [ N] atoms (total 2)
-- residue 468: duplicate [ NE] atoms (total 2)
-- residue 468: duplicate [ NH1] atoms (total 2)
-- residue 468: duplicate [ NH2] atoms (total 2)
-- residue 468: duplicate [ O] atoms (total 2)
-- residue 228: duplicate [ C] atoms (total 2)
-- residue 228: duplicate [ CA] atoms (total 2)
-- residue 228: duplicate [ CB] atoms (total 2)
-- residue 228: duplicate [ N] atoms (total 2)
-- residue 228: duplicate [ O] atoms (total 2)
-- residue 228: duplicate [ OG] atoms (total 2)
-- residue 496: duplicate [ C] atoms (total 2)
-- residue 496: duplicate [ CA] atoms (total 2)
-- residue 496: duplicate [ CB] atoms (total 2)
-- residue 496: duplicate [ CD] atoms (total 2)
-- residue 496: duplicate [ CG] atoms (total 2)
-- residue 496: duplicate [ N] atoms (total 2)
-- residue 496: duplicate [ O] atoms (total 2)
-- residue 496: duplicate [ OE1] atoms (total 2)
-- residue 496: duplicate [ OE2] atoms (total 2)
-- residue 501: duplicate [ C] atoms (total 2)
-- residue 501: duplicate [ CA] atoms (total 2)
-- residue 501: duplicate [ CB] atoms (total 2)
-- residue 501: duplicate [ CG] atoms (total 2)
-- residue 501: duplicate [ N] atoms (total 2)
-- residue 501: duplicate [ O] atoms (total 2)
-- residue 501: duplicate [ OD1] atoms (total 2)
-- residue 501: duplicate [ OD2] atoms (total 2)

   Warning: Atom names in each residue should be unique.
     (Same-name atoms are handled by using the first
      occurrence and by ignoring the rest.
      Frequently duplicate atom names stem from alternate
      conformations in the PDB file.)

Exit  zPdbReadScan from call depth  0.
Matching PDB residue names to LEaP variables.
Mapped residue SER, term: Terminal/beginning, seq. number: 0 to: NSER.
(Residue 1: GLU, Nonterminal, was not found in name map.)
(Residue 2: LEU, Nonterminal, was not found in name map.)
(Residue 3: LEU, Nonterminal, was not found in name map.)
(Residue 4: VAL, Nonterminal, was not found in name map.)
(Residue 5: ASN, Nonterminal, was not found in name map.)
(Residue 6: THR, Nonterminal, was not found in name map.)
(Residue 7: LYS, Nonterminal, was not found in name map.)
(Residue 8: SER, Nonterminal, was not found in name map.)
(Residue 9: GLY, Nonterminal, was not found in name map.)
(Residue 10: LYS, Nonterminal, was not found in name map.)
(Residue 11: VAL, Nonterminal, was not found in name map.)
(Residue 12: MET, Nonterminal, was not found in name map.)
(Residue 13: GLY, Nonterminal, was not found in name map.)
(Residue 14: THR, Nonterminal, was not found in name map.)
(Residue 15: ARG, Nonterminal, was not found in name map.)
(Residue 16: VAL, Nonterminal, was not found in name map.)
(Residue 17: PRO, Nonterminal, was not found in name map.)
(Residue 18: VAL, Nonterminal, was not found in name map.)
(Residue 19: LEU, Nonterminal, was not found in name map.)
(Residue 20: SER, Nonterminal, was not found in name map.)
(Residue 21: SER, Nonterminal, was not found in name map.)
(Residue 22: HIS, Nonterminal, was not found in name map.)
(Residue 23: ILE, Nonterminal, was not found in name map.)
(Residue 24: SER, Nonterminal, was not found in name map.)
(Residue 25: ALA, Nonterminal, was not found in name map.)
(Residue 26: PHE, Nonterminal, was not found in name map.)
(Residue 27: LEU, Nonterminal, was not found in name map.)
(Residue 28: GLY, Nonterminal, was not found in name map.)
(Residue 29: ILE, Nonterminal, was not found in name map.)
(Residue 30: PRO, Nonterminal, was not found in name map.)
(Residue 31: PHE, Nonterminal, was not found in name map.)
(Residue 32: ALA, Nonterminal, was not found in name map.)
(Residue 33: GLU, Nonterminal, was not found in name map.)
(Residue 34: PRO, Nonterminal, was not found in name map.)
(Residue 35: PRO, Nonterminal, was not found in name map.)
(Residue 36: VAL, Nonterminal, was not found in name map.)
(Residue 37: GLY, Nonterminal, was not found in name map.)
(Residue 38: ASN, Nonterminal, was not found in name map.)
(Residue 39: MET, Nonterminal, was not found in name map.)
(Residue 40: ARG, Nonterminal, was not found in name map.)
(Residue 41: PHE, Nonterminal, was not found in name map.)
(Residue 42: ARG, Nonterminal, was not found in name map.)
(Residue 43: ARG, Nonterminal, was not found in name map.)
(Residue 44: PRO, Nonterminal, was not found in name map.)
(Residue 45: GLU, Nonterminal, was not found in name map.)
(Residue 46: PRO, Nonterminal, was not found in name map.)
(Residue 47: LYS, Nonterminal, was not found in name map.)
(Residue 48: LYS, Nonterminal, was not found in name map.)
(Residue 49: PRO, Nonterminal, was not found in name map.)
(Residue 50: TRP, Nonterminal, was not found in name map.)
(Residue 51: SER, Nonterminal, was not found in name map.)
(Residue 52: GLY, Nonterminal, was not found in name map.)
(Residue 53: VAL, Nonterminal, was not found in name map.)
(Residue 54: TRP, Nonterminal, was not found in name map.)
(Residue 55: ASN, Nonterminal, was not found in name map.)
(Residue 56: ALA, Nonterminal, was not found in name map.)
(Residue 57: SER, Nonterminal, was not found in name map.)
(Residue 58: THR, Nonterminal, was not found in name map.)
(Residue 59: TYR, Nonterminal, was not found in name map.)
(Residue 60: PRO, Nonterminal, was not found in name map.)
(Residue 61: ASN, Nonterminal, was not found in name map.)
(Residue 62: ASN, Nonterminal, was not found in name map.)
(Residue 63: CYS, Nonterminal, was not found in name map.)
(Residue 64: GLN, Nonterminal, was not found in name map.)
(Residue 65: GLN, Nonterminal, was not found in name map.)
(Residue 66: TYR, Nonterminal, was not found in name map.)
(Residue 67: VAL, Nonterminal, was not found in name map.)
(Residue 68: ASP, Nonterminal, was not found in name map.)
(Residue 69: GLU, Nonterminal, was not found in name map.)
(Residue 70: GLN, Nonterminal, was not found in name map.)
(Residue 71: PHE, Nonterminal, was not found in name map.)
(Residue 72: PRO, Nonterminal, was not found in name map.)
(Residue 73: GLY, Nonterminal, was not found in name map.)
(Residue 74: PHE, Nonterminal, was not found in name map.)
(Residue 75: SER, Nonterminal, was not found in name map.)
(Residue 76: GLY, Nonterminal, was not found in name map.)
(Residue 77: SER, Nonterminal, was not found in name map.)
(Residue 78: GLU, Nonterminal, was not found in name map.)
(Residue 79: MET, Nonterminal, was not found in name map.)
(Residue 80: TRP, Nonterminal, was not found in name map.)
(Residue 81: ASN, Nonterminal, was not found in name map.)
(Residue 82: PRO, Nonterminal, was not found in name map.)
(Residue 83: ASN, Nonterminal, was not found in name map.)
(Residue 84: ARG, Nonterminal, was not found in name map.)
(Residue 85: GLU, Nonterminal, was not found in name map.)
(Residue 86: MET, Nonterminal, was not found in name map.)
(Residue 87: SER, Nonterminal, was not found in name map.)
(Residue 88: GLU, Nonterminal, was not found in name map.)
(Residue 89: ASP, Nonterminal, was not found in name map.)
(Residue 90: CYS, Nonterminal, was not found in name map.)
(Residue 91: LEU, Nonterminal, was not found in name map.)
(Residue 92: TYR, Nonterminal, was not found in name map.)
(Residue 93: LEU, Nonterminal, was not found in name map.)
(Residue 94: ASN, Nonterminal, was not found in name map.)
(Residue 95: ILE, Nonterminal, was not found in name map.)
(Residue 96: TRP, Nonterminal, was not found in name map.)
(Residue 97: VAL, Nonterminal, was not found in name map.)
(Residue 98: PRO, Nonterminal, was not found in name map.)
(Residue 99: SER, Nonterminal, was not found in name map.)
(Residue 100: PRO, Nonterminal, was not found in name map.)
(Residue 101: ARG, Nonterminal, was not found in name map.)
(Residue 102: PRO, Nonterminal, was not found in name map.)
(Residue 103: LYS, Nonterminal, was not found in name map.)
(Residue 104: SER, Nonterminal, was not found in name map.)
(Residue 105: THR, Nonterminal, was not found in name map.)
(Residue 106: THR, Nonterminal, was not found in name map.)
(Residue 107: VAL, Nonterminal, was not found in name map.)
(Residue 108: MET, Nonterminal, was not found in name map.)
(Residue 109: VAL, Nonterminal, was not found in name map.)
(Residue 110: TRP, Nonterminal, was not found in name map.)
(Residue 111: ILE, Nonterminal, was not found in name map.)
(Residue 112: TYR, Nonterminal, was not found in name map.)
(Residue 113: GLY, Nonterminal, was not found in name map.)
(Residue 114: GLY, Nonterminal, was not found in name map.)
(Residue 115: GLY, Nonterminal, was not found in name map.)
(Residue 116: PHE, Nonterminal, was not found in name map.)
(Residue 117: TYR, Nonterminal, was not found in name map.)
(Residue 118: SER, Nonterminal, was not found in name map.)
(Residue 119: GLY, Nonterminal, was not found in name map.)
(Residue 120: SER, Nonterminal, was not found in name map.)
(Residue 121: SER, Nonterminal, was not found in name map.)
(Residue 122: THR, Nonterminal, was not found in name map.)
(Residue 123: LEU, Nonterminal, was not found in name map.)
(Residue 124: ASP, Nonterminal, was not found in name map.)
(Residue 125: VAL, Nonterminal, was not found in name map.)
(Residue 126: TYR, Nonterminal, was not found in name map.)
(Residue 127: ASN, Nonterminal, was not found in name map.)
(Residue 128: GLY, Nonterminal, was not found in name map.)
(Residue 129: LYS, Nonterminal, was not found in name map.)
(Residue 130: TYR, Nonterminal, was not found in name map.)
(Residue 131: LEU, Nonterminal, was not found in name map.)
(Residue 132: ALA, Nonterminal, was not found in name map.)
(Residue 133: TYR, Nonterminal, was not found in name map.)
(Residue 134: THR, Nonterminal, was not found in name map.)
(Residue 135: GLU, Nonterminal, was not found in name map.)
(Residue 136: GLU, Nonterminal, was not found in name map.)
(Residue 137: VAL, Nonterminal, was not found in name map.)
(Residue 138: VAL, Nonterminal, was not found in name map.)
(Residue 139: LEU, Nonterminal, was not found in name map.)
(Residue 140: VAL, Nonterminal, was not found in name map.)
(Residue 141: SER, Nonterminal, was not found in name map.)
(Residue 142: LEU, Nonterminal, was not found in name map.)
(Residue 143: SER, Nonterminal, was not found in name map.)
(Residue 144: TYR, Nonterminal, was not found in name map.)
(Residue 145: ARG, Nonterminal, was not found in name map.)
(Residue 146: VAL, Nonterminal, was not found in name map.)
(Residue 147: GLY, Nonterminal, was not found in name map.)
(Residue 148: ALA, Nonterminal, was not found in name map.)
(Residue 149: PHE, Nonterminal, was not found in name map.)
(Residue 150: GLY, Nonterminal, was not found in name map.)
(Residue 151: PHE, Nonterminal, was not found in name map.)
(Residue 152: LEU, Nonterminal, was not found in name map.)
(Residue 153: ALA, Nonterminal, was not found in name map.)
(Residue 154: LEU, Nonterminal, was not found in name map.)
(Residue 155: HIS, Nonterminal, was not found in name map.)
(Residue 156: GLY, Nonterminal, was not found in name map.)
(Residue 157: SER, Nonterminal, was not found in name map.)
(Residue 158: GLN, Nonterminal, was not found in name map.)
(Residue 159: GLU, Nonterminal, was not found in name map.)
(Residue 160: ALA, Nonterminal, was not found in name map.)
(Residue 161: PRO, Nonterminal, was not found in name map.)
(Residue 162: GLY, Nonterminal, was not found in name map.)
(Residue 163: ASN, Nonterminal, was not found in name map.)
(Residue 164: VAL, Nonterminal, was not found in name map.)
(Residue 165: GLY, Nonterminal, was not found in name map.)
(Residue 166: LEU, Nonterminal, was not found in name map.)
(Residue 167: LEU, Nonterminal, was not found in name map.)
(Residue 168: ASP, Nonterminal, was not found in name map.)
(Residue 169: GLN, Nonterminal, was not found in name map.)
(Residue 170: ARG, Nonterminal, was not found in name map.)
(Residue 171: MET, Nonterminal, was not found in name map.)
(Residue 172: ALA, Nonterminal, was not found in name map.)
(Residue 173: LEU, Nonterminal, was not found in name map.)
(Residue 174: GLN, Nonterminal, was not found in name map.)
(Residue 175: TRP, Nonterminal, was not found in name map.)
(Residue 176: VAL, Nonterminal, was not found in name map.)
(Residue 177: HIS, Nonterminal, was not found in name map.)
(Residue 178: ASP, Nonterminal, was not found in name map.)
(Residue 179: ASN, Nonterminal, was not found in name map.)
(Residue 180: ILE, Nonterminal, was not found in name map.)
(Residue 181: GLN, Nonterminal, was not found in name map.)
(Residue 182: PHE, Nonterminal, was not found in name map.)
(Residue 183: PHE, Nonterminal, was not found in name map.)
(Residue 184: GLY, Nonterminal, was not found in name map.)
(Residue 185: GLY, Nonterminal, was not found in name map.)
(Residue 186: ASP, Nonterminal, was not found in name map.)
(Residue 187: PRO, Nonterminal, was not found in name map.)
(Residue 188: LYS, Nonterminal, was not found in name map.)
(Residue 189: THR, Nonterminal, was not found in name map.)
(Residue 190: VAL, Nonterminal, was not found in name map.)
(Residue 191: THR, Nonterminal, was not found in name map.)
(Residue 192: ILE, Nonterminal, was not found in name map.)
(Residue 193: PHE, Nonterminal, was not found in name map.)
(Residue 194: GLY, Nonterminal, was not found in name map.)
(Residue 195: GLU, Nonterminal, was not found in name map.)
(Residue 196: SER, Nonterminal, was not found in name map.)
(Residue 197: ALA, Nonterminal, was not found in name map.)
(Residue 198: GLY, Nonterminal, was not found in name map.)
(Residue 199: GLY, Nonterminal, was not found in name map.)
(Residue 200: ALA, Nonterminal, was not found in name map.)
(Residue 201: SER, Nonterminal, was not found in name map.)
(Residue 202: VAL, Nonterminal, was not found in name map.)
(Residue 203: GLY, Nonterminal, was not found in name map.)
(Residue 204: MET, Nonterminal, was not found in name map.)
(Residue 205: HIS, Nonterminal, was not found in name map.)
(Residue 206: ILE, Nonterminal, was not found in name map.)
(Residue 207: LEU, Nonterminal, was not found in name map.)
(Residue 208: SER, Nonterminal, was not found in name map.)
(Residue 209: PRO, Nonterminal, was not found in name map.)
(Residue 210: GLY, Nonterminal, was not found in name map.)
(Residue 211: SER, Nonterminal, was not found in name map.)
(Residue 212: ARG, Nonterminal, was not found in name map.)
(Residue 213: ASP, Nonterminal, was not found in name map.)
(Residue 214: LEU, Nonterminal, was not found in name map.)
(Residue 215: PHE, Nonterminal, was not found in name map.)
(Residue 216: ARG, Nonterminal, was not found in name map.)
(Residue 217: ARG, Nonterminal, was not found in name map.)
(Residue 218: ALA, Nonterminal, was not found in name map.)
(Residue 219: ILE, Nonterminal, was not found in name map.)
(Residue 220: LEU, Nonterminal, was not found in name map.)
(Residue 221: GLN, Nonterminal, was not found in name map.)
(Residue 222: SER, Nonterminal, was not found in name map.)
(Residue 223: GLY, Nonterminal, was not found in name map.)
(Residue 224: SER, Nonterminal, was not found in name map.)
(Residue 225: PRO, Nonterminal, was not found in name map.)
(Residue 226: ASN, Nonterminal, was not found in name map.)
(Residue 227: CYS, Nonterminal, was not found in name map.)
(Residue 228: PRO, Nonterminal, was not found in name map.)
(Residue 229: TRP, Nonterminal, was not found in name map.)
(Residue 230: ALA, Nonterminal, was not found in name map.)
(Residue 231: SER, Nonterminal, was not found in name map.)
(Residue 232: VAL, Nonterminal, was not found in name map.)
(Residue 233: SER, Nonterminal, was not found in name map.)
(Residue 234: VAL, Nonterminal, was not found in name map.)
(Residue 235: ALA, Nonterminal, was not found in name map.)
(Residue 236: GLU, Nonterminal, was not found in name map.)
(Residue 237: GLY, Nonterminal, was not found in name map.)
(Residue 238: ARG, Nonterminal, was not found in name map.)
(Residue 239: ARG, Nonterminal, was not found in name map.)
(Residue 240: ARG, Nonterminal, was not found in name map.)
(Residue 241: ALA, Nonterminal, was not found in name map.)
(Residue 242: VAL, Nonterminal, was not found in name map.)
(Residue 243: GLU, Nonterminal, was not found in name map.)
(Residue 244: LEU, Nonterminal, was not found in name map.)
(Residue 245: GLY, Nonterminal, was not found in name map.)
(Residue 246: ARG, Nonterminal, was not found in name map.)
(Residue 247: ASN, Nonterminal, was not found in name map.)
(Residue 248: LEU, Nonterminal, was not found in name map.)
(Residue 249: ASN, Nonterminal, was not found in name map.)
(Residue 250: CYS, Nonterminal, was not found in name map.)
(Residue 251: ASN, Nonterminal, was not found in name map.)
(Residue 252: LEU, Nonterminal, was not found in name map.)
(Residue 253: ASN, Nonterminal, was not found in name map.)
(Residue 254: SER, Nonterminal, was not found in name map.)
(Residue 255: ASP, Nonterminal, was not found in name map.)
(Residue 256: GLU, Nonterminal, was not found in name map.)
(Residue 257: GLU, Nonterminal, was not found in name map.)
(Residue 258: LEU, Nonterminal, was not found in name map.)
(Residue 259: ILE, Nonterminal, was not found in name map.)
(Residue 260: HIS, Nonterminal, was not found in name map.)
(Residue 261: CYS, Nonterminal, was not found in name map.)
(Residue 262: LEU, Nonterminal, was not found in name map.)
(Residue 263: ARG, Nonterminal, was not found in name map.)
(Residue 264: GLU, Nonterminal, was not found in name map.)
(Residue 265: LYS, Nonterminal, was not found in name map.)
(Residue 266: LYS, Nonterminal, was not found in name map.)
(Residue 267: PRO, Nonterminal, was not found in name map.)
(Residue 268: GLN, Nonterminal, was not found in name map.)
(Residue 269: GLU, Nonterminal, was not found in name map.)
(Residue 270: LEU, Nonterminal, was not found in name map.)
(Residue 271: ILE, Nonterminal, was not found in name map.)
(Residue 272: ASP, Nonterminal, was not found in name map.)
(Residue 273: VAL, Nonterminal, was not found in name map.)
(Residue 274: GLU, Nonterminal, was not found in name map.)
(Residue 275: TRP, Nonterminal, was not found in name map.)
(Residue 276: ASN, Nonterminal, was not found in name map.)
(Residue 277: VAL, Nonterminal, was not found in name map.)
(Residue 278: LEU, Nonterminal, was not found in name map.)
(Residue 279: PRO, Nonterminal, was not found in name map.)
(Residue 280: PHE, Nonterminal, was not found in name map.)
(Residue 281: ASP, Nonterminal, was not found in name map.)
(Residue 282: SER, Nonterminal, was not found in name map.)
(Residue 283: ILE, Nonterminal, was not found in name map.)
(Residue 284: PHE, Nonterminal, was not found in name map.)
(Residue 285: ARG, Nonterminal, was not found in name map.)
(Residue 286: PHE, Nonterminal, was not found in name map.)
(Residue 287: SER, Nonterminal, was not found in name map.)
(Residue 288: PHE, Nonterminal, was not found in name map.)
(Residue 289: VAL, Nonterminal, was not found in name map.)
(Residue 290: PRO, Nonterminal, was not found in name map.)
(Residue 291: VAL, Nonterminal, was not found in name map.)
(Residue 292: ILE, Nonterminal, was not found in name map.)
(Residue 293: ASP, Nonterminal, was not found in name map.)
(Residue 294: GLY, Nonterminal, was not found in name map.)
(Residue 295: GLU, Nonterminal, was not found in name map.)
(Residue 296: PHE, Nonterminal, was not found in name map.)
(Residue 297: PHE, Nonterminal, was not found in name map.)
(Residue 298: PRO, Nonterminal, was not found in name map.)
(Residue 299: THR, Nonterminal, was not found in name map.)
(Residue 300: SER, Nonterminal, was not found in name map.)
(Residue 301: LEU, Nonterminal, was not found in name map.)
(Residue 302: GLU, Nonterminal, was not found in name map.)
(Residue 303: SER, Nonterminal, was not found in name map.)
(Residue 304: MET, Nonterminal, was not found in name map.)
(Residue 305: LEU, Nonterminal, was not found in name map.)
(Residue 306: ASN, Nonterminal, was not found in name map.)
(Residue 307: SER, Nonterminal, was not found in name map.)
(Residue 308: GLY, Nonterminal, was not found in name map.)
(Residue 309: ASN, Nonterminal, was not found in name map.)
(Residue 310: PHE, Nonterminal, was not found in name map.)
(Residue 311: LYS, Nonterminal, was not found in name map.)
(Residue 312: LYS, Nonterminal, was not found in name map.)
(Residue 313: THR, Nonterminal, was not found in name map.)
(Residue 314: GLN, Nonterminal, was not found in name map.)
(Residue 315: ILE, Nonterminal, was not found in name map.)
(Residue 316: LEU, Nonterminal, was not found in name map.)
(Residue 317: LEU, Nonterminal, was not found in name map.)
(Residue 318: GLY, Nonterminal, was not found in name map.)
(Residue 319: VAL, Nonterminal, was not found in name map.)
(Residue 320: ASN, Nonterminal, was not found in name map.)
(Residue 321: LYS, Nonterminal, was not found in name map.)
(Residue 322: ASP, Nonterminal, was not found in name map.)
(Residue 323: GLU, Nonterminal, was not found in name map.)
(Residue 324: GLY, Nonterminal, was not found in name map.)
(Residue 325: SER, Nonterminal, was not found in name map.)
(Residue 326: PHE, Nonterminal, was not found in name map.)
(Residue 327: PHE, Nonterminal, was not found in name map.)
(Residue 328: LEU, Nonterminal, was not found in name map.)
(Residue 329: LEU, Nonterminal, was not found in name map.)
(Residue 330: TYR, Nonterminal, was not found in name map.)
(Residue 331: GLY, Nonterminal, was not found in name map.)
(Residue 332: ALA, Nonterminal, was not found in name map.)
(Residue 333: PRO, Nonterminal, was not found in name map.)
(Residue 334: GLY, Nonterminal, was not found in name map.)
(Residue 335: PHE, Nonterminal, was not found in name map.)
(Residue 336: SER, Nonterminal, was not found in name map.)
(Residue 337: LYS, Nonterminal, was not found in name map.)
(Residue 338: ASP, Nonterminal, was not found in name map.)
(Residue 339: SER, Nonterminal, was not found in name map.)
(Residue 340: GLU, Nonterminal, was not found in name map.)
(Residue 341: SER, Nonterminal, was not found in name map.)
(Residue 342: LYS, Nonterminal, was not found in name map.)
(Residue 343: ILE, Nonterminal, was not found in name map.)
(Residue 344: SER, Nonterminal, was not found in name map.)
(Residue 345: ARG, Nonterminal, was not found in name map.)
(Residue 346: GLU, Nonterminal, was not found in name map.)
(Residue 347: ASP, Nonterminal, was not found in name map.)
(Residue 348: PHE, Nonterminal, was not found in name map.)
(Residue 349: MET, Nonterminal, was not found in name map.)
(Residue 350: SER, Nonterminal, was not found in name map.)
(Residue 351: GLY, Nonterminal, was not found in name map.)
(Residue 352: VAL, Nonterminal, was not found in name map.)
(Residue 353: LYS, Nonterminal, was not found in name map.)
(Residue 354: LEU, Nonterminal, was not found in name map.)
(Residue 355: SER, Nonterminal, was not found in name map.)
(Residue 356: VAL, Nonterminal, was not found in name map.)
(Residue 357: PRO, Nonterminal, was not found in name map.)
(Residue 358: HIS, Nonterminal, was not found in name map.)
(Residue 359: ALA, Nonterminal, was not found in name map.)
(Residue 360: ASN, Nonterminal, was not found in name map.)
(Residue 361: ASP, Nonterminal, was not found in name map.)
(Residue 362: LEU, Nonterminal, was not found in name map.)
(Residue 363: GLY, Nonterminal, was not found in name map.)
(Residue 364: LEU, Nonterminal, was not found in name map.)
(Residue 365: ASP, Nonterminal, was not found in name map.)
(Residue 366: ALA, Nonterminal, was not found in name map.)
(Residue 367: VAL, Nonterminal, was not found in name map.)
(Residue 368: THR, Nonterminal, was not found in name map.)
(Residue 369: LEU, Nonterminal, was not found in name map.)
(Residue 370: GLN, Nonterminal, was not found in name map.)
(Residue 371: TYR, Nonterminal, was not found in name map.)
(Residue 372: THR, Nonterminal, was not found in name map.)
(Residue 373: ASP, Nonterminal, was not found in name map.)
(Residue 374: TRP, Nonterminal, was not found in name map.)
(Residue 375: MET, Nonterminal, was not found in name map.)
(Residue 376: ASP, Nonterminal, was not found in name map.)
(Residue 377: ASP, Nonterminal, was not found in name map.)
(Residue 378: ASN, Nonterminal, was not found in name map.)
(Residue 379: ASN, Nonterminal, was not found in name map.)
(Residue 380: GLY, Nonterminal, was not found in name map.)
(Residue 381: ILE, Nonterminal, was not found in name map.)
(Residue 382: LYS, Nonterminal, was not found in name map.)
(Residue 383: ASN, Nonterminal, was not found in name map.)
(Residue 384: ARG, Nonterminal, was not found in name map.)
(Residue 385: ASP, Nonterminal, was not found in name map.)
(Residue 386: GLY, Nonterminal, was not found in name map.)
(Residue 387: LEU, Nonterminal, was not found in name map.)
(Residue 388: ASP, Nonterminal, was not found in name map.)
(Residue 389: ASP, Nonterminal, was not found in name map.)
(Residue 390: ILE, Nonterminal, was not found in name map.)
(Residue 391: VAL, Nonterminal, was not found in name map.)
(Residue 392: GLY, Nonterminal, was not found in name map.)
(Residue 393: ASP, Nonterminal, was not found in name map.)
(Residue 394: HIS, Nonterminal, was not found in name map.)
(Residue 395: ASN, Nonterminal, was not found in name map.)
(Residue 396: VAL, Nonterminal, was not found in name map.)
(Residue 397: ILE, Nonterminal, was not found in name map.)
(Residue 398: CYS, Nonterminal, was not found in name map.)
(Residue 399: PRO, Nonterminal, was not found in name map.)
(Residue 400: LEU, Nonterminal, was not found in name map.)
(Residue 401: MET, Nonterminal, was not found in name map.)
(Residue 402: HIS, Nonterminal, was not found in name map.)
(Residue 403: PHE, Nonterminal, was not found in name map.)
(Residue 404: VAL, Nonterminal, was not found in name map.)
(Residue 405: ASN, Nonterminal, was not found in name map.)
(Residue 406: LYS, Nonterminal, was not found in name map.)
(Residue 407: TYR, Nonterminal, was not found in name map.)
(Residue 408: THR, Nonterminal, was not found in name map.)
(Residue 409: LYS, Nonterminal, was not found in name map.)
(Residue 410: PHE, Nonterminal, was not found in name map.)
(Residue 411: GLY, Nonterminal, was not found in name map.)
(Residue 412: ASN, Nonterminal, was not found in name map.)
(Residue 413: GLY, Nonterminal, was not found in name map.)
(Residue 414: THR, Nonterminal, was not found in name map.)
(Residue 415: TYR, Nonterminal, was not found in name map.)
(Residue 416: LEU, Nonterminal, was not found in name map.)
(Residue 417: TYR, Nonterminal, was not found in name map.)
(Residue 418: PHE, Nonterminal, was not found in name map.)
(Residue 419: PHE, Nonterminal, was not found in name map.)
(Residue 420: ASN, Nonterminal, was not found in name map.)
(Residue 421: HIS, Nonterminal, was not found in name map.)
(Residue 422: ARG, Nonterminal, was not found in name map.)
(Residue 423: ALA, Nonterminal, was not found in name map.)
(Residue 424: SER, Nonterminal, was not found in name map.)
(Residue 425: ASN, Nonterminal, was not found in name map.)
(Residue 426: LEU, Nonterminal, was not found in name map.)
(Residue 427: VAL, Nonterminal, was not found in name map.)
(Residue 428: TRP, Nonterminal, was not found in name map.)
(Residue 429: PRO, Nonterminal, was not found in name map.)
(Residue 430: GLU, Nonterminal, was not found in name map.)
(Residue 431: TRP, Nonterminal, was not found in name map.)
(Residue 432: MET, Nonterminal, was not found in name map.)
(Residue 433: GLY, Nonterminal, was not found in name map.)
(Residue 434: VAL, Nonterminal, was not found in name map.)
(Residue 435: ILE, Nonterminal, was not found in name map.)
(Residue 436: HIS, Nonterminal, was not found in name map.)
(Residue 437: GLY, Nonterminal, was not found in name map.)
(Residue 438: TYR, Nonterminal, was not found in name map.)
(Residue 439: GLU, Nonterminal, was not found in name map.)
(Residue 440: ILE, Nonterminal, was not found in name map.)
(Residue 441: GLU, Nonterminal, was not found in name map.)
(Residue 442: PHE, Nonterminal, was not found in name map.)
(Residue 443: VAL, Nonterminal, was not found in name map.)
(Residue 444: PHE, Nonterminal, was not found in name map.)
(Residue 445: GLY, Nonterminal, was not found in name map.)
(Residue 446: LEU, Nonterminal, was not found in name map.)
(Residue 447: PRO, Nonterminal, was not found in name map.)
(Residue 448: LEU, Nonterminal, was not found in name map.)
(Residue 449: VAL, Nonterminal, was not found in name map.)
(Residue 450: LYS, Nonterminal, was not found in name map.)
(Residue 451: GLU, Nonterminal, was not found in name map.)
(Residue 452: LEU, Nonterminal, was not found in name map.)
(Residue 453: ASN, Nonterminal, was not found in name map.)
(Residue 454: TYR, Nonterminal, was not found in name map.)
(Residue 455: THR, Nonterminal, was not found in name map.)
(Residue 456: ALA, Nonterminal, was not found in name map.)
(Residue 457: GLU, Nonterminal, was not found in name map.)
(Residue 458: GLU, Nonterminal, was not found in name map.)
(Residue 459: GLU, Nonterminal, was not found in name map.)
(Residue 460: ALA, Nonterminal, was not found in name map.)
(Residue 461: LEU, Nonterminal, was not found in name map.)
(Residue 462: SER, Nonterminal, was not found in name map.)
(Residue 463: ARG, Nonterminal, was not found in name map.)
(Residue 464: ARG, Nonterminal, was not found in name map.)
(Residue 465: ILE, Nonterminal, was not found in name map.)
(Residue 466: MET, Nonterminal, was not found in name map.)
(Residue 467: HIS, Nonterminal, was not found in name map.)
(Residue 468: TYR, Nonterminal, was not found in name map.)
(Residue 469: TRP, Nonterminal, was not found in name map.)
(Residue 470: ALA, Nonterminal, was not found in name map.)
(Residue 471: THR, Nonterminal, was not found in name map.)
(Residue 472: PHE, Nonterminal, was not found in name map.)
(Residue 473: ALA, Nonterminal, was not found in name map.)
(Residue 474: LYS, Nonterminal, was not found in name map.)
(Residue 475: THR, Nonterminal, was not found in name map.)
(Residue 476: GLY, Nonterminal, was not found in name map.)
(Residue 477: ASN, Nonterminal, was not found in name map.)
(Residue 478: PRO, Nonterminal, was not found in name map.)
(Residue 479: ASN, Nonterminal, was not found in name map.)
(Residue 480: GLU, Nonterminal, was not found in name map.)
(Residue 481: PRO, Nonterminal, was not found in name map.)
(Residue 482: GLU, Nonterminal, was not found in name map.)
(Residue 483: SER, Nonterminal, was not found in name map.)
(Residue 484: LYS, Nonterminal, was not found in name map.)
(Residue 485: TRP, Nonterminal, was not found in name map.)
(Residue 486: PRO, Nonterminal, was not found in name map.)
(Residue 487: LEU, Nonterminal, was not found in name map.)
(Residue 488: PHE, Nonterminal, was not found in name map.)
(Residue 489: THR, Nonterminal, was not found in name map.)
(Residue 490: THR, Nonterminal, was not found in name map.)
(Residue 491: LYS, Nonterminal, was not found in name map.)
(Residue 492: GLU, Nonterminal, was not found in name map.)
(Residue 493: GLN, Nonterminal, was not found in name map.)
(Residue 494: LYS, Nonterminal, was not found in name map.)
(Residue 495: PHE, Nonterminal, was not found in name map.)
(Residue 496: ILE, Nonterminal, was not found in name map.)
(Residue 497: ASP, Nonterminal, was not found in name map.)
(Residue 498: LEU, Nonterminal, was not found in name map.)
(Residue 499: ASN, Nonterminal, was not found in name map.)
(Residue 500: THR, Nonterminal, was not found in name map.)
(Residue 501: GLU, Nonterminal, was not found in name map.)
(Residue 502: PRO, Nonterminal, was not found in name map.)
(Residue 503: MET, Nonterminal, was not found in name map.)
(Residue 504: LYS, Nonterminal, was not found in name map.)
(Residue 505: VAL, Nonterminal, was not found in name map.)
(Residue 506: HIS, Nonterminal, was not found in name map.)
(Residue 507: GLN, Nonterminal, was not found in name map.)
(Residue 508: ARG, Nonterminal, was not found in name map.)
(Residue 509: LEU, Nonterminal, was not found in name map.)
(Residue 510: ARG, Nonterminal, was not found in name map.)
(Residue 511: VAL, Nonterminal, was not found in name map.)
(Residue 512: GLN, Nonterminal, was not found in name map.)
(Residue 513: MET, Nonterminal, was not found in name map.)
(Residue 514: CYS, Nonterminal, was not found in name map.)
(Residue 515: VAL, Nonterminal, was not found in name map.)
(Residue 516: PHE, Nonterminal, was not found in name map.)
(Residue 517: TRP, Nonterminal, was not found in name map.)
(Residue 518: ASN, Nonterminal, was not found in name map.)
(Residue 519: GLN, Nonterminal, was not found in name map.)
(Residue 520: PHE, Nonterminal, was not found in name map.)
(Residue 521: LEU, Nonterminal, was not found in name map.)
(Residue 522: PRO, Nonterminal, was not found in name map.)
(Residue 523: LYS, Nonterminal, was not found in name map.)
(Residue 524: LEU, Nonterminal, was not found in name map.)
(Residue 525: LEU, Nonterminal, was not found in name map.)
(Residue 526: ASN, Nonterminal, was not found in name map.)
(Residue 527: ALA, Nonterminal, was not found in name map.)
Mapped residue THR, term: Terminal/last, seq. number: 528 to: CTHR.
Joining NSER - GLU
Joining GLU - LEU
Joining LEU - LEU
  Added missing heavy atom: .R<LEU 7>.A<CD1 10>
  Added missing heavy atom: .R<LEU 7>.A<CD2 14>
Joining LEU - VAL
Joining VAL - ASN
Joining ASN - THR
Joining THR - LYS
Joining LYS - SER
Joining SER - GLY
Joining GLY - LYS
Joining LYS - VAL
Joining VAL - MET
Joining MET - GLY
Joining GLY - THR
Joining THR - ARG
Joining ARG - VAL
Joining VAL - PRO
Joining PRO - VAL
Joining VAL - LEU
Joining LEU - SER
  Added missing heavy atom: .R<SER 24>.A<OG 8>
Joining SER - SER
Joining SER - HIE
Joining HIE - ILE
Joining ILE - SER
Joining SER - ALA
Joining ALA - PHE
Joining PHE - LEU
Joining LEU - GLY
Joining GLY - ILE
Joining ILE - PRO
Joining PRO - PHE
Joining PHE - ALA
Joining ALA - GLU
Joining GLU - PRO
Joining PRO - PRO
Joining PRO - VAL
Joining VAL - GLY
Joining GLY - ASN
  Added missing heavy atom: .R<ASN 42>.A<CG 8>
  Added missing heavy atom: .R<ASN 42>.A<OD1 9>
  Added missing heavy atom: .R<ASN 42>.A<ND2 10>
Joining ASN - MET
Joining MET - ARG
Joining ARG - PHE
Joining PHE - ARG
  Added missing heavy atom: .R<ARG 46>.A<CZ 16>
  Added missing heavy atom: .R<ARG 46>.A<NH1 17>
  Added missing heavy atom: .R<ARG 46>.A<NH2 20>
Joining ARG - ARG
Joining ARG - PRO
Joining PRO - GLU
Joining GLU - PRO
Joining PRO - LYS
Joining LYS - LYS
  Added missing heavy atom: .R<LYS 52>.A<CE 14>
  Added missing heavy atom: .R<LYS 52>.A<NZ 17>
Joining LYS - PRO
Joining PRO - TRP
Joining TRP - SER
Joining SER - GLY
Joining GLY - VAL
Joining VAL - TRP
Joining TRP - ASN
Joining ASN - ALA
Joining ALA - SER
Joining SER - THR
Joining THR - TYR
Joining TYR - PRO
Joining PRO - ASN
Joining ASN - ASN
Joining ASN - CYS
Joining CYS - GLN
Joining GLN - GLN
Joining GLN - TYR
Joining TYR - VAL
Joining VAL - ASP
Joining ASP - GLU
Joining GLU - GLN
Joining GLN - PHE
Joining PHE - PRO
Joining PRO - GLY
Joining GLY - PHE
Joining PHE - SER
Joining SER - GLY
Joining GLY - SER
Joining SER - GLU
Joining GLU - MET
Joining MET - TRP
Joining TRP - ASN
Joining ASN - PRO
Joining PRO - ASN
Joining ASN - ARG
Joining ARG - GLU
  Added missing heavy atom: .R<GLU 89>.A<CG 8>
  Added missing heavy atom: .R<GLU 89>.A<CD 11>
  Added missing heavy atom: .R<GLU 89>.A<OE1 12>
  Added missing heavy atom: .R<GLU 89>.A<OE2 13>
Joining GLU - MET
Joining MET - SER
Joining SER - GLU
Joining GLU - ASP
Joining ASP - CYS
Joining CYS - LEU
Joining LEU - TYR
Joining TYR - LEU
Joining LEU - ASN
Joining ASN - ILE
Joining ILE - TRP
Joining TRP - VAL
Joining VAL - PRO
Joining PRO - SER
Joining SER - PRO
Joining PRO - ARG
Joining ARG - PRO
Joining PRO - LYS
Joining LYS - SER
Joining SER - THR
Joining THR - THR
Joining THR - VAL
Joining VAL - MET
Joining MET - VAL
Joining VAL - TRP
Joining TRP - ILE
Joining ILE - TYR
Joining TYR - GLY
Joining GLY - GLY
Joining GLY - GLY
Joining GLY - PHE
Joining PHE - TYR
Joining TYR - SER
Joining SER - GLY
Joining GLY - SER
Joining SER - SER
Joining SER - THR
Joining THR - LEU
Joining LEU - ASP
Joining ASP - VAL
Joining VAL - TYR
Joining TYR - ASN
Joining ASN - GLY
Joining GLY - LYS
Joining LYS - TYR
Joining TYR - LEU
Joining LEU - ALA
Joining ALA - TYR
Joining TYR - THR
Joining THR - GLU
Joining GLU - GLU
  Added missing heavy atom: .R<GLU 140>.A<CG 8>
  Added missing heavy atom: .R<GLU 140>.A<CD 11>
  Added missing heavy atom: .R<GLU 140>.A<OE1 12>
  Added missing heavy atom: .R<GLU 140>.A<OE2 13>
Joining GLU - VAL
Joining VAL - VAL
Joining VAL - LEU
Joining LEU - VAL
Joining VAL - SER
Joining SER - LEU
Joining LEU - SER
Joining SER - TYR
Joining TYR - ARG
Joining ARG - VAL
Joining VAL - GLY
Joining GLY - ALA
Joining ALA - PHE
Joining PHE - GLY
Joining GLY - PHE
Joining PHE - LEU
Joining LEU - ALA
Joining ALA - LEU
Joining LEU - HIE
Joining HIE - GLY
Joining GLY - SER
Joining SER - GLN
Joining GLN - GLU
Joining GLU - ALA
Joining ALA - PRO
Joining PRO - GLY
Joining GLY - ASN
Joining ASN - VAL
Joining VAL - GLY
Joining GLY - LEU
Joining LEU - LEU
Joining LEU - ASP
Joining ASP - GLN
Joining GLN - ARG
Joining ARG - MET
Joining MET - ALA
Joining ALA - LEU
Joining LEU - GLN
Joining GLN - TRP
Joining TRP - VAL
Joining VAL - HIE
Joining HIE - ASP
Joining ASP - ASN
Joining ASN - ILE
Joining ILE - GLN
Joining GLN - PHE
Joining PHE - PHE
Joining PHE - GLY
Joining GLY - GLY
Joining GLY - ASP
Joining ASP - PRO
Joining PRO - LYS
  Added missing heavy atom: .R<LYS 192>.A<CD 11>
  Added missing heavy atom: .R<LYS 192>.A<CE 14>
  Added missing heavy atom: .R<LYS 192>.A<NZ 17>
Joining LYS - THR
Joining THR - VAL
Joining VAL - THR
Joining THR - ILE
Joining ILE - PHE
Joining PHE - GLY
Joining GLY - GLU
Joining GLU - SER
Joining SER - ALA
Joining ALA - GLY
Joining GLY - GLY
Joining GLY - ALA
Joining ALA - SER
Joining SER - VAL
Joining VAL - GLY
Joining GLY - MET
Joining MET - HIE
Joining HIE - ILE
Joining ILE - LEU
Joining LEU - SER
Joining SER - PRO
Joining PRO - GLY
Joining GLY - SER
Joining SER - ARG
Joining ARG - ASP
Joining ASP - LEU
Joining LEU - PHE
Joining PHE - ARG
Joining ARG - ARG
Joining ARG - ALA
Joining ALA - ILE
Joining ILE - LEU
Joining LEU - GLN
Joining GLN - SER
Joining SER - GLY
Joining GLY - SER
Joining SER - PRO
Joining PRO - ASN
Joining ASN - CYS
Joining CYS - PRO
Joining PRO - TRP
Joining TRP - ALA
Joining ALA - SER
Joining SER - VAL
Joining VAL - SER
Joining SER - VAL
Joining VAL - ALA
Joining ALA - GLU
Joining GLU - GLY
Joining GLY - ARG
Joining ARG - ARG
Joining ARG - ARG
Joining ARG - ALA
Joining ALA - VAL
Joining VAL - GLU
Joining GLU - LEU
Joining LEU - GLY
Joining GLY - ARG
Joining ARG - ASN
Joining ASN - LEU
Joining LEU - ASN
Joining ASN - CYS
Joining CYS - ASN
Joining ASN - LEU
Joining LEU - ASN
  Added missing heavy atom: .R<ASN 257>.A<CG 8>
  Added missing heavy atom: .R<ASN 257>.A<OD1 9>
  Added missing heavy atom: .R<ASN 257>.A<ND2 10>
Joining ASN - SER
Joining SER - ASP
Joining ASP - GLU
  Added missing heavy atom: .R<GLU 260>.A<CD 11>
  Added missing heavy atom: .R<GLU 260>.A<OE1 12>
  Added missing heavy atom: .R<GLU 260>.A<OE2 13>
Joining GLU - GLU
Joining GLU - LEU
Joining LEU - ILE
Joining ILE - HIE
Joining HIE - CYS
Joining CYS - LEU
Joining LEU - ARG
Joining ARG - GLU
  Added missing heavy atom: .R<GLU 268>.A<CD 11>
  Added missing heavy atom: .R<GLU 268>.A<OE1 12>
  Added missing heavy atom: .R<GLU 268>.A<OE2 13>
Joining GLU - LYS
Joining LYS - LYS
  Added missing heavy atom: .R<LYS 270>.A<CE 14>
  Added missing heavy atom: .R<LYS 270>.A<NZ 17>
Joining LYS - PRO
Joining PRO - GLN
Joining GLN - GLU
Joining GLU - LEU
Joining LEU - ILE
Joining ILE - ASP
Joining ASP - VAL
Joining VAL - GLU
Joining GLU - TRP
Joining TRP - ASN
Joining ASN - VAL
Joining VAL - LEU
Joining LEU - PRO
Joining PRO - PHE
Joining PHE - ASP
Joining ASP - SER
Joining SER - ILE
Joining ILE - PHE
Joining PHE - ARG
Joining ARG - PHE
Joining PHE - SER
Joining SER - PHE
Joining PHE - VAL
Joining VAL - PRO
Joining PRO - VAL
Joining VAL - ILE
Joining ILE - ASP
Joining ASP - GLY
Joining GLY - GLU
  Added missing heavy atom: .R<GLU 299>.A<CD 11>
  Added missing heavy atom: .R<GLU 299>.A<OE1 12>
  Added missing heavy atom: .R<GLU 299>.A<OE2 13>
Joining GLU - PHE
Joining PHE - PHE
Joining PHE - PRO
Joining PRO - THR
Joining THR - SER
Joining SER - LEU
Joining LEU - GLU
Joining GLU - SER
Joining SER - MET
Joining MET - LEU
Joining LEU - ASN
Joining ASN - SER
Joining SER - GLY
Joining GLY - ASN
Joining ASN - PHE
Joining PHE - LYS
Joining LYS - LYS
Joining LYS - THR
Joining THR - GLN
Joining GLN - ILE
Joining ILE - LEU
Joining LEU - LEU
Joining LEU - GLY
Joining GLY - VAL
Joining VAL - ASN
Joining ASN - LYS
Joining LYS - ASP
Joining ASP - GLU
Joining GLU - GLY
Joining GLY - SER
Joining SER - PHE
Joining PHE - PHE
Joining PHE - LEU
Joining LEU - LEU
Joining LEU - TYR
Joining TYR - GLY
Joining GLY - ALA
Joining ALA - PRO
Joining PRO - GLY
Joining GLY - PHE
Joining PHE - SER
Joining SER - LYS
Joining LYS - ASP
Joining ASP - SER
Joining SER - GLU
  Added missing heavy atom: .R<GLU 344>.A<CD 11>
  Added missing heavy atom: .R<GLU 344>.A<OE1 12>
  Added missing heavy atom: .R<GLU 344>.A<OE2 13>
Joining GLU - SER
Joining SER - LYS
Joining LYS - ILE
Joining ILE - SER
Joining SER - ARG
Joining ARG - GLU
Joining GLU - ASP
Joining ASP - PHE
Joining PHE - MET
Joining MET - SER
Joining SER - GLY
Joining GLY - VAL
Joining VAL - LYS
Joining LYS - LEU
Joining LEU - SER
Joining SER - VAL
Joining VAL - PRO
Joining PRO - HIE
Joining HIE - ALA
Joining ALA - ASN
Joining ASN - ASP
Joining ASP - LEU
Joining LEU - GLY
Joining GLY - LEU
Joining LEU - ASP
Joining ASP - ALA
Joining ALA - VAL
Joining VAL - THR
Joining THR - LEU
Joining LEU - GLN
Joining GLN - TYR
Joining TYR - THR
Joining THR - ASP
Joining ASP - TRP
Joining TRP - MET
Joining MET - ASP
Joining ASP - ASP
Joining ASP - ASN
Joining ASN - ASN
Joining ASN - GLY
Joining GLY - ILE
Joining ILE - LYS
Joining LYS - ASN
Joining ASN - ARG
Joining ARG - ASP
Joining ASP - GLY
Joining GLY - LEU
Joining LEU - ASP
Joining ASP - ASP
Joining ASP - ILE
Joining ILE - VAL
Joining VAL - GLY
Joining GLY - ASP
Joining ASP - HIE
Joining HIE - ASN
Joining ASN - VAL
Joining VAL - ILE
Joining ILE - CYS
Joining CYS - PRO
Joining PRO - LEU
Joining LEU - MET
Joining MET - HIE
Joining HIE - PHE
Joining PHE - VAL
Joining VAL - ASN
Joining ASN - LYS
Joining LYS - TYR
Joining TYR - THR
Joining THR - LYS
  Added missing heavy atom: .R<LYS 413>.A<CD 11>
  Added missing heavy atom: .R<LYS 413>.A<CE 14>
  Added missing heavy atom: .R<LYS 413>.A<NZ 17>
Joining LYS - PHE
Joining PHE - GLY
Joining GLY - ASN
Joining ASN - GLY
Joining GLY - THR
Joining THR - TYR
Joining TYR - LEU
Joining LEU - TYR
Joining TYR - PHE
Joining PHE - PHE
Joining PHE - ASN
Joining ASN - HIE
Joining HIE - ARG
Joining ARG - ALA
Joining ALA - SER
Joining SER - ASN
Joining ASN - LEU
Joining LEU - VAL
Joining VAL - TRP
Joining TRP - PRO
Joining PRO - GLU
  Added missing heavy atom: .R<GLU 434>.A<OE1 12>
  Added missing heavy atom: .R<GLU 434>.A<OE2 13>
Joining GLU - TRP
Joining TRP - MET
Joining MET - GLY
Joining GLY - VAL
Joining VAL - ILE
Joining ILE - HIE
Joining HIE - GLY
Joining GLY - TYR
Joining TYR - GLU
Joining GLU - ILE
Joining ILE - GLU
Joining GLU - PHE
Joining PHE - VAL
Joining VAL - PHE
Joining PHE - GLY
Joining GLY - LEU
Joining LEU - PRO
Joining PRO - LEU
Joining LEU - VAL
Joining VAL - LYS
  Added missing heavy atom: .R<LYS 454>.A<CD 11>
  Added missing heavy atom: .R<LYS 454>.A<CE 14>
  Added missing heavy atom: .R<LYS 454>.A<NZ 17>
Joining LYS - GLU
Joining GLU - LEU
Joining LEU - ASN
Joining ASN - TYR
Joining TYR - THR
Joining THR - ALA
Joining ALA - GLU
Joining GLU - GLU
Joining GLU - GLU
Joining GLU - ALA
Joining ALA - LEU
Joining LEU - SER
Joining SER - ARG
Joining ARG - ARG
Joining ARG - ILE
Joining ILE - MET
Joining MET - HIE
Joining HIE - TYR
Joining TYR - TRP
Joining TRP - ALA
Joining ALA - THR
Joining THR - PHE
Joining PHE - ALA
Joining ALA - LYS
Joining LYS - THR
Joining THR - GLY
Joining GLY - ASN
Joining ASN - PRO
Joining PRO - ASN
Joining ASN - GLU
Joining GLU - PRO
Joining PRO - GLU
  Added missing heavy atom: .R<GLU 486>.A<CD 11>
  Added missing heavy atom: .R<GLU 486>.A<OE1 12>
  Added missing heavy atom: .R<GLU 486>.A<OE2 13>
Joining GLU - SER
Joining SER - LYS
Joining LYS - TRP
Joining TRP - PRO
Joining PRO - LEU
Joining LEU - PHE
Joining PHE - THR
Joining THR - THR
Joining THR - LYS
Joining LYS - GLU
Joining GLU - GLN
Joining GLN - LYS
Joining LYS - PHE
Joining PHE - ILE
Joining ILE - ASP
Joining ASP - LEU
Joining LEU - ASN
Joining ASN - THR
Joining THR - GLU
  Added missing heavy atom: .R<GLU 505>.A<OE1 12>
  Added missing heavy atom: .R<GLU 505>.A<OE2 13>
Joining GLU - PRO
Joining PRO - MET
Joining MET - LYS
  Added missing heavy atom: .R<LYS 508>.A<CD 11>
  Added missing heavy atom: .R<LYS 508>.A<CE 14>
  Added missing heavy atom: .R<LYS 508>.A<NZ 17>
Joining LYS - VAL
Joining VAL - HIE
Joining HIE - GLN
Joining GLN - ARG
  Added missing heavy atom: .R<ARG 512>.A<NH1 17>
  Added missing heavy atom: .R<ARG 512>.A<NH2 20>
Joining ARG - LEU
Joining LEU - ARG
Joining ARG - VAL
Joining VAL - GLN
Joining GLN - MET
Joining MET - CYS
Joining CYS - VAL
Joining VAL - PHE
Joining PHE - TRP
Joining TRP - ASN
Joining ASN - GLN
Joining GLN - PHE
Joining PHE - LEU
Joining LEU - PRO
Joining PRO - LYS
Joining LYS - LEU
Joining LEU - LEU
Joining LEU - ASN
Joining ASN - ALA
Joining ALA - CTHR
  Added missing heavy atom: .R<CTHR 532>.A<OXT 15>
  total atoms in file: 4253
  Leap added 4145 missing atoms according to residue templates:
       58 Heavy
       4087 H / lone pairs
> savepdb  protein  protein.pdb
Writing pdb file: protein.pdb
 Converting N-terminal residue name to PDB format: NSER -> SER
 Converting C-terminal residue name to PDB format: CTHR -> THR
> ##saveamberparm dipepide diVAL.prmtop diVAL.inpcrd
> 
> quit
	Quit
