log started: Fri Nov 23 17:48:32 2018

Log file: ./leap.log
>> #
>> # ----- leaprc for loading the ff99SB (Hornak & Simmerling) force field
>> # -----  this file is updated for PDB format 3
>> #
>> #	load atom type hybridizations
>> #
>> addAtomTypes {
>> 	{ "H"   "H" "sp3" }
>> 	{ "HO"  "H" "sp3" }
>> 	{ "HS"  "H" "sp3" }
>> 	{ "H1"  "H" "sp3" }
>> 	{ "H2"  "H" "sp3" }
>> 	{ "H3"  "H" "sp3" }
>> 	{ "H4"  "H" "sp3" }
>> 	{ "H5"  "H" "sp3" }
>> 	{ "HW"  "H" "sp3" }
>> 	{ "HC"  "H" "sp3" }
>> 	{ "HA"  "H" "sp3" }
>> 	{ "HP"  "H" "sp3" }
>> 	{ "OH"  "O" "sp3" }
>> 	{ "OS"  "O" "sp3" }
>> 	{ "O"   "O" "sp2" }
>> 	{ "O2"  "O" "sp2" }
>> 	{ "OW"  "O" "sp3" }
>> 	{ "CT"  "C" "sp3" }
>> 	{ "CH"  "C" "sp3" }
>> 	{ "C2"  "C" "sp3" }
>> 	{ "C3"  "C" "sp3" }
>> 	{ "C"   "C" "sp2" }
>> 	{ "C*"  "C" "sp2" }
>> 	{ "CA"  "C" "sp2" }
>> 	{ "CB"  "C" "sp2" }
>> 	{ "CC"  "C" "sp2" }
>> 	{ "CN"  "C" "sp2" }
>> 	{ "CM"  "C" "sp2" }
>> 	{ "CK"  "C" "sp2" }
>> 	{ "CQ"  "C" "sp2" }
>> 	{ "CD"  "C" "sp2" }
>> 	{ "CE"  "C" "sp2" }
>> 	{ "CF"  "C" "sp2" }
>> 	{ "CP"  "C" "sp2" }
>> 	{ "CI"  "C" "sp2" }
>> 	{ "CJ"  "C" "sp2" }
>> 	{ "CW"  "C" "sp2" }
>> 	{ "CV"  "C" "sp2" }
>> 	{ "CR"  "C" "sp2" }
>> 	{ "CA"  "C" "sp2" }
>> 	{ "CY"  "C" "sp2" }
>> 	{ "C0"  "Ca" "sp2" }
>> 	{ "MG"  "Mg" "sp3" }
>> 	{ "N"   "N" "sp2" }
>> 	{ "NA"  "N" "sp2" }
>> 	{ "N2"  "N" "sp2" }
>> 	{ "N*"  "N" "sp2" }
>> 	{ "NP"  "N" "sp2" }
>> 	{ "NQ"  "N" "sp2" }
>> 	{ "NB"  "N" "sp2" }
>> 	{ "NC"  "N" "sp2" }
>> 	{ "NT"  "N" "sp3" }
>> 	{ "N3"  "N" "sp3" }
>> 	{ "S"   "S" "sp3" }
>> 	{ "SH"  "S" "sp3" }
>> 	{ "P"   "P" "sp3" }
>> 	{ "LP"  ""  "sp3" }
>> 	{ "F"   "F" "sp3" }
>> 	{ "CL"  "Cl" "sp3" }
>> 	{ "BR"  "Br" "sp3" }
>> 	{ "I"   "I"  "sp3" }
>> 	{ "FE"  "Fe" "sp3" }
>> 	{ "EP"  ""  "sp3" }
>> # glycam
>> 	{ "OG"  "O" "sp3" }
>> 	{ "OL"  "O" "sp3" }
>> 	{ "AC"  "C" "sp3" }
>> 	{ "EC"  "C" "sp3" }
>> }
>> #
>> #	Load the main parameter set.
>> #
>> parm99 = loadamberparams parm99.dat
Loading parameters: /share/home/zhanghaiping/program/amber16/dat/leap/parm/parm99.dat
Reading title:
PARM99 for DNA,RNA,AA, organic molecules, TIP3P wat. Polariz.& LP incl.02/04/99
(UNKNOWN ATOM TYPE: HZ)
(UNKNOWN ATOM TYPE: IM)
(UNKNOWN ATOM TYPE: Li)
(UNKNOWN ATOM TYPE: IP)
(UNKNOWN ATOM TYPE: K)
(UNKNOWN ATOM TYPE: Rb)
(UNKNOWN ATOM TYPE: Cs)
(UNKNOWN ATOM TYPE: Zn)
(UNKNOWN ATOM TYPE: IB)
(UNKNOWN ATOM TYPE: LP)
>> frcmod99SB = loadamberparams frcmod.ff99SB
Loading parameters: /share/home/zhanghaiping/program/amber16/dat/leap/parm/frcmod.ff99SB
Reading force field modification type file (frcmod)
Reading title:
Modification/update of parm99.dat (Hornak & Simmerling)
>> #
>> #	Load DNA/RNA libraries
>> #
>> loadOff all_nucleic94.lib
Loading library: /share/home/zhanghaiping/program/amber16/dat/leap/lib/all_nucleic94.lib
Loading: DA
Loading: DA3
Loading: DA5
Loading: DAN
Loading: DC
Loading: DC3
Loading: DC5
Loading: DCN
Loading: DG
Loading: DG3
Loading: DG5
Loading: DGN
Loading: DT
Loading: DT3
Loading: DT5
Loading: DTN
Loading: RA
Loading: RA3
Loading: RA5
Loading: RAN
Loading: RC
Loading: RC3
Loading: RC5
Loading: RCN
Loading: RG
Loading: RG3
Loading: RG5
Loading: RGN
Loading: RU
Loading: RU3
Loading: RU5
Loading: RUN
>> #
>> #	Load main chain and terminating 
>> #	amino acid libraries (i.e. ff94 libs)
>> #
>> loadOff all_amino94.lib
Loading library: /share/home/zhanghaiping/program/amber16/dat/leap/lib/all_amino94.lib
Loading: ALA
Loading: ARG
Loading: ASH
Loading: ASN
Loading: ASP
Loading: CYM
Loading: CYS
Loading: CYX
Loading: GLH
Loading: GLN
Loading: GLU
Loading: GLY
Loading: HID
Loading: HIE
Loading: HIP
Loading: ILE
Loading: LEU
Loading: LYN
Loading: LYS
Loading: MET
Loading: PHE
Loading: PRO
Loading: SER
Loading: THR
Loading: TRP
Loading: TYR
Loading: VAL
>> loadOff all_aminoct94.lib
Loading library: /share/home/zhanghaiping/program/amber16/dat/leap/lib/all_aminoct94.lib
Loading: CALA
Loading: CARG
Loading: CASN
Loading: CASP
Loading: CCYS
Loading: CCYX
Loading: CGLN
Loading: CGLU
Loading: CGLY
Loading: CHID
Loading: CHIE
Loading: CHIP
Loading: CILE
Loading: CLEU
Loading: CLYS
Loading: CMET
Loading: CPHE
Loading: CPRO
Loading: CSER
Loading: CTHR
Loading: CTRP
Loading: CTYR
Loading: CVAL
Loading: NHE
Loading: NME
>> loadOff all_aminont94.lib
Loading library: /share/home/zhanghaiping/program/amber16/dat/leap/lib/all_aminont94.lib
Loading: ACE
Loading: NALA
Loading: NARG
Loading: NASN
Loading: NASP
Loading: NCYS
Loading: NCYX
Loading: NGLN
Loading: NGLU
Loading: NGLY
Loading: NHID
Loading: NHIE
Loading: NHIP
Loading: NILE
Loading: NLEU
Loading: NLYS
Loading: NMET
Loading: NPHE
Loading: NPRO
Loading: NSER
Loading: NTHR
Loading: NTRP
Loading: NTYR
Loading: NVAL
>> #
>> #       Load water and ions
>> # 
>> loadOff ions94.lib
Loading library: /share/home/zhanghaiping/program/amber16/dat/leap/lib/ions94.lib
Loading: CIO
Loading: Cl-
Loading: Cs+
Loading: IB
Loading: K+
Loading: Li+
Loading: MG2
Loading: Na+
Loading: Rb+
>> loadOff solvents.lib
Loading library: /share/home/zhanghaiping/program/amber16/dat/leap/lib/solvents.lib
Loading: CHCL3BOX
Loading: DC4
Loading: FB3
Loading: FB3BOX
Loading: FB4
Loading: FB4BOX
Loading: MEOHBOX
Loading: NMABOX
Loading: OPC
Loading: OPCBOX
Loading: PL3
Loading: POL3BOX
Loading: QSPCFWBOX
Loading: SPC
Loading: SPCBOX
Loading: SPCFWBOX
Loading: SPF
Loading: SPG
Loading: T4E
Loading: TIP3PBOX
Loading: TIP3PFBOX
Loading: TIP4PBOX
Loading: TIP4PEWBOX
Loading: TIP5PBOX
Loading: TP3
Loading: TP4
Loading: TP5
Loading: TPF
>> HOH = TP3
>> WAT = TP3
>> 
>> #
>> #	Define the PDB name map for the amino acids and DNA.
>> #
>> addPdbResMap {
>>   { 0 "ALA" "NALA" } { 1 "ALA" "CALA" }
>>   { 0 "ARG" "NARG" } { 1 "ARG" "CARG" }
>>   { 0 "ASN" "NASN" } { 1 "ASN" "CASN" }
>>   { 0 "ASP" "NASP" } { 1 "ASP" "CASP" }
>>   { 0 "CYS" "NCYS" } { 1 "CYS" "CCYS" }
>>   { 0 "CYX" "NCYX" } { 1 "CYX" "CCYX" }
>>   { 0 "GLN" "NGLN" } { 1 "GLN" "CGLN" }
>>   { 0 "GLU" "NGLU" } { 1 "GLU" "CGLU" }
>>   { 0 "GLY" "NGLY" } { 1 "GLY" "CGLY" }
>>   { 0 "HID" "NHID" } { 1 "HID" "CHID" }
>>   { 0 "HIE" "NHIE" } { 1 "HIE" "CHIE" }
>>   { 0 "HIP" "NHIP" } { 1 "HIP" "CHIP" }
>>   { 0 "ILE" "NILE" } { 1 "ILE" "CILE" }
>>   { 0 "LEU" "NLEU" } { 1 "LEU" "CLEU" }
>>   { 0 "LYS" "NLYS" } { 1 "LYS" "CLYS" }
>>   { 0 "MET" "NMET" } { 1 "MET" "CMET" }
>>   { 0 "PHE" "NPHE" } { 1 "PHE" "CPHE" }
>>   { 0 "PRO" "NPRO" } { 1 "PRO" "CPRO" }
>>   { 0 "SER" "NSER" } { 1 "SER" "CSER" }
>>   { 0 "THR" "NTHR" } { 1 "THR" "CTHR" }
>>   { 0 "TRP" "NTRP" } { 1 "TRP" "CTRP" }
>>   { 0 "TYR" "NTYR" } { 1 "TYR" "CTYR" }
>>   { 0 "VAL" "NVAL" } { 1 "VAL" "CVAL" }
>>   { 0 "HIS" "NHIS" } { 1 "HIS" "CHIS" }
>>   { 0 "GUA" "DG5"  } { 1 "GUA" "DG3"  } { "GUA" "DG" }
>>   { 0 "ADE" "DA5"  } { 1 "ADE" "DA3"  } { "ADE" "DA" }
>>   { 0 "CYT" "DC5"  } { 1 "CYT" "DC3"  } { "CYT" "DC" }
>>   { 0 "THY" "DT5"  } { 1 "THY" "DT3"  } { "THY" "DT" }
>>   { 0 "G" "RG5"  } { 1 "G" "RG3"  } { "G" "RG" } { "GN" "RGN" }
>>   { 0 "A" "RA5"  } { 1 "A" "RA3"  } { "A" "RA" } { "AN" "RAN" }
>>   { 0 "C" "RC5"  } { 1 "C" "RC3"  } { "C" "RC" } { "CN" "RCN" }
>>   { 0 "U" "RU5"  } { 1 "U" "RU3"  } { "U" "RU" } { "UN" "RUN" }
>>   { 0 "DG" "DG5"  } { 1 "DG" "DG3"  }  
>>   { 0 "DA" "DA5"  } { 1 "DA" "DA3"  }  
>>   { 0 "DC" "DC5"  } { 1 "DC" "DC3"  }  
>>   { 0 "DT" "DT5"  } { 1 "DT" "DT3"  }
>> 
>> }
>> 
>> addPdbAtomMap {
>>   { "O5*" "O5'" }
>>   { "C5*" "C5'" }
>>   { "C4*" "C4'" }
>>   { "O4*" "O4'" }
>>   { "C3*" "C3'" }
>>   { "O3*" "O3'" }
>>   { "C2*" "C2'" }
>>   { "C1*" "C1'" }
>>   { "C5M" "C7"  }
>>   { "O2*" "O2'" }
>>   { "H1*" "H1'" }
>>   { "H2*1" "H2'1" }
>>   { "H2*2" "H2'2" }
>>   { "H2'"  "H2'1" }
>>   { "H2''" "H2'2" }
>>   { "H3*" "H3'" }
>>   { "H4*" "H4'" }
>>   { "H5*1" "H5'1" }
>>   { "H5*2" "H5'2" }
>>   { "H5'"  "H5'1" }
>>   { "H5''" "H5'2" }
>>   { "HO2'" "HO'2" }
>>   { "HO5'" "H5T" }
>>   { "HO3'" "H3T" }
>>   { "O1'" "O4'" }
>>   { "OA"  "O1P" }
>>   { "OB"  "O2P" }
>>   { "OP1" "O1P" }
>>   { "OP2" "O2P" }
>> }
>> 
>> 
>> #
>> # assumed that most often proteins use HIE
>> #
>> NHIS = NHIE
>> HIS = HIE
>> CHIS = CHIE
> 
> #source /home/zhp/tleap/leaprc.GLYCAM_06j-1
> set default PBRadii mbondi3
Using ArgH and AspGluO modified Bondi2 radii
> #3dipepide=sequence{ACE VAL NME}
> 
> 
> protein = loadpdb  2br1_ww.pdb
Loading PDB file: ./2br1_ww.pdb
Enter zPdbReadScan from call depth  0.
-- residue 62: duplicate [ CD] atoms (total 2)
-- residue 62: duplicate [ OE1] atoms (total 2)
-- residue 62: duplicate [ OE2] atoms (total 2)
-- residue 92: duplicate [ CD] atoms (total 2)
-- residue 92: duplicate [ CG] atoms (total 2)
-- residue 92: duplicate [ CZ] atoms (total 2)
-- residue 92: duplicate [ NE] atoms (total 2)
-- residue 92: duplicate [ NH1] atoms (total 2)
-- residue 92: duplicate [ NH2] atoms (total 2)

   Warning: Atom names in each residue should be unique.
     (Same-name atoms are handled by using the first
      occurrence and by ignoring the rest.
      Frequently duplicate atom names stem from alternate
      conformations in the PDB file.)

Exit  zPdbReadScan from call depth  0.
Matching PDB residue names to LEaP variables.
Mapped residue ALA, term: Terminal/beginning, seq. number: 0 to: NALA.
(Residue 1: VAL, Nonterminal, was not found in name map.)
(Residue 2: PRO, Nonterminal, was not found in name map.)
(Residue 3: PHE, Nonterminal, was not found in name map.)
(Residue 4: VAL, Nonterminal, was not found in name map.)
(Residue 5: GLU, Nonterminal, was not found in name map.)
(Residue 6: ASP, Nonterminal, was not found in name map.)
(Residue 7: TRP, Nonterminal, was not found in name map.)
(Residue 8: ASP, Nonterminal, was not found in name map.)
(Residue 9: LEU, Nonterminal, was not found in name map.)
(Residue 10: VAL, Nonterminal, was not found in name map.)
(Residue 11: GLN, Nonterminal, was not found in name map.)
(Residue 12: THR, Nonterminal, was not found in name map.)
(Residue 13: LEU, Nonterminal, was not found in name map.)
(Residue 14: GLY, Nonterminal, was not found in name map.)
(Residue 15: GLU, Nonterminal, was not found in name map.)
(Residue 16: GLY, Nonterminal, was not found in name map.)
(Residue 17: ALA, Nonterminal, was not found in name map.)
(Residue 18: TYR, Nonterminal, was not found in name map.)
(Residue 19: GLY, Nonterminal, was not found in name map.)
(Residue 20: GLU, Nonterminal, was not found in name map.)
(Residue 21: VAL, Nonterminal, was not found in name map.)
(Residue 22: GLN, Nonterminal, was not found in name map.)
(Residue 23: LEU, Nonterminal, was not found in name map.)
(Residue 24: ALA, Nonterminal, was not found in name map.)
(Residue 25: VAL, Nonterminal, was not found in name map.)
(Residue 26: ASN, Nonterminal, was not found in name map.)
(Residue 27: ARG, Nonterminal, was not found in name map.)
(Residue 28: VAL, Nonterminal, was not found in name map.)
(Residue 29: THR, Nonterminal, was not found in name map.)
(Residue 30: GLU, Nonterminal, was not found in name map.)
(Residue 31: GLU, Nonterminal, was not found in name map.)
(Residue 32: ALA, Nonterminal, was not found in name map.)
(Residue 33: VAL, Nonterminal, was not found in name map.)
(Residue 34: ALA, Nonterminal, was not found in name map.)
(Residue 35: VAL, Nonterminal, was not found in name map.)
(Residue 36: LYS, Nonterminal, was not found in name map.)
(Residue 37: ILE, Nonterminal, was not found in name map.)
(Residue 38: VAL, Nonterminal, was not found in name map.)
(Residue 39: ASP, Nonterminal, was not found in name map.)
(Residue 40: MET, Nonterminal, was not found in name map.)
(Residue 41: LYS, Nonterminal, was not found in name map.)
(Residue 42: ARG, Nonterminal, was not found in name map.)
(Residue 43: CYS, Nonterminal, was not found in name map.)
(Residue 44: PRO, Nonterminal, was not found in name map.)
(Residue 45: GLU, Nonterminal, was not found in name map.)
(Residue 46: ASN, Nonterminal, was not found in name map.)
(Residue 47: ILE, Nonterminal, was not found in name map.)
(Residue 48: LYS, Nonterminal, was not found in name map.)
(Residue 49: LYS, Nonterminal, was not found in name map.)
(Residue 50: GLU, Nonterminal, was not found in name map.)
(Residue 51: ILE, Nonterminal, was not found in name map.)
(Residue 52: CYS, Nonterminal, was not found in name map.)
(Residue 53: ILE, Nonterminal, was not found in name map.)
(Residue 54: ASN, Nonterminal, was not found in name map.)
(Residue 55: LYS, Nonterminal, was not found in name map.)
(Residue 56: MET, Nonterminal, was not found in name map.)
(Residue 57: LEU, Nonterminal, was not found in name map.)
(Residue 58: ASN, Nonterminal, was not found in name map.)
(Residue 59: HIS, Nonterminal, was not found in name map.)
(Residue 60: GLU, Nonterminal, was not found in name map.)
(Residue 61: ASN, Nonterminal, was not found in name map.)
(Residue 62: VAL, Nonterminal, was not found in name map.)
(Residue 63: VAL, Nonterminal, was not found in name map.)
(Residue 64: LYS, Nonterminal, was not found in name map.)
(Residue 65: PHE, Nonterminal, was not found in name map.)
(Residue 66: TYR, Nonterminal, was not found in name map.)
(Residue 67: GLY, Nonterminal, was not found in name map.)
(Residue 68: HIS, Nonterminal, was not found in name map.)
(Residue 69: ARG, Nonterminal, was not found in name map.)
(Residue 70: ARG, Nonterminal, was not found in name map.)
(Residue 71: GLU, Nonterminal, was not found in name map.)
(Residue 72: GLY, Nonterminal, was not found in name map.)
(Residue 73: ASN, Nonterminal, was not found in name map.)
(Residue 74: ILE, Nonterminal, was not found in name map.)
(Residue 75: GLN, Nonterminal, was not found in name map.)
(Residue 76: TYR, Nonterminal, was not found in name map.)
(Residue 77: LEU, Nonterminal, was not found in name map.)
(Residue 78: PHE, Nonterminal, was not found in name map.)
(Residue 79: LEU, Nonterminal, was not found in name map.)
(Residue 80: GLU, Nonterminal, was not found in name map.)
(Residue 81: TYR, Nonterminal, was not found in name map.)
(Residue 82: CYS, Nonterminal, was not found in name map.)
(Residue 83: SER, Nonterminal, was not found in name map.)
(Residue 84: GLY, Nonterminal, was not found in name map.)
(Residue 85: GLY, Nonterminal, was not found in name map.)
(Residue 86: GLU, Nonterminal, was not found in name map.)
(Residue 87: LEU, Nonterminal, was not found in name map.)
(Residue 88: PHE, Nonterminal, was not found in name map.)
(Residue 89: ASP, Nonterminal, was not found in name map.)
(Residue 90: ARG, Nonterminal, was not found in name map.)
(Residue 91: ILE, Nonterminal, was not found in name map.)
(Residue 92: GLU, Nonterminal, was not found in name map.)
(Residue 93: PRO, Nonterminal, was not found in name map.)
(Residue 94: ASP, Nonterminal, was not found in name map.)
(Residue 95: ILE, Nonterminal, was not found in name map.)
(Residue 96: GLY, Nonterminal, was not found in name map.)
(Residue 97: MET, Nonterminal, was not found in name map.)
(Residue 98: PRO, Nonterminal, was not found in name map.)
(Residue 99: GLU, Nonterminal, was not found in name map.)
(Residue 100: PRO, Nonterminal, was not found in name map.)
(Residue 101: ASP, Nonterminal, was not found in name map.)
(Residue 102: ALA, Nonterminal, was not found in name map.)
(Residue 103: GLN, Nonterminal, was not found in name map.)
(Residue 104: ARG, Nonterminal, was not found in name map.)
(Residue 105: PHE, Nonterminal, was not found in name map.)
(Residue 106: PHE, Nonterminal, was not found in name map.)
(Residue 107: HIS, Nonterminal, was not found in name map.)
(Residue 108: GLN, Nonterminal, was not found in name map.)
(Residue 109: LEU, Nonterminal, was not found in name map.)
(Residue 110: MET, Nonterminal, was not found in name map.)
(Residue 111: ALA, Nonterminal, was not found in name map.)
(Residue 112: GLY, Nonterminal, was not found in name map.)
(Residue 113: VAL, Nonterminal, was not found in name map.)
(Residue 114: VAL, Nonterminal, was not found in name map.)
(Residue 115: TYR, Nonterminal, was not found in name map.)
(Residue 116: LEU, Nonterminal, was not found in name map.)
(Residue 117: HIS, Nonterminal, was not found in name map.)
(Residue 118: GLY, Nonterminal, was not found in name map.)
(Residue 119: ILE, Nonterminal, was not found in name map.)
(Residue 120: GLY, Nonterminal, was not found in name map.)
(Residue 121: ILE, Nonterminal, was not found in name map.)
(Residue 122: THR, Nonterminal, was not found in name map.)
(Residue 123: HIS, Nonterminal, was not found in name map.)
(Residue 124: ARG, Nonterminal, was not found in name map.)
(Residue 125: ASP, Nonterminal, was not found in name map.)
(Residue 126: ILE, Nonterminal, was not found in name map.)
(Residue 127: LYS, Nonterminal, was not found in name map.)
(Residue 128: PRO, Nonterminal, was not found in name map.)
(Residue 129: GLU, Nonterminal, was not found in name map.)
(Residue 130: ASN, Nonterminal, was not found in name map.)
(Residue 131: LEU, Nonterminal, was not found in name map.)
(Residue 132: LEU, Nonterminal, was not found in name map.)
(Residue 133: LEU, Nonterminal, was not found in name map.)
(Residue 134: ASP, Nonterminal, was not found in name map.)
(Residue 135: GLU, Nonterminal, was not found in name map.)
(Residue 136: ARG, Nonterminal, was not found in name map.)
(Residue 137: ASP, Nonterminal, was not found in name map.)
(Residue 138: ASN, Nonterminal, was not found in name map.)
(Residue 139: LEU, Nonterminal, was not found in name map.)
(Residue 140: LYS, Nonterminal, was not found in name map.)
(Residue 141: ILE, Nonterminal, was not found in name map.)
(Residue 142: SER, Nonterminal, was not found in name map.)
(Residue 143: ASP, Nonterminal, was not found in name map.)
(Residue 144: PHE, Nonterminal, was not found in name map.)
(Residue 145: GLY, Nonterminal, was not found in name map.)
(Residue 146: LEU, Nonterminal, was not found in name map.)
(Residue 147: ALA, Nonterminal, was not found in name map.)
(Residue 148: THR, Nonterminal, was not found in name map.)
(Residue 149: VAL, Nonterminal, was not found in name map.)
(Residue 150: PHE, Nonterminal, was not found in name map.)
(Residue 151: ARG, Nonterminal, was not found in name map.)
(Residue 152: TYR, Nonterminal, was not found in name map.)
(Residue 153: ASN, Nonterminal, was not found in name map.)
(Residue 154: ASN, Nonterminal, was not found in name map.)
(Residue 155: ARG, Nonterminal, was not found in name map.)
(Residue 156: GLU, Nonterminal, was not found in name map.)
(Residue 157: ARG, Nonterminal, was not found in name map.)
(Residue 158: LEU, Nonterminal, was not found in name map.)
(Residue 159: LEU, Nonterminal, was not found in name map.)
(Residue 160: ASN, Nonterminal, was not found in name map.)
(Residue 161: LYS, Nonterminal, was not found in name map.)
(Residue 162: MET, Nonterminal, was not found in name map.)
(Residue 163: CYS, Nonterminal, was not found in name map.)
(Residue 164: GLY, Nonterminal, was not found in name map.)
(Residue 165: THR, Nonterminal, was not found in name map.)
(Residue 166: LEU, Nonterminal, was not found in name map.)
(Residue 167: PRO, Nonterminal, was not found in name map.)
(Residue 168: TYR, Nonterminal, was not found in name map.)
(Residue 169: VAL, Nonterminal, was not found in name map.)
(Residue 170: ALA, Nonterminal, was not found in name map.)
(Residue 171: PRO, Nonterminal, was not found in name map.)
(Residue 172: GLU, Nonterminal, was not found in name map.)
(Residue 173: LEU, Nonterminal, was not found in name map.)
(Residue 174: LEU, Nonterminal, was not found in name map.)
(Residue 175: LYS, Nonterminal, was not found in name map.)
(Residue 176: ARG, Nonterminal, was not found in name map.)
(Residue 177: ARG, Nonterminal, was not found in name map.)
(Residue 178: GLU, Nonterminal, was not found in name map.)
(Residue 179: PHE, Nonterminal, was not found in name map.)
(Residue 180: HIS, Nonterminal, was not found in name map.)
(Residue 181: ALA, Nonterminal, was not found in name map.)
(Residue 182: GLU, Nonterminal, was not found in name map.)
(Residue 183: PRO, Nonterminal, was not found in name map.)
(Residue 184: VAL, Nonterminal, was not found in name map.)
(Residue 185: ASP, Nonterminal, was not found in name map.)
(Residue 186: VAL, Nonterminal, was not found in name map.)
(Residue 187: TRP, Nonterminal, was not found in name map.)
(Residue 188: SER, Nonterminal, was not found in name map.)
(Residue 189: CYS, Nonterminal, was not found in name map.)
(Residue 190: GLY, Nonterminal, was not found in name map.)
(Residue 191: ILE, Nonterminal, was not found in name map.)
(Residue 192: VAL, Nonterminal, was not found in name map.)
(Residue 193: LEU, Nonterminal, was not found in name map.)
(Residue 194: THR, Nonterminal, was not found in name map.)
(Residue 195: ALA, Nonterminal, was not found in name map.)
(Residue 196: MET, Nonterminal, was not found in name map.)
(Residue 197: LEU, Nonterminal, was not found in name map.)
(Residue 198: ALA, Nonterminal, was not found in name map.)
(Residue 199: GLY, Nonterminal, was not found in name map.)
(Residue 200: GLU, Nonterminal, was not found in name map.)
(Residue 201: LEU, Nonterminal, was not found in name map.)
(Residue 202: PRO, Nonterminal, was not found in name map.)
(Residue 203: TRP, Nonterminal, was not found in name map.)
(Residue 204: ASP, Nonterminal, was not found in name map.)
(Residue 205: GLN, Nonterminal, was not found in name map.)
(Residue 206: PRO, Nonterminal, was not found in name map.)
(Residue 207: SER, Nonterminal, was not found in name map.)
(Residue 208: ASP, Nonterminal, was not found in name map.)
(Residue 209: SER, Nonterminal, was not found in name map.)
(Residue 210: CYS, Nonterminal, was not found in name map.)
(Residue 211: GLN, Nonterminal, was not found in name map.)
(Residue 212: GLU, Nonterminal, was not found in name map.)
(Residue 213: TYR, Nonterminal, was not found in name map.)
(Residue 214: SER, Nonterminal, was not found in name map.)
(Residue 215: ASP, Nonterminal, was not found in name map.)
(Residue 216: TRP, Nonterminal, was not found in name map.)
(Residue 217: LYS, Nonterminal, was not found in name map.)
(Residue 218: GLU, Nonterminal, was not found in name map.)
(Residue 219: LYS, Nonterminal, was not found in name map.)
(Residue 220: LYS, Nonterminal, was not found in name map.)
(Residue 221: THR, Nonterminal, was not found in name map.)
(Residue 222: TYR, Nonterminal, was not found in name map.)
(Residue 223: LEU, Nonterminal, was not found in name map.)
(Residue 224: ASN, Nonterminal, was not found in name map.)
(Residue 225: PRO, Nonterminal, was not found in name map.)
(Residue 226: TRP, Nonterminal, was not found in name map.)
(Residue 227: LYS, Nonterminal, was not found in name map.)
(Residue 228: LYS, Nonterminal, was not found in name map.)
(Residue 229: ILE, Nonterminal, was not found in name map.)
(Residue 230: ASP, Nonterminal, was not found in name map.)
(Residue 231: SER, Nonterminal, was not found in name map.)
(Residue 232: ALA, Nonterminal, was not found in name map.)
(Residue 233: PRO, Nonterminal, was not found in name map.)
(Residue 234: LEU, Nonterminal, was not found in name map.)
(Residue 235: ALA, Nonterminal, was not found in name map.)
(Residue 236: LEU, Nonterminal, was not found in name map.)
(Residue 237: LEU, Nonterminal, was not found in name map.)
(Residue 238: HIS, Nonterminal, was not found in name map.)
(Residue 239: LYS, Nonterminal, was not found in name map.)
(Residue 240: ILE, Nonterminal, was not found in name map.)
(Residue 241: LEU, Nonterminal, was not found in name map.)
(Residue 242: VAL, Nonterminal, was not found in name map.)
(Residue 243: GLU, Nonterminal, was not found in name map.)
(Residue 244: ASN, Nonterminal, was not found in name map.)
(Residue 245: PRO, Nonterminal, was not found in name map.)
(Residue 246: SER, Nonterminal, was not found in name map.)
(Residue 247: ALA, Nonterminal, was not found in name map.)
(Residue 248: ARG, Nonterminal, was not found in name map.)
(Residue 249: ILE, Nonterminal, was not found in name map.)
(Residue 250: THR, Nonterminal, was not found in name map.)
(Residue 251: ILE, Nonterminal, was not found in name map.)
(Residue 252: PRO, Nonterminal, was not found in name map.)
(Residue 253: ASP, Nonterminal, was not found in name map.)
(Residue 254: ILE, Nonterminal, was not found in name map.)
(Residue 255: LYS, Nonterminal, was not found in name map.)
(Residue 256: LYS, Nonterminal, was not found in name map.)
(Residue 257: ASP, Nonterminal, was not found in name map.)
(Residue 258: ARG, Nonterminal, was not found in name map.)
(Residue 259: TRP, Nonterminal, was not found in name map.)
(Residue 260: TYR, Nonterminal, was not found in name map.)
(Residue 261: ASN, Nonterminal, was not found in name map.)
(Residue 262: LYS, Nonterminal, was not found in name map.)
(Residue 263: PRO, Nonterminal, was not found in name map.)
(Residue 264: LEU, Nonterminal, was not found in name map.)
(Residue 265: LYS, Nonterminal, was not found in name map.)
(Residue 266: LYS, Nonterminal, was not found in name map.)
(Residue 267: GLY, Nonterminal, was not found in name map.)
(Residue 268: ALA, Nonterminal, was not found in name map.)
(Residue 269: LYS, Nonterminal, was not found in name map.)
(Residue 270: ARG, Nonterminal, was not found in name map.)
Mapped residue PRO, term: Terminal/last, seq. number: 271 to: CPRO.
Joining NALA - VAL
Joining VAL - PRO
Joining PRO - PHE
Joining PHE - VAL
Joining VAL - GLU
Joining GLU - ASP
Joining ASP - TRP
Joining TRP - ASP
Joining ASP - LEU
Joining LEU - VAL
Joining VAL - GLN
Joining GLN - THR
Joining THR - LEU
Joining LEU - GLY
Joining GLY - GLU
Joining GLU - GLY
Joining GLY - ALA
Joining ALA - TYR
Joining TYR - GLY
Joining GLY - GLU
Joining GLU - VAL
Joining VAL - GLN
Joining GLN - LEU
Joining LEU - ALA
Joining ALA - VAL
Joining VAL - ASN
Joining ASN - ARG
Joining ARG - VAL
Joining VAL - THR
Joining THR - GLU
Joining GLU - GLU
Joining GLU - ALA
Joining ALA - VAL
Joining VAL - ALA
Joining ALA - VAL
Joining VAL - LYS
Joining LYS - ILE
Joining ILE - VAL
Joining VAL - ASP
Joining ASP - MET
Joining MET - LYS
Joining LYS - ARG
Joining ARG - CYS
Joining CYS - PRO
Joining PRO - GLU
Joining GLU - ASN
Joining ASN - ILE
Joining ILE - LYS
Joining LYS - LYS
Joining LYS - GLU
Joining GLU - ILE
Joining ILE - CYS
Joining CYS - ILE
Joining ILE - ASN
Joining ASN - LYS
Joining LYS - MET
Joining MET - LEU
Joining LEU - ASN
Joining ASN - HIE
Joining HIE - GLU
Joining GLU - ASN
Joining ASN - VAL
Joining VAL - VAL
Joining VAL - LYS
Joining LYS - PHE
Joining PHE - TYR
Joining TYR - GLY
Joining GLY - HIE
Joining HIE - ARG
Joining ARG - ARG
Joining ARG - GLU
Joining GLU - GLY
Joining GLY - ASN
Joining ASN - ILE
Joining ILE - GLN
Joining GLN - TYR
Joining TYR - LEU
Joining LEU - PHE
Joining PHE - LEU
Joining LEU - GLU
Joining GLU - TYR
Joining TYR - CYS
Joining CYS - SER
Joining SER - GLY
Joining GLY - GLY
Joining GLY - GLU
Joining GLU - LEU
Joining LEU - PHE
Joining PHE - ASP
Joining ASP - ARG
Joining ARG - ILE
Joining ILE - GLU
Joining GLU - PRO
Joining PRO - ASP
Joining ASP - ILE
Joining ILE - GLY
Joining GLY - MET
Joining MET - PRO
Joining PRO - GLU
Joining GLU - PRO
Joining PRO - ASP
Joining ASP - ALA
Joining ALA - GLN
Joining GLN - ARG
Joining ARG - PHE
Joining PHE - PHE
Joining PHE - HIE
Joining HIE - GLN
Joining GLN - LEU
Joining LEU - MET
Joining MET - ALA
Joining ALA - GLY
Joining GLY - VAL
Joining VAL - VAL
Joining VAL - TYR
Joining TYR - LEU
Joining LEU - HIE
Joining HIE - GLY
Joining GLY - ILE
Joining ILE - GLY
Joining GLY - ILE
Joining ILE - THR
Joining THR - HIE
Joining HIE - ARG
Joining ARG - ASP
Joining ASP - ILE
Joining ILE - LYS
Joining LYS - PRO
Joining PRO - GLU
Joining GLU - ASN
Joining ASN - LEU
Joining LEU - LEU
Joining LEU - LEU
Joining LEU - ASP
Joining ASP - GLU
Joining GLU - ARG
Joining ARG - ASP
Joining ASP - ASN
Joining ASN - LEU
Joining LEU - LYS
Joining LYS - ILE
Joining ILE - SER
Joining SER - ASP
Joining ASP - PHE
Joining PHE - GLY
Joining GLY - LEU
Joining LEU - ALA
Joining ALA - THR
Joining THR - VAL
Joining VAL - PHE
Joining PHE - ARG
Joining ARG - TYR
Joining TYR - ASN
Joining ASN - ASN
Joining ASN - ARG
Joining ARG - GLU
Joining GLU - ARG
Joining ARG - LEU
Joining LEU - LEU
Joining LEU - ASN
Joining ASN - LYS
Joining LYS - MET
Joining MET - CYS
Joining CYS - GLY
Joining GLY - THR
Joining THR - LEU
Joining LEU - PRO
Joining PRO - TYR
Joining TYR - VAL
Joining VAL - ALA
Joining ALA - PRO
Joining PRO - GLU
Joining GLU - LEU
Joining LEU - LEU
Joining LEU - LYS
Joining LYS - ARG
Joining ARG - ARG
Joining ARG - GLU
Joining GLU - PHE
Joining PHE - HIE
Joining HIE - ALA
Joining ALA - GLU
Joining GLU - PRO
Joining PRO - VAL
Joining VAL - ASP
Joining ASP - VAL
Joining VAL - TRP
Joining TRP - SER
Joining SER - CYS
Joining CYS - GLY
Joining GLY - ILE
Joining ILE - VAL
Joining VAL - LEU
Joining LEU - THR
Joining THR - ALA
Joining ALA - MET
Joining MET - LEU
Joining LEU - ALA
Joining ALA - GLY
Joining GLY - GLU
Joining GLU - LEU
Joining LEU - PRO
Joining PRO - TRP
Joining TRP - ASP
Joining ASP - GLN
Joining GLN - PRO
Joining PRO - SER
Joining SER - ASP
Joining ASP - SER
Joining SER - CYS
Joining CYS - GLN
Joining GLN - GLU
Joining GLU - TYR
Joining TYR - SER
Joining SER - ASP
Joining ASP - TRP
Joining TRP - LYS
Joining LYS - GLU
Joining GLU - LYS
Joining LYS - LYS
Joining LYS - THR
Joining THR - TYR
Joining TYR - LEU
Joining LEU - ASN
Joining ASN - PRO
Joining PRO - TRP
Joining TRP - LYS
Joining LYS - LYS
Joining LYS - ILE
Joining ILE - ASP
Joining ASP - SER
Joining SER - ALA
Joining ALA - PRO
Joining PRO - LEU
Joining LEU - ALA
Joining ALA - LEU
Joining LEU - LEU
Joining LEU - HIE
Joining HIE - LYS
Joining LYS - ILE
Joining ILE - LEU
Joining LEU - VAL
Joining VAL - GLU
Joining GLU - ASN
Joining ASN - PRO
Joining PRO - SER
Joining SER - ALA
Joining ALA - ARG
Joining ARG - ILE
Joining ILE - THR
Joining THR - ILE
Joining ILE - PRO
Joining PRO - ASP
Joining ASP - ILE
Joining ILE - LYS
Joining LYS - LYS
Joining LYS - ASP
Joining ASP - ARG
Joining ARG - TRP
Joining TRP - TYR
Joining TYR - ASN
Joining ASN - LYS
Joining LYS - PRO
Joining PRO - LEU
Joining LEU - LYS
Joining LYS - LYS
Joining LYS - GLY
Joining GLY - ALA
Joining ALA - LYS
Joining LYS - ARG
Joining ARG - CPRO
  Added missing heavy atom: .R<CPRO 273>.A<O 14>
  Added missing heavy atom: .R<CPRO 273>.A<OXT 15>
  total atoms in file: 2217
  Leap added 2217 missing atoms according to residue templates:
       2 Heavy
       2215 H / lone pairs
> savepdb  protein  protein.pdb
Writing pdb file: protein.pdb
 Converting N-terminal residue name to PDB format: NALA -> ALA
 Converting C-terminal residue name to PDB format: CPRO -> PRO
> ##saveamberparm dipepide diVAL.prmtop diVAL.inpcrd
> 
> quit
	Quit
