log started: Fri Nov 23 17:36:55 2018

Log file: ./leap.log
>> #
>> # ----- leaprc for loading the ff99SB (Hornak & Simmerling) force field
>> # -----  this file is updated for PDB format 3
>> #
>> #	load atom type hybridizations
>> #
>> addAtomTypes {
>> 	{ "H"   "H" "sp3" }
>> 	{ "HO"  "H" "sp3" }
>> 	{ "HS"  "H" "sp3" }
>> 	{ "H1"  "H" "sp3" }
>> 	{ "H2"  "H" "sp3" }
>> 	{ "H3"  "H" "sp3" }
>> 	{ "H4"  "H" "sp3" }
>> 	{ "H5"  "H" "sp3" }
>> 	{ "HW"  "H" "sp3" }
>> 	{ "HC"  "H" "sp3" }
>> 	{ "HA"  "H" "sp3" }
>> 	{ "HP"  "H" "sp3" }
>> 	{ "OH"  "O" "sp3" }
>> 	{ "OS"  "O" "sp3" }
>> 	{ "O"   "O" "sp2" }
>> 	{ "O2"  "O" "sp2" }
>> 	{ "OW"  "O" "sp3" }
>> 	{ "CT"  "C" "sp3" }
>> 	{ "CH"  "C" "sp3" }
>> 	{ "C2"  "C" "sp3" }
>> 	{ "C3"  "C" "sp3" }
>> 	{ "C"   "C" "sp2" }
>> 	{ "C*"  "C" "sp2" }
>> 	{ "CA"  "C" "sp2" }
>> 	{ "CB"  "C" "sp2" }
>> 	{ "CC"  "C" "sp2" }
>> 	{ "CN"  "C" "sp2" }
>> 	{ "CM"  "C" "sp2" }
>> 	{ "CK"  "C" "sp2" }
>> 	{ "CQ"  "C" "sp2" }
>> 	{ "CD"  "C" "sp2" }
>> 	{ "CE"  "C" "sp2" }
>> 	{ "CF"  "C" "sp2" }
>> 	{ "CP"  "C" "sp2" }
>> 	{ "CI"  "C" "sp2" }
>> 	{ "CJ"  "C" "sp2" }
>> 	{ "CW"  "C" "sp2" }
>> 	{ "CV"  "C" "sp2" }
>> 	{ "CR"  "C" "sp2" }
>> 	{ "CA"  "C" "sp2" }
>> 	{ "CY"  "C" "sp2" }
>> 	{ "C0"  "Ca" "sp2" }
>> 	{ "MG"  "Mg" "sp3" }
>> 	{ "N"   "N" "sp2" }
>> 	{ "NA"  "N" "sp2" }
>> 	{ "N2"  "N" "sp2" }
>> 	{ "N*"  "N" "sp2" }
>> 	{ "NP"  "N" "sp2" }
>> 	{ "NQ"  "N" "sp2" }
>> 	{ "NB"  "N" "sp2" }
>> 	{ "NC"  "N" "sp2" }
>> 	{ "NT"  "N" "sp3" }
>> 	{ "N3"  "N" "sp3" }
>> 	{ "S"   "S" "sp3" }
>> 	{ "SH"  "S" "sp3" }
>> 	{ "P"   "P" "sp3" }
>> 	{ "LP"  ""  "sp3" }
>> 	{ "F"   "F" "sp3" }
>> 	{ "CL"  "Cl" "sp3" }
>> 	{ "BR"  "Br" "sp3" }
>> 	{ "I"   "I"  "sp3" }
>> 	{ "FE"  "Fe" "sp3" }
>> 	{ "EP"  ""  "sp3" }
>> # glycam
>> 	{ "OG"  "O" "sp3" }
>> 	{ "OL"  "O" "sp3" }
>> 	{ "AC"  "C" "sp3" }
>> 	{ "EC"  "C" "sp3" }
>> }
>> #
>> #	Load the main parameter set.
>> #
>> parm99 = loadamberparams parm99.dat
Loading parameters: /share/home/zhanghaiping/program/amber16/dat/leap/parm/parm99.dat
Reading title:
PARM99 for DNA,RNA,AA, organic molecules, TIP3P wat. Polariz.& LP incl.02/04/99
(UNKNOWN ATOM TYPE: HZ)
(UNKNOWN ATOM TYPE: IM)
(UNKNOWN ATOM TYPE: Li)
(UNKNOWN ATOM TYPE: IP)
(UNKNOWN ATOM TYPE: K)
(UNKNOWN ATOM TYPE: Rb)
(UNKNOWN ATOM TYPE: Cs)
(UNKNOWN ATOM TYPE: Zn)
(UNKNOWN ATOM TYPE: IB)
(UNKNOWN ATOM TYPE: LP)
>> frcmod99SB = loadamberparams frcmod.ff99SB
Loading parameters: /share/home/zhanghaiping/program/amber16/dat/leap/parm/frcmod.ff99SB
Reading force field modification type file (frcmod)
Reading title:
Modification/update of parm99.dat (Hornak & Simmerling)
>> #
>> #	Load DNA/RNA libraries
>> #
>> loadOff all_nucleic94.lib
Loading library: /share/home/zhanghaiping/program/amber16/dat/leap/lib/all_nucleic94.lib
Loading: DA
Loading: DA3
Loading: DA5
Loading: DAN
Loading: DC
Loading: DC3
Loading: DC5
Loading: DCN
Loading: DG
Loading: DG3
Loading: DG5
Loading: DGN
Loading: DT
Loading: DT3
Loading: DT5
Loading: DTN
Loading: RA
Loading: RA3
Loading: RA5
Loading: RAN
Loading: RC
Loading: RC3
Loading: RC5
Loading: RCN
Loading: RG
Loading: RG3
Loading: RG5
Loading: RGN
Loading: RU
Loading: RU3
Loading: RU5
Loading: RUN
>> #
>> #	Load main chain and terminating 
>> #	amino acid libraries (i.e. ff94 libs)
>> #
>> loadOff all_amino94.lib
Loading library: /share/home/zhanghaiping/program/amber16/dat/leap/lib/all_amino94.lib
Loading: ALA
Loading: ARG
Loading: ASH
Loading: ASN
Loading: ASP
Loading: CYM
Loading: CYS
Loading: CYX
Loading: GLH
Loading: GLN
Loading: GLU
Loading: GLY
Loading: HID
Loading: HIE
Loading: HIP
Loading: ILE
Loading: LEU
Loading: LYN
Loading: LYS
Loading: MET
Loading: PHE
Loading: PRO
Loading: SER
Loading: THR
Loading: TRP
Loading: TYR
Loading: VAL
>> loadOff all_aminoct94.lib
Loading library: /share/home/zhanghaiping/program/amber16/dat/leap/lib/all_aminoct94.lib
Loading: CALA
Loading: CARG
Loading: CASN
Loading: CASP
Loading: CCYS
Loading: CCYX
Loading: CGLN
Loading: CGLU
Loading: CGLY
Loading: CHID
Loading: CHIE
Loading: CHIP
Loading: CILE
Loading: CLEU
Loading: CLYS
Loading: CMET
Loading: CPHE
Loading: CPRO
Loading: CSER
Loading: CTHR
Loading: CTRP
Loading: CTYR
Loading: CVAL
Loading: NHE
Loading: NME
>> loadOff all_aminont94.lib
Loading library: /share/home/zhanghaiping/program/amber16/dat/leap/lib/all_aminont94.lib
Loading: ACE
Loading: NALA
Loading: NARG
Loading: NASN
Loading: NASP
Loading: NCYS
Loading: NCYX
Loading: NGLN
Loading: NGLU
Loading: NGLY
Loading: NHID
Loading: NHIE
Loading: NHIP
Loading: NILE
Loading: NLEU
Loading: NLYS
Loading: NMET
Loading: NPHE
Loading: NPRO
Loading: NSER
Loading: NTHR
Loading: NTRP
Loading: NTYR
Loading: NVAL
>> #
>> #       Load water and ions
>> # 
>> loadOff ions94.lib
Loading library: /share/home/zhanghaiping/program/amber16/dat/leap/lib/ions94.lib
Loading: CIO
Loading: Cl-
Loading: Cs+
Loading: IB
Loading: K+
Loading: Li+
Loading: MG2
Loading: Na+
Loading: Rb+
>> loadOff solvents.lib
Loading library: /share/home/zhanghaiping/program/amber16/dat/leap/lib/solvents.lib
Loading: CHCL3BOX
Loading: DC4
Loading: FB3
Loading: FB3BOX
Loading: FB4
Loading: FB4BOX
Loading: MEOHBOX
Loading: NMABOX
Loading: OPC
Loading: OPCBOX
Loading: PL3
Loading: POL3BOX
Loading: QSPCFWBOX
Loading: SPC
Loading: SPCBOX
Loading: SPCFWBOX
Loading: SPF
Loading: SPG
Loading: T4E
Loading: TIP3PBOX
Loading: TIP3PFBOX
Loading: TIP4PBOX
Loading: TIP4PEWBOX
Loading: TIP5PBOX
Loading: TP3
Loading: TP4
Loading: TP5
Loading: TPF
>> HOH = TP3
>> WAT = TP3
>> 
>> #
>> #	Define the PDB name map for the amino acids and DNA.
>> #
>> addPdbResMap {
>>   { 0 "ALA" "NALA" } { 1 "ALA" "CALA" }
>>   { 0 "ARG" "NARG" } { 1 "ARG" "CARG" }
>>   { 0 "ASN" "NASN" } { 1 "ASN" "CASN" }
>>   { 0 "ASP" "NASP" } { 1 "ASP" "CASP" }
>>   { 0 "CYS" "NCYS" } { 1 "CYS" "CCYS" }
>>   { 0 "CYX" "NCYX" } { 1 "CYX" "CCYX" }
>>   { 0 "GLN" "NGLN" } { 1 "GLN" "CGLN" }
>>   { 0 "GLU" "NGLU" } { 1 "GLU" "CGLU" }
>>   { 0 "GLY" "NGLY" } { 1 "GLY" "CGLY" }
>>   { 0 "HID" "NHID" } { 1 "HID" "CHID" }
>>   { 0 "HIE" "NHIE" } { 1 "HIE" "CHIE" }
>>   { 0 "HIP" "NHIP" } { 1 "HIP" "CHIP" }
>>   { 0 "ILE" "NILE" } { 1 "ILE" "CILE" }
>>   { 0 "LEU" "NLEU" } { 1 "LEU" "CLEU" }
>>   { 0 "LYS" "NLYS" } { 1 "LYS" "CLYS" }
>>   { 0 "MET" "NMET" } { 1 "MET" "CMET" }
>>   { 0 "PHE" "NPHE" } { 1 "PHE" "CPHE" }
>>   { 0 "PRO" "NPRO" } { 1 "PRO" "CPRO" }
>>   { 0 "SER" "NSER" } { 1 "SER" "CSER" }
>>   { 0 "THR" "NTHR" } { 1 "THR" "CTHR" }
>>   { 0 "TRP" "NTRP" } { 1 "TRP" "CTRP" }
>>   { 0 "TYR" "NTYR" } { 1 "TYR" "CTYR" }
>>   { 0 "VAL" "NVAL" } { 1 "VAL" "CVAL" }
>>   { 0 "HIS" "NHIS" } { 1 "HIS" "CHIS" }
>>   { 0 "GUA" "DG5"  } { 1 "GUA" "DG3"  } { "GUA" "DG" }
>>   { 0 "ADE" "DA5"  } { 1 "ADE" "DA3"  } { "ADE" "DA" }
>>   { 0 "CYT" "DC5"  } { 1 "CYT" "DC3"  } { "CYT" "DC" }
>>   { 0 "THY" "DT5"  } { 1 "THY" "DT3"  } { "THY" "DT" }
>>   { 0 "G" "RG5"  } { 1 "G" "RG3"  } { "G" "RG" } { "GN" "RGN" }
>>   { 0 "A" "RA5"  } { 1 "A" "RA3"  } { "A" "RA" } { "AN" "RAN" }
>>   { 0 "C" "RC5"  } { 1 "C" "RC3"  } { "C" "RC" } { "CN" "RCN" }
>>   { 0 "U" "RU5"  } { 1 "U" "RU3"  } { "U" "RU" } { "UN" "RUN" }
>>   { 0 "DG" "DG5"  } { 1 "DG" "DG3"  }  
>>   { 0 "DA" "DA5"  } { 1 "DA" "DA3"  }  
>>   { 0 "DC" "DC5"  } { 1 "DC" "DC3"  }  
>>   { 0 "DT" "DT5"  } { 1 "DT" "DT3"  }
>> 
>> }
>> 
>> addPdbAtomMap {
>>   { "O5*" "O5'" }
>>   { "C5*" "C5'" }
>>   { "C4*" "C4'" }
>>   { "O4*" "O4'" }
>>   { "C3*" "C3'" }
>>   { "O3*" "O3'" }
>>   { "C2*" "C2'" }
>>   { "C1*" "C1'" }
>>   { "C5M" "C7"  }
>>   { "O2*" "O2'" }
>>   { "H1*" "H1'" }
>>   { "H2*1" "H2'1" }
>>   { "H2*2" "H2'2" }
>>   { "H2'"  "H2'1" }
>>   { "H2''" "H2'2" }
>>   { "H3*" "H3'" }
>>   { "H4*" "H4'" }
>>   { "H5*1" "H5'1" }
>>   { "H5*2" "H5'2" }
>>   { "H5'"  "H5'1" }
>>   { "H5''" "H5'2" }
>>   { "HO2'" "HO'2" }
>>   { "HO5'" "H5T" }
>>   { "HO3'" "H3T" }
>>   { "O1'" "O4'" }
>>   { "OA"  "O1P" }
>>   { "OB"  "O2P" }
>>   { "OP1" "O1P" }
>>   { "OP2" "O2P" }
>> }
>> 
>> 
>> #
>> # assumed that most often proteins use HIE
>> #
>> NHIS = NHIE
>> HIS = HIE
>> CHIS = CHIE
> 
> #source /home/zhp/tleap/leaprc.GLYCAM_06j-1
> set default PBRadii mbondi3
Using ArgH and AspGluO modified Bondi2 radii
> #3dipepide=sequence{ACE VAL NME}
> 
> 
> protein = loadpdb  1oyt_ww.pdb
Loading PDB file: ./1oyt_ww.pdb
Enter zPdbReadScan from call depth  0.
Exit  zPdbReadScan from call depth  0.
Matching PDB residue names to LEaP variables.
Mapped residue ALA, term: Terminal/beginning, seq. number: 0 to: NALA.
(Residue 1: ASP, Nonterminal, was not found in name map.)
(Residue 2: CYS, Nonterminal, was not found in name map.)
(Residue 3: GLY, Nonterminal, was not found in name map.)
(Residue 4: LEU, Nonterminal, was not found in name map.)
(Residue 5: ARG, Nonterminal, was not found in name map.)
(Residue 6: PRO, Nonterminal, was not found in name map.)
(Residue 7: LEU, Nonterminal, was not found in name map.)
(Residue 8: PHE, Nonterminal, was not found in name map.)
(Residue 9: GLU, Nonterminal, was not found in name map.)
(Residue 10: LYS, Nonterminal, was not found in name map.)
(Residue 11: LYS, Nonterminal, was not found in name map.)
(Residue 12: SER, Nonterminal, was not found in name map.)
(Residue 13: LEU, Nonterminal, was not found in name map.)
(Residue 14: GLU, Nonterminal, was not found in name map.)
(Residue 15: ASP, Nonterminal, was not found in name map.)
(Residue 16: LYS, Nonterminal, was not found in name map.)
(Residue 17: THR, Nonterminal, was not found in name map.)
(Residue 18: GLU, Nonterminal, was not found in name map.)
(Residue 19: ARG, Nonterminal, was not found in name map.)
(Residue 20: GLU, Nonterminal, was not found in name map.)
(Residue 21: LEU, Nonterminal, was not found in name map.)
(Residue 22: LEU, Nonterminal, was not found in name map.)
(Residue 23: GLU, Nonterminal, was not found in name map.)
(Residue 24: SER, Nonterminal, was not found in name map.)
(Residue 25: TYR, Nonterminal, was not found in name map.)
Mapped residue ILE, term: Terminal/last, seq. number: 26 to: CILE.
Mapped residue ILE, term: Terminal/beginning, seq. number: 27 to: NILE.
(Residue 28: VAL, Nonterminal, was not found in name map.)
(Residue 29: GLU, Nonterminal, was not found in name map.)
(Residue 30: GLY, Nonterminal, was not found in name map.)
(Residue 31: SER, Nonterminal, was not found in name map.)
(Residue 32: ASP, Nonterminal, was not found in name map.)
(Residue 33: ALA, Nonterminal, was not found in name map.)
(Residue 34: GLU, Nonterminal, was not found in name map.)
(Residue 35: ILE, Nonterminal, was not found in name map.)
(Residue 36: GLY, Nonterminal, was not found in name map.)
(Residue 37: MET, Nonterminal, was not found in name map.)
(Residue 38: SER, Nonterminal, was not found in name map.)
(Residue 39: PRO, Nonterminal, was not found in name map.)
(Residue 40: TRP, Nonterminal, was not found in name map.)
(Residue 41: GLN, Nonterminal, was not found in name map.)
(Residue 42: VAL, Nonterminal, was not found in name map.)
(Residue 43: MET, Nonterminal, was not found in name map.)
(Residue 44: LEU, Nonterminal, was not found in name map.)
(Residue 45: PHE, Nonterminal, was not found in name map.)
(Residue 46: ARG, Nonterminal, was not found in name map.)
(Residue 47: LYS, Nonterminal, was not found in name map.)
(Residue 48: SER, Nonterminal, was not found in name map.)
(Residue 49: PRO, Nonterminal, was not found in name map.)
(Residue 50: GLN, Nonterminal, was not found in name map.)
(Residue 51: GLU, Nonterminal, was not found in name map.)
(Residue 52: LEU, Nonterminal, was not found in name map.)
(Residue 53: LEU, Nonterminal, was not found in name map.)
(Residue 54: CYS, Nonterminal, was not found in name map.)
(Residue 55: GLY, Nonterminal, was not found in name map.)
(Residue 56: ALA, Nonterminal, was not found in name map.)
(Residue 57: SER, Nonterminal, was not found in name map.)
(Residue 58: LEU, Nonterminal, was not found in name map.)
(Residue 59: ILE, Nonterminal, was not found in name map.)
(Residue 60: SER, Nonterminal, was not found in name map.)
(Residue 61: ASP, Nonterminal, was not found in name map.)
(Residue 62: ARG, Nonterminal, was not found in name map.)
(Residue 63: TRP, Nonterminal, was not found in name map.)
(Residue 64: VAL, Nonterminal, was not found in name map.)
(Residue 65: LEU, Nonterminal, was not found in name map.)
(Residue 66: THR, Nonterminal, was not found in name map.)
(Residue 67: ALA, Nonterminal, was not found in name map.)
(Residue 68: ALA, Nonterminal, was not found in name map.)
(Residue 69: HIS, Nonterminal, was not found in name map.)
(Residue 70: CYS, Nonterminal, was not found in name map.)
(Residue 71: LEU, Nonterminal, was not found in name map.)
(Residue 72: LEU, Nonterminal, was not found in name map.)
(Residue 73: TYR, Nonterminal, was not found in name map.)
(Residue 74: PRO, Nonterminal, was not found in name map.)
(Residue 75: PRO, Nonterminal, was not found in name map.)
(Residue 76: TRP, Nonterminal, was not found in name map.)
(Residue 77: ASP, Nonterminal, was not found in name map.)
(Residue 78: LYS, Nonterminal, was not found in name map.)
(Residue 79: ASN, Nonterminal, was not found in name map.)
(Residue 80: PHE, Nonterminal, was not found in name map.)
(Residue 81: THR, Nonterminal, was not found in name map.)
(Residue 82: GLU, Nonterminal, was not found in name map.)
(Residue 83: ASN, Nonterminal, was not found in name map.)
(Residue 84: ASP, Nonterminal, was not found in name map.)
(Residue 85: LEU, Nonterminal, was not found in name map.)
(Residue 86: LEU, Nonterminal, was not found in name map.)
(Residue 87: VAL, Nonterminal, was not found in name map.)
(Residue 88: ARG, Nonterminal, was not found in name map.)
(Residue 89: ILE, Nonterminal, was not found in name map.)
(Residue 90: GLY, Nonterminal, was not found in name map.)
(Residue 91: LYS, Nonterminal, was not found in name map.)
(Residue 92: HIS, Nonterminal, was not found in name map.)
(Residue 93: SER, Nonterminal, was not found in name map.)
(Residue 94: ARG, Nonterminal, was not found in name map.)
(Residue 95: THR, Nonterminal, was not found in name map.)
(Residue 96: ARG, Nonterminal, was not found in name map.)
(Residue 97: TYR, Nonterminal, was not found in name map.)
(Residue 98: GLU, Nonterminal, was not found in name map.)
(Residue 99: ARG, Nonterminal, was not found in name map.)
(Residue 100: ASN, Nonterminal, was not found in name map.)
(Residue 101: ILE, Nonterminal, was not found in name map.)
(Residue 102: GLU, Nonterminal, was not found in name map.)
(Residue 103: LYS, Nonterminal, was not found in name map.)
(Residue 104: ILE, Nonterminal, was not found in name map.)
(Residue 105: SER, Nonterminal, was not found in name map.)
(Residue 106: MET, Nonterminal, was not found in name map.)
(Residue 107: LEU, Nonterminal, was not found in name map.)
(Residue 108: GLU, Nonterminal, was not found in name map.)
(Residue 109: LYS, Nonterminal, was not found in name map.)
(Residue 110: ILE, Nonterminal, was not found in name map.)
(Residue 111: TYR, Nonterminal, was not found in name map.)
(Residue 112: ILE, Nonterminal, was not found in name map.)
(Residue 113: HIS, Nonterminal, was not found in name map.)
(Residue 114: PRO, Nonterminal, was not found in name map.)
(Residue 115: ARG, Nonterminal, was not found in name map.)
(Residue 116: TYR, Nonterminal, was not found in name map.)
(Residue 117: ASN, Nonterminal, was not found in name map.)
(Residue 118: TRP, Nonterminal, was not found in name map.)
(Residue 119: ARG, Nonterminal, was not found in name map.)
(Residue 120: GLU, Nonterminal, was not found in name map.)
(Residue 121: ASN, Nonterminal, was not found in name map.)
(Residue 122: LEU, Nonterminal, was not found in name map.)
(Residue 123: ASP, Nonterminal, was not found in name map.)
(Residue 124: ARG, Nonterminal, was not found in name map.)
(Residue 125: ASP, Nonterminal, was not found in name map.)
(Residue 126: ILE, Nonterminal, was not found in name map.)
(Residue 127: ALA, Nonterminal, was not found in name map.)
(Residue 128: LEU, Nonterminal, was not found in name map.)
(Residue 129: MET, Nonterminal, was not found in name map.)
(Residue 130: LYS, Nonterminal, was not found in name map.)
(Residue 131: LEU, Nonterminal, was not found in name map.)
(Residue 132: LYS, Nonterminal, was not found in name map.)
(Residue 133: LYS, Nonterminal, was not found in name map.)
(Residue 134: PRO, Nonterminal, was not found in name map.)
(Residue 135: VAL, Nonterminal, was not found in name map.)
(Residue 136: ALA, Nonterminal, was not found in name map.)
(Residue 137: PHE, Nonterminal, was not found in name map.)
(Residue 138: SER, Nonterminal, was not found in name map.)
(Residue 139: ASP, Nonterminal, was not found in name map.)
(Residue 140: TYR, Nonterminal, was not found in name map.)
(Residue 141: ILE, Nonterminal, was not found in name map.)
(Residue 142: HIS, Nonterminal, was not found in name map.)
(Residue 143: PRO, Nonterminal, was not found in name map.)
(Residue 144: VAL, Nonterminal, was not found in name map.)
(Residue 145: CYS, Nonterminal, was not found in name map.)
(Residue 146: LEU, Nonterminal, was not found in name map.)
(Residue 147: PRO, Nonterminal, was not found in name map.)
(Residue 148: ASP, Nonterminal, was not found in name map.)
(Residue 149: ARG, Nonterminal, was not found in name map.)
(Residue 150: GLU, Nonterminal, was not found in name map.)
(Residue 151: THR, Nonterminal, was not found in name map.)
(Residue 152: ALA, Nonterminal, was not found in name map.)
(Residue 153: ALA, Nonterminal, was not found in name map.)
(Residue 154: SER, Nonterminal, was not found in name map.)
(Residue 155: LEU, Nonterminal, was not found in name map.)
(Residue 156: LEU, Nonterminal, was not found in name map.)
(Residue 157: GLN, Nonterminal, was not found in name map.)
(Residue 158: ALA, Nonterminal, was not found in name map.)
(Residue 159: GLY, Nonterminal, was not found in name map.)
(Residue 160: TYR, Nonterminal, was not found in name map.)
(Residue 161: LYS, Nonterminal, was not found in name map.)
(Residue 162: GLY, Nonterminal, was not found in name map.)
(Residue 163: ARG, Nonterminal, was not found in name map.)
(Residue 164: VAL, Nonterminal, was not found in name map.)
(Residue 165: THR, Nonterminal, was not found in name map.)
(Residue 166: GLY, Nonterminal, was not found in name map.)
(Residue 167: TRP, Nonterminal, was not found in name map.)
(Residue 168: GLY, Nonterminal, was not found in name map.)
(Residue 169: ASN, Nonterminal, was not found in name map.)
(Residue 170: LEU, Nonterminal, was not found in name map.)
(Residue 171: LYS, Nonterminal, was not found in name map.)
(Residue 172: GLU, Nonterminal, was not found in name map.)
(Residue 173: THR, Nonterminal, was not found in name map.)
(Residue 174: GLY, Nonterminal, was not found in name map.)
(Residue 175: GLN, Nonterminal, was not found in name map.)
(Residue 176: PRO, Nonterminal, was not found in name map.)
(Residue 177: SER, Nonterminal, was not found in name map.)
(Residue 178: VAL, Nonterminal, was not found in name map.)
(Residue 179: LEU, Nonterminal, was not found in name map.)
(Residue 180: GLN, Nonterminal, was not found in name map.)
(Residue 181: VAL, Nonterminal, was not found in name map.)
(Residue 182: VAL, Nonterminal, was not found in name map.)
(Residue 183: ASN, Nonterminal, was not found in name map.)
(Residue 184: LEU, Nonterminal, was not found in name map.)
(Residue 185: PRO, Nonterminal, was not found in name map.)
(Residue 186: ILE, Nonterminal, was not found in name map.)
(Residue 187: VAL, Nonterminal, was not found in name map.)
(Residue 188: GLU, Nonterminal, was not found in name map.)
(Residue 189: ARG, Nonterminal, was not found in name map.)
(Residue 190: PRO, Nonterminal, was not found in name map.)
(Residue 191: VAL, Nonterminal, was not found in name map.)
(Residue 192: CYS, Nonterminal, was not found in name map.)
(Residue 193: LYS, Nonterminal, was not found in name map.)
(Residue 194: ASP, Nonterminal, was not found in name map.)
(Residue 195: SER, Nonterminal, was not found in name map.)
(Residue 196: THR, Nonterminal, was not found in name map.)
(Residue 197: ARG, Nonterminal, was not found in name map.)
(Residue 198: ILE, Nonterminal, was not found in name map.)
(Residue 199: ARG, Nonterminal, was not found in name map.)
(Residue 200: ILE, Nonterminal, was not found in name map.)
(Residue 201: THR, Nonterminal, was not found in name map.)
(Residue 202: ASP, Nonterminal, was not found in name map.)
(Residue 203: ASN, Nonterminal, was not found in name map.)
(Residue 204: MET, Nonterminal, was not found in name map.)
(Residue 205: PHE, Nonterminal, was not found in name map.)
(Residue 206: CYS, Nonterminal, was not found in name map.)
(Residue 207: ALA, Nonterminal, was not found in name map.)
(Residue 208: GLY, Nonterminal, was not found in name map.)
(Residue 209: TYR, Nonterminal, was not found in name map.)
(Residue 210: LYS, Nonterminal, was not found in name map.)
(Residue 211: PRO, Nonterminal, was not found in name map.)
(Residue 212: ASP, Nonterminal, was not found in name map.)
(Residue 213: GLU, Nonterminal, was not found in name map.)
(Residue 214: GLY, Nonterminal, was not found in name map.)
(Residue 215: LYS, Nonterminal, was not found in name map.)
(Residue 216: ARG, Nonterminal, was not found in name map.)
(Residue 217: GLY, Nonterminal, was not found in name map.)
(Residue 218: ASP, Nonterminal, was not found in name map.)
(Residue 219: ALA, Nonterminal, was not found in name map.)
(Residue 220: CYS, Nonterminal, was not found in name map.)
(Residue 221: GLU, Nonterminal, was not found in name map.)
(Residue 222: GLY, Nonterminal, was not found in name map.)
(Residue 223: ASP, Nonterminal, was not found in name map.)
(Residue 224: SER, Nonterminal, was not found in name map.)
(Residue 225: GLY, Nonterminal, was not found in name map.)
(Residue 226: GLY, Nonterminal, was not found in name map.)
(Residue 227: PRO, Nonterminal, was not found in name map.)
(Residue 228: PHE, Nonterminal, was not found in name map.)
(Residue 229: VAL, Nonterminal, was not found in name map.)
(Residue 230: MET, Nonterminal, was not found in name map.)
(Residue 231: LYS, Nonterminal, was not found in name map.)
(Residue 232: SER, Nonterminal, was not found in name map.)
(Residue 233: PRO, Nonterminal, was not found in name map.)
(Residue 234: PHE, Nonterminal, was not found in name map.)
(Residue 235: ASN, Nonterminal, was not found in name map.)
(Residue 236: ASN, Nonterminal, was not found in name map.)
(Residue 237: ARG, Nonterminal, was not found in name map.)
(Residue 238: TRP, Nonterminal, was not found in name map.)
(Residue 239: TYR, Nonterminal, was not found in name map.)
(Residue 240: GLN, Nonterminal, was not found in name map.)
(Residue 241: MET, Nonterminal, was not found in name map.)
(Residue 242: GLY, Nonterminal, was not found in name map.)
(Residue 243: ILE, Nonterminal, was not found in name map.)
(Residue 244: VAL, Nonterminal, was not found in name map.)
(Residue 245: SER, Nonterminal, was not found in name map.)
(Residue 246: TRP, Nonterminal, was not found in name map.)
(Residue 247: GLY, Nonterminal, was not found in name map.)
(Residue 248: GLU, Nonterminal, was not found in name map.)
(Residue 249: GLY, Nonterminal, was not found in name map.)
(Residue 250: CYS, Nonterminal, was not found in name map.)
(Residue 251: ASP, Nonterminal, was not found in name map.)
(Residue 252: ARG, Nonterminal, was not found in name map.)
(Residue 253: ASP, Nonterminal, was not found in name map.)
(Residue 254: GLY, Nonterminal, was not found in name map.)
(Residue 255: LYS, Nonterminal, was not found in name map.)
(Residue 256: TYR, Nonterminal, was not found in name map.)
(Residue 257: GLY, Nonterminal, was not found in name map.)
(Residue 258: PHE, Nonterminal, was not found in name map.)
(Residue 259: TYR, Nonterminal, was not found in name map.)
(Residue 260: THR, Nonterminal, was not found in name map.)
(Residue 261: HIS, Nonterminal, was not found in name map.)
(Residue 262: VAL, Nonterminal, was not found in name map.)
(Residue 263: PHE, Nonterminal, was not found in name map.)
(Residue 264: ARG, Nonterminal, was not found in name map.)
(Residue 265: LEU, Nonterminal, was not found in name map.)
(Residue 266: LYS, Nonterminal, was not found in name map.)
(Residue 267: LYS, Nonterminal, was not found in name map.)
(Residue 268: TRP, Nonterminal, was not found in name map.)
(Residue 269: ILE, Nonterminal, was not found in name map.)
(Residue 270: GLN, Nonterminal, was not found in name map.)
(Residue 271: LYS, Nonterminal, was not found in name map.)
(Residue 272: VAL, Nonterminal, was not found in name map.)
(Residue 273: ILE, Nonterminal, was not found in name map.)
(Residue 274: ASP, Nonterminal, was not found in name map.)
(Residue 275: GLN, Nonterminal, was not found in name map.)
Mapped residue PHE, term: Terminal/last, seq. number: 276 to: CPHE.
Mapped residue PHE, term: Terminal/beginning, seq. number: 277 to: NPHE.
(Residue 278: GLU, Nonterminal, was not found in name map.)
(Residue 279: GLU, Nonterminal, was not found in name map.)
(Residue 280: ILE, Nonterminal, was not found in name map.)
Mapped residue PRO, term: Terminal/last, seq. number: 281 to: CPRO.
Joining NALA - ASP
Joining ASP - CYS
Joining CYS - GLY
Joining GLY - LEU
Joining LEU - ARG
Joining ARG - PRO
Joining PRO - LEU
Joining LEU - PHE
Joining PHE - GLU
Joining GLU - LYS
Joining LYS - LYS
Joining LYS - SER
Joining SER - LEU
Joining LEU - GLU
Joining GLU - ASP
Joining ASP - LYS
Joining LYS - THR
Joining THR - GLU
Joining GLU - ARG
Joining ARG - GLU
Joining GLU - LEU
Joining LEU - LEU
Joining LEU - GLU
Joining GLU - SER
Joining SER - TYR
Joining TYR - CILE
  Added missing heavy atom: .R<CILE 27>.A<OXT 20>
Joining NILE - VAL
Joining VAL - GLU
Joining GLU - GLY
Joining GLY - SER
Joining SER - ASP
Joining ASP - ALA
Joining ALA - GLU
Joining GLU - ILE
Joining ILE - GLY
Joining GLY - MET
Joining MET - SER
Joining SER - PRO
Joining PRO - TRP
Joining TRP - GLN
Joining GLN - VAL
Joining VAL - MET
Joining MET - LEU
Joining LEU - PHE
Joining PHE - ARG
Joining ARG - LYS
Joining LYS - SER
Joining SER - PRO
Joining PRO - GLN
Joining GLN - GLU
Joining GLU - LEU
Joining LEU - LEU
Joining LEU - CYS
Joining CYS - GLY
Joining GLY - ALA
Joining ALA - SER
Joining SER - LEU
Joining LEU - ILE
Joining ILE - SER
Joining SER - ASP
Joining ASP - ARG
Joining ARG - TRP
Joining TRP - VAL
Joining VAL - LEU
Joining LEU - THR
Joining THR - ALA
Joining ALA - ALA
Joining ALA - HIE
Joining HIE - CYS
Joining CYS - LEU
Joining LEU - LEU
Joining LEU - TYR
Joining TYR - PRO
Joining PRO - PRO
Joining PRO - TRP
Joining TRP - ASP
Joining ASP - LYS
Joining LYS - ASN
Joining ASN - PHE
Joining PHE - THR
Joining THR - GLU
Joining GLU - ASN
Joining ASN - ASP
Joining ASP - LEU
Joining LEU - LEU
Joining LEU - VAL
Joining VAL - ARG
Joining ARG - ILE
Joining ILE - GLY
Joining GLY - LYS
Joining LYS - HIE
Joining HIE - SER
Joining SER - ARG
Joining ARG - THR
Joining THR - ARG
  Added missing heavy atom: .R<ARG 97>.A<CG 8>
  Added missing heavy atom: .R<ARG 97>.A<CD 11>
  Added missing heavy atom: .R<ARG 97>.A<NE 14>
  Added missing heavy atom: .R<ARG 97>.A<CZ 16>
  Added missing heavy atom: .R<ARG 97>.A<NH1 17>
  Added missing heavy atom: .R<ARG 97>.A<NH2 20>
Joining ARG - TYR
Joining TYR - GLU
Joining GLU - ARG
Joining ARG - ASN
Joining ASN - ILE
Joining ILE - GLU
Joining GLU - LYS
Joining LYS - ILE
Joining ILE - SER
Joining SER - MET
Joining MET - LEU
Joining LEU - GLU
Joining GLU - LYS
Joining LYS - ILE
Joining ILE - TYR
Joining TYR - ILE
Joining ILE - HIE
Joining HIE - PRO
Joining PRO - ARG
Joining ARG - TYR
Joining TYR - ASN
Joining ASN - TRP
Joining TRP - ARG
Joining ARG - GLU
Joining GLU - ASN
Joining ASN - LEU
Joining LEU - ASP
Joining ASP - ARG
Joining ARG - ASP
Joining ASP - ILE
Joining ILE - ALA
Joining ALA - LEU
Joining LEU - MET
Joining MET - LYS
Joining LYS - LEU
Joining LEU - LYS
Joining LYS - LYS
Joining LYS - PRO
Joining PRO - VAL
Joining VAL - ALA
Joining ALA - PHE
Joining PHE - SER
Joining SER - ASP
Joining ASP - TYR
Joining TYR - ILE
Joining ILE - HIE
Joining HIE - PRO
Joining PRO - VAL
Joining VAL - CYS
Joining CYS - LEU
Joining LEU - PRO
Joining PRO - ASP
Joining ASP - ARG
Joining ARG - GLU
Joining GLU - THR
Joining THR - ALA
Joining ALA - ALA
Joining ALA - SER
Joining SER - LEU
Joining LEU - LEU
Joining LEU - GLN
Joining GLN - ALA
Joining ALA - GLY
Joining GLY - TYR
Joining TYR - LYS
Joining LYS - GLY
Joining GLY - ARG
Joining ARG - VAL
Joining VAL - THR
Joining THR - GLY
Joining GLY - TRP
Joining TRP - GLY
Joining GLY - ASN
Joining ASN - LEU
Joining LEU - LYS
Joining LYS - GLU
Joining GLU - THR
Joining THR - GLY
Joining GLY - GLN
Joining GLN - PRO
Joining PRO - SER
Joining SER - VAL
Joining VAL - LEU
Joining LEU - GLN
Joining GLN - VAL
Joining VAL - VAL
Joining VAL - ASN
Joining ASN - LEU
Joining LEU - PRO
Joining PRO - ILE
Joining ILE - VAL
Joining VAL - GLU
Joining GLU - ARG
Joining ARG - PRO
Joining PRO - VAL
Joining VAL - CYS
Joining CYS - LYS
Joining LYS - ASP
Joining ASP - SER
Joining SER - THR
Joining THR - ARG
Joining ARG - ILE
Joining ILE - ARG
Joining ARG - ILE
Joining ILE - THR
Joining THR - ASP
Joining ASP - ASN
Joining ASN - MET
Joining MET - PHE
Joining PHE - CYS
Joining CYS - ALA
Joining ALA - GLY
Joining GLY - TYR
Joining TYR - LYS
Joining LYS - PRO
Joining PRO - ASP
Joining ASP - GLU
Joining GLU - GLY
Joining GLY - LYS
Joining LYS - ARG
Joining ARG - GLY
Joining GLY - ASP
Joining ASP - ALA
Joining ALA - CYS
Joining CYS - GLU
Joining GLU - GLY
Joining GLY - ASP
Joining ASP - SER
Joining SER - GLY
Joining GLY - GLY
Joining GLY - PRO
Joining PRO - PHE
Joining PHE - VAL
Joining VAL - MET
Joining MET - LYS
Joining LYS - SER
Joining SER - PRO
Joining PRO - PHE
Joining PHE - ASN
Joining ASN - ASN
Joining ASN - ARG
Joining ARG - TRP
Joining TRP - TYR
Joining TYR - GLN
Joining GLN - MET
Joining MET - GLY
Joining GLY - ILE
Joining ILE - VAL
Joining VAL - SER
Joining SER - TRP
Joining TRP - GLY
Joining GLY - GLU
Joining GLU - GLY
Joining GLY - CYS
Joining CYS - ASP
Joining ASP - ARG
Joining ARG - ASP
Joining ASP - GLY
Joining GLY - LYS
Joining LYS - TYR
Joining TYR - GLY
Joining GLY - PHE
Joining PHE - TYR
Joining TYR - THR
Joining THR - HIE
Joining HIE - VAL
Joining VAL - PHE
Joining PHE - ARG
Joining ARG - LEU
Joining LEU - LYS
Joining LYS - LYS
Joining LYS - TRP
Joining TRP - ILE
Joining ILE - GLN
Joining GLN - LYS
Joining LYS - VAL
Joining VAL - ILE
Joining ILE - ASP
Joining ASP - GLN
Joining GLN - CPHE
  Added missing heavy atom: .R<CPHE 277>.A<OXT 21>
Joining NPHE - GLU
Joining GLU - GLU
Joining GLU - ILE
Joining ILE - CPRO
  Added missing heavy atom: .R<CPRO 282>.A<OXT 15>
  total atoms in file: 2285
  Leap added 2288 missing atoms according to residue templates:
       9 Heavy
       2279 H / lone pairs
> savepdb  protein  protein.pdb
Writing pdb file: protein.pdb
 Converting N-terminal residue name to PDB format: NALA -> ALA
 Converting C-terminal residue name to PDB format: CILE -> ILE
 Converting N-terminal residue name to PDB format: NILE -> ILE
 Converting C-terminal residue name to PDB format: CPHE -> PHE
 Converting N-terminal residue name to PDB format: NPHE -> PHE
 Converting C-terminal residue name to PDB format: CPRO -> PRO
> ##saveamberparm dipepide diVAL.prmtop diVAL.inpcrd
> 
> quit
	Quit
