log started: Fri Nov 23 17:38:19 2018

Log file: ./leap.log
>> #
>> # ----- leaprc for loading the ff99SB (Hornak & Simmerling) force field
>> # -----  this file is updated for PDB format 3
>> #
>> #	load atom type hybridizations
>> #
>> addAtomTypes {
>> 	{ "H"   "H" "sp3" }
>> 	{ "HO"  "H" "sp3" }
>> 	{ "HS"  "H" "sp3" }
>> 	{ "H1"  "H" "sp3" }
>> 	{ "H2"  "H" "sp3" }
>> 	{ "H3"  "H" "sp3" }
>> 	{ "H4"  "H" "sp3" }
>> 	{ "H5"  "H" "sp3" }
>> 	{ "HW"  "H" "sp3" }
>> 	{ "HC"  "H" "sp3" }
>> 	{ "HA"  "H" "sp3" }
>> 	{ "HP"  "H" "sp3" }
>> 	{ "OH"  "O" "sp3" }
>> 	{ "OS"  "O" "sp3" }
>> 	{ "O"   "O" "sp2" }
>> 	{ "O2"  "O" "sp2" }
>> 	{ "OW"  "O" "sp3" }
>> 	{ "CT"  "C" "sp3" }
>> 	{ "CH"  "C" "sp3" }
>> 	{ "C2"  "C" "sp3" }
>> 	{ "C3"  "C" "sp3" }
>> 	{ "C"   "C" "sp2" }
>> 	{ "C*"  "C" "sp2" }
>> 	{ "CA"  "C" "sp2" }
>> 	{ "CB"  "C" "sp2" }
>> 	{ "CC"  "C" "sp2" }
>> 	{ "CN"  "C" "sp2" }
>> 	{ "CM"  "C" "sp2" }
>> 	{ "CK"  "C" "sp2" }
>> 	{ "CQ"  "C" "sp2" }
>> 	{ "CD"  "C" "sp2" }
>> 	{ "CE"  "C" "sp2" }
>> 	{ "CF"  "C" "sp2" }
>> 	{ "CP"  "C" "sp2" }
>> 	{ "CI"  "C" "sp2" }
>> 	{ "CJ"  "C" "sp2" }
>> 	{ "CW"  "C" "sp2" }
>> 	{ "CV"  "C" "sp2" }
>> 	{ "CR"  "C" "sp2" }
>> 	{ "CA"  "C" "sp2" }
>> 	{ "CY"  "C" "sp2" }
>> 	{ "C0"  "Ca" "sp2" }
>> 	{ "MG"  "Mg" "sp3" }
>> 	{ "N"   "N" "sp2" }
>> 	{ "NA"  "N" "sp2" }
>> 	{ "N2"  "N" "sp2" }
>> 	{ "N*"  "N" "sp2" }
>> 	{ "NP"  "N" "sp2" }
>> 	{ "NQ"  "N" "sp2" }
>> 	{ "NB"  "N" "sp2" }
>> 	{ "NC"  "N" "sp2" }
>> 	{ "NT"  "N" "sp3" }
>> 	{ "N3"  "N" "sp3" }
>> 	{ "S"   "S" "sp3" }
>> 	{ "SH"  "S" "sp3" }
>> 	{ "P"   "P" "sp3" }
>> 	{ "LP"  ""  "sp3" }
>> 	{ "F"   "F" "sp3" }
>> 	{ "CL"  "Cl" "sp3" }
>> 	{ "BR"  "Br" "sp3" }
>> 	{ "I"   "I"  "sp3" }
>> 	{ "FE"  "Fe" "sp3" }
>> 	{ "EP"  ""  "sp3" }
>> # glycam
>> 	{ "OG"  "O" "sp3" }
>> 	{ "OL"  "O" "sp3" }
>> 	{ "AC"  "C" "sp3" }
>> 	{ "EC"  "C" "sp3" }
>> }
>> #
>> #	Load the main parameter set.
>> #
>> parm99 = loadamberparams parm99.dat
Loading parameters: /share/home/zhanghaiping/program/amber16/dat/leap/parm/parm99.dat
Reading title:
PARM99 for DNA,RNA,AA, organic molecules, TIP3P wat. Polariz.& LP incl.02/04/99
(UNKNOWN ATOM TYPE: HZ)
(UNKNOWN ATOM TYPE: IM)
(UNKNOWN ATOM TYPE: Li)
(UNKNOWN ATOM TYPE: IP)
(UNKNOWN ATOM TYPE: K)
(UNKNOWN ATOM TYPE: Rb)
(UNKNOWN ATOM TYPE: Cs)
(UNKNOWN ATOM TYPE: Zn)
(UNKNOWN ATOM TYPE: IB)
(UNKNOWN ATOM TYPE: LP)
>> frcmod99SB = loadamberparams frcmod.ff99SB
Loading parameters: /share/home/zhanghaiping/program/amber16/dat/leap/parm/frcmod.ff99SB
Reading force field modification type file (frcmod)
Reading title:
Modification/update of parm99.dat (Hornak & Simmerling)
>> #
>> #	Load DNA/RNA libraries
>> #
>> loadOff all_nucleic94.lib
Loading library: /share/home/zhanghaiping/program/amber16/dat/leap/lib/all_nucleic94.lib
Loading: DA
Loading: DA3
Loading: DA5
Loading: DAN
Loading: DC
Loading: DC3
Loading: DC5
Loading: DCN
Loading: DG
Loading: DG3
Loading: DG5
Loading: DGN
Loading: DT
Loading: DT3
Loading: DT5
Loading: DTN
Loading: RA
Loading: RA3
Loading: RA5
Loading: RAN
Loading: RC
Loading: RC3
Loading: RC5
Loading: RCN
Loading: RG
Loading: RG3
Loading: RG5
Loading: RGN
Loading: RU
Loading: RU3
Loading: RU5
Loading: RUN
>> #
>> #	Load main chain and terminating 
>> #	amino acid libraries (i.e. ff94 libs)
>> #
>> loadOff all_amino94.lib
Loading library: /share/home/zhanghaiping/program/amber16/dat/leap/lib/all_amino94.lib
Loading: ALA
Loading: ARG
Loading: ASH
Loading: ASN
Loading: ASP
Loading: CYM
Loading: CYS
Loading: CYX
Loading: GLH
Loading: GLN
Loading: GLU
Loading: GLY
Loading: HID
Loading: HIE
Loading: HIP
Loading: ILE
Loading: LEU
Loading: LYN
Loading: LYS
Loading: MET
Loading: PHE
Loading: PRO
Loading: SER
Loading: THR
Loading: TRP
Loading: TYR
Loading: VAL
>> loadOff all_aminoct94.lib
Loading library: /share/home/zhanghaiping/program/amber16/dat/leap/lib/all_aminoct94.lib
Loading: CALA
Loading: CARG
Loading: CASN
Loading: CASP
Loading: CCYS
Loading: CCYX
Loading: CGLN
Loading: CGLU
Loading: CGLY
Loading: CHID
Loading: CHIE
Loading: CHIP
Loading: CILE
Loading: CLEU
Loading: CLYS
Loading: CMET
Loading: CPHE
Loading: CPRO
Loading: CSER
Loading: CTHR
Loading: CTRP
Loading: CTYR
Loading: CVAL
Loading: NHE
Loading: NME
>> loadOff all_aminont94.lib
Loading library: /share/home/zhanghaiping/program/amber16/dat/leap/lib/all_aminont94.lib
Loading: ACE
Loading: NALA
Loading: NARG
Loading: NASN
Loading: NASP
Loading: NCYS
Loading: NCYX
Loading: NGLN
Loading: NGLU
Loading: NGLY
Loading: NHID
Loading: NHIE
Loading: NHIP
Loading: NILE
Loading: NLEU
Loading: NLYS
Loading: NMET
Loading: NPHE
Loading: NPRO
Loading: NSER
Loading: NTHR
Loading: NTRP
Loading: NTYR
Loading: NVAL
>> #
>> #       Load water and ions
>> # 
>> loadOff ions94.lib
Loading library: /share/home/zhanghaiping/program/amber16/dat/leap/lib/ions94.lib
Loading: CIO
Loading: Cl-
Loading: Cs+
Loading: IB
Loading: K+
Loading: Li+
Loading: MG2
Loading: Na+
Loading: Rb+
>> loadOff solvents.lib
Loading library: /share/home/zhanghaiping/program/amber16/dat/leap/lib/solvents.lib
Loading: CHCL3BOX
Loading: DC4
Loading: FB3
Loading: FB3BOX
Loading: FB4
Loading: FB4BOX
Loading: MEOHBOX
Loading: NMABOX
Loading: OPC
Loading: OPCBOX
Loading: PL3
Loading: POL3BOX
Loading: QSPCFWBOX
Loading: SPC
Loading: SPCBOX
Loading: SPCFWBOX
Loading: SPF
Loading: SPG
Loading: T4E
Loading: TIP3PBOX
Loading: TIP3PFBOX
Loading: TIP4PBOX
Loading: TIP4PEWBOX
Loading: TIP5PBOX
Loading: TP3
Loading: TP4
Loading: TP5
Loading: TPF
>> HOH = TP3
>> WAT = TP3
>> 
>> #
>> #	Define the PDB name map for the amino acids and DNA.
>> #
>> addPdbResMap {
>>   { 0 "ALA" "NALA" } { 1 "ALA" "CALA" }
>>   { 0 "ARG" "NARG" } { 1 "ARG" "CARG" }
>>   { 0 "ASN" "NASN" } { 1 "ASN" "CASN" }
>>   { 0 "ASP" "NASP" } { 1 "ASP" "CASP" }
>>   { 0 "CYS" "NCYS" } { 1 "CYS" "CCYS" }
>>   { 0 "CYX" "NCYX" } { 1 "CYX" "CCYX" }
>>   { 0 "GLN" "NGLN" } { 1 "GLN" "CGLN" }
>>   { 0 "GLU" "NGLU" } { 1 "GLU" "CGLU" }
>>   { 0 "GLY" "NGLY" } { 1 "GLY" "CGLY" }
>>   { 0 "HID" "NHID" } { 1 "HID" "CHID" }
>>   { 0 "HIE" "NHIE" } { 1 "HIE" "CHIE" }
>>   { 0 "HIP" "NHIP" } { 1 "HIP" "CHIP" }
>>   { 0 "ILE" "NILE" } { 1 "ILE" "CILE" }
>>   { 0 "LEU" "NLEU" } { 1 "LEU" "CLEU" }
>>   { 0 "LYS" "NLYS" } { 1 "LYS" "CLYS" }
>>   { 0 "MET" "NMET" } { 1 "MET" "CMET" }
>>   { 0 "PHE" "NPHE" } { 1 "PHE" "CPHE" }
>>   { 0 "PRO" "NPRO" } { 1 "PRO" "CPRO" }
>>   { 0 "SER" "NSER" } { 1 "SER" "CSER" }
>>   { 0 "THR" "NTHR" } { 1 "THR" "CTHR" }
>>   { 0 "TRP" "NTRP" } { 1 "TRP" "CTRP" }
>>   { 0 "TYR" "NTYR" } { 1 "TYR" "CTYR" }
>>   { 0 "VAL" "NVAL" } { 1 "VAL" "CVAL" }
>>   { 0 "HIS" "NHIS" } { 1 "HIS" "CHIS" }
>>   { 0 "GUA" "DG5"  } { 1 "GUA" "DG3"  } { "GUA" "DG" }
>>   { 0 "ADE" "DA5"  } { 1 "ADE" "DA3"  } { "ADE" "DA" }
>>   { 0 "CYT" "DC5"  } { 1 "CYT" "DC3"  } { "CYT" "DC" }
>>   { 0 "THY" "DT5"  } { 1 "THY" "DT3"  } { "THY" "DT" }
>>   { 0 "G" "RG5"  } { 1 "G" "RG3"  } { "G" "RG" } { "GN" "RGN" }
>>   { 0 "A" "RA5"  } { 1 "A" "RA3"  } { "A" "RA" } { "AN" "RAN" }
>>   { 0 "C" "RC5"  } { 1 "C" "RC3"  } { "C" "RC" } { "CN" "RCN" }
>>   { 0 "U" "RU5"  } { 1 "U" "RU3"  } { "U" "RU" } { "UN" "RUN" }
>>   { 0 "DG" "DG5"  } { 1 "DG" "DG3"  }  
>>   { 0 "DA" "DA5"  } { 1 "DA" "DA3"  }  
>>   { 0 "DC" "DC5"  } { 1 "DC" "DC3"  }  
>>   { 0 "DT" "DT5"  } { 1 "DT" "DT3"  }
>> 
>> }
>> 
>> addPdbAtomMap {
>>   { "O5*" "O5'" }
>>   { "C5*" "C5'" }
>>   { "C4*" "C4'" }
>>   { "O4*" "O4'" }
>>   { "C3*" "C3'" }
>>   { "O3*" "O3'" }
>>   { "C2*" "C2'" }
>>   { "C1*" "C1'" }
>>   { "C5M" "C7"  }
>>   { "O2*" "O2'" }
>>   { "H1*" "H1'" }
>>   { "H2*1" "H2'1" }
>>   { "H2*2" "H2'2" }
>>   { "H2'"  "H2'1" }
>>   { "H2''" "H2'2" }
>>   { "H3*" "H3'" }
>>   { "H4*" "H4'" }
>>   { "H5*1" "H5'1" }
>>   { "H5*2" "H5'2" }
>>   { "H5'"  "H5'1" }
>>   { "H5''" "H5'2" }
>>   { "HO2'" "HO'2" }
>>   { "HO5'" "H5T" }
>>   { "HO3'" "H3T" }
>>   { "O1'" "O4'" }
>>   { "OA"  "O1P" }
>>   { "OB"  "O2P" }
>>   { "OP1" "O1P" }
>>   { "OP2" "O2P" }
>> }
>> 
>> 
>> #
>> # assumed that most often proteins use HIE
>> #
>> NHIS = NHIE
>> HIS = HIE
>> CHIS = CHIE
> 
> #source /home/zhp/tleap/leaprc.GLYCAM_06j-1
> set default PBRadii mbondi3
Using ArgH and AspGluO modified Bondi2 radii
> #3dipepide=sequence{ACE VAL NME}
> 
> 
> protein = loadpdb  1q41_ww.pdb
Loading PDB file: ./1q41_ww.pdb
Enter zPdbReadScan from call depth  0.
Exit  zPdbReadScan from call depth  0.
Matching PDB residue names to LEaP variables.
Mapped residue SER, term: Terminal/beginning, seq. number: 0 to: NSER.
(Residue 1: LYS, Nonterminal, was not found in name map.)
(Residue 2: VAL, Nonterminal, was not found in name map.)
(Residue 3: THR, Nonterminal, was not found in name map.)
(Residue 4: THR, Nonterminal, was not found in name map.)
(Residue 5: VAL, Nonterminal, was not found in name map.)
(Residue 6: VAL, Nonterminal, was not found in name map.)
(Residue 7: ALA, Nonterminal, was not found in name map.)
(Residue 8: THR, Nonterminal, was not found in name map.)
(Residue 9: PRO, Nonterminal, was not found in name map.)
(Residue 10: GLY, Nonterminal, was not found in name map.)
(Residue 11: GLN, Nonterminal, was not found in name map.)
(Residue 12: GLY, Nonterminal, was not found in name map.)
(Residue 13: PRO, Nonterminal, was not found in name map.)
(Residue 14: ASP, Nonterminal, was not found in name map.)
(Residue 15: ARG, Nonterminal, was not found in name map.)
(Residue 16: PRO, Nonterminal, was not found in name map.)
(Residue 17: GLN, Nonterminal, was not found in name map.)
(Residue 18: GLU, Nonterminal, was not found in name map.)
(Residue 19: VAL, Nonterminal, was not found in name map.)
(Residue 20: SER, Nonterminal, was not found in name map.)
(Residue 21: TYR, Nonterminal, was not found in name map.)
(Residue 22: THR, Nonterminal, was not found in name map.)
(Residue 23: ASP, Nonterminal, was not found in name map.)
(Residue 24: THR, Nonterminal, was not found in name map.)
(Residue 25: LYS, Nonterminal, was not found in name map.)
(Residue 26: VAL, Nonterminal, was not found in name map.)
(Residue 27: ILE, Nonterminal, was not found in name map.)
(Residue 28: GLY, Nonterminal, was not found in name map.)
(Residue 29: ASN, Nonterminal, was not found in name map.)
(Residue 30: GLY, Nonterminal, was not found in name map.)
(Residue 31: SER, Nonterminal, was not found in name map.)
(Residue 32: PHE, Nonterminal, was not found in name map.)
(Residue 33: GLY, Nonterminal, was not found in name map.)
(Residue 34: VAL, Nonterminal, was not found in name map.)
(Residue 35: VAL, Nonterminal, was not found in name map.)
(Residue 36: TYR, Nonterminal, was not found in name map.)
(Residue 37: GLN, Nonterminal, was not found in name map.)
(Residue 38: ALA, Nonterminal, was not found in name map.)
(Residue 39: LYS, Nonterminal, was not found in name map.)
(Residue 40: LEU, Nonterminal, was not found in name map.)
(Residue 41: CYS, Nonterminal, was not found in name map.)
(Residue 42: ASP, Nonterminal, was not found in name map.)
(Residue 43: SER, Nonterminal, was not found in name map.)
(Residue 44: GLY, Nonterminal, was not found in name map.)
(Residue 45: GLU, Nonterminal, was not found in name map.)
(Residue 46: LEU, Nonterminal, was not found in name map.)
(Residue 47: VAL, Nonterminal, was not found in name map.)
(Residue 48: ALA, Nonterminal, was not found in name map.)
(Residue 49: ILE, Nonterminal, was not found in name map.)
(Residue 50: LYS, Nonterminal, was not found in name map.)
(Residue 51: LYS, Nonterminal, was not found in name map.)
(Residue 52: VAL, Nonterminal, was not found in name map.)
(Residue 53: LEU, Nonterminal, was not found in name map.)
(Residue 54: GLN, Nonterminal, was not found in name map.)
(Residue 55: ASP, Nonterminal, was not found in name map.)
(Residue 56: LYS, Nonterminal, was not found in name map.)
(Residue 57: ARG, Nonterminal, was not found in name map.)
(Residue 58: PHE, Nonterminal, was not found in name map.)
(Residue 59: LYS, Nonterminal, was not found in name map.)
(Residue 60: ASN, Nonterminal, was not found in name map.)
(Residue 61: ARG, Nonterminal, was not found in name map.)
(Residue 62: GLU, Nonterminal, was not found in name map.)
(Residue 63: LEU, Nonterminal, was not found in name map.)
(Residue 64: GLN, Nonterminal, was not found in name map.)
(Residue 65: ILE, Nonterminal, was not found in name map.)
(Residue 66: MET, Nonterminal, was not found in name map.)
(Residue 67: ARG, Nonterminal, was not found in name map.)
(Residue 68: LYS, Nonterminal, was not found in name map.)
(Residue 69: LEU, Nonterminal, was not found in name map.)
(Residue 70: ASP, Nonterminal, was not found in name map.)
(Residue 71: HIS, Nonterminal, was not found in name map.)
(Residue 72: CYS, Nonterminal, was not found in name map.)
(Residue 73: ASN, Nonterminal, was not found in name map.)
(Residue 74: ILE, Nonterminal, was not found in name map.)
(Residue 75: VAL, Nonterminal, was not found in name map.)
(Residue 76: ARG, Nonterminal, was not found in name map.)
(Residue 77: LEU, Nonterminal, was not found in name map.)
(Residue 78: ARG, Nonterminal, was not found in name map.)
(Residue 79: TYR, Nonterminal, was not found in name map.)
(Residue 80: PHE, Nonterminal, was not found in name map.)
(Residue 81: PHE, Nonterminal, was not found in name map.)
(Residue 82: TYR, Nonterminal, was not found in name map.)
(Residue 83: SER, Nonterminal, was not found in name map.)
(Residue 84: SER, Nonterminal, was not found in name map.)
(Residue 85: VAL, Nonterminal, was not found in name map.)
(Residue 86: TYR, Nonterminal, was not found in name map.)
(Residue 87: LEU, Nonterminal, was not found in name map.)
(Residue 88: ASN, Nonterminal, was not found in name map.)
(Residue 89: LEU, Nonterminal, was not found in name map.)
(Residue 90: VAL, Nonterminal, was not found in name map.)
(Residue 91: LEU, Nonterminal, was not found in name map.)
(Residue 92: ASP, Nonterminal, was not found in name map.)
(Residue 93: TYR, Nonterminal, was not found in name map.)
(Residue 94: VAL, Nonterminal, was not found in name map.)
(Residue 95: PRO, Nonterminal, was not found in name map.)
(Residue 96: GLU, Nonterminal, was not found in name map.)
(Residue 97: THR, Nonterminal, was not found in name map.)
(Residue 98: VAL, Nonterminal, was not found in name map.)
(Residue 99: TYR, Nonterminal, was not found in name map.)
(Residue 100: ARG, Nonterminal, was not found in name map.)
(Residue 101: VAL, Nonterminal, was not found in name map.)
(Residue 102: ALA, Nonterminal, was not found in name map.)
(Residue 103: ARG, Nonterminal, was not found in name map.)
(Residue 104: HIS, Nonterminal, was not found in name map.)
(Residue 105: TYR, Nonterminal, was not found in name map.)
(Residue 106: SER, Nonterminal, was not found in name map.)
(Residue 107: ARG, Nonterminal, was not found in name map.)
(Residue 108: ALA, Nonterminal, was not found in name map.)
(Residue 109: LYS, Nonterminal, was not found in name map.)
(Residue 110: GLN, Nonterminal, was not found in name map.)
(Residue 111: THR, Nonterminal, was not found in name map.)
(Residue 112: LEU, Nonterminal, was not found in name map.)
(Residue 113: PRO, Nonterminal, was not found in name map.)
(Residue 114: VAL, Nonterminal, was not found in name map.)
(Residue 115: ILE, Nonterminal, was not found in name map.)
(Residue 116: TYR, Nonterminal, was not found in name map.)
(Residue 117: VAL, Nonterminal, was not found in name map.)
(Residue 118: LYS, Nonterminal, was not found in name map.)
(Residue 119: LEU, Nonterminal, was not found in name map.)
(Residue 120: TYR, Nonterminal, was not found in name map.)
(Residue 121: MET, Nonterminal, was not found in name map.)
(Residue 122: TYR, Nonterminal, was not found in name map.)
(Residue 123: GLN, Nonterminal, was not found in name map.)
(Residue 124: LEU, Nonterminal, was not found in name map.)
(Residue 125: PHE, Nonterminal, was not found in name map.)
(Residue 126: ARG, Nonterminal, was not found in name map.)
(Residue 127: SER, Nonterminal, was not found in name map.)
(Residue 128: LEU, Nonterminal, was not found in name map.)
(Residue 129: ALA, Nonterminal, was not found in name map.)
(Residue 130: TYR, Nonterminal, was not found in name map.)
(Residue 131: ILE, Nonterminal, was not found in name map.)
(Residue 132: HIS, Nonterminal, was not found in name map.)
(Residue 133: SER, Nonterminal, was not found in name map.)
(Residue 134: PHE, Nonterminal, was not found in name map.)
(Residue 135: GLY, Nonterminal, was not found in name map.)
(Residue 136: ILE, Nonterminal, was not found in name map.)
(Residue 137: CYS, Nonterminal, was not found in name map.)
(Residue 138: HIS, Nonterminal, was not found in name map.)
(Residue 139: ARG, Nonterminal, was not found in name map.)
(Residue 140: ASP, Nonterminal, was not found in name map.)
(Residue 141: ILE, Nonterminal, was not found in name map.)
(Residue 142: LYS, Nonterminal, was not found in name map.)
(Residue 143: PRO, Nonterminal, was not found in name map.)
(Residue 144: GLN, Nonterminal, was not found in name map.)
(Residue 145: ASN, Nonterminal, was not found in name map.)
(Residue 146: LEU, Nonterminal, was not found in name map.)
(Residue 147: LEU, Nonterminal, was not found in name map.)
(Residue 148: LEU, Nonterminal, was not found in name map.)
(Residue 149: ASP, Nonterminal, was not found in name map.)
(Residue 150: PRO, Nonterminal, was not found in name map.)
(Residue 151: ASP, Nonterminal, was not found in name map.)
(Residue 152: THR, Nonterminal, was not found in name map.)
(Residue 153: ALA, Nonterminal, was not found in name map.)
(Residue 154: VAL, Nonterminal, was not found in name map.)
(Residue 155: LEU, Nonterminal, was not found in name map.)
(Residue 156: LYS, Nonterminal, was not found in name map.)
(Residue 157: LEU, Nonterminal, was not found in name map.)
(Residue 158: CYS, Nonterminal, was not found in name map.)
(Residue 159: ASP, Nonterminal, was not found in name map.)
(Residue 160: PHE, Nonterminal, was not found in name map.)
(Residue 161: GLY, Nonterminal, was not found in name map.)
(Residue 162: SER, Nonterminal, was not found in name map.)
(Residue 163: ALA, Nonterminal, was not found in name map.)
(Residue 164: LYS, Nonterminal, was not found in name map.)
(Residue 165: GLN, Nonterminal, was not found in name map.)
(Residue 166: LEU, Nonterminal, was not found in name map.)
(Residue 167: VAL, Nonterminal, was not found in name map.)
(Residue 168: ARG, Nonterminal, was not found in name map.)
(Residue 169: GLY, Nonterminal, was not found in name map.)
(Residue 170: GLU, Nonterminal, was not found in name map.)
(Residue 171: PRO, Nonterminal, was not found in name map.)
(Residue 172: ASN, Nonterminal, was not found in name map.)
(Residue 173: VAL, Nonterminal, was not found in name map.)
(Residue 174: SER, Nonterminal, was not found in name map.)
(Residue 175: TYR, Nonterminal, was not found in name map.)
(Residue 176: ILE, Nonterminal, was not found in name map.)
(Residue 177: CYS, Nonterminal, was not found in name map.)
(Residue 178: SER, Nonterminal, was not found in name map.)
(Residue 179: ARG, Nonterminal, was not found in name map.)
(Residue 180: TYR, Nonterminal, was not found in name map.)
(Residue 181: TYR, Nonterminal, was not found in name map.)
(Residue 182: ARG, Nonterminal, was not found in name map.)
(Residue 183: ALA, Nonterminal, was not found in name map.)
(Residue 184: PRO, Nonterminal, was not found in name map.)
(Residue 185: GLU, Nonterminal, was not found in name map.)
(Residue 186: LEU, Nonterminal, was not found in name map.)
(Residue 187: ILE, Nonterminal, was not found in name map.)
(Residue 188: PHE, Nonterminal, was not found in name map.)
(Residue 189: GLY, Nonterminal, was not found in name map.)
(Residue 190: ALA, Nonterminal, was not found in name map.)
(Residue 191: THR, Nonterminal, was not found in name map.)
(Residue 192: ASP, Nonterminal, was not found in name map.)
(Residue 193: TYR, Nonterminal, was not found in name map.)
(Residue 194: THR, Nonterminal, was not found in name map.)
(Residue 195: SER, Nonterminal, was not found in name map.)
(Residue 196: SER, Nonterminal, was not found in name map.)
(Residue 197: ILE, Nonterminal, was not found in name map.)
(Residue 198: ASP, Nonterminal, was not found in name map.)
(Residue 199: VAL, Nonterminal, was not found in name map.)
(Residue 200: TRP, Nonterminal, was not found in name map.)
(Residue 201: SER, Nonterminal, was not found in name map.)
(Residue 202: ALA, Nonterminal, was not found in name map.)
(Residue 203: GLY, Nonterminal, was not found in name map.)
(Residue 204: CYS, Nonterminal, was not found in name map.)
(Residue 205: VAL, Nonterminal, was not found in name map.)
(Residue 206: LEU, Nonterminal, was not found in name map.)
(Residue 207: ALA, Nonterminal, was not found in name map.)
(Residue 208: GLU, Nonterminal, was not found in name map.)
(Residue 209: LEU, Nonterminal, was not found in name map.)
(Residue 210: LEU, Nonterminal, was not found in name map.)
(Residue 211: LEU, Nonterminal, was not found in name map.)
(Residue 212: GLY, Nonterminal, was not found in name map.)
(Residue 213: GLN, Nonterminal, was not found in name map.)
(Residue 214: PRO, Nonterminal, was not found in name map.)
(Residue 215: ILE, Nonterminal, was not found in name map.)
(Residue 216: PHE, Nonterminal, was not found in name map.)
(Residue 217: PRO, Nonterminal, was not found in name map.)
(Residue 218: GLY, Nonterminal, was not found in name map.)
(Residue 219: ASP, Nonterminal, was not found in name map.)
(Residue 220: SER, Nonterminal, was not found in name map.)
(Residue 221: GLY, Nonterminal, was not found in name map.)
(Residue 222: VAL, Nonterminal, was not found in name map.)
(Residue 223: ASP, Nonterminal, was not found in name map.)
(Residue 224: GLN, Nonterminal, was not found in name map.)
(Residue 225: LEU, Nonterminal, was not found in name map.)
(Residue 226: VAL, Nonterminal, was not found in name map.)
(Residue 227: GLU, Nonterminal, was not found in name map.)
(Residue 228: ILE, Nonterminal, was not found in name map.)
(Residue 229: ILE, Nonterminal, was not found in name map.)
(Residue 230: LYS, Nonterminal, was not found in name map.)
(Residue 231: VAL, Nonterminal, was not found in name map.)
(Residue 232: LEU, Nonterminal, was not found in name map.)
(Residue 233: GLY, Nonterminal, was not found in name map.)
(Residue 234: THR, Nonterminal, was not found in name map.)
(Residue 235: PRO, Nonterminal, was not found in name map.)
(Residue 236: THR, Nonterminal, was not found in name map.)
(Residue 237: ARG, Nonterminal, was not found in name map.)
(Residue 238: GLU, Nonterminal, was not found in name map.)
(Residue 239: GLN, Nonterminal, was not found in name map.)
(Residue 240: ILE, Nonterminal, was not found in name map.)
(Residue 241: ARG, Nonterminal, was not found in name map.)
(Residue 242: GLU, Nonterminal, was not found in name map.)
(Residue 243: MET, Nonterminal, was not found in name map.)
(Residue 244: LYS, Nonterminal, was not found in name map.)
(Residue 245: PHE, Nonterminal, was not found in name map.)
(Residue 246: PRO, Nonterminal, was not found in name map.)
(Residue 247: GLN, Nonterminal, was not found in name map.)
(Residue 248: ILE, Nonterminal, was not found in name map.)
(Residue 249: LYS, Nonterminal, was not found in name map.)
(Residue 250: ALA, Nonterminal, was not found in name map.)
(Residue 251: HIS, Nonterminal, was not found in name map.)
(Residue 252: PRO, Nonterminal, was not found in name map.)
(Residue 253: TRP, Nonterminal, was not found in name map.)
(Residue 254: THR, Nonterminal, was not found in name map.)
(Residue 255: LYS, Nonterminal, was not found in name map.)
(Residue 256: VAL, Nonterminal, was not found in name map.)
(Residue 257: PHE, Nonterminal, was not found in name map.)
(Residue 258: ARG, Nonterminal, was not found in name map.)
(Residue 259: PRO, Nonterminal, was not found in name map.)
(Residue 260: ARG, Nonterminal, was not found in name map.)
(Residue 261: THR, Nonterminal, was not found in name map.)
(Residue 262: PRO, Nonterminal, was not found in name map.)
(Residue 263: PRO, Nonterminal, was not found in name map.)
(Residue 264: GLU, Nonterminal, was not found in name map.)
(Residue 265: ALA, Nonterminal, was not found in name map.)
(Residue 266: ILE, Nonterminal, was not found in name map.)
(Residue 267: ALA, Nonterminal, was not found in name map.)
(Residue 268: LEU, Nonterminal, was not found in name map.)
(Residue 269: CYS, Nonterminal, was not found in name map.)
(Residue 270: SER, Nonterminal, was not found in name map.)
(Residue 271: ARG, Nonterminal, was not found in name map.)
(Residue 272: LEU, Nonterminal, was not found in name map.)
(Residue 273: LEU, Nonterminal, was not found in name map.)
(Residue 274: GLU, Nonterminal, was not found in name map.)
(Residue 275: TYR, Nonterminal, was not found in name map.)
(Residue 276: THR, Nonterminal, was not found in name map.)
(Residue 277: PRO, Nonterminal, was not found in name map.)
(Residue 278: THR, Nonterminal, was not found in name map.)
(Residue 279: ALA, Nonterminal, was not found in name map.)
(Residue 280: ARG, Nonterminal, was not found in name map.)
(Residue 281: LEU, Nonterminal, was not found in name map.)
(Residue 282: THR, Nonterminal, was not found in name map.)
(Residue 283: PRO, Nonterminal, was not found in name map.)
(Residue 284: LEU, Nonterminal, was not found in name map.)
(Residue 285: GLU, Nonterminal, was not found in name map.)
(Residue 286: ALA, Nonterminal, was not found in name map.)
(Residue 287: CYS, Nonterminal, was not found in name map.)
(Residue 288: ALA, Nonterminal, was not found in name map.)
(Residue 289: HIS, Nonterminal, was not found in name map.)
(Residue 290: SER, Nonterminal, was not found in name map.)
(Residue 291: PHE, Nonterminal, was not found in name map.)
(Residue 292: PHE, Nonterminal, was not found in name map.)
(Residue 293: ASP, Nonterminal, was not found in name map.)
(Residue 294: GLU, Nonterminal, was not found in name map.)
(Residue 295: LEU, Nonterminal, was not found in name map.)
(Residue 296: ARG, Nonterminal, was not found in name map.)
(Residue 297: ASP, Nonterminal, was not found in name map.)
(Residue 298: PRO, Nonterminal, was not found in name map.)
(Residue 299: ASN, Nonterminal, was not found in name map.)
(Residue 300: VAL, Nonterminal, was not found in name map.)
(Residue 301: LYS, Nonterminal, was not found in name map.)
(Residue 302: LEU, Nonterminal, was not found in name map.)
(Residue 303: PRO, Nonterminal, was not found in name map.)
(Residue 304: ASN, Nonterminal, was not found in name map.)
(Residue 305: GLY, Nonterminal, was not found in name map.)
(Residue 306: ARG, Nonterminal, was not found in name map.)
(Residue 307: ASP, Nonterminal, was not found in name map.)
(Residue 308: THR, Nonterminal, was not found in name map.)
(Residue 309: PRO, Nonterminal, was not found in name map.)
(Residue 310: ALA, Nonterminal, was not found in name map.)
(Residue 311: LEU, Nonterminal, was not found in name map.)
(Residue 312: PHE, Nonterminal, was not found in name map.)
(Residue 313: ASN, Nonterminal, was not found in name map.)
(Residue 314: PHE, Nonterminal, was not found in name map.)
(Residue 315: THR, Nonterminal, was not found in name map.)
(Residue 316: THR, Nonterminal, was not found in name map.)
(Residue 317: GLN, Nonterminal, was not found in name map.)
(Residue 318: GLU, Nonterminal, was not found in name map.)
(Residue 319: LEU, Nonterminal, was not found in name map.)
(Residue 320: SER, Nonterminal, was not found in name map.)
(Residue 321: SER, Nonterminal, was not found in name map.)
(Residue 322: ASN, Nonterminal, was not found in name map.)
(Residue 323: PRO, Nonterminal, was not found in name map.)
(Residue 324: PRO, Nonterminal, was not found in name map.)
(Residue 325: LEU, Nonterminal, was not found in name map.)
(Residue 326: ALA, Nonterminal, was not found in name map.)
(Residue 327: THR, Nonterminal, was not found in name map.)
(Residue 328: ILE, Nonterminal, was not found in name map.)
(Residue 329: LEU, Nonterminal, was not found in name map.)
(Residue 330: ILE, Nonterminal, was not found in name map.)
(Residue 331: PRO, Nonterminal, was not found in name map.)
(Residue 332: PRO, Nonterminal, was not found in name map.)
(Residue 333: HIS, Nonterminal, was not found in name map.)
(Residue 334: ALA, Nonterminal, was not found in name map.)
(Residue 335: ARG, Nonterminal, was not found in name map.)
(Residue 336: ILE, Nonterminal, was not found in name map.)
(Residue 337: GLN, Nonterminal, was not found in name map.)
Mapped residue ALA, term: Terminal/last, seq. number: 338 to: CALA.
Mapped residue SER, term: Terminal/beginning, seq. number: 339 to: NSER.
(Residue 340: LYS, Nonterminal, was not found in name map.)
(Residue 341: VAL, Nonterminal, was not found in name map.)
(Residue 342: THR, Nonterminal, was not found in name map.)
(Residue 343: THR, Nonterminal, was not found in name map.)
(Residue 344: VAL, Nonterminal, was not found in name map.)
(Residue 345: VAL, Nonterminal, was not found in name map.)
(Residue 346: ALA, Nonterminal, was not found in name map.)
(Residue 347: THR, Nonterminal, was not found in name map.)
(Residue 348: PRO, Nonterminal, was not found in name map.)
(Residue 349: GLY, Nonterminal, was not found in name map.)
(Residue 350: GLN, Nonterminal, was not found in name map.)
(Residue 351: GLY, Nonterminal, was not found in name map.)
(Residue 352: PRO, Nonterminal, was not found in name map.)
(Residue 353: ASP, Nonterminal, was not found in name map.)
(Residue 354: ARG, Nonterminal, was not found in name map.)
(Residue 355: PRO, Nonterminal, was not found in name map.)
(Residue 356: GLN, Nonterminal, was not found in name map.)
(Residue 357: GLU, Nonterminal, was not found in name map.)
(Residue 358: VAL, Nonterminal, was not found in name map.)
(Residue 359: SER, Nonterminal, was not found in name map.)
(Residue 360: TYR, Nonterminal, was not found in name map.)
(Residue 361: THR, Nonterminal, was not found in name map.)
(Residue 362: ASP, Nonterminal, was not found in name map.)
(Residue 363: THR, Nonterminal, was not found in name map.)
(Residue 364: LYS, Nonterminal, was not found in name map.)
(Residue 365: VAL, Nonterminal, was not found in name map.)
(Residue 366: ILE, Nonterminal, was not found in name map.)
(Residue 367: GLY, Nonterminal, was not found in name map.)
(Residue 368: ASN, Nonterminal, was not found in name map.)
(Residue 369: GLY, Nonterminal, was not found in name map.)
(Residue 370: SER, Nonterminal, was not found in name map.)
(Residue 371: PHE, Nonterminal, was not found in name map.)
(Residue 372: GLY, Nonterminal, was not found in name map.)
(Residue 373: VAL, Nonterminal, was not found in name map.)
(Residue 374: VAL, Nonterminal, was not found in name map.)
(Residue 375: TYR, Nonterminal, was not found in name map.)
(Residue 376: GLN, Nonterminal, was not found in name map.)
(Residue 377: ALA, Nonterminal, was not found in name map.)
(Residue 378: LYS, Nonterminal, was not found in name map.)
(Residue 379: LEU, Nonterminal, was not found in name map.)
(Residue 380: CYS, Nonterminal, was not found in name map.)
(Residue 381: ASP, Nonterminal, was not found in name map.)
(Residue 382: SER, Nonterminal, was not found in name map.)
(Residue 383: GLY, Nonterminal, was not found in name map.)
(Residue 384: GLU, Nonterminal, was not found in name map.)
(Residue 385: LEU, Nonterminal, was not found in name map.)
(Residue 386: VAL, Nonterminal, was not found in name map.)
(Residue 387: ALA, Nonterminal, was not found in name map.)
(Residue 388: ILE, Nonterminal, was not found in name map.)
(Residue 389: LYS, Nonterminal, was not found in name map.)
(Residue 390: LYS, Nonterminal, was not found in name map.)
(Residue 391: VAL, Nonterminal, was not found in name map.)
(Residue 392: LEU, Nonterminal, was not found in name map.)
(Residue 393: GLN, Nonterminal, was not found in name map.)
(Residue 394: ASP, Nonterminal, was not found in name map.)
(Residue 395: LYS, Nonterminal, was not found in name map.)
(Residue 396: ARG, Nonterminal, was not found in name map.)
(Residue 397: PHE, Nonterminal, was not found in name map.)
(Residue 398: LYS, Nonterminal, was not found in name map.)
(Residue 399: ASN, Nonterminal, was not found in name map.)
(Residue 400: ARG, Nonterminal, was not found in name map.)
(Residue 401: GLU, Nonterminal, was not found in name map.)
(Residue 402: LEU, Nonterminal, was not found in name map.)
(Residue 403: GLN, Nonterminal, was not found in name map.)
(Residue 404: ILE, Nonterminal, was not found in name map.)
(Residue 405: MET, Nonterminal, was not found in name map.)
(Residue 406: ARG, Nonterminal, was not found in name map.)
(Residue 407: LYS, Nonterminal, was not found in name map.)
(Residue 408: LEU, Nonterminal, was not found in name map.)
(Residue 409: ASP, Nonterminal, was not found in name map.)
(Residue 410: HIS, Nonterminal, was not found in name map.)
(Residue 411: CYS, Nonterminal, was not found in name map.)
(Residue 412: ASN, Nonterminal, was not found in name map.)
(Residue 413: ILE, Nonterminal, was not found in name map.)
(Residue 414: VAL, Nonterminal, was not found in name map.)
(Residue 415: ARG, Nonterminal, was not found in name map.)
(Residue 416: LEU, Nonterminal, was not found in name map.)
(Residue 417: ARG, Nonterminal, was not found in name map.)
(Residue 418: TYR, Nonterminal, was not found in name map.)
(Residue 419: PHE, Nonterminal, was not found in name map.)
(Residue 420: PHE, Nonterminal, was not found in name map.)
(Residue 421: TYR, Nonterminal, was not found in name map.)
(Residue 422: SER, Nonterminal, was not found in name map.)
(Residue 423: SER, Nonterminal, was not found in name map.)
(Residue 424: VAL, Nonterminal, was not found in name map.)
(Residue 425: TYR, Nonterminal, was not found in name map.)
(Residue 426: LEU, Nonterminal, was not found in name map.)
(Residue 427: ASN, Nonterminal, was not found in name map.)
(Residue 428: LEU, Nonterminal, was not found in name map.)
(Residue 429: VAL, Nonterminal, was not found in name map.)
(Residue 430: LEU, Nonterminal, was not found in name map.)
(Residue 431: ASP, Nonterminal, was not found in name map.)
(Residue 432: TYR, Nonterminal, was not found in name map.)
(Residue 433: VAL, Nonterminal, was not found in name map.)
(Residue 434: PRO, Nonterminal, was not found in name map.)
(Residue 435: GLU, Nonterminal, was not found in name map.)
(Residue 436: THR, Nonterminal, was not found in name map.)
(Residue 437: VAL, Nonterminal, was not found in name map.)
(Residue 438: TYR, Nonterminal, was not found in name map.)
(Residue 439: ARG, Nonterminal, was not found in name map.)
(Residue 440: VAL, Nonterminal, was not found in name map.)
(Residue 441: ALA, Nonterminal, was not found in name map.)
(Residue 442: ARG, Nonterminal, was not found in name map.)
(Residue 443: HIS, Nonterminal, was not found in name map.)
(Residue 444: TYR, Nonterminal, was not found in name map.)
(Residue 445: SER, Nonterminal, was not found in name map.)
(Residue 446: ARG, Nonterminal, was not found in name map.)
(Residue 447: ALA, Nonterminal, was not found in name map.)
(Residue 448: LYS, Nonterminal, was not found in name map.)
(Residue 449: GLN, Nonterminal, was not found in name map.)
(Residue 450: THR, Nonterminal, was not found in name map.)
(Residue 451: LEU, Nonterminal, was not found in name map.)
(Residue 452: PRO, Nonterminal, was not found in name map.)
(Residue 453: VAL, Nonterminal, was not found in name map.)
(Residue 454: ILE, Nonterminal, was not found in name map.)
(Residue 455: TYR, Nonterminal, was not found in name map.)
(Residue 456: VAL, Nonterminal, was not found in name map.)
(Residue 457: LYS, Nonterminal, was not found in name map.)
(Residue 458: LEU, Nonterminal, was not found in name map.)
(Residue 459: TYR, Nonterminal, was not found in name map.)
(Residue 460: MET, Nonterminal, was not found in name map.)
(Residue 461: TYR, Nonterminal, was not found in name map.)
(Residue 462: GLN, Nonterminal, was not found in name map.)
(Residue 463: LEU, Nonterminal, was not found in name map.)
(Residue 464: PHE, Nonterminal, was not found in name map.)
(Residue 465: ARG, Nonterminal, was not found in name map.)
(Residue 466: SER, Nonterminal, was not found in name map.)
(Residue 467: LEU, Nonterminal, was not found in name map.)
(Residue 468: ALA, Nonterminal, was not found in name map.)
(Residue 469: TYR, Nonterminal, was not found in name map.)
(Residue 470: ILE, Nonterminal, was not found in name map.)
(Residue 471: HIS, Nonterminal, was not found in name map.)
(Residue 472: SER, Nonterminal, was not found in name map.)
(Residue 473: PHE, Nonterminal, was not found in name map.)
(Residue 474: GLY, Nonterminal, was not found in name map.)
(Residue 475: ILE, Nonterminal, was not found in name map.)
(Residue 476: CYS, Nonterminal, was not found in name map.)
(Residue 477: HIS, Nonterminal, was not found in name map.)
(Residue 478: ARG, Nonterminal, was not found in name map.)
(Residue 479: ASP, Nonterminal, was not found in name map.)
(Residue 480: ILE, Nonterminal, was not found in name map.)
(Residue 481: LYS, Nonterminal, was not found in name map.)
(Residue 482: PRO, Nonterminal, was not found in name map.)
(Residue 483: GLN, Nonterminal, was not found in name map.)
(Residue 484: ASN, Nonterminal, was not found in name map.)
(Residue 485: LEU, Nonterminal, was not found in name map.)
(Residue 486: LEU, Nonterminal, was not found in name map.)
(Residue 487: LEU, Nonterminal, was not found in name map.)
(Residue 488: ASP, Nonterminal, was not found in name map.)
(Residue 489: PRO, Nonterminal, was not found in name map.)
(Residue 490: ASP, Nonterminal, was not found in name map.)
(Residue 491: THR, Nonterminal, was not found in name map.)
(Residue 492: ALA, Nonterminal, was not found in name map.)
(Residue 493: VAL, Nonterminal, was not found in name map.)
(Residue 494: LEU, Nonterminal, was not found in name map.)
(Residue 495: LYS, Nonterminal, was not found in name map.)
(Residue 496: LEU, Nonterminal, was not found in name map.)
(Residue 497: CYS, Nonterminal, was not found in name map.)
(Residue 498: ASP, Nonterminal, was not found in name map.)
(Residue 499: PHE, Nonterminal, was not found in name map.)
(Residue 500: GLY, Nonterminal, was not found in name map.)
(Residue 501: SER, Nonterminal, was not found in name map.)
(Residue 502: ALA, Nonterminal, was not found in name map.)
(Residue 503: LYS, Nonterminal, was not found in name map.)
(Residue 504: GLN, Nonterminal, was not found in name map.)
(Residue 505: LEU, Nonterminal, was not found in name map.)
(Residue 506: VAL, Nonterminal, was not found in name map.)
(Residue 507: ARG, Nonterminal, was not found in name map.)
(Residue 508: GLY, Nonterminal, was not found in name map.)
(Residue 509: GLU, Nonterminal, was not found in name map.)
(Residue 510: PRO, Nonterminal, was not found in name map.)
(Residue 511: ASN, Nonterminal, was not found in name map.)
(Residue 512: VAL, Nonterminal, was not found in name map.)
(Residue 513: SER, Nonterminal, was not found in name map.)
(Residue 514: TYR, Nonterminal, was not found in name map.)
(Residue 515: ILE, Nonterminal, was not found in name map.)
(Residue 516: CYS, Nonterminal, was not found in name map.)
(Residue 517: SER, Nonterminal, was not found in name map.)
(Residue 518: ARG, Nonterminal, was not found in name map.)
(Residue 519: TYR, Nonterminal, was not found in name map.)
(Residue 520: TYR, Nonterminal, was not found in name map.)
(Residue 521: ARG, Nonterminal, was not found in name map.)
(Residue 522: ALA, Nonterminal, was not found in name map.)
(Residue 523: PRO, Nonterminal, was not found in name map.)
(Residue 524: GLU, Nonterminal, was not found in name map.)
(Residue 525: LEU, Nonterminal, was not found in name map.)
(Residue 526: ILE, Nonterminal, was not found in name map.)
(Residue 527: PHE, Nonterminal, was not found in name map.)
(Residue 528: GLY, Nonterminal, was not found in name map.)
(Residue 529: ALA, Nonterminal, was not found in name map.)
(Residue 530: THR, Nonterminal, was not found in name map.)
(Residue 531: ASP, Nonterminal, was not found in name map.)
(Residue 532: TYR, Nonterminal, was not found in name map.)
(Residue 533: THR, Nonterminal, was not found in name map.)
(Residue 534: SER, Nonterminal, was not found in name map.)
(Residue 535: SER, Nonterminal, was not found in name map.)
(Residue 536: ILE, Nonterminal, was not found in name map.)
(Residue 537: ASP, Nonterminal, was not found in name map.)
(Residue 538: VAL, Nonterminal, was not found in name map.)
(Residue 539: TRP, Nonterminal, was not found in name map.)
(Residue 540: SER, Nonterminal, was not found in name map.)
(Residue 541: ALA, Nonterminal, was not found in name map.)
(Residue 542: GLY, Nonterminal, was not found in name map.)
(Residue 543: CYS, Nonterminal, was not found in name map.)
(Residue 544: VAL, Nonterminal, was not found in name map.)
(Residue 545: LEU, Nonterminal, was not found in name map.)
(Residue 546: ALA, Nonterminal, was not found in name map.)
(Residue 547: GLU, Nonterminal, was not found in name map.)
(Residue 548: LEU, Nonterminal, was not found in name map.)
(Residue 549: LEU, Nonterminal, was not found in name map.)
(Residue 550: LEU, Nonterminal, was not found in name map.)
(Residue 551: GLY, Nonterminal, was not found in name map.)
(Residue 552: GLN, Nonterminal, was not found in name map.)
(Residue 553: PRO, Nonterminal, was not found in name map.)
(Residue 554: ILE, Nonterminal, was not found in name map.)
(Residue 555: PHE, Nonterminal, was not found in name map.)
(Residue 556: PRO, Nonterminal, was not found in name map.)
(Residue 557: GLY, Nonterminal, was not found in name map.)
(Residue 558: ASP, Nonterminal, was not found in name map.)
(Residue 559: SER, Nonterminal, was not found in name map.)
(Residue 560: GLY, Nonterminal, was not found in name map.)
(Residue 561: VAL, Nonterminal, was not found in name map.)
(Residue 562: ASP, Nonterminal, was not found in name map.)
(Residue 563: GLN, Nonterminal, was not found in name map.)
(Residue 564: LEU, Nonterminal, was not found in name map.)
(Residue 565: VAL, Nonterminal, was not found in name map.)
(Residue 566: GLU, Nonterminal, was not found in name map.)
(Residue 567: ILE, Nonterminal, was not found in name map.)
(Residue 568: ILE, Nonterminal, was not found in name map.)
(Residue 569: LYS, Nonterminal, was not found in name map.)
(Residue 570: VAL, Nonterminal, was not found in name map.)
(Residue 571: LEU, Nonterminal, was not found in name map.)
(Residue 572: GLY, Nonterminal, was not found in name map.)
(Residue 573: THR, Nonterminal, was not found in name map.)
(Residue 574: PRO, Nonterminal, was not found in name map.)
(Residue 575: THR, Nonterminal, was not found in name map.)
(Residue 576: ARG, Nonterminal, was not found in name map.)
(Residue 577: GLU, Nonterminal, was not found in name map.)
(Residue 578: GLN, Nonterminal, was not found in name map.)
(Residue 579: ILE, Nonterminal, was not found in name map.)
(Residue 580: ARG, Nonterminal, was not found in name map.)
(Residue 581: GLU, Nonterminal, was not found in name map.)
(Residue 582: MET, Nonterminal, was not found in name map.)
(Residue 583: ASN, Nonterminal, was not found in name map.)
(Residue 584: PRO, Nonterminal, was not found in name map.)
(Residue 585: ASN, Nonterminal, was not found in name map.)
(Residue 586: TYR, Nonterminal, was not found in name map.)
(Residue 587: THR, Nonterminal, was not found in name map.)
(Residue 588: GLU, Nonterminal, was not found in name map.)
(Residue 589: PHE, Nonterminal, was not found in name map.)
(Residue 590: LYS, Nonterminal, was not found in name map.)
(Residue 591: PHE, Nonterminal, was not found in name map.)
(Residue 592: PRO, Nonterminal, was not found in name map.)
(Residue 593: GLN, Nonterminal, was not found in name map.)
(Residue 594: ILE, Nonterminal, was not found in name map.)
(Residue 595: LYS, Nonterminal, was not found in name map.)
(Residue 596: ALA, Nonterminal, was not found in name map.)
(Residue 597: HIS, Nonterminal, was not found in name map.)
(Residue 598: PRO, Nonterminal, was not found in name map.)
(Residue 599: TRP, Nonterminal, was not found in name map.)
(Residue 600: THR, Nonterminal, was not found in name map.)
(Residue 601: LYS, Nonterminal, was not found in name map.)
(Residue 602: VAL, Nonterminal, was not found in name map.)
(Residue 603: PHE, Nonterminal, was not found in name map.)
(Residue 604: ARG, Nonterminal, was not found in name map.)
(Residue 605: PRO, Nonterminal, was not found in name map.)
(Residue 606: ARG, Nonterminal, was not found in name map.)
(Residue 607: THR, Nonterminal, was not found in name map.)
(Residue 608: PRO, Nonterminal, was not found in name map.)
(Residue 609: PRO, Nonterminal, was not found in name map.)
(Residue 610: GLU, Nonterminal, was not found in name map.)
(Residue 611: ALA, Nonterminal, was not found in name map.)
(Residue 612: ILE, Nonterminal, was not found in name map.)
(Residue 613: ALA, Nonterminal, was not found in name map.)
(Residue 614: LEU, Nonterminal, was not found in name map.)
(Residue 615: CYS, Nonterminal, was not found in name map.)
(Residue 616: SER, Nonterminal, was not found in name map.)
(Residue 617: ARG, Nonterminal, was not found in name map.)
(Residue 618: LEU, Nonterminal, was not found in name map.)
(Residue 619: LEU, Nonterminal, was not found in name map.)
(Residue 620: GLU, Nonterminal, was not found in name map.)
(Residue 621: TYR, Nonterminal, was not found in name map.)
(Residue 622: THR, Nonterminal, was not found in name map.)
(Residue 623: PRO, Nonterminal, was not found in name map.)
(Residue 624: THR, Nonterminal, was not found in name map.)
(Residue 625: ALA, Nonterminal, was not found in name map.)
(Residue 626: ARG, Nonterminal, was not found in name map.)
(Residue 627: LEU, Nonterminal, was not found in name map.)
(Residue 628: THR, Nonterminal, was not found in name map.)
(Residue 629: PRO, Nonterminal, was not found in name map.)
(Residue 630: LEU, Nonterminal, was not found in name map.)
(Residue 631: GLU, Nonterminal, was not found in name map.)
(Residue 632: ALA, Nonterminal, was not found in name map.)
(Residue 633: CYS, Nonterminal, was not found in name map.)
(Residue 634: ALA, Nonterminal, was not found in name map.)
(Residue 635: HIS, Nonterminal, was not found in name map.)
(Residue 636: SER, Nonterminal, was not found in name map.)
(Residue 637: PHE, Nonterminal, was not found in name map.)
(Residue 638: PHE, Nonterminal, was not found in name map.)
(Residue 639: ASP, Nonterminal, was not found in name map.)
(Residue 640: GLU, Nonterminal, was not found in name map.)
(Residue 641: LEU, Nonterminal, was not found in name map.)
(Residue 642: ARG, Nonterminal, was not found in name map.)
(Residue 643: ASP, Nonterminal, was not found in name map.)
(Residue 644: PRO, Nonterminal, was not found in name map.)
(Residue 645: ASN, Nonterminal, was not found in name map.)
(Residue 646: VAL, Nonterminal, was not found in name map.)
(Residue 647: LYS, Nonterminal, was not found in name map.)
(Residue 648: LEU, Nonterminal, was not found in name map.)
(Residue 649: PRO, Nonterminal, was not found in name map.)
(Residue 650: ASN, Nonterminal, was not found in name map.)
(Residue 651: GLY, Nonterminal, was not found in name map.)
(Residue 652: ARG, Nonterminal, was not found in name map.)
(Residue 653: ASP, Nonterminal, was not found in name map.)
(Residue 654: THR, Nonterminal, was not found in name map.)
(Residue 655: PRO, Nonterminal, was not found in name map.)
(Residue 656: ALA, Nonterminal, was not found in name map.)
(Residue 657: LEU, Nonterminal, was not found in name map.)
(Residue 658: PHE, Nonterminal, was not found in name map.)
(Residue 659: ASN, Nonterminal, was not found in name map.)
(Residue 660: PHE, Nonterminal, was not found in name map.)
(Residue 661: THR, Nonterminal, was not found in name map.)
(Residue 662: THR, Nonterminal, was not found in name map.)
(Residue 663: GLN, Nonterminal, was not found in name map.)
(Residue 664: GLU, Nonterminal, was not found in name map.)
(Residue 665: LEU, Nonterminal, was not found in name map.)
(Residue 666: SER, Nonterminal, was not found in name map.)
(Residue 667: SER, Nonterminal, was not found in name map.)
(Residue 668: ASN, Nonterminal, was not found in name map.)
(Residue 669: PRO, Nonterminal, was not found in name map.)
(Residue 670: PRO, Nonterminal, was not found in name map.)
(Residue 671: LEU, Nonterminal, was not found in name map.)
(Residue 672: ALA, Nonterminal, was not found in name map.)
(Residue 673: THR, Nonterminal, was not found in name map.)
(Residue 674: ILE, Nonterminal, was not found in name map.)
(Residue 675: LEU, Nonterminal, was not found in name map.)
(Residue 676: ILE, Nonterminal, was not found in name map.)
(Residue 677: PRO, Nonterminal, was not found in name map.)
(Residue 678: PRO, Nonterminal, was not found in name map.)
(Residue 679: HIS, Nonterminal, was not found in name map.)
(Residue 680: ALA, Nonterminal, was not found in name map.)
Mapped residue ARG, term: Terminal/last, seq. number: 681 to: CARG.
Joining NSER - LYS
Joining LYS - VAL
Joining VAL - THR
Joining THR - THR
Joining THR - VAL
Joining VAL - VAL
Joining VAL - ALA
Joining ALA - THR
Joining THR - PRO
Joining PRO - GLY
Joining GLY - GLN
Joining GLN - GLY
Joining GLY - PRO
Joining PRO - ASP
Joining ASP - ARG
Joining ARG - PRO
Joining PRO - GLN
Joining GLN - GLU
Joining GLU - VAL
Joining VAL - SER
Joining SER - TYR
Joining TYR - THR
Joining THR - ASP
Joining ASP - THR
Joining THR - LYS
Joining LYS - VAL
Joining VAL - ILE
Joining ILE - GLY
Joining GLY - ASN
Joining ASN - GLY
Joining GLY - SER
Joining SER - PHE
Joining PHE - GLY
Joining GLY - VAL
Joining VAL - VAL
Joining VAL - TYR
Joining TYR - GLN
Joining GLN - ALA
Joining ALA - LYS
Joining LYS - LEU
Joining LEU - CYS
Joining CYS - ASP
Joining ASP - SER
Joining SER - GLY
Joining GLY - GLU
Joining GLU - LEU
Joining LEU - VAL
Joining VAL - ALA
Joining ALA - ILE
Joining ILE - LYS
Joining LYS - LYS
Joining LYS - VAL
Joining VAL - LEU
Joining LEU - GLN
Joining GLN - ASP
  Added missing heavy atom: .R<ASP 90>.A<CB 5>
  Added missing heavy atom: .R<ASP 90>.A<CG 8>
  Added missing heavy atom: .R<ASP 90>.A<OD1 9>
  Added missing heavy atom: .R<ASP 90>.A<OD2 10>
Joining ASP - LYS
Joining LYS - ARG
  Added missing heavy atom: .R<ARG 92>.A<CG 8>
  Added missing heavy atom: .R<ARG 92>.A<CD 11>
  Added missing heavy atom: .R<ARG 92>.A<NE 14>
  Added missing heavy atom: .R<ARG 92>.A<CZ 16>
  Added missing heavy atom: .R<ARG 92>.A<NH1 17>
  Added missing heavy atom: .R<ARG 92>.A<NH2 20>
Joining ARG - PHE
Joining PHE - LYS
Joining LYS - ASN
Joining ASN - ARG
Joining ARG - GLU
Joining GLU - LEU
Joining LEU - GLN
Joining GLN - ILE
Joining ILE - MET
Joining MET - ARG
Joining ARG - LYS
Joining LYS - LEU
Joining LEU - ASP
Joining ASP - HIE
Joining HIE - CYS
Joining CYS - ASN
Joining ASN - ILE
Joining ILE - VAL
Joining VAL - ARG
Joining ARG - LEU
Joining LEU - ARG
Joining ARG - TYR
Joining TYR - PHE
Joining PHE - PHE
Joining PHE - TYR
Joining TYR - SER
Joining SER - SER
Joining SER - VAL
Joining VAL - TYR
Joining TYR - LEU
Joining LEU - ASN
Joining ASN - LEU
Joining LEU - VAL
Joining VAL - LEU
Joining LEU - ASP
Joining ASP - TYR
Joining TYR - VAL
Joining VAL - PRO
Joining PRO - GLU
Joining GLU - THR
Joining THR - VAL
Joining VAL - TYR
Joining TYR - ARG
Joining ARG - VAL
Joining VAL - ALA
Joining ALA - ARG
Joining ARG - HIE
Joining HIE - TYR
Joining TYR - SER
Joining SER - ARG
Joining ARG - ALA
Joining ALA - LYS
Joining LYS - GLN
Joining GLN - THR
Joining THR - LEU
Joining LEU - PRO
Joining PRO - VAL
Joining VAL - ILE
Joining ILE - TYR
Joining TYR - VAL
Joining VAL - LYS
Joining LYS - LEU
Joining LEU - TYR
Joining TYR - MET
Joining MET - TYR
Joining TYR - GLN
Joining GLN - LEU
Joining LEU - PHE
Joining PHE - ARG
Joining ARG - SER
Joining SER - LEU
Joining LEU - ALA
Joining ALA - TYR
Joining TYR - ILE
Joining ILE - HIE
Joining HIE - SER
Joining SER - PHE
Joining PHE - GLY
Joining GLY - ILE
Joining ILE - CYS
Joining CYS - HIE
Joining HIE - ARG
Joining ARG - ASP
Joining ASP - ILE
Joining ILE - LYS
Joining LYS - PRO
Joining PRO - GLN
Joining GLN - ASN
Joining ASN - LEU
Joining LEU - LEU
Joining LEU - LEU
Joining LEU - ASP
Joining ASP - PRO
Joining PRO - ASP
Joining ASP - THR
Joining THR - ALA
Joining ALA - VAL
Joining VAL - LEU
Joining LEU - LYS
Joining LYS - LEU
Joining LEU - CYS
Joining CYS - ASP
Joining ASP - PHE
Joining PHE - GLY
Joining GLY - SER
Joining SER - ALA
Joining ALA - LYS
Joining LYS - GLN
Joining GLN - LEU
Joining LEU - VAL
Joining VAL - ARG
Joining ARG - GLY
Joining GLY - GLU
Joining GLU - PRO
Joining PRO - ASN
Joining ASN - VAL
Joining VAL - SER
Joining SER - TYR
Joining TYR - ILE
Joining ILE - CYS
Joining CYS - SER
Joining SER - ARG
Joining ARG - TYR
Joining TYR - TYR
Joining TYR - ARG
Joining ARG - ALA
Joining ALA - PRO
Joining PRO - GLU
Joining GLU - LEU
Joining LEU - ILE
Joining ILE - PHE
Joining PHE - GLY
Joining GLY - ALA
Joining ALA - THR
Joining THR - ASP
Joining ASP - TYR
Joining TYR - THR
Joining THR - SER
Joining SER - SER
Joining SER - ILE
Joining ILE - ASP
Joining ASP - VAL
Joining VAL - TRP
Joining TRP - SER
Joining SER - ALA
Joining ALA - GLY
Joining GLY - CYS
Joining CYS - VAL
Joining VAL - LEU
Joining LEU - ALA
Joining ALA - GLU
Joining GLU - LEU
Joining LEU - LEU
Joining LEU - LEU
Joining LEU - GLY
Joining GLY - GLN
Joining GLN - PRO
Joining PRO - ILE
Joining ILE - PHE
Joining PHE - PRO
Joining PRO - GLY
Joining GLY - ASP
Joining ASP - SER
Joining SER - GLY
Joining GLY - VAL
Joining VAL - ASP
Joining ASP - GLN
Joining GLN - LEU
Joining LEU - VAL
Joining VAL - GLU
Joining GLU - ILE
Joining ILE - ILE
Joining ILE - LYS
Joining LYS - VAL
Joining VAL - LEU
Joining LEU - GLY
Joining GLY - THR
Joining THR - PRO
Joining PRO - THR
Joining THR - ARG
Joining ARG - GLU
Joining GLU - GLN
Joining GLN - ILE
Joining ILE - ARG
Joining ARG - GLU
Joining GLU - MET
Joining MET - LYS
  Added missing heavy atom: .R<LYS 279>.A<CG 8>
  Added missing heavy atom: .R<LYS 279>.A<CD 11>
  Added missing heavy atom: .R<LYS 279>.A<CE 14>
  Added missing heavy atom: .R<LYS 279>.A<NZ 17>
Joining LYS - PHE
Joining PHE - PRO
Joining PRO - GLN
Joining GLN - ILE
Joining ILE - LYS
Joining LYS - ALA
Joining ALA - HIE
Joining HIE - PRO
Joining PRO - TRP
Joining TRP - THR
Joining THR - LYS
Joining LYS - VAL
Joining VAL - PHE
Joining PHE - ARG
Joining ARG - PRO
Joining PRO - ARG
Joining ARG - THR
Joining THR - PRO
Joining PRO - PRO
Joining PRO - GLU
Joining GLU - ALA
Joining ALA - ILE
Joining ILE - ALA
Joining ALA - LEU
Joining LEU - CYS
Joining CYS - SER
Joining SER - ARG
Joining ARG - LEU
Joining LEU - LEU
Joining LEU - GLU
Joining GLU - TYR
Joining TYR - THR
Joining THR - PRO
Joining PRO - THR
Joining THR - ALA
Joining ALA - ARG
Joining ARG - LEU
Joining LEU - THR
Joining THR - PRO
Joining PRO - LEU
Joining LEU - GLU
Joining GLU - ALA
Joining ALA - CYS
Joining CYS - ALA
Joining ALA - HIE
Joining HIE - SER
Joining SER - PHE
Joining PHE - PHE
Joining PHE - ASP
Joining ASP - GLU
Joining GLU - LEU
Joining LEU - ARG
Joining ARG - ASP
Joining ASP - PRO
Joining PRO - ASN
Joining ASN - VAL
Joining VAL - LYS
Joining LYS - LEU
Joining LEU - PRO
Joining PRO - ASN
Joining ASN - GLY
Joining GLY - ARG
Joining ARG - ASP
Joining ASP - THR
Joining THR - PRO
Joining PRO - ALA
Joining ALA - LEU
Joining LEU - PHE
Joining PHE - ASN
Joining ASN - PHE
Joining PHE - THR
Joining THR - THR
Joining THR - GLN
Joining GLN - GLU
Joining GLU - LEU
Joining LEU - SER
Joining SER - SER
Joining SER - ASN
Joining ASN - PRO
Joining PRO - PRO
Joining PRO - LEU
Joining LEU - ALA
Joining ALA - THR
Joining THR - ILE
Joining ILE - LEU
Joining LEU - ILE
Joining ILE - PRO
Joining PRO - PRO
Joining PRO - HIE
Joining HIE - ALA
Joining ALA - ARG
Joining ARG - ILE
Joining ILE - GLN
Joining GLN - CALA
  Added missing heavy atom: .R<CALA 373>.A<OXT 11>
Joining NSER - LYS
Joining LYS - VAL
Joining VAL - THR
Joining THR - THR
Joining THR - VAL
Joining VAL - VAL
Joining VAL - ALA
Joining ALA - THR
Joining THR - PRO
Joining PRO - GLY
Joining GLY - GLN
Joining GLN - GLY
Joining GLY - PRO
Joining PRO - ASP
Joining ASP - ARG
Joining ARG - PRO
Joining PRO - GLN
Joining GLN - GLU
Joining GLU - VAL
Joining VAL - SER
Joining SER - TYR
Joining TYR - THR
Joining THR - ASP
Joining ASP - THR
Joining THR - LYS
Joining LYS - VAL
Joining VAL - ILE
Joining ILE - GLY
Joining GLY - ASN
Joining ASN - GLY
Joining GLY - SER
Joining SER - PHE
Joining PHE - GLY
Joining GLY - VAL
Joining VAL - VAL
Joining VAL - TYR
Joining TYR - GLN
Joining GLN - ALA
Joining ALA - LYS
Joining LYS - LEU
Joining LEU - CYS
Joining CYS - ASP
Joining ASP - SER
Joining SER - GLY
Joining GLY - GLU
Joining GLU - LEU
Joining LEU - VAL
Joining VAL - ALA
Joining ALA - ILE
Joining ILE - LYS
Joining LYS - LYS
Joining LYS - VAL
Joining VAL - LEU
Joining LEU - GLN
Joining GLN - ASP
  Added missing heavy atom: .R<ASP 429>.A<CB 5>
  Added missing heavy atom: .R<ASP 429>.A<CG 8>
  Added missing heavy atom: .R<ASP 429>.A<OD1 9>
  Added missing heavy atom: .R<ASP 429>.A<OD2 10>
Joining ASP - LYS
Joining LYS - ARG
  Added missing heavy atom: .R<ARG 431>.A<CG 8>
  Added missing heavy atom: .R<ARG 431>.A<CD 11>
  Added missing heavy atom: .R<ARG 431>.A<NE 14>
  Added missing heavy atom: .R<ARG 431>.A<CZ 16>
  Added missing heavy atom: .R<ARG 431>.A<NH1 17>
  Added missing heavy atom: .R<ARG 431>.A<NH2 20>
Joining ARG - PHE
Joining PHE - LYS
Joining LYS - ASN
Joining ASN - ARG
Joining ARG - GLU
Joining GLU - LEU
Joining LEU - GLN
Joining GLN - ILE
Joining ILE - MET
Joining MET - ARG
Joining ARG - LYS
Joining LYS - LEU
Joining LEU - ASP
Joining ASP - HIE
Joining HIE - CYS
Joining CYS - ASN
Joining ASN - ILE
Joining ILE - VAL
Joining VAL - ARG
Joining ARG - LEU
Joining LEU - ARG
Joining ARG - TYR
Joining TYR - PHE
Joining PHE - PHE
Joining PHE - TYR
Joining TYR - SER
Joining SER - SER
Joining SER - VAL
Joining VAL - TYR
Joining TYR - LEU
Joining LEU - ASN
Joining ASN - LEU
Joining LEU - VAL
Joining VAL - LEU
Joining LEU - ASP
Joining ASP - TYR
Joining TYR - VAL
Joining VAL - PRO
Joining PRO - GLU
Joining GLU - THR
Joining THR - VAL
Joining VAL - TYR
Joining TYR - ARG
Joining ARG - VAL
Joining VAL - ALA
Joining ALA - ARG
Joining ARG - HIE
Joining HIE - TYR
Joining TYR - SER
Joining SER - ARG
Joining ARG - ALA
Joining ALA - LYS
Joining LYS - GLN
Joining GLN - THR
Joining THR - LEU
Joining LEU - PRO
Joining PRO - VAL
Joining VAL - ILE
Joining ILE - TYR
Joining TYR - VAL
Joining VAL - LYS
Joining LYS - LEU
Joining LEU - TYR
Joining TYR - MET
Joining MET - TYR
Joining TYR - GLN
Joining GLN - LEU
Joining LEU - PHE
Joining PHE - ARG
Joining ARG - SER
Joining SER - LEU
Joining LEU - ALA
Joining ALA - TYR
Joining TYR - ILE
Joining ILE - HIE
Joining HIE - SER
Joining SER - PHE
Joining PHE - GLY
Joining GLY - ILE
Joining ILE - CYS
Joining CYS - HIE
Joining HIE - ARG
Joining ARG - ASP
Joining ASP - ILE
Joining ILE - LYS
Joining LYS - PRO
Joining PRO - GLN
Joining GLN - ASN
Joining ASN - LEU
Joining LEU - LEU
Joining LEU - LEU
Joining LEU - ASP
Joining ASP - PRO
Joining PRO - ASP
Joining ASP - THR
Joining THR - ALA
Joining ALA - VAL
Joining VAL - LEU
Joining LEU - LYS
Joining LYS - LEU
Joining LEU - CYS
Joining CYS - ASP
Joining ASP - PHE
Joining PHE - GLY
Joining GLY - SER
Joining SER - ALA
Joining ALA - LYS
Joining LYS - GLN
Joining GLN - LEU
Joining LEU - VAL
Joining VAL - ARG
Joining ARG - GLY
Joining GLY - GLU
Joining GLU - PRO
Joining PRO - ASN
Joining ASN - VAL
Joining VAL - SER
Joining SER - TYR
Joining TYR - ILE
Joining ILE - CYS
Joining CYS - SER
Joining SER - ARG
Joining ARG - TYR
Joining TYR - TYR
Joining TYR - ARG
Joining ARG - ALA
Joining ALA - PRO
Joining PRO - GLU
Joining GLU - LEU
Joining LEU - ILE
Joining ILE - PHE
Joining PHE - GLY
Joining GLY - ALA
Joining ALA - THR
Joining THR - ASP
Joining ASP - TYR
Joining TYR - THR
Joining THR - SER
Joining SER - SER
Joining SER - ILE
Joining ILE - ASP
Joining ASP - VAL
Joining VAL - TRP
Joining TRP - SER
Joining SER - ALA
Joining ALA - GLY
Joining GLY - CYS
Joining CYS - VAL
Joining VAL - LEU
Joining LEU - ALA
Joining ALA - GLU
Joining GLU - LEU
Joining LEU - LEU
Joining LEU - LEU
Joining LEU - GLY
Joining GLY - GLN
Joining GLN - PRO
Joining PRO - ILE
Joining ILE - PHE
Joining PHE - PRO
Joining PRO - GLY
Joining GLY - ASP
Joining ASP - SER
Joining SER - GLY
Joining GLY - VAL
Joining VAL - ASP
Joining ASP - GLN
Joining GLN - LEU
Joining LEU - VAL
Joining VAL - GLU
Joining GLU - ILE
Joining ILE - ILE
Joining ILE - LYS
Joining LYS - VAL
Joining VAL - LEU
Joining LEU - GLY
Joining GLY - THR
Joining THR - PRO
Joining PRO - THR
Joining THR - ARG
Joining ARG - GLU
Joining GLU - GLN
Joining GLN - ILE
Joining ILE - ARG
Joining ARG - GLU
Joining GLU - MET
Joining MET - ASN
Joining ASN - PRO
Joining PRO - ASN
Joining ASN - TYR
Joining TYR - THR
Joining THR - GLU
Joining GLU - PHE
Joining PHE - LYS
  Added missing heavy atom: .R<LYS 625>.A<CG 8>
  Added missing heavy atom: .R<LYS 625>.A<CD 11>
  Added missing heavy atom: .R<LYS 625>.A<CE 14>
  Added missing heavy atom: .R<LYS 625>.A<NZ 17>
Joining LYS - PHE
Joining PHE - PRO
Joining PRO - GLN
Joining GLN - ILE
Joining ILE - LYS
Joining LYS - ALA
Joining ALA - HIE
Joining HIE - PRO
Joining PRO - TRP
Joining TRP - THR
Joining THR - LYS
Joining LYS - VAL
Joining VAL - PHE
Joining PHE - ARG
Joining ARG - PRO
Joining PRO - ARG
Joining ARG - THR
Joining THR - PRO
Joining PRO - PRO
Joining PRO - GLU
Joining GLU - ALA
Joining ALA - ILE
Joining ILE - ALA
Joining ALA - LEU
Joining LEU - CYS
Joining CYS - SER
Joining SER - ARG
Joining ARG - LEU
Joining LEU - LEU
Joining LEU - GLU
Joining GLU - TYR
Joining TYR - THR
Joining THR - PRO
Joining PRO - THR
Joining THR - ALA
Joining ALA - ARG
Joining ARG - LEU
Joining LEU - THR
Joining THR - PRO
Joining PRO - LEU
Joining LEU - GLU
Joining GLU - ALA
Joining ALA - CYS
Joining CYS - ALA
Joining ALA - HIE
Joining HIE - SER
Joining SER - PHE
Joining PHE - PHE
Joining PHE - ASP
Joining ASP - GLU
Joining GLU - LEU
Joining LEU - ARG
Joining ARG - ASP
Joining ASP - PRO
Joining PRO - ASN
Joining ASN - VAL
Joining VAL - LYS
Joining LYS - LEU
Joining LEU - PRO
Joining PRO - ASN
Joining ASN - GLY
Joining GLY - ARG
Joining ARG - ASP
Joining ASP - THR
Joining THR - PRO
Joining PRO - ALA
Joining ALA - LEU
Joining LEU - PHE
Joining PHE - ASN
Joining ASN - PHE
Joining PHE - THR
Joining THR - THR
Joining THR - GLN
Joining GLN - GLU
Joining GLU - LEU
Joining LEU - SER
Joining SER - SER
Joining SER - ASN
Joining ASN - PRO
Joining PRO - PRO
Joining PRO - LEU
Joining LEU - ALA
Joining ALA - THR
Joining THR - ILE
Joining ILE - LEU
Joining LEU - ILE
Joining ILE - PRO
Joining PRO - PRO
Joining PRO - HIE
Joining HIE - ALA
Joining ALA - CARG
  Added missing heavy atom: .R<CARG 716>.A<OXT 25>
  total atoms in file: 5428
  Leap added 5564 missing atoms according to residue templates:
       30 Heavy
       5534 H / lone pairs
> savepdb  protein  protein.pdb
Writing pdb file: protein.pdb
 Converting N-terminal residue name to PDB format: NSER -> SER
 Converting C-terminal residue name to PDB format: CALA -> ALA
 Converting N-terminal residue name to PDB format: NSER -> SER
 Converting C-terminal residue name to PDB format: CARG -> ARG
> ##saveamberparm dipepide diVAL.prmtop diVAL.inpcrd
> 
> quit
	Quit
