log started: Fri Nov 23 17:45:05 2018

Log file: ./leap.log
>> #
>> # ----- leaprc for loading the ff99SB (Hornak & Simmerling) force field
>> # -----  this file is updated for PDB format 3
>> #
>> #	load atom type hybridizations
>> #
>> addAtomTypes {
>> 	{ "H"   "H" "sp3" }
>> 	{ "HO"  "H" "sp3" }
>> 	{ "HS"  "H" "sp3" }
>> 	{ "H1"  "H" "sp3" }
>> 	{ "H2"  "H" "sp3" }
>> 	{ "H3"  "H" "sp3" }
>> 	{ "H4"  "H" "sp3" }
>> 	{ "H5"  "H" "sp3" }
>> 	{ "HW"  "H" "sp3" }
>> 	{ "HC"  "H" "sp3" }
>> 	{ "HA"  "H" "sp3" }
>> 	{ "HP"  "H" "sp3" }
>> 	{ "OH"  "O" "sp3" }
>> 	{ "OS"  "O" "sp3" }
>> 	{ "O"   "O" "sp2" }
>> 	{ "O2"  "O" "sp2" }
>> 	{ "OW"  "O" "sp3" }
>> 	{ "CT"  "C" "sp3" }
>> 	{ "CH"  "C" "sp3" }
>> 	{ "C2"  "C" "sp3" }
>> 	{ "C3"  "C" "sp3" }
>> 	{ "C"   "C" "sp2" }
>> 	{ "C*"  "C" "sp2" }
>> 	{ "CA"  "C" "sp2" }
>> 	{ "CB"  "C" "sp2" }
>> 	{ "CC"  "C" "sp2" }
>> 	{ "CN"  "C" "sp2" }
>> 	{ "CM"  "C" "sp2" }
>> 	{ "CK"  "C" "sp2" }
>> 	{ "CQ"  "C" "sp2" }
>> 	{ "CD"  "C" "sp2" }
>> 	{ "CE"  "C" "sp2" }
>> 	{ "CF"  "C" "sp2" }
>> 	{ "CP"  "C" "sp2" }
>> 	{ "CI"  "C" "sp2" }
>> 	{ "CJ"  "C" "sp2" }
>> 	{ "CW"  "C" "sp2" }
>> 	{ "CV"  "C" "sp2" }
>> 	{ "CR"  "C" "sp2" }
>> 	{ "CA"  "C" "sp2" }
>> 	{ "CY"  "C" "sp2" }
>> 	{ "C0"  "Ca" "sp2" }
>> 	{ "MG"  "Mg" "sp3" }
>> 	{ "N"   "N" "sp2" }
>> 	{ "NA"  "N" "sp2" }
>> 	{ "N2"  "N" "sp2" }
>> 	{ "N*"  "N" "sp2" }
>> 	{ "NP"  "N" "sp2" }
>> 	{ "NQ"  "N" "sp2" }
>> 	{ "NB"  "N" "sp2" }
>> 	{ "NC"  "N" "sp2" }
>> 	{ "NT"  "N" "sp3" }
>> 	{ "N3"  "N" "sp3" }
>> 	{ "S"   "S" "sp3" }
>> 	{ "SH"  "S" "sp3" }
>> 	{ "P"   "P" "sp3" }
>> 	{ "LP"  ""  "sp3" }
>> 	{ "F"   "F" "sp3" }
>> 	{ "CL"  "Cl" "sp3" }
>> 	{ "BR"  "Br" "sp3" }
>> 	{ "I"   "I"  "sp3" }
>> 	{ "FE"  "Fe" "sp3" }
>> 	{ "EP"  ""  "sp3" }
>> # glycam
>> 	{ "OG"  "O" "sp3" }
>> 	{ "OL"  "O" "sp3" }
>> 	{ "AC"  "C" "sp3" }
>> 	{ "EC"  "C" "sp3" }
>> }
>> #
>> #	Load the main parameter set.
>> #
>> parm99 = loadamberparams parm99.dat
Loading parameters: /share/home/zhanghaiping/program/amber16/dat/leap/parm/parm99.dat
Reading title:
PARM99 for DNA,RNA,AA, organic molecules, TIP3P wat. Polariz.& LP incl.02/04/99
(UNKNOWN ATOM TYPE: HZ)
(UNKNOWN ATOM TYPE: IM)
(UNKNOWN ATOM TYPE: Li)
(UNKNOWN ATOM TYPE: IP)
(UNKNOWN ATOM TYPE: K)
(UNKNOWN ATOM TYPE: Rb)
(UNKNOWN ATOM TYPE: Cs)
(UNKNOWN ATOM TYPE: Zn)
(UNKNOWN ATOM TYPE: IB)
(UNKNOWN ATOM TYPE: LP)
>> frcmod99SB = loadamberparams frcmod.ff99SB
Loading parameters: /share/home/zhanghaiping/program/amber16/dat/leap/parm/frcmod.ff99SB
Reading force field modification type file (frcmod)
Reading title:
Modification/update of parm99.dat (Hornak & Simmerling)
>> #
>> #	Load DNA/RNA libraries
>> #
>> loadOff all_nucleic94.lib
Loading library: /share/home/zhanghaiping/program/amber16/dat/leap/lib/all_nucleic94.lib
Loading: DA
Loading: DA3
Loading: DA5
Loading: DAN
Loading: DC
Loading: DC3
Loading: DC5
Loading: DCN
Loading: DG
Loading: DG3
Loading: DG5
Loading: DGN
Loading: DT
Loading: DT3
Loading: DT5
Loading: DTN
Loading: RA
Loading: RA3
Loading: RA5
Loading: RAN
Loading: RC
Loading: RC3
Loading: RC5
Loading: RCN
Loading: RG
Loading: RG3
Loading: RG5
Loading: RGN
Loading: RU
Loading: RU3
Loading: RU5
Loading: RUN
>> #
>> #	Load main chain and terminating 
>> #	amino acid libraries (i.e. ff94 libs)
>> #
>> loadOff all_amino94.lib
Loading library: /share/home/zhanghaiping/program/amber16/dat/leap/lib/all_amino94.lib
Loading: ALA
Loading: ARG
Loading: ASH
Loading: ASN
Loading: ASP
Loading: CYM
Loading: CYS
Loading: CYX
Loading: GLH
Loading: GLN
Loading: GLU
Loading: GLY
Loading: HID
Loading: HIE
Loading: HIP
Loading: ILE
Loading: LEU
Loading: LYN
Loading: LYS
Loading: MET
Loading: PHE
Loading: PRO
Loading: SER
Loading: THR
Loading: TRP
Loading: TYR
Loading: VAL
>> loadOff all_aminoct94.lib
Loading library: /share/home/zhanghaiping/program/amber16/dat/leap/lib/all_aminoct94.lib
Loading: CALA
Loading: CARG
Loading: CASN
Loading: CASP
Loading: CCYS
Loading: CCYX
Loading: CGLN
Loading: CGLU
Loading: CGLY
Loading: CHID
Loading: CHIE
Loading: CHIP
Loading: CILE
Loading: CLEU
Loading: CLYS
Loading: CMET
Loading: CPHE
Loading: CPRO
Loading: CSER
Loading: CTHR
Loading: CTRP
Loading: CTYR
Loading: CVAL
Loading: NHE
Loading: NME
>> loadOff all_aminont94.lib
Loading library: /share/home/zhanghaiping/program/amber16/dat/leap/lib/all_aminont94.lib
Loading: ACE
Loading: NALA
Loading: NARG
Loading: NASN
Loading: NASP
Loading: NCYS
Loading: NCYX
Loading: NGLN
Loading: NGLU
Loading: NGLY
Loading: NHID
Loading: NHIE
Loading: NHIP
Loading: NILE
Loading: NLEU
Loading: NLYS
Loading: NMET
Loading: NPHE
Loading: NPRO
Loading: NSER
Loading: NTHR
Loading: NTRP
Loading: NTYR
Loading: NVAL
>> #
>> #       Load water and ions
>> # 
>> loadOff ions94.lib
Loading library: /share/home/zhanghaiping/program/amber16/dat/leap/lib/ions94.lib
Loading: CIO
Loading: Cl-
Loading: Cs+
Loading: IB
Loading: K+
Loading: Li+
Loading: MG2
Loading: Na+
Loading: Rb+
>> loadOff solvents.lib
Loading library: /share/home/zhanghaiping/program/amber16/dat/leap/lib/solvents.lib
Loading: CHCL3BOX
Loading: DC4
Loading: FB3
Loading: FB3BOX
Loading: FB4
Loading: FB4BOX
Loading: MEOHBOX
Loading: NMABOX
Loading: OPC
Loading: OPCBOX
Loading: PL3
Loading: POL3BOX
Loading: QSPCFWBOX
Loading: SPC
Loading: SPCBOX
Loading: SPCFWBOX
Loading: SPF
Loading: SPG
Loading: T4E
Loading: TIP3PBOX
Loading: TIP3PFBOX
Loading: TIP4PBOX
Loading: TIP4PEWBOX
Loading: TIP5PBOX
Loading: TP3
Loading: TP4
Loading: TP5
Loading: TPF
>> HOH = TP3
>> WAT = TP3
>> 
>> #
>> #	Define the PDB name map for the amino acids and DNA.
>> #
>> addPdbResMap {
>>   { 0 "ALA" "NALA" } { 1 "ALA" "CALA" }
>>   { 0 "ARG" "NARG" } { 1 "ARG" "CARG" }
>>   { 0 "ASN" "NASN" } { 1 "ASN" "CASN" }
>>   { 0 "ASP" "NASP" } { 1 "ASP" "CASP" }
>>   { 0 "CYS" "NCYS" } { 1 "CYS" "CCYS" }
>>   { 0 "CYX" "NCYX" } { 1 "CYX" "CCYX" }
>>   { 0 "GLN" "NGLN" } { 1 "GLN" "CGLN" }
>>   { 0 "GLU" "NGLU" } { 1 "GLU" "CGLU" }
>>   { 0 "GLY" "NGLY" } { 1 "GLY" "CGLY" }
>>   { 0 "HID" "NHID" } { 1 "HID" "CHID" }
>>   { 0 "HIE" "NHIE" } { 1 "HIE" "CHIE" }
>>   { 0 "HIP" "NHIP" } { 1 "HIP" "CHIP" }
>>   { 0 "ILE" "NILE" } { 1 "ILE" "CILE" }
>>   { 0 "LEU" "NLEU" } { 1 "LEU" "CLEU" }
>>   { 0 "LYS" "NLYS" } { 1 "LYS" "CLYS" }
>>   { 0 "MET" "NMET" } { 1 "MET" "CMET" }
>>   { 0 "PHE" "NPHE" } { 1 "PHE" "CPHE" }
>>   { 0 "PRO" "NPRO" } { 1 "PRO" "CPRO" }
>>   { 0 "SER" "NSER" } { 1 "SER" "CSER" }
>>   { 0 "THR" "NTHR" } { 1 "THR" "CTHR" }
>>   { 0 "TRP" "NTRP" } { 1 "TRP" "CTRP" }
>>   { 0 "TYR" "NTYR" } { 1 "TYR" "CTYR" }
>>   { 0 "VAL" "NVAL" } { 1 "VAL" "CVAL" }
>>   { 0 "HIS" "NHIS" } { 1 "HIS" "CHIS" }
>>   { 0 "GUA" "DG5"  } { 1 "GUA" "DG3"  } { "GUA" "DG" }
>>   { 0 "ADE" "DA5"  } { 1 "ADE" "DA3"  } { "ADE" "DA" }
>>   { 0 "CYT" "DC5"  } { 1 "CYT" "DC3"  } { "CYT" "DC" }
>>   { 0 "THY" "DT5"  } { 1 "THY" "DT3"  } { "THY" "DT" }
>>   { 0 "G" "RG5"  } { 1 "G" "RG3"  } { "G" "RG" } { "GN" "RGN" }
>>   { 0 "A" "RA5"  } { 1 "A" "RA3"  } { "A" "RA" } { "AN" "RAN" }
>>   { 0 "C" "RC5"  } { 1 "C" "RC3"  } { "C" "RC" } { "CN" "RCN" }
>>   { 0 "U" "RU5"  } { 1 "U" "RU3"  } { "U" "RU" } { "UN" "RUN" }
>>   { 0 "DG" "DG5"  } { 1 "DG" "DG3"  }  
>>   { 0 "DA" "DA5"  } { 1 "DA" "DA3"  }  
>>   { 0 "DC" "DC5"  } { 1 "DC" "DC3"  }  
>>   { 0 "DT" "DT5"  } { 1 "DT" "DT3"  }
>> 
>> }
>> 
>> addPdbAtomMap {
>>   { "O5*" "O5'" }
>>   { "C5*" "C5'" }
>>   { "C4*" "C4'" }
>>   { "O4*" "O4'" }
>>   { "C3*" "C3'" }
>>   { "O3*" "O3'" }
>>   { "C2*" "C2'" }
>>   { "C1*" "C1'" }
>>   { "C5M" "C7"  }
>>   { "O2*" "O2'" }
>>   { "H1*" "H1'" }
>>   { "H2*1" "H2'1" }
>>   { "H2*2" "H2'2" }
>>   { "H2'"  "H2'1" }
>>   { "H2''" "H2'2" }
>>   { "H3*" "H3'" }
>>   { "H4*" "H4'" }
>>   { "H5*1" "H5'1" }
>>   { "H5*2" "H5'2" }
>>   { "H5'"  "H5'1" }
>>   { "H5''" "H5'2" }
>>   { "HO2'" "HO'2" }
>>   { "HO5'" "H5T" }
>>   { "HO3'" "H3T" }
>>   { "O1'" "O4'" }
>>   { "OA"  "O1P" }
>>   { "OB"  "O2P" }
>>   { "OP1" "O1P" }
>>   { "OP2" "O2P" }
>> }
>> 
>> 
>> #
>> # assumed that most often proteins use HIE
>> #
>> NHIS = NHIE
>> HIS = HIE
>> CHIS = CHIE
> 
> #source /home/zhp/tleap/leaprc.GLYCAM_06j-1
> set default PBRadii mbondi3
Using ArgH and AspGluO modified Bondi2 radii
> #3dipepide=sequence{ACE VAL NME}
> 
> 
> protein = loadpdb  1vcj_ww.pdb
Loading PDB file: ./1vcj_ww.pdb
Enter zPdbReadScan from call depth  0.
Exit  zPdbReadScan from call depth  0.
Matching PDB residue names to LEaP variables.
Mapped residue PRO, term: Terminal/beginning, seq. number: 0 to: NPRO.
(Residue 1: GLU, Nonterminal, was not found in name map.)
(Residue 2: TRP, Nonterminal, was not found in name map.)
(Residue 3: THR, Nonterminal, was not found in name map.)
(Residue 4: TYR, Nonterminal, was not found in name map.)
(Residue 5: PRO, Nonterminal, was not found in name map.)
(Residue 6: ARG, Nonterminal, was not found in name map.)
(Residue 7: LEU, Nonterminal, was not found in name map.)
(Residue 8: SER, Nonterminal, was not found in name map.)
(Residue 9: CYS, Nonterminal, was not found in name map.)
(Residue 10: GLN, Nonterminal, was not found in name map.)
(Residue 11: GLY, Nonterminal, was not found in name map.)
(Residue 12: SER, Nonterminal, was not found in name map.)
(Residue 13: THR, Nonterminal, was not found in name map.)
(Residue 14: PHE, Nonterminal, was not found in name map.)
(Residue 15: GLN, Nonterminal, was not found in name map.)
(Residue 16: LYS, Nonterminal, was not found in name map.)
(Residue 17: ALA, Nonterminal, was not found in name map.)
(Residue 18: LEU, Nonterminal, was not found in name map.)
(Residue 19: LEU, Nonterminal, was not found in name map.)
(Residue 20: ILE, Nonterminal, was not found in name map.)
(Residue 21: SER, Nonterminal, was not found in name map.)
(Residue 22: PRO, Nonterminal, was not found in name map.)
(Residue 23: HIS, Nonterminal, was not found in name map.)
(Residue 24: ARG, Nonterminal, was not found in name map.)
(Residue 25: PHE, Nonterminal, was not found in name map.)
(Residue 26: GLY, Nonterminal, was not found in name map.)
(Residue 27: GLU, Nonterminal, was not found in name map.)
(Residue 28: ILE, Nonterminal, was not found in name map.)
(Residue 29: LYS, Nonterminal, was not found in name map.)
(Residue 30: GLY, Nonterminal, was not found in name map.)
(Residue 31: ASN, Nonterminal, was not found in name map.)
(Residue 32: SER, Nonterminal, was not found in name map.)
(Residue 33: ALA, Nonterminal, was not found in name map.)
(Residue 34: PRO, Nonterminal, was not found in name map.)
(Residue 35: LEU, Nonterminal, was not found in name map.)
(Residue 36: ILE, Nonterminal, was not found in name map.)
(Residue 37: ILE, Nonterminal, was not found in name map.)
(Residue 38: ARG, Nonterminal, was not found in name map.)
(Residue 39: GLU, Nonterminal, was not found in name map.)
(Residue 40: PRO, Nonterminal, was not found in name map.)
(Residue 41: PHE, Nonterminal, was not found in name map.)
(Residue 42: VAL, Nonterminal, was not found in name map.)
(Residue 43: ALA, Nonterminal, was not found in name map.)
(Residue 44: CYS, Nonterminal, was not found in name map.)
(Residue 45: GLY, Nonterminal, was not found in name map.)
(Residue 46: PRO, Nonterminal, was not found in name map.)
(Residue 47: LYS, Nonterminal, was not found in name map.)
(Residue 48: GLU, Nonterminal, was not found in name map.)
(Residue 49: CYS, Nonterminal, was not found in name map.)
(Residue 50: ARG, Nonterminal, was not found in name map.)
(Residue 51: HIS, Nonterminal, was not found in name map.)
(Residue 52: PHE, Nonterminal, was not found in name map.)
(Residue 53: ALA, Nonterminal, was not found in name map.)
(Residue 54: LEU, Nonterminal, was not found in name map.)
(Residue 55: THR, Nonterminal, was not found in name map.)
(Residue 56: HIS, Nonterminal, was not found in name map.)
(Residue 57: TYR, Nonterminal, was not found in name map.)
(Residue 58: ALA, Nonterminal, was not found in name map.)
(Residue 59: ALA, Nonterminal, was not found in name map.)
(Residue 60: GLN, Nonterminal, was not found in name map.)
(Residue 61: PRO, Nonterminal, was not found in name map.)
(Residue 62: GLY, Nonterminal, was not found in name map.)
(Residue 63: GLY, Nonterminal, was not found in name map.)
(Residue 64: TYR, Nonterminal, was not found in name map.)
(Residue 65: TYR, Nonterminal, was not found in name map.)
(Residue 66: ASN, Nonterminal, was not found in name map.)
(Residue 67: GLY, Nonterminal, was not found in name map.)
(Residue 68: THR, Nonterminal, was not found in name map.)
(Residue 69: ARG, Nonterminal, was not found in name map.)
(Residue 70: LYS, Nonterminal, was not found in name map.)
(Residue 71: ASP, Nonterminal, was not found in name map.)
(Residue 72: ARG, Nonterminal, was not found in name map.)
(Residue 73: ASN, Nonterminal, was not found in name map.)
(Residue 74: LYS, Nonterminal, was not found in name map.)
(Residue 75: LEU, Nonterminal, was not found in name map.)
(Residue 76: ARG, Nonterminal, was not found in name map.)
(Residue 77: HIS, Nonterminal, was not found in name map.)
(Residue 78: LEU, Nonterminal, was not found in name map.)
(Residue 79: VAL, Nonterminal, was not found in name map.)
(Residue 80: SER, Nonterminal, was not found in name map.)
(Residue 81: VAL, Nonterminal, was not found in name map.)
(Residue 82: LYS, Nonterminal, was not found in name map.)
(Residue 83: LEU, Nonterminal, was not found in name map.)
(Residue 84: GLY, Nonterminal, was not found in name map.)
(Residue 85: LYS, Nonterminal, was not found in name map.)
(Residue 86: ILE, Nonterminal, was not found in name map.)
(Residue 87: PRO, Nonterminal, was not found in name map.)
(Residue 88: THR, Nonterminal, was not found in name map.)
(Residue 89: VAL, Nonterminal, was not found in name map.)
(Residue 90: GLU, Nonterminal, was not found in name map.)
(Residue 91: ASN, Nonterminal, was not found in name map.)
(Residue 92: SER, Nonterminal, was not found in name map.)
(Residue 93: ILE, Nonterminal, was not found in name map.)
(Residue 94: PHE, Nonterminal, was not found in name map.)
(Residue 95: HIS, Nonterminal, was not found in name map.)
(Residue 96: MET, Nonterminal, was not found in name map.)
(Residue 97: ALA, Nonterminal, was not found in name map.)
(Residue 98: ALA, Nonterminal, was not found in name map.)
(Residue 99: TRP, Nonterminal, was not found in name map.)
(Residue 100: SER, Nonterminal, was not found in name map.)
(Residue 101: GLY, Nonterminal, was not found in name map.)
(Residue 102: SER, Nonterminal, was not found in name map.)
(Residue 103: ALA, Nonterminal, was not found in name map.)
(Residue 104: CYS, Nonterminal, was not found in name map.)
(Residue 105: HIS, Nonterminal, was not found in name map.)
(Residue 106: ASP, Nonterminal, was not found in name map.)
(Residue 107: GLY, Nonterminal, was not found in name map.)
(Residue 108: ARG, Nonterminal, was not found in name map.)
(Residue 109: GLU, Nonterminal, was not found in name map.)
(Residue 110: TRP, Nonterminal, was not found in name map.)
(Residue 111: THR, Nonterminal, was not found in name map.)
(Residue 112: TYR, Nonterminal, was not found in name map.)
(Residue 113: ILE, Nonterminal, was not found in name map.)
(Residue 114: GLY, Nonterminal, was not found in name map.)
(Residue 115: VAL, Nonterminal, was not found in name map.)
(Residue 116: ASP, Nonterminal, was not found in name map.)
(Residue 117: GLY, Nonterminal, was not found in name map.)
(Residue 118: PRO, Nonterminal, was not found in name map.)
(Residue 119: ASP, Nonterminal, was not found in name map.)
(Residue 120: ASN, Nonterminal, was not found in name map.)
(Residue 121: ASP, Nonterminal, was not found in name map.)
(Residue 122: ALA, Nonterminal, was not found in name map.)
(Residue 123: LEU, Nonterminal, was not found in name map.)
(Residue 124: VAL, Nonterminal, was not found in name map.)
(Residue 125: LYS, Nonterminal, was not found in name map.)
(Residue 126: ILE, Nonterminal, was not found in name map.)
(Residue 127: LYS, Nonterminal, was not found in name map.)
(Residue 128: TYR, Nonterminal, was not found in name map.)
(Residue 129: GLY, Nonterminal, was not found in name map.)
(Residue 130: GLU, Nonterminal, was not found in name map.)
(Residue 131: ALA, Nonterminal, was not found in name map.)
(Residue 132: TYR, Nonterminal, was not found in name map.)
(Residue 133: THR, Nonterminal, was not found in name map.)
(Residue 134: ASP, Nonterminal, was not found in name map.)
(Residue 135: THR, Nonterminal, was not found in name map.)
(Residue 136: TYR, Nonterminal, was not found in name map.)
(Residue 137: HIS, Nonterminal, was not found in name map.)
(Residue 138: SER, Nonterminal, was not found in name map.)
(Residue 139: TYR, Nonterminal, was not found in name map.)
(Residue 140: ALA, Nonterminal, was not found in name map.)
(Residue 141: HIS, Nonterminal, was not found in name map.)
(Residue 142: ASN, Nonterminal, was not found in name map.)
(Residue 143: ILE, Nonterminal, was not found in name map.)
(Residue 144: LEU, Nonterminal, was not found in name map.)
(Residue 145: ARG, Nonterminal, was not found in name map.)
(Residue 146: THR, Nonterminal, was not found in name map.)
(Residue 147: GLN, Nonterminal, was not found in name map.)
(Residue 148: GLU, Nonterminal, was not found in name map.)
(Residue 149: SER, Nonterminal, was not found in name map.)
(Residue 150: ALA, Nonterminal, was not found in name map.)
(Residue 151: CYS, Nonterminal, was not found in name map.)
(Residue 152: ASN, Nonterminal, was not found in name map.)
(Residue 153: CYS, Nonterminal, was not found in name map.)
(Residue 154: ILE, Nonterminal, was not found in name map.)
(Residue 155: GLY, Nonterminal, was not found in name map.)
(Residue 156: GLY, Nonterminal, was not found in name map.)
(Residue 157: ASP, Nonterminal, was not found in name map.)
(Residue 158: CYS, Nonterminal, was not found in name map.)
(Residue 159: TYR, Nonterminal, was not found in name map.)
(Residue 160: LEU, Nonterminal, was not found in name map.)
(Residue 161: MET, Nonterminal, was not found in name map.)
(Residue 162: ILE, Nonterminal, was not found in name map.)
(Residue 163: THR, Nonterminal, was not found in name map.)
(Residue 164: ASP, Nonterminal, was not found in name map.)
(Residue 165: GLY, Nonterminal, was not found in name map.)
(Residue 166: SER, Nonterminal, was not found in name map.)
(Residue 167: ALA, Nonterminal, was not found in name map.)
(Residue 168: SER, Nonterminal, was not found in name map.)
(Residue 169: GLY, Nonterminal, was not found in name map.)
(Residue 170: ILE, Nonterminal, was not found in name map.)
(Residue 171: SER, Nonterminal, was not found in name map.)
(Residue 172: LYS, Nonterminal, was not found in name map.)
(Residue 173: CYS, Nonterminal, was not found in name map.)
(Residue 174: ARG, Nonterminal, was not found in name map.)
(Residue 175: PHE, Nonterminal, was not found in name map.)
(Residue 176: LEU, Nonterminal, was not found in name map.)
(Residue 177: LYS, Nonterminal, was not found in name map.)
(Residue 178: ILE, Nonterminal, was not found in name map.)
(Residue 179: ARG, Nonterminal, was not found in name map.)
(Residue 180: GLU, Nonterminal, was not found in name map.)
(Residue 181: GLY, Nonterminal, was not found in name map.)
(Residue 182: ARG, Nonterminal, was not found in name map.)
(Residue 183: ILE, Nonterminal, was not found in name map.)
(Residue 184: ILE, Nonterminal, was not found in name map.)
(Residue 185: LYS, Nonterminal, was not found in name map.)
(Residue 186: GLU, Nonterminal, was not found in name map.)
(Residue 187: ILE, Nonterminal, was not found in name map.)
(Residue 188: LEU, Nonterminal, was not found in name map.)
(Residue 189: PRO, Nonterminal, was not found in name map.)
(Residue 190: THR, Nonterminal, was not found in name map.)
(Residue 191: GLY, Nonterminal, was not found in name map.)
(Residue 192: ARG, Nonterminal, was not found in name map.)
(Residue 193: VAL, Nonterminal, was not found in name map.)
(Residue 194: GLU, Nonterminal, was not found in name map.)
(Residue 195: HIS, Nonterminal, was not found in name map.)
(Residue 196: THR, Nonterminal, was not found in name map.)
(Residue 197: GLU, Nonterminal, was not found in name map.)
(Residue 198: GLU, Nonterminal, was not found in name map.)
(Residue 199: CYS, Nonterminal, was not found in name map.)
(Residue 200: THR, Nonterminal, was not found in name map.)
(Residue 201: CYS, Nonterminal, was not found in name map.)
(Residue 202: GLY, Nonterminal, was not found in name map.)
(Residue 203: PHE, Nonterminal, was not found in name map.)
(Residue 204: ALA, Nonterminal, was not found in name map.)
(Residue 205: SER, Nonterminal, was not found in name map.)
(Residue 206: ASN, Nonterminal, was not found in name map.)
(Residue 207: LYS, Nonterminal, was not found in name map.)
(Residue 208: THR, Nonterminal, was not found in name map.)
(Residue 209: ILE, Nonterminal, was not found in name map.)
(Residue 210: GLU, Nonterminal, was not found in name map.)
(Residue 211: CYS, Nonterminal, was not found in name map.)
(Residue 212: ALA, Nonterminal, was not found in name map.)
(Residue 213: CYS, Nonterminal, was not found in name map.)
(Residue 214: ARG, Nonterminal, was not found in name map.)
(Residue 215: ASP, Nonterminal, was not found in name map.)
(Residue 216: ASN, Nonterminal, was not found in name map.)
(Residue 217: SER, Nonterminal, was not found in name map.)
(Residue 218: TYR, Nonterminal, was not found in name map.)
(Residue 219: THR, Nonterminal, was not found in name map.)
(Residue 220: ALA, Nonterminal, was not found in name map.)
(Residue 221: LYS, Nonterminal, was not found in name map.)
(Residue 222: ARG, Nonterminal, was not found in name map.)
(Residue 223: PRO, Nonterminal, was not found in name map.)
(Residue 224: PHE, Nonterminal, was not found in name map.)
(Residue 225: VAL, Nonterminal, was not found in name map.)
(Residue 226: LYS, Nonterminal, was not found in name map.)
(Residue 227: LEU, Nonterminal, was not found in name map.)
(Residue 228: ASN, Nonterminal, was not found in name map.)
(Residue 229: VAL, Nonterminal, was not found in name map.)
(Residue 230: GLU, Nonterminal, was not found in name map.)
(Residue 231: THR, Nonterminal, was not found in name map.)
(Residue 232: ASP, Nonterminal, was not found in name map.)
(Residue 233: THR, Nonterminal, was not found in name map.)
(Residue 234: ALA, Nonterminal, was not found in name map.)
(Residue 235: GLU, Nonterminal, was not found in name map.)
(Residue 236: ILE, Nonterminal, was not found in name map.)
(Residue 237: ARG, Nonterminal, was not found in name map.)
(Residue 238: LEU, Nonterminal, was not found in name map.)
(Residue 239: MET, Nonterminal, was not found in name map.)
(Residue 240: CYS, Nonterminal, was not found in name map.)
(Residue 241: THR, Nonterminal, was not found in name map.)
(Residue 242: LYS, Nonterminal, was not found in name map.)
(Residue 243: THR, Nonterminal, was not found in name map.)
(Residue 244: TYR, Nonterminal, was not found in name map.)
(Residue 245: LEU, Nonterminal, was not found in name map.)
(Residue 246: ASP, Nonterminal, was not found in name map.)
(Residue 247: THR, Nonterminal, was not found in name map.)
(Residue 248: PRO, Nonterminal, was not found in name map.)
(Residue 249: ARG, Nonterminal, was not found in name map.)
(Residue 250: PRO, Nonterminal, was not found in name map.)
(Residue 251: ASP, Nonterminal, was not found in name map.)
(Residue 252: ASP, Nonterminal, was not found in name map.)
(Residue 253: GLY, Nonterminal, was not found in name map.)
(Residue 254: SER, Nonterminal, was not found in name map.)
(Residue 255: ILE, Nonterminal, was not found in name map.)
(Residue 256: ALA, Nonterminal, was not found in name map.)
(Residue 257: GLY, Nonterminal, was not found in name map.)
(Residue 258: PRO, Nonterminal, was not found in name map.)
(Residue 259: CYS, Nonterminal, was not found in name map.)
(Residue 260: GLU, Nonterminal, was not found in name map.)
(Residue 261: SER, Nonterminal, was not found in name map.)
(Residue 262: ASN, Nonterminal, was not found in name map.)
(Residue 263: GLY, Nonterminal, was not found in name map.)
(Residue 264: ASP, Nonterminal, was not found in name map.)
(Residue 265: LYS, Nonterminal, was not found in name map.)
(Residue 266: TRP, Nonterminal, was not found in name map.)
(Residue 267: LEU, Nonterminal, was not found in name map.)
(Residue 268: GLY, Nonterminal, was not found in name map.)
(Residue 269: GLY, Nonterminal, was not found in name map.)
(Residue 270: ILE, Nonterminal, was not found in name map.)
(Residue 271: LYS, Nonterminal, was not found in name map.)
(Residue 272: GLY, Nonterminal, was not found in name map.)
(Residue 273: GLY, Nonterminal, was not found in name map.)
(Residue 274: PHE, Nonterminal, was not found in name map.)
(Residue 275: VAL, Nonterminal, was not found in name map.)
(Residue 276: HIS, Nonterminal, was not found in name map.)
(Residue 277: GLN, Nonterminal, was not found in name map.)
(Residue 278: ARG, Nonterminal, was not found in name map.)
(Residue 279: MET, Nonterminal, was not found in name map.)
(Residue 280: ALA, Nonterminal, was not found in name map.)
(Residue 281: SER, Nonterminal, was not found in name map.)
(Residue 282: LYS, Nonterminal, was not found in name map.)
(Residue 283: ILE, Nonterminal, was not found in name map.)
(Residue 284: GLY, Nonterminal, was not found in name map.)
(Residue 285: ARG, Nonterminal, was not found in name map.)
(Residue 286: TRP, Nonterminal, was not found in name map.)
(Residue 287: TYR, Nonterminal, was not found in name map.)
(Residue 288: SER, Nonterminal, was not found in name map.)
(Residue 289: ARG, Nonterminal, was not found in name map.)
(Residue 290: THR, Nonterminal, was not found in name map.)
(Residue 291: MET, Nonterminal, was not found in name map.)
(Residue 292: SER, Nonterminal, was not found in name map.)
(Residue 293: LYS, Nonterminal, was not found in name map.)
(Residue 294: THR, Nonterminal, was not found in name map.)
(Residue 295: ASN, Nonterminal, was not found in name map.)
(Residue 296: ARG, Nonterminal, was not found in name map.)
(Residue 297: MET, Nonterminal, was not found in name map.)
(Residue 298: GLY, Nonterminal, was not found in name map.)
(Residue 299: MET, Nonterminal, was not found in name map.)
(Residue 300: GLU, Nonterminal, was not found in name map.)
(Residue 301: LEU, Nonterminal, was not found in name map.)
(Residue 302: TYR, Nonterminal, was not found in name map.)
(Residue 303: VAL, Nonterminal, was not found in name map.)
(Residue 304: ARG, Nonterminal, was not found in name map.)
(Residue 305: TYR, Nonterminal, was not found in name map.)
(Residue 306: ASP, Nonterminal, was not found in name map.)
(Residue 307: GLY, Nonterminal, was not found in name map.)
(Residue 308: ASP, Nonterminal, was not found in name map.)
(Residue 309: PRO, Nonterminal, was not found in name map.)
(Residue 310: TRP, Nonterminal, was not found in name map.)
(Residue 311: THR, Nonterminal, was not found in name map.)
(Residue 312: ASP, Nonterminal, was not found in name map.)
(Residue 313: SER, Nonterminal, was not found in name map.)
(Residue 314: ASP, Nonterminal, was not found in name map.)
(Residue 315: ALA, Nonterminal, was not found in name map.)
(Residue 316: LEU, Nonterminal, was not found in name map.)
(Residue 317: THR, Nonterminal, was not found in name map.)
(Residue 318: LEU, Nonterminal, was not found in name map.)
(Residue 319: SER, Nonterminal, was not found in name map.)
(Residue 320: GLY, Nonterminal, was not found in name map.)
(Residue 321: VAL, Nonterminal, was not found in name map.)
(Residue 322: MET, Nonterminal, was not found in name map.)
(Residue 323: VAL, Nonterminal, was not found in name map.)
(Residue 324: SER, Nonterminal, was not found in name map.)
(Residue 325: ILE, Nonterminal, was not found in name map.)
(Residue 326: GLU, Nonterminal, was not found in name map.)
(Residue 327: GLU, Nonterminal, was not found in name map.)
(Residue 328: PRO, Nonterminal, was not found in name map.)
(Residue 329: GLY, Nonterminal, was not found in name map.)
(Residue 330: TRP, Nonterminal, was not found in name map.)
(Residue 331: TYR, Nonterminal, was not found in name map.)
(Residue 332: SER, Nonterminal, was not found in name map.)
(Residue 333: PHE, Nonterminal, was not found in name map.)
(Residue 334: GLY, Nonterminal, was not found in name map.)
(Residue 335: PHE, Nonterminal, was not found in name map.)
(Residue 336: GLU, Nonterminal, was not found in name map.)
(Residue 337: ILE, Nonterminal, was not found in name map.)
(Residue 338: LYS, Nonterminal, was not found in name map.)
(Residue 339: ASP, Nonterminal, was not found in name map.)
(Residue 340: LYS, Nonterminal, was not found in name map.)
(Residue 341: LYS, Nonterminal, was not found in name map.)
(Residue 342: CYS, Nonterminal, was not found in name map.)
(Residue 343: ASP, Nonterminal, was not found in name map.)
(Residue 344: VAL, Nonterminal, was not found in name map.)
(Residue 345: PRO, Nonterminal, was not found in name map.)
(Residue 346: CYS, Nonterminal, was not found in name map.)
(Residue 347: ILE, Nonterminal, was not found in name map.)
(Residue 348: GLY, Nonterminal, was not found in name map.)
(Residue 349: ILE, Nonterminal, was not found in name map.)
(Residue 350: GLU, Nonterminal, was not found in name map.)
(Residue 351: MET, Nonterminal, was not found in name map.)
(Residue 352: VAL, Nonterminal, was not found in name map.)
(Residue 353: HIS, Nonterminal, was not found in name map.)
(Residue 354: ASP, Nonterminal, was not found in name map.)
(Residue 355: GLY, Nonterminal, was not found in name map.)
(Residue 356: GLY, Nonterminal, was not found in name map.)
(Residue 357: LYS, Nonterminal, was not found in name map.)
(Residue 358: ASP, Nonterminal, was not found in name map.)
(Residue 359: THR, Nonterminal, was not found in name map.)
(Residue 360: TRP, Nonterminal, was not found in name map.)
(Residue 361: HIS, Nonterminal, was not found in name map.)
(Residue 362: SER, Nonterminal, was not found in name map.)
(Residue 363: ALA, Nonterminal, was not found in name map.)
(Residue 364: ALA, Nonterminal, was not found in name map.)
(Residue 365: THR, Nonterminal, was not found in name map.)
(Residue 366: ALA, Nonterminal, was not found in name map.)
(Residue 367: ILE, Nonterminal, was not found in name map.)
(Residue 368: TYR, Nonterminal, was not found in name map.)
(Residue 369: CYS, Nonterminal, was not found in name map.)
(Residue 370: LEU, Nonterminal, was not found in name map.)
(Residue 371: MET, Nonterminal, was not found in name map.)
(Residue 372: GLY, Nonterminal, was not found in name map.)
(Residue 373: SER, Nonterminal, was not found in name map.)
(Residue 374: GLY, Nonterminal, was not found in name map.)
(Residue 375: GLN, Nonterminal, was not found in name map.)
(Residue 376: LEU, Nonterminal, was not found in name map.)
(Residue 377: LEU, Nonterminal, was not found in name map.)
(Residue 378: TRP, Nonterminal, was not found in name map.)
(Residue 379: ASP, Nonterminal, was not found in name map.)
(Residue 380: THR, Nonterminal, was not found in name map.)
(Residue 381: VAL, Nonterminal, was not found in name map.)
(Residue 382: THR, Nonterminal, was not found in name map.)
(Residue 383: GLY, Nonterminal, was not found in name map.)
(Residue 384: VAL, Nonterminal, was not found in name map.)
(Residue 385: ASP, Nonterminal, was not found in name map.)
(Residue 386: MET, Nonterminal, was not found in name map.)
(Residue 387: ALA, Nonterminal, was not found in name map.)
Mapped residue LEU, term: Terminal/last, seq. number: 388 to: CLEU.
Joining NPRO - GLU
Joining GLU - TRP
Joining TRP - THR
Joining THR - TYR
Joining TYR - PRO
Joining PRO - ARG
Joining ARG - LEU
Joining LEU - SER
Joining SER - CYS
Joining CYS - GLN
Joining GLN - GLY
Joining GLY - SER
Joining SER - THR
Joining THR - PHE
Joining PHE - GLN
Joining GLN - LYS
Joining LYS - ALA
Joining ALA - LEU
Joining LEU - LEU
Joining LEU - ILE
Joining ILE - SER
Joining SER - PRO
Joining PRO - HIE
Joining HIE - ARG
Joining ARG - PHE
Joining PHE - GLY
Joining GLY - GLU
Joining GLU - ILE
Joining ILE - LYS
Joining LYS - GLY
Joining GLY - ASN
Joining ASN - SER
Joining SER - ALA
Joining ALA - PRO
Joining PRO - LEU
Joining LEU - ILE
Joining ILE - ILE
Joining ILE - ARG
Joining ARG - GLU
Joining GLU - PRO
Joining PRO - PHE
Joining PHE - VAL
Joining VAL - ALA
Joining ALA - CYS
Joining CYS - GLY
Joining GLY - PRO
Joining PRO - LYS
Joining LYS - GLU
Joining GLU - CYS
Joining CYS - ARG
Joining ARG - HIE
Joining HIE - PHE
Joining PHE - ALA
Joining ALA - LEU
Joining LEU - THR
Joining THR - HIE
Joining HIE - TYR
Joining TYR - ALA
Joining ALA - ALA
Joining ALA - GLN
Joining GLN - PRO
Joining PRO - GLY
Joining GLY - GLY
Joining GLY - TYR
Joining TYR - TYR
Joining TYR - ASN
Joining ASN - GLY
Joining GLY - THR
Joining THR - ARG
Joining ARG - LYS
Joining LYS - ASP
Joining ASP - ARG
Joining ARG - ASN
Joining ASN - LYS
Joining LYS - LEU
Joining LEU - ARG
Joining ARG - HIE
Joining HIE - LEU
Joining LEU - VAL
Joining VAL - SER
Joining SER - VAL
Joining VAL - LYS
Joining LYS - LEU
Joining LEU - GLY
Joining GLY - LYS
Joining LYS - ILE
Joining ILE - PRO
Joining PRO - THR
Joining THR - VAL
Joining VAL - GLU
Joining GLU - ASN
Joining ASN - SER
Joining SER - ILE
Joining ILE - PHE
Joining PHE - HIE
Joining HIE - MET
Joining MET - ALA
Joining ALA - ALA
Joining ALA - TRP
Joining TRP - SER
Joining SER - GLY
Joining GLY - SER
Joining SER - ALA
Joining ALA - CYS
Joining CYS - HIE
Joining HIE - ASP
Joining ASP - GLY
Joining GLY - ARG
Joining ARG - GLU
Joining GLU - TRP
Joining TRP - THR
Joining THR - TYR
Joining TYR - ILE
Joining ILE - GLY
Joining GLY - VAL
Joining VAL - ASP
Joining ASP - GLY
Joining GLY - PRO
Joining PRO - ASP
Joining ASP - ASN
Joining ASN - ASP
Joining ASP - ALA
Joining ALA - LEU
Joining LEU - VAL
Joining VAL - LYS
Joining LYS - ILE
Joining ILE - LYS
Joining LYS - TYR
Joining TYR - GLY
Joining GLY - GLU
Joining GLU - ALA
Joining ALA - TYR
Joining TYR - THR
Joining THR - ASP
Joining ASP - THR
Joining THR - TYR
Joining TYR - HIE
Joining HIE - SER
Joining SER - TYR
Joining TYR - ALA
Joining ALA - HIE
Joining HIE - ASN
Joining ASN - ILE
Joining ILE - LEU
Joining LEU - ARG
Joining ARG - THR
Joining THR - GLN
Joining GLN - GLU
Joining GLU - SER
Joining SER - ALA
Joining ALA - CYS
Joining CYS - ASN
Joining ASN - CYS
Joining CYS - ILE
Joining ILE - GLY
Joining GLY - GLY
Joining GLY - ASP
Joining ASP - CYS
Joining CYS - TYR
Joining TYR - LEU
Joining LEU - MET
Joining MET - ILE
Joining ILE - THR
Joining THR - ASP
Joining ASP - GLY
Joining GLY - SER
Joining SER - ALA
Joining ALA - SER
Joining SER - GLY
Joining GLY - ILE
Joining ILE - SER
Joining SER - LYS
Joining LYS - CYS
Joining CYS - ARG
Joining ARG - PHE
Joining PHE - LEU
Joining LEU - LYS
Joining LYS - ILE
Joining ILE - ARG
Joining ARG - GLU
Joining GLU - GLY
Joining GLY - ARG
Joining ARG - ILE
Joining ILE - ILE
Joining ILE - LYS
Joining LYS - GLU
Joining GLU - ILE
Joining ILE - LEU
Joining LEU - PRO
Joining PRO - THR
Joining THR - GLY
Joining GLY - ARG
Joining ARG - VAL
Joining VAL - GLU
Joining GLU - HIE
Joining HIE - THR
Joining THR - GLU
Joining GLU - GLU
Joining GLU - CYS
Joining CYS - THR
Joining THR - CYS
Joining CYS - GLY
Joining GLY - PHE
Joining PHE - ALA
Joining ALA - SER
Joining SER - ASN
Joining ASN - LYS
Joining LYS - THR
Joining THR - ILE
Joining ILE - GLU
Joining GLU - CYS
Joining CYS - ALA
Joining ALA - CYS
Joining CYS - ARG
Joining ARG - ASP
Joining ASP - ASN
Joining ASN - SER
Joining SER - TYR
Joining TYR - THR
Joining THR - ALA
Joining ALA - LYS
Joining LYS - ARG
Joining ARG - PRO
Joining PRO - PHE
Joining PHE - VAL
Joining VAL - LYS
Joining LYS - LEU
Joining LEU - ASN
Joining ASN - VAL
Joining VAL - GLU
Joining GLU - THR
Joining THR - ASP
Joining ASP - THR
Joining THR - ALA
Joining ALA - GLU
Joining GLU - ILE
Joining ILE - ARG
Joining ARG - LEU
Joining LEU - MET
Joining MET - CYS
Joining CYS - THR
Joining THR - LYS
Joining LYS - THR
Joining THR - TYR
Joining TYR - LEU
Joining LEU - ASP
Joining ASP - THR
Joining THR - PRO
Joining PRO - ARG
Joining ARG - PRO
Joining PRO - ASP
Joining ASP - ASP
Joining ASP - GLY
Joining GLY - SER
Joining SER - ILE
Joining ILE - ALA
Joining ALA - GLY
Joining GLY - PRO
Joining PRO - CYS
Joining CYS - GLU
Joining GLU - SER
Joining SER - ASN
Joining ASN - GLY
Joining GLY - ASP
Joining ASP - LYS
Joining LYS - TRP
Joining TRP - LEU
Joining LEU - GLY
Joining GLY - GLY
Joining GLY - ILE
Joining ILE - LYS
Joining LYS - GLY
Joining GLY - GLY
Joining GLY - PHE
Joining PHE - VAL
Joining VAL - HIE
Joining HIE - GLN
Joining GLN - ARG
Joining ARG - MET
Joining MET - ALA
Joining ALA - SER
Joining SER - LYS
Joining LYS - ILE
Joining ILE - GLY
Joining GLY - ARG
Joining ARG - TRP
Joining TRP - TYR
Joining TYR - SER
Joining SER - ARG
Joining ARG - THR
Joining THR - MET
Joining MET - SER
Joining SER - LYS
Joining LYS - THR
Joining THR - ASN
Joining ASN - ARG
Joining ARG - MET
Joining MET - GLY
Joining GLY - MET
Joining MET - GLU
Joining GLU - LEU
Joining LEU - TYR
Joining TYR - VAL
Joining VAL - ARG
Joining ARG - TYR
Joining TYR - ASP
Joining ASP - GLY
Joining GLY - ASP
Joining ASP - PRO
Joining PRO - TRP
Joining TRP - THR
Joining THR - ASP
Joining ASP - SER
Joining SER - ASP
Joining ASP - ALA
Joining ALA - LEU
Joining LEU - THR
Joining THR - LEU
Joining LEU - SER
Joining SER - GLY
Joining GLY - VAL
Joining VAL - MET
Joining MET - VAL
Joining VAL - SER
Joining SER - ILE
Joining ILE - GLU
Joining GLU - GLU
Joining GLU - PRO
Joining PRO - GLY
Joining GLY - TRP
Joining TRP - TYR
Joining TYR - SER
Joining SER - PHE
Joining PHE - GLY
Joining GLY - PHE
Joining PHE - GLU
Joining GLU - ILE
Joining ILE - LYS
Joining LYS - ASP
Joining ASP - LYS
Joining LYS - LYS
Joining LYS - CYS
Joining CYS - ASP
Joining ASP - VAL
Joining VAL - PRO
Joining PRO - CYS
Joining CYS - ILE
Joining ILE - GLY
Joining GLY - ILE
Joining ILE - GLU
Joining GLU - MET
Joining MET - VAL
Joining VAL - HIE
Joining HIE - ASP
Joining ASP - GLY
Joining GLY - GLY
Joining GLY - LYS
Joining LYS - ASP
Joining ASP - THR
Joining THR - TRP
Joining TRP - HIE
Joining HIE - SER
Joining SER - ALA
Joining ALA - ALA
Joining ALA - THR
Joining THR - ALA
Joining ALA - ILE
Joining ILE - TYR
Joining TYR - CYS
Joining CYS - LEU
Joining LEU - MET
Joining MET - GLY
Joining GLY - SER
Joining SER - GLY
Joining GLY - GLN
Joining GLN - LEU
Joining LEU - LEU
Joining LEU - TRP
Joining TRP - ASP
Joining ASP - THR
Joining THR - VAL
Joining VAL - THR
Joining THR - GLY
Joining GLY - VAL
Joining VAL - ASP
Joining ASP - MET
Joining MET - ALA
Joining ALA - CLEU
  total atoms in file: 3031
  Leap added 2948 missing atoms according to residue templates:
       2948 H / lone pairs
> savepdb  protein  protein.pdb
Writing pdb file: protein.pdb
 Converting N-terminal residue name to PDB format: NPRO -> PRO
 Converting C-terminal residue name to PDB format: CLEU -> LEU
> ##saveamberparm dipepide diVAL.prmtop diVAL.inpcrd
> 
> quit
	Quit
