log started: Fri Nov 23 17:46:31 2018

Log file: ./leap.log
>> #
>> # ----- leaprc for loading the ff99SB (Hornak & Simmerling) force field
>> # -----  this file is updated for PDB format 3
>> #
>> #	load atom type hybridizations
>> #
>> addAtomTypes {
>> 	{ "H"   "H" "sp3" }
>> 	{ "HO"  "H" "sp3" }
>> 	{ "HS"  "H" "sp3" }
>> 	{ "H1"  "H" "sp3" }
>> 	{ "H2"  "H" "sp3" }
>> 	{ "H3"  "H" "sp3" }
>> 	{ "H4"  "H" "sp3" }
>> 	{ "H5"  "H" "sp3" }
>> 	{ "HW"  "H" "sp3" }
>> 	{ "HC"  "H" "sp3" }
>> 	{ "HA"  "H" "sp3" }
>> 	{ "HP"  "H" "sp3" }
>> 	{ "OH"  "O" "sp3" }
>> 	{ "OS"  "O" "sp3" }
>> 	{ "O"   "O" "sp2" }
>> 	{ "O2"  "O" "sp2" }
>> 	{ "OW"  "O" "sp3" }
>> 	{ "CT"  "C" "sp3" }
>> 	{ "CH"  "C" "sp3" }
>> 	{ "C2"  "C" "sp3" }
>> 	{ "C3"  "C" "sp3" }
>> 	{ "C"   "C" "sp2" }
>> 	{ "C*"  "C" "sp2" }
>> 	{ "CA"  "C" "sp2" }
>> 	{ "CB"  "C" "sp2" }
>> 	{ "CC"  "C" "sp2" }
>> 	{ "CN"  "C" "sp2" }
>> 	{ "CM"  "C" "sp2" }
>> 	{ "CK"  "C" "sp2" }
>> 	{ "CQ"  "C" "sp2" }
>> 	{ "CD"  "C" "sp2" }
>> 	{ "CE"  "C" "sp2" }
>> 	{ "CF"  "C" "sp2" }
>> 	{ "CP"  "C" "sp2" }
>> 	{ "CI"  "C" "sp2" }
>> 	{ "CJ"  "C" "sp2" }
>> 	{ "CW"  "C" "sp2" }
>> 	{ "CV"  "C" "sp2" }
>> 	{ "CR"  "C" "sp2" }
>> 	{ "CA"  "C" "sp2" }
>> 	{ "CY"  "C" "sp2" }
>> 	{ "C0"  "Ca" "sp2" }
>> 	{ "MG"  "Mg" "sp3" }
>> 	{ "N"   "N" "sp2" }
>> 	{ "NA"  "N" "sp2" }
>> 	{ "N2"  "N" "sp2" }
>> 	{ "N*"  "N" "sp2" }
>> 	{ "NP"  "N" "sp2" }
>> 	{ "NQ"  "N" "sp2" }
>> 	{ "NB"  "N" "sp2" }
>> 	{ "NC"  "N" "sp2" }
>> 	{ "NT"  "N" "sp3" }
>> 	{ "N3"  "N" "sp3" }
>> 	{ "S"   "S" "sp3" }
>> 	{ "SH"  "S" "sp3" }
>> 	{ "P"   "P" "sp3" }
>> 	{ "LP"  ""  "sp3" }
>> 	{ "F"   "F" "sp3" }
>> 	{ "CL"  "Cl" "sp3" }
>> 	{ "BR"  "Br" "sp3" }
>> 	{ "I"   "I"  "sp3" }
>> 	{ "FE"  "Fe" "sp3" }
>> 	{ "EP"  ""  "sp3" }
>> # glycam
>> 	{ "OG"  "O" "sp3" }
>> 	{ "OL"  "O" "sp3" }
>> 	{ "AC"  "C" "sp3" }
>> 	{ "EC"  "C" "sp3" }
>> }
>> #
>> #	Load the main parameter set.
>> #
>> parm99 = loadamberparams parm99.dat
Loading parameters: /share/home/zhanghaiping/program/amber16/dat/leap/parm/parm99.dat
Reading title:
PARM99 for DNA,RNA,AA, organic molecules, TIP3P wat. Polariz.& LP incl.02/04/99
(UNKNOWN ATOM TYPE: HZ)
(UNKNOWN ATOM TYPE: IM)
(UNKNOWN ATOM TYPE: Li)
(UNKNOWN ATOM TYPE: IP)
(UNKNOWN ATOM TYPE: K)
(UNKNOWN ATOM TYPE: Rb)
(UNKNOWN ATOM TYPE: Cs)
(UNKNOWN ATOM TYPE: Zn)
(UNKNOWN ATOM TYPE: IB)
(UNKNOWN ATOM TYPE: LP)
>> frcmod99SB = loadamberparams frcmod.ff99SB
Loading parameters: /share/home/zhanghaiping/program/amber16/dat/leap/parm/frcmod.ff99SB
Reading force field modification type file (frcmod)
Reading title:
Modification/update of parm99.dat (Hornak & Simmerling)
>> #
>> #	Load DNA/RNA libraries
>> #
>> loadOff all_nucleic94.lib
Loading library: /share/home/zhanghaiping/program/amber16/dat/leap/lib/all_nucleic94.lib
Loading: DA
Loading: DA3
Loading: DA5
Loading: DAN
Loading: DC
Loading: DC3
Loading: DC5
Loading: DCN
Loading: DG
Loading: DG3
Loading: DG5
Loading: DGN
Loading: DT
Loading: DT3
Loading: DT5
Loading: DTN
Loading: RA
Loading: RA3
Loading: RA5
Loading: RAN
Loading: RC
Loading: RC3
Loading: RC5
Loading: RCN
Loading: RG
Loading: RG3
Loading: RG5
Loading: RGN
Loading: RU
Loading: RU3
Loading: RU5
Loading: RUN
>> #
>> #	Load main chain and terminating 
>> #	amino acid libraries (i.e. ff94 libs)
>> #
>> loadOff all_amino94.lib
Loading library: /share/home/zhanghaiping/program/amber16/dat/leap/lib/all_amino94.lib
Loading: ALA
Loading: ARG
Loading: ASH
Loading: ASN
Loading: ASP
Loading: CYM
Loading: CYS
Loading: CYX
Loading: GLH
Loading: GLN
Loading: GLU
Loading: GLY
Loading: HID
Loading: HIE
Loading: HIP
Loading: ILE
Loading: LEU
Loading: LYN
Loading: LYS
Loading: MET
Loading: PHE
Loading: PRO
Loading: SER
Loading: THR
Loading: TRP
Loading: TYR
Loading: VAL
>> loadOff all_aminoct94.lib
Loading library: /share/home/zhanghaiping/program/amber16/dat/leap/lib/all_aminoct94.lib
Loading: CALA
Loading: CARG
Loading: CASN
Loading: CASP
Loading: CCYS
Loading: CCYX
Loading: CGLN
Loading: CGLU
Loading: CGLY
Loading: CHID
Loading: CHIE
Loading: CHIP
Loading: CILE
Loading: CLEU
Loading: CLYS
Loading: CMET
Loading: CPHE
Loading: CPRO
Loading: CSER
Loading: CTHR
Loading: CTRP
Loading: CTYR
Loading: CVAL
Loading: NHE
Loading: NME
>> loadOff all_aminont94.lib
Loading library: /share/home/zhanghaiping/program/amber16/dat/leap/lib/all_aminont94.lib
Loading: ACE
Loading: NALA
Loading: NARG
Loading: NASN
Loading: NASP
Loading: NCYS
Loading: NCYX
Loading: NGLN
Loading: NGLU
Loading: NGLY
Loading: NHID
Loading: NHIE
Loading: NHIP
Loading: NILE
Loading: NLEU
Loading: NLYS
Loading: NMET
Loading: NPHE
Loading: NPRO
Loading: NSER
Loading: NTHR
Loading: NTRP
Loading: NTYR
Loading: NVAL
>> #
>> #       Load water and ions
>> # 
>> loadOff ions94.lib
Loading library: /share/home/zhanghaiping/program/amber16/dat/leap/lib/ions94.lib
Loading: CIO
Loading: Cl-
Loading: Cs+
Loading: IB
Loading: K+
Loading: Li+
Loading: MG2
Loading: Na+
Loading: Rb+
>> loadOff solvents.lib
Loading library: /share/home/zhanghaiping/program/amber16/dat/leap/lib/solvents.lib
Loading: CHCL3BOX
Loading: DC4
Loading: FB3
Loading: FB3BOX
Loading: FB4
Loading: FB4BOX
Loading: MEOHBOX
Loading: NMABOX
Loading: OPC
Loading: OPCBOX
Loading: PL3
Loading: POL3BOX
Loading: QSPCFWBOX
Loading: SPC
Loading: SPCBOX
Loading: SPCFWBOX
Loading: SPF
Loading: SPG
Loading: T4E
Loading: TIP3PBOX
Loading: TIP3PFBOX
Loading: TIP4PBOX
Loading: TIP4PEWBOX
Loading: TIP5PBOX
Loading: TP3
Loading: TP4
Loading: TP5
Loading: TPF
>> HOH = TP3
>> WAT = TP3
>> 
>> #
>> #	Define the PDB name map for the amino acids and DNA.
>> #
>> addPdbResMap {
>>   { 0 "ALA" "NALA" } { 1 "ALA" "CALA" }
>>   { 0 "ARG" "NARG" } { 1 "ARG" "CARG" }
>>   { 0 "ASN" "NASN" } { 1 "ASN" "CASN" }
>>   { 0 "ASP" "NASP" } { 1 "ASP" "CASP" }
>>   { 0 "CYS" "NCYS" } { 1 "CYS" "CCYS" }
>>   { 0 "CYX" "NCYX" } { 1 "CYX" "CCYX" }
>>   { 0 "GLN" "NGLN" } { 1 "GLN" "CGLN" }
>>   { 0 "GLU" "NGLU" } { 1 "GLU" "CGLU" }
>>   { 0 "GLY" "NGLY" } { 1 "GLY" "CGLY" }
>>   { 0 "HID" "NHID" } { 1 "HID" "CHID" }
>>   { 0 "HIE" "NHIE" } { 1 "HIE" "CHIE" }
>>   { 0 "HIP" "NHIP" } { 1 "HIP" "CHIP" }
>>   { 0 "ILE" "NILE" } { 1 "ILE" "CILE" }
>>   { 0 "LEU" "NLEU" } { 1 "LEU" "CLEU" }
>>   { 0 "LYS" "NLYS" } { 1 "LYS" "CLYS" }
>>   { 0 "MET" "NMET" } { 1 "MET" "CMET" }
>>   { 0 "PHE" "NPHE" } { 1 "PHE" "CPHE" }
>>   { 0 "PRO" "NPRO" } { 1 "PRO" "CPRO" }
>>   { 0 "SER" "NSER" } { 1 "SER" "CSER" }
>>   { 0 "THR" "NTHR" } { 1 "THR" "CTHR" }
>>   { 0 "TRP" "NTRP" } { 1 "TRP" "CTRP" }
>>   { 0 "TYR" "NTYR" } { 1 "TYR" "CTYR" }
>>   { 0 "VAL" "NVAL" } { 1 "VAL" "CVAL" }
>>   { 0 "HIS" "NHIS" } { 1 "HIS" "CHIS" }
>>   { 0 "GUA" "DG5"  } { 1 "GUA" "DG3"  } { "GUA" "DG" }
>>   { 0 "ADE" "DA5"  } { 1 "ADE" "DA3"  } { "ADE" "DA" }
>>   { 0 "CYT" "DC5"  } { 1 "CYT" "DC3"  } { "CYT" "DC" }
>>   { 0 "THY" "DT5"  } { 1 "THY" "DT3"  } { "THY" "DT" }
>>   { 0 "G" "RG5"  } { 1 "G" "RG3"  } { "G" "RG" } { "GN" "RGN" }
>>   { 0 "A" "RA5"  } { 1 "A" "RA3"  } { "A" "RA" } { "AN" "RAN" }
>>   { 0 "C" "RC5"  } { 1 "C" "RC3"  } { "C" "RC" } { "CN" "RCN" }
>>   { 0 "U" "RU5"  } { 1 "U" "RU3"  } { "U" "RU" } { "UN" "RUN" }
>>   { 0 "DG" "DG5"  } { 1 "DG" "DG3"  }  
>>   { 0 "DA" "DA5"  } { 1 "DA" "DA3"  }  
>>   { 0 "DC" "DC5"  } { 1 "DC" "DC3"  }  
>>   { 0 "DT" "DT5"  } { 1 "DT" "DT3"  }
>> 
>> }
>> 
>> addPdbAtomMap {
>>   { "O5*" "O5'" }
>>   { "C5*" "C5'" }
>>   { "C4*" "C4'" }
>>   { "O4*" "O4'" }
>>   { "C3*" "C3'" }
>>   { "O3*" "O3'" }
>>   { "C2*" "C2'" }
>>   { "C1*" "C1'" }
>>   { "C5M" "C7"  }
>>   { "O2*" "O2'" }
>>   { "H1*" "H1'" }
>>   { "H2*1" "H2'1" }
>>   { "H2*2" "H2'2" }
>>   { "H2'"  "H2'1" }
>>   { "H2''" "H2'2" }
>>   { "H3*" "H3'" }
>>   { "H4*" "H4'" }
>>   { "H5*1" "H5'1" }
>>   { "H5*2" "H5'2" }
>>   { "H5'"  "H5'1" }
>>   { "H5''" "H5'2" }
>>   { "HO2'" "HO'2" }
>>   { "HO5'" "H5T" }
>>   { "HO3'" "H3T" }
>>   { "O1'" "O4'" }
>>   { "OA"  "O1P" }
>>   { "OB"  "O2P" }
>>   { "OP1" "O1P" }
>>   { "OP2" "O2P" }
>> }
>> 
>> 
>> #
>> # assumed that most often proteins use HIE
>> #
>> NHIS = NHIE
>> HIS = HIE
>> CHIS = CHIE
> 
> #source /home/zhp/tleap/leaprc.GLYCAM_06j-1
> set default PBRadii mbondi3
Using ArgH and AspGluO modified Bondi2 radii
> #3dipepide=sequence{ACE VAL NME}
> 
> 
> protein = loadpdb  1xoz_ww.pdb
Loading PDB file: ./1xoz_ww.pdb
Enter zPdbReadScan from call depth  0.
Exit  zPdbReadScan from call depth  0.
Matching PDB residue names to LEaP variables.
Mapped residue GLU, term: Terminal/beginning, seq. number: 0 to: NGLU.
(Residue 1: GLU, Nonterminal, was not found in name map.)
(Residue 2: GLU, Nonterminal, was not found in name map.)
(Residue 3: THR, Nonterminal, was not found in name map.)
(Residue 4: ARG, Nonterminal, was not found in name map.)
(Residue 5: GLU, Nonterminal, was not found in name map.)
(Residue 6: LEU, Nonterminal, was not found in name map.)
(Residue 7: GLN, Nonterminal, was not found in name map.)
(Residue 8: SER, Nonterminal, was not found in name map.)
(Residue 9: LEU, Nonterminal, was not found in name map.)
(Residue 10: ALA, Nonterminal, was not found in name map.)
(Residue 11: ALA, Nonterminal, was not found in name map.)
(Residue 12: ALA, Nonterminal, was not found in name map.)
(Residue 13: VAL, Nonterminal, was not found in name map.)
(Residue 14: VAL, Nonterminal, was not found in name map.)
(Residue 15: PRO, Nonterminal, was not found in name map.)
(Residue 16: SER, Nonterminal, was not found in name map.)
(Residue 17: ALA, Nonterminal, was not found in name map.)
(Residue 18: GLN, Nonterminal, was not found in name map.)
(Residue 19: THR, Nonterminal, was not found in name map.)
(Residue 20: LEU, Nonterminal, was not found in name map.)
(Residue 21: LYS, Nonterminal, was not found in name map.)
(Residue 22: ILE, Nonterminal, was not found in name map.)
(Residue 23: THR, Nonterminal, was not found in name map.)
(Residue 24: ASP, Nonterminal, was not found in name map.)
(Residue 25: PHE, Nonterminal, was not found in name map.)
(Residue 26: SER, Nonterminal, was not found in name map.)
(Residue 27: PHE, Nonterminal, was not found in name map.)
(Residue 28: SER, Nonterminal, was not found in name map.)
(Residue 29: ASP, Nonterminal, was not found in name map.)
(Residue 30: PHE, Nonterminal, was not found in name map.)
(Residue 31: GLU, Nonterminal, was not found in name map.)
(Residue 32: LEU, Nonterminal, was not found in name map.)
(Residue 33: SER, Nonterminal, was not found in name map.)
(Residue 34: ASP, Nonterminal, was not found in name map.)
(Residue 35: LEU, Nonterminal, was not found in name map.)
(Residue 36: GLU, Nonterminal, was not found in name map.)
(Residue 37: THR, Nonterminal, was not found in name map.)
(Residue 38: ALA, Nonterminal, was not found in name map.)
(Residue 39: LEU, Nonterminal, was not found in name map.)
(Residue 40: CYS, Nonterminal, was not found in name map.)
(Residue 41: THR, Nonterminal, was not found in name map.)
(Residue 42: ILE, Nonterminal, was not found in name map.)
(Residue 43: ARG, Nonterminal, was not found in name map.)
(Residue 44: MET, Nonterminal, was not found in name map.)
(Residue 45: PHE, Nonterminal, was not found in name map.)
(Residue 46: THR, Nonterminal, was not found in name map.)
(Residue 47: ASP, Nonterminal, was not found in name map.)
(Residue 48: LEU, Nonterminal, was not found in name map.)
(Residue 49: ASN, Nonterminal, was not found in name map.)
(Residue 50: LEU, Nonterminal, was not found in name map.)
(Residue 51: VAL, Nonterminal, was not found in name map.)
(Residue 52: GLN, Nonterminal, was not found in name map.)
(Residue 53: ASN, Nonterminal, was not found in name map.)
(Residue 54: PHE, Nonterminal, was not found in name map.)
(Residue 55: GLN, Nonterminal, was not found in name map.)
(Residue 56: MET, Nonterminal, was not found in name map.)
(Residue 57: LYS, Nonterminal, was not found in name map.)
(Residue 58: HIS, Nonterminal, was not found in name map.)
(Residue 59: GLU, Nonterminal, was not found in name map.)
(Residue 60: VAL, Nonterminal, was not found in name map.)
(Residue 61: LEU, Nonterminal, was not found in name map.)
(Residue 62: CYS, Nonterminal, was not found in name map.)
(Residue 63: ARG, Nonterminal, was not found in name map.)
(Residue 64: TRP, Nonterminal, was not found in name map.)
(Residue 65: ILE, Nonterminal, was not found in name map.)
(Residue 66: LEU, Nonterminal, was not found in name map.)
(Residue 67: SER, Nonterminal, was not found in name map.)
(Residue 68: VAL, Nonterminal, was not found in name map.)
(Residue 69: LYS, Nonterminal, was not found in name map.)
(Residue 70: LYS, Nonterminal, was not found in name map.)
(Residue 71: ASN, Nonterminal, was not found in name map.)
(Residue 72: TYR, Nonterminal, was not found in name map.)
(Residue 73: ARG, Nonterminal, was not found in name map.)
(Residue 74: LYS, Nonterminal, was not found in name map.)
(Residue 75: ASN, Nonterminal, was not found in name map.)
(Residue 76: VAL, Nonterminal, was not found in name map.)
(Residue 77: ALA, Nonterminal, was not found in name map.)
(Residue 78: TYR, Nonterminal, was not found in name map.)
(Residue 79: HIS, Nonterminal, was not found in name map.)
(Residue 80: ASN, Nonterminal, was not found in name map.)
(Residue 81: TRP, Nonterminal, was not found in name map.)
(Residue 82: ARG, Nonterminal, was not found in name map.)
(Residue 83: HIS, Nonterminal, was not found in name map.)
(Residue 84: ALA, Nonterminal, was not found in name map.)
(Residue 85: PHE, Nonterminal, was not found in name map.)
(Residue 86: ASN, Nonterminal, was not found in name map.)
(Residue 87: THR, Nonterminal, was not found in name map.)
(Residue 88: ALA, Nonterminal, was not found in name map.)
(Residue 89: GLN, Nonterminal, was not found in name map.)
(Residue 90: CYS, Nonterminal, was not found in name map.)
(Residue 91: MET, Nonterminal, was not found in name map.)
(Residue 92: PHE, Nonterminal, was not found in name map.)
(Residue 93: ALA, Nonterminal, was not found in name map.)
(Residue 94: ALA, Nonterminal, was not found in name map.)
(Residue 95: LEU, Nonterminal, was not found in name map.)
(Residue 96: LYS, Nonterminal, was not found in name map.)
(Residue 97: ALA, Nonterminal, was not found in name map.)
(Residue 98: GLY, Nonterminal, was not found in name map.)
(Residue 99: LYS, Nonterminal, was not found in name map.)
(Residue 100: ILE, Nonterminal, was not found in name map.)
(Residue 101: GLN, Nonterminal, was not found in name map.)
(Residue 102: ASN, Nonterminal, was not found in name map.)
(Residue 103: LYS, Nonterminal, was not found in name map.)
(Residue 104: LEU, Nonterminal, was not found in name map.)
(Residue 105: THR, Nonterminal, was not found in name map.)
(Residue 106: ASP, Nonterminal, was not found in name map.)
(Residue 107: LEU, Nonterminal, was not found in name map.)
(Residue 108: GLU, Nonterminal, was not found in name map.)
(Residue 109: ILE, Nonterminal, was not found in name map.)
(Residue 110: LEU, Nonterminal, was not found in name map.)
(Residue 111: ALA, Nonterminal, was not found in name map.)
(Residue 112: LEU, Nonterminal, was not found in name map.)
(Residue 113: LEU, Nonterminal, was not found in name map.)
(Residue 114: ILE, Nonterminal, was not found in name map.)
(Residue 115: ALA, Nonterminal, was not found in name map.)
(Residue 116: ALA, Nonterminal, was not found in name map.)
(Residue 117: LEU, Nonterminal, was not found in name map.)
(Residue 118: SER, Nonterminal, was not found in name map.)
(Residue 119: HIS, Nonterminal, was not found in name map.)
(Residue 120: ASP, Nonterminal, was not found in name map.)
(Residue 121: LEU, Nonterminal, was not found in name map.)
(Residue 122: ASP, Nonterminal, was not found in name map.)
(Residue 123: HIS, Nonterminal, was not found in name map.)
(Residue 124: PRO, Nonterminal, was not found in name map.)
(Residue 125: GLY, Nonterminal, was not found in name map.)
(Residue 126: VAL, Nonterminal, was not found in name map.)
(Residue 127: SER, Nonterminal, was not found in name map.)
(Residue 128: ASN, Nonterminal, was not found in name map.)
(Residue 129: GLN, Nonterminal, was not found in name map.)
(Residue 130: PHE, Nonterminal, was not found in name map.)
(Residue 131: LEU, Nonterminal, was not found in name map.)
(Residue 132: ILE, Nonterminal, was not found in name map.)
(Residue 133: ASN, Nonterminal, was not found in name map.)
(Residue 134: THR, Nonterminal, was not found in name map.)
(Residue 135: ASN, Nonterminal, was not found in name map.)
(Residue 136: SER, Nonterminal, was not found in name map.)
(Residue 137: GLU, Nonterminal, was not found in name map.)
(Residue 138: LEU, Nonterminal, was not found in name map.)
(Residue 139: ALA, Nonterminal, was not found in name map.)
(Residue 140: LEU, Nonterminal, was not found in name map.)
(Residue 141: MET, Nonterminal, was not found in name map.)
(Residue 142: TYR, Nonterminal, was not found in name map.)
(Residue 143: ASN, Nonterminal, was not found in name map.)
(Residue 144: ASP, Nonterminal, was not found in name map.)
(Residue 145: GLU, Nonterminal, was not found in name map.)
(Residue 146: SER, Nonterminal, was not found in name map.)
(Residue 147: VAL, Nonterminal, was not found in name map.)
(Residue 148: LEU, Nonterminal, was not found in name map.)
(Residue 149: GLU, Nonterminal, was not found in name map.)
(Residue 150: HIS, Nonterminal, was not found in name map.)
(Residue 151: HIS, Nonterminal, was not found in name map.)
(Residue 152: HIS, Nonterminal, was not found in name map.)
(Residue 153: PHE, Nonterminal, was not found in name map.)
(Residue 154: ASP, Nonterminal, was not found in name map.)
(Residue 155: GLN, Nonterminal, was not found in name map.)
(Residue 156: CYS, Nonterminal, was not found in name map.)
(Residue 157: LEU, Nonterminal, was not found in name map.)
(Residue 158: MET, Nonterminal, was not found in name map.)
(Residue 159: ILE, Nonterminal, was not found in name map.)
(Residue 160: LEU, Nonterminal, was not found in name map.)
(Residue 161: ASN, Nonterminal, was not found in name map.)
(Residue 162: SER, Nonterminal, was not found in name map.)
(Residue 163: PRO, Nonterminal, was not found in name map.)
(Residue 164: GLY, Nonterminal, was not found in name map.)
(Residue 165: ASN, Nonterminal, was not found in name map.)
(Residue 166: GLN, Nonterminal, was not found in name map.)
(Residue 167: ILE, Nonterminal, was not found in name map.)
(Residue 168: LEU, Nonterminal, was not found in name map.)
(Residue 169: SER, Nonterminal, was not found in name map.)
(Residue 170: GLY, Nonterminal, was not found in name map.)
(Residue 171: LEU, Nonterminal, was not found in name map.)
(Residue 172: SER, Nonterminal, was not found in name map.)
(Residue 173: ILE, Nonterminal, was not found in name map.)
(Residue 174: GLU, Nonterminal, was not found in name map.)
(Residue 175: GLU, Nonterminal, was not found in name map.)
(Residue 176: TYR, Nonterminal, was not found in name map.)
(Residue 177: LYS, Nonterminal, was not found in name map.)
(Residue 178: THR, Nonterminal, was not found in name map.)
(Residue 179: THR, Nonterminal, was not found in name map.)
(Residue 180: LEU, Nonterminal, was not found in name map.)
(Residue 181: LYS, Nonterminal, was not found in name map.)
(Residue 182: ILE, Nonterminal, was not found in name map.)
(Residue 183: ILE, Nonterminal, was not found in name map.)
(Residue 184: LYS, Nonterminal, was not found in name map.)
(Residue 185: GLN, Nonterminal, was not found in name map.)
(Residue 186: ALA, Nonterminal, was not found in name map.)
(Residue 187: ILE, Nonterminal, was not found in name map.)
(Residue 188: LEU, Nonterminal, was not found in name map.)
(Residue 189: ALA, Nonterminal, was not found in name map.)
(Residue 190: THR, Nonterminal, was not found in name map.)
(Residue 191: ASP, Nonterminal, was not found in name map.)
(Residue 192: LEU, Nonterminal, was not found in name map.)
(Residue 193: ALA, Nonterminal, was not found in name map.)
(Residue 194: LEU, Nonterminal, was not found in name map.)
(Residue 195: TYR, Nonterminal, was not found in name map.)
(Residue 196: ILE, Nonterminal, was not found in name map.)
(Residue 197: LYS, Nonterminal, was not found in name map.)
(Residue 198: ARG, Nonterminal, was not found in name map.)
(Residue 199: ARG, Nonterminal, was not found in name map.)
(Residue 200: GLY, Nonterminal, was not found in name map.)
(Residue 201: GLU, Nonterminal, was not found in name map.)
(Residue 202: PHE, Nonterminal, was not found in name map.)
(Residue 203: PHE, Nonterminal, was not found in name map.)
(Residue 204: GLU, Nonterminal, was not found in name map.)
(Residue 205: LEU, Nonterminal, was not found in name map.)
(Residue 206: ILE, Nonterminal, was not found in name map.)
(Residue 207: ARG, Nonterminal, was not found in name map.)
(Residue 208: LYS, Nonterminal, was not found in name map.)
(Residue 209: ASN, Nonterminal, was not found in name map.)
(Residue 210: GLN, Nonterminal, was not found in name map.)
(Residue 211: PHE, Nonterminal, was not found in name map.)
(Residue 212: ASN, Nonterminal, was not found in name map.)
(Residue 213: LEU, Nonterminal, was not found in name map.)
(Residue 214: GLU, Nonterminal, was not found in name map.)
(Residue 215: ASP, Nonterminal, was not found in name map.)
(Residue 216: PRO, Nonterminal, was not found in name map.)
(Residue 217: HIS, Nonterminal, was not found in name map.)
(Residue 218: GLN, Nonterminal, was not found in name map.)
(Residue 219: LYS, Nonterminal, was not found in name map.)
(Residue 220: GLU, Nonterminal, was not found in name map.)
(Residue 221: LEU, Nonterminal, was not found in name map.)
(Residue 222: PHE, Nonterminal, was not found in name map.)
(Residue 223: LEU, Nonterminal, was not found in name map.)
(Residue 224: ALA, Nonterminal, was not found in name map.)
(Residue 225: MET, Nonterminal, was not found in name map.)
(Residue 226: LEU, Nonterminal, was not found in name map.)
(Residue 227: MET, Nonterminal, was not found in name map.)
(Residue 228: THR, Nonterminal, was not found in name map.)
(Residue 229: ALA, Nonterminal, was not found in name map.)
(Residue 230: CYS, Nonterminal, was not found in name map.)
(Residue 231: ASP, Nonterminal, was not found in name map.)
(Residue 232: LEU, Nonterminal, was not found in name map.)
(Residue 233: SER, Nonterminal, was not found in name map.)
(Residue 234: ALA, Nonterminal, was not found in name map.)
(Residue 235: ILE, Nonterminal, was not found in name map.)
(Residue 236: THR, Nonterminal, was not found in name map.)
(Residue 237: LYS, Nonterminal, was not found in name map.)
(Residue 238: PRO, Nonterminal, was not found in name map.)
(Residue 239: TRP, Nonterminal, was not found in name map.)
(Residue 240: PRO, Nonterminal, was not found in name map.)
(Residue 241: ILE, Nonterminal, was not found in name map.)
(Residue 242: GLN, Nonterminal, was not found in name map.)
(Residue 243: GLN, Nonterminal, was not found in name map.)
(Residue 244: ARG, Nonterminal, was not found in name map.)
(Residue 245: ILE, Nonterminal, was not found in name map.)
(Residue 246: ALA, Nonterminal, was not found in name map.)
(Residue 247: GLU, Nonterminal, was not found in name map.)
(Residue 248: LEU, Nonterminal, was not found in name map.)
(Residue 249: VAL, Nonterminal, was not found in name map.)
(Residue 250: ALA, Nonterminal, was not found in name map.)
(Residue 251: THR, Nonterminal, was not found in name map.)
(Residue 252: GLU, Nonterminal, was not found in name map.)
(Residue 253: PHE, Nonterminal, was not found in name map.)
(Residue 254: PHE, Nonterminal, was not found in name map.)
(Residue 255: ASP, Nonterminal, was not found in name map.)
(Residue 256: GLN, Nonterminal, was not found in name map.)
(Residue 257: GLY, Nonterminal, was not found in name map.)
(Residue 258: ASP, Nonterminal, was not found in name map.)
(Residue 259: ARG, Nonterminal, was not found in name map.)
(Residue 260: GLU, Nonterminal, was not found in name map.)
(Residue 261: ARG, Nonterminal, was not found in name map.)
(Residue 262: LYS, Nonterminal, was not found in name map.)
(Residue 263: GLU, Nonterminal, was not found in name map.)
(Residue 264: LEU, Nonterminal, was not found in name map.)
(Residue 265: ASN, Nonterminal, was not found in name map.)
(Residue 266: ILE, Nonterminal, was not found in name map.)
(Residue 267: GLU, Nonterminal, was not found in name map.)
(Residue 268: PRO, Nonterminal, was not found in name map.)
(Residue 269: THR, Nonterminal, was not found in name map.)
(Residue 270: ASP, Nonterminal, was not found in name map.)
(Residue 271: LEU, Nonterminal, was not found in name map.)
(Residue 272: MET, Nonterminal, was not found in name map.)
(Residue 273: ASN, Nonterminal, was not found in name map.)
(Residue 274: ARG, Nonterminal, was not found in name map.)
(Residue 275: GLU, Nonterminal, was not found in name map.)
(Residue 276: LYS, Nonterminal, was not found in name map.)
(Residue 277: LYS, Nonterminal, was not found in name map.)
(Residue 278: ASN, Nonterminal, was not found in name map.)
(Residue 279: LYS, Nonterminal, was not found in name map.)
(Residue 280: ILE, Nonterminal, was not found in name map.)
(Residue 281: PRO, Nonterminal, was not found in name map.)
(Residue 282: SER, Nonterminal, was not found in name map.)
(Residue 283: MET, Nonterminal, was not found in name map.)
(Residue 284: GLN, Nonterminal, was not found in name map.)
(Residue 285: VAL, Nonterminal, was not found in name map.)
(Residue 286: GLY, Nonterminal, was not found in name map.)
(Residue 287: PHE, Nonterminal, was not found in name map.)
(Residue 288: ILE, Nonterminal, was not found in name map.)
(Residue 289: ASP, Nonterminal, was not found in name map.)
(Residue 290: ALA, Nonterminal, was not found in name map.)
(Residue 291: ILE, Nonterminal, was not found in name map.)
(Residue 292: CYS, Nonterminal, was not found in name map.)
(Residue 293: LEU, Nonterminal, was not found in name map.)
(Residue 294: GLN, Nonterminal, was not found in name map.)
(Residue 295: LEU, Nonterminal, was not found in name map.)
(Residue 296: TYR, Nonterminal, was not found in name map.)
(Residue 297: GLU, Nonterminal, was not found in name map.)
(Residue 298: ALA, Nonterminal, was not found in name map.)
(Residue 299: LEU, Nonterminal, was not found in name map.)
(Residue 300: THR, Nonterminal, was not found in name map.)
(Residue 301: HIS, Nonterminal, was not found in name map.)
(Residue 302: VAL, Nonterminal, was not found in name map.)
(Residue 303: SER, Nonterminal, was not found in name map.)
(Residue 304: GLU, Nonterminal, was not found in name map.)
(Residue 305: ASP, Nonterminal, was not found in name map.)
(Residue 306: CYS, Nonterminal, was not found in name map.)
(Residue 307: PHE, Nonterminal, was not found in name map.)
(Residue 308: PRO, Nonterminal, was not found in name map.)
(Residue 309: LEU, Nonterminal, was not found in name map.)
(Residue 310: LEU, Nonterminal, was not found in name map.)
(Residue 311: ASP, Nonterminal, was not found in name map.)
(Residue 312: GLY, Nonterminal, was not found in name map.)
(Residue 313: CYS, Nonterminal, was not found in name map.)
(Residue 314: ARG, Nonterminal, was not found in name map.)
(Residue 315: LYS, Nonterminal, was not found in name map.)
(Residue 316: ASN, Nonterminal, was not found in name map.)
(Residue 317: ARG, Nonterminal, was not found in name map.)
(Residue 318: GLN, Nonterminal, was not found in name map.)
(Residue 319: LYS, Nonterminal, was not found in name map.)
(Residue 320: TRP, Nonterminal, was not found in name map.)
(Residue 321: GLN, Nonterminal, was not found in name map.)
(Residue 322: ALA, Nonterminal, was not found in name map.)
(Residue 323: LEU, Nonterminal, was not found in name map.)
(Residue 324: ALA, Nonterminal, was not found in name map.)
Mapped residue GLU, term: Terminal/last, seq. number: 325 to: CGLU.
Joining NGLU - GLU
Joining GLU - GLU
Joining GLU - THR
Joining THR - ARG
Joining ARG - GLU
Joining GLU - LEU
Joining LEU - GLN
Joining GLN - SER
Joining SER - LEU
Joining LEU - ALA
Joining ALA - ALA
Joining ALA - ALA
Joining ALA - VAL
Joining VAL - VAL
Joining VAL - PRO
Joining PRO - SER
Joining SER - ALA
Joining ALA - GLN
Joining GLN - THR
Joining THR - LEU
Joining LEU - LYS
Joining LYS - ILE
Joining ILE - THR
Joining THR - ASP
Joining ASP - PHE
Joining PHE - SER
Joining SER - PHE
Joining PHE - SER
Joining SER - ASP
Joining ASP - PHE
Joining PHE - GLU
Joining GLU - LEU
Joining LEU - SER
Joining SER - ASP
Joining ASP - LEU
Joining LEU - GLU
Joining GLU - THR
Joining THR - ALA
Joining ALA - LEU
Joining LEU - CYS
Joining CYS - THR
Joining THR - ILE
Joining ILE - ARG
Joining ARG - MET
Joining MET - PHE
Joining PHE - THR
Joining THR - ASP
Joining ASP - LEU
Joining LEU - ASN
Joining ASN - LEU
Joining LEU - VAL
Joining VAL - GLN
Joining GLN - ASN
Joining ASN - PHE
Joining PHE - GLN
Joining GLN - MET
Joining MET - LYS
Joining LYS - HIE
Joining HIE - GLU
Joining GLU - VAL
Joining VAL - LEU
Joining LEU - CYS
Joining CYS - ARG
Joining ARG - TRP
Joining TRP - ILE
Joining ILE - LEU
Joining LEU - SER
Joining SER - VAL
Joining VAL - LYS
Joining LYS - LYS
Joining LYS - ASN
Joining ASN - TYR
Joining TYR - ARG
Joining ARG - LYS
Joining LYS - ASN
Joining ASN - VAL
Joining VAL - ALA
Joining ALA - TYR
Joining TYR - HIE
Joining HIE - ASN
Joining ASN - TRP
Joining TRP - ARG
Joining ARG - HIE
Joining HIE - ALA
Joining ALA - PHE
Joining PHE - ASN
Joining ASN - THR
Joining THR - ALA
Joining ALA - GLN
Joining GLN - CYS
Joining CYS - MET
Joining MET - PHE
Joining PHE - ALA
Joining ALA - ALA
Joining ALA - LEU
Joining LEU - LYS
Joining LYS - ALA
Joining ALA - GLY
Joining GLY - LYS
Joining LYS - ILE
Joining ILE - GLN
Joining GLN - ASN
Joining ASN - LYS
Joining LYS - LEU
Joining LEU - THR
Joining THR - ASP
Joining ASP - LEU
Joining LEU - GLU
Joining GLU - ILE
Joining ILE - LEU
Joining LEU - ALA
Joining ALA - LEU
Joining LEU - LEU
Joining LEU - ILE
Joining ILE - ALA
Joining ALA - ALA
Joining ALA - LEU
Joining LEU - SER
Joining SER - HIE
Joining HIE - ASP
Joining ASP - LEU
Joining LEU - ASP
Joining ASP - HIE
Joining HIE - PRO
Joining PRO - GLY
Joining GLY - VAL
Joining VAL - SER
Joining SER - ASN
Joining ASN - GLN
Joining GLN - PHE
Joining PHE - LEU
Joining LEU - ILE
Joining ILE - ASN
Joining ASN - THR
Joining THR - ASN
Joining ASN - SER
Joining SER - GLU
Joining GLU - LEU
Joining LEU - ALA
Joining ALA - LEU
Joining LEU - MET
Joining MET - TYR
Joining TYR - ASN
Joining ASN - ASP
Joining ASP - GLU
Joining GLU - SER
Joining SER - VAL
Joining VAL - LEU
Joining LEU - GLU
Joining GLU - HIE
Joining HIE - HIE
Joining HIE - HIE
Joining HIE - PHE
Joining PHE - ASP
Joining ASP - GLN
Joining GLN - CYS
Joining CYS - LEU
Joining LEU - MET
Joining MET - ILE
Joining ILE - LEU
Joining LEU - ASN
Joining ASN - SER
Joining SER - PRO
Joining PRO - GLY
Joining GLY - ASN
Joining ASN - GLN
Joining GLN - ILE
Joining ILE - LEU
Joining LEU - SER
Joining SER - GLY
Joining GLY - LEU
Joining LEU - SER
Joining SER - ILE
Joining ILE - GLU
Joining GLU - GLU
Joining GLU - TYR
Joining TYR - LYS
Joining LYS - THR
Joining THR - THR
Joining THR - LEU
Joining LEU - LYS
Joining LYS - ILE
Joining ILE - ILE
Joining ILE - LYS
Joining LYS - GLN
Joining GLN - ALA
Joining ALA - ILE
Joining ILE - LEU
Joining LEU - ALA
Joining ALA - THR
Joining THR - ASP
Joining ASP - LEU
Joining LEU - ALA
Joining ALA - LEU
Joining LEU - TYR
Joining TYR - ILE
Joining ILE - LYS
Joining LYS - ARG
Joining ARG - ARG
Joining ARG - GLY
Joining GLY - GLU
Joining GLU - PHE
Joining PHE - PHE
Joining PHE - GLU
Joining GLU - LEU
Joining LEU - ILE
Joining ILE - ARG
Joining ARG - LYS
Joining LYS - ASN
Joining ASN - GLN
Joining GLN - PHE
Joining PHE - ASN
Joining ASN - LEU
Joining LEU - GLU
Joining GLU - ASP
Joining ASP - PRO
Joining PRO - HIE
Joining HIE - GLN
Joining GLN - LYS
Joining LYS - GLU
Joining GLU - LEU
Joining LEU - PHE
Joining PHE - LEU
Joining LEU - ALA
Joining ALA - MET
Joining MET - LEU
Joining LEU - MET
Joining MET - THR
Joining THR - ALA
Joining ALA - CYS
Joining CYS - ASP
Joining ASP - LEU
Joining LEU - SER
Joining SER - ALA
Joining ALA - ILE
Joining ILE - THR
Joining THR - LYS
Joining LYS - PRO
Joining PRO - TRP
Joining TRP - PRO
Joining PRO - ILE
Joining ILE - GLN
Joining GLN - GLN
Joining GLN - ARG
Joining ARG - ILE
Joining ILE - ALA
Joining ALA - GLU
Joining GLU - LEU
Joining LEU - VAL
Joining VAL - ALA
Joining ALA - THR
Joining THR - GLU
Joining GLU - PHE
Joining PHE - PHE
Joining PHE - ASP
Joining ASP - GLN
Joining GLN - GLY
Joining GLY - ASP
Joining ASP - ARG
Joining ARG - GLU
Joining GLU - ARG
Joining ARG - LYS
Joining LYS - GLU
Joining GLU - LEU
Joining LEU - ASN
Joining ASN - ILE
Joining ILE - GLU
Joining GLU - PRO
Joining PRO - THR
Joining THR - ASP
Joining ASP - LEU
Joining LEU - MET
Joining MET - ASN
Joining ASN - ARG
Joining ARG - GLU
Joining GLU - LYS
Joining LYS - LYS
Joining LYS - ASN
Joining ASN - LYS
Joining LYS - ILE
Joining ILE - PRO
Joining PRO - SER
Joining SER - MET
Joining MET - GLN
Joining GLN - VAL
Joining VAL - GLY
Joining GLY - PHE
Joining PHE - ILE
Joining ILE - ASP
Joining ASP - ALA
Joining ALA - ILE
Joining ILE - CYS
Joining CYS - LEU
Joining LEU - GLN
Joining GLN - LEU
Joining LEU - TYR
Joining TYR - GLU
Joining GLU - ALA
Joining ALA - LEU
Joining LEU - THR
Joining THR - HIE
Joining HIE - VAL
Joining VAL - SER
Joining SER - GLU
Joining GLU - ASP
Joining ASP - CYS
Joining CYS - PHE
Joining PHE - PRO
Joining PRO - LEU
Joining LEU - LEU
Joining LEU - ASP
Joining ASP - GLY
Joining GLY - CYS
Joining CYS - ARG
Joining ARG - LYS
Joining LYS - ASN
Joining ASN - ARG
Joining ARG - GLN
Joining GLN - LYS
Joining LYS - TRP
Joining TRP - GLN
Joining GLN - ALA
Joining ALA - LEU
Joining LEU - ALA
Joining ALA - CGLU
  Added missing heavy atom: .R<CGLU 859>.A<OXT 16>
  total atoms in file: 2637
  Leap added 2647 missing atoms according to residue templates:
       1 Heavy
       2646 H / lone pairs
> savepdb  protein  protein.pdb
Writing pdb file: protein.pdb
 Converting N-terminal residue name to PDB format: NGLU -> GLU
 Converting C-terminal residue name to PDB format: CGLU -> GLU
> ##saveamberparm dipepide diVAL.prmtop diVAL.inpcrd
> 
> quit
	Quit
