log started: Fri Nov 23 17:36:44 2018

Log file: ./leap.log
>> #
>> # ----- leaprc for loading the ff99SB (Hornak & Simmerling) force field
>> # -----  this file is updated for PDB format 3
>> #
>> #	load atom type hybridizations
>> #
>> addAtomTypes {
>> 	{ "H"   "H" "sp3" }
>> 	{ "HO"  "H" "sp3" }
>> 	{ "HS"  "H" "sp3" }
>> 	{ "H1"  "H" "sp3" }
>> 	{ "H2"  "H" "sp3" }
>> 	{ "H3"  "H" "sp3" }
>> 	{ "H4"  "H" "sp3" }
>> 	{ "H5"  "H" "sp3" }
>> 	{ "HW"  "H" "sp3" }
>> 	{ "HC"  "H" "sp3" }
>> 	{ "HA"  "H" "sp3" }
>> 	{ "HP"  "H" "sp3" }
>> 	{ "OH"  "O" "sp3" }
>> 	{ "OS"  "O" "sp3" }
>> 	{ "O"   "O" "sp2" }
>> 	{ "O2"  "O" "sp2" }
>> 	{ "OW"  "O" "sp3" }
>> 	{ "CT"  "C" "sp3" }
>> 	{ "CH"  "C" "sp3" }
>> 	{ "C2"  "C" "sp3" }
>> 	{ "C3"  "C" "sp3" }
>> 	{ "C"   "C" "sp2" }
>> 	{ "C*"  "C" "sp2" }
>> 	{ "CA"  "C" "sp2" }
>> 	{ "CB"  "C" "sp2" }
>> 	{ "CC"  "C" "sp2" }
>> 	{ "CN"  "C" "sp2" }
>> 	{ "CM"  "C" "sp2" }
>> 	{ "CK"  "C" "sp2" }
>> 	{ "CQ"  "C" "sp2" }
>> 	{ "CD"  "C" "sp2" }
>> 	{ "CE"  "C" "sp2" }
>> 	{ "CF"  "C" "sp2" }
>> 	{ "CP"  "C" "sp2" }
>> 	{ "CI"  "C" "sp2" }
>> 	{ "CJ"  "C" "sp2" }
>> 	{ "CW"  "C" "sp2" }
>> 	{ "CV"  "C" "sp2" }
>> 	{ "CR"  "C" "sp2" }
>> 	{ "CA"  "C" "sp2" }
>> 	{ "CY"  "C" "sp2" }
>> 	{ "C0"  "Ca" "sp2" }
>> 	{ "MG"  "Mg" "sp3" }
>> 	{ "N"   "N" "sp2" }
>> 	{ "NA"  "N" "sp2" }
>> 	{ "N2"  "N" "sp2" }
>> 	{ "N*"  "N" "sp2" }
>> 	{ "NP"  "N" "sp2" }
>> 	{ "NQ"  "N" "sp2" }
>> 	{ "NB"  "N" "sp2" }
>> 	{ "NC"  "N" "sp2" }
>> 	{ "NT"  "N" "sp3" }
>> 	{ "N3"  "N" "sp3" }
>> 	{ "S"   "S" "sp3" }
>> 	{ "SH"  "S" "sp3" }
>> 	{ "P"   "P" "sp3" }
>> 	{ "LP"  ""  "sp3" }
>> 	{ "F"   "F" "sp3" }
>> 	{ "CL"  "Cl" "sp3" }
>> 	{ "BR"  "Br" "sp3" }
>> 	{ "I"   "I"  "sp3" }
>> 	{ "FE"  "Fe" "sp3" }
>> 	{ "EP"  ""  "sp3" }
>> # glycam
>> 	{ "OG"  "O" "sp3" }
>> 	{ "OL"  "O" "sp3" }
>> 	{ "AC"  "C" "sp3" }
>> 	{ "EC"  "C" "sp3" }
>> }
>> #
>> #	Load the main parameter set.
>> #
>> parm99 = loadamberparams parm99.dat
Loading parameters: /share/home/zhanghaiping/program/amber16/dat/leap/parm/parm99.dat
Reading title:
PARM99 for DNA,RNA,AA, organic molecules, TIP3P wat. Polariz.& LP incl.02/04/99
(UNKNOWN ATOM TYPE: HZ)
(UNKNOWN ATOM TYPE: IM)
(UNKNOWN ATOM TYPE: Li)
(UNKNOWN ATOM TYPE: IP)
(UNKNOWN ATOM TYPE: K)
(UNKNOWN ATOM TYPE: Rb)
(UNKNOWN ATOM TYPE: Cs)
(UNKNOWN ATOM TYPE: Zn)
(UNKNOWN ATOM TYPE: IB)
(UNKNOWN ATOM TYPE: LP)
>> frcmod99SB = loadamberparams frcmod.ff99SB
Loading parameters: /share/home/zhanghaiping/program/amber16/dat/leap/parm/frcmod.ff99SB
Reading force field modification type file (frcmod)
Reading title:
Modification/update of parm99.dat (Hornak & Simmerling)
>> #
>> #	Load DNA/RNA libraries
>> #
>> loadOff all_nucleic94.lib
Loading library: /share/home/zhanghaiping/program/amber16/dat/leap/lib/all_nucleic94.lib
Loading: DA
Loading: DA3
Loading: DA5
Loading: DAN
Loading: DC
Loading: DC3
Loading: DC5
Loading: DCN
Loading: DG
Loading: DG3
Loading: DG5
Loading: DGN
Loading: DT
Loading: DT3
Loading: DT5
Loading: DTN
Loading: RA
Loading: RA3
Loading: RA5
Loading: RAN
Loading: RC
Loading: RC3
Loading: RC5
Loading: RCN
Loading: RG
Loading: RG3
Loading: RG5
Loading: RGN
Loading: RU
Loading: RU3
Loading: RU5
Loading: RUN
>> #
>> #	Load main chain and terminating 
>> #	amino acid libraries (i.e. ff94 libs)
>> #
>> loadOff all_amino94.lib
Loading library: /share/home/zhanghaiping/program/amber16/dat/leap/lib/all_amino94.lib
Loading: ALA
Loading: ARG
Loading: ASH
Loading: ASN
Loading: ASP
Loading: CYM
Loading: CYS
Loading: CYX
Loading: GLH
Loading: GLN
Loading: GLU
Loading: GLY
Loading: HID
Loading: HIE
Loading: HIP
Loading: ILE
Loading: LEU
Loading: LYN
Loading: LYS
Loading: MET
Loading: PHE
Loading: PRO
Loading: SER
Loading: THR
Loading: TRP
Loading: TYR
Loading: VAL
>> loadOff all_aminoct94.lib
Loading library: /share/home/zhanghaiping/program/amber16/dat/leap/lib/all_aminoct94.lib
Loading: CALA
Loading: CARG
Loading: CASN
Loading: CASP
Loading: CCYS
Loading: CCYX
Loading: CGLN
Loading: CGLU
Loading: CGLY
Loading: CHID
Loading: CHIE
Loading: CHIP
Loading: CILE
Loading: CLEU
Loading: CLYS
Loading: CMET
Loading: CPHE
Loading: CPRO
Loading: CSER
Loading: CTHR
Loading: CTRP
Loading: CTYR
Loading: CVAL
Loading: NHE
Loading: NME
>> loadOff all_aminont94.lib
Loading library: /share/home/zhanghaiping/program/amber16/dat/leap/lib/all_aminont94.lib
Loading: ACE
Loading: NALA
Loading: NARG
Loading: NASN
Loading: NASP
Loading: NCYS
Loading: NCYX
Loading: NGLN
Loading: NGLU
Loading: NGLY
Loading: NHID
Loading: NHIE
Loading: NHIP
Loading: NILE
Loading: NLEU
Loading: NLYS
Loading: NMET
Loading: NPHE
Loading: NPRO
Loading: NSER
Loading: NTHR
Loading: NTRP
Loading: NTYR
Loading: NVAL
>> #
>> #       Load water and ions
>> # 
>> loadOff ions94.lib
Loading library: /share/home/zhanghaiping/program/amber16/dat/leap/lib/ions94.lib
Loading: CIO
Loading: Cl-
Loading: Cs+
Loading: IB
Loading: K+
Loading: Li+
Loading: MG2
Loading: Na+
Loading: Rb+
>> loadOff solvents.lib
Loading library: /share/home/zhanghaiping/program/amber16/dat/leap/lib/solvents.lib
Loading: CHCL3BOX
Loading: DC4
Loading: FB3
Loading: FB3BOX
Loading: FB4
Loading: FB4BOX
Loading: MEOHBOX
Loading: NMABOX
Loading: OPC
Loading: OPCBOX
Loading: PL3
Loading: POL3BOX
Loading: QSPCFWBOX
Loading: SPC
Loading: SPCBOX
Loading: SPCFWBOX
Loading: SPF
Loading: SPG
Loading: T4E
Loading: TIP3PBOX
Loading: TIP3PFBOX
Loading: TIP4PBOX
Loading: TIP4PEWBOX
Loading: TIP5PBOX
Loading: TP3
Loading: TP4
Loading: TP5
Loading: TPF
>> HOH = TP3
>> WAT = TP3
>> 
>> #
>> #	Define the PDB name map for the amino acids and DNA.
>> #
>> addPdbResMap {
>>   { 0 "ALA" "NALA" } { 1 "ALA" "CALA" }
>>   { 0 "ARG" "NARG" } { 1 "ARG" "CARG" }
>>   { 0 "ASN" "NASN" } { 1 "ASN" "CASN" }
>>   { 0 "ASP" "NASP" } { 1 "ASP" "CASP" }
>>   { 0 "CYS" "NCYS" } { 1 "CYS" "CCYS" }
>>   { 0 "CYX" "NCYX" } { 1 "CYX" "CCYX" }
>>   { 0 "GLN" "NGLN" } { 1 "GLN" "CGLN" }
>>   { 0 "GLU" "NGLU" } { 1 "GLU" "CGLU" }
>>   { 0 "GLY" "NGLY" } { 1 "GLY" "CGLY" }
>>   { 0 "HID" "NHID" } { 1 "HID" "CHID" }
>>   { 0 "HIE" "NHIE" } { 1 "HIE" "CHIE" }
>>   { 0 "HIP" "NHIP" } { 1 "HIP" "CHIP" }
>>   { 0 "ILE" "NILE" } { 1 "ILE" "CILE" }
>>   { 0 "LEU" "NLEU" } { 1 "LEU" "CLEU" }
>>   { 0 "LYS" "NLYS" } { 1 "LYS" "CLYS" }
>>   { 0 "MET" "NMET" } { 1 "MET" "CMET" }
>>   { 0 "PHE" "NPHE" } { 1 "PHE" "CPHE" }
>>   { 0 "PRO" "NPRO" } { 1 "PRO" "CPRO" }
>>   { 0 "SER" "NSER" } { 1 "SER" "CSER" }
>>   { 0 "THR" "NTHR" } { 1 "THR" "CTHR" }
>>   { 0 "TRP" "NTRP" } { 1 "TRP" "CTRP" }
>>   { 0 "TYR" "NTYR" } { 1 "TYR" "CTYR" }
>>   { 0 "VAL" "NVAL" } { 1 "VAL" "CVAL" }
>>   { 0 "HIS" "NHIS" } { 1 "HIS" "CHIS" }
>>   { 0 "GUA" "DG5"  } { 1 "GUA" "DG3"  } { "GUA" "DG" }
>>   { 0 "ADE" "DA5"  } { 1 "ADE" "DA3"  } { "ADE" "DA" }
>>   { 0 "CYT" "DC5"  } { 1 "CYT" "DC3"  } { "CYT" "DC" }
>>   { 0 "THY" "DT5"  } { 1 "THY" "DT3"  } { "THY" "DT" }
>>   { 0 "G" "RG5"  } { 1 "G" "RG3"  } { "G" "RG" } { "GN" "RGN" }
>>   { 0 "A" "RA5"  } { 1 "A" "RA3"  } { "A" "RA" } { "AN" "RAN" }
>>   { 0 "C" "RC5"  } { 1 "C" "RC3"  } { "C" "RC" } { "CN" "RCN" }
>>   { 0 "U" "RU5"  } { 1 "U" "RU3"  } { "U" "RU" } { "UN" "RUN" }
>>   { 0 "DG" "DG5"  } { 1 "DG" "DG3"  }  
>>   { 0 "DA" "DA5"  } { 1 "DA" "DA3"  }  
>>   { 0 "DC" "DC5"  } { 1 "DC" "DC3"  }  
>>   { 0 "DT" "DT5"  } { 1 "DT" "DT3"  }
>> 
>> }
>> 
>> addPdbAtomMap {
>>   { "O5*" "O5'" }
>>   { "C5*" "C5'" }
>>   { "C4*" "C4'" }
>>   { "O4*" "O4'" }
>>   { "C3*" "C3'" }
>>   { "O3*" "O3'" }
>>   { "C2*" "C2'" }
>>   { "C1*" "C1'" }
>>   { "C5M" "C7"  }
>>   { "O2*" "O2'" }
>>   { "H1*" "H1'" }
>>   { "H2*1" "H2'1" }
>>   { "H2*2" "H2'2" }
>>   { "H2'"  "H2'1" }
>>   { "H2''" "H2'2" }
>>   { "H3*" "H3'" }
>>   { "H4*" "H4'" }
>>   { "H5*1" "H5'1" }
>>   { "H5*2" "H5'2" }
>>   { "H5'"  "H5'1" }
>>   { "H5''" "H5'2" }
>>   { "HO2'" "HO'2" }
>>   { "HO5'" "H5T" }
>>   { "HO3'" "H3T" }
>>   { "O1'" "O4'" }
>>   { "OA"  "O1P" }
>>   { "OB"  "O2P" }
>>   { "OP1" "O1P" }
>>   { "OP2" "O2P" }
>> }
>> 
>> 
>> #
>> # assumed that most often proteins use HIE
>> #
>> NHIS = NHIE
>> HIS = HIE
>> CHIS = CHIE
> 
> #source /home/zhp/tleap/leaprc.GLYCAM_06j-1
> set default PBRadii mbondi3
Using ArgH and AspGluO modified Bondi2 radii
> #3dipepide=sequence{ACE VAL NME}
> 
> 
> protein = loadpdb  1oq5_ww.pdb
Loading PDB file: ./1oq5_ww.pdb
Enter zPdbReadScan from call depth  0.
-- residue 58: duplicate [ CB] atoms (total 2)
-- residue 58: duplicate [ CD] atoms (total 2)
-- residue 58: duplicate [ CG] atoms (total 2)
-- residue 58: duplicate [ CZ] atoms (total 2)
-- residue 58: duplicate [ NE] atoms (total 2)
-- residue 58: duplicate [ NH1] atoms (total 2)
-- residue 58: duplicate [ NH2] atoms (total 2)
-- residue 216: duplicate [ CB] atoms (total 2)
-- residue 216: duplicate [ OG] atoms (total 2)

   Warning: Atom names in each residue should be unique.
     (Same-name atoms are handled by using the first
      occurrence and by ignoring the rest.
      Frequently duplicate atom names stem from alternate
      conformations in the PDB file.)

Exit  zPdbReadScan from call depth  0.
Matching PDB residue names to LEaP variables.
Mapped residue HIS, term: Terminal/beginning, seq. number: 0 to: NHIS.
(Residue 1: TRP, Nonterminal, was not found in name map.)
(Residue 2: GLY, Nonterminal, was not found in name map.)
(Residue 3: TYR, Nonterminal, was not found in name map.)
(Residue 4: GLY, Nonterminal, was not found in name map.)
(Residue 5: LYS, Nonterminal, was not found in name map.)
(Residue 6: HIS, Nonterminal, was not found in name map.)
(Residue 7: ASN, Nonterminal, was not found in name map.)
(Residue 8: GLY, Nonterminal, was not found in name map.)
(Residue 9: PRO, Nonterminal, was not found in name map.)
(Residue 10: GLU, Nonterminal, was not found in name map.)
(Residue 11: HIS, Nonterminal, was not found in name map.)
(Residue 12: TRP, Nonterminal, was not found in name map.)
(Residue 13: HIS, Nonterminal, was not found in name map.)
(Residue 14: LYS, Nonterminal, was not found in name map.)
(Residue 15: ASP, Nonterminal, was not found in name map.)
(Residue 16: PHE, Nonterminal, was not found in name map.)
(Residue 17: PRO, Nonterminal, was not found in name map.)
(Residue 18: ILE, Nonterminal, was not found in name map.)
(Residue 19: ALA, Nonterminal, was not found in name map.)
(Residue 20: LYS, Nonterminal, was not found in name map.)
(Residue 21: GLY, Nonterminal, was not found in name map.)
(Residue 22: GLU, Nonterminal, was not found in name map.)
(Residue 23: ARG, Nonterminal, was not found in name map.)
(Residue 24: GLN, Nonterminal, was not found in name map.)
(Residue 25: SER, Nonterminal, was not found in name map.)
(Residue 26: PRO, Nonterminal, was not found in name map.)
(Residue 27: VAL, Nonterminal, was not found in name map.)
(Residue 28: ASP, Nonterminal, was not found in name map.)
(Residue 29: ILE, Nonterminal, was not found in name map.)
(Residue 30: ASP, Nonterminal, was not found in name map.)
(Residue 31: THR, Nonterminal, was not found in name map.)
(Residue 32: HIS, Nonterminal, was not found in name map.)
(Residue 33: THR, Nonterminal, was not found in name map.)
(Residue 34: ALA, Nonterminal, was not found in name map.)
(Residue 35: LYS, Nonterminal, was not found in name map.)
(Residue 36: TYR, Nonterminal, was not found in name map.)
(Residue 37: ASP, Nonterminal, was not found in name map.)
(Residue 38: PRO, Nonterminal, was not found in name map.)
(Residue 39: SER, Nonterminal, was not found in name map.)
(Residue 40: LEU, Nonterminal, was not found in name map.)
(Residue 41: LYS, Nonterminal, was not found in name map.)
(Residue 42: PRO, Nonterminal, was not found in name map.)
(Residue 43: LEU, Nonterminal, was not found in name map.)
(Residue 44: SER, Nonterminal, was not found in name map.)
(Residue 45: VAL, Nonterminal, was not found in name map.)
(Residue 46: SER, Nonterminal, was not found in name map.)
(Residue 47: TYR, Nonterminal, was not found in name map.)
(Residue 48: ASP, Nonterminal, was not found in name map.)
(Residue 49: GLN, Nonterminal, was not found in name map.)
(Residue 50: ALA, Nonterminal, was not found in name map.)
(Residue 51: THR, Nonterminal, was not found in name map.)
(Residue 52: SER, Nonterminal, was not found in name map.)
(Residue 53: LEU, Nonterminal, was not found in name map.)
(Residue 54: ARG, Nonterminal, was not found in name map.)
(Residue 55: ILE, Nonterminal, was not found in name map.)
(Residue 56: LEU, Nonterminal, was not found in name map.)
(Residue 57: ASN, Nonterminal, was not found in name map.)
(Residue 58: ASN, Nonterminal, was not found in name map.)
(Residue 59: GLY, Nonterminal, was not found in name map.)
(Residue 60: HIS, Nonterminal, was not found in name map.)
(Residue 61: ALA, Nonterminal, was not found in name map.)
(Residue 62: PHE, Nonterminal, was not found in name map.)
(Residue 63: ASN, Nonterminal, was not found in name map.)
(Residue 64: VAL, Nonterminal, was not found in name map.)
(Residue 65: GLU, Nonterminal, was not found in name map.)
(Residue 66: PHE, Nonterminal, was not found in name map.)
(Residue 67: ASP, Nonterminal, was not found in name map.)
(Residue 68: ASP, Nonterminal, was not found in name map.)
(Residue 69: SER, Nonterminal, was not found in name map.)
(Residue 70: GLN, Nonterminal, was not found in name map.)
(Residue 71: ASP, Nonterminal, was not found in name map.)
(Residue 72: LYS, Nonterminal, was not found in name map.)
(Residue 73: ALA, Nonterminal, was not found in name map.)
(Residue 74: VAL, Nonterminal, was not found in name map.)
(Residue 75: LEU, Nonterminal, was not found in name map.)
(Residue 76: LYS, Nonterminal, was not found in name map.)
(Residue 77: GLY, Nonterminal, was not found in name map.)
(Residue 78: GLY, Nonterminal, was not found in name map.)
(Residue 79: PRO, Nonterminal, was not found in name map.)
(Residue 80: LEU, Nonterminal, was not found in name map.)
(Residue 81: ASP, Nonterminal, was not found in name map.)
(Residue 82: GLY, Nonterminal, was not found in name map.)
(Residue 83: THR, Nonterminal, was not found in name map.)
(Residue 84: TYR, Nonterminal, was not found in name map.)
(Residue 85: ARG, Nonterminal, was not found in name map.)
(Residue 86: LEU, Nonterminal, was not found in name map.)
(Residue 87: ILE, Nonterminal, was not found in name map.)
(Residue 88: GLN, Nonterminal, was not found in name map.)
(Residue 89: PHE, Nonterminal, was not found in name map.)
(Residue 90: HIS, Nonterminal, was not found in name map.)
(Residue 91: PHE, Nonterminal, was not found in name map.)
(Residue 92: HIS, Nonterminal, was not found in name map.)
(Residue 93: TRP, Nonterminal, was not found in name map.)
(Residue 94: GLY, Nonterminal, was not found in name map.)
(Residue 95: SER, Nonterminal, was not found in name map.)
(Residue 96: LEU, Nonterminal, was not found in name map.)
(Residue 97: ASP, Nonterminal, was not found in name map.)
(Residue 98: GLY, Nonterminal, was not found in name map.)
(Residue 99: GLN, Nonterminal, was not found in name map.)
(Residue 100: GLY, Nonterminal, was not found in name map.)
(Residue 101: SER, Nonterminal, was not found in name map.)
(Residue 102: GLU, Nonterminal, was not found in name map.)
(Residue 103: HIS, Nonterminal, was not found in name map.)
(Residue 104: THR, Nonterminal, was not found in name map.)
(Residue 105: VAL, Nonterminal, was not found in name map.)
(Residue 106: ASP, Nonterminal, was not found in name map.)
(Residue 107: LYS, Nonterminal, was not found in name map.)
(Residue 108: LYS, Nonterminal, was not found in name map.)
(Residue 109: LYS, Nonterminal, was not found in name map.)
(Residue 110: TYR, Nonterminal, was not found in name map.)
(Residue 111: ALA, Nonterminal, was not found in name map.)
(Residue 112: ALA, Nonterminal, was not found in name map.)
(Residue 113: GLU, Nonterminal, was not found in name map.)
(Residue 114: LEU, Nonterminal, was not found in name map.)
(Residue 115: HIS, Nonterminal, was not found in name map.)
(Residue 116: LEU, Nonterminal, was not found in name map.)
(Residue 117: VAL, Nonterminal, was not found in name map.)
(Residue 118: HIS, Nonterminal, was not found in name map.)
(Residue 119: TRP, Nonterminal, was not found in name map.)
(Residue 120: ASN, Nonterminal, was not found in name map.)
(Residue 121: THR, Nonterminal, was not found in name map.)
(Residue 122: LYS, Nonterminal, was not found in name map.)
(Residue 123: TYR, Nonterminal, was not found in name map.)
(Residue 124: GLY, Nonterminal, was not found in name map.)
(Residue 125: ASP, Nonterminal, was not found in name map.)
(Residue 126: PHE, Nonterminal, was not found in name map.)
(Residue 127: GLY, Nonterminal, was not found in name map.)
(Residue 128: LYS, Nonterminal, was not found in name map.)
(Residue 129: ALA, Nonterminal, was not found in name map.)
(Residue 130: VAL, Nonterminal, was not found in name map.)
(Residue 131: GLN, Nonterminal, was not found in name map.)
(Residue 132: GLN, Nonterminal, was not found in name map.)
(Residue 133: PRO, Nonterminal, was not found in name map.)
(Residue 134: ASP, Nonterminal, was not found in name map.)
(Residue 135: GLY, Nonterminal, was not found in name map.)
(Residue 136: LEU, Nonterminal, was not found in name map.)
(Residue 137: ALA, Nonterminal, was not found in name map.)
(Residue 138: VAL, Nonterminal, was not found in name map.)
(Residue 139: LEU, Nonterminal, was not found in name map.)
(Residue 140: GLY, Nonterminal, was not found in name map.)
(Residue 141: ILE, Nonterminal, was not found in name map.)
(Residue 142: PHE, Nonterminal, was not found in name map.)
(Residue 143: LEU, Nonterminal, was not found in name map.)
(Residue 144: LYS, Nonterminal, was not found in name map.)
(Residue 145: VAL, Nonterminal, was not found in name map.)
(Residue 146: GLY, Nonterminal, was not found in name map.)
(Residue 147: SER, Nonterminal, was not found in name map.)
(Residue 148: ALA, Nonterminal, was not found in name map.)
(Residue 149: LYS, Nonterminal, was not found in name map.)
(Residue 150: PRO, Nonterminal, was not found in name map.)
(Residue 151: GLY, Nonterminal, was not found in name map.)
(Residue 152: LEU, Nonterminal, was not found in name map.)
(Residue 153: GLN, Nonterminal, was not found in name map.)
(Residue 154: LYS, Nonterminal, was not found in name map.)
(Residue 155: VAL, Nonterminal, was not found in name map.)
(Residue 156: VAL, Nonterminal, was not found in name map.)
(Residue 157: ASP, Nonterminal, was not found in name map.)
(Residue 158: VAL, Nonterminal, was not found in name map.)
(Residue 159: LEU, Nonterminal, was not found in name map.)
(Residue 160: ASP, Nonterminal, was not found in name map.)
(Residue 161: SER, Nonterminal, was not found in name map.)
(Residue 162: ILE, Nonterminal, was not found in name map.)
(Residue 163: LYS, Nonterminal, was not found in name map.)
(Residue 164: THR, Nonterminal, was not found in name map.)
(Residue 165: LYS, Nonterminal, was not found in name map.)
(Residue 166: GLY, Nonterminal, was not found in name map.)
(Residue 167: LYS, Nonterminal, was not found in name map.)
(Residue 168: SER, Nonterminal, was not found in name map.)
(Residue 169: ALA, Nonterminal, was not found in name map.)
(Residue 170: ASP, Nonterminal, was not found in name map.)
(Residue 171: PHE, Nonterminal, was not found in name map.)
(Residue 172: THR, Nonterminal, was not found in name map.)
(Residue 173: ASN, Nonterminal, was not found in name map.)
(Residue 174: PHE, Nonterminal, was not found in name map.)
(Residue 175: ASP, Nonterminal, was not found in name map.)
(Residue 176: PRO, Nonterminal, was not found in name map.)
(Residue 177: ARG, Nonterminal, was not found in name map.)
(Residue 178: GLY, Nonterminal, was not found in name map.)
(Residue 179: LEU, Nonterminal, was not found in name map.)
(Residue 180: LEU, Nonterminal, was not found in name map.)
(Residue 181: PRO, Nonterminal, was not found in name map.)
(Residue 182: GLU, Nonterminal, was not found in name map.)
(Residue 183: SER, Nonterminal, was not found in name map.)
(Residue 184: LEU, Nonterminal, was not found in name map.)
(Residue 185: ASP, Nonterminal, was not found in name map.)
(Residue 186: TYR, Nonterminal, was not found in name map.)
(Residue 187: TRP, Nonterminal, was not found in name map.)
(Residue 188: THR, Nonterminal, was not found in name map.)
(Residue 189: TYR, Nonterminal, was not found in name map.)
(Residue 190: PRO, Nonterminal, was not found in name map.)
(Residue 191: GLY, Nonterminal, was not found in name map.)
(Residue 192: SER, Nonterminal, was not found in name map.)
(Residue 193: LEU, Nonterminal, was not found in name map.)
(Residue 194: THR, Nonterminal, was not found in name map.)
(Residue 195: THR, Nonterminal, was not found in name map.)
(Residue 196: PRO, Nonterminal, was not found in name map.)
(Residue 197: PRO, Nonterminal, was not found in name map.)
(Residue 198: LEU, Nonterminal, was not found in name map.)
(Residue 199: LEU, Nonterminal, was not found in name map.)
(Residue 200: GLU, Nonterminal, was not found in name map.)
(Residue 201: CYS, Nonterminal, was not found in name map.)
(Residue 202: VAL, Nonterminal, was not found in name map.)
(Residue 203: THR, Nonterminal, was not found in name map.)
(Residue 204: TRP, Nonterminal, was not found in name map.)
(Residue 205: ILE, Nonterminal, was not found in name map.)
(Residue 206: VAL, Nonterminal, was not found in name map.)
(Residue 207: LEU, Nonterminal, was not found in name map.)
(Residue 208: LYS, Nonterminal, was not found in name map.)
(Residue 209: GLU, Nonterminal, was not found in name map.)
(Residue 210: PRO, Nonterminal, was not found in name map.)
(Residue 211: ILE, Nonterminal, was not found in name map.)
(Residue 212: SER, Nonterminal, was not found in name map.)
(Residue 213: VAL, Nonterminal, was not found in name map.)
(Residue 214: SER, Nonterminal, was not found in name map.)
(Residue 215: SER, Nonterminal, was not found in name map.)
(Residue 216: GLU, Nonterminal, was not found in name map.)
(Residue 217: GLN, Nonterminal, was not found in name map.)
(Residue 218: VAL, Nonterminal, was not found in name map.)
(Residue 219: LEU, Nonterminal, was not found in name map.)
(Residue 220: LYS, Nonterminal, was not found in name map.)
(Residue 221: PHE, Nonterminal, was not found in name map.)
(Residue 222: ARG, Nonterminal, was not found in name map.)
(Residue 223: LYS, Nonterminal, was not found in name map.)
(Residue 224: LEU, Nonterminal, was not found in name map.)
(Residue 225: ASN, Nonterminal, was not found in name map.)
(Residue 226: PHE, Nonterminal, was not found in name map.)
(Residue 227: ASN, Nonterminal, was not found in name map.)
(Residue 228: GLY, Nonterminal, was not found in name map.)
(Residue 229: GLU, Nonterminal, was not found in name map.)
(Residue 230: GLY, Nonterminal, was not found in name map.)
(Residue 231: GLU, Nonterminal, was not found in name map.)
(Residue 232: PRO, Nonterminal, was not found in name map.)
(Residue 233: GLU, Nonterminal, was not found in name map.)
(Residue 234: GLU, Nonterminal, was not found in name map.)
(Residue 235: LEU, Nonterminal, was not found in name map.)
(Residue 236: MET, Nonterminal, was not found in name map.)
(Residue 237: VAL, Nonterminal, was not found in name map.)
(Residue 238: ASP, Nonterminal, was not found in name map.)
(Residue 239: ASN, Nonterminal, was not found in name map.)
(Residue 240: TRP, Nonterminal, was not found in name map.)
(Residue 241: ARG, Nonterminal, was not found in name map.)
(Residue 242: PRO, Nonterminal, was not found in name map.)
(Residue 243: ALA, Nonterminal, was not found in name map.)
(Residue 244: GLN, Nonterminal, was not found in name map.)
(Residue 245: PRO, Nonterminal, was not found in name map.)
(Residue 246: LEU, Nonterminal, was not found in name map.)
(Residue 247: LYS, Nonterminal, was not found in name map.)
(Residue 248: ASN, Nonterminal, was not found in name map.)
(Residue 249: ARG, Nonterminal, was not found in name map.)
(Residue 250: GLN, Nonterminal, was not found in name map.)
(Residue 251: ILE, Nonterminal, was not found in name map.)
(Residue 252: LYS, Nonterminal, was not found in name map.)
(Residue 253: ALA, Nonterminal, was not found in name map.)
(Residue 254: SER, Nonterminal, was not found in name map.)
Mapped residue PHE, term: Terminal/last, seq. number: 255 to: CPHE.
Joining NHIE - TRP
Joining TRP - GLY
Joining GLY - TYR
Joining TYR - GLY
Joining GLY - LYS
  Added missing heavy atom: .R<LYS 9>.A<CG 8>
  Added missing heavy atom: .R<LYS 9>.A<CD 11>
  Added missing heavy atom: .R<LYS 9>.A<CE 14>
  Added missing heavy atom: .R<LYS 9>.A<NZ 17>
Joining LYS - HIE
Joining HIE - ASN
Joining ASN - GLY
Joining GLY - PRO
Joining PRO - GLU
Joining GLU - HIE
Joining HIE - TRP
Joining TRP - HIE
Joining HIE - LYS
Joining LYS - ASP
Joining ASP - PHE
Joining PHE - PRO
Joining PRO - ILE
Joining ILE - ALA
Joining ALA - LYS
Joining LYS - GLY
Joining GLY - GLU
Joining GLU - ARG
Joining ARG - GLN
Joining GLN - SER
Joining SER - PRO
Joining PRO - VAL
Joining VAL - ASP
Joining ASP - ILE
Joining ILE - ASP
Joining ASP - THR
Joining THR - HIE
Joining HIE - THR
Joining THR - ALA
Joining ALA - LYS
Joining LYS - TYR
Joining TYR - ASP
Joining ASP - PRO
Joining PRO - SER
Joining SER - LEU
Joining LEU - LYS
Joining LYS - PRO
Joining PRO - LEU
Joining LEU - SER
Joining SER - VAL
Joining VAL - SER
Joining SER - TYR
Joining TYR - ASP
Joining ASP - GLN
Joining GLN - ALA
Joining ALA - THR
Joining THR - SER
Joining SER - LEU
Joining LEU - ARG
Joining ARG - ILE
Joining ILE - LEU
Joining LEU - ASN
Joining ASN - ASN
Joining ASN - GLY
Joining GLY - HIE
Joining HIE - ALA
Joining ALA - PHE
Joining PHE - ASN
Joining ASN - VAL
Joining VAL - GLU
Joining GLU - PHE
Joining PHE - ASP
Joining ASP - ASP
Joining ASP - SER
Joining SER - GLN
Joining GLN - ASP
Joining ASP - LYS
Joining LYS - ALA
Joining ALA - VAL
Joining VAL - LEU
Joining LEU - LYS
Joining LYS - GLY
Joining GLY - GLY
Joining GLY - PRO
Joining PRO - LEU
Joining LEU - ASP
Joining ASP - GLY
Joining GLY - THR
Joining THR - TYR
Joining TYR - ARG
Joining ARG - LEU
Joining LEU - ILE
Joining ILE - GLN
Joining GLN - PHE
Joining PHE - HIE
Joining HIE - PHE
Joining PHE - HIE
Joining HIE - TRP
Joining TRP - GLY
Joining GLY - SER
Joining SER - LEU
Joining LEU - ASP
Joining ASP - GLY
Joining GLY - GLN
Joining GLN - GLY
Joining GLY - SER
Joining SER - GLU
Joining GLU - HIE
Joining HIE - THR
Joining THR - VAL
Joining VAL - ASP
Joining ASP - LYS
Joining LYS - LYS
Joining LYS - LYS
Joining LYS - TYR
Joining TYR - ALA
Joining ALA - ALA
Joining ALA - GLU
Joining GLU - LEU
Joining LEU - HIE
Joining HIE - LEU
Joining LEU - VAL
Joining VAL - HIE
Joining HIE - TRP
Joining TRP - ASN
Joining ASN - THR
Joining THR - LYS
Joining LYS - TYR
Joining TYR - GLY
Joining GLY - ASP
Joining ASP - PHE
Joining PHE - GLY
Joining GLY - LYS
Joining LYS - ALA
Joining ALA - VAL
Joining VAL - GLN
Joining GLN - GLN
Joining GLN - PRO
Joining PRO - ASP
Joining ASP - GLY
Joining GLY - LEU
Joining LEU - ALA
Joining ALA - VAL
Joining VAL - LEU
Joining LEU - GLY
Joining GLY - ILE
Joining ILE - PHE
Joining PHE - LEU
Joining LEU - LYS
Joining LYS - VAL
Joining VAL - GLY
Joining GLY - SER
Joining SER - ALA
Joining ALA - LYS
Joining LYS - PRO
Joining PRO - GLY
Joining GLY - LEU
Joining LEU - GLN
Joining GLN - LYS
Joining LYS - VAL
Joining VAL - VAL
Joining VAL - ASP
Joining ASP - VAL
Joining VAL - LEU
Joining LEU - ASP
Joining ASP - SER
Joining SER - ILE
Joining ILE - LYS
Joining LYS - THR
Joining THR - LYS
Joining LYS - GLY
Joining GLY - LYS
Joining LYS - SER
Joining SER - ALA
Joining ALA - ASP
Joining ASP - PHE
Joining PHE - THR
Joining THR - ASN
Joining ASN - PHE
Joining PHE - ASP
Joining ASP - PRO
Joining PRO - ARG
Joining ARG - GLY
Joining GLY - LEU
Joining LEU - LEU
Joining LEU - PRO
Joining PRO - GLU
Joining GLU - SER
Joining SER - LEU
Joining LEU - ASP
Joining ASP - TYR
Joining TYR - TRP
Joining TRP - THR
Joining THR - TYR
Joining TYR - PRO
Joining PRO - GLY
Joining GLY - SER
Joining SER - LEU
Joining LEU - THR
Joining THR - THR
Joining THR - PRO
Joining PRO - PRO
Joining PRO - LEU
Joining LEU - LEU
Joining LEU - GLU
Joining GLU - CYS
Joining CYS - VAL
Joining VAL - THR
Joining THR - TRP
Joining TRP - ILE
Joining ILE - VAL
Joining VAL - LEU
Joining LEU - LYS
Joining LYS - GLU
Joining GLU - PRO
Joining PRO - ILE
Joining ILE - SER
Joining SER - VAL
Joining VAL - SER
Joining SER - SER
Joining SER - GLU
Joining GLU - GLN
Joining GLN - VAL
Joining VAL - LEU
Joining LEU - LYS
Joining LYS - PHE
Joining PHE - ARG
Joining ARG - LYS
Joining LYS - LEU
Joining LEU - ASN
Joining ASN - PHE
Joining PHE - ASN
Joining ASN - GLY
Joining GLY - GLU
Joining GLU - GLY
Joining GLY - GLU
Joining GLU - PRO
Joining PRO - GLU
Joining GLU - GLU
Joining GLU - LEU
Joining LEU - MET
Joining MET - VAL
Joining VAL - ASP
Joining ASP - ASN
Joining ASN - TRP
Joining TRP - ARG
Joining ARG - PRO
Joining PRO - ALA
Joining ALA - GLN
Joining GLN - PRO
Joining PRO - LEU
Joining LEU - LYS
Joining LYS - ASN
Joining ASN - ARG
Joining ARG - GLN
Joining GLN - ILE
Joining ILE - LYS
Joining LYS - ALA
Joining ALA - SER
Joining SER - CPHE
  Added missing heavy atom: .R<CPHE 259>.A<OXT 21>
  total atoms in file: 2044
  Leap added 1997 missing atoms according to residue templates:
       5 Heavy
       1992 H / lone pairs
> savepdb  protein  protein.pdb
Writing pdb file: protein.pdb
 Converting N-terminal residue name to PDB format: NHIE -> HIE
 Converting C-terminal residue name to PDB format: CPHE -> PHE
> ##saveamberparm dipepide diVAL.prmtop diVAL.inpcrd
> 
> quit
	Quit
