log started: Fri Nov 23 17:25:26 2018

Log file: ./leap.log
>> #
>> # ----- leaprc for loading the ff99SB (Hornak & Simmerling) force field
>> # -----  this file is updated for PDB format 3
>> #
>> #	load atom type hybridizations
>> #
>> addAtomTypes {
>> 	{ "H"   "H" "sp3" }
>> 	{ "HO"  "H" "sp3" }
>> 	{ "HS"  "H" "sp3" }
>> 	{ "H1"  "H" "sp3" }
>> 	{ "H2"  "H" "sp3" }
>> 	{ "H3"  "H" "sp3" }
>> 	{ "H4"  "H" "sp3" }
>> 	{ "H5"  "H" "sp3" }
>> 	{ "HW"  "H" "sp3" }
>> 	{ "HC"  "H" "sp3" }
>> 	{ "HA"  "H" "sp3" }
>> 	{ "HP"  "H" "sp3" }
>> 	{ "OH"  "O" "sp3" }
>> 	{ "OS"  "O" "sp3" }
>> 	{ "O"   "O" "sp2" }
>> 	{ "O2"  "O" "sp2" }
>> 	{ "OW"  "O" "sp3" }
>> 	{ "CT"  "C" "sp3" }
>> 	{ "CH"  "C" "sp3" }
>> 	{ "C2"  "C" "sp3" }
>> 	{ "C3"  "C" "sp3" }
>> 	{ "C"   "C" "sp2" }
>> 	{ "C*"  "C" "sp2" }
>> 	{ "CA"  "C" "sp2" }
>> 	{ "CB"  "C" "sp2" }
>> 	{ "CC"  "C" "sp2" }
>> 	{ "CN"  "C" "sp2" }
>> 	{ "CM"  "C" "sp2" }
>> 	{ "CK"  "C" "sp2" }
>> 	{ "CQ"  "C" "sp2" }
>> 	{ "CD"  "C" "sp2" }
>> 	{ "CE"  "C" "sp2" }
>> 	{ "CF"  "C" "sp2" }
>> 	{ "CP"  "C" "sp2" }
>> 	{ "CI"  "C" "sp2" }
>> 	{ "CJ"  "C" "sp2" }
>> 	{ "CW"  "C" "sp2" }
>> 	{ "CV"  "C" "sp2" }
>> 	{ "CR"  "C" "sp2" }
>> 	{ "CA"  "C" "sp2" }
>> 	{ "CY"  "C" "sp2" }
>> 	{ "C0"  "Ca" "sp2" }
>> 	{ "MG"  "Mg" "sp3" }
>> 	{ "N"   "N" "sp2" }
>> 	{ "NA"  "N" "sp2" }
>> 	{ "N2"  "N" "sp2" }
>> 	{ "N*"  "N" "sp2" }
>> 	{ "NP"  "N" "sp2" }
>> 	{ "NQ"  "N" "sp2" }
>> 	{ "NB"  "N" "sp2" }
>> 	{ "NC"  "N" "sp2" }
>> 	{ "NT"  "N" "sp3" }
>> 	{ "N3"  "N" "sp3" }
>> 	{ "S"   "S" "sp3" }
>> 	{ "SH"  "S" "sp3" }
>> 	{ "P"   "P" "sp3" }
>> 	{ "LP"  ""  "sp3" }
>> 	{ "F"   "F" "sp3" }
>> 	{ "CL"  "Cl" "sp3" }
>> 	{ "BR"  "Br" "sp3" }
>> 	{ "I"   "I"  "sp3" }
>> 	{ "FE"  "Fe" "sp3" }
>> 	{ "EP"  ""  "sp3" }
>> # glycam
>> 	{ "OG"  "O" "sp3" }
>> 	{ "OL"  "O" "sp3" }
>> 	{ "AC"  "C" "sp3" }
>> 	{ "EC"  "C" "sp3" }
>> }
>> #
>> #	Load the main parameter set.
>> #
>> parm99 = loadamberparams parm99.dat
Loading parameters: /share/home/zhanghaiping/program/amber16/dat/leap/parm/parm99.dat
Reading title:
PARM99 for DNA,RNA,AA, organic molecules, TIP3P wat. Polariz.& LP incl.02/04/99
(UNKNOWN ATOM TYPE: HZ)
(UNKNOWN ATOM TYPE: IM)
(UNKNOWN ATOM TYPE: Li)
(UNKNOWN ATOM TYPE: IP)
(UNKNOWN ATOM TYPE: K)
(UNKNOWN ATOM TYPE: Rb)
(UNKNOWN ATOM TYPE: Cs)
(UNKNOWN ATOM TYPE: Zn)
(UNKNOWN ATOM TYPE: IB)
(UNKNOWN ATOM TYPE: LP)
>> frcmod99SB = loadamberparams frcmod.ff99SB
Loading parameters: /share/home/zhanghaiping/program/amber16/dat/leap/parm/frcmod.ff99SB
Reading force field modification type file (frcmod)
Reading title:
Modification/update of parm99.dat (Hornak & Simmerling)
>> #
>> #	Load DNA/RNA libraries
>> #
>> loadOff all_nucleic94.lib
Loading library: /share/home/zhanghaiping/program/amber16/dat/leap/lib/all_nucleic94.lib
Loading: DA
Loading: DA3
Loading: DA5
Loading: DAN
Loading: DC
Loading: DC3
Loading: DC5
Loading: DCN
Loading: DG
Loading: DG3
Loading: DG5
Loading: DGN
Loading: DT
Loading: DT3
Loading: DT5
Loading: DTN
Loading: RA
Loading: RA3
Loading: RA5
Loading: RAN
Loading: RC
Loading: RC3
Loading: RC5
Loading: RCN
Loading: RG
Loading: RG3
Loading: RG5
Loading: RGN
Loading: RU
Loading: RU3
Loading: RU5
Loading: RUN
>> #
>> #	Load main chain and terminating 
>> #	amino acid libraries (i.e. ff94 libs)
>> #
>> loadOff all_amino94.lib
Loading library: /share/home/zhanghaiping/program/amber16/dat/leap/lib/all_amino94.lib
Loading: ALA
Loading: ARG
Loading: ASH
Loading: ASN
Loading: ASP
Loading: CYM
Loading: CYS
Loading: CYX
Loading: GLH
Loading: GLN
Loading: GLU
Loading: GLY
Loading: HID
Loading: HIE
Loading: HIP
Loading: ILE
Loading: LEU
Loading: LYN
Loading: LYS
Loading: MET
Loading: PHE
Loading: PRO
Loading: SER
Loading: THR
Loading: TRP
Loading: TYR
Loading: VAL
>> loadOff all_aminoct94.lib
Loading library: /share/home/zhanghaiping/program/amber16/dat/leap/lib/all_aminoct94.lib
Loading: CALA
Loading: CARG
Loading: CASN
Loading: CASP
Loading: CCYS
Loading: CCYX
Loading: CGLN
Loading: CGLU
Loading: CGLY
Loading: CHID
Loading: CHIE
Loading: CHIP
Loading: CILE
Loading: CLEU
Loading: CLYS
Loading: CMET
Loading: CPHE
Loading: CPRO
Loading: CSER
Loading: CTHR
Loading: CTRP
Loading: CTYR
Loading: CVAL
Loading: NHE
Loading: NME
>> loadOff all_aminont94.lib
Loading library: /share/home/zhanghaiping/program/amber16/dat/leap/lib/all_aminont94.lib
Loading: ACE
Loading: NALA
Loading: NARG
Loading: NASN
Loading: NASP
Loading: NCYS
Loading: NCYX
Loading: NGLN
Loading: NGLU
Loading: NGLY
Loading: NHID
Loading: NHIE
Loading: NHIP
Loading: NILE
Loading: NLEU
Loading: NLYS
Loading: NMET
Loading: NPHE
Loading: NPRO
Loading: NSER
Loading: NTHR
Loading: NTRP
Loading: NTYR
Loading: NVAL
>> #
>> #       Load water and ions
>> # 
>> loadOff ions94.lib
Loading library: /share/home/zhanghaiping/program/amber16/dat/leap/lib/ions94.lib
Loading: CIO
Loading: Cl-
Loading: Cs+
Loading: IB
Loading: K+
Loading: Li+
Loading: MG2
Loading: Na+
Loading: Rb+
>> loadOff solvents.lib
Loading library: /share/home/zhanghaiping/program/amber16/dat/leap/lib/solvents.lib
Loading: CHCL3BOX
Loading: DC4
Loading: FB3
Loading: FB3BOX
Loading: FB4
Loading: FB4BOX
Loading: MEOHBOX
Loading: NMABOX
Loading: OPC
Loading: OPCBOX
Loading: PL3
Loading: POL3BOX
Loading: QSPCFWBOX
Loading: SPC
Loading: SPCBOX
Loading: SPCFWBOX
Loading: SPF
Loading: SPG
Loading: T4E
Loading: TIP3PBOX
Loading: TIP3PFBOX
Loading: TIP4PBOX
Loading: TIP4PEWBOX
Loading: TIP5PBOX
Loading: TP3
Loading: TP4
Loading: TP5
Loading: TPF
>> HOH = TP3
>> WAT = TP3
>> 
>> #
>> #	Define the PDB name map for the amino acids and DNA.
>> #
>> addPdbResMap {
>>   { 0 "ALA" "NALA" } { 1 "ALA" "CALA" }
>>   { 0 "ARG" "NARG" } { 1 "ARG" "CARG" }
>>   { 0 "ASN" "NASN" } { 1 "ASN" "CASN" }
>>   { 0 "ASP" "NASP" } { 1 "ASP" "CASP" }
>>   { 0 "CYS" "NCYS" } { 1 "CYS" "CCYS" }
>>   { 0 "CYX" "NCYX" } { 1 "CYX" "CCYX" }
>>   { 0 "GLN" "NGLN" } { 1 "GLN" "CGLN" }
>>   { 0 "GLU" "NGLU" } { 1 "GLU" "CGLU" }
>>   { 0 "GLY" "NGLY" } { 1 "GLY" "CGLY" }
>>   { 0 "HID" "NHID" } { 1 "HID" "CHID" }
>>   { 0 "HIE" "NHIE" } { 1 "HIE" "CHIE" }
>>   { 0 "HIP" "NHIP" } { 1 "HIP" "CHIP" }
>>   { 0 "ILE" "NILE" } { 1 "ILE" "CILE" }
>>   { 0 "LEU" "NLEU" } { 1 "LEU" "CLEU" }
>>   { 0 "LYS" "NLYS" } { 1 "LYS" "CLYS" }
>>   { 0 "MET" "NMET" } { 1 "MET" "CMET" }
>>   { 0 "PHE" "NPHE" } { 1 "PHE" "CPHE" }
>>   { 0 "PRO" "NPRO" } { 1 "PRO" "CPRO" }
>>   { 0 "SER" "NSER" } { 1 "SER" "CSER" }
>>   { 0 "THR" "NTHR" } { 1 "THR" "CTHR" }
>>   { 0 "TRP" "NTRP" } { 1 "TRP" "CTRP" }
>>   { 0 "TYR" "NTYR" } { 1 "TYR" "CTYR" }
>>   { 0 "VAL" "NVAL" } { 1 "VAL" "CVAL" }
>>   { 0 "HIS" "NHIS" } { 1 "HIS" "CHIS" }
>>   { 0 "GUA" "DG5"  } { 1 "GUA" "DG3"  } { "GUA" "DG" }
>>   { 0 "ADE" "DA5"  } { 1 "ADE" "DA3"  } { "ADE" "DA" }
>>   { 0 "CYT" "DC5"  } { 1 "CYT" "DC3"  } { "CYT" "DC" }
>>   { 0 "THY" "DT5"  } { 1 "THY" "DT3"  } { "THY" "DT" }
>>   { 0 "G" "RG5"  } { 1 "G" "RG3"  } { "G" "RG" } { "GN" "RGN" }
>>   { 0 "A" "RA5"  } { 1 "A" "RA3"  } { "A" "RA" } { "AN" "RAN" }
>>   { 0 "C" "RC5"  } { 1 "C" "RC3"  } { "C" "RC" } { "CN" "RCN" }
>>   { 0 "U" "RU5"  } { 1 "U" "RU3"  } { "U" "RU" } { "UN" "RUN" }
>>   { 0 "DG" "DG5"  } { 1 "DG" "DG3"  }  
>>   { 0 "DA" "DA5"  } { 1 "DA" "DA3"  }  
>>   { 0 "DC" "DC5"  } { 1 "DC" "DC3"  }  
>>   { 0 "DT" "DT5"  } { 1 "DT" "DT3"  }
>> 
>> }
>> 
>> addPdbAtomMap {
>>   { "O5*" "O5'" }
>>   { "C5*" "C5'" }
>>   { "C4*" "C4'" }
>>   { "O4*" "O4'" }
>>   { "C3*" "C3'" }
>>   { "O3*" "O3'" }
>>   { "C2*" "C2'" }
>>   { "C1*" "C1'" }
>>   { "C5M" "C7"  }
>>   { "O2*" "O2'" }
>>   { "H1*" "H1'" }
>>   { "H2*1" "H2'1" }
>>   { "H2*2" "H2'2" }
>>   { "H2'"  "H2'1" }
>>   { "H2''" "H2'2" }
>>   { "H3*" "H3'" }
>>   { "H4*" "H4'" }
>>   { "H5*1" "H5'1" }
>>   { "H5*2" "H5'2" }
>>   { "H5'"  "H5'1" }
>>   { "H5''" "H5'2" }
>>   { "HO2'" "HO'2" }
>>   { "HO5'" "H5T" }
>>   { "HO3'" "H3T" }
>>   { "O1'" "O4'" }
>>   { "OA"  "O1P" }
>>   { "OB"  "O2P" }
>>   { "OP1" "O1P" }
>>   { "OP2" "O2P" }
>> }
>> 
>> 
>> #
>> # assumed that most often proteins use HIE
>> #
>> NHIS = NHIE
>> HIS = HIE
>> CHIS = CHIE
> 
> #source /home/zhp/tleap/leaprc.GLYCAM_06j-1
> set default PBRadii mbondi3
Using ArgH and AspGluO modified Bondi2 radii
> #3dipepide=sequence{ACE VAL NME}
> 
> 
> protein = loadpdb  1hp0_ww.pdb
Loading PDB file: ./1hp0_ww.pdb
Enter zPdbReadScan from call depth  0.
-- residue 305: duplicate [ CB] atoms (total 2)
-- residue 305: duplicate [ CD] atoms (total 2)
-- residue 305: duplicate [ CG] atoms (total 2)
-- residue 305: duplicate [ OE1] atoms (total 2)
-- residue 305: duplicate [ OE2] atoms (total 2)
-- residue 92: duplicate [ CB] atoms (total 2)
-- residue 92: duplicate [ CE] atoms (total 2)
-- residue 92: duplicate [ CG] atoms (total 2)
-- residue 92: duplicate [ SD] atoms (total 2)
-- residue 354: duplicate [ CB] atoms (total 2)
-- residue 354: duplicate [ SG] atoms (total 2)
-- residue 631: duplicate [ CB] atoms (total 2)
-- residue 631: duplicate [ CG] atoms (total 2)
-- residue 631: duplicate [ OD1] atoms (total 2)
-- residue 631: duplicate [ OD2] atoms (total 2)
-- residue 411: duplicate [ CB] atoms (total 2)
-- residue 411: duplicate [ CE] atoms (total 2)
-- residue 411: duplicate [ CG] atoms (total 2)
-- residue 411: duplicate [ SD] atoms (total 2)
-- residue 160: duplicate [ CB] atoms (total 2)
-- residue 160: duplicate [ SG] atoms (total 2)
-- residue 479: duplicate [ CB] atoms (total 2)
-- residue 479: duplicate [ SG] atoms (total 2)

   Warning: Atom names in each residue should be unique.
     (Same-name atoms are handled by using the first
      occurrence and by ignoring the rest.
      Frequently duplicate atom names stem from alternate
      conformations in the PDB file.)

Exit  zPdbReadScan from call depth  0.
Matching PDB residue names to LEaP variables.
Mapped residue SER, term: Terminal/beginning, seq. number: 0 to: NSER.
(Residue 1: ALA, Nonterminal, was not found in name map.)
(Residue 2: LYS, Nonterminal, was not found in name map.)
(Residue 3: ASN, Nonterminal, was not found in name map.)
(Residue 4: VAL, Nonterminal, was not found in name map.)
(Residue 5: VAL, Nonterminal, was not found in name map.)
(Residue 6: LEU, Nonterminal, was not found in name map.)
(Residue 7: ASP, Nonterminal, was not found in name map.)
(Residue 8: HIS, Nonterminal, was not found in name map.)
(Residue 9: ASP, Nonterminal, was not found in name map.)
(Residue 10: GLY, Nonterminal, was not found in name map.)
(Residue 11: ASN, Nonterminal, was not found in name map.)
(Residue 12: LEU, Nonterminal, was not found in name map.)
(Residue 13: ASP, Nonterminal, was not found in name map.)
(Residue 14: ASP, Nonterminal, was not found in name map.)
(Residue 15: PHE, Nonterminal, was not found in name map.)
(Residue 16: VAL, Nonterminal, was not found in name map.)
(Residue 17: ALA, Nonterminal, was not found in name map.)
(Residue 18: MET, Nonterminal, was not found in name map.)
(Residue 19: VAL, Nonterminal, was not found in name map.)
(Residue 20: LEU, Nonterminal, was not found in name map.)
(Residue 21: LEU, Nonterminal, was not found in name map.)
(Residue 22: ALA, Nonterminal, was not found in name map.)
(Residue 23: SER, Nonterminal, was not found in name map.)
(Residue 24: ASN, Nonterminal, was not found in name map.)
(Residue 25: THR, Nonterminal, was not found in name map.)
(Residue 26: GLU, Nonterminal, was not found in name map.)
(Residue 27: LYS, Nonterminal, was not found in name map.)
(Residue 28: VAL, Nonterminal, was not found in name map.)
(Residue 29: ARG, Nonterminal, was not found in name map.)
(Residue 30: LEU, Nonterminal, was not found in name map.)
(Residue 31: ILE, Nonterminal, was not found in name map.)
(Residue 32: GLY, Nonterminal, was not found in name map.)
(Residue 33: ALA, Nonterminal, was not found in name map.)
(Residue 34: LEU, Nonterminal, was not found in name map.)
(Residue 35: CYS, Nonterminal, was not found in name map.)
(Residue 36: THR, Nonterminal, was not found in name map.)
(Residue 37: ASP, Nonterminal, was not found in name map.)
(Residue 38: ALA, Nonterminal, was not found in name map.)
(Residue 39: ASP, Nonterminal, was not found in name map.)
(Residue 40: CYS, Nonterminal, was not found in name map.)
(Residue 41: PHE, Nonterminal, was not found in name map.)
(Residue 42: VAL, Nonterminal, was not found in name map.)
(Residue 43: GLU, Nonterminal, was not found in name map.)
(Residue 44: ASN, Nonterminal, was not found in name map.)
(Residue 45: GLY, Nonterminal, was not found in name map.)
(Residue 46: PHE, Nonterminal, was not found in name map.)
(Residue 47: ASN, Nonterminal, was not found in name map.)
(Residue 48: VAL, Nonterminal, was not found in name map.)
(Residue 49: THR, Nonterminal, was not found in name map.)
(Residue 50: GLY, Nonterminal, was not found in name map.)
(Residue 51: LYS, Nonterminal, was not found in name map.)
(Residue 52: ILE, Nonterminal, was not found in name map.)
(Residue 53: MET, Nonterminal, was not found in name map.)
(Residue 54: CYS, Nonterminal, was not found in name map.)
(Residue 55: LEU, Nonterminal, was not found in name map.)
(Residue 56: MET, Nonterminal, was not found in name map.)
(Residue 57: HIS, Nonterminal, was not found in name map.)
(Residue 58: ASN, Nonterminal, was not found in name map.)
(Residue 59: ASN, Nonterminal, was not found in name map.)
(Residue 60: MET, Nonterminal, was not found in name map.)
(Residue 61: ASN, Nonterminal, was not found in name map.)
(Residue 62: LEU, Nonterminal, was not found in name map.)
(Residue 63: PRO, Nonterminal, was not found in name map.)
(Residue 64: LEU, Nonterminal, was not found in name map.)
(Residue 65: PHE, Nonterminal, was not found in name map.)
(Residue 66: PRO, Nonterminal, was not found in name map.)
(Residue 67: ILE, Nonterminal, was not found in name map.)
(Residue 68: GLY, Nonterminal, was not found in name map.)
(Residue 69: LYS, Nonterminal, was not found in name map.)
(Residue 70: SER, Nonterminal, was not found in name map.)
(Residue 71: ALA, Nonterminal, was not found in name map.)
(Residue 72: ALA, Nonterminal, was not found in name map.)
(Residue 73: THR, Nonterminal, was not found in name map.)
(Residue 74: ALA, Nonterminal, was not found in name map.)
(Residue 75: VAL, Nonterminal, was not found in name map.)
(Residue 76: ASN, Nonterminal, was not found in name map.)
(Residue 77: PRO, Nonterminal, was not found in name map.)
(Residue 78: PHE, Nonterminal, was not found in name map.)
(Residue 79: PRO, Nonterminal, was not found in name map.)
(Residue 80: LYS, Nonterminal, was not found in name map.)
(Residue 81: GLU, Nonterminal, was not found in name map.)
(Residue 82: TRP, Nonterminal, was not found in name map.)
(Residue 83: ARG, Nonterminal, was not found in name map.)
(Residue 84: CYS, Nonterminal, was not found in name map.)
(Residue 85: LEU, Nonterminal, was not found in name map.)
(Residue 86: ALA, Nonterminal, was not found in name map.)
(Residue 87: LYS, Nonterminal, was not found in name map.)
(Residue 88: ASN, Nonterminal, was not found in name map.)
(Residue 89: MET, Nonterminal, was not found in name map.)
(Residue 90: ASP, Nonterminal, was not found in name map.)
(Residue 91: ASP, Nonterminal, was not found in name map.)
(Residue 92: MET, Nonterminal, was not found in name map.)
(Residue 93: PRO, Nonterminal, was not found in name map.)
(Residue 94: ILE, Nonterminal, was not found in name map.)
(Residue 95: LEU, Nonterminal, was not found in name map.)
(Residue 96: ASN, Nonterminal, was not found in name map.)
(Residue 97: ILE, Nonterminal, was not found in name map.)
(Residue 98: PRO, Nonterminal, was not found in name map.)
(Residue 99: GLU, Nonterminal, was not found in name map.)
(Residue 100: ASN, Nonterminal, was not found in name map.)
(Residue 101: VAL, Nonterminal, was not found in name map.)
(Residue 102: GLU, Nonterminal, was not found in name map.)
(Residue 103: LEU, Nonterminal, was not found in name map.)
(Residue 104: TRP, Nonterminal, was not found in name map.)
(Residue 105: ASP, Nonterminal, was not found in name map.)
(Residue 106: LYS, Nonterminal, was not found in name map.)
(Residue 107: ILE, Nonterminal, was not found in name map.)
(Residue 108: LYS, Nonterminal, was not found in name map.)
(Residue 109: ALA, Nonterminal, was not found in name map.)
(Residue 110: GLU, Nonterminal, was not found in name map.)
(Residue 111: ASN, Nonterminal, was not found in name map.)
(Residue 112: GLU, Nonterminal, was not found in name map.)
(Residue 113: LYS, Nonterminal, was not found in name map.)
(Residue 114: TYR, Nonterminal, was not found in name map.)
(Residue 115: GLU, Nonterminal, was not found in name map.)
(Residue 116: GLY, Nonterminal, was not found in name map.)
(Residue 117: GLN, Nonterminal, was not found in name map.)
(Residue 118: GLN, Nonterminal, was not found in name map.)
(Residue 119: LEU, Nonterminal, was not found in name map.)
(Residue 120: LEU, Nonterminal, was not found in name map.)
(Residue 121: ALA, Nonterminal, was not found in name map.)
(Residue 122: ASP, Nonterminal, was not found in name map.)
(Residue 123: LEU, Nonterminal, was not found in name map.)
(Residue 124: VAL, Nonterminal, was not found in name map.)
(Residue 125: MET, Nonterminal, was not found in name map.)
(Residue 126: ASN, Nonterminal, was not found in name map.)
(Residue 127: SER, Nonterminal, was not found in name map.)
(Residue 128: GLU, Nonterminal, was not found in name map.)
(Residue 129: GLU, Nonterminal, was not found in name map.)
(Residue 130: LYS, Nonterminal, was not found in name map.)
(Residue 131: VAL, Nonterminal, was not found in name map.)
(Residue 132: THR, Nonterminal, was not found in name map.)
(Residue 133: ILE, Nonterminal, was not found in name map.)
(Residue 134: CYS, Nonterminal, was not found in name map.)
(Residue 135: VAL, Nonterminal, was not found in name map.)
(Residue 136: THR, Nonterminal, was not found in name map.)
(Residue 137: GLY, Nonterminal, was not found in name map.)
(Residue 138: PRO, Nonterminal, was not found in name map.)
(Residue 139: LEU, Nonterminal, was not found in name map.)
(Residue 140: SER, Nonterminal, was not found in name map.)
(Residue 141: ASN, Nonterminal, was not found in name map.)
(Residue 142: VAL, Nonterminal, was not found in name map.)
(Residue 143: ALA, Nonterminal, was not found in name map.)
(Residue 144: TRP, Nonterminal, was not found in name map.)
(Residue 145: CYS, Nonterminal, was not found in name map.)
(Residue 146: ILE, Nonterminal, was not found in name map.)
(Residue 147: ASP, Nonterminal, was not found in name map.)
(Residue 148: LYS, Nonterminal, was not found in name map.)
(Residue 149: TYR, Nonterminal, was not found in name map.)
(Residue 150: GLY, Nonterminal, was not found in name map.)
(Residue 151: GLU, Nonterminal, was not found in name map.)
(Residue 152: LYS, Nonterminal, was not found in name map.)
(Residue 153: PHE, Nonterminal, was not found in name map.)
(Residue 154: THR, Nonterminal, was not found in name map.)
(Residue 155: SER, Nonterminal, was not found in name map.)
(Residue 156: LYS, Nonterminal, was not found in name map.)
(Residue 157: VAL, Nonterminal, was not found in name map.)
(Residue 158: GLU, Nonterminal, was not found in name map.)
(Residue 159: GLU, Nonterminal, was not found in name map.)
(Residue 160: CYS, Nonterminal, was not found in name map.)
(Residue 161: VAL, Nonterminal, was not found in name map.)
(Residue 162: ILE, Nonterminal, was not found in name map.)
(Residue 163: MET, Nonterminal, was not found in name map.)
(Residue 164: GLY, Nonterminal, was not found in name map.)
(Residue 165: GLY, Nonterminal, was not found in name map.)
(Residue 166: ALA, Nonterminal, was not found in name map.)
(Residue 167: VAL, Nonterminal, was not found in name map.)
(Residue 168: ASP, Nonterminal, was not found in name map.)
(Residue 169: VAL, Nonterminal, was not found in name map.)
(Residue 170: ARG, Nonterminal, was not found in name map.)
(Residue 171: GLY, Nonterminal, was not found in name map.)
(Residue 172: ASN, Nonterminal, was not found in name map.)
(Residue 173: VAL, Nonterminal, was not found in name map.)
(Residue 174: PHE, Nonterminal, was not found in name map.)
(Residue 175: LEU, Nonterminal, was not found in name map.)
(Residue 176: PRO, Nonterminal, was not found in name map.)
(Residue 177: SER, Nonterminal, was not found in name map.)
(Residue 178: THR, Nonterminal, was not found in name map.)
(Residue 179: ASP, Nonterminal, was not found in name map.)
(Residue 180: GLY, Nonterminal, was not found in name map.)
(Residue 181: THR, Nonterminal, was not found in name map.)
(Residue 182: ALA, Nonterminal, was not found in name map.)
(Residue 183: GLU, Nonterminal, was not found in name map.)
(Residue 184: TRP, Nonterminal, was not found in name map.)
(Residue 185: ASN, Nonterminal, was not found in name map.)
(Residue 186: ILE, Nonterminal, was not found in name map.)
(Residue 187: TYR, Nonterminal, was not found in name map.)
(Residue 188: TRP, Nonterminal, was not found in name map.)
(Residue 189: ASP, Nonterminal, was not found in name map.)
(Residue 190: PRO, Nonterminal, was not found in name map.)
(Residue 191: ALA, Nonterminal, was not found in name map.)
(Residue 192: SER, Nonterminal, was not found in name map.)
(Residue 193: ALA, Nonterminal, was not found in name map.)
(Residue 194: LYS, Nonterminal, was not found in name map.)
(Residue 195: THR, Nonterminal, was not found in name map.)
(Residue 196: VAL, Nonterminal, was not found in name map.)
(Residue 197: PHE, Nonterminal, was not found in name map.)
(Residue 198: GLY, Nonterminal, was not found in name map.)
(Residue 199: CYS, Nonterminal, was not found in name map.)
(Residue 200: PRO, Nonterminal, was not found in name map.)
(Residue 201: GLY, Nonterminal, was not found in name map.)
(Residue 202: LEU, Nonterminal, was not found in name map.)
(Residue 203: ARG, Nonterminal, was not found in name map.)
(Residue 204: ARG, Nonterminal, was not found in name map.)
(Residue 205: ILE, Nonterminal, was not found in name map.)
(Residue 206: MET, Nonterminal, was not found in name map.)
(Residue 207: PHE, Nonterminal, was not found in name map.)
(Residue 208: SER, Nonterminal, was not found in name map.)
(Residue 209: LEU, Nonterminal, was not found in name map.)
(Residue 210: ASP, Nonterminal, was not found in name map.)
(Residue 211: SER, Nonterminal, was not found in name map.)
(Residue 212: THR, Nonterminal, was not found in name map.)
(Residue 213: ASN, Nonterminal, was not found in name map.)
(Residue 214: THR, Nonterminal, was not found in name map.)
(Residue 215: VAL, Nonterminal, was not found in name map.)
(Residue 216: PRO, Nonterminal, was not found in name map.)
(Residue 217: VAL, Nonterminal, was not found in name map.)
(Residue 218: ARG, Nonterminal, was not found in name map.)
(Residue 219: SER, Nonterminal, was not found in name map.)
(Residue 220: PRO, Nonterminal, was not found in name map.)
(Residue 221: TYR, Nonterminal, was not found in name map.)
(Residue 222: VAL, Nonterminal, was not found in name map.)
(Residue 223: GLN, Nonterminal, was not found in name map.)
(Residue 224: ARG, Nonterminal, was not found in name map.)
(Residue 225: PHE, Nonterminal, was not found in name map.)
(Residue 226: GLY, Nonterminal, was not found in name map.)
(Residue 227: GLU, Nonterminal, was not found in name map.)
(Residue 228: GLN, Nonterminal, was not found in name map.)
(Residue 229: THR, Nonterminal, was not found in name map.)
(Residue 230: ASN, Nonterminal, was not found in name map.)
(Residue 231: PHE, Nonterminal, was not found in name map.)
(Residue 232: LEU, Nonterminal, was not found in name map.)
(Residue 233: LEU, Nonterminal, was not found in name map.)
(Residue 234: SER, Nonterminal, was not found in name map.)
(Residue 235: ILE, Nonterminal, was not found in name map.)
(Residue 236: LEU, Nonterminal, was not found in name map.)
(Residue 237: VAL, Nonterminal, was not found in name map.)
(Residue 238: GLY, Nonterminal, was not found in name map.)
(Residue 239: THR, Nonterminal, was not found in name map.)
(Residue 240: MET, Nonterminal, was not found in name map.)
(Residue 241: TRP, Nonterminal, was not found in name map.)
(Residue 242: ALA, Nonterminal, was not found in name map.)
(Residue 243: MET, Nonterminal, was not found in name map.)
(Residue 244: CYS, Nonterminal, was not found in name map.)
(Residue 245: THR, Nonterminal, was not found in name map.)
(Residue 246: HIS, Nonterminal, was not found in name map.)
(Residue 247: GLY, Nonterminal, was not found in name map.)
(Residue 248: TYR, Nonterminal, was not found in name map.)
(Residue 249: TYR, Nonterminal, was not found in name map.)
(Residue 250: ALA, Nonterminal, was not found in name map.)
(Residue 251: TRP, Nonterminal, was not found in name map.)
(Residue 252: ASP, Nonterminal, was not found in name map.)
(Residue 253: ALA, Nonterminal, was not found in name map.)
(Residue 254: LEU, Nonterminal, was not found in name map.)
(Residue 255: THR, Nonterminal, was not found in name map.)
(Residue 256: ALA, Nonterminal, was not found in name map.)
(Residue 257: ALA, Nonterminal, was not found in name map.)
(Residue 258: TYR, Nonterminal, was not found in name map.)
(Residue 259: VAL, Nonterminal, was not found in name map.)
(Residue 260: VAL, Nonterminal, was not found in name map.)
(Residue 261: ASP, Nonterminal, was not found in name map.)
(Residue 262: GLN, Nonterminal, was not found in name map.)
(Residue 263: LYS, Nonterminal, was not found in name map.)
(Residue 264: VAL, Nonterminal, was not found in name map.)
(Residue 265: ALA, Nonterminal, was not found in name map.)
(Residue 266: ASN, Nonterminal, was not found in name map.)
(Residue 267: VAL, Nonterminal, was not found in name map.)
(Residue 268: ASP, Nonterminal, was not found in name map.)
(Residue 269: PRO, Nonterminal, was not found in name map.)
(Residue 270: VAL, Nonterminal, was not found in name map.)
(Residue 271: PRO, Nonterminal, was not found in name map.)
(Residue 272: ILE, Nonterminal, was not found in name map.)
(Residue 273: ASP, Nonterminal, was not found in name map.)
(Residue 274: VAL, Nonterminal, was not found in name map.)
(Residue 275: VAL, Nonterminal, was not found in name map.)
(Residue 276: VAL, Nonterminal, was not found in name map.)
(Residue 277: ASP, Nonterminal, was not found in name map.)
(Residue 278: LYS, Nonterminal, was not found in name map.)
(Residue 279: GLN, Nonterminal, was not found in name map.)
(Residue 280: PRO, Nonterminal, was not found in name map.)
(Residue 281: ASN, Nonterminal, was not found in name map.)
(Residue 282: GLU, Nonterminal, was not found in name map.)
(Residue 283: GLY, Nonterminal, was not found in name map.)
(Residue 284: ALA, Nonterminal, was not found in name map.)
(Residue 285: THR, Nonterminal, was not found in name map.)
(Residue 286: VAL, Nonterminal, was not found in name map.)
(Residue 287: ARG, Nonterminal, was not found in name map.)
(Residue 288: THR, Nonterminal, was not found in name map.)
(Residue 289: ASP, Nonterminal, was not found in name map.)
(Residue 290: ALA, Nonterminal, was not found in name map.)
(Residue 291: GLU, Nonterminal, was not found in name map.)
(Residue 292: ASN, Nonterminal, was not found in name map.)
(Residue 293: TYR, Nonterminal, was not found in name map.)
(Residue 294: PRO, Nonterminal, was not found in name map.)
(Residue 295: LEU, Nonterminal, was not found in name map.)
(Residue 296: THR, Nonterminal, was not found in name map.)
(Residue 297: PHE, Nonterminal, was not found in name map.)
(Residue 298: VAL, Nonterminal, was not found in name map.)
(Residue 299: ALA, Nonterminal, was not found in name map.)
(Residue 300: ARG, Nonterminal, was not found in name map.)
(Residue 301: ASN, Nonterminal, was not found in name map.)
(Residue 302: PRO, Nonterminal, was not found in name map.)
(Residue 303: GLU, Nonterminal, was not found in name map.)
(Residue 304: ALA, Nonterminal, was not found in name map.)
(Residue 305: GLU, Nonterminal, was not found in name map.)
(Residue 306: PHE, Nonterminal, was not found in name map.)
(Residue 307: PHE, Nonterminal, was not found in name map.)
(Residue 308: LEU, Nonterminal, was not found in name map.)
(Residue 309: ASP, Nonterminal, was not found in name map.)
(Residue 310: MET, Nonterminal, was not found in name map.)
(Residue 311: LEU, Nonterminal, was not found in name map.)
(Residue 312: LEU, Nonterminal, was not found in name map.)
(Residue 313: ARG, Nonterminal, was not found in name map.)
(Residue 314: SER, Nonterminal, was not found in name map.)
(Residue 315: ALA, Nonterminal, was not found in name map.)
(Residue 316: ARG, Nonterminal, was not found in name map.)
(Residue 317: ALA, Nonterminal, was not found in name map.)
Mapped residue CYS, term: Terminal/last, seq. number: 318 to: CCYS.
Mapped residue SER, term: Terminal/beginning, seq. number: 319 to: NSER.
(Residue 320: ALA, Nonterminal, was not found in name map.)
(Residue 321: LYS, Nonterminal, was not found in name map.)
(Residue 322: ASN, Nonterminal, was not found in name map.)
(Residue 323: VAL, Nonterminal, was not found in name map.)
(Residue 324: VAL, Nonterminal, was not found in name map.)
(Residue 325: LEU, Nonterminal, was not found in name map.)
(Residue 326: ASP, Nonterminal, was not found in name map.)
(Residue 327: HIS, Nonterminal, was not found in name map.)
(Residue 328: ASP, Nonterminal, was not found in name map.)
(Residue 329: GLY, Nonterminal, was not found in name map.)
(Residue 330: ASN, Nonterminal, was not found in name map.)
(Residue 331: LEU, Nonterminal, was not found in name map.)
(Residue 332: ASP, Nonterminal, was not found in name map.)
(Residue 333: ASP, Nonterminal, was not found in name map.)
(Residue 334: PHE, Nonterminal, was not found in name map.)
(Residue 335: VAL, Nonterminal, was not found in name map.)
(Residue 336: ALA, Nonterminal, was not found in name map.)
(Residue 337: MET, Nonterminal, was not found in name map.)
(Residue 338: VAL, Nonterminal, was not found in name map.)
(Residue 339: LEU, Nonterminal, was not found in name map.)
(Residue 340: LEU, Nonterminal, was not found in name map.)
(Residue 341: ALA, Nonterminal, was not found in name map.)
(Residue 342: SER, Nonterminal, was not found in name map.)
(Residue 343: ASN, Nonterminal, was not found in name map.)
(Residue 344: THR, Nonterminal, was not found in name map.)
(Residue 345: GLU, Nonterminal, was not found in name map.)
(Residue 346: LYS, Nonterminal, was not found in name map.)
(Residue 347: VAL, Nonterminal, was not found in name map.)
(Residue 348: ARG, Nonterminal, was not found in name map.)
(Residue 349: LEU, Nonterminal, was not found in name map.)
(Residue 350: ILE, Nonterminal, was not found in name map.)
(Residue 351: GLY, Nonterminal, was not found in name map.)
(Residue 352: ALA, Nonterminal, was not found in name map.)
(Residue 353: LEU, Nonterminal, was not found in name map.)
(Residue 354: CYS, Nonterminal, was not found in name map.)
(Residue 355: THR, Nonterminal, was not found in name map.)
(Residue 356: ASP, Nonterminal, was not found in name map.)
(Residue 357: ALA, Nonterminal, was not found in name map.)
(Residue 358: ASP, Nonterminal, was not found in name map.)
(Residue 359: CYS, Nonterminal, was not found in name map.)
(Residue 360: PHE, Nonterminal, was not found in name map.)
(Residue 361: VAL, Nonterminal, was not found in name map.)
(Residue 362: GLU, Nonterminal, was not found in name map.)
(Residue 363: ASN, Nonterminal, was not found in name map.)
(Residue 364: GLY, Nonterminal, was not found in name map.)
(Residue 365: PHE, Nonterminal, was not found in name map.)
(Residue 366: ASN, Nonterminal, was not found in name map.)
(Residue 367: VAL, Nonterminal, was not found in name map.)
(Residue 368: THR, Nonterminal, was not found in name map.)
(Residue 369: GLY, Nonterminal, was not found in name map.)
(Residue 370: LYS, Nonterminal, was not found in name map.)
(Residue 371: ILE, Nonterminal, was not found in name map.)
(Residue 372: MET, Nonterminal, was not found in name map.)
(Residue 373: CYS, Nonterminal, was not found in name map.)
(Residue 374: LEU, Nonterminal, was not found in name map.)
(Residue 375: MET, Nonterminal, was not found in name map.)
(Residue 376: HIS, Nonterminal, was not found in name map.)
(Residue 377: ASN, Nonterminal, was not found in name map.)
(Residue 378: ASN, Nonterminal, was not found in name map.)
(Residue 379: MET, Nonterminal, was not found in name map.)
(Residue 380: ASN, Nonterminal, was not found in name map.)
(Residue 381: LEU, Nonterminal, was not found in name map.)
(Residue 382: PRO, Nonterminal, was not found in name map.)
(Residue 383: LEU, Nonterminal, was not found in name map.)
(Residue 384: PHE, Nonterminal, was not found in name map.)
(Residue 385: PRO, Nonterminal, was not found in name map.)
(Residue 386: ILE, Nonterminal, was not found in name map.)
(Residue 387: GLY, Nonterminal, was not found in name map.)
(Residue 388: LYS, Nonterminal, was not found in name map.)
(Residue 389: SER, Nonterminal, was not found in name map.)
(Residue 390: ALA, Nonterminal, was not found in name map.)
(Residue 391: ALA, Nonterminal, was not found in name map.)
(Residue 392: THR, Nonterminal, was not found in name map.)
(Residue 393: ALA, Nonterminal, was not found in name map.)
(Residue 394: VAL, Nonterminal, was not found in name map.)
(Residue 395: ASN, Nonterminal, was not found in name map.)
(Residue 396: PRO, Nonterminal, was not found in name map.)
(Residue 397: PHE, Nonterminal, was not found in name map.)
(Residue 398: PRO, Nonterminal, was not found in name map.)
(Residue 399: LYS, Nonterminal, was not found in name map.)
(Residue 400: GLU, Nonterminal, was not found in name map.)
(Residue 401: TRP, Nonterminal, was not found in name map.)
(Residue 402: ARG, Nonterminal, was not found in name map.)
(Residue 403: CYS, Nonterminal, was not found in name map.)
(Residue 404: LEU, Nonterminal, was not found in name map.)
(Residue 405: ALA, Nonterminal, was not found in name map.)
(Residue 406: LYS, Nonterminal, was not found in name map.)
(Residue 407: ASN, Nonterminal, was not found in name map.)
(Residue 408: MET, Nonterminal, was not found in name map.)
(Residue 409: ASP, Nonterminal, was not found in name map.)
(Residue 410: ASP, Nonterminal, was not found in name map.)
(Residue 411: MET, Nonterminal, was not found in name map.)
(Residue 412: PRO, Nonterminal, was not found in name map.)
(Residue 413: ILE, Nonterminal, was not found in name map.)
(Residue 414: LEU, Nonterminal, was not found in name map.)
(Residue 415: ASN, Nonterminal, was not found in name map.)
(Residue 416: ILE, Nonterminal, was not found in name map.)
(Residue 417: PRO, Nonterminal, was not found in name map.)
(Residue 418: GLU, Nonterminal, was not found in name map.)
(Residue 419: ASN, Nonterminal, was not found in name map.)
(Residue 420: VAL, Nonterminal, was not found in name map.)
(Residue 421: GLU, Nonterminal, was not found in name map.)
(Residue 422: LEU, Nonterminal, was not found in name map.)
(Residue 423: TRP, Nonterminal, was not found in name map.)
(Residue 424: ASP, Nonterminal, was not found in name map.)
(Residue 425: LYS, Nonterminal, was not found in name map.)
(Residue 426: ILE, Nonterminal, was not found in name map.)
(Residue 427: LYS, Nonterminal, was not found in name map.)
(Residue 428: ALA, Nonterminal, was not found in name map.)
(Residue 429: GLU, Nonterminal, was not found in name map.)
(Residue 430: ASN, Nonterminal, was not found in name map.)
(Residue 431: GLU, Nonterminal, was not found in name map.)
(Residue 432: LYS, Nonterminal, was not found in name map.)
(Residue 433: TYR, Nonterminal, was not found in name map.)
(Residue 434: GLU, Nonterminal, was not found in name map.)
(Residue 435: GLY, Nonterminal, was not found in name map.)
(Residue 436: GLN, Nonterminal, was not found in name map.)
(Residue 437: GLN, Nonterminal, was not found in name map.)
(Residue 438: LEU, Nonterminal, was not found in name map.)
(Residue 439: LEU, Nonterminal, was not found in name map.)
(Residue 440: ALA, Nonterminal, was not found in name map.)
(Residue 441: ASP, Nonterminal, was not found in name map.)
(Residue 442: LEU, Nonterminal, was not found in name map.)
(Residue 443: VAL, Nonterminal, was not found in name map.)
(Residue 444: MET, Nonterminal, was not found in name map.)
(Residue 445: ASN, Nonterminal, was not found in name map.)
(Residue 446: SER, Nonterminal, was not found in name map.)
(Residue 447: GLU, Nonterminal, was not found in name map.)
(Residue 448: GLU, Nonterminal, was not found in name map.)
(Residue 449: LYS, Nonterminal, was not found in name map.)
(Residue 450: VAL, Nonterminal, was not found in name map.)
(Residue 451: THR, Nonterminal, was not found in name map.)
(Residue 452: ILE, Nonterminal, was not found in name map.)
(Residue 453: CYS, Nonterminal, was not found in name map.)
(Residue 454: VAL, Nonterminal, was not found in name map.)
(Residue 455: THR, Nonterminal, was not found in name map.)
(Residue 456: GLY, Nonterminal, was not found in name map.)
(Residue 457: PRO, Nonterminal, was not found in name map.)
(Residue 458: LEU, Nonterminal, was not found in name map.)
(Residue 459: SER, Nonterminal, was not found in name map.)
(Residue 460: ASN, Nonterminal, was not found in name map.)
(Residue 461: VAL, Nonterminal, was not found in name map.)
(Residue 462: ALA, Nonterminal, was not found in name map.)
(Residue 463: TRP, Nonterminal, was not found in name map.)
(Residue 464: CYS, Nonterminal, was not found in name map.)
(Residue 465: ILE, Nonterminal, was not found in name map.)
(Residue 466: ASP, Nonterminal, was not found in name map.)
(Residue 467: LYS, Nonterminal, was not found in name map.)
(Residue 468: TYR, Nonterminal, was not found in name map.)
(Residue 469: GLY, Nonterminal, was not found in name map.)
(Residue 470: GLU, Nonterminal, was not found in name map.)
(Residue 471: LYS, Nonterminal, was not found in name map.)
(Residue 472: PHE, Nonterminal, was not found in name map.)
(Residue 473: THR, Nonterminal, was not found in name map.)
(Residue 474: SER, Nonterminal, was not found in name map.)
(Residue 475: LYS, Nonterminal, was not found in name map.)
(Residue 476: VAL, Nonterminal, was not found in name map.)
(Residue 477: GLU, Nonterminal, was not found in name map.)
(Residue 478: GLU, Nonterminal, was not found in name map.)
(Residue 479: CYS, Nonterminal, was not found in name map.)
(Residue 480: VAL, Nonterminal, was not found in name map.)
(Residue 481: ILE, Nonterminal, was not found in name map.)
(Residue 482: MET, Nonterminal, was not found in name map.)
(Residue 483: GLY, Nonterminal, was not found in name map.)
(Residue 484: GLY, Nonterminal, was not found in name map.)
(Residue 485: ALA, Nonterminal, was not found in name map.)
(Residue 486: VAL, Nonterminal, was not found in name map.)
(Residue 487: ASP, Nonterminal, was not found in name map.)
(Residue 488: VAL, Nonterminal, was not found in name map.)
(Residue 489: ARG, Nonterminal, was not found in name map.)
(Residue 490: GLY, Nonterminal, was not found in name map.)
(Residue 491: ASN, Nonterminal, was not found in name map.)
(Residue 492: VAL, Nonterminal, was not found in name map.)
(Residue 493: PHE, Nonterminal, was not found in name map.)
(Residue 494: LEU, Nonterminal, was not found in name map.)
(Residue 495: PRO, Nonterminal, was not found in name map.)
(Residue 496: SER, Nonterminal, was not found in name map.)
(Residue 497: THR, Nonterminal, was not found in name map.)
(Residue 498: ASP, Nonterminal, was not found in name map.)
(Residue 499: GLY, Nonterminal, was not found in name map.)
(Residue 500: THR, Nonterminal, was not found in name map.)
(Residue 501: ALA, Nonterminal, was not found in name map.)
(Residue 502: GLU, Nonterminal, was not found in name map.)
(Residue 503: TRP, Nonterminal, was not found in name map.)
(Residue 504: ASN, Nonterminal, was not found in name map.)
(Residue 505: ILE, Nonterminal, was not found in name map.)
(Residue 506: TYR, Nonterminal, was not found in name map.)
(Residue 507: TRP, Nonterminal, was not found in name map.)
(Residue 508: ASP, Nonterminal, was not found in name map.)
(Residue 509: PRO, Nonterminal, was not found in name map.)
(Residue 510: ALA, Nonterminal, was not found in name map.)
(Residue 511: SER, Nonterminal, was not found in name map.)
(Residue 512: ALA, Nonterminal, was not found in name map.)
(Residue 513: LYS, Nonterminal, was not found in name map.)
(Residue 514: THR, Nonterminal, was not found in name map.)
(Residue 515: VAL, Nonterminal, was not found in name map.)
(Residue 516: PHE, Nonterminal, was not found in name map.)
(Residue 517: GLY, Nonterminal, was not found in name map.)
(Residue 518: CYS, Nonterminal, was not found in name map.)
(Residue 519: PRO, Nonterminal, was not found in name map.)
(Residue 520: GLY, Nonterminal, was not found in name map.)
(Residue 521: LEU, Nonterminal, was not found in name map.)
(Residue 522: ARG, Nonterminal, was not found in name map.)
(Residue 523: ARG, Nonterminal, was not found in name map.)
(Residue 524: ILE, Nonterminal, was not found in name map.)
(Residue 525: MET, Nonterminal, was not found in name map.)
(Residue 526: PHE, Nonterminal, was not found in name map.)
(Residue 527: SER, Nonterminal, was not found in name map.)
(Residue 528: LEU, Nonterminal, was not found in name map.)
(Residue 529: ASP, Nonterminal, was not found in name map.)
(Residue 530: SER, Nonterminal, was not found in name map.)
(Residue 531: THR, Nonterminal, was not found in name map.)
(Residue 532: ASN, Nonterminal, was not found in name map.)
(Residue 533: THR, Nonterminal, was not found in name map.)
(Residue 534: VAL, Nonterminal, was not found in name map.)
(Residue 535: PRO, Nonterminal, was not found in name map.)
(Residue 536: VAL, Nonterminal, was not found in name map.)
(Residue 537: ARG, Nonterminal, was not found in name map.)
(Residue 538: SER, Nonterminal, was not found in name map.)
(Residue 539: PRO, Nonterminal, was not found in name map.)
(Residue 540: TYR, Nonterminal, was not found in name map.)
(Residue 541: VAL, Nonterminal, was not found in name map.)
(Residue 542: GLN, Nonterminal, was not found in name map.)
(Residue 543: ARG, Nonterminal, was not found in name map.)
(Residue 544: PHE, Nonterminal, was not found in name map.)
(Residue 545: GLY, Nonterminal, was not found in name map.)
(Residue 546: GLU, Nonterminal, was not found in name map.)
(Residue 547: GLN, Nonterminal, was not found in name map.)
(Residue 548: THR, Nonterminal, was not found in name map.)
(Residue 549: ASN, Nonterminal, was not found in name map.)
(Residue 550: PHE, Nonterminal, was not found in name map.)
(Residue 551: LEU, Nonterminal, was not found in name map.)
(Residue 552: LEU, Nonterminal, was not found in name map.)
(Residue 553: SER, Nonterminal, was not found in name map.)
(Residue 554: ILE, Nonterminal, was not found in name map.)
(Residue 555: LEU, Nonterminal, was not found in name map.)
(Residue 556: VAL, Nonterminal, was not found in name map.)
(Residue 557: GLY, Nonterminal, was not found in name map.)
(Residue 558: THR, Nonterminal, was not found in name map.)
(Residue 559: MET, Nonterminal, was not found in name map.)
(Residue 560: TRP, Nonterminal, was not found in name map.)
(Residue 561: ALA, Nonterminal, was not found in name map.)
(Residue 562: MET, Nonterminal, was not found in name map.)
(Residue 563: CYS, Nonterminal, was not found in name map.)
(Residue 564: THR, Nonterminal, was not found in name map.)
(Residue 565: HIS, Nonterminal, was not found in name map.)
(Residue 566: ASP, Nonterminal, was not found in name map.)
(Residue 567: GLY, Nonterminal, was not found in name map.)
(Residue 568: ASP, Nonterminal, was not found in name map.)
(Residue 569: GLY, Nonterminal, was not found in name map.)
(Residue 570: TYR, Nonterminal, was not found in name map.)
(Residue 571: TYR, Nonterminal, was not found in name map.)
(Residue 572: ALA, Nonterminal, was not found in name map.)
(Residue 573: TRP, Nonterminal, was not found in name map.)
(Residue 574: ASP, Nonterminal, was not found in name map.)
(Residue 575: ALA, Nonterminal, was not found in name map.)
(Residue 576: LEU, Nonterminal, was not found in name map.)
(Residue 577: THR, Nonterminal, was not found in name map.)
(Residue 578: ALA, Nonterminal, was not found in name map.)
(Residue 579: ALA, Nonterminal, was not found in name map.)
(Residue 580: TYR, Nonterminal, was not found in name map.)
(Residue 581: VAL, Nonterminal, was not found in name map.)
(Residue 582: VAL, Nonterminal, was not found in name map.)
(Residue 583: ASP, Nonterminal, was not found in name map.)
(Residue 584: GLN, Nonterminal, was not found in name map.)
(Residue 585: LYS, Nonterminal, was not found in name map.)
(Residue 586: VAL, Nonterminal, was not found in name map.)
(Residue 587: ALA, Nonterminal, was not found in name map.)
(Residue 588: ASN, Nonterminal, was not found in name map.)
(Residue 589: VAL, Nonterminal, was not found in name map.)
(Residue 590: ASP, Nonterminal, was not found in name map.)
(Residue 591: PRO, Nonterminal, was not found in name map.)
(Residue 592: VAL, Nonterminal, was not found in name map.)
(Residue 593: PRO, Nonterminal, was not found in name map.)
(Residue 594: ILE, Nonterminal, was not found in name map.)
(Residue 595: ASP, Nonterminal, was not found in name map.)
(Residue 596: VAL, Nonterminal, was not found in name map.)
(Residue 597: VAL, Nonterminal, was not found in name map.)
(Residue 598: VAL, Nonterminal, was not found in name map.)
(Residue 599: ASP, Nonterminal, was not found in name map.)
(Residue 600: LYS, Nonterminal, was not found in name map.)
(Residue 601: GLN, Nonterminal, was not found in name map.)
(Residue 602: PRO, Nonterminal, was not found in name map.)
(Residue 603: ASN, Nonterminal, was not found in name map.)
(Residue 604: GLU, Nonterminal, was not found in name map.)
(Residue 605: GLY, Nonterminal, was not found in name map.)
(Residue 606: ALA, Nonterminal, was not found in name map.)
(Residue 607: THR, Nonterminal, was not found in name map.)
(Residue 608: VAL, Nonterminal, was not found in name map.)
(Residue 609: ARG, Nonterminal, was not found in name map.)
(Residue 610: THR, Nonterminal, was not found in name map.)
(Residue 611: ASP, Nonterminal, was not found in name map.)
(Residue 612: ALA, Nonterminal, was not found in name map.)
(Residue 613: GLU, Nonterminal, was not found in name map.)
(Residue 614: ASN, Nonterminal, was not found in name map.)
(Residue 615: TYR, Nonterminal, was not found in name map.)
(Residue 616: PRO, Nonterminal, was not found in name map.)
(Residue 617: LEU, Nonterminal, was not found in name map.)
(Residue 618: THR, Nonterminal, was not found in name map.)
(Residue 619: PHE, Nonterminal, was not found in name map.)
(Residue 620: VAL, Nonterminal, was not found in name map.)
(Residue 621: ALA, Nonterminal, was not found in name map.)
(Residue 622: ARG, Nonterminal, was not found in name map.)
(Residue 623: ASN, Nonterminal, was not found in name map.)
(Residue 624: PRO, Nonterminal, was not found in name map.)
(Residue 625: GLU, Nonterminal, was not found in name map.)
(Residue 626: ALA, Nonterminal, was not found in name map.)
(Residue 627: GLU, Nonterminal, was not found in name map.)
(Residue 628: PHE, Nonterminal, was not found in name map.)
(Residue 629: PHE, Nonterminal, was not found in name map.)
(Residue 630: LEU, Nonterminal, was not found in name map.)
(Residue 631: ASP, Nonterminal, was not found in name map.)
(Residue 632: MET, Nonterminal, was not found in name map.)
(Residue 633: LEU, Nonterminal, was not found in name map.)
(Residue 634: LEU, Nonterminal, was not found in name map.)
(Residue 635: ARG, Nonterminal, was not found in name map.)
(Residue 636: SER, Nonterminal, was not found in name map.)
(Residue 637: ALA, Nonterminal, was not found in name map.)
(Residue 638: ARG, Nonterminal, was not found in name map.)
(Residue 639: ALA, Nonterminal, was not found in name map.)
Mapped residue CYS, term: Terminal/last, seq. number: 640 to: CCYS.
Joining NSER - ALA
Joining ALA - LYS
Joining LYS - ASN
Joining ASN - VAL
Joining VAL - VAL
Joining VAL - LEU
Joining LEU - ASP
Joining ASP - HIE
Joining HIE - ASP
Joining ASP - GLY
Joining GLY - ASN
Joining ASN - LEU
Joining LEU - ASP
Joining ASP - ASP
Joining ASP - PHE
Joining PHE - VAL
Joining VAL - ALA
Joining ALA - MET
Joining MET - VAL
Joining VAL - LEU
Joining LEU - LEU
Joining LEU - ALA
Joining ALA - SER
Joining SER - ASN
Joining ASN - THR
Joining THR - GLU
Joining GLU - LYS
Joining LYS - VAL
Joining VAL - ARG
Joining ARG - LEU
Joining LEU - ILE
Joining ILE - GLY
Joining GLY - ALA
Joining ALA - LEU
Joining LEU - CYS
Joining CYS - THR
Joining THR - ASP
Joining ASP - ALA
Joining ALA - ASP
Joining ASP - CYS
Joining CYS - PHE
Joining PHE - VAL
Joining VAL - GLU
Joining GLU - ASN
Joining ASN - GLY
Joining GLY - PHE
Joining PHE - ASN
Joining ASN - VAL
Joining VAL - THR
Joining THR - GLY
Joining GLY - LYS
Joining LYS - ILE
Joining ILE - MET
Joining MET - CYS
Joining CYS - LEU
Joining LEU - MET
Joining MET - HIE
Joining HIE - ASN
Joining ASN - ASN
Joining ASN - MET
Joining MET - ASN
Joining ASN - LEU
Joining LEU - PRO
Joining PRO - LEU
Joining LEU - PHE
Joining PHE - PRO
Joining PRO - ILE
Joining ILE - GLY
Joining GLY - LYS
Joining LYS - SER
Joining SER - ALA
Joining ALA - ALA
Joining ALA - THR
Joining THR - ALA
Joining ALA - VAL
Joining VAL - ASN
Joining ASN - PRO
Joining PRO - PHE
Joining PHE - PRO
Joining PRO - LYS
Joining LYS - GLU
Joining GLU - TRP
Joining TRP - ARG
Joining ARG - CYS
Joining CYS - LEU
Joining LEU - ALA
Joining ALA - LYS
Joining LYS - ASN
Joining ASN - MET
Joining MET - ASP
Joining ASP - ASP
Joining ASP - MET
Joining MET - PRO
Joining PRO - ILE
Joining ILE - LEU
Joining LEU - ASN
Joining ASN - ILE
Joining ILE - PRO
Joining PRO - GLU
Joining GLU - ASN
Joining ASN - VAL
Joining VAL - GLU
Joining GLU - LEU
Joining LEU - TRP
Joining TRP - ASP
Joining ASP - LYS
Joining LYS - ILE
Joining ILE - LYS
Joining LYS - ALA
Joining ALA - GLU
Joining GLU - ASN
Joining ASN - GLU
Joining GLU - LYS
  Added missing heavy atom: .R<LYS 113>.A<CG 8>
  Added missing heavy atom: .R<LYS 113>.A<CD 11>
  Added missing heavy atom: .R<LYS 113>.A<CE 14>
  Added missing heavy atom: .R<LYS 113>.A<NZ 17>
Joining LYS - TYR
Joining TYR - GLU
Joining GLU - GLY
Joining GLY - GLN
Joining GLN - GLN
Joining GLN - LEU
Joining LEU - LEU
Joining LEU - ALA
Joining ALA - ASP
Joining ASP - LEU
Joining LEU - VAL
Joining VAL - MET
Joining MET - ASN
Joining ASN - SER
Joining SER - GLU
Joining GLU - GLU
Joining GLU - LYS
Joining LYS - VAL
Joining VAL - THR
Joining THR - ILE
Joining ILE - CYS
Joining CYS - VAL
Joining VAL - THR
Joining THR - GLY
Joining GLY - PRO
Joining PRO - LEU
Joining LEU - SER
Joining SER - ASN
Joining ASN - VAL
Joining VAL - ALA
Joining ALA - TRP
Joining TRP - CYS
Joining CYS - ILE
Joining ILE - ASP
Joining ASP - LYS
Joining LYS - TYR
Joining TYR - GLY
Joining GLY - GLU
Joining GLU - LYS
Joining LYS - PHE
Joining PHE - THR
Joining THR - SER
Joining SER - LYS
Joining LYS - VAL
Joining VAL - GLU
Joining GLU - GLU
Joining GLU - CYS
Joining CYS - VAL
Joining VAL - ILE
Joining ILE - MET
Joining MET - GLY
Joining GLY - GLY
Joining GLY - ALA
Joining ALA - VAL
Joining VAL - ASP
Joining ASP - VAL
Joining VAL - ARG
Joining ARG - GLY
Joining GLY - ASN
Joining ASN - VAL
Joining VAL - PHE
Joining PHE - LEU
Joining LEU - PRO
Joining PRO - SER
Joining SER - THR
Joining THR - ASP
Joining ASP - GLY
Joining GLY - THR
Joining THR - ALA
Joining ALA - GLU
Joining GLU - TRP
Joining TRP - ASN
Joining ASN - ILE
Joining ILE - TYR
Joining TYR - TRP
Joining TRP - ASP
Joining ASP - PRO
Joining PRO - ALA
Joining ALA - SER
Joining SER - ALA
Joining ALA - LYS
Joining LYS - THR
Joining THR - VAL
Joining VAL - PHE
Joining PHE - GLY
Joining GLY - CYS
Joining CYS - PRO
Joining PRO - GLY
Joining GLY - LEU
Joining LEU - ARG
Joining ARG - ARG
Joining ARG - ILE
Joining ILE - MET
Joining MET - PHE
Joining PHE - SER
Joining SER - LEU
Joining LEU - ASP
Joining ASP - SER
Joining SER - THR
Joining THR - ASN
Joining ASN - THR
Joining THR - VAL
Joining VAL - PRO
Joining PRO - VAL
Joining VAL - ARG
  Added missing heavy atom: .R<ARG 218>.A<CG 8>
  Added missing heavy atom: .R<ARG 218>.A<CD 11>
  Added missing heavy atom: .R<ARG 218>.A<NE 14>
  Added missing heavy atom: .R<ARG 218>.A<CZ 16>
  Added missing heavy atom: .R<ARG 218>.A<NH1 17>
  Added missing heavy atom: .R<ARG 218>.A<NH2 20>
Joining ARG - SER
Joining SER - PRO
Joining PRO - TYR
Joining TYR - VAL
Joining VAL - GLN
Joining GLN - ARG
Joining ARG - PHE
Joining PHE - GLY
Joining GLY - GLU
Joining GLU - GLN
Joining GLN - THR
Joining THR - ASN
Joining ASN - PHE
Joining PHE - LEU
Joining LEU - LEU
Joining LEU - SER
Joining SER - ILE
Joining ILE - LEU
Joining LEU - VAL
Joining VAL - GLY
Joining GLY - THR
Joining THR - MET
Joining MET - TRP
Joining TRP - ALA
Joining ALA - MET
Joining MET - CYS
Joining CYS - THR
Joining THR - HIE
Joining HIE - GLY
Joining GLY - TYR
Joining TYR - TYR
Joining TYR - ALA
Joining ALA - TRP
Joining TRP - ASP
Joining ASP - ALA
Joining ALA - LEU
Joining LEU - THR
Joining THR - ALA
Joining ALA - ALA
Joining ALA - TYR
Joining TYR - VAL
Joining VAL - VAL
Joining VAL - ASP
Joining ASP - GLN
Joining GLN - LYS
Joining LYS - VAL
Joining VAL - ALA
Joining ALA - ASN
Joining ASN - VAL
Joining VAL - ASP
Joining ASP - PRO
Joining PRO - VAL
Joining VAL - PRO
Joining PRO - ILE
Joining ILE - ASP
Joining ASP - VAL
Joining VAL - VAL
Joining VAL - VAL
Joining VAL - ASP
Joining ASP - LYS
Joining LYS - GLN
Joining GLN - PRO
Joining PRO - ASN
Joining ASN - GLU
Joining GLU - GLY
Joining GLY - ALA
Joining ALA - THR
Joining THR - VAL
Joining VAL - ARG
Joining ARG - THR
Joining THR - ASP
Joining ASP - ALA
Joining ALA - GLU
Joining GLU - ASN
  Added missing heavy atom: .R<ASN 292>.A<OD1 9>
  Added missing heavy atom: .R<ASN 292>.A<ND2 10>
Joining ASN - TYR
Joining TYR - PRO
Joining PRO - LEU
Joining LEU - THR
Joining THR - PHE
Joining PHE - VAL
Joining VAL - ALA
Joining ALA - ARG
Joining ARG - ASN
Joining ASN - PRO
Joining PRO - GLU
Joining GLU - ALA
Joining ALA - GLU
Joining GLU - PHE
Joining PHE - PHE
Joining PHE - LEU
Joining LEU - ASP
Joining ASP - MET
Joining MET - LEU
Joining LEU - LEU
Joining LEU - ARG
  Added missing heavy atom: .R<ARG 313>.A<CG 8>
  Added missing heavy atom: .R<ARG 313>.A<CD 11>
  Added missing heavy atom: .R<ARG 313>.A<NE 14>
  Added missing heavy atom: .R<ARG 313>.A<CZ 16>
  Added missing heavy atom: .R<ARG 313>.A<NH1 17>
  Added missing heavy atom: .R<ARG 313>.A<NH2 20>
Joining ARG - SER
Joining SER - ALA
Joining ALA - ARG
Joining ARG - ALA
Joining ALA - CCYS
  Added missing heavy atom: .R<NSER 319>.A<OG 10>
Joining NSER - ALA
Joining ALA - LYS
Joining LYS - ASN
Joining ASN - VAL
Joining VAL - VAL
Joining VAL - LEU
Joining LEU - ASP
Joining ASP - HIE
Joining HIE - ASP
Joining ASP - GLY
Joining GLY - ASN
Joining ASN - LEU
Joining LEU - ASP
Joining ASP - ASP
Joining ASP - PHE
Joining PHE - VAL
Joining VAL - ALA
Joining ALA - MET
Joining MET - VAL
Joining VAL - LEU
Joining LEU - LEU
Joining LEU - ALA
Joining ALA - SER
Joining SER - ASN
Joining ASN - THR
Joining THR - GLU
  Added missing heavy atom: .R<GLU 345>.A<CG 8>
  Added missing heavy atom: .R<GLU 345>.A<CD 11>
  Added missing heavy atom: .R<GLU 345>.A<OE1 12>
  Added missing heavy atom: .R<GLU 345>.A<OE2 13>
Joining GLU - LYS
  Added missing heavy atom: .R<LYS 346>.A<CE 14>
  Added missing heavy atom: .R<LYS 346>.A<NZ 17>
Joining LYS - VAL
Joining VAL - ARG
Joining ARG - LEU
Joining LEU - ILE
Joining ILE - GLY
Joining GLY - ALA
Joining ALA - LEU
Joining LEU - CYS
Joining CYS - THR
Joining THR - ASP
Joining ASP - ALA
Joining ALA - ASP
Joining ASP - CYS
Joining CYS - PHE
Joining PHE - VAL
Joining VAL - GLU
Joining GLU - ASN
Joining ASN - GLY
Joining GLY - PHE
Joining PHE - ASN
Joining ASN - VAL
Joining VAL - THR
Joining THR - GLY
Joining GLY - LYS
Joining LYS - ILE
Joining ILE - MET
Joining MET - CYS
Joining CYS - LEU
Joining LEU - MET
Joining MET - HIE
Joining HIE - ASN
Joining ASN - ASN
Joining ASN - MET
Joining MET - ASN
Joining ASN - LEU
Joining LEU - PRO
Joining PRO - LEU
Joining LEU - PHE
Joining PHE - PRO
Joining PRO - ILE
Joining ILE - GLY
Joining GLY - LYS
  Added missing heavy atom: .R<LYS 388>.A<CE 14>
  Added missing heavy atom: .R<LYS 388>.A<NZ 17>
Joining LYS - SER
Joining SER - ALA
Joining ALA - ALA
Joining ALA - THR
Joining THR - ALA
Joining ALA - VAL
Joining VAL - ASN
Joining ASN - PRO
Joining PRO - PHE
Joining PHE - PRO
Joining PRO - LYS
Joining LYS - GLU
Joining GLU - TRP
Joining TRP - ARG
Joining ARG - CYS
Joining CYS - LEU
Joining LEU - ALA
Joining ALA - LYS
Joining LYS - ASN
Joining ASN - MET
Joining MET - ASP
Joining ASP - ASP
Joining ASP - MET
Joining MET - PRO
Joining PRO - ILE
Joining ILE - LEU
Joining LEU - ASN
Joining ASN - ILE
Joining ILE - PRO
Joining PRO - GLU
Joining GLU - ASN
Joining ASN - VAL
Joining VAL - GLU
  Added missing heavy atom: .R<GLU 421>.A<CD 11>
  Added missing heavy atom: .R<GLU 421>.A<OE1 12>
  Added missing heavy atom: .R<GLU 421>.A<OE2 13>
Joining GLU - LEU
Joining LEU - TRP
Joining TRP - ASP
Joining ASP - LYS
  Added missing heavy atom: .R<LYS 425>.A<CG 8>
  Added missing heavy atom: .R<LYS 425>.A<CD 11>
  Added missing heavy atom: .R<LYS 425>.A<CE 14>
  Added missing heavy atom: .R<LYS 425>.A<NZ 17>
Joining LYS - ILE
Joining ILE - LYS
Joining LYS - ALA
Joining ALA - GLU
Joining GLU - ASN
Joining ASN - GLU
Joining GLU - LYS
  Added missing heavy atom: .R<LYS 432>.A<CD 11>
  Added missing heavy atom: .R<LYS 432>.A<CE 14>
  Added missing heavy atom: .R<LYS 432>.A<NZ 17>
Joining LYS - TYR
Joining TYR - GLU
  Added missing heavy atom: .R<GLU 434>.A<CG 8>
  Added missing heavy atom: .R<GLU 434>.A<CD 11>
  Added missing heavy atom: .R<GLU 434>.A<OE1 12>
  Added missing heavy atom: .R<GLU 434>.A<OE2 13>
Joining GLU - GLY
Joining GLY - GLN
Joining GLN - GLN
Joining GLN - LEU
Joining LEU - LEU
Joining LEU - ALA
Joining ALA - ASP
Joining ASP - LEU
Joining LEU - VAL
Joining VAL - MET
Joining MET - ASN
Joining ASN - SER
Joining SER - GLU
Joining GLU - GLU
Joining GLU - LYS
Joining LYS - VAL
Joining VAL - THR
Joining THR - ILE
Joining ILE - CYS
Joining CYS - VAL
Joining VAL - THR
Joining THR - GLY
Joining GLY - PRO
Joining PRO - LEU
Joining LEU - SER
Joining SER - ASN
Joining ASN - VAL
Joining VAL - ALA
Joining ALA - TRP
Joining TRP - CYS
Joining CYS - ILE
Joining ILE - ASP
Joining ASP - LYS
Joining LYS - TYR
Joining TYR - GLY
Joining GLY - GLU
Joining GLU - LYS
  Added missing heavy atom: .R<LYS 471>.A<CD 11>
  Added missing heavy atom: .R<LYS 471>.A<CE 14>
  Added missing heavy atom: .R<LYS 471>.A<NZ 17>
Joining LYS - PHE
Joining PHE - THR
Joining THR - SER
Joining SER - LYS
Joining LYS - VAL
Joining VAL - GLU
Joining GLU - GLU
Joining GLU - CYS
Joining CYS - VAL
Joining VAL - ILE
Joining ILE - MET
Joining MET - GLY
Joining GLY - GLY
Joining GLY - ALA
Joining ALA - VAL
Joining VAL - ASP
Joining ASP - VAL
Joining VAL - ARG
Joining ARG - GLY
Joining GLY - ASN
Joining ASN - VAL
Joining VAL - PHE
Joining PHE - LEU
Joining LEU - PRO
Joining PRO - SER
Joining SER - THR
Joining THR - ASP
Joining ASP - GLY
Joining GLY - THR
Joining THR - ALA
Joining ALA - GLU
Joining GLU - TRP
Joining TRP - ASN
Joining ASN - ILE
Joining ILE - TYR
Joining TYR - TRP
Joining TRP - ASP
Joining ASP - PRO
Joining PRO - ALA
Joining ALA - SER
Joining SER - ALA
Joining ALA - LYS
Joining LYS - THR
Joining THR - VAL
Joining VAL - PHE
Joining PHE - GLY
Joining GLY - CYS
Joining CYS - PRO
Joining PRO - GLY
Joining GLY - LEU
Joining LEU - ARG
Joining ARG - ARG
Joining ARG - ILE
Joining ILE - MET
Joining MET - PHE
Joining PHE - SER
Joining SER - LEU
Joining LEU - ASP
Joining ASP - SER
Joining SER - THR
Joining THR - ASN
Joining ASN - THR
Joining THR - VAL
Joining VAL - PRO
Joining PRO - VAL
Joining VAL - ARG
Joining ARG - SER
Joining SER - PRO
Joining PRO - TYR
Joining TYR - VAL
Joining VAL - GLN
Joining GLN - ARG
Joining ARG - PHE
Joining PHE - GLY
Joining GLY - GLU
Joining GLU - GLN
Joining GLN - THR
Joining THR - ASN
Joining ASN - PHE
Joining PHE - LEU
Joining LEU - LEU
Joining LEU - SER
Joining SER - ILE
Joining ILE - LEU
Joining LEU - VAL
Joining VAL - GLY
Joining GLY - THR
Joining THR - MET
Joining MET - TRP
Joining TRP - ALA
Joining ALA - MET
Joining MET - CYS
Joining CYS - THR
Joining THR - HIE
Joining HIE - ASP
Joining ASP - GLY
Joining GLY - ASP
Joining ASP - GLY
Joining GLY - TYR
Joining TYR - TYR
Joining TYR - ALA
Joining ALA - TRP
Joining TRP - ASP
Joining ASP - ALA
Joining ALA - LEU
Joining LEU - THR
Joining THR - ALA
Joining ALA - ALA
Joining ALA - TYR
Joining TYR - VAL
Joining VAL - VAL
Joining VAL - ASP
Joining ASP - GLN
Joining GLN - LYS
  Added missing heavy atom: .R<LYS 585>.A<CG 8>
  Added missing heavy atom: .R<LYS 585>.A<CD 11>
  Added missing heavy atom: .R<LYS 585>.A<CE 14>
  Added missing heavy atom: .R<LYS 585>.A<NZ 17>
Joining LYS - VAL
Joining VAL - ALA
Joining ALA - ASN
Joining ASN - VAL
Joining VAL - ASP
Joining ASP - PRO
Joining PRO - VAL
Joining VAL - PRO
Joining PRO - ILE
Joining ILE - ASP
Joining ASP - VAL
Joining VAL - VAL
Joining VAL - VAL
Joining VAL - ASP
Joining ASP - LYS
Joining LYS - GLN
Joining GLN - PRO
Joining PRO - ASN
Joining ASN - GLU
Joining GLU - GLY
Joining GLY - ALA
Joining ALA - THR
Joining THR - VAL
Joining VAL - ARG
Joining ARG - THR
Joining THR - ASP
Joining ASP - ALA
Joining ALA - GLU
Joining GLU - ASN
Joining ASN - TYR
Joining TYR - PRO
Joining PRO - LEU
Joining LEU - THR
Joining THR - PHE
Joining PHE - VAL
Joining VAL - ALA
Joining ALA - ARG
Joining ARG - ASN
Joining ASN - PRO
Joining PRO - GLU
Joining GLU - ALA
Joining ALA - GLU
  Added missing heavy atom: .R<GLU 627>.A<CD 11>
  Added missing heavy atom: .R<GLU 627>.A<OE1 12>
  Added missing heavy atom: .R<GLU 627>.A<OE2 13>
Joining GLU - PHE
Joining PHE - PHE
Joining PHE - LEU
Joining LEU - ASP
Joining ASP - MET
Joining MET - LEU
Joining LEU - LEU
Joining LEU - ARG
Joining ARG - SER
Joining SER - ALA
Joining ALA - ARG
Joining ARG - ALA
Joining ALA - CCYS
  total atoms in file: 4948
  Leap added 4934 missing atoms according to residue templates:
       51 Heavy
       4883 H / lone pairs
> savepdb  protein  protein.pdb
Writing pdb file: protein.pdb
 Converting N-terminal residue name to PDB format: NSER -> SER
 Converting C-terminal residue name to PDB format: CCYS -> CYS
 Converting N-terminal residue name to PDB format: NSER -> SER
 Converting C-terminal residue name to PDB format: CCYS -> CYS
> ##saveamberparm dipepide diVAL.prmtop diVAL.inpcrd
> 
> quit
	Quit
