log started: Fri Nov 23 17:47:42 2018

Log file: ./leap.log
>> #
>> # ----- leaprc for loading the ff99SB (Hornak & Simmerling) force field
>> # -----  this file is updated for PDB format 3
>> #
>> #	load atom type hybridizations
>> #
>> addAtomTypes {
>> 	{ "H"   "H" "sp3" }
>> 	{ "HO"  "H" "sp3" }
>> 	{ "HS"  "H" "sp3" }
>> 	{ "H1"  "H" "sp3" }
>> 	{ "H2"  "H" "sp3" }
>> 	{ "H3"  "H" "sp3" }
>> 	{ "H4"  "H" "sp3" }
>> 	{ "H5"  "H" "sp3" }
>> 	{ "HW"  "H" "sp3" }
>> 	{ "HC"  "H" "sp3" }
>> 	{ "HA"  "H" "sp3" }
>> 	{ "HP"  "H" "sp3" }
>> 	{ "OH"  "O" "sp3" }
>> 	{ "OS"  "O" "sp3" }
>> 	{ "O"   "O" "sp2" }
>> 	{ "O2"  "O" "sp2" }
>> 	{ "OW"  "O" "sp3" }
>> 	{ "CT"  "C" "sp3" }
>> 	{ "CH"  "C" "sp3" }
>> 	{ "C2"  "C" "sp3" }
>> 	{ "C3"  "C" "sp3" }
>> 	{ "C"   "C" "sp2" }
>> 	{ "C*"  "C" "sp2" }
>> 	{ "CA"  "C" "sp2" }
>> 	{ "CB"  "C" "sp2" }
>> 	{ "CC"  "C" "sp2" }
>> 	{ "CN"  "C" "sp2" }
>> 	{ "CM"  "C" "sp2" }
>> 	{ "CK"  "C" "sp2" }
>> 	{ "CQ"  "C" "sp2" }
>> 	{ "CD"  "C" "sp2" }
>> 	{ "CE"  "C" "sp2" }
>> 	{ "CF"  "C" "sp2" }
>> 	{ "CP"  "C" "sp2" }
>> 	{ "CI"  "C" "sp2" }
>> 	{ "CJ"  "C" "sp2" }
>> 	{ "CW"  "C" "sp2" }
>> 	{ "CV"  "C" "sp2" }
>> 	{ "CR"  "C" "sp2" }
>> 	{ "CA"  "C" "sp2" }
>> 	{ "CY"  "C" "sp2" }
>> 	{ "C0"  "Ca" "sp2" }
>> 	{ "MG"  "Mg" "sp3" }
>> 	{ "N"   "N" "sp2" }
>> 	{ "NA"  "N" "sp2" }
>> 	{ "N2"  "N" "sp2" }
>> 	{ "N*"  "N" "sp2" }
>> 	{ "NP"  "N" "sp2" }
>> 	{ "NQ"  "N" "sp2" }
>> 	{ "NB"  "N" "sp2" }
>> 	{ "NC"  "N" "sp2" }
>> 	{ "NT"  "N" "sp3" }
>> 	{ "N3"  "N" "sp3" }
>> 	{ "S"   "S" "sp3" }
>> 	{ "SH"  "S" "sp3" }
>> 	{ "P"   "P" "sp3" }
>> 	{ "LP"  ""  "sp3" }
>> 	{ "F"   "F" "sp3" }
>> 	{ "CL"  "Cl" "sp3" }
>> 	{ "BR"  "Br" "sp3" }
>> 	{ "I"   "I"  "sp3" }
>> 	{ "FE"  "Fe" "sp3" }
>> 	{ "EP"  ""  "sp3" }
>> # glycam
>> 	{ "OG"  "O" "sp3" }
>> 	{ "OL"  "O" "sp3" }
>> 	{ "AC"  "C" "sp3" }
>> 	{ "EC"  "C" "sp3" }
>> }
>> #
>> #	Load the main parameter set.
>> #
>> parm99 = loadamberparams parm99.dat
Loading parameters: /share/home/zhanghaiping/program/amber16/dat/leap/parm/parm99.dat
Reading title:
PARM99 for DNA,RNA,AA, organic molecules, TIP3P wat. Polariz.& LP incl.02/04/99
(UNKNOWN ATOM TYPE: HZ)
(UNKNOWN ATOM TYPE: IM)
(UNKNOWN ATOM TYPE: Li)
(UNKNOWN ATOM TYPE: IP)
(UNKNOWN ATOM TYPE: K)
(UNKNOWN ATOM TYPE: Rb)
(UNKNOWN ATOM TYPE: Cs)
(UNKNOWN ATOM TYPE: Zn)
(UNKNOWN ATOM TYPE: IB)
(UNKNOWN ATOM TYPE: LP)
>> frcmod99SB = loadamberparams frcmod.ff99SB
Loading parameters: /share/home/zhanghaiping/program/amber16/dat/leap/parm/frcmod.ff99SB
Reading force field modification type file (frcmod)
Reading title:
Modification/update of parm99.dat (Hornak & Simmerling)
>> #
>> #	Load DNA/RNA libraries
>> #
>> loadOff all_nucleic94.lib
Loading library: /share/home/zhanghaiping/program/amber16/dat/leap/lib/all_nucleic94.lib
Loading: DA
Loading: DA3
Loading: DA5
Loading: DAN
Loading: DC
Loading: DC3
Loading: DC5
Loading: DCN
Loading: DG
Loading: DG3
Loading: DG5
Loading: DGN
Loading: DT
Loading: DT3
Loading: DT5
Loading: DTN
Loading: RA
Loading: RA3
Loading: RA5
Loading: RAN
Loading: RC
Loading: RC3
Loading: RC5
Loading: RCN
Loading: RG
Loading: RG3
Loading: RG5
Loading: RGN
Loading: RU
Loading: RU3
Loading: RU5
Loading: RUN
>> #
>> #	Load main chain and terminating 
>> #	amino acid libraries (i.e. ff94 libs)
>> #
>> loadOff all_amino94.lib
Loading library: /share/home/zhanghaiping/program/amber16/dat/leap/lib/all_amino94.lib
Loading: ALA
Loading: ARG
Loading: ASH
Loading: ASN
Loading: ASP
Loading: CYM
Loading: CYS
Loading: CYX
Loading: GLH
Loading: GLN
Loading: GLU
Loading: GLY
Loading: HID
Loading: HIE
Loading: HIP
Loading: ILE
Loading: LEU
Loading: LYN
Loading: LYS
Loading: MET
Loading: PHE
Loading: PRO
Loading: SER
Loading: THR
Loading: TRP
Loading: TYR
Loading: VAL
>> loadOff all_aminoct94.lib
Loading library: /share/home/zhanghaiping/program/amber16/dat/leap/lib/all_aminoct94.lib
Loading: CALA
Loading: CARG
Loading: CASN
Loading: CASP
Loading: CCYS
Loading: CCYX
Loading: CGLN
Loading: CGLU
Loading: CGLY
Loading: CHID
Loading: CHIE
Loading: CHIP
Loading: CILE
Loading: CLEU
Loading: CLYS
Loading: CMET
Loading: CPHE
Loading: CPRO
Loading: CSER
Loading: CTHR
Loading: CTRP
Loading: CTYR
Loading: CVAL
Loading: NHE
Loading: NME
>> loadOff all_aminont94.lib
Loading library: /share/home/zhanghaiping/program/amber16/dat/leap/lib/all_aminont94.lib
Loading: ACE
Loading: NALA
Loading: NARG
Loading: NASN
Loading: NASP
Loading: NCYS
Loading: NCYX
Loading: NGLN
Loading: NGLU
Loading: NGLY
Loading: NHID
Loading: NHIE
Loading: NHIP
Loading: NILE
Loading: NLEU
Loading: NLYS
Loading: NMET
Loading: NPHE
Loading: NPRO
Loading: NSER
Loading: NTHR
Loading: NTRP
Loading: NTYR
Loading: NVAL
>> #
>> #       Load water and ions
>> # 
>> loadOff ions94.lib
Loading library: /share/home/zhanghaiping/program/amber16/dat/leap/lib/ions94.lib
Loading: CIO
Loading: Cl-
Loading: Cs+
Loading: IB
Loading: K+
Loading: Li+
Loading: MG2
Loading: Na+
Loading: Rb+
>> loadOff solvents.lib
Loading library: /share/home/zhanghaiping/program/amber16/dat/leap/lib/solvents.lib
Loading: CHCL3BOX
Loading: DC4
Loading: FB3
Loading: FB3BOX
Loading: FB4
Loading: FB4BOX
Loading: MEOHBOX
Loading: NMABOX
Loading: OPC
Loading: OPCBOX
Loading: PL3
Loading: POL3BOX
Loading: QSPCFWBOX
Loading: SPC
Loading: SPCBOX
Loading: SPCFWBOX
Loading: SPF
Loading: SPG
Loading: T4E
Loading: TIP3PBOX
Loading: TIP3PFBOX
Loading: TIP4PBOX
Loading: TIP4PEWBOX
Loading: TIP5PBOX
Loading: TP3
Loading: TP4
Loading: TP5
Loading: TPF
>> HOH = TP3
>> WAT = TP3
>> 
>> #
>> #	Define the PDB name map for the amino acids and DNA.
>> #
>> addPdbResMap {
>>   { 0 "ALA" "NALA" } { 1 "ALA" "CALA" }
>>   { 0 "ARG" "NARG" } { 1 "ARG" "CARG" }
>>   { 0 "ASN" "NASN" } { 1 "ASN" "CASN" }
>>   { 0 "ASP" "NASP" } { 1 "ASP" "CASP" }
>>   { 0 "CYS" "NCYS" } { 1 "CYS" "CCYS" }
>>   { 0 "CYX" "NCYX" } { 1 "CYX" "CCYX" }
>>   { 0 "GLN" "NGLN" } { 1 "GLN" "CGLN" }
>>   { 0 "GLU" "NGLU" } { 1 "GLU" "CGLU" }
>>   { 0 "GLY" "NGLY" } { 1 "GLY" "CGLY" }
>>   { 0 "HID" "NHID" } { 1 "HID" "CHID" }
>>   { 0 "HIE" "NHIE" } { 1 "HIE" "CHIE" }
>>   { 0 "HIP" "NHIP" } { 1 "HIP" "CHIP" }
>>   { 0 "ILE" "NILE" } { 1 "ILE" "CILE" }
>>   { 0 "LEU" "NLEU" } { 1 "LEU" "CLEU" }
>>   { 0 "LYS" "NLYS" } { 1 "LYS" "CLYS" }
>>   { 0 "MET" "NMET" } { 1 "MET" "CMET" }
>>   { 0 "PHE" "NPHE" } { 1 "PHE" "CPHE" }
>>   { 0 "PRO" "NPRO" } { 1 "PRO" "CPRO" }
>>   { 0 "SER" "NSER" } { 1 "SER" "CSER" }
>>   { 0 "THR" "NTHR" } { 1 "THR" "CTHR" }
>>   { 0 "TRP" "NTRP" } { 1 "TRP" "CTRP" }
>>   { 0 "TYR" "NTYR" } { 1 "TYR" "CTYR" }
>>   { 0 "VAL" "NVAL" } { 1 "VAL" "CVAL" }
>>   { 0 "HIS" "NHIS" } { 1 "HIS" "CHIS" }
>>   { 0 "GUA" "DG5"  } { 1 "GUA" "DG3"  } { "GUA" "DG" }
>>   { 0 "ADE" "DA5"  } { 1 "ADE" "DA3"  } { "ADE" "DA" }
>>   { 0 "CYT" "DC5"  } { 1 "CYT" "DC3"  } { "CYT" "DC" }
>>   { 0 "THY" "DT5"  } { 1 "THY" "DT3"  } { "THY" "DT" }
>>   { 0 "G" "RG5"  } { 1 "G" "RG3"  } { "G" "RG" } { "GN" "RGN" }
>>   { 0 "A" "RA5"  } { 1 "A" "RA3"  } { "A" "RA" } { "AN" "RAN" }
>>   { 0 "C" "RC5"  } { 1 "C" "RC3"  } { "C" "RC" } { "CN" "RCN" }
>>   { 0 "U" "RU5"  } { 1 "U" "RU3"  } { "U" "RU" } { "UN" "RUN" }
>>   { 0 "DG" "DG5"  } { 1 "DG" "DG3"  }  
>>   { 0 "DA" "DA5"  } { 1 "DA" "DA3"  }  
>>   { 0 "DC" "DC5"  } { 1 "DC" "DC3"  }  
>>   { 0 "DT" "DT5"  } { 1 "DT" "DT3"  }
>> 
>> }
>> 
>> addPdbAtomMap {
>>   { "O5*" "O5'" }
>>   { "C5*" "C5'" }
>>   { "C4*" "C4'" }
>>   { "O4*" "O4'" }
>>   { "C3*" "C3'" }
>>   { "O3*" "O3'" }
>>   { "C2*" "C2'" }
>>   { "C1*" "C1'" }
>>   { "C5M" "C7"  }
>>   { "O2*" "O2'" }
>>   { "H1*" "H1'" }
>>   { "H2*1" "H2'1" }
>>   { "H2*2" "H2'2" }
>>   { "H2'"  "H2'1" }
>>   { "H2''" "H2'2" }
>>   { "H3*" "H3'" }
>>   { "H4*" "H4'" }
>>   { "H5*1" "H5'1" }
>>   { "H5*2" "H5'2" }
>>   { "H5'"  "H5'1" }
>>   { "H5''" "H5'2" }
>>   { "HO2'" "HO'2" }
>>   { "HO5'" "H5T" }
>>   { "HO3'" "H3T" }
>>   { "O1'" "O4'" }
>>   { "OA"  "O1P" }
>>   { "OB"  "O2P" }
>>   { "OP1" "O1P" }
>>   { "OP2" "O2P" }
>> }
>> 
>> 
>> #
>> # assumed that most often proteins use HIE
>> #
>> NHIS = NHIE
>> HIS = HIE
>> CHIS = CHIE
> 
> #source /home/zhp/tleap/leaprc.GLYCAM_06j-1
> set default PBRadii mbondi3
Using ArgH and AspGluO modified Bondi2 radii
> #3dipepide=sequence{ACE VAL NME}
> 
> 
> protein = loadpdb  1ywr_ww.pdb
Loading PDB file: ./1ywr_ww.pdb
Enter zPdbReadScan from call depth  0.
Exit  zPdbReadScan from call depth  0.
Matching PDB residue names to LEaP variables.
Mapped residue ARG, term: Terminal/beginning, seq. number: 0 to: NARG.
(Residue 1: PRO, Nonterminal, was not found in name map.)
(Residue 2: THR, Nonterminal, was not found in name map.)
(Residue 3: PHE, Nonterminal, was not found in name map.)
(Residue 4: TYR, Nonterminal, was not found in name map.)
(Residue 5: ARG, Nonterminal, was not found in name map.)
(Residue 6: GLN, Nonterminal, was not found in name map.)
(Residue 7: GLU, Nonterminal, was not found in name map.)
(Residue 8: LEU, Nonterminal, was not found in name map.)
(Residue 9: ASN, Nonterminal, was not found in name map.)
(Residue 10: LYS, Nonterminal, was not found in name map.)
(Residue 11: THR, Nonterminal, was not found in name map.)
(Residue 12: ILE, Nonterminal, was not found in name map.)
(Residue 13: TRP, Nonterminal, was not found in name map.)
(Residue 14: GLU, Nonterminal, was not found in name map.)
(Residue 15: VAL, Nonterminal, was not found in name map.)
(Residue 16: PRO, Nonterminal, was not found in name map.)
(Residue 17: GLU, Nonterminal, was not found in name map.)
(Residue 18: ARG, Nonterminal, was not found in name map.)
(Residue 19: TYR, Nonterminal, was not found in name map.)
(Residue 20: GLN, Nonterminal, was not found in name map.)
(Residue 21: ASN, Nonterminal, was not found in name map.)
(Residue 22: LEU, Nonterminal, was not found in name map.)
(Residue 23: SER, Nonterminal, was not found in name map.)
(Residue 24: PRO, Nonterminal, was not found in name map.)
(Residue 25: VAL, Nonterminal, was not found in name map.)
(Residue 26: GLY, Nonterminal, was not found in name map.)
(Residue 27: SER, Nonterminal, was not found in name map.)
(Residue 28: GLY, Nonterminal, was not found in name map.)
(Residue 29: ALA, Nonterminal, was not found in name map.)
(Residue 30: TYR, Nonterminal, was not found in name map.)
(Residue 31: GLY, Nonterminal, was not found in name map.)
(Residue 32: SER, Nonterminal, was not found in name map.)
(Residue 33: VAL, Nonterminal, was not found in name map.)
(Residue 34: CYS, Nonterminal, was not found in name map.)
(Residue 35: ALA, Nonterminal, was not found in name map.)
(Residue 36: ALA, Nonterminal, was not found in name map.)
(Residue 37: PHE, Nonterminal, was not found in name map.)
(Residue 38: ASP, Nonterminal, was not found in name map.)
(Residue 39: THR, Nonterminal, was not found in name map.)
(Residue 40: LYS, Nonterminal, was not found in name map.)
(Residue 41: THR, Nonterminal, was not found in name map.)
(Residue 42: GLY, Nonterminal, was not found in name map.)
(Residue 43: HIS, Nonterminal, was not found in name map.)
(Residue 44: ARG, Nonterminal, was not found in name map.)
(Residue 45: VAL, Nonterminal, was not found in name map.)
(Residue 46: ALA, Nonterminal, was not found in name map.)
(Residue 47: VAL, Nonterminal, was not found in name map.)
(Residue 48: LYS, Nonterminal, was not found in name map.)
(Residue 49: LYS, Nonterminal, was not found in name map.)
(Residue 50: LEU, Nonterminal, was not found in name map.)
(Residue 51: SER, Nonterminal, was not found in name map.)
(Residue 52: ARG, Nonterminal, was not found in name map.)
(Residue 53: PRO, Nonterminal, was not found in name map.)
(Residue 54: PHE, Nonterminal, was not found in name map.)
(Residue 55: GLN, Nonterminal, was not found in name map.)
(Residue 56: SER, Nonterminal, was not found in name map.)
(Residue 57: ILE, Nonterminal, was not found in name map.)
(Residue 58: ILE, Nonterminal, was not found in name map.)
(Residue 59: HIS, Nonterminal, was not found in name map.)
(Residue 60: ALA, Nonterminal, was not found in name map.)
(Residue 61: LYS, Nonterminal, was not found in name map.)
(Residue 62: ARG, Nonterminal, was not found in name map.)
(Residue 63: THR, Nonterminal, was not found in name map.)
(Residue 64: TYR, Nonterminal, was not found in name map.)
(Residue 65: ARG, Nonterminal, was not found in name map.)
(Residue 66: GLU, Nonterminal, was not found in name map.)
(Residue 67: LEU, Nonterminal, was not found in name map.)
(Residue 68: ARG, Nonterminal, was not found in name map.)
(Residue 69: LEU, Nonterminal, was not found in name map.)
(Residue 70: LEU, Nonterminal, was not found in name map.)
(Residue 71: LYS, Nonterminal, was not found in name map.)
(Residue 72: HIS, Nonterminal, was not found in name map.)
(Residue 73: MET, Nonterminal, was not found in name map.)
(Residue 74: LYS, Nonterminal, was not found in name map.)
(Residue 75: HIS, Nonterminal, was not found in name map.)
(Residue 76: GLU, Nonterminal, was not found in name map.)
(Residue 77: ASN, Nonterminal, was not found in name map.)
(Residue 78: VAL, Nonterminal, was not found in name map.)
(Residue 79: ILE, Nonterminal, was not found in name map.)
(Residue 80: GLY, Nonterminal, was not found in name map.)
(Residue 81: LEU, Nonterminal, was not found in name map.)
(Residue 82: LEU, Nonterminal, was not found in name map.)
(Residue 83: ASP, Nonterminal, was not found in name map.)
(Residue 84: VAL, Nonterminal, was not found in name map.)
(Residue 85: PHE, Nonterminal, was not found in name map.)
(Residue 86: THR, Nonterminal, was not found in name map.)
(Residue 87: PRO, Nonterminal, was not found in name map.)
(Residue 88: ALA, Nonterminal, was not found in name map.)
(Residue 89: ARG, Nonterminal, was not found in name map.)
(Residue 90: SER, Nonterminal, was not found in name map.)
(Residue 91: LEU, Nonterminal, was not found in name map.)
(Residue 92: GLU, Nonterminal, was not found in name map.)
(Residue 93: GLU, Nonterminal, was not found in name map.)
(Residue 94: PHE, Nonterminal, was not found in name map.)
(Residue 95: ASN, Nonterminal, was not found in name map.)
(Residue 96: ASP, Nonterminal, was not found in name map.)
(Residue 97: VAL, Nonterminal, was not found in name map.)
(Residue 98: TYR, Nonterminal, was not found in name map.)
(Residue 99: LEU, Nonterminal, was not found in name map.)
(Residue 100: VAL, Nonterminal, was not found in name map.)
(Residue 101: THR, Nonterminal, was not found in name map.)
(Residue 102: HIS, Nonterminal, was not found in name map.)
(Residue 103: LEU, Nonterminal, was not found in name map.)
(Residue 104: MET, Nonterminal, was not found in name map.)
(Residue 105: GLY, Nonterminal, was not found in name map.)
(Residue 106: ALA, Nonterminal, was not found in name map.)
(Residue 107: ASP, Nonterminal, was not found in name map.)
(Residue 108: LEU, Nonterminal, was not found in name map.)
(Residue 109: ASN, Nonterminal, was not found in name map.)
(Residue 110: ASN, Nonterminal, was not found in name map.)
(Residue 111: ILE, Nonterminal, was not found in name map.)
(Residue 112: LYS, Nonterminal, was not found in name map.)
(Residue 113: CYS, Nonterminal, was not found in name map.)
(Residue 114: GLN, Nonterminal, was not found in name map.)
(Residue 115: LYS, Nonterminal, was not found in name map.)
(Residue 116: LEU, Nonterminal, was not found in name map.)
(Residue 117: THR, Nonterminal, was not found in name map.)
(Residue 118: ASP, Nonterminal, was not found in name map.)
(Residue 119: ASP, Nonterminal, was not found in name map.)
(Residue 120: HIS, Nonterminal, was not found in name map.)
(Residue 121: VAL, Nonterminal, was not found in name map.)
(Residue 122: GLN, Nonterminal, was not found in name map.)
(Residue 123: PHE, Nonterminal, was not found in name map.)
(Residue 124: LEU, Nonterminal, was not found in name map.)
(Residue 125: ILE, Nonterminal, was not found in name map.)
(Residue 126: TYR, Nonterminal, was not found in name map.)
(Residue 127: GLN, Nonterminal, was not found in name map.)
(Residue 128: ILE, Nonterminal, was not found in name map.)
(Residue 129: LEU, Nonterminal, was not found in name map.)
(Residue 130: ARG, Nonterminal, was not found in name map.)
(Residue 131: GLY, Nonterminal, was not found in name map.)
(Residue 132: LEU, Nonterminal, was not found in name map.)
(Residue 133: LYS, Nonterminal, was not found in name map.)
(Residue 134: TYR, Nonterminal, was not found in name map.)
(Residue 135: ILE, Nonterminal, was not found in name map.)
(Residue 136: HIS, Nonterminal, was not found in name map.)
(Residue 137: SER, Nonterminal, was not found in name map.)
(Residue 138: ALA, Nonterminal, was not found in name map.)
(Residue 139: ASP, Nonterminal, was not found in name map.)
(Residue 140: ILE, Nonterminal, was not found in name map.)
(Residue 141: ILE, Nonterminal, was not found in name map.)
(Residue 142: HIS, Nonterminal, was not found in name map.)
(Residue 143: ARG, Nonterminal, was not found in name map.)
(Residue 144: ASP, Nonterminal, was not found in name map.)
(Residue 145: LEU, Nonterminal, was not found in name map.)
(Residue 146: LYS, Nonterminal, was not found in name map.)
(Residue 147: PRO, Nonterminal, was not found in name map.)
(Residue 148: SER, Nonterminal, was not found in name map.)
(Residue 149: ASN, Nonterminal, was not found in name map.)
(Residue 150: LEU, Nonterminal, was not found in name map.)
(Residue 151: ALA, Nonterminal, was not found in name map.)
(Residue 152: VAL, Nonterminal, was not found in name map.)
(Residue 153: ASN, Nonterminal, was not found in name map.)
(Residue 154: GLU, Nonterminal, was not found in name map.)
(Residue 155: ASP, Nonterminal, was not found in name map.)
(Residue 156: CYS, Nonterminal, was not found in name map.)
(Residue 157: GLU, Nonterminal, was not found in name map.)
(Residue 158: LEU, Nonterminal, was not found in name map.)
(Residue 159: LYS, Nonterminal, was not found in name map.)
(Residue 160: ILE, Nonterminal, was not found in name map.)
(Residue 161: LEU, Nonterminal, was not found in name map.)
(Residue 162: ASP, Nonterminal, was not found in name map.)
(Residue 163: PHE, Nonterminal, was not found in name map.)
(Residue 164: GLY, Nonterminal, was not found in name map.)
(Residue 165: LEU, Nonterminal, was not found in name map.)
(Residue 166: ALA, Nonterminal, was not found in name map.)
(Residue 167: ARG, Nonterminal, was not found in name map.)
(Residue 168: VAL, Nonterminal, was not found in name map.)
(Residue 169: ALA, Nonterminal, was not found in name map.)
(Residue 170: THR, Nonterminal, was not found in name map.)
(Residue 171: ARG, Nonterminal, was not found in name map.)
(Residue 172: TRP, Nonterminal, was not found in name map.)
(Residue 173: TYR, Nonterminal, was not found in name map.)
(Residue 174: ARG, Nonterminal, was not found in name map.)
(Residue 175: ALA, Nonterminal, was not found in name map.)
(Residue 176: PRO, Nonterminal, was not found in name map.)
(Residue 177: GLU, Nonterminal, was not found in name map.)
(Residue 178: ILE, Nonterminal, was not found in name map.)
(Residue 179: MET, Nonterminal, was not found in name map.)
(Residue 180: LEU, Nonterminal, was not found in name map.)
(Residue 181: ASN, Nonterminal, was not found in name map.)
(Residue 182: TRP, Nonterminal, was not found in name map.)
(Residue 183: MET, Nonterminal, was not found in name map.)
(Residue 184: HIS, Nonterminal, was not found in name map.)
(Residue 185: TYR, Nonterminal, was not found in name map.)
(Residue 186: ASN, Nonterminal, was not found in name map.)
(Residue 187: GLN, Nonterminal, was not found in name map.)
(Residue 188: THR, Nonterminal, was not found in name map.)
(Residue 189: VAL, Nonterminal, was not found in name map.)
(Residue 190: ASP, Nonterminal, was not found in name map.)
(Residue 191: ILE, Nonterminal, was not found in name map.)
(Residue 192: TRP, Nonterminal, was not found in name map.)
(Residue 193: SER, Nonterminal, was not found in name map.)
(Residue 194: VAL, Nonterminal, was not found in name map.)
(Residue 195: GLY, Nonterminal, was not found in name map.)
(Residue 196: CYS, Nonterminal, was not found in name map.)
(Residue 197: ILE, Nonterminal, was not found in name map.)
(Residue 198: MET, Nonterminal, was not found in name map.)
(Residue 199: ALA, Nonterminal, was not found in name map.)
(Residue 200: GLU, Nonterminal, was not found in name map.)
(Residue 201: LEU, Nonterminal, was not found in name map.)
(Residue 202: LEU, Nonterminal, was not found in name map.)
(Residue 203: THR, Nonterminal, was not found in name map.)
(Residue 204: GLY, Nonterminal, was not found in name map.)
(Residue 205: ARG, Nonterminal, was not found in name map.)
(Residue 206: THR, Nonterminal, was not found in name map.)
(Residue 207: LEU, Nonterminal, was not found in name map.)
(Residue 208: PHE, Nonterminal, was not found in name map.)
(Residue 209: PRO, Nonterminal, was not found in name map.)
(Residue 210: GLY, Nonterminal, was not found in name map.)
(Residue 211: THR, Nonterminal, was not found in name map.)
(Residue 212: ASP, Nonterminal, was not found in name map.)
(Residue 213: HIS, Nonterminal, was not found in name map.)
(Residue 214: ILE, Nonterminal, was not found in name map.)
(Residue 215: ASP, Nonterminal, was not found in name map.)
(Residue 216: GLN, Nonterminal, was not found in name map.)
(Residue 217: LEU, Nonterminal, was not found in name map.)
(Residue 218: LYS, Nonterminal, was not found in name map.)
(Residue 219: LEU, Nonterminal, was not found in name map.)
(Residue 220: ILE, Nonterminal, was not found in name map.)
(Residue 221: LEU, Nonterminal, was not found in name map.)
(Residue 222: ARG, Nonterminal, was not found in name map.)
(Residue 223: LEU, Nonterminal, was not found in name map.)
(Residue 224: VAL, Nonterminal, was not found in name map.)
(Residue 225: GLY, Nonterminal, was not found in name map.)
(Residue 226: THR, Nonterminal, was not found in name map.)
(Residue 227: PRO, Nonterminal, was not found in name map.)
(Residue 228: GLY, Nonterminal, was not found in name map.)
(Residue 229: ALA, Nonterminal, was not found in name map.)
(Residue 230: GLU, Nonterminal, was not found in name map.)
(Residue 231: LEU, Nonterminal, was not found in name map.)
(Residue 232: LEU, Nonterminal, was not found in name map.)
(Residue 233: LYS, Nonterminal, was not found in name map.)
(Residue 234: LYS, Nonterminal, was not found in name map.)
(Residue 235: ILE, Nonterminal, was not found in name map.)
(Residue 236: SER, Nonterminal, was not found in name map.)
(Residue 237: SER, Nonterminal, was not found in name map.)
(Residue 238: GLU, Nonterminal, was not found in name map.)
(Residue 239: SER, Nonterminal, was not found in name map.)
(Residue 240: ALA, Nonterminal, was not found in name map.)
(Residue 241: ARG, Nonterminal, was not found in name map.)
(Residue 242: ASN, Nonterminal, was not found in name map.)
(Residue 243: TYR, Nonterminal, was not found in name map.)
(Residue 244: ILE, Nonterminal, was not found in name map.)
(Residue 245: GLN, Nonterminal, was not found in name map.)
(Residue 246: SER, Nonterminal, was not found in name map.)
(Residue 247: LEU, Nonterminal, was not found in name map.)
(Residue 248: THR, Nonterminal, was not found in name map.)
(Residue 249: GLN, Nonterminal, was not found in name map.)
(Residue 250: MET, Nonterminal, was not found in name map.)
(Residue 251: PRO, Nonterminal, was not found in name map.)
(Residue 252: LYS, Nonterminal, was not found in name map.)
(Residue 253: MET, Nonterminal, was not found in name map.)
(Residue 254: ASN, Nonterminal, was not found in name map.)
(Residue 255: PHE, Nonterminal, was not found in name map.)
(Residue 256: ALA, Nonterminal, was not found in name map.)
(Residue 257: ASN, Nonterminal, was not found in name map.)
(Residue 258: VAL, Nonterminal, was not found in name map.)
(Residue 259: PHE, Nonterminal, was not found in name map.)
(Residue 260: ILE, Nonterminal, was not found in name map.)
(Residue 261: GLY, Nonterminal, was not found in name map.)
(Residue 262: ALA, Nonterminal, was not found in name map.)
(Residue 263: ASN, Nonterminal, was not found in name map.)
(Residue 264: PRO, Nonterminal, was not found in name map.)
(Residue 265: LEU, Nonterminal, was not found in name map.)
(Residue 266: ALA, Nonterminal, was not found in name map.)
(Residue 267: VAL, Nonterminal, was not found in name map.)
(Residue 268: ASP, Nonterminal, was not found in name map.)
(Residue 269: LEU, Nonterminal, was not found in name map.)
(Residue 270: LEU, Nonterminal, was not found in name map.)
(Residue 271: GLU, Nonterminal, was not found in name map.)
(Residue 272: LYS, Nonterminal, was not found in name map.)
(Residue 273: MET, Nonterminal, was not found in name map.)
(Residue 274: LEU, Nonterminal, was not found in name map.)
(Residue 275: VAL, Nonterminal, was not found in name map.)
(Residue 276: LEU, Nonterminal, was not found in name map.)
(Residue 277: ASP, Nonterminal, was not found in name map.)
(Residue 278: SER, Nonterminal, was not found in name map.)
(Residue 279: ASP, Nonterminal, was not found in name map.)
(Residue 280: LYS, Nonterminal, was not found in name map.)
(Residue 281: ARG, Nonterminal, was not found in name map.)
(Residue 282: ILE, Nonterminal, was not found in name map.)
(Residue 283: THR, Nonterminal, was not found in name map.)
(Residue 284: ALA, Nonterminal, was not found in name map.)
(Residue 285: ALA, Nonterminal, was not found in name map.)
(Residue 286: GLN, Nonterminal, was not found in name map.)
(Residue 287: ALA, Nonterminal, was not found in name map.)
(Residue 288: LEU, Nonterminal, was not found in name map.)
(Residue 289: ALA, Nonterminal, was not found in name map.)
(Residue 290: HIS, Nonterminal, was not found in name map.)
(Residue 291: ALA, Nonterminal, was not found in name map.)
(Residue 292: TYR, Nonterminal, was not found in name map.)
(Residue 293: PHE, Nonterminal, was not found in name map.)
(Residue 294: ALA, Nonterminal, was not found in name map.)
(Residue 295: GLN, Nonterminal, was not found in name map.)
(Residue 296: TYR, Nonterminal, was not found in name map.)
(Residue 297: HIS, Nonterminal, was not found in name map.)
(Residue 298: ASP, Nonterminal, was not found in name map.)
(Residue 299: PRO, Nonterminal, was not found in name map.)
(Residue 300: ASP, Nonterminal, was not found in name map.)
(Residue 301: ASP, Nonterminal, was not found in name map.)
(Residue 302: GLU, Nonterminal, was not found in name map.)
(Residue 303: PRO, Nonterminal, was not found in name map.)
(Residue 304: VAL, Nonterminal, was not found in name map.)
(Residue 305: ALA, Nonterminal, was not found in name map.)
(Residue 306: ASP, Nonterminal, was not found in name map.)
(Residue 307: PRO, Nonterminal, was not found in name map.)
(Residue 308: TYR, Nonterminal, was not found in name map.)
(Residue 309: ASP, Nonterminal, was not found in name map.)
(Residue 310: GLN, Nonterminal, was not found in name map.)
(Residue 311: SER, Nonterminal, was not found in name map.)
(Residue 312: PHE, Nonterminal, was not found in name map.)
(Residue 313: GLU, Nonterminal, was not found in name map.)
(Residue 314: SER, Nonterminal, was not found in name map.)
(Residue 315: ARG, Nonterminal, was not found in name map.)
(Residue 316: ASP, Nonterminal, was not found in name map.)
(Residue 317: LEU, Nonterminal, was not found in name map.)
(Residue 318: LEU, Nonterminal, was not found in name map.)
(Residue 319: ILE, Nonterminal, was not found in name map.)
(Residue 320: ASP, Nonterminal, was not found in name map.)
(Residue 321: GLU, Nonterminal, was not found in name map.)
(Residue 322: TRP, Nonterminal, was not found in name map.)
(Residue 323: LYS, Nonterminal, was not found in name map.)
(Residue 324: SER, Nonterminal, was not found in name map.)
(Residue 325: LEU, Nonterminal, was not found in name map.)
(Residue 326: THR, Nonterminal, was not found in name map.)
(Residue 327: TYR, Nonterminal, was not found in name map.)
(Residue 328: ASP, Nonterminal, was not found in name map.)
(Residue 329: GLU, Nonterminal, was not found in name map.)
(Residue 330: VAL, Nonterminal, was not found in name map.)
(Residue 331: ILE, Nonterminal, was not found in name map.)
(Residue 332: SER, Nonterminal, was not found in name map.)
(Residue 333: PHE, Nonterminal, was not found in name map.)
(Residue 334: VAL, Nonterminal, was not found in name map.)
(Residue 335: PRO, Nonterminal, was not found in name map.)
(Residue 336: PRO, Nonterminal, was not found in name map.)
Mapped residue PRO, term: Terminal/last, seq. number: 337 to: CPRO.
Joining NARG - PRO
Joining PRO - THR
Joining THR - PHE
Joining PHE - TYR
Joining TYR - ARG
Joining ARG - GLN
Joining GLN - GLU
Joining GLU - LEU
Joining LEU - ASN
Joining ASN - LYS
Joining LYS - THR
Joining THR - ILE
Joining ILE - TRP
Joining TRP - GLU
Joining GLU - VAL
Joining VAL - PRO
Joining PRO - GLU
Joining GLU - ARG
Joining ARG - TYR
Joining TYR - GLN
Joining GLN - ASN
Joining ASN - LEU
Joining LEU - SER
Joining SER - PRO
Joining PRO - VAL
Joining VAL - GLY
Joining GLY - SER
Joining SER - GLY
Joining GLY - ALA
Joining ALA - TYR
Joining TYR - GLY
Joining GLY - SER
Joining SER - VAL
Joining VAL - CYS
Joining CYS - ALA
Joining ALA - ALA
Joining ALA - PHE
Joining PHE - ASP
Joining ASP - THR
Joining THR - LYS
Joining LYS - THR
Joining THR - GLY
Joining GLY - HIE
Joining HIE - ARG
Joining ARG - VAL
Joining VAL - ALA
Joining ALA - VAL
Joining VAL - LYS
Joining LYS - LYS
Joining LYS - LEU
Joining LEU - SER
Joining SER - ARG
Joining ARG - PRO
Joining PRO - PHE
Joining PHE - GLN
Joining GLN - SER
Joining SER - ILE
Joining ILE - ILE
Joining ILE - HIE
Joining HIE - ALA
Joining ALA - LYS
Joining LYS - ARG
Joining ARG - THR
Joining THR - TYR
Joining TYR - ARG
Joining ARG - GLU
Joining GLU - LEU
Joining LEU - ARG
Joining ARG - LEU
Joining LEU - LEU
Joining LEU - LYS
Joining LYS - HIE
Joining HIE - MET
Joining MET - LYS
Joining LYS - HIE
Joining HIE - GLU
Joining GLU - ASN
Joining ASN - VAL
Joining VAL - ILE
Joining ILE - GLY
Joining GLY - LEU
Joining LEU - LEU
Joining LEU - ASP
Joining ASP - VAL
Joining VAL - PHE
Joining PHE - THR
Joining THR - PRO
Joining PRO - ALA
Joining ALA - ARG
Joining ARG - SER
Joining SER - LEU
Joining LEU - GLU
Joining GLU - GLU
Joining GLU - PHE
Joining PHE - ASN
Joining ASN - ASP
Joining ASP - VAL
Joining VAL - TYR
Joining TYR - LEU
Joining LEU - VAL
Joining VAL - THR
Joining THR - HIE
Joining HIE - LEU
Joining LEU - MET
Joining MET - GLY
Joining GLY - ALA
Joining ALA - ASP
Joining ASP - LEU
Joining LEU - ASN
Joining ASN - ASN
Joining ASN - ILE
Joining ILE - LYS
Joining LYS - CYS
Joining CYS - GLN
Joining GLN - LYS
Joining LYS - LEU
Joining LEU - THR
Joining THR - ASP
Joining ASP - ASP
Joining ASP - HIE
Joining HIE - VAL
Joining VAL - GLN
Joining GLN - PHE
Joining PHE - LEU
Joining LEU - ILE
Joining ILE - TYR
Joining TYR - GLN
Joining GLN - ILE
Joining ILE - LEU
Joining LEU - ARG
Joining ARG - GLY
Joining GLY - LEU
Joining LEU - LYS
Joining LYS - TYR
Joining TYR - ILE
Joining ILE - HIE
Joining HIE - SER
Joining SER - ALA
Joining ALA - ASP
Joining ASP - ILE
Joining ILE - ILE
Joining ILE - HIE
Joining HIE - ARG
Joining ARG - ASP
Joining ASP - LEU
Joining LEU - LYS
Joining LYS - PRO
Joining PRO - SER
Joining SER - ASN
Joining ASN - LEU
Joining LEU - ALA
Joining ALA - VAL
Joining VAL - ASN
Joining ASN - GLU
Joining GLU - ASP
Joining ASP - CYS
Joining CYS - GLU
Joining GLU - LEU
Joining LEU - LYS
Joining LYS - ILE
Joining ILE - LEU
Joining LEU - ASP
Joining ASP - PHE
Joining PHE - GLY
Joining GLY - LEU
Joining LEU - ALA
Joining ALA - ARG
Joining ARG - VAL
  Added missing heavy atom: .R<VAL 173>.A<CG1 7>
  Added missing heavy atom: .R<VAL 173>.A<CG2 11>
Joining VAL - ALA
Joining ALA - THR
Joining THR - ARG
Joining ARG - TRP
Joining TRP - TYR
Joining TYR - ARG
Joining ARG - ALA
Joining ALA - PRO
Joining PRO - GLU
Joining GLU - ILE
Joining ILE - MET
Joining MET - LEU
Joining LEU - ASN
Joining ASN - TRP
Joining TRP - MET
Joining MET - HIE
Joining HIE - TYR
Joining TYR - ASN
Joining ASN - GLN
Joining GLN - THR
Joining THR - VAL
Joining VAL - ASP
Joining ASP - ILE
Joining ILE - TRP
Joining TRP - SER
Joining SER - VAL
Joining VAL - GLY
Joining GLY - CYS
Joining CYS - ILE
Joining ILE - MET
Joining MET - ALA
Joining ALA - GLU
Joining GLU - LEU
Joining LEU - LEU
Joining LEU - THR
Joining THR - GLY
Joining GLY - ARG
Joining ARG - THR
Joining THR - LEU
Joining LEU - PHE
Joining PHE - PRO
Joining PRO - GLY
Joining GLY - THR
Joining THR - ASP
Joining ASP - HIE
Joining HIE - ILE
Joining ILE - ASP
Joining ASP - GLN
Joining GLN - LEU
Joining LEU - LYS
Joining LYS - LEU
Joining LEU - ILE
Joining ILE - LEU
Joining LEU - ARG
Joining ARG - LEU
Joining LEU - VAL
Joining VAL - GLY
Joining GLY - THR
Joining THR - PRO
Joining PRO - GLY
Joining GLY - ALA
Joining ALA - GLU
Joining GLU - LEU
Joining LEU - LEU
Joining LEU - LYS
Joining LYS - LYS
Joining LYS - ILE
Joining ILE - SER
Joining SER - SER
Joining SER - GLU
Joining GLU - SER
Joining SER - ALA
Joining ALA - ARG
Joining ARG - ASN
Joining ASN - TYR
Joining TYR - ILE
Joining ILE - GLN
Joining GLN - SER
Joining SER - LEU
Joining LEU - THR
Joining THR - GLN
Joining GLN - MET
Joining MET - PRO
Joining PRO - LYS
Joining LYS - MET
Joining MET - ASN
Joining ASN - PHE
Joining PHE - ALA
Joining ALA - ASN
Joining ASN - VAL
Joining VAL - PHE
Joining PHE - ILE
Joining ILE - GLY
Joining GLY - ALA
Joining ALA - ASN
Joining ASN - PRO
Joining PRO - LEU
Joining LEU - ALA
Joining ALA - VAL
Joining VAL - ASP
Joining ASP - LEU
Joining LEU - LEU
Joining LEU - GLU
Joining GLU - LYS
Joining LYS - MET
Joining MET - LEU
Joining LEU - VAL
Joining VAL - LEU
Joining LEU - ASP
Joining ASP - SER
Joining SER - ASP
Joining ASP - LYS
Joining LYS - ARG
Joining ARG - ILE
Joining ILE - THR
Joining THR - ALA
Joining ALA - ALA
Joining ALA - GLN
Joining GLN - ALA
Joining ALA - LEU
Joining LEU - ALA
Joining ALA - HIE
Joining HIE - ALA
Joining ALA - TYR
Joining TYR - PHE
Joining PHE - ALA
Joining ALA - GLN
Joining GLN - TYR
Joining TYR - HIE
Joining HIE - ASP
Joining ASP - PRO
Joining PRO - ASP
Joining ASP - ASP
Joining ASP - GLU
Joining GLU - PRO
Joining PRO - VAL
Joining VAL - ALA
Joining ALA - ASP
Joining ASP - PRO
Joining PRO - TYR
Joining TYR - ASP
Joining ASP - GLN
Joining GLN - SER
Joining SER - PHE
Joining PHE - GLU
Joining GLU - SER
Joining SER - ARG
Joining ARG - ASP
Joining ASP - LEU
Joining LEU - LEU
Joining LEU - ILE
Joining ILE - ASP
Joining ASP - GLU
Joining GLU - TRP
Joining TRP - LYS
Joining LYS - SER
Joining SER - LEU
Joining LEU - THR
Joining THR - TYR
Joining TYR - ASP
Joining ASP - GLU
Joining GLU - VAL
Joining VAL - ILE
Joining ILE - SER
Joining SER - PHE
Joining PHE - VAL
Joining VAL - PRO
Joining PRO - PRO
Joining PRO - CPRO
  Added missing heavy atom: .R<CPRO 342>.A<OXT 15>
  total atoms in file: 2728
  Leap added 2737 missing atoms according to residue templates:
       3 Heavy
       2734 H / lone pairs
> savepdb  protein  protein.pdb
Writing pdb file: protein.pdb
 Converting N-terminal residue name to PDB format: NARG -> ARG
 Converting C-terminal residue name to PDB format: CPRO -> PRO
> ##saveamberparm dipepide diVAL.prmtop diVAL.inpcrd
> 
> quit
	Quit
