log started: Fri Nov 23 17:40:22 2018

Log file: ./leap.log
>> #
>> # ----- leaprc for loading the ff99SB (Hornak & Simmerling) force field
>> # -----  this file is updated for PDB format 3
>> #
>> #	load atom type hybridizations
>> #
>> addAtomTypes {
>> 	{ "H"   "H" "sp3" }
>> 	{ "HO"  "H" "sp3" }
>> 	{ "HS"  "H" "sp3" }
>> 	{ "H1"  "H" "sp3" }
>> 	{ "H2"  "H" "sp3" }
>> 	{ "H3"  "H" "sp3" }
>> 	{ "H4"  "H" "sp3" }
>> 	{ "H5"  "H" "sp3" }
>> 	{ "HW"  "H" "sp3" }
>> 	{ "HC"  "H" "sp3" }
>> 	{ "HA"  "H" "sp3" }
>> 	{ "HP"  "H" "sp3" }
>> 	{ "OH"  "O" "sp3" }
>> 	{ "OS"  "O" "sp3" }
>> 	{ "O"   "O" "sp2" }
>> 	{ "O2"  "O" "sp2" }
>> 	{ "OW"  "O" "sp3" }
>> 	{ "CT"  "C" "sp3" }
>> 	{ "CH"  "C" "sp3" }
>> 	{ "C2"  "C" "sp3" }
>> 	{ "C3"  "C" "sp3" }
>> 	{ "C"   "C" "sp2" }
>> 	{ "C*"  "C" "sp2" }
>> 	{ "CA"  "C" "sp2" }
>> 	{ "CB"  "C" "sp2" }
>> 	{ "CC"  "C" "sp2" }
>> 	{ "CN"  "C" "sp2" }
>> 	{ "CM"  "C" "sp2" }
>> 	{ "CK"  "C" "sp2" }
>> 	{ "CQ"  "C" "sp2" }
>> 	{ "CD"  "C" "sp2" }
>> 	{ "CE"  "C" "sp2" }
>> 	{ "CF"  "C" "sp2" }
>> 	{ "CP"  "C" "sp2" }
>> 	{ "CI"  "C" "sp2" }
>> 	{ "CJ"  "C" "sp2" }
>> 	{ "CW"  "C" "sp2" }
>> 	{ "CV"  "C" "sp2" }
>> 	{ "CR"  "C" "sp2" }
>> 	{ "CA"  "C" "sp2" }
>> 	{ "CY"  "C" "sp2" }
>> 	{ "C0"  "Ca" "sp2" }
>> 	{ "MG"  "Mg" "sp3" }
>> 	{ "N"   "N" "sp2" }
>> 	{ "NA"  "N" "sp2" }
>> 	{ "N2"  "N" "sp2" }
>> 	{ "N*"  "N" "sp2" }
>> 	{ "NP"  "N" "sp2" }
>> 	{ "NQ"  "N" "sp2" }
>> 	{ "NB"  "N" "sp2" }
>> 	{ "NC"  "N" "sp2" }
>> 	{ "NT"  "N" "sp3" }
>> 	{ "N3"  "N" "sp3" }
>> 	{ "S"   "S" "sp3" }
>> 	{ "SH"  "S" "sp3" }
>> 	{ "P"   "P" "sp3" }
>> 	{ "LP"  ""  "sp3" }
>> 	{ "F"   "F" "sp3" }
>> 	{ "CL"  "Cl" "sp3" }
>> 	{ "BR"  "Br" "sp3" }
>> 	{ "I"   "I"  "sp3" }
>> 	{ "FE"  "Fe" "sp3" }
>> 	{ "EP"  ""  "sp3" }
>> # glycam
>> 	{ "OG"  "O" "sp3" }
>> 	{ "OL"  "O" "sp3" }
>> 	{ "AC"  "C" "sp3" }
>> 	{ "EC"  "C" "sp3" }
>> }
>> #
>> #	Load the main parameter set.
>> #
>> parm99 = loadamberparams parm99.dat
Loading parameters: /share/home/zhanghaiping/program/amber16/dat/leap/parm/parm99.dat
Reading title:
PARM99 for DNA,RNA,AA, organic molecules, TIP3P wat. Polariz.& LP incl.02/04/99
(UNKNOWN ATOM TYPE: HZ)
(UNKNOWN ATOM TYPE: IM)
(UNKNOWN ATOM TYPE: Li)
(UNKNOWN ATOM TYPE: IP)
(UNKNOWN ATOM TYPE: K)
(UNKNOWN ATOM TYPE: Rb)
(UNKNOWN ATOM TYPE: Cs)
(UNKNOWN ATOM TYPE: Zn)
(UNKNOWN ATOM TYPE: IB)
(UNKNOWN ATOM TYPE: LP)
>> frcmod99SB = loadamberparams frcmod.ff99SB
Loading parameters: /share/home/zhanghaiping/program/amber16/dat/leap/parm/frcmod.ff99SB
Reading force field modification type file (frcmod)
Reading title:
Modification/update of parm99.dat (Hornak & Simmerling)
>> #
>> #	Load DNA/RNA libraries
>> #
>> loadOff all_nucleic94.lib
Loading library: /share/home/zhanghaiping/program/amber16/dat/leap/lib/all_nucleic94.lib
Loading: DA
Loading: DA3
Loading: DA5
Loading: DAN
Loading: DC
Loading: DC3
Loading: DC5
Loading: DCN
Loading: DG
Loading: DG3
Loading: DG5
Loading: DGN
Loading: DT
Loading: DT3
Loading: DT5
Loading: DTN
Loading: RA
Loading: RA3
Loading: RA5
Loading: RAN
Loading: RC
Loading: RC3
Loading: RC5
Loading: RCN
Loading: RG
Loading: RG3
Loading: RG5
Loading: RGN
Loading: RU
Loading: RU3
Loading: RU5
Loading: RUN
>> #
>> #	Load main chain and terminating 
>> #	amino acid libraries (i.e. ff94 libs)
>> #
>> loadOff all_amino94.lib
Loading library: /share/home/zhanghaiping/program/amber16/dat/leap/lib/all_amino94.lib
Loading: ALA
Loading: ARG
Loading: ASH
Loading: ASN
Loading: ASP
Loading: CYM
Loading: CYS
Loading: CYX
Loading: GLH
Loading: GLN
Loading: GLU
Loading: GLY
Loading: HID
Loading: HIE
Loading: HIP
Loading: ILE
Loading: LEU
Loading: LYN
Loading: LYS
Loading: MET
Loading: PHE
Loading: PRO
Loading: SER
Loading: THR
Loading: TRP
Loading: TYR
Loading: VAL
>> loadOff all_aminoct94.lib
Loading library: /share/home/zhanghaiping/program/amber16/dat/leap/lib/all_aminoct94.lib
Loading: CALA
Loading: CARG
Loading: CASN
Loading: CASP
Loading: CCYS
Loading: CCYX
Loading: CGLN
Loading: CGLU
Loading: CGLY
Loading: CHID
Loading: CHIE
Loading: CHIP
Loading: CILE
Loading: CLEU
Loading: CLYS
Loading: CMET
Loading: CPHE
Loading: CPRO
Loading: CSER
Loading: CTHR
Loading: CTRP
Loading: CTYR
Loading: CVAL
Loading: NHE
Loading: NME
>> loadOff all_aminont94.lib
Loading library: /share/home/zhanghaiping/program/amber16/dat/leap/lib/all_aminont94.lib
Loading: ACE
Loading: NALA
Loading: NARG
Loading: NASN
Loading: NASP
Loading: NCYS
Loading: NCYX
Loading: NGLN
Loading: NGLU
Loading: NGLY
Loading: NHID
Loading: NHIE
Loading: NHIP
Loading: NILE
Loading: NLEU
Loading: NLYS
Loading: NMET
Loading: NPHE
Loading: NPRO
Loading: NSER
Loading: NTHR
Loading: NTRP
Loading: NTYR
Loading: NVAL
>> #
>> #       Load water and ions
>> # 
>> loadOff ions94.lib
Loading library: /share/home/zhanghaiping/program/amber16/dat/leap/lib/ions94.lib
Loading: CIO
Loading: Cl-
Loading: Cs+
Loading: IB
Loading: K+
Loading: Li+
Loading: MG2
Loading: Na+
Loading: Rb+
>> loadOff solvents.lib
Loading library: /share/home/zhanghaiping/program/amber16/dat/leap/lib/solvents.lib
Loading: CHCL3BOX
Loading: DC4
Loading: FB3
Loading: FB3BOX
Loading: FB4
Loading: FB4BOX
Loading: MEOHBOX
Loading: NMABOX
Loading: OPC
Loading: OPCBOX
Loading: PL3
Loading: POL3BOX
Loading: QSPCFWBOX
Loading: SPC
Loading: SPCBOX
Loading: SPCFWBOX
Loading: SPF
Loading: SPG
Loading: T4E
Loading: TIP3PBOX
Loading: TIP3PFBOX
Loading: TIP4PBOX
Loading: TIP4PEWBOX
Loading: TIP5PBOX
Loading: TP3
Loading: TP4
Loading: TP5
Loading: TPF
>> HOH = TP3
>> WAT = TP3
>> 
>> #
>> #	Define the PDB name map for the amino acids and DNA.
>> #
>> addPdbResMap {
>>   { 0 "ALA" "NALA" } { 1 "ALA" "CALA" }
>>   { 0 "ARG" "NARG" } { 1 "ARG" "CARG" }
>>   { 0 "ASN" "NASN" } { 1 "ASN" "CASN" }
>>   { 0 "ASP" "NASP" } { 1 "ASP" "CASP" }
>>   { 0 "CYS" "NCYS" } { 1 "CYS" "CCYS" }
>>   { 0 "CYX" "NCYX" } { 1 "CYX" "CCYX" }
>>   { 0 "GLN" "NGLN" } { 1 "GLN" "CGLN" }
>>   { 0 "GLU" "NGLU" } { 1 "GLU" "CGLU" }
>>   { 0 "GLY" "NGLY" } { 1 "GLY" "CGLY" }
>>   { 0 "HID" "NHID" } { 1 "HID" "CHID" }
>>   { 0 "HIE" "NHIE" } { 1 "HIE" "CHIE" }
>>   { 0 "HIP" "NHIP" } { 1 "HIP" "CHIP" }
>>   { 0 "ILE" "NILE" } { 1 "ILE" "CILE" }
>>   { 0 "LEU" "NLEU" } { 1 "LEU" "CLEU" }
>>   { 0 "LYS" "NLYS" } { 1 "LYS" "CLYS" }
>>   { 0 "MET" "NMET" } { 1 "MET" "CMET" }
>>   { 0 "PHE" "NPHE" } { 1 "PHE" "CPHE" }
>>   { 0 "PRO" "NPRO" } { 1 "PRO" "CPRO" }
>>   { 0 "SER" "NSER" } { 1 "SER" "CSER" }
>>   { 0 "THR" "NTHR" } { 1 "THR" "CTHR" }
>>   { 0 "TRP" "NTRP" } { 1 "TRP" "CTRP" }
>>   { 0 "TYR" "NTYR" } { 1 "TYR" "CTYR" }
>>   { 0 "VAL" "NVAL" } { 1 "VAL" "CVAL" }
>>   { 0 "HIS" "NHIS" } { 1 "HIS" "CHIS" }
>>   { 0 "GUA" "DG5"  } { 1 "GUA" "DG3"  } { "GUA" "DG" }
>>   { 0 "ADE" "DA5"  } { 1 "ADE" "DA3"  } { "ADE" "DA" }
>>   { 0 "CYT" "DC5"  } { 1 "CYT" "DC3"  } { "CYT" "DC" }
>>   { 0 "THY" "DT5"  } { 1 "THY" "DT3"  } { "THY" "DT" }
>>   { 0 "G" "RG5"  } { 1 "G" "RG3"  } { "G" "RG" } { "GN" "RGN" }
>>   { 0 "A" "RA5"  } { 1 "A" "RA3"  } { "A" "RA" } { "AN" "RAN" }
>>   { 0 "C" "RC5"  } { 1 "C" "RC3"  } { "C" "RC" } { "CN" "RCN" }
>>   { 0 "U" "RU5"  } { 1 "U" "RU3"  } { "U" "RU" } { "UN" "RUN" }
>>   { 0 "DG" "DG5"  } { 1 "DG" "DG3"  }  
>>   { 0 "DA" "DA5"  } { 1 "DA" "DA3"  }  
>>   { 0 "DC" "DC5"  } { 1 "DC" "DC3"  }  
>>   { 0 "DT" "DT5"  } { 1 "DT" "DT3"  }
>> 
>> }
>> 
>> addPdbAtomMap {
>>   { "O5*" "O5'" }
>>   { "C5*" "C5'" }
>>   { "C4*" "C4'" }
>>   { "O4*" "O4'" }
>>   { "C3*" "C3'" }
>>   { "O3*" "O3'" }
>>   { "C2*" "C2'" }
>>   { "C1*" "C1'" }
>>   { "C5M" "C7"  }
>>   { "O2*" "O2'" }
>>   { "H1*" "H1'" }
>>   { "H2*1" "H2'1" }
>>   { "H2*2" "H2'2" }
>>   { "H2'"  "H2'1" }
>>   { "H2''" "H2'2" }
>>   { "H3*" "H3'" }
>>   { "H4*" "H4'" }
>>   { "H5*1" "H5'1" }
>>   { "H5*2" "H5'2" }
>>   { "H5'"  "H5'1" }
>>   { "H5''" "H5'2" }
>>   { "HO2'" "HO'2" }
>>   { "HO5'" "H5T" }
>>   { "HO3'" "H3T" }
>>   { "O1'" "O4'" }
>>   { "OA"  "O1P" }
>>   { "OB"  "O2P" }
>>   { "OP1" "O1P" }
>>   { "OP2" "O2P" }
>> }
>> 
>> 
>> #
>> # assumed that most often proteins use HIE
>> #
>> NHIS = NHIE
>> HIS = HIE
>> CHIS = CHIE
> 
> #source /home/zhp/tleap/leaprc.GLYCAM_06j-1
> set default PBRadii mbondi3
Using ArgH and AspGluO modified Bondi2 radii
> #3dipepide=sequence{ACE VAL NME}
> 
> 
> protein = loadpdb  1sj0_ww.pdb
Loading PDB file: ./1sj0_ww.pdb
Enter zPdbReadScan from call depth  0.
Exit  zPdbReadScan from call depth  0.
Matching PDB residue names to LEaP variables.
Mapped residue ALA, term: Terminal/beginning, seq. number: 0 to: NALA.
(Residue 1: LEU, Nonterminal, was not found in name map.)
(Residue 2: SER, Nonterminal, was not found in name map.)
(Residue 3: LEU, Nonterminal, was not found in name map.)
(Residue 4: THR, Nonterminal, was not found in name map.)
(Residue 5: ALA, Nonterminal, was not found in name map.)
(Residue 6: ASP, Nonterminal, was not found in name map.)
(Residue 7: GLN, Nonterminal, was not found in name map.)
(Residue 8: MET, Nonterminal, was not found in name map.)
(Residue 9: VAL, Nonterminal, was not found in name map.)
(Residue 10: SER, Nonterminal, was not found in name map.)
(Residue 11: ALA, Nonterminal, was not found in name map.)
(Residue 12: LEU, Nonterminal, was not found in name map.)
(Residue 13: LEU, Nonterminal, was not found in name map.)
(Residue 14: ASP, Nonterminal, was not found in name map.)
(Residue 15: ALA, Nonterminal, was not found in name map.)
(Residue 16: GLU, Nonterminal, was not found in name map.)
(Residue 17: PRO, Nonterminal, was not found in name map.)
(Residue 18: PRO, Nonterminal, was not found in name map.)
(Residue 19: ILE, Nonterminal, was not found in name map.)
(Residue 20: LEU, Nonterminal, was not found in name map.)
(Residue 21: TYR, Nonterminal, was not found in name map.)
(Residue 22: SER, Nonterminal, was not found in name map.)
(Residue 23: GLU, Nonterminal, was not found in name map.)
(Residue 24: TYR, Nonterminal, was not found in name map.)
(Residue 25: ASP, Nonterminal, was not found in name map.)
(Residue 26: PRO, Nonterminal, was not found in name map.)
(Residue 27: THR, Nonterminal, was not found in name map.)
(Residue 28: ARG, Nonterminal, was not found in name map.)
(Residue 29: PRO, Nonterminal, was not found in name map.)
(Residue 30: PHE, Nonterminal, was not found in name map.)
(Residue 31: SER, Nonterminal, was not found in name map.)
(Residue 32: GLU, Nonterminal, was not found in name map.)
(Residue 33: ALA, Nonterminal, was not found in name map.)
(Residue 34: SER, Nonterminal, was not found in name map.)
(Residue 35: MET, Nonterminal, was not found in name map.)
(Residue 36: MET, Nonterminal, was not found in name map.)
(Residue 37: GLY, Nonterminal, was not found in name map.)
(Residue 38: LEU, Nonterminal, was not found in name map.)
(Residue 39: LEU, Nonterminal, was not found in name map.)
(Residue 40: THR, Nonterminal, was not found in name map.)
(Residue 41: ASN, Nonterminal, was not found in name map.)
(Residue 42: LEU, Nonterminal, was not found in name map.)
(Residue 43: ALA, Nonterminal, was not found in name map.)
(Residue 44: ASP, Nonterminal, was not found in name map.)
(Residue 45: ARG, Nonterminal, was not found in name map.)
(Residue 46: GLU, Nonterminal, was not found in name map.)
(Residue 47: LEU, Nonterminal, was not found in name map.)
(Residue 48: VAL, Nonterminal, was not found in name map.)
(Residue 49: HIS, Nonterminal, was not found in name map.)
(Residue 50: MET, Nonterminal, was not found in name map.)
(Residue 51: ILE, Nonterminal, was not found in name map.)
(Residue 52: ASN, Nonterminal, was not found in name map.)
(Residue 53: TRP, Nonterminal, was not found in name map.)
(Residue 54: ALA, Nonterminal, was not found in name map.)
(Residue 55: LYS, Nonterminal, was not found in name map.)
(Residue 56: ARG, Nonterminal, was not found in name map.)
(Residue 57: VAL, Nonterminal, was not found in name map.)
(Residue 58: PRO, Nonterminal, was not found in name map.)
(Residue 59: GLY, Nonterminal, was not found in name map.)
(Residue 60: PHE, Nonterminal, was not found in name map.)
(Residue 61: VAL, Nonterminal, was not found in name map.)
(Residue 62: ASP, Nonterminal, was not found in name map.)
(Residue 63: LEU, Nonterminal, was not found in name map.)
(Residue 64: THR, Nonterminal, was not found in name map.)
(Residue 65: LEU, Nonterminal, was not found in name map.)
(Residue 66: HIS, Nonterminal, was not found in name map.)
(Residue 67: ASP, Nonterminal, was not found in name map.)
(Residue 68: GLN, Nonterminal, was not found in name map.)
(Residue 69: VAL, Nonterminal, was not found in name map.)
(Residue 70: HIS, Nonterminal, was not found in name map.)
(Residue 71: LEU, Nonterminal, was not found in name map.)
(Residue 72: LEU, Nonterminal, was not found in name map.)
(Residue 73: GLU, Nonterminal, was not found in name map.)
(Residue 74: CYS, Nonterminal, was not found in name map.)
(Residue 75: ALA, Nonterminal, was not found in name map.)
(Residue 76: TRP, Nonterminal, was not found in name map.)
(Residue 77: LEU, Nonterminal, was not found in name map.)
(Residue 78: GLU, Nonterminal, was not found in name map.)
(Residue 79: ILE, Nonterminal, was not found in name map.)
(Residue 80: LEU, Nonterminal, was not found in name map.)
(Residue 81: MET, Nonterminal, was not found in name map.)
(Residue 82: ILE, Nonterminal, was not found in name map.)
(Residue 83: GLY, Nonterminal, was not found in name map.)
(Residue 84: LEU, Nonterminal, was not found in name map.)
(Residue 85: VAL, Nonterminal, was not found in name map.)
(Residue 86: TRP, Nonterminal, was not found in name map.)
(Residue 87: ARG, Nonterminal, was not found in name map.)
(Residue 88: SER, Nonterminal, was not found in name map.)
(Residue 89: MET, Nonterminal, was not found in name map.)
(Residue 90: GLU, Nonterminal, was not found in name map.)
(Residue 91: HIS, Nonterminal, was not found in name map.)
(Residue 92: PRO, Nonterminal, was not found in name map.)
(Residue 93: GLY, Nonterminal, was not found in name map.)
(Residue 94: LYS, Nonterminal, was not found in name map.)
(Residue 95: LEU, Nonterminal, was not found in name map.)
(Residue 96: LEU, Nonterminal, was not found in name map.)
(Residue 97: PHE, Nonterminal, was not found in name map.)
(Residue 98: ALA, Nonterminal, was not found in name map.)
(Residue 99: PRO, Nonterminal, was not found in name map.)
(Residue 100: ASN, Nonterminal, was not found in name map.)
(Residue 101: LEU, Nonterminal, was not found in name map.)
(Residue 102: LEU, Nonterminal, was not found in name map.)
(Residue 103: LEU, Nonterminal, was not found in name map.)
(Residue 104: ASP, Nonterminal, was not found in name map.)
(Residue 105: ARG, Nonterminal, was not found in name map.)
(Residue 106: ASN, Nonterminal, was not found in name map.)
(Residue 107: GLN, Nonterminal, was not found in name map.)
(Residue 108: GLY, Nonterminal, was not found in name map.)
(Residue 109: LYS, Nonterminal, was not found in name map.)
(Residue 110: CYS, Nonterminal, was not found in name map.)
(Residue 111: VAL, Nonterminal, was not found in name map.)
(Residue 112: GLU, Nonterminal, was not found in name map.)
(Residue 113: GLY, Nonterminal, was not found in name map.)
(Residue 114: MET, Nonterminal, was not found in name map.)
(Residue 115: VAL, Nonterminal, was not found in name map.)
(Residue 116: GLU, Nonterminal, was not found in name map.)
(Residue 117: ILE, Nonterminal, was not found in name map.)
(Residue 118: PHE, Nonterminal, was not found in name map.)
(Residue 119: ASP, Nonterminal, was not found in name map.)
(Residue 120: MET, Nonterminal, was not found in name map.)
(Residue 121: LEU, Nonterminal, was not found in name map.)
(Residue 122: LEU, Nonterminal, was not found in name map.)
(Residue 123: ALA, Nonterminal, was not found in name map.)
(Residue 124: THR, Nonterminal, was not found in name map.)
(Residue 125: SER, Nonterminal, was not found in name map.)
(Residue 126: SER, Nonterminal, was not found in name map.)
(Residue 127: ARG, Nonterminal, was not found in name map.)
(Residue 128: PHE, Nonterminal, was not found in name map.)
(Residue 129: ARG, Nonterminal, was not found in name map.)
(Residue 130: MET, Nonterminal, was not found in name map.)
(Residue 131: MET, Nonterminal, was not found in name map.)
(Residue 132: ASN, Nonterminal, was not found in name map.)
(Residue 133: LEU, Nonterminal, was not found in name map.)
(Residue 134: GLN, Nonterminal, was not found in name map.)
(Residue 135: GLY, Nonterminal, was not found in name map.)
(Residue 136: GLU, Nonterminal, was not found in name map.)
(Residue 137: GLU, Nonterminal, was not found in name map.)
(Residue 138: PHE, Nonterminal, was not found in name map.)
(Residue 139: VAL, Nonterminal, was not found in name map.)
(Residue 140: CYS, Nonterminal, was not found in name map.)
(Residue 141: LEU, Nonterminal, was not found in name map.)
(Residue 142: LYS, Nonterminal, was not found in name map.)
(Residue 143: SER, Nonterminal, was not found in name map.)
(Residue 144: ILE, Nonterminal, was not found in name map.)
(Residue 145: ILE, Nonterminal, was not found in name map.)
(Residue 146: LEU, Nonterminal, was not found in name map.)
(Residue 147: LEU, Nonterminal, was not found in name map.)
(Residue 148: ASN, Nonterminal, was not found in name map.)
(Residue 149: SER, Nonterminal, was not found in name map.)
(Residue 150: GLY, Nonterminal, was not found in name map.)
(Residue 151: VAL, Nonterminal, was not found in name map.)
(Residue 152: TYR, Nonterminal, was not found in name map.)
(Residue 153: THR, Nonterminal, was not found in name map.)
(Residue 154: PHE, Nonterminal, was not found in name map.)
(Residue 155: LEU, Nonterminal, was not found in name map.)
(Residue 156: SER, Nonterminal, was not found in name map.)
(Residue 157: SER, Nonterminal, was not found in name map.)
(Residue 158: THR, Nonterminal, was not found in name map.)
(Residue 159: LEU, Nonterminal, was not found in name map.)
(Residue 160: LYS, Nonterminal, was not found in name map.)
(Residue 161: SER, Nonterminal, was not found in name map.)
(Residue 162: LEU, Nonterminal, was not found in name map.)
(Residue 163: GLU, Nonterminal, was not found in name map.)
(Residue 164: GLU, Nonterminal, was not found in name map.)
(Residue 165: LYS, Nonterminal, was not found in name map.)
(Residue 166: ASP, Nonterminal, was not found in name map.)
(Residue 167: HIS, Nonterminal, was not found in name map.)
(Residue 168: ILE, Nonterminal, was not found in name map.)
(Residue 169: HIS, Nonterminal, was not found in name map.)
(Residue 170: ARG, Nonterminal, was not found in name map.)
(Residue 171: VAL, Nonterminal, was not found in name map.)
(Residue 172: LEU, Nonterminal, was not found in name map.)
(Residue 173: ASP, Nonterminal, was not found in name map.)
(Residue 174: LYS, Nonterminal, was not found in name map.)
(Residue 175: ILE, Nonterminal, was not found in name map.)
(Residue 176: THR, Nonterminal, was not found in name map.)
(Residue 177: ASP, Nonterminal, was not found in name map.)
(Residue 178: THR, Nonterminal, was not found in name map.)
(Residue 179: LEU, Nonterminal, was not found in name map.)
(Residue 180: ILE, Nonterminal, was not found in name map.)
(Residue 181: HIS, Nonterminal, was not found in name map.)
(Residue 182: LEU, Nonterminal, was not found in name map.)
(Residue 183: MET, Nonterminal, was not found in name map.)
(Residue 184: ALA, Nonterminal, was not found in name map.)
(Residue 185: LYS, Nonterminal, was not found in name map.)
(Residue 186: ALA, Nonterminal, was not found in name map.)
(Residue 187: GLY, Nonterminal, was not found in name map.)
(Residue 188: LEU, Nonterminal, was not found in name map.)
(Residue 189: THR, Nonterminal, was not found in name map.)
(Residue 190: LEU, Nonterminal, was not found in name map.)
(Residue 191: GLN, Nonterminal, was not found in name map.)
(Residue 192: GLN, Nonterminal, was not found in name map.)
(Residue 193: GLN, Nonterminal, was not found in name map.)
(Residue 194: HIS, Nonterminal, was not found in name map.)
(Residue 195: GLN, Nonterminal, was not found in name map.)
(Residue 196: ARG, Nonterminal, was not found in name map.)
(Residue 197: LEU, Nonterminal, was not found in name map.)
(Residue 198: ALA, Nonterminal, was not found in name map.)
(Residue 199: GLN, Nonterminal, was not found in name map.)
(Residue 200: LEU, Nonterminal, was not found in name map.)
(Residue 201: LEU, Nonterminal, was not found in name map.)
(Residue 202: LEU, Nonterminal, was not found in name map.)
(Residue 203: ILE, Nonterminal, was not found in name map.)
(Residue 204: LEU, Nonterminal, was not found in name map.)
(Residue 205: SER, Nonterminal, was not found in name map.)
(Residue 206: HIS, Nonterminal, was not found in name map.)
(Residue 207: ILE, Nonterminal, was not found in name map.)
(Residue 208: ARG, Nonterminal, was not found in name map.)
(Residue 209: HIS, Nonterminal, was not found in name map.)
(Residue 210: MET, Nonterminal, was not found in name map.)
(Residue 211: SER, Nonterminal, was not found in name map.)
(Residue 212: ASN, Nonterminal, was not found in name map.)
(Residue 213: LYS, Nonterminal, was not found in name map.)
(Residue 214: GLY, Nonterminal, was not found in name map.)
(Residue 215: MET, Nonterminal, was not found in name map.)
(Residue 216: GLU, Nonterminal, was not found in name map.)
(Residue 217: HIS, Nonterminal, was not found in name map.)
(Residue 218: LEU, Nonterminal, was not found in name map.)
(Residue 219: TYR, Nonterminal, was not found in name map.)
(Residue 220: SER, Nonterminal, was not found in name map.)
(Residue 221: MET, Nonterminal, was not found in name map.)
(Residue 222: LYS, Nonterminal, was not found in name map.)
(Residue 223: CYS, Nonterminal, was not found in name map.)
(Residue 224: VAL, Nonterminal, was not found in name map.)
(Residue 225: VAL, Nonterminal, was not found in name map.)
(Residue 226: PRO, Nonterminal, was not found in name map.)
(Residue 227: LEU, Nonterminal, was not found in name map.)
(Residue 228: TYR, Nonterminal, was not found in name map.)
(Residue 229: ASP, Nonterminal, was not found in name map.)
(Residue 230: LEU, Nonterminal, was not found in name map.)
(Residue 231: LEU, Nonterminal, was not found in name map.)
(Residue 232: LEU, Nonterminal, was not found in name map.)
(Residue 233: GLU, Nonterminal, was not found in name map.)
(Residue 234: MET, Nonterminal, was not found in name map.)
(Residue 235: LEU, Nonterminal, was not found in name map.)
(Residue 236: ASP, Nonterminal, was not found in name map.)
(Residue 237: ALA, Nonterminal, was not found in name map.)
(Residue 238: HIS, Nonterminal, was not found in name map.)
(Residue 239: ARG, Nonterminal, was not found in name map.)
(Residue 240: LEU, Nonterminal, was not found in name map.)
(Residue 241: HIS, Nonterminal, was not found in name map.)
Mapped residue ALA, term: Terminal/last, seq. number: 242 to: CALA.
Joining NALA - LEU
Joining LEU - SER
Joining SER - LEU
Joining LEU - THR
Joining THR - ALA
Joining ALA - ASP
Joining ASP - GLN
Joining GLN - MET
Joining MET - VAL
Joining VAL - SER
Joining SER - ALA
Joining ALA - LEU
Joining LEU - LEU
Joining LEU - ASP
Joining ASP - ALA
Joining ALA - GLU
Joining GLU - PRO
Joining PRO - PRO
Joining PRO - ILE
Joining ILE - LEU
Joining LEU - TYR
Joining TYR - SER
Joining SER - GLU
Joining GLU - TYR
Joining TYR - ASP
Joining ASP - PRO
Joining PRO - THR
Joining THR - ARG
  Added missing heavy atom: .R<ARG 335>.A<CG 8>
  Added missing heavy atom: .R<ARG 335>.A<CD 11>
  Added missing heavy atom: .R<ARG 335>.A<NE 14>
  Added missing heavy atom: .R<ARG 335>.A<CZ 16>
  Added missing heavy atom: .R<ARG 335>.A<NH1 17>
  Added missing heavy atom: .R<ARG 335>.A<NH2 20>
Joining ARG - PRO
Joining PRO - PHE
Joining PHE - SER
Joining SER - GLU
Joining GLU - ALA
Joining ALA - SER
Joining SER - MET
Joining MET - MET
Joining MET - GLY
Joining GLY - LEU
Joining LEU - LEU
Joining LEU - THR
Joining THR - ASN
Joining ASN - LEU
Joining LEU - ALA
Joining ALA - ASP
Joining ASP - ARG
Joining ARG - GLU
Joining GLU - LEU
Joining LEU - VAL
Joining VAL - HIE
Joining HIE - MET
Joining MET - ILE
Joining ILE - ASN
Joining ASN - TRP
Joining TRP - ALA
Joining ALA - LYS
Joining LYS - ARG
Joining ARG - VAL
Joining VAL - PRO
Joining PRO - GLY
Joining GLY - PHE
Joining PHE - VAL
Joining VAL - ASP
Joining ASP - LEU
Joining LEU - THR
Joining THR - LEU
Joining LEU - HIE
Joining HIE - ASP
Joining ASP - GLN
Joining GLN - VAL
Joining VAL - HIE
Joining HIE - LEU
Joining LEU - LEU
Joining LEU - GLU
Joining GLU - CYS
Joining CYS - ALA
Joining ALA - TRP
Joining TRP - LEU
Joining LEU - GLU
Joining GLU - ILE
Joining ILE - LEU
Joining LEU - MET
Joining MET - ILE
Joining ILE - GLY
Joining GLY - LEU
Joining LEU - VAL
Joining VAL - TRP
Joining TRP - ARG
Joining ARG - SER
Joining SER - MET
Joining MET - GLU
Joining GLU - HIE
Joining HIE - PRO
Joining PRO - GLY
Joining GLY - LYS
Joining LYS - LEU
Joining LEU - LEU
Joining LEU - PHE
Joining PHE - ALA
Joining ALA - PRO
Joining PRO - ASN
Joining ASN - LEU
Joining LEU - LEU
Joining LEU - LEU
Joining LEU - ASP
Joining ASP - ARG
Joining ARG - ASN
Joining ASN - GLN
Joining GLN - GLY
Joining GLY - LYS
Joining LYS - CYS
Joining CYS - VAL
Joining VAL - GLU
Joining GLU - GLY
Joining GLY - MET
Joining MET - VAL
Joining VAL - GLU
Joining GLU - ILE
Joining ILE - PHE
Joining PHE - ASP
Joining ASP - MET
Joining MET - LEU
Joining LEU - LEU
Joining LEU - ALA
Joining ALA - THR
Joining THR - SER
Joining SER - SER
Joining SER - ARG
Joining ARG - PHE
Joining PHE - ARG
Joining ARG - MET
Joining MET - MET
Joining MET - ASN
Joining ASN - LEU
Joining LEU - GLN
Joining GLN - GLY
Joining GLY - GLU
Joining GLU - GLU
Joining GLU - PHE
Joining PHE - VAL
Joining VAL - CYS
Joining CYS - LEU
Joining LEU - LYS
Joining LYS - SER
Joining SER - ILE
Joining ILE - ILE
Joining ILE - LEU
Joining LEU - LEU
Joining LEU - ASN
Joining ASN - SER
Joining SER - GLY
Joining GLY - VAL
Joining VAL - TYR
Joining TYR - THR
Joining THR - PHE
Joining PHE - LEU
Joining LEU - SER
Joining SER - SER
Joining SER - THR
Joining THR - LEU
Joining LEU - LYS
Joining LYS - SER
Joining SER - LEU
Joining LEU - GLU
Joining GLU - GLU
Joining GLU - LYS
Joining LYS - ASP
Joining ASP - HIE
Joining HIE - ILE
Joining ILE - HIE
Joining HIE - ARG
Joining ARG - VAL
Joining VAL - LEU
Joining LEU - ASP
Joining ASP - LYS
Joining LYS - ILE
Joining ILE - THR
Joining THR - ASP
Joining ASP - THR
Joining THR - LEU
Joining LEU - ILE
Joining ILE - HIE
Joining HIE - LEU
Joining LEU - MET
Joining MET - ALA
Joining ALA - LYS
Joining LYS - ALA
Joining ALA - GLY
Joining GLY - LEU
Joining LEU - THR
Joining THR - LEU
Joining LEU - GLN
Joining GLN - GLN
Joining GLN - GLN
Joining GLN - HIE
Joining HIE - GLN
Joining GLN - ARG
Joining ARG - LEU
Joining LEU - ALA
Joining ALA - GLN
Joining GLN - LEU
Joining LEU - LEU
Joining LEU - LEU
Joining LEU - ILE
Joining ILE - LEU
Joining LEU - SER
Joining SER - HIE
Joining HIE - ILE
Joining ILE - ARG
Joining ARG - HIE
Joining HIE - MET
Joining MET - SER
Joining SER - ASN
Joining ASN - LYS
Joining LYS - GLY
Joining GLY - MET
Joining MET - GLU
Joining GLU - HIE
Joining HIE - LEU
Joining LEU - TYR
Joining TYR - SER
Joining SER - MET
Joining MET - LYS
Joining LYS - CYS
Joining CYS - VAL
Joining VAL - VAL
Joining VAL - PRO
Joining PRO - LEU
Joining LEU - TYR
Joining TYR - ASP
Joining ASP - LEU
Joining LEU - LEU
Joining LEU - LEU
Joining LEU - GLU
Joining GLU - MET
Joining MET - LEU
Joining LEU - ASP
Joining ASP - ALA
Joining ALA - HIE
Joining HIE - ARG
Joining ARG - LEU
Joining LEU - HIE
Joining HIE - CALA
  Added missing heavy atom: .R<CALA 549>.A<OXT 11>
  total atoms in file: 1934
  Leap added 1999 missing atoms according to residue templates:
       7 Heavy
       1992 H / lone pairs
> savepdb  protein  protein.pdb
Writing pdb file: protein.pdb
 Converting N-terminal residue name to PDB format: NALA -> ALA
 Converting C-terminal residue name to PDB format: CALA -> ALA
> ##saveamberparm dipepide diVAL.prmtop diVAL.inpcrd
> 
> quit
	Quit
