log started: Fri Nov 23 17:25:15 2018

Log file: ./leap.log
>> #
>> # ----- leaprc for loading the ff99SB (Hornak & Simmerling) force field
>> # -----  this file is updated for PDB format 3
>> #
>> #	load atom type hybridizations
>> #
>> addAtomTypes {
>> 	{ "H"   "H" "sp3" }
>> 	{ "HO"  "H" "sp3" }
>> 	{ "HS"  "H" "sp3" }
>> 	{ "H1"  "H" "sp3" }
>> 	{ "H2"  "H" "sp3" }
>> 	{ "H3"  "H" "sp3" }
>> 	{ "H4"  "H" "sp3" }
>> 	{ "H5"  "H" "sp3" }
>> 	{ "HW"  "H" "sp3" }
>> 	{ "HC"  "H" "sp3" }
>> 	{ "HA"  "H" "sp3" }
>> 	{ "HP"  "H" "sp3" }
>> 	{ "OH"  "O" "sp3" }
>> 	{ "OS"  "O" "sp3" }
>> 	{ "O"   "O" "sp2" }
>> 	{ "O2"  "O" "sp2" }
>> 	{ "OW"  "O" "sp3" }
>> 	{ "CT"  "C" "sp3" }
>> 	{ "CH"  "C" "sp3" }
>> 	{ "C2"  "C" "sp3" }
>> 	{ "C3"  "C" "sp3" }
>> 	{ "C"   "C" "sp2" }
>> 	{ "C*"  "C" "sp2" }
>> 	{ "CA"  "C" "sp2" }
>> 	{ "CB"  "C" "sp2" }
>> 	{ "CC"  "C" "sp2" }
>> 	{ "CN"  "C" "sp2" }
>> 	{ "CM"  "C" "sp2" }
>> 	{ "CK"  "C" "sp2" }
>> 	{ "CQ"  "C" "sp2" }
>> 	{ "CD"  "C" "sp2" }
>> 	{ "CE"  "C" "sp2" }
>> 	{ "CF"  "C" "sp2" }
>> 	{ "CP"  "C" "sp2" }
>> 	{ "CI"  "C" "sp2" }
>> 	{ "CJ"  "C" "sp2" }
>> 	{ "CW"  "C" "sp2" }
>> 	{ "CV"  "C" "sp2" }
>> 	{ "CR"  "C" "sp2" }
>> 	{ "CA"  "C" "sp2" }
>> 	{ "CY"  "C" "sp2" }
>> 	{ "C0"  "Ca" "sp2" }
>> 	{ "MG"  "Mg" "sp3" }
>> 	{ "N"   "N" "sp2" }
>> 	{ "NA"  "N" "sp2" }
>> 	{ "N2"  "N" "sp2" }
>> 	{ "N*"  "N" "sp2" }
>> 	{ "NP"  "N" "sp2" }
>> 	{ "NQ"  "N" "sp2" }
>> 	{ "NB"  "N" "sp2" }
>> 	{ "NC"  "N" "sp2" }
>> 	{ "NT"  "N" "sp3" }
>> 	{ "N3"  "N" "sp3" }
>> 	{ "S"   "S" "sp3" }
>> 	{ "SH"  "S" "sp3" }
>> 	{ "P"   "P" "sp3" }
>> 	{ "LP"  ""  "sp3" }
>> 	{ "F"   "F" "sp3" }
>> 	{ "CL"  "Cl" "sp3" }
>> 	{ "BR"  "Br" "sp3" }
>> 	{ "I"   "I"  "sp3" }
>> 	{ "FE"  "Fe" "sp3" }
>> 	{ "EP"  ""  "sp3" }
>> # glycam
>> 	{ "OG"  "O" "sp3" }
>> 	{ "OL"  "O" "sp3" }
>> 	{ "AC"  "C" "sp3" }
>> 	{ "EC"  "C" "sp3" }
>> }
>> #
>> #	Load the main parameter set.
>> #
>> parm99 = loadamberparams parm99.dat
Loading parameters: /share/home/zhanghaiping/program/amber16/dat/leap/parm/parm99.dat
Reading title:
PARM99 for DNA,RNA,AA, organic molecules, TIP3P wat. Polariz.& LP incl.02/04/99
(UNKNOWN ATOM TYPE: HZ)
(UNKNOWN ATOM TYPE: IM)
(UNKNOWN ATOM TYPE: Li)
(UNKNOWN ATOM TYPE: IP)
(UNKNOWN ATOM TYPE: K)
(UNKNOWN ATOM TYPE: Rb)
(UNKNOWN ATOM TYPE: Cs)
(UNKNOWN ATOM TYPE: Zn)
(UNKNOWN ATOM TYPE: IB)
(UNKNOWN ATOM TYPE: LP)
>> frcmod99SB = loadamberparams frcmod.ff99SB
Loading parameters: /share/home/zhanghaiping/program/amber16/dat/leap/parm/frcmod.ff99SB
Reading force field modification type file (frcmod)
Reading title:
Modification/update of parm99.dat (Hornak & Simmerling)
>> #
>> #	Load DNA/RNA libraries
>> #
>> loadOff all_nucleic94.lib
Loading library: /share/home/zhanghaiping/program/amber16/dat/leap/lib/all_nucleic94.lib
Loading: DA
Loading: DA3
Loading: DA5
Loading: DAN
Loading: DC
Loading: DC3
Loading: DC5
Loading: DCN
Loading: DG
Loading: DG3
Loading: DG5
Loading: DGN
Loading: DT
Loading: DT3
Loading: DT5
Loading: DTN
Loading: RA
Loading: RA3
Loading: RA5
Loading: RAN
Loading: RC
Loading: RC3
Loading: RC5
Loading: RCN
Loading: RG
Loading: RG3
Loading: RG5
Loading: RGN
Loading: RU
Loading: RU3
Loading: RU5
Loading: RUN
>> #
>> #	Load main chain and terminating 
>> #	amino acid libraries (i.e. ff94 libs)
>> #
>> loadOff all_amino94.lib
Loading library: /share/home/zhanghaiping/program/amber16/dat/leap/lib/all_amino94.lib
Loading: ALA
Loading: ARG
Loading: ASH
Loading: ASN
Loading: ASP
Loading: CYM
Loading: CYS
Loading: CYX
Loading: GLH
Loading: GLN
Loading: GLU
Loading: GLY
Loading: HID
Loading: HIE
Loading: HIP
Loading: ILE
Loading: LEU
Loading: LYN
Loading: LYS
Loading: MET
Loading: PHE
Loading: PRO
Loading: SER
Loading: THR
Loading: TRP
Loading: TYR
Loading: VAL
>> loadOff all_aminoct94.lib
Loading library: /share/home/zhanghaiping/program/amber16/dat/leap/lib/all_aminoct94.lib
Loading: CALA
Loading: CARG
Loading: CASN
Loading: CASP
Loading: CCYS
Loading: CCYX
Loading: CGLN
Loading: CGLU
Loading: CGLY
Loading: CHID
Loading: CHIE
Loading: CHIP
Loading: CILE
Loading: CLEU
Loading: CLYS
Loading: CMET
Loading: CPHE
Loading: CPRO
Loading: CSER
Loading: CTHR
Loading: CTRP
Loading: CTYR
Loading: CVAL
Loading: NHE
Loading: NME
>> loadOff all_aminont94.lib
Loading library: /share/home/zhanghaiping/program/amber16/dat/leap/lib/all_aminont94.lib
Loading: ACE
Loading: NALA
Loading: NARG
Loading: NASN
Loading: NASP
Loading: NCYS
Loading: NCYX
Loading: NGLN
Loading: NGLU
Loading: NGLY
Loading: NHID
Loading: NHIE
Loading: NHIP
Loading: NILE
Loading: NLEU
Loading: NLYS
Loading: NMET
Loading: NPHE
Loading: NPRO
Loading: NSER
Loading: NTHR
Loading: NTRP
Loading: NTYR
Loading: NVAL
>> #
>> #       Load water and ions
>> # 
>> loadOff ions94.lib
Loading library: /share/home/zhanghaiping/program/amber16/dat/leap/lib/ions94.lib
Loading: CIO
Loading: Cl-
Loading: Cs+
Loading: IB
Loading: K+
Loading: Li+
Loading: MG2
Loading: Na+
Loading: Rb+
>> loadOff solvents.lib
Loading library: /share/home/zhanghaiping/program/amber16/dat/leap/lib/solvents.lib
Loading: CHCL3BOX
Loading: DC4
Loading: FB3
Loading: FB3BOX
Loading: FB4
Loading: FB4BOX
Loading: MEOHBOX
Loading: NMABOX
Loading: OPC
Loading: OPCBOX
Loading: PL3
Loading: POL3BOX
Loading: QSPCFWBOX
Loading: SPC
Loading: SPCBOX
Loading: SPCFWBOX
Loading: SPF
Loading: SPG
Loading: T4E
Loading: TIP3PBOX
Loading: TIP3PFBOX
Loading: TIP4PBOX
Loading: TIP4PEWBOX
Loading: TIP5PBOX
Loading: TP3
Loading: TP4
Loading: TP5
Loading: TPF
>> HOH = TP3
>> WAT = TP3
>> 
>> #
>> #	Define the PDB name map for the amino acids and DNA.
>> #
>> addPdbResMap {
>>   { 0 "ALA" "NALA" } { 1 "ALA" "CALA" }
>>   { 0 "ARG" "NARG" } { 1 "ARG" "CARG" }
>>   { 0 "ASN" "NASN" } { 1 "ASN" "CASN" }
>>   { 0 "ASP" "NASP" } { 1 "ASP" "CASP" }
>>   { 0 "CYS" "NCYS" } { 1 "CYS" "CCYS" }
>>   { 0 "CYX" "NCYX" } { 1 "CYX" "CCYX" }
>>   { 0 "GLN" "NGLN" } { 1 "GLN" "CGLN" }
>>   { 0 "GLU" "NGLU" } { 1 "GLU" "CGLU" }
>>   { 0 "GLY" "NGLY" } { 1 "GLY" "CGLY" }
>>   { 0 "HID" "NHID" } { 1 "HID" "CHID" }
>>   { 0 "HIE" "NHIE" } { 1 "HIE" "CHIE" }
>>   { 0 "HIP" "NHIP" } { 1 "HIP" "CHIP" }
>>   { 0 "ILE" "NILE" } { 1 "ILE" "CILE" }
>>   { 0 "LEU" "NLEU" } { 1 "LEU" "CLEU" }
>>   { 0 "LYS" "NLYS" } { 1 "LYS" "CLYS" }
>>   { 0 "MET" "NMET" } { 1 "MET" "CMET" }
>>   { 0 "PHE" "NPHE" } { 1 "PHE" "CPHE" }
>>   { 0 "PRO" "NPRO" } { 1 "PRO" "CPRO" }
>>   { 0 "SER" "NSER" } { 1 "SER" "CSER" }
>>   { 0 "THR" "NTHR" } { 1 "THR" "CTHR" }
>>   { 0 "TRP" "NTRP" } { 1 "TRP" "CTRP" }
>>   { 0 "TYR" "NTYR" } { 1 "TYR" "CTYR" }
>>   { 0 "VAL" "NVAL" } { 1 "VAL" "CVAL" }
>>   { 0 "HIS" "NHIS" } { 1 "HIS" "CHIS" }
>>   { 0 "GUA" "DG5"  } { 1 "GUA" "DG3"  } { "GUA" "DG" }
>>   { 0 "ADE" "DA5"  } { 1 "ADE" "DA3"  } { "ADE" "DA" }
>>   { 0 "CYT" "DC5"  } { 1 "CYT" "DC3"  } { "CYT" "DC" }
>>   { 0 "THY" "DT5"  } { 1 "THY" "DT3"  } { "THY" "DT" }
>>   { 0 "G" "RG5"  } { 1 "G" "RG3"  } { "G" "RG" } { "GN" "RGN" }
>>   { 0 "A" "RA5"  } { 1 "A" "RA3"  } { "A" "RA" } { "AN" "RAN" }
>>   { 0 "C" "RC5"  } { 1 "C" "RC3"  } { "C" "RC" } { "CN" "RCN" }
>>   { 0 "U" "RU5"  } { 1 "U" "RU3"  } { "U" "RU" } { "UN" "RUN" }
>>   { 0 "DG" "DG5"  } { 1 "DG" "DG3"  }  
>>   { 0 "DA" "DA5"  } { 1 "DA" "DA3"  }  
>>   { 0 "DC" "DC5"  } { 1 "DC" "DC3"  }  
>>   { 0 "DT" "DT5"  } { 1 "DT" "DT3"  }
>> 
>> }
>> 
>> addPdbAtomMap {
>>   { "O5*" "O5'" }
>>   { "C5*" "C5'" }
>>   { "C4*" "C4'" }
>>   { "O4*" "O4'" }
>>   { "C3*" "C3'" }
>>   { "O3*" "O3'" }
>>   { "C2*" "C2'" }
>>   { "C1*" "C1'" }
>>   { "C5M" "C7"  }
>>   { "O2*" "O2'" }
>>   { "H1*" "H1'" }
>>   { "H2*1" "H2'1" }
>>   { "H2*2" "H2'2" }
>>   { "H2'"  "H2'1" }
>>   { "H2''" "H2'2" }
>>   { "H3*" "H3'" }
>>   { "H4*" "H4'" }
>>   { "H5*1" "H5'1" }
>>   { "H5*2" "H5'2" }
>>   { "H5'"  "H5'1" }
>>   { "H5''" "H5'2" }
>>   { "HO2'" "HO'2" }
>>   { "HO5'" "H5T" }
>>   { "HO3'" "H3T" }
>>   { "O1'" "O4'" }
>>   { "OA"  "O1P" }
>>   { "OB"  "O2P" }
>>   { "OP1" "O1P" }
>>   { "OP2" "O2P" }
>> }
>> 
>> 
>> #
>> # assumed that most often proteins use HIE
>> #
>> NHIS = NHIE
>> HIS = HIE
>> CHIS = CHIE
> 
> #source /home/zhp/tleap/leaprc.GLYCAM_06j-1
> set default PBRadii mbondi3
Using ArgH and AspGluO modified Bondi2 radii
> #3dipepide=sequence{ACE VAL NME}
> 
> 
> protein = loadpdb  1hnn_ww.pdb
Loading PDB file: ./1hnn_ww.pdb
Enter zPdbReadScan from call depth  0.
-- residue 261: duplicate [ C] atoms (total 2)
-- residue 261: duplicate [ CA] atoms (total 2)
-- residue 261: duplicate [ CB] atoms (total 2)
-- residue 261: duplicate [ CD2] atoms (total 2)
-- residue 261: duplicate [ CE1] atoms (total 2)
-- residue 261: duplicate [ CG] atoms (total 2)
-- residue 261: duplicate [ N] atoms (total 2)
-- residue 261: duplicate [ ND1] atoms (total 2)
-- residue 261: duplicate [ NE2] atoms (total 2)
-- residue 261: duplicate [ O] atoms (total 2)
-- residue 48: duplicate [ C] atoms (total 2)
-- residue 48: duplicate [ CA] atoms (total 2)
-- residue 48: duplicate [ CB] atoms (total 2)
-- residue 48: duplicate [ N] atoms (total 2)
-- residue 48: duplicate [ O] atoms (total 2)
-- residue 48: duplicate [ SG] atoms (total 2)
-- residue 49: duplicate [ C] atoms (total 2)
-- residue 49: duplicate [ CA] atoms (total 2)
-- residue 49: duplicate [ CB] atoms (total 2)
-- residue 49: duplicate [ CG] atoms (total 2)
-- residue 49: duplicate [ N] atoms (total 2)
-- residue 49: duplicate [ ND2] atoms (total 2)
-- residue 49: duplicate [ O] atoms (total 2)
-- residue 49: duplicate [ OD1] atoms (total 2)
-- residue 320: duplicate [ C] atoms (total 2)
-- residue 320: duplicate [ CA] atoms (total 2)
-- residue 320: duplicate [ CB] atoms (total 2)
-- residue 320: duplicate [ CG] atoms (total 2)
-- residue 320: duplicate [ N] atoms (total 2)
-- residue 320: duplicate [ ND2] atoms (total 2)
-- residue 320: duplicate [ O] atoms (total 2)
-- residue 320: duplicate [ OD1] atoms (total 2)
-- residue 92: duplicate [ C] atoms (total 2)
-- residue 92: duplicate [ CA] atoms (total 2)
-- residue 92: duplicate [ CB] atoms (total 2)
-- residue 92: duplicate [ N] atoms (total 2)
-- residue 92: duplicate [ O] atoms (total 2)
-- residue 92: duplicate [ OG] atoms (total 2)
-- residue 125: duplicate [ C] atoms (total 2)
-- residue 125: duplicate [ CA] atoms (total 2)
-- residue 125: duplicate [ CB] atoms (total 2)
-- residue 125: duplicate [ CE] atoms (total 2)
-- residue 125: duplicate [ CG] atoms (total 2)
-- residue 125: duplicate [ N] atoms (total 2)
-- residue 125: duplicate [ O] atoms (total 2)
-- residue 125: duplicate [ SD] atoms (total 2)
-- residue 129: duplicate [ C] atoms (total 2)
-- residue 129: duplicate [ CA] atoms (total 2)
-- residue 129: duplicate [ CB] atoms (total 2)
-- residue 129: duplicate [ CD2] atoms (total 2)
-- residue 129: duplicate [ CE1] atoms (total 2)
-- residue 129: duplicate [ CG] atoms (total 2)
-- residue 129: duplicate [ N] atoms (total 2)
-- residue 129: duplicate [ ND1] atoms (total 2)
-- residue 129: duplicate [ NE2] atoms (total 2)
-- residue 129: duplicate [ O] atoms (total 2)
-- residue 394: duplicate [ C] atoms (total 2)
-- residue 394: duplicate [ CA] atoms (total 2)
-- residue 394: duplicate [ CB] atoms (total 2)
-- residue 394: duplicate [ CE] atoms (total 2)
-- residue 394: duplicate [ CG] atoms (total 2)
-- residue 394: duplicate [ N] atoms (total 2)
-- residue 394: duplicate [ O] atoms (total 2)
-- residue 394: duplicate [ SD] atoms (total 2)
-- residue 436: duplicate [ C] atoms (total 2)
-- residue 436: duplicate [ CA] atoms (total 2)
-- residue 436: duplicate [ CB] atoms (total 2)
-- residue 436: duplicate [ N] atoms (total 2)
-- residue 436: duplicate [ O] atoms (total 2)
-- residue 437: duplicate [ C] atoms (total 2)
-- residue 437: duplicate [ CA] atoms (total 2)
-- residue 437: duplicate [ N] atoms (total 2)
-- residue 437: duplicate [ O] atoms (total 2)
-- residue 448: duplicate [ C] atoms (total 2)
-- residue 448: duplicate [ CA] atoms (total 2)
-- residue 448: duplicate [ CB] atoms (total 2)
-- residue 448: duplicate [ CG1] atoms (total 2)
-- residue 448: duplicate [ CG2] atoms (total 2)
-- residue 448: duplicate [ N] atoms (total 2)
-- residue 448: duplicate [ O] atoms (total 2)

   Warning: Atom names in each residue should be unique.
     (Same-name atoms are handled by using the first
      occurrence and by ignoring the rest.
      Frequently duplicate atom names stem from alternate
      conformations in the PDB file.)

Exit  zPdbReadScan from call depth  0.
Matching PDB residue names to LEaP variables.
Mapped residue ALA, term: Terminal/beginning, seq. number: 0 to: NALA.
(Residue 1: VAL, Nonterminal, was not found in name map.)
(Residue 2: ALA, Nonterminal, was not found in name map.)
(Residue 3: SER, Nonterminal, was not found in name map.)
(Residue 4: ALA, Nonterminal, was not found in name map.)
(Residue 5: TYR, Nonterminal, was not found in name map.)
(Residue 6: GLN, Nonterminal, was not found in name map.)
(Residue 7: ARG, Nonterminal, was not found in name map.)
(Residue 8: PHE, Nonterminal, was not found in name map.)
(Residue 9: GLU, Nonterminal, was not found in name map.)
(Residue 10: PRO, Nonterminal, was not found in name map.)
(Residue 11: ARG, Nonterminal, was not found in name map.)
(Residue 12: ALA, Nonterminal, was not found in name map.)
(Residue 13: TYR, Nonterminal, was not found in name map.)
(Residue 14: LEU, Nonterminal, was not found in name map.)
(Residue 15: ARG, Nonterminal, was not found in name map.)
(Residue 16: ASN, Nonterminal, was not found in name map.)
(Residue 17: ASN, Nonterminal, was not found in name map.)
(Residue 18: TYR, Nonterminal, was not found in name map.)
(Residue 19: ALA, Nonterminal, was not found in name map.)
(Residue 20: PRO, Nonterminal, was not found in name map.)
(Residue 21: PRO, Nonterminal, was not found in name map.)
(Residue 22: ARG, Nonterminal, was not found in name map.)
(Residue 23: GLY, Nonterminal, was not found in name map.)
(Residue 24: ASP, Nonterminal, was not found in name map.)
(Residue 25: LEU, Nonterminal, was not found in name map.)
(Residue 26: CYS, Nonterminal, was not found in name map.)
(Residue 27: ASN, Nonterminal, was not found in name map.)
(Residue 28: PRO, Nonterminal, was not found in name map.)
(Residue 29: ASN, Nonterminal, was not found in name map.)
(Residue 30: GLY, Nonterminal, was not found in name map.)
(Residue 31: VAL, Nonterminal, was not found in name map.)
(Residue 32: GLY, Nonterminal, was not found in name map.)
(Residue 33: PRO, Nonterminal, was not found in name map.)
(Residue 34: TRP, Nonterminal, was not found in name map.)
(Residue 35: LYS, Nonterminal, was not found in name map.)
(Residue 36: LEU, Nonterminal, was not found in name map.)
(Residue 37: ARG, Nonterminal, was not found in name map.)
(Residue 38: CYS, Nonterminal, was not found in name map.)
(Residue 39: LEU, Nonterminal, was not found in name map.)
(Residue 40: ALA, Nonterminal, was not found in name map.)
(Residue 41: GLN, Nonterminal, was not found in name map.)
(Residue 42: THR, Nonterminal, was not found in name map.)
(Residue 43: PHE, Nonterminal, was not found in name map.)
(Residue 44: ALA, Nonterminal, was not found in name map.)
(Residue 45: THR, Nonterminal, was not found in name map.)
(Residue 46: GLY, Nonterminal, was not found in name map.)
(Residue 47: GLU, Nonterminal, was not found in name map.)
(Residue 48: VAL, Nonterminal, was not found in name map.)
(Residue 49: SER, Nonterminal, was not found in name map.)
(Residue 50: GLY, Nonterminal, was not found in name map.)
(Residue 51: ARG, Nonterminal, was not found in name map.)
(Residue 52: THR, Nonterminal, was not found in name map.)
(Residue 53: LEU, Nonterminal, was not found in name map.)
(Residue 54: ILE, Nonterminal, was not found in name map.)
(Residue 55: ASP, Nonterminal, was not found in name map.)
(Residue 56: ILE, Nonterminal, was not found in name map.)
(Residue 57: GLY, Nonterminal, was not found in name map.)
(Residue 58: SER, Nonterminal, was not found in name map.)
(Residue 59: GLY, Nonterminal, was not found in name map.)
(Residue 60: PRO, Nonterminal, was not found in name map.)
(Residue 61: THR, Nonterminal, was not found in name map.)
(Residue 62: VAL, Nonterminal, was not found in name map.)
(Residue 63: TYR, Nonterminal, was not found in name map.)
(Residue 64: GLN, Nonterminal, was not found in name map.)
(Residue 65: LEU, Nonterminal, was not found in name map.)
(Residue 66: LEU, Nonterminal, was not found in name map.)
(Residue 67: SER, Nonterminal, was not found in name map.)
(Residue 68: ALA, Nonterminal, was not found in name map.)
(Residue 69: CYS, Nonterminal, was not found in name map.)
(Residue 70: SER, Nonterminal, was not found in name map.)
(Residue 71: HIS, Nonterminal, was not found in name map.)
(Residue 72: PHE, Nonterminal, was not found in name map.)
(Residue 73: GLU, Nonterminal, was not found in name map.)
(Residue 74: ASP, Nonterminal, was not found in name map.)
(Residue 75: ILE, Nonterminal, was not found in name map.)
(Residue 76: THR, Nonterminal, was not found in name map.)
(Residue 77: MET, Nonterminal, was not found in name map.)
(Residue 78: THR, Nonterminal, was not found in name map.)
(Residue 79: ASP, Nonterminal, was not found in name map.)
(Residue 80: PHE, Nonterminal, was not found in name map.)
(Residue 81: LEU, Nonterminal, was not found in name map.)
(Residue 82: GLU, Nonterminal, was not found in name map.)
(Residue 83: VAL, Nonterminal, was not found in name map.)
(Residue 84: ASN, Nonterminal, was not found in name map.)
(Residue 85: ARG, Nonterminal, was not found in name map.)
(Residue 86: GLN, Nonterminal, was not found in name map.)
(Residue 87: GLU, Nonterminal, was not found in name map.)
(Residue 88: LEU, Nonterminal, was not found in name map.)
(Residue 89: GLY, Nonterminal, was not found in name map.)
(Residue 90: ARG, Nonterminal, was not found in name map.)
(Residue 91: TRP, Nonterminal, was not found in name map.)
(Residue 92: LEU, Nonterminal, was not found in name map.)
(Residue 93: GLN, Nonterminal, was not found in name map.)
(Residue 94: GLU, Nonterminal, was not found in name map.)
(Residue 95: GLU, Nonterminal, was not found in name map.)
(Residue 96: PRO, Nonterminal, was not found in name map.)
(Residue 97: GLY, Nonterminal, was not found in name map.)
(Residue 98: ALA, Nonterminal, was not found in name map.)
(Residue 99: PHE, Nonterminal, was not found in name map.)
(Residue 100: ASN, Nonterminal, was not found in name map.)
(Residue 101: TRP, Nonterminal, was not found in name map.)
(Residue 102: SER, Nonterminal, was not found in name map.)
(Residue 103: MET, Nonterminal, was not found in name map.)
(Residue 104: TYR, Nonterminal, was not found in name map.)
(Residue 105: SER, Nonterminal, was not found in name map.)
(Residue 106: GLN, Nonterminal, was not found in name map.)
(Residue 107: HIS, Nonterminal, was not found in name map.)
(Residue 108: ALA, Nonterminal, was not found in name map.)
(Residue 109: CYS, Nonterminal, was not found in name map.)
(Residue 110: LEU, Nonterminal, was not found in name map.)
(Residue 111: ILE, Nonterminal, was not found in name map.)
(Residue 112: GLU, Nonterminal, was not found in name map.)
(Residue 113: GLY, Nonterminal, was not found in name map.)
(Residue 114: LYS, Nonterminal, was not found in name map.)
(Residue 115: GLY, Nonterminal, was not found in name map.)
(Residue 116: GLU, Nonterminal, was not found in name map.)
(Residue 117: CYS, Nonterminal, was not found in name map.)
(Residue 118: TRP, Nonterminal, was not found in name map.)
(Residue 119: GLN, Nonterminal, was not found in name map.)
(Residue 120: ASP, Nonterminal, was not found in name map.)
(Residue 121: LYS, Nonterminal, was not found in name map.)
(Residue 122: GLU, Nonterminal, was not found in name map.)
(Residue 123: ARG, Nonterminal, was not found in name map.)
(Residue 124: GLN, Nonterminal, was not found in name map.)
(Residue 125: LEU, Nonterminal, was not found in name map.)
(Residue 126: ARG, Nonterminal, was not found in name map.)
(Residue 127: ALA, Nonterminal, was not found in name map.)
(Residue 128: ARG, Nonterminal, was not found in name map.)
(Residue 129: VAL, Nonterminal, was not found in name map.)
(Residue 130: LYS, Nonterminal, was not found in name map.)
(Residue 131: ARG, Nonterminal, was not found in name map.)
(Residue 132: VAL, Nonterminal, was not found in name map.)
(Residue 133: LEU, Nonterminal, was not found in name map.)
(Residue 134: PRO, Nonterminal, was not found in name map.)
(Residue 135: ILE, Nonterminal, was not found in name map.)
(Residue 136: ASP, Nonterminal, was not found in name map.)
(Residue 137: VAL, Nonterminal, was not found in name map.)
(Residue 138: HIS, Nonterminal, was not found in name map.)
(Residue 139: GLN, Nonterminal, was not found in name map.)
(Residue 140: PRO, Nonterminal, was not found in name map.)
(Residue 141: GLN, Nonterminal, was not found in name map.)
(Residue 142: PRO, Nonterminal, was not found in name map.)
(Residue 143: LEU, Nonterminal, was not found in name map.)
(Residue 144: GLY, Nonterminal, was not found in name map.)
(Residue 145: ALA, Nonterminal, was not found in name map.)
(Residue 146: GLY, Nonterminal, was not found in name map.)
(Residue 147: SER, Nonterminal, was not found in name map.)
(Residue 148: PRO, Nonterminal, was not found in name map.)
(Residue 149: ALA, Nonterminal, was not found in name map.)
(Residue 150: PRO, Nonterminal, was not found in name map.)
(Residue 151: LEU, Nonterminal, was not found in name map.)
(Residue 152: PRO, Nonterminal, was not found in name map.)
(Residue 153: ALA, Nonterminal, was not found in name map.)
(Residue 154: ASP, Nonterminal, was not found in name map.)
(Residue 155: ALA, Nonterminal, was not found in name map.)
(Residue 156: LEU, Nonterminal, was not found in name map.)
(Residue 157: VAL, Nonterminal, was not found in name map.)
(Residue 158: SER, Nonterminal, was not found in name map.)
(Residue 159: ALA, Nonterminal, was not found in name map.)
(Residue 160: PHE, Nonterminal, was not found in name map.)
(Residue 161: CYS, Nonterminal, was not found in name map.)
(Residue 162: LEU, Nonterminal, was not found in name map.)
(Residue 163: GLU, Nonterminal, was not found in name map.)
(Residue 164: ALA, Nonterminal, was not found in name map.)
(Residue 165: VAL, Nonterminal, was not found in name map.)
(Residue 166: SER, Nonterminal, was not found in name map.)
(Residue 167: PRO, Nonterminal, was not found in name map.)
(Residue 168: ASP, Nonterminal, was not found in name map.)
(Residue 169: LEU, Nonterminal, was not found in name map.)
(Residue 170: ALA, Nonterminal, was not found in name map.)
(Residue 171: SER, Nonterminal, was not found in name map.)
(Residue 172: PHE, Nonterminal, was not found in name map.)
(Residue 173: GLN, Nonterminal, was not found in name map.)
(Residue 174: ARG, Nonterminal, was not found in name map.)
(Residue 175: ALA, Nonterminal, was not found in name map.)
(Residue 176: LEU, Nonterminal, was not found in name map.)
(Residue 177: ASP, Nonterminal, was not found in name map.)
(Residue 178: HIS, Nonterminal, was not found in name map.)
(Residue 179: ILE, Nonterminal, was not found in name map.)
(Residue 180: THR, Nonterminal, was not found in name map.)
(Residue 181: THR, Nonterminal, was not found in name map.)
(Residue 182: LEU, Nonterminal, was not found in name map.)
(Residue 183: LEU, Nonterminal, was not found in name map.)
(Residue 184: ARG, Nonterminal, was not found in name map.)
(Residue 185: PRO, Nonterminal, was not found in name map.)
(Residue 186: GLY, Nonterminal, was not found in name map.)
(Residue 187: GLY, Nonterminal, was not found in name map.)
(Residue 188: HIS, Nonterminal, was not found in name map.)
(Residue 189: LEU, Nonterminal, was not found in name map.)
(Residue 190: LEU, Nonterminal, was not found in name map.)
(Residue 191: LEU, Nonterminal, was not found in name map.)
(Residue 192: ILE, Nonterminal, was not found in name map.)
(Residue 193: GLY, Nonterminal, was not found in name map.)
(Residue 194: ALA, Nonterminal, was not found in name map.)
(Residue 195: LEU, Nonterminal, was not found in name map.)
(Residue 196: GLU, Nonterminal, was not found in name map.)
(Residue 197: GLU, Nonterminal, was not found in name map.)
(Residue 198: SER, Nonterminal, was not found in name map.)
(Residue 199: TRP, Nonterminal, was not found in name map.)
(Residue 200: TYR, Nonterminal, was not found in name map.)
(Residue 201: LEU, Nonterminal, was not found in name map.)
(Residue 202: ALA, Nonterminal, was not found in name map.)
(Residue 203: GLY, Nonterminal, was not found in name map.)
(Residue 204: GLU, Nonterminal, was not found in name map.)
(Residue 205: ALA, Nonterminal, was not found in name map.)
(Residue 206: ARG, Nonterminal, was not found in name map.)
(Residue 207: LEU, Nonterminal, was not found in name map.)
(Residue 208: THR, Nonterminal, was not found in name map.)
(Residue 209: VAL, Nonterminal, was not found in name map.)
(Residue 210: VAL, Nonterminal, was not found in name map.)
(Residue 211: PRO, Nonterminal, was not found in name map.)
(Residue 212: VAL, Nonterminal, was not found in name map.)
(Residue 213: SER, Nonterminal, was not found in name map.)
(Residue 214: GLU, Nonterminal, was not found in name map.)
(Residue 215: GLU, Nonterminal, was not found in name map.)
(Residue 216: GLU, Nonterminal, was not found in name map.)
(Residue 217: VAL, Nonterminal, was not found in name map.)
(Residue 218: ARG, Nonterminal, was not found in name map.)
(Residue 219: GLU, Nonterminal, was not found in name map.)
(Residue 220: ALA, Nonterminal, was not found in name map.)
(Residue 221: LEU, Nonterminal, was not found in name map.)
(Residue 222: VAL, Nonterminal, was not found in name map.)
(Residue 223: ARG, Nonterminal, was not found in name map.)
(Residue 224: SER, Nonterminal, was not found in name map.)
(Residue 225: GLY, Nonterminal, was not found in name map.)
(Residue 226: TYR, Nonterminal, was not found in name map.)
(Residue 227: LYS, Nonterminal, was not found in name map.)
(Residue 228: VAL, Nonterminal, was not found in name map.)
(Residue 229: ARG, Nonterminal, was not found in name map.)
(Residue 230: ASP, Nonterminal, was not found in name map.)
(Residue 231: LEU, Nonterminal, was not found in name map.)
(Residue 232: ARG, Nonterminal, was not found in name map.)
(Residue 233: THR, Nonterminal, was not found in name map.)
(Residue 234: TYR, Nonterminal, was not found in name map.)
(Residue 235: ILE, Nonterminal, was not found in name map.)
(Residue 236: MET, Nonterminal, was not found in name map.)
(Residue 237: PRO, Nonterminal, was not found in name map.)
(Residue 238: ALA, Nonterminal, was not found in name map.)
(Residue 239: HIS, Nonterminal, was not found in name map.)
(Residue 240: LEU, Nonterminal, was not found in name map.)
(Residue 241: GLN, Nonterminal, was not found in name map.)
(Residue 242: THR, Nonterminal, was not found in name map.)
(Residue 243: GLY, Nonterminal, was not found in name map.)
(Residue 244: VAL, Nonterminal, was not found in name map.)
(Residue 245: ASP, Nonterminal, was not found in name map.)
(Residue 246: ASP, Nonterminal, was not found in name map.)
(Residue 247: VAL, Nonterminal, was not found in name map.)
(Residue 248: LYS, Nonterminal, was not found in name map.)
(Residue 249: GLY, Nonterminal, was not found in name map.)
(Residue 250: VAL, Nonterminal, was not found in name map.)
(Residue 251: PHE, Nonterminal, was not found in name map.)
(Residue 252: PHE, Nonterminal, was not found in name map.)
(Residue 253: ALA, Nonterminal, was not found in name map.)
(Residue 254: TRP, Nonterminal, was not found in name map.)
(Residue 255: ALA, Nonterminal, was not found in name map.)
(Residue 256: GLN, Nonterminal, was not found in name map.)
(Residue 257: LYS, Nonterminal, was not found in name map.)
(Residue 258: VAL, Nonterminal, was not found in name map.)
(Residue 259: GLY, Nonterminal, was not found in name map.)
Mapped residue LEU, term: Terminal/last, seq. number: 260 to: CLEU.
Mapped residue PRO, term: Terminal/beginning, seq. number: 261 to: NPRO.
(Residue 262: ASP, Nonterminal, was not found in name map.)
(Residue 263: SER, Nonterminal, was not found in name map.)
(Residue 264: ALA, Nonterminal, was not found in name map.)
(Residue 265: PRO, Nonterminal, was not found in name map.)
(Residue 266: GLY, Nonterminal, was not found in name map.)
(Residue 267: GLN, Nonterminal, was not found in name map.)
(Residue 268: ALA, Nonterminal, was not found in name map.)
(Residue 269: ALA, Nonterminal, was not found in name map.)
(Residue 270: VAL, Nonterminal, was not found in name map.)
(Residue 271: ALA, Nonterminal, was not found in name map.)
(Residue 272: SER, Nonterminal, was not found in name map.)
(Residue 273: ALA, Nonterminal, was not found in name map.)
(Residue 274: TYR, Nonterminal, was not found in name map.)
(Residue 275: GLN, Nonterminal, was not found in name map.)
(Residue 276: ARG, Nonterminal, was not found in name map.)
(Residue 277: PHE, Nonterminal, was not found in name map.)
(Residue 278: GLU, Nonterminal, was not found in name map.)
(Residue 279: PRO, Nonterminal, was not found in name map.)
(Residue 280: ARG, Nonterminal, was not found in name map.)
(Residue 281: ALA, Nonterminal, was not found in name map.)
(Residue 282: TYR, Nonterminal, was not found in name map.)
(Residue 283: LEU, Nonterminal, was not found in name map.)
(Residue 284: ARG, Nonterminal, was not found in name map.)
(Residue 285: ASN, Nonterminal, was not found in name map.)
(Residue 286: ASN, Nonterminal, was not found in name map.)
(Residue 287: TYR, Nonterminal, was not found in name map.)
(Residue 288: ALA, Nonterminal, was not found in name map.)
(Residue 289: PRO, Nonterminal, was not found in name map.)
(Residue 290: PRO, Nonterminal, was not found in name map.)
(Residue 291: ARG, Nonterminal, was not found in name map.)
(Residue 292: GLY, Nonterminal, was not found in name map.)
(Residue 293: ASP, Nonterminal, was not found in name map.)
(Residue 294: LEU, Nonterminal, was not found in name map.)
(Residue 295: CYS, Nonterminal, was not found in name map.)
(Residue 296: ASN, Nonterminal, was not found in name map.)
(Residue 297: PRO, Nonterminal, was not found in name map.)
(Residue 298: ASN, Nonterminal, was not found in name map.)
(Residue 299: GLY, Nonterminal, was not found in name map.)
(Residue 300: VAL, Nonterminal, was not found in name map.)
(Residue 301: GLY, Nonterminal, was not found in name map.)
(Residue 302: PRO, Nonterminal, was not found in name map.)
(Residue 303: TRP, Nonterminal, was not found in name map.)
(Residue 304: LYS, Nonterminal, was not found in name map.)
(Residue 305: LEU, Nonterminal, was not found in name map.)
(Residue 306: ARG, Nonterminal, was not found in name map.)
(Residue 307: CYS, Nonterminal, was not found in name map.)
(Residue 308: LEU, Nonterminal, was not found in name map.)
(Residue 309: ALA, Nonterminal, was not found in name map.)
(Residue 310: GLN, Nonterminal, was not found in name map.)
(Residue 311: THR, Nonterminal, was not found in name map.)
(Residue 312: PHE, Nonterminal, was not found in name map.)
(Residue 313: ALA, Nonterminal, was not found in name map.)
(Residue 314: THR, Nonterminal, was not found in name map.)
(Residue 315: GLY, Nonterminal, was not found in name map.)
(Residue 316: GLU, Nonterminal, was not found in name map.)
(Residue 317: VAL, Nonterminal, was not found in name map.)
(Residue 318: SER, Nonterminal, was not found in name map.)
(Residue 319: GLY, Nonterminal, was not found in name map.)
(Residue 320: ARG, Nonterminal, was not found in name map.)
(Residue 321: THR, Nonterminal, was not found in name map.)
(Residue 322: LEU, Nonterminal, was not found in name map.)
(Residue 323: ILE, Nonterminal, was not found in name map.)
(Residue 324: ASP, Nonterminal, was not found in name map.)
(Residue 325: ILE, Nonterminal, was not found in name map.)
(Residue 326: GLY, Nonterminal, was not found in name map.)
(Residue 327: SER, Nonterminal, was not found in name map.)
(Residue 328: GLY, Nonterminal, was not found in name map.)
(Residue 329: PRO, Nonterminal, was not found in name map.)
(Residue 330: THR, Nonterminal, was not found in name map.)
(Residue 331: VAL, Nonterminal, was not found in name map.)
(Residue 332: TYR, Nonterminal, was not found in name map.)
(Residue 333: GLN, Nonterminal, was not found in name map.)
(Residue 334: LEU, Nonterminal, was not found in name map.)
(Residue 335: LEU, Nonterminal, was not found in name map.)
(Residue 336: SER, Nonterminal, was not found in name map.)
(Residue 337: ALA, Nonterminal, was not found in name map.)
(Residue 338: CYS, Nonterminal, was not found in name map.)
(Residue 339: SER, Nonterminal, was not found in name map.)
(Residue 340: HIS, Nonterminal, was not found in name map.)
(Residue 341: PHE, Nonterminal, was not found in name map.)
(Residue 342: GLU, Nonterminal, was not found in name map.)
(Residue 343: ASP, Nonterminal, was not found in name map.)
(Residue 344: ILE, Nonterminal, was not found in name map.)
(Residue 345: THR, Nonterminal, was not found in name map.)
(Residue 346: MET, Nonterminal, was not found in name map.)
(Residue 347: THR, Nonterminal, was not found in name map.)
(Residue 348: ASP, Nonterminal, was not found in name map.)
(Residue 349: PHE, Nonterminal, was not found in name map.)
(Residue 350: LEU, Nonterminal, was not found in name map.)
(Residue 351: GLU, Nonterminal, was not found in name map.)
(Residue 352: VAL, Nonterminal, was not found in name map.)
(Residue 353: ASN, Nonterminal, was not found in name map.)
(Residue 354: ARG, Nonterminal, was not found in name map.)
(Residue 355: GLN, Nonterminal, was not found in name map.)
(Residue 356: GLU, Nonterminal, was not found in name map.)
(Residue 357: LEU, Nonterminal, was not found in name map.)
(Residue 358: GLY, Nonterminal, was not found in name map.)
(Residue 359: ARG, Nonterminal, was not found in name map.)
(Residue 360: TRP, Nonterminal, was not found in name map.)
(Residue 361: LEU, Nonterminal, was not found in name map.)
(Residue 362: GLN, Nonterminal, was not found in name map.)
(Residue 363: GLU, Nonterminal, was not found in name map.)
(Residue 364: GLU, Nonterminal, was not found in name map.)
(Residue 365: PRO, Nonterminal, was not found in name map.)
(Residue 366: GLY, Nonterminal, was not found in name map.)
(Residue 367: ALA, Nonterminal, was not found in name map.)
(Residue 368: PHE, Nonterminal, was not found in name map.)
(Residue 369: ASN, Nonterminal, was not found in name map.)
(Residue 370: TRP, Nonterminal, was not found in name map.)
(Residue 371: SER, Nonterminal, was not found in name map.)
(Residue 372: MET, Nonterminal, was not found in name map.)
(Residue 373: TYR, Nonterminal, was not found in name map.)
(Residue 374: SER, Nonterminal, was not found in name map.)
(Residue 375: GLN, Nonterminal, was not found in name map.)
(Residue 376: HIS, Nonterminal, was not found in name map.)
(Residue 377: ALA, Nonterminal, was not found in name map.)
(Residue 378: CYS, Nonterminal, was not found in name map.)
(Residue 379: LEU, Nonterminal, was not found in name map.)
(Residue 380: ILE, Nonterminal, was not found in name map.)
(Residue 381: GLU, Nonterminal, was not found in name map.)
(Residue 382: GLY, Nonterminal, was not found in name map.)
(Residue 383: LYS, Nonterminal, was not found in name map.)
(Residue 384: GLY, Nonterminal, was not found in name map.)
(Residue 385: GLU, Nonterminal, was not found in name map.)
(Residue 386: CYS, Nonterminal, was not found in name map.)
(Residue 387: TRP, Nonterminal, was not found in name map.)
(Residue 388: GLN, Nonterminal, was not found in name map.)
(Residue 389: ASP, Nonterminal, was not found in name map.)
(Residue 390: LYS, Nonterminal, was not found in name map.)
(Residue 391: GLU, Nonterminal, was not found in name map.)
(Residue 392: ARG, Nonterminal, was not found in name map.)
(Residue 393: GLN, Nonterminal, was not found in name map.)
(Residue 394: LEU, Nonterminal, was not found in name map.)
(Residue 395: ARG, Nonterminal, was not found in name map.)
(Residue 396: ALA, Nonterminal, was not found in name map.)
(Residue 397: ARG, Nonterminal, was not found in name map.)
(Residue 398: VAL, Nonterminal, was not found in name map.)
(Residue 399: LYS, Nonterminal, was not found in name map.)
(Residue 400: ARG, Nonterminal, was not found in name map.)
(Residue 401: VAL, Nonterminal, was not found in name map.)
(Residue 402: LEU, Nonterminal, was not found in name map.)
(Residue 403: PRO, Nonterminal, was not found in name map.)
(Residue 404: ILE, Nonterminal, was not found in name map.)
(Residue 405: ASP, Nonterminal, was not found in name map.)
(Residue 406: VAL, Nonterminal, was not found in name map.)
(Residue 407: HIS, Nonterminal, was not found in name map.)
(Residue 408: GLN, Nonterminal, was not found in name map.)
(Residue 409: PRO, Nonterminal, was not found in name map.)
(Residue 410: GLN, Nonterminal, was not found in name map.)
(Residue 411: PRO, Nonterminal, was not found in name map.)
(Residue 412: LEU, Nonterminal, was not found in name map.)
(Residue 413: GLY, Nonterminal, was not found in name map.)
(Residue 414: ALA, Nonterminal, was not found in name map.)
(Residue 415: GLY, Nonterminal, was not found in name map.)
(Residue 416: SER, Nonterminal, was not found in name map.)
(Residue 417: PRO, Nonterminal, was not found in name map.)
(Residue 418: ALA, Nonterminal, was not found in name map.)
(Residue 419: PRO, Nonterminal, was not found in name map.)
(Residue 420: LEU, Nonterminal, was not found in name map.)
(Residue 421: PRO, Nonterminal, was not found in name map.)
(Residue 422: ALA, Nonterminal, was not found in name map.)
(Residue 423: ASP, Nonterminal, was not found in name map.)
(Residue 424: ALA, Nonterminal, was not found in name map.)
(Residue 425: LEU, Nonterminal, was not found in name map.)
(Residue 426: VAL, Nonterminal, was not found in name map.)
(Residue 427: SER, Nonterminal, was not found in name map.)
(Residue 428: ALA, Nonterminal, was not found in name map.)
(Residue 429: PHE, Nonterminal, was not found in name map.)
(Residue 430: CYS, Nonterminal, was not found in name map.)
(Residue 431: LEU, Nonterminal, was not found in name map.)
(Residue 432: GLU, Nonterminal, was not found in name map.)
(Residue 433: ALA, Nonterminal, was not found in name map.)
(Residue 434: VAL, Nonterminal, was not found in name map.)
(Residue 435: SER, Nonterminal, was not found in name map.)
(Residue 436: PRO, Nonterminal, was not found in name map.)
(Residue 437: ASP, Nonterminal, was not found in name map.)
(Residue 438: LEU, Nonterminal, was not found in name map.)
(Residue 439: ALA, Nonterminal, was not found in name map.)
(Residue 440: SER, Nonterminal, was not found in name map.)
(Residue 441: PHE, Nonterminal, was not found in name map.)
(Residue 442: GLN, Nonterminal, was not found in name map.)
(Residue 443: ARG, Nonterminal, was not found in name map.)
(Residue 444: ALA, Nonterminal, was not found in name map.)
(Residue 445: LEU, Nonterminal, was not found in name map.)
(Residue 446: ASP, Nonterminal, was not found in name map.)
(Residue 447: HIS, Nonterminal, was not found in name map.)
(Residue 448: ILE, Nonterminal, was not found in name map.)
(Residue 449: THR, Nonterminal, was not found in name map.)
(Residue 450: THR, Nonterminal, was not found in name map.)
(Residue 451: LEU, Nonterminal, was not found in name map.)
(Residue 452: LEU, Nonterminal, was not found in name map.)
(Residue 453: ARG, Nonterminal, was not found in name map.)
(Residue 454: PRO, Nonterminal, was not found in name map.)
(Residue 455: GLY, Nonterminal, was not found in name map.)
(Residue 456: GLY, Nonterminal, was not found in name map.)
(Residue 457: HIS, Nonterminal, was not found in name map.)
(Residue 458: LEU, Nonterminal, was not found in name map.)
(Residue 459: LEU, Nonterminal, was not found in name map.)
(Residue 460: LEU, Nonterminal, was not found in name map.)
(Residue 461: ILE, Nonterminal, was not found in name map.)
(Residue 462: GLY, Nonterminal, was not found in name map.)
(Residue 463: ALA, Nonterminal, was not found in name map.)
(Residue 464: LEU, Nonterminal, was not found in name map.)
(Residue 465: GLU, Nonterminal, was not found in name map.)
(Residue 466: GLU, Nonterminal, was not found in name map.)
(Residue 467: SER, Nonterminal, was not found in name map.)
(Residue 468: TRP, Nonterminal, was not found in name map.)
(Residue 469: TYR, Nonterminal, was not found in name map.)
(Residue 470: LEU, Nonterminal, was not found in name map.)
(Residue 471: ALA, Nonterminal, was not found in name map.)
(Residue 472: GLY, Nonterminal, was not found in name map.)
(Residue 473: GLU, Nonterminal, was not found in name map.)
(Residue 474: ALA, Nonterminal, was not found in name map.)
(Residue 475: ARG, Nonterminal, was not found in name map.)
(Residue 476: LEU, Nonterminal, was not found in name map.)
(Residue 477: THR, Nonterminal, was not found in name map.)
(Residue 478: VAL, Nonterminal, was not found in name map.)
(Residue 479: VAL, Nonterminal, was not found in name map.)
(Residue 480: PRO, Nonterminal, was not found in name map.)
(Residue 481: VAL, Nonterminal, was not found in name map.)
(Residue 482: SER, Nonterminal, was not found in name map.)
(Residue 483: GLU, Nonterminal, was not found in name map.)
(Residue 484: GLU, Nonterminal, was not found in name map.)
(Residue 485: GLU, Nonterminal, was not found in name map.)
(Residue 486: VAL, Nonterminal, was not found in name map.)
(Residue 487: ARG, Nonterminal, was not found in name map.)
(Residue 488: GLU, Nonterminal, was not found in name map.)
(Residue 489: ALA, Nonterminal, was not found in name map.)
(Residue 490: LEU, Nonterminal, was not found in name map.)
(Residue 491: VAL, Nonterminal, was not found in name map.)
(Residue 492: ARG, Nonterminal, was not found in name map.)
(Residue 493: SER, Nonterminal, was not found in name map.)
(Residue 494: GLY, Nonterminal, was not found in name map.)
(Residue 495: TYR, Nonterminal, was not found in name map.)
(Residue 496: LYS, Nonterminal, was not found in name map.)
(Residue 497: VAL, Nonterminal, was not found in name map.)
(Residue 498: ARG, Nonterminal, was not found in name map.)
(Residue 499: ASP, Nonterminal, was not found in name map.)
(Residue 500: LEU, Nonterminal, was not found in name map.)
(Residue 501: ARG, Nonterminal, was not found in name map.)
(Residue 502: THR, Nonterminal, was not found in name map.)
(Residue 503: TYR, Nonterminal, was not found in name map.)
(Residue 504: ILE, Nonterminal, was not found in name map.)
(Residue 505: MET, Nonterminal, was not found in name map.)
(Residue 506: PRO, Nonterminal, was not found in name map.)
(Residue 507: ALA, Nonterminal, was not found in name map.)
(Residue 508: HIS, Nonterminal, was not found in name map.)
(Residue 509: LEU, Nonterminal, was not found in name map.)
(Residue 510: GLN, Nonterminal, was not found in name map.)
(Residue 511: THR, Nonterminal, was not found in name map.)
(Residue 512: GLY, Nonterminal, was not found in name map.)
(Residue 513: VAL, Nonterminal, was not found in name map.)
(Residue 514: ASP, Nonterminal, was not found in name map.)
(Residue 515: ASP, Nonterminal, was not found in name map.)
(Residue 516: VAL, Nonterminal, was not found in name map.)
(Residue 517: LYS, Nonterminal, was not found in name map.)
(Residue 518: GLY, Nonterminal, was not found in name map.)
(Residue 519: VAL, Nonterminal, was not found in name map.)
(Residue 520: PHE, Nonterminal, was not found in name map.)
(Residue 521: PHE, Nonterminal, was not found in name map.)
(Residue 522: ALA, Nonterminal, was not found in name map.)
(Residue 523: TRP, Nonterminal, was not found in name map.)
(Residue 524: ALA, Nonterminal, was not found in name map.)
(Residue 525: GLN, Nonterminal, was not found in name map.)
(Residue 526: LYS, Nonterminal, was not found in name map.)
Mapped residue VAL, term: Terminal/last, seq. number: 527 to: CVAL.
Joining NALA - VAL
Joining VAL - ALA
Joining ALA - SER
Joining SER - ALA
Joining ALA - TYR
Joining TYR - GLN
Joining GLN - ARG
Joining ARG - PHE
Joining PHE - GLU
Joining GLU - PRO
Joining PRO - ARG
  Added missing heavy atom: .R<ARG 33>.A<CG 8>
  Added missing heavy atom: .R<ARG 33>.A<CD 11>
  Added missing heavy atom: .R<ARG 33>.A<NE 14>
  Added missing heavy atom: .R<ARG 33>.A<CZ 16>
  Added missing heavy atom: .R<ARG 33>.A<NH1 17>
  Added missing heavy atom: .R<ARG 33>.A<NH2 20>
Joining ARG - ALA
Joining ALA - TYR
Joining TYR - LEU
Joining LEU - ARG
Joining ARG - ASN
Joining ASN - ASN
Joining ASN - TYR
Joining TYR - ALA
Joining ALA - PRO
Joining PRO - PRO
Joining PRO - ARG
Joining ARG - GLY
Joining GLY - ASP
Joining ASP - LEU
Joining LEU - CYS
Joining CYS - ASN
Joining ASN - PRO
Joining PRO - ASN
Joining ASN - GLY
Joining GLY - VAL
Joining VAL - GLY
Joining GLY - PRO
Joining PRO - TRP
Joining TRP - LYS
Joining LYS - LEU
Joining LEU - ARG
Joining ARG - CYS
Joining CYS - LEU
Joining LEU - ALA
Joining ALA - GLN
Joining GLN - THR
Joining THR - PHE
Joining PHE - ALA
Joining ALA - THR
Joining THR - GLY
Joining GLY - GLU
Joining GLU - VAL
Joining VAL - SER
Joining SER - GLY
Joining GLY - ARG
Joining ARG - THR
Joining THR - LEU
Joining LEU - ILE
Joining ILE - ASP
Joining ASP - ILE
Joining ILE - GLY
Joining GLY - SER
Joining SER - GLY
Joining GLY - PRO
Joining PRO - THR
Joining THR - VAL
Joining VAL - TYR
Joining TYR - GLN
Joining GLN - LEU
Joining LEU - LEU
Joining LEU - SER
Joining SER - ALA
Joining ALA - CYS
Joining CYS - SER
Joining SER - HIE
Joining HIE - PHE
Joining PHE - GLU
Joining GLU - ASP
Joining ASP - ILE
Joining ILE - THR
Joining THR - MET
Joining MET - THR
Joining THR - ASP
Joining ASP - PHE
Joining PHE - LEU
Joining LEU - GLU
Joining GLU - VAL
Joining VAL - ASN
Joining ASN - ARG
Joining ARG - GLN
Joining GLN - GLU
Joining GLU - LEU
Joining LEU - GLY
Joining GLY - ARG
Joining ARG - TRP
Joining TRP - LEU
Joining LEU - GLN
Joining GLN - GLU
Joining GLU - GLU
Joining GLU - PRO
Joining PRO - GLY
Joining GLY - ALA
Joining ALA - PHE
Joining PHE - ASN
Joining ASN - TRP
Joining TRP - SER
Joining SER - MET
Joining MET - TYR
Joining TYR - SER
Joining SER - GLN
Joining GLN - HIE
Joining HIE - ALA
Joining ALA - CYS
Joining CYS - LEU
Joining LEU - ILE
Joining ILE - GLU
Joining GLU - GLY
Joining GLY - LYS
  Added missing heavy atom: .R<LYS 136>.A<CG 8>
  Added missing heavy atom: .R<LYS 136>.A<CD 11>
  Added missing heavy atom: .R<LYS 136>.A<CE 14>
  Added missing heavy atom: .R<LYS 136>.A<NZ 17>
Joining LYS - GLY
Joining GLY - GLU
Joining GLU - CYS
Joining CYS - TRP
Joining TRP - GLN
Joining GLN - ASP
Joining ASP - LYS
Joining LYS - GLU
Joining GLU - ARG
  Added missing heavy atom: .R<ARG 145>.A<CG 8>
  Added missing heavy atom: .R<ARG 145>.A<CD 11>
  Added missing heavy atom: .R<ARG 145>.A<NE 14>
  Added missing heavy atom: .R<ARG 145>.A<CZ 16>
  Added missing heavy atom: .R<ARG 145>.A<NH1 17>
  Added missing heavy atom: .R<ARG 145>.A<NH2 20>
Joining ARG - GLN
Joining GLN - LEU
Joining LEU - ARG
Joining ARG - ALA
Joining ALA - ARG
Joining ARG - VAL
Joining VAL - LYS
Joining LYS - ARG
Joining ARG - VAL
Joining VAL - LEU
Joining LEU - PRO
Joining PRO - ILE
Joining ILE - ASP
Joining ASP - VAL
Joining VAL - HIE
Joining HIE - GLN
Joining GLN - PRO
Joining PRO - GLN
  Added missing heavy atom: .R<GLN 163>.A<CG 8>
  Added missing heavy atom: .R<GLN 163>.A<CD 11>
  Added missing heavy atom: .R<GLN 163>.A<OE1 12>
  Added missing heavy atom: .R<GLN 163>.A<NE2 13>
Joining GLN - PRO
Joining PRO - LEU
Joining LEU - GLY
Joining GLY - ALA
Joining ALA - GLY
Joining GLY - SER
Joining SER - PRO
Joining PRO - ALA
Joining ALA - PRO
Joining PRO - LEU
Joining LEU - PRO
Joining PRO - ALA
Joining ALA - ASP
Joining ASP - ALA
Joining ALA - LEU
Joining LEU - VAL
Joining VAL - SER
Joining SER - ALA
Joining ALA - PHE
Joining PHE - CYS
Joining CYS - LEU
Joining LEU - GLU
Joining GLU - ALA
Joining ALA - VAL
Joining VAL - SER
Joining SER - PRO
Joining PRO - ASP
Joining ASP - LEU
Joining LEU - ALA
Joining ALA - SER
Joining SER - PHE
Joining PHE - GLN
Joining GLN - ARG
Joining ARG - ALA
Joining ALA - LEU
Joining LEU - ASP
Joining ASP - HIE
Joining HIE - ILE
Joining ILE - THR
Joining THR - THR
Joining THR - LEU
Joining LEU - LEU
Joining LEU - ARG
Joining ARG - PRO
Joining PRO - GLY
Joining GLY - GLY
Joining GLY - HIE
Joining HIE - LEU
Joining LEU - LEU
Joining LEU - LEU
Joining LEU - ILE
Joining ILE - GLY
Joining GLY - ALA
Joining ALA - LEU
Joining LEU - GLU
Joining GLU - GLU
Joining GLU - SER
Joining SER - TRP
Joining TRP - TYR
Joining TYR - LEU
Joining LEU - ALA
Joining ALA - GLY
Joining GLY - GLU
Joining GLU - ALA
Joining ALA - ARG
Joining ARG - LEU
Joining LEU - THR
Joining THR - VAL
Joining VAL - VAL
Joining VAL - PRO
Joining PRO - VAL
Joining VAL - SER
Joining SER - GLU
Joining GLU - GLU
Joining GLU - GLU
Joining GLU - VAL
Joining VAL - ARG
Joining ARG - GLU
  Added missing heavy atom: .R<GLU 241>.A<CG 8>
  Added missing heavy atom: .R<GLU 241>.A<CD 11>
  Added missing heavy atom: .R<GLU 241>.A<OE1 12>
  Added missing heavy atom: .R<GLU 241>.A<OE2 13>
Joining GLU - ALA
Joining ALA - LEU
Joining LEU - VAL
Joining VAL - ARG
  Added missing heavy atom: .R<ARG 245>.A<CG 8>
  Added missing heavy atom: .R<ARG 245>.A<CD 11>
  Added missing heavy atom: .R<ARG 245>.A<NE 14>
  Added missing heavy atom: .R<ARG 245>.A<CZ 16>
  Added missing heavy atom: .R<ARG 245>.A<NH1 17>
  Added missing heavy atom: .R<ARG 245>.A<NH2 20>
Joining ARG - SER
Joining SER - GLY
Joining GLY - TYR
Joining TYR - LYS
Joining LYS - VAL
Joining VAL - ARG
Joining ARG - ASP
Joining ASP - LEU
Joining LEU - ARG
Joining ARG - THR
Joining THR - TYR
Joining TYR - ILE
Joining ILE - MET
Joining MET - PRO
Joining PRO - ALA
Joining ALA - HIE
Joining HIE - LEU
Joining LEU - GLN
Joining GLN - THR
Joining THR - GLY
Joining GLY - VAL
Joining VAL - ASP
Joining ASP - ASP
Joining ASP - VAL
Joining VAL - LYS
Joining LYS - GLY
Joining GLY - VAL
Joining VAL - PHE
Joining PHE - PHE
Joining PHE - ALA
Joining ALA - TRP
Joining TRP - ALA
Joining ALA - GLN
Joining GLN - LYS
Joining LYS - VAL
Joining VAL - GLY
Joining GLY - CLEU
  Added missing heavy atom: .R<CLEU 282>.A<OXT 20>
  Added missing heavy atom: .R<CLEU 282>.A<CG 8>
  Added missing heavy atom: .R<CLEU 282>.A<CD1 10>
  Added missing heavy atom: .R<CLEU 282>.A<CD2 14>
Joining NPRO - ASP
Joining ASP - SER
Joining SER - ALA
Joining ALA - PRO
Joining PRO - GLY
Joining GLY - GLN
Joining GLN - ALA
Joining ALA - ALA
Joining ALA - VAL
Joining VAL - ALA
Joining ALA - SER
Joining SER - ALA
Joining ALA - TYR
Joining TYR - GLN
Joining GLN - ARG
  Added missing heavy atom: .R<ARG 298>.A<CG 8>
  Added missing heavy atom: .R<ARG 298>.A<CD 11>
  Added missing heavy atom: .R<ARG 298>.A<NE 14>
  Added missing heavy atom: .R<ARG 298>.A<CZ 16>
  Added missing heavy atom: .R<ARG 298>.A<NH1 17>
  Added missing heavy atom: .R<ARG 298>.A<NH2 20>
Joining ARG - PHE
Joining PHE - GLU
Joining GLU - PRO
Joining PRO - ARG
Joining ARG - ALA
Joining ALA - TYR
Joining TYR - LEU
Joining LEU - ARG
Joining ARG - ASN
Joining ASN - ASN
Joining ASN - TYR
Joining TYR - ALA
Joining ALA - PRO
Joining PRO - PRO
Joining PRO - ARG
Joining ARG - GLY
Joining GLY - ASP
Joining ASP - LEU
Joining LEU - CYS
Joining CYS - ASN
Joining ASN - PRO
Joining PRO - ASN
Joining ASN - GLY
Joining GLY - VAL
Joining VAL - GLY
Joining GLY - PRO
Joining PRO - TRP
Joining TRP - LYS
Joining LYS - LEU
Joining LEU - ARG
Joining ARG - CYS
Joining CYS - LEU
Joining LEU - ALA
Joining ALA - GLN
Joining GLN - THR
Joining THR - PHE
Joining PHE - ALA
Joining ALA - THR
Joining THR - GLY
Joining GLY - GLU
Joining GLU - VAL
Joining VAL - SER
Joining SER - GLY
Joining GLY - ARG
  Added missing heavy atom: .R<ARG 342>.A<CG 8>
  Added missing heavy atom: .R<ARG 342>.A<CD 11>
  Added missing heavy atom: .R<ARG 342>.A<NE 14>
  Added missing heavy atom: .R<ARG 342>.A<CZ 16>
  Added missing heavy atom: .R<ARG 342>.A<NH1 17>
  Added missing heavy atom: .R<ARG 342>.A<NH2 20>
Joining ARG - THR
Joining THR - LEU
Joining LEU - ILE
Joining ILE - ASP
Joining ASP - ILE
Joining ILE - GLY
Joining GLY - SER
Joining SER - GLY
Joining GLY - PRO
Joining PRO - THR
Joining THR - VAL
Joining VAL - TYR
Joining TYR - GLN
Joining GLN - LEU
Joining LEU - LEU
Joining LEU - SER
Joining SER - ALA
Joining ALA - CYS
Joining CYS - SER
Joining SER - HIE
Joining HIE - PHE
Joining PHE - GLU
Joining GLU - ASP
Joining ASP - ILE
Joining ILE - THR
Joining THR - MET
Joining MET - THR
Joining THR - ASP
Joining ASP - PHE
Joining PHE - LEU
Joining LEU - GLU
Joining GLU - VAL
Joining VAL - ASN
Joining ASN - ARG
Joining ARG - GLN
Joining GLN - GLU
Joining GLU - LEU
Joining LEU - GLY
Joining GLY - ARG
Joining ARG - TRP
Joining TRP - LEU
Joining LEU - GLN
Joining GLN - GLU
Joining GLU - GLU
Joining GLU - PRO
Joining PRO - GLY
Joining GLY - ALA
Joining ALA - PHE
Joining PHE - ASN
Joining ASN - TRP
Joining TRP - SER
Joining SER - MET
Joining MET - TYR
Joining TYR - SER
Joining SER - GLN
Joining GLN - HIE
Joining HIE - ALA
Joining ALA - CYS
Joining CYS - LEU
Joining LEU - ILE
Joining ILE - GLU
Joining GLU - GLY
Joining GLY - LYS
Joining LYS - GLY
Joining GLY - GLU
Joining GLU - CYS
Joining CYS - TRP
Joining TRP - GLN
Joining GLN - ASP
Joining ASP - LYS
Joining LYS - GLU
Joining GLU - ARG
Joining ARG - GLN
Joining GLN - LEU
Joining LEU - ARG
Joining ARG - ALA
Joining ALA - ARG
Joining ARG - VAL
Joining VAL - LYS
Joining LYS - ARG
Joining ARG - VAL
Joining VAL - LEU
Joining LEU - PRO
Joining PRO - ILE
Joining ILE - ASP
Joining ASP - VAL
Joining VAL - HIE
Joining HIE - GLN
Joining GLN - PRO
Joining PRO - GLN
Joining GLN - PRO
Joining PRO - LEU
Joining LEU - GLY
Joining GLY - ALA
Joining ALA - GLY
Joining GLY - SER
Joining SER - PRO
Joining PRO - ALA
Joining ALA - PRO
Joining PRO - LEU
Joining LEU - PRO
Joining PRO - ALA
Joining ALA - ASP
Joining ASP - ALA
Joining ALA - LEU
Joining LEU - VAL
Joining VAL - SER
Joining SER - ALA
Joining ALA - PHE
Joining PHE - CYS
Joining CYS - LEU
Joining LEU - GLU
Joining GLU - ALA
Joining ALA - VAL
Joining VAL - SER
Joining SER - PRO
Joining PRO - ASP
Joining ASP - LEU
Joining LEU - ALA
Joining ALA - SER
Joining SER - PHE
Joining PHE - GLN
Joining GLN - ARG
Joining ARG - ALA
Joining ALA - LEU
Joining LEU - ASP
Joining ASP - HIE
Joining HIE - ILE
Joining ILE - THR
Joining THR - THR
Joining THR - LEU
Joining LEU - LEU
Joining LEU - ARG
Joining ARG - PRO
Joining PRO - GLY
Joining GLY - GLY
Joining GLY - HIE
Joining HIE - LEU
Joining LEU - LEU
Joining LEU - LEU
Joining LEU - ILE
Joining ILE - GLY
Joining GLY - ALA
Joining ALA - LEU
Joining LEU - GLU
Joining GLU - GLU
Joining GLU - SER
Joining SER - TRP
Joining TRP - TYR
Joining TYR - LEU
Joining LEU - ALA
Joining ALA - GLY
Joining GLY - GLU
Joining GLU - ALA
Joining ALA - ARG
Joining ARG - LEU
Joining LEU - THR
Joining THR - VAL
Joining VAL - VAL
Joining VAL - PRO
Joining PRO - VAL
Joining VAL - SER
Joining SER - GLU
Joining GLU - GLU
Joining GLU - GLU
Joining GLU - VAL
Joining VAL - ARG
Joining ARG - GLU
Joining GLU - ALA
Joining ALA - LEU
Joining LEU - VAL
Joining VAL - ARG
Joining ARG - SER
Joining SER - GLY
Joining GLY - TYR
Joining TYR - LYS
Joining LYS - VAL
Joining VAL - ARG
Joining ARG - ASP
Joining ASP - LEU
Joining LEU - ARG
Joining ARG - THR
Joining THR - TYR
Joining TYR - ILE
Joining ILE - MET
Joining MET - PRO
Joining PRO - ALA
Joining ALA - HIE
Joining HIE - LEU
Joining LEU - GLN
Joining GLN - THR
Joining THR - GLY
Joining GLY - VAL
Joining VAL - ASP
Joining ASP - ASP
Joining ASP - VAL
Joining VAL - LYS
Joining LYS - GLY
Joining GLY - VAL
Joining VAL - PHE
Joining PHE - PHE
Joining PHE - ALA
Joining ALA - TRP
Joining TRP - ALA
Joining ALA - GLN
Joining GLN - LYS
Joining LYS - CVAL
  Added missing heavy atom: .R<CVAL 549>.A<OXT 17>
  total atoms in file: 4154
  Leap added 4109 missing atoms according to residue templates:
       47 Heavy
       4062 H / lone pairs
> savepdb  protein  protein.pdb
Writing pdb file: protein.pdb
 Converting N-terminal residue name to PDB format: NALA -> ALA
 Converting C-terminal residue name to PDB format: CLEU -> LEU
 Converting N-terminal residue name to PDB format: NPRO -> PRO
 Converting C-terminal residue name to PDB format: CVAL -> VAL
> ##saveamberparm dipepide diVAL.prmtop diVAL.inpcrd
> 
> quit
	Quit
