log started: Fri Nov 23 17:43:44 2018

Log file: ./leap.log
>> #
>> # ----- leaprc for loading the ff99SB (Hornak & Simmerling) force field
>> # -----  this file is updated for PDB format 3
>> #
>> #	load atom type hybridizations
>> #
>> addAtomTypes {
>> 	{ "H"   "H" "sp3" }
>> 	{ "HO"  "H" "sp3" }
>> 	{ "HS"  "H" "sp3" }
>> 	{ "H1"  "H" "sp3" }
>> 	{ "H2"  "H" "sp3" }
>> 	{ "H3"  "H" "sp3" }
>> 	{ "H4"  "H" "sp3" }
>> 	{ "H5"  "H" "sp3" }
>> 	{ "HW"  "H" "sp3" }
>> 	{ "HC"  "H" "sp3" }
>> 	{ "HA"  "H" "sp3" }
>> 	{ "HP"  "H" "sp3" }
>> 	{ "OH"  "O" "sp3" }
>> 	{ "OS"  "O" "sp3" }
>> 	{ "O"   "O" "sp2" }
>> 	{ "O2"  "O" "sp2" }
>> 	{ "OW"  "O" "sp3" }
>> 	{ "CT"  "C" "sp3" }
>> 	{ "CH"  "C" "sp3" }
>> 	{ "C2"  "C" "sp3" }
>> 	{ "C3"  "C" "sp3" }
>> 	{ "C"   "C" "sp2" }
>> 	{ "C*"  "C" "sp2" }
>> 	{ "CA"  "C" "sp2" }
>> 	{ "CB"  "C" "sp2" }
>> 	{ "CC"  "C" "sp2" }
>> 	{ "CN"  "C" "sp2" }
>> 	{ "CM"  "C" "sp2" }
>> 	{ "CK"  "C" "sp2" }
>> 	{ "CQ"  "C" "sp2" }
>> 	{ "CD"  "C" "sp2" }
>> 	{ "CE"  "C" "sp2" }
>> 	{ "CF"  "C" "sp2" }
>> 	{ "CP"  "C" "sp2" }
>> 	{ "CI"  "C" "sp2" }
>> 	{ "CJ"  "C" "sp2" }
>> 	{ "CW"  "C" "sp2" }
>> 	{ "CV"  "C" "sp2" }
>> 	{ "CR"  "C" "sp2" }
>> 	{ "CA"  "C" "sp2" }
>> 	{ "CY"  "C" "sp2" }
>> 	{ "C0"  "Ca" "sp2" }
>> 	{ "MG"  "Mg" "sp3" }
>> 	{ "N"   "N" "sp2" }
>> 	{ "NA"  "N" "sp2" }
>> 	{ "N2"  "N" "sp2" }
>> 	{ "N*"  "N" "sp2" }
>> 	{ "NP"  "N" "sp2" }
>> 	{ "NQ"  "N" "sp2" }
>> 	{ "NB"  "N" "sp2" }
>> 	{ "NC"  "N" "sp2" }
>> 	{ "NT"  "N" "sp3" }
>> 	{ "N3"  "N" "sp3" }
>> 	{ "S"   "S" "sp3" }
>> 	{ "SH"  "S" "sp3" }
>> 	{ "P"   "P" "sp3" }
>> 	{ "LP"  ""  "sp3" }
>> 	{ "F"   "F" "sp3" }
>> 	{ "CL"  "Cl" "sp3" }
>> 	{ "BR"  "Br" "sp3" }
>> 	{ "I"   "I"  "sp3" }
>> 	{ "FE"  "Fe" "sp3" }
>> 	{ "EP"  ""  "sp3" }
>> # glycam
>> 	{ "OG"  "O" "sp3" }
>> 	{ "OL"  "O" "sp3" }
>> 	{ "AC"  "C" "sp3" }
>> 	{ "EC"  "C" "sp3" }
>> }
>> #
>> #	Load the main parameter set.
>> #
>> parm99 = loadamberparams parm99.dat
Loading parameters: /share/home/zhanghaiping/program/amber16/dat/leap/parm/parm99.dat
Reading title:
PARM99 for DNA,RNA,AA, organic molecules, TIP3P wat. Polariz.& LP incl.02/04/99
(UNKNOWN ATOM TYPE: HZ)
(UNKNOWN ATOM TYPE: IM)
(UNKNOWN ATOM TYPE: Li)
(UNKNOWN ATOM TYPE: IP)
(UNKNOWN ATOM TYPE: K)
(UNKNOWN ATOM TYPE: Rb)
(UNKNOWN ATOM TYPE: Cs)
(UNKNOWN ATOM TYPE: Zn)
(UNKNOWN ATOM TYPE: IB)
(UNKNOWN ATOM TYPE: LP)
>> frcmod99SB = loadamberparams frcmod.ff99SB
Loading parameters: /share/home/zhanghaiping/program/amber16/dat/leap/parm/frcmod.ff99SB
Reading force field modification type file (frcmod)
Reading title:
Modification/update of parm99.dat (Hornak & Simmerling)
>> #
>> #	Load DNA/RNA libraries
>> #
>> loadOff all_nucleic94.lib
Loading library: /share/home/zhanghaiping/program/amber16/dat/leap/lib/all_nucleic94.lib
Loading: DA
Loading: DA3
Loading: DA5
Loading: DAN
Loading: DC
Loading: DC3
Loading: DC5
Loading: DCN
Loading: DG
Loading: DG3
Loading: DG5
Loading: DGN
Loading: DT
Loading: DT3
Loading: DT5
Loading: DTN
Loading: RA
Loading: RA3
Loading: RA5
Loading: RAN
Loading: RC
Loading: RC3
Loading: RC5
Loading: RCN
Loading: RG
Loading: RG3
Loading: RG5
Loading: RGN
Loading: RU
Loading: RU3
Loading: RU5
Loading: RUN
>> #
>> #	Load main chain and terminating 
>> #	amino acid libraries (i.e. ff94 libs)
>> #
>> loadOff all_amino94.lib
Loading library: /share/home/zhanghaiping/program/amber16/dat/leap/lib/all_amino94.lib
Loading: ALA
Loading: ARG
Loading: ASH
Loading: ASN
Loading: ASP
Loading: CYM
Loading: CYS
Loading: CYX
Loading: GLH
Loading: GLN
Loading: GLU
Loading: GLY
Loading: HID
Loading: HIE
Loading: HIP
Loading: ILE
Loading: LEU
Loading: LYN
Loading: LYS
Loading: MET
Loading: PHE
Loading: PRO
Loading: SER
Loading: THR
Loading: TRP
Loading: TYR
Loading: VAL
>> loadOff all_aminoct94.lib
Loading library: /share/home/zhanghaiping/program/amber16/dat/leap/lib/all_aminoct94.lib
Loading: CALA
Loading: CARG
Loading: CASN
Loading: CASP
Loading: CCYS
Loading: CCYX
Loading: CGLN
Loading: CGLU
Loading: CGLY
Loading: CHID
Loading: CHIE
Loading: CHIP
Loading: CILE
Loading: CLEU
Loading: CLYS
Loading: CMET
Loading: CPHE
Loading: CPRO
Loading: CSER
Loading: CTHR
Loading: CTRP
Loading: CTYR
Loading: CVAL
Loading: NHE
Loading: NME
>> loadOff all_aminont94.lib
Loading library: /share/home/zhanghaiping/program/amber16/dat/leap/lib/all_aminont94.lib
Loading: ACE
Loading: NALA
Loading: NARG
Loading: NASN
Loading: NASP
Loading: NCYS
Loading: NCYX
Loading: NGLN
Loading: NGLU
Loading: NGLY
Loading: NHID
Loading: NHIE
Loading: NHIP
Loading: NILE
Loading: NLEU
Loading: NLYS
Loading: NMET
Loading: NPHE
Loading: NPRO
Loading: NSER
Loading: NTHR
Loading: NTRP
Loading: NTYR
Loading: NVAL
>> #
>> #       Load water and ions
>> # 
>> loadOff ions94.lib
Loading library: /share/home/zhanghaiping/program/amber16/dat/leap/lib/ions94.lib
Loading: CIO
Loading: Cl-
Loading: Cs+
Loading: IB
Loading: K+
Loading: Li+
Loading: MG2
Loading: Na+
Loading: Rb+
>> loadOff solvents.lib
Loading library: /share/home/zhanghaiping/program/amber16/dat/leap/lib/solvents.lib
Loading: CHCL3BOX
Loading: DC4
Loading: FB3
Loading: FB3BOX
Loading: FB4
Loading: FB4BOX
Loading: MEOHBOX
Loading: NMABOX
Loading: OPC
Loading: OPCBOX
Loading: PL3
Loading: POL3BOX
Loading: QSPCFWBOX
Loading: SPC
Loading: SPCBOX
Loading: SPCFWBOX
Loading: SPF
Loading: SPG
Loading: T4E
Loading: TIP3PBOX
Loading: TIP3PFBOX
Loading: TIP4PBOX
Loading: TIP4PEWBOX
Loading: TIP5PBOX
Loading: TP3
Loading: TP4
Loading: TP5
Loading: TPF
>> HOH = TP3
>> WAT = TP3
>> 
>> #
>> #	Define the PDB name map for the amino acids and DNA.
>> #
>> addPdbResMap {
>>   { 0 "ALA" "NALA" } { 1 "ALA" "CALA" }
>>   { 0 "ARG" "NARG" } { 1 "ARG" "CARG" }
>>   { 0 "ASN" "NASN" } { 1 "ASN" "CASN" }
>>   { 0 "ASP" "NASP" } { 1 "ASP" "CASP" }
>>   { 0 "CYS" "NCYS" } { 1 "CYS" "CCYS" }
>>   { 0 "CYX" "NCYX" } { 1 "CYX" "CCYX" }
>>   { 0 "GLN" "NGLN" } { 1 "GLN" "CGLN" }
>>   { 0 "GLU" "NGLU" } { 1 "GLU" "CGLU" }
>>   { 0 "GLY" "NGLY" } { 1 "GLY" "CGLY" }
>>   { 0 "HID" "NHID" } { 1 "HID" "CHID" }
>>   { 0 "HIE" "NHIE" } { 1 "HIE" "CHIE" }
>>   { 0 "HIP" "NHIP" } { 1 "HIP" "CHIP" }
>>   { 0 "ILE" "NILE" } { 1 "ILE" "CILE" }
>>   { 0 "LEU" "NLEU" } { 1 "LEU" "CLEU" }
>>   { 0 "LYS" "NLYS" } { 1 "LYS" "CLYS" }
>>   { 0 "MET" "NMET" } { 1 "MET" "CMET" }
>>   { 0 "PHE" "NPHE" } { 1 "PHE" "CPHE" }
>>   { 0 "PRO" "NPRO" } { 1 "PRO" "CPRO" }
>>   { 0 "SER" "NSER" } { 1 "SER" "CSER" }
>>   { 0 "THR" "NTHR" } { 1 "THR" "CTHR" }
>>   { 0 "TRP" "NTRP" } { 1 "TRP" "CTRP" }
>>   { 0 "TYR" "NTYR" } { 1 "TYR" "CTYR" }
>>   { 0 "VAL" "NVAL" } { 1 "VAL" "CVAL" }
>>   { 0 "HIS" "NHIS" } { 1 "HIS" "CHIS" }
>>   { 0 "GUA" "DG5"  } { 1 "GUA" "DG3"  } { "GUA" "DG" }
>>   { 0 "ADE" "DA5"  } { 1 "ADE" "DA3"  } { "ADE" "DA" }
>>   { 0 "CYT" "DC5"  } { 1 "CYT" "DC3"  } { "CYT" "DC" }
>>   { 0 "THY" "DT5"  } { 1 "THY" "DT3"  } { "THY" "DT" }
>>   { 0 "G" "RG5"  } { 1 "G" "RG3"  } { "G" "RG" } { "GN" "RGN" }
>>   { 0 "A" "RA5"  } { 1 "A" "RA3"  } { "A" "RA" } { "AN" "RAN" }
>>   { 0 "C" "RC5"  } { 1 "C" "RC3"  } { "C" "RC" } { "CN" "RCN" }
>>   { 0 "U" "RU5"  } { 1 "U" "RU3"  } { "U" "RU" } { "UN" "RUN" }
>>   { 0 "DG" "DG5"  } { 1 "DG" "DG3"  }  
>>   { 0 "DA" "DA5"  } { 1 "DA" "DA3"  }  
>>   { 0 "DC" "DC5"  } { 1 "DC" "DC3"  }  
>>   { 0 "DT" "DT5"  } { 1 "DT" "DT3"  }
>> 
>> }
>> 
>> addPdbAtomMap {
>>   { "O5*" "O5'" }
>>   { "C5*" "C5'" }
>>   { "C4*" "C4'" }
>>   { "O4*" "O4'" }
>>   { "C3*" "C3'" }
>>   { "O3*" "O3'" }
>>   { "C2*" "C2'" }
>>   { "C1*" "C1'" }
>>   { "C5M" "C7"  }
>>   { "O2*" "O2'" }
>>   { "H1*" "H1'" }
>>   { "H2*1" "H2'1" }
>>   { "H2*2" "H2'2" }
>>   { "H2'"  "H2'1" }
>>   { "H2''" "H2'2" }
>>   { "H3*" "H3'" }
>>   { "H4*" "H4'" }
>>   { "H5*1" "H5'1" }
>>   { "H5*2" "H5'2" }
>>   { "H5'"  "H5'1" }
>>   { "H5''" "H5'2" }
>>   { "HO2'" "HO'2" }
>>   { "HO5'" "H5T" }
>>   { "HO3'" "H3T" }
>>   { "O1'" "O4'" }
>>   { "OA"  "O1P" }
>>   { "OB"  "O2P" }
>>   { "OP1" "O1P" }
>>   { "OP2" "O2P" }
>> }
>> 
>> 
>> #
>> # assumed that most often proteins use HIE
>> #
>> NHIS = NHIE
>> HIS = HIE
>> CHIS = CHIE
> 
> #source /home/zhp/tleap/leaprc.GLYCAM_06j-1
> set default PBRadii mbondi3
Using ArgH and AspGluO modified Bondi2 radii
> #3dipepide=sequence{ACE VAL NME}
> 
> 
> protein = loadpdb  1uml_ww.pdb
Loading PDB file: ./1uml_ww.pdb
Enter zPdbReadScan from call depth  0.
Exit  zPdbReadScan from call depth  0.
Matching PDB residue names to LEaP variables.
Mapped residue THR, term: Terminal/beginning, seq. number: 0 to: NTHR.
(Residue 1: PRO, Nonterminal, was not found in name map.)
(Residue 2: ALA, Nonterminal, was not found in name map.)
(Residue 3: PHE, Nonterminal, was not found in name map.)
(Residue 4: ASP, Nonterminal, was not found in name map.)
(Residue 5: LYS, Nonterminal, was not found in name map.)
(Residue 6: PRO, Nonterminal, was not found in name map.)
(Residue 7: LYS, Nonterminal, was not found in name map.)
(Residue 8: VAL, Nonterminal, was not found in name map.)
(Residue 9: GLU, Nonterminal, was not found in name map.)
(Residue 10: LEU, Nonterminal, was not found in name map.)
(Residue 11: HIS, Nonterminal, was not found in name map.)
(Residue 12: VAL, Nonterminal, was not found in name map.)
(Residue 13: HIS, Nonterminal, was not found in name map.)
(Residue 14: LEU, Nonterminal, was not found in name map.)
(Residue 15: ASP, Nonterminal, was not found in name map.)
(Residue 16: GLY, Nonterminal, was not found in name map.)
(Residue 17: ALA, Nonterminal, was not found in name map.)
(Residue 18: ILE, Nonterminal, was not found in name map.)
(Residue 19: LYS, Nonterminal, was not found in name map.)
(Residue 20: PRO, Nonterminal, was not found in name map.)
(Residue 21: GLU, Nonterminal, was not found in name map.)
(Residue 22: THR, Nonterminal, was not found in name map.)
(Residue 23: ILE, Nonterminal, was not found in name map.)
(Residue 24: LEU, Nonterminal, was not found in name map.)
(Residue 25: TYR, Nonterminal, was not found in name map.)
(Residue 26: TYR, Nonterminal, was not found in name map.)
(Residue 27: GLY, Nonterminal, was not found in name map.)
(Residue 28: LYS, Nonterminal, was not found in name map.)
(Residue 29: ARG, Nonterminal, was not found in name map.)
(Residue 30: ARG, Nonterminal, was not found in name map.)
(Residue 31: GLY, Nonterminal, was not found in name map.)
(Residue 32: ILE, Nonterminal, was not found in name map.)
(Residue 33: ALA, Nonterminal, was not found in name map.)
(Residue 34: LEU, Nonterminal, was not found in name map.)
(Residue 35: PRO, Nonterminal, was not found in name map.)
(Residue 36: ALA, Nonterminal, was not found in name map.)
(Residue 37: ASP, Nonterminal, was not found in name map.)
(Residue 38: THR, Nonterminal, was not found in name map.)
(Residue 39: PRO, Nonterminal, was not found in name map.)
(Residue 40: GLU, Nonterminal, was not found in name map.)
(Residue 41: GLU, Nonterminal, was not found in name map.)
(Residue 42: LEU, Nonterminal, was not found in name map.)
(Residue 43: GLN, Nonterminal, was not found in name map.)
(Residue 44: ASN, Nonterminal, was not found in name map.)
(Residue 45: ILE, Nonterminal, was not found in name map.)
(Residue 46: ILE, Nonterminal, was not found in name map.)
(Residue 47: GLY, Nonterminal, was not found in name map.)
(Residue 48: MET, Nonterminal, was not found in name map.)
(Residue 49: ASP, Nonterminal, was not found in name map.)
(Residue 50: LYS, Nonterminal, was not found in name map.)
(Residue 51: PRO, Nonterminal, was not found in name map.)
(Residue 52: LEU, Nonterminal, was not found in name map.)
(Residue 53: THR, Nonterminal, was not found in name map.)
(Residue 54: LEU, Nonterminal, was not found in name map.)
(Residue 55: PRO, Nonterminal, was not found in name map.)
(Residue 56: ASP, Nonterminal, was not found in name map.)
(Residue 57: PHE, Nonterminal, was not found in name map.)
(Residue 58: LEU, Nonterminal, was not found in name map.)
(Residue 59: ALA, Nonterminal, was not found in name map.)
(Residue 60: LYS, Nonterminal, was not found in name map.)
(Residue 61: PHE, Nonterminal, was not found in name map.)
(Residue 62: ASP, Nonterminal, was not found in name map.)
(Residue 63: TYR, Nonterminal, was not found in name map.)
(Residue 64: TYR, Nonterminal, was not found in name map.)
(Residue 65: MET, Nonterminal, was not found in name map.)
(Residue 66: PRO, Nonterminal, was not found in name map.)
(Residue 67: ALA, Nonterminal, was not found in name map.)
(Residue 68: ILE, Nonterminal, was not found in name map.)
(Residue 69: ALA, Nonterminal, was not found in name map.)
(Residue 70: GLY, Nonterminal, was not found in name map.)
(Residue 71: CYS, Nonterminal, was not found in name map.)
(Residue 72: ARG, Nonterminal, was not found in name map.)
(Residue 73: ASP, Nonterminal, was not found in name map.)
(Residue 74: ALA, Nonterminal, was not found in name map.)
(Residue 75: ILE, Nonterminal, was not found in name map.)
(Residue 76: LYS, Nonterminal, was not found in name map.)
(Residue 77: ARG, Nonterminal, was not found in name map.)
(Residue 78: ILE, Nonterminal, was not found in name map.)
(Residue 79: ALA, Nonterminal, was not found in name map.)
(Residue 80: TYR, Nonterminal, was not found in name map.)
(Residue 81: GLU, Nonterminal, was not found in name map.)
(Residue 82: PHE, Nonterminal, was not found in name map.)
(Residue 83: VAL, Nonterminal, was not found in name map.)
(Residue 84: GLU, Nonterminal, was not found in name map.)
(Residue 85: MET, Nonterminal, was not found in name map.)
(Residue 86: LYS, Nonterminal, was not found in name map.)
(Residue 87: ALA, Nonterminal, was not found in name map.)
(Residue 88: LYS, Nonterminal, was not found in name map.)
(Residue 89: ASP, Nonterminal, was not found in name map.)
(Residue 90: GLY, Nonterminal, was not found in name map.)
(Residue 91: VAL, Nonterminal, was not found in name map.)
(Residue 92: VAL, Nonterminal, was not found in name map.)
(Residue 93: TYR, Nonterminal, was not found in name map.)
(Residue 94: VAL, Nonterminal, was not found in name map.)
(Residue 95: GLU, Nonterminal, was not found in name map.)
(Residue 96: VAL, Nonterminal, was not found in name map.)
(Residue 97: ARG, Nonterminal, was not found in name map.)
(Residue 98: TYR, Nonterminal, was not found in name map.)
(Residue 99: SER, Nonterminal, was not found in name map.)
(Residue 100: PRO, Nonterminal, was not found in name map.)
(Residue 101: HIS, Nonterminal, was not found in name map.)
(Residue 102: LEU, Nonterminal, was not found in name map.)
(Residue 103: LEU, Nonterminal, was not found in name map.)
(Residue 104: ALA, Nonterminal, was not found in name map.)
(Residue 105: ASN, Nonterminal, was not found in name map.)
(Residue 106: SER, Nonterminal, was not found in name map.)
(Residue 107: LYS, Nonterminal, was not found in name map.)
(Residue 108: VAL, Nonterminal, was not found in name map.)
(Residue 109: GLU, Nonterminal, was not found in name map.)
(Residue 110: PRO, Nonterminal, was not found in name map.)
(Residue 111: ILE, Nonterminal, was not found in name map.)
(Residue 112: PRO, Nonterminal, was not found in name map.)
(Residue 113: TRP, Nonterminal, was not found in name map.)
(Residue 114: ASN, Nonterminal, was not found in name map.)
(Residue 115: GLN, Nonterminal, was not found in name map.)
(Residue 116: ALA, Nonterminal, was not found in name map.)
(Residue 117: GLU, Nonterminal, was not found in name map.)
(Residue 118: GLY, Nonterminal, was not found in name map.)
(Residue 119: ASP, Nonterminal, was not found in name map.)
(Residue 120: LEU, Nonterminal, was not found in name map.)
(Residue 121: THR, Nonterminal, was not found in name map.)
(Residue 122: PRO, Nonterminal, was not found in name map.)
(Residue 123: ASP, Nonterminal, was not found in name map.)
(Residue 124: GLU, Nonterminal, was not found in name map.)
(Residue 125: VAL, Nonterminal, was not found in name map.)
(Residue 126: VAL, Nonterminal, was not found in name map.)
(Residue 127: SER, Nonterminal, was not found in name map.)
(Residue 128: LEU, Nonterminal, was not found in name map.)
(Residue 129: VAL, Nonterminal, was not found in name map.)
(Residue 130: ASN, Nonterminal, was not found in name map.)
(Residue 131: GLN, Nonterminal, was not found in name map.)
(Residue 132: GLY, Nonterminal, was not found in name map.)
(Residue 133: LEU, Nonterminal, was not found in name map.)
(Residue 134: GLN, Nonterminal, was not found in name map.)
(Residue 135: GLU, Nonterminal, was not found in name map.)
(Residue 136: GLY, Nonterminal, was not found in name map.)
(Residue 137: GLU, Nonterminal, was not found in name map.)
(Residue 138: ARG, Nonterminal, was not found in name map.)
(Residue 139: ASP, Nonterminal, was not found in name map.)
(Residue 140: PHE, Nonterminal, was not found in name map.)
(Residue 141: GLY, Nonterminal, was not found in name map.)
(Residue 142: VAL, Nonterminal, was not found in name map.)
(Residue 143: LYS, Nonterminal, was not found in name map.)
(Residue 144: VAL, Nonterminal, was not found in name map.)
(Residue 145: ARG, Nonterminal, was not found in name map.)
(Residue 146: SER, Nonterminal, was not found in name map.)
(Residue 147: ILE, Nonterminal, was not found in name map.)
(Residue 148: LEU, Nonterminal, was not found in name map.)
(Residue 149: CYS, Nonterminal, was not found in name map.)
(Residue 150: CYS, Nonterminal, was not found in name map.)
(Residue 151: MET, Nonterminal, was not found in name map.)
(Residue 152: ARG, Nonterminal, was not found in name map.)
(Residue 153: HIS, Nonterminal, was not found in name map.)
(Residue 154: GLN, Nonterminal, was not found in name map.)
(Residue 155: PRO, Nonterminal, was not found in name map.)
(Residue 156: SER, Nonterminal, was not found in name map.)
(Residue 157: TRP, Nonterminal, was not found in name map.)
(Residue 158: SER, Nonterminal, was not found in name map.)
(Residue 159: SER, Nonterminal, was not found in name map.)
(Residue 160: GLU, Nonterminal, was not found in name map.)
(Residue 161: VAL, Nonterminal, was not found in name map.)
(Residue 162: VAL, Nonterminal, was not found in name map.)
(Residue 163: GLU, Nonterminal, was not found in name map.)
(Residue 164: LEU, Nonterminal, was not found in name map.)
(Residue 165: CYS, Nonterminal, was not found in name map.)
(Residue 166: LYS, Nonterminal, was not found in name map.)
(Residue 167: LYS, Nonterminal, was not found in name map.)
(Residue 168: TYR, Nonterminal, was not found in name map.)
(Residue 169: ARG, Nonterminal, was not found in name map.)
(Residue 170: GLU, Nonterminal, was not found in name map.)
(Residue 171: GLN, Nonterminal, was not found in name map.)
(Residue 172: THR, Nonterminal, was not found in name map.)
(Residue 173: VAL, Nonterminal, was not found in name map.)
(Residue 174: VAL, Nonterminal, was not found in name map.)
(Residue 175: ALA, Nonterminal, was not found in name map.)
(Residue 176: ILE, Nonterminal, was not found in name map.)
(Residue 177: ASP, Nonterminal, was not found in name map.)
(Residue 178: LEU, Nonterminal, was not found in name map.)
(Residue 179: ALA, Nonterminal, was not found in name map.)
(Residue 180: GLY, Nonterminal, was not found in name map.)
(Residue 181: ASP, Nonterminal, was not found in name map.)
(Residue 182: GLU, Nonterminal, was not found in name map.)
(Residue 183: THR, Nonterminal, was not found in name map.)
(Residue 184: ILE, Nonterminal, was not found in name map.)
(Residue 185: GLU, Nonterminal, was not found in name map.)
(Residue 186: GLY, Nonterminal, was not found in name map.)
(Residue 187: SER, Nonterminal, was not found in name map.)
(Residue 188: SER, Nonterminal, was not found in name map.)
(Residue 189: LEU, Nonterminal, was not found in name map.)
(Residue 190: PHE, Nonterminal, was not found in name map.)
(Residue 191: PRO, Nonterminal, was not found in name map.)
(Residue 192: GLY, Nonterminal, was not found in name map.)
(Residue 193: HIS, Nonterminal, was not found in name map.)
(Residue 194: VAL, Nonterminal, was not found in name map.)
(Residue 195: GLN, Nonterminal, was not found in name map.)
(Residue 196: ALA, Nonterminal, was not found in name map.)
(Residue 197: TYR, Nonterminal, was not found in name map.)
(Residue 198: ALA, Nonterminal, was not found in name map.)
(Residue 199: GLU, Nonterminal, was not found in name map.)
(Residue 200: ALA, Nonterminal, was not found in name map.)
(Residue 201: VAL, Nonterminal, was not found in name map.)
(Residue 202: LYS, Nonterminal, was not found in name map.)
(Residue 203: SER, Nonterminal, was not found in name map.)
(Residue 204: GLY, Nonterminal, was not found in name map.)
(Residue 205: VAL, Nonterminal, was not found in name map.)
(Residue 206: HIS, Nonterminal, was not found in name map.)
(Residue 207: ARG, Nonterminal, was not found in name map.)
(Residue 208: THR, Nonterminal, was not found in name map.)
(Residue 209: VAL, Nonterminal, was not found in name map.)
(Residue 210: HIS, Nonterminal, was not found in name map.)
(Residue 211: ALA, Nonterminal, was not found in name map.)
(Residue 212: GLY, Nonterminal, was not found in name map.)
(Residue 213: GLU, Nonterminal, was not found in name map.)
(Residue 214: VAL, Nonterminal, was not found in name map.)
(Residue 215: GLY, Nonterminal, was not found in name map.)
(Residue 216: SER, Nonterminal, was not found in name map.)
(Residue 217: ALA, Nonterminal, was not found in name map.)
(Residue 218: ASN, Nonterminal, was not found in name map.)
(Residue 219: VAL, Nonterminal, was not found in name map.)
(Residue 220: VAL, Nonterminal, was not found in name map.)
(Residue 221: LYS, Nonterminal, was not found in name map.)
(Residue 222: GLU, Nonterminal, was not found in name map.)
(Residue 223: ALA, Nonterminal, was not found in name map.)
(Residue 224: VAL, Nonterminal, was not found in name map.)
(Residue 225: ASP, Nonterminal, was not found in name map.)
(Residue 226: THR, Nonterminal, was not found in name map.)
(Residue 227: LEU, Nonterminal, was not found in name map.)
(Residue 228: LYS, Nonterminal, was not found in name map.)
(Residue 229: THR, Nonterminal, was not found in name map.)
(Residue 230: GLU, Nonterminal, was not found in name map.)
(Residue 231: ARG, Nonterminal, was not found in name map.)
(Residue 232: LEU, Nonterminal, was not found in name map.)
(Residue 233: GLY, Nonterminal, was not found in name map.)
(Residue 234: HIS, Nonterminal, was not found in name map.)
(Residue 235: GLY, Nonterminal, was not found in name map.)
(Residue 236: TYR, Nonterminal, was not found in name map.)
(Residue 237: HIS, Nonterminal, was not found in name map.)
(Residue 238: THR, Nonterminal, was not found in name map.)
(Residue 239: LEU, Nonterminal, was not found in name map.)
(Residue 240: GLU, Nonterminal, was not found in name map.)
(Residue 241: ASP, Nonterminal, was not found in name map.)
(Residue 242: THR, Nonterminal, was not found in name map.)
(Residue 243: THR, Nonterminal, was not found in name map.)
(Residue 244: LEU, Nonterminal, was not found in name map.)
(Residue 245: TYR, Nonterminal, was not found in name map.)
(Residue 246: ASN, Nonterminal, was not found in name map.)
(Residue 247: ARG, Nonterminal, was not found in name map.)
(Residue 248: LEU, Nonterminal, was not found in name map.)
(Residue 249: ARG, Nonterminal, was not found in name map.)
(Residue 250: GLN, Nonterminal, was not found in name map.)
(Residue 251: GLU, Nonterminal, was not found in name map.)
(Residue 252: ASN, Nonterminal, was not found in name map.)
(Residue 253: MET, Nonterminal, was not found in name map.)
(Residue 254: HIS, Nonterminal, was not found in name map.)
(Residue 255: PHE, Nonterminal, was not found in name map.)
(Residue 256: GLU, Nonterminal, was not found in name map.)
(Residue 257: ILE, Nonterminal, was not found in name map.)
(Residue 258: CYS, Nonterminal, was not found in name map.)
(Residue 259: PRO, Nonterminal, was not found in name map.)
(Residue 260: TRP, Nonterminal, was not found in name map.)
(Residue 261: SER, Nonterminal, was not found in name map.)
(Residue 262: SER, Nonterminal, was not found in name map.)
(Residue 263: TYR, Nonterminal, was not found in name map.)
(Residue 264: LEU, Nonterminal, was not found in name map.)
(Residue 265: THR, Nonterminal, was not found in name map.)
(Residue 266: GLY, Nonterminal, was not found in name map.)
(Residue 267: ALA, Nonterminal, was not found in name map.)
(Residue 268: TRP, Nonterminal, was not found in name map.)
(Residue 269: LYS, Nonterminal, was not found in name map.)
(Residue 270: PRO, Nonterminal, was not found in name map.)
(Residue 271: ASP, Nonterminal, was not found in name map.)
(Residue 272: THR, Nonterminal, was not found in name map.)
(Residue 273: GLU, Nonterminal, was not found in name map.)
(Residue 274: HIS, Nonterminal, was not found in name map.)
(Residue 275: ALA, Nonterminal, was not found in name map.)
(Residue 276: VAL, Nonterminal, was not found in name map.)
(Residue 277: ILE, Nonterminal, was not found in name map.)
(Residue 278: ARG, Nonterminal, was not found in name map.)
(Residue 279: PHE, Nonterminal, was not found in name map.)
(Residue 280: LYS, Nonterminal, was not found in name map.)
(Residue 281: ASN, Nonterminal, was not found in name map.)
(Residue 282: ASP, Nonterminal, was not found in name map.)
(Residue 283: GLN, Nonterminal, was not found in name map.)
(Residue 284: VAL, Nonterminal, was not found in name map.)
(Residue 285: ASN, Nonterminal, was not found in name map.)
(Residue 286: TYR, Nonterminal, was not found in name map.)
(Residue 287: SER, Nonterminal, was not found in name map.)
(Residue 288: LEU, Nonterminal, was not found in name map.)
(Residue 289: ASN, Nonterminal, was not found in name map.)
(Residue 290: THR, Nonterminal, was not found in name map.)
(Residue 291: ASP, Nonterminal, was not found in name map.)
(Residue 292: ASP, Nonterminal, was not found in name map.)
(Residue 293: PRO, Nonterminal, was not found in name map.)
(Residue 294: LEU, Nonterminal, was not found in name map.)
(Residue 295: ILE, Nonterminal, was not found in name map.)
(Residue 296: PHE, Nonterminal, was not found in name map.)
(Residue 297: LYS, Nonterminal, was not found in name map.)
(Residue 298: SER, Nonterminal, was not found in name map.)
(Residue 299: THR, Nonterminal, was not found in name map.)
(Residue 300: LEU, Nonterminal, was not found in name map.)
(Residue 301: ASP, Nonterminal, was not found in name map.)
(Residue 302: THR, Nonterminal, was not found in name map.)
(Residue 303: ASP, Nonterminal, was not found in name map.)
(Residue 304: TYR, Nonterminal, was not found in name map.)
(Residue 305: GLN, Nonterminal, was not found in name map.)
(Residue 306: MET, Nonterminal, was not found in name map.)
(Residue 307: THR, Nonterminal, was not found in name map.)
(Residue 308: LYS, Nonterminal, was not found in name map.)
(Residue 309: LYS, Nonterminal, was not found in name map.)
(Residue 310: ASP, Nonterminal, was not found in name map.)
(Residue 311: MET, Nonterminal, was not found in name map.)
(Residue 312: GLY, Nonterminal, was not found in name map.)
(Residue 313: PHE, Nonterminal, was not found in name map.)
(Residue 314: THR, Nonterminal, was not found in name map.)
(Residue 315: GLU, Nonterminal, was not found in name map.)
(Residue 316: GLU, Nonterminal, was not found in name map.)
(Residue 317: GLU, Nonterminal, was not found in name map.)
(Residue 318: PHE, Nonterminal, was not found in name map.)
(Residue 319: LYS, Nonterminal, was not found in name map.)
(Residue 320: ARG, Nonterminal, was not found in name map.)
(Residue 321: LEU, Nonterminal, was not found in name map.)
(Residue 322: ASN, Nonterminal, was not found in name map.)
(Residue 323: ILE, Nonterminal, was not found in name map.)
(Residue 324: ASN, Nonterminal, was not found in name map.)
(Residue 325: ALA, Nonterminal, was not found in name map.)
(Residue 326: ALA, Nonterminal, was not found in name map.)
(Residue 327: LYS, Nonterminal, was not found in name map.)
(Residue 328: SER, Nonterminal, was not found in name map.)
(Residue 329: SER, Nonterminal, was not found in name map.)
(Residue 330: PHE, Nonterminal, was not found in name map.)
(Residue 331: LEU, Nonterminal, was not found in name map.)
(Residue 332: PRO, Nonterminal, was not found in name map.)
(Residue 333: GLU, Nonterminal, was not found in name map.)
(Residue 334: ASP, Nonterminal, was not found in name map.)
(Residue 335: GLU, Nonterminal, was not found in name map.)
(Residue 336: LYS, Nonterminal, was not found in name map.)
(Residue 337: LYS, Nonterminal, was not found in name map.)
(Residue 338: GLU, Nonterminal, was not found in name map.)
(Residue 339: LEU, Nonterminal, was not found in name map.)
(Residue 340: LEU, Nonterminal, was not found in name map.)
(Residue 341: ASP, Nonterminal, was not found in name map.)
(Residue 342: LEU, Nonterminal, was not found in name map.)
(Residue 343: LEU, Nonterminal, was not found in name map.)
(Residue 344: TYR, Nonterminal, was not found in name map.)
(Residue 345: LYS, Nonterminal, was not found in name map.)
(Residue 346: ALA, Nonterminal, was not found in name map.)
(Residue 347: TYR, Nonterminal, was not found in name map.)
Mapped residue ARG, term: Terminal/last, seq. number: 348 to: CARG.
Joining NTHR - PRO
Joining PRO - ALA
Joining ALA - PHE
Joining PHE - ASP
Joining ASP - LYS
Joining LYS - PRO
Joining PRO - LYS
Joining LYS - VAL
Joining VAL - GLU
Joining GLU - LEU
Joining LEU - HIE
Joining HIE - VAL
Joining VAL - HIE
Joining HIE - LEU
Joining LEU - ASP
Joining ASP - GLY
Joining GLY - ALA
Joining ALA - ILE
Joining ILE - LYS
Joining LYS - PRO
Joining PRO - GLU
Joining GLU - THR
Joining THR - ILE
Joining ILE - LEU
Joining LEU - TYR
Joining TYR - TYR
Joining TYR - GLY
Joining GLY - LYS
Joining LYS - ARG
Joining ARG - ARG
Joining ARG - GLY
Joining GLY - ILE
Joining ILE - ALA
Joining ALA - LEU
Joining LEU - PRO
Joining PRO - ALA
Joining ALA - ASP
Joining ASP - THR
Joining THR - PRO
Joining PRO - GLU
Joining GLU - GLU
Joining GLU - LEU
Joining LEU - GLN
Joining GLN - ASN
Joining ASN - ILE
Joining ILE - ILE
Joining ILE - GLY
Joining GLY - MET
Joining MET - ASP
Joining ASP - LYS
Joining LYS - PRO
Joining PRO - LEU
Joining LEU - THR
Joining THR - LEU
Joining LEU - PRO
Joining PRO - ASP
Joining ASP - PHE
Joining PHE - LEU
Joining LEU - ALA
Joining ALA - LYS
Joining LYS - PHE
Joining PHE - ASP
Joining ASP - TYR
Joining TYR - TYR
Joining TYR - MET
Joining MET - PRO
Joining PRO - ALA
Joining ALA - ILE
Joining ILE - ALA
Joining ALA - GLY
Joining GLY - CYS
Joining CYS - ARG
Joining ARG - ASP
Joining ASP - ALA
Joining ALA - ILE
Joining ILE - LYS
Joining LYS - ARG
Joining ARG - ILE
Joining ILE - ALA
Joining ALA - TYR
Joining TYR - GLU
Joining GLU - PHE
Joining PHE - VAL
Joining VAL - GLU
Joining GLU - MET
Joining MET - LYS
Joining LYS - ALA
Joining ALA - LYS
Joining LYS - ASP
Joining ASP - GLY
Joining GLY - VAL
Joining VAL - VAL
Joining VAL - TYR
Joining TYR - VAL
Joining VAL - GLU
Joining GLU - VAL
Joining VAL - ARG
Joining ARG - TYR
Joining TYR - SER
Joining SER - PRO
Joining PRO - HIE
Joining HIE - LEU
Joining LEU - LEU
Joining LEU - ALA
Joining ALA - ASN
Joining ASN - SER
Joining SER - LYS
Joining LYS - VAL
Joining VAL - GLU
Joining GLU - PRO
Joining PRO - ILE
Joining ILE - PRO
Joining PRO - TRP
Joining TRP - ASN
Joining ASN - GLN
Joining GLN - ALA
Joining ALA - GLU
Joining GLU - GLY
Joining GLY - ASP
Joining ASP - LEU
Joining LEU - THR
Joining THR - PRO
Joining PRO - ASP
Joining ASP - GLU
Joining GLU - VAL
Joining VAL - VAL
Joining VAL - SER
Joining SER - LEU
Joining LEU - VAL
Joining VAL - ASN
Joining ASN - GLN
Joining GLN - GLY
Joining GLY - LEU
Joining LEU - GLN
Joining GLN - GLU
Joining GLU - GLY
Joining GLY - GLU
Joining GLU - ARG
Joining ARG - ASP
Joining ASP - PHE
Joining PHE - GLY
Joining GLY - VAL
Joining VAL - LYS
Joining LYS - VAL
Joining VAL - ARG
Joining ARG - SER
Joining SER - ILE
Joining ILE - LEU
Joining LEU - CYS
Joining CYS - CYS
Joining CYS - MET
Joining MET - ARG
Joining ARG - HIE
Joining HIE - GLN
Joining GLN - PRO
Joining PRO - SER
Joining SER - TRP
Joining TRP - SER
Joining SER - SER
Joining SER - GLU
Joining GLU - VAL
Joining VAL - VAL
Joining VAL - GLU
Joining GLU - LEU
Joining LEU - CYS
Joining CYS - LYS
Joining LYS - LYS
Joining LYS - TYR
Joining TYR - ARG
Joining ARG - GLU
Joining GLU - GLN
Joining GLN - THR
Joining THR - VAL
Joining VAL - VAL
Joining VAL - ALA
Joining ALA - ILE
Joining ILE - ASP
Joining ASP - LEU
Joining LEU - ALA
Joining ALA - GLY
Joining GLY - ASP
Joining ASP - GLU
Joining GLU - THR
Joining THR - ILE
Joining ILE - GLU
Joining GLU - GLY
Joining GLY - SER
Joining SER - SER
Joining SER - LEU
Joining LEU - PHE
Joining PHE - PRO
Joining PRO - GLY
Joining GLY - HIE
Joining HIE - VAL
Joining VAL - GLN
Joining GLN - ALA
Joining ALA - TYR
Joining TYR - ALA
Joining ALA - GLU
Joining GLU - ALA
Joining ALA - VAL
Joining VAL - LYS
Joining LYS - SER
Joining SER - GLY
Joining GLY - VAL
Joining VAL - HIE
Joining HIE - ARG
Joining ARG - THR
Joining THR - VAL
Joining VAL - HIE
Joining HIE - ALA
Joining ALA - GLY
Joining GLY - GLU
Joining GLU - VAL
Joining VAL - GLY
Joining GLY - SER
Joining SER - ALA
Joining ALA - ASN
Joining ASN - VAL
Joining VAL - VAL
Joining VAL - LYS
Joining LYS - GLU
Joining GLU - ALA
Joining ALA - VAL
Joining VAL - ASP
Joining ASP - THR
Joining THR - LEU
Joining LEU - LYS
Joining LYS - THR
Joining THR - GLU
Joining GLU - ARG
Joining ARG - LEU
Joining LEU - GLY
Joining GLY - HIE
Joining HIE - GLY
Joining GLY - TYR
Joining TYR - HIE
Joining HIE - THR
Joining THR - LEU
Joining LEU - GLU
Joining GLU - ASP
Joining ASP - THR
Joining THR - THR
Joining THR - LEU
Joining LEU - TYR
Joining TYR - ASN
Joining ASN - ARG
Joining ARG - LEU
Joining LEU - ARG
Joining ARG - GLN
Joining GLN - GLU
Joining GLU - ASN
Joining ASN - MET
Joining MET - HIE
Joining HIE - PHE
Joining PHE - GLU
Joining GLU - ILE
Joining ILE - CYS
Joining CYS - PRO
Joining PRO - TRP
Joining TRP - SER
Joining SER - SER
Joining SER - TYR
Joining TYR - LEU
Joining LEU - THR
Joining THR - GLY
Joining GLY - ALA
Joining ALA - TRP
Joining TRP - LYS
Joining LYS - PRO
Joining PRO - ASP
Joining ASP - THR
Joining THR - GLU
Joining GLU - HIE
Joining HIE - ALA
Joining ALA - VAL
Joining VAL - ILE
Joining ILE - ARG
Joining ARG - PHE
Joining PHE - LYS
Joining LYS - ASN
Joining ASN - ASP
Joining ASP - GLN
Joining GLN - VAL
Joining VAL - ASN
Joining ASN - TYR
Joining TYR - SER
Joining SER - LEU
Joining LEU - ASN
Joining ASN - THR
Joining THR - ASP
Joining ASP - ASP
Joining ASP - PRO
Joining PRO - LEU
Joining LEU - ILE
Joining ILE - PHE
Joining PHE - LYS
Joining LYS - SER
Joining SER - THR
Joining THR - LEU
Joining LEU - ASP
Joining ASP - THR
Joining THR - ASP
Joining ASP - TYR
Joining TYR - GLN
Joining GLN - MET
Joining MET - THR
Joining THR - LYS
Joining LYS - LYS
Joining LYS - ASP
Joining ASP - MET
Joining MET - GLY
Joining GLY - PHE
Joining PHE - THR
Joining THR - GLU
Joining GLU - GLU
Joining GLU - GLU
Joining GLU - PHE
Joining PHE - LYS
Joining LYS - ARG
Joining ARG - LEU
Joining LEU - ASN
Joining ASN - ILE
Joining ILE - ASN
Joining ASN - ALA
Joining ALA - ALA
Joining ALA - LYS
Joining LYS - SER
Joining SER - SER
Joining SER - PHE
Joining PHE - LEU
Joining LEU - PRO
Joining PRO - GLU
Joining GLU - ASP
Joining ASP - GLU
Joining GLU - LYS
Joining LYS - LYS
Joining LYS - GLU
Joining GLU - LEU
Joining LEU - LEU
Joining LEU - ASP
Joining ASP - LEU
Joining LEU - LEU
Joining LEU - TYR
Joining TYR - LYS
Joining LYS - ALA
Joining ALA - TYR
Joining TYR - CARG
  Added missing heavy atom: .R<CARG 352>.A<OXT 25>
  total atoms in file: 2789
  Leap added 2747 missing atoms according to residue templates:
       1 Heavy
       2746 H / lone pairs
> savepdb  protein  protein.pdb
Writing pdb file: protein.pdb
 Converting N-terminal residue name to PDB format: NTHR -> THR
 Converting C-terminal residue name to PDB format: CARG -> ARG
> ##saveamberparm dipepide diVAL.prmtop diVAL.inpcrd
> 
> quit
	Quit
