log started: Fri Nov 23 17:44:25 2018

Log file: ./leap.log
>> #
>> # ----- leaprc for loading the ff99SB (Hornak & Simmerling) force field
>> # -----  this file is updated for PDB format 3
>> #
>> #	load atom type hybridizations
>> #
>> addAtomTypes {
>> 	{ "H"   "H" "sp3" }
>> 	{ "HO"  "H" "sp3" }
>> 	{ "HS"  "H" "sp3" }
>> 	{ "H1"  "H" "sp3" }
>> 	{ "H2"  "H" "sp3" }
>> 	{ "H3"  "H" "sp3" }
>> 	{ "H4"  "H" "sp3" }
>> 	{ "H5"  "H" "sp3" }
>> 	{ "HW"  "H" "sp3" }
>> 	{ "HC"  "H" "sp3" }
>> 	{ "HA"  "H" "sp3" }
>> 	{ "HP"  "H" "sp3" }
>> 	{ "OH"  "O" "sp3" }
>> 	{ "OS"  "O" "sp3" }
>> 	{ "O"   "O" "sp2" }
>> 	{ "O2"  "O" "sp2" }
>> 	{ "OW"  "O" "sp3" }
>> 	{ "CT"  "C" "sp3" }
>> 	{ "CH"  "C" "sp3" }
>> 	{ "C2"  "C" "sp3" }
>> 	{ "C3"  "C" "sp3" }
>> 	{ "C"   "C" "sp2" }
>> 	{ "C*"  "C" "sp2" }
>> 	{ "CA"  "C" "sp2" }
>> 	{ "CB"  "C" "sp2" }
>> 	{ "CC"  "C" "sp2" }
>> 	{ "CN"  "C" "sp2" }
>> 	{ "CM"  "C" "sp2" }
>> 	{ "CK"  "C" "sp2" }
>> 	{ "CQ"  "C" "sp2" }
>> 	{ "CD"  "C" "sp2" }
>> 	{ "CE"  "C" "sp2" }
>> 	{ "CF"  "C" "sp2" }
>> 	{ "CP"  "C" "sp2" }
>> 	{ "CI"  "C" "sp2" }
>> 	{ "CJ"  "C" "sp2" }
>> 	{ "CW"  "C" "sp2" }
>> 	{ "CV"  "C" "sp2" }
>> 	{ "CR"  "C" "sp2" }
>> 	{ "CA"  "C" "sp2" }
>> 	{ "CY"  "C" "sp2" }
>> 	{ "C0"  "Ca" "sp2" }
>> 	{ "MG"  "Mg" "sp3" }
>> 	{ "N"   "N" "sp2" }
>> 	{ "NA"  "N" "sp2" }
>> 	{ "N2"  "N" "sp2" }
>> 	{ "N*"  "N" "sp2" }
>> 	{ "NP"  "N" "sp2" }
>> 	{ "NQ"  "N" "sp2" }
>> 	{ "NB"  "N" "sp2" }
>> 	{ "NC"  "N" "sp2" }
>> 	{ "NT"  "N" "sp3" }
>> 	{ "N3"  "N" "sp3" }
>> 	{ "S"   "S" "sp3" }
>> 	{ "SH"  "S" "sp3" }
>> 	{ "P"   "P" "sp3" }
>> 	{ "LP"  ""  "sp3" }
>> 	{ "F"   "F" "sp3" }
>> 	{ "CL"  "Cl" "sp3" }
>> 	{ "BR"  "Br" "sp3" }
>> 	{ "I"   "I"  "sp3" }
>> 	{ "FE"  "Fe" "sp3" }
>> 	{ "EP"  ""  "sp3" }
>> # glycam
>> 	{ "OG"  "O" "sp3" }
>> 	{ "OL"  "O" "sp3" }
>> 	{ "AC"  "C" "sp3" }
>> 	{ "EC"  "C" "sp3" }
>> }
>> #
>> #	Load the main parameter set.
>> #
>> parm99 = loadamberparams parm99.dat
Loading parameters: /share/home/zhanghaiping/program/amber16/dat/leap/parm/parm99.dat
Reading title:
PARM99 for DNA,RNA,AA, organic molecules, TIP3P wat. Polariz.& LP incl.02/04/99
(UNKNOWN ATOM TYPE: HZ)
(UNKNOWN ATOM TYPE: IM)
(UNKNOWN ATOM TYPE: Li)
(UNKNOWN ATOM TYPE: IP)
(UNKNOWN ATOM TYPE: K)
(UNKNOWN ATOM TYPE: Rb)
(UNKNOWN ATOM TYPE: Cs)
(UNKNOWN ATOM TYPE: Zn)
(UNKNOWN ATOM TYPE: IB)
(UNKNOWN ATOM TYPE: LP)
>> frcmod99SB = loadamberparams frcmod.ff99SB
Loading parameters: /share/home/zhanghaiping/program/amber16/dat/leap/parm/frcmod.ff99SB
Reading force field modification type file (frcmod)
Reading title:
Modification/update of parm99.dat (Hornak & Simmerling)
>> #
>> #	Load DNA/RNA libraries
>> #
>> loadOff all_nucleic94.lib
Loading library: /share/home/zhanghaiping/program/amber16/dat/leap/lib/all_nucleic94.lib
Loading: DA
Loading: DA3
Loading: DA5
Loading: DAN
Loading: DC
Loading: DC3
Loading: DC5
Loading: DCN
Loading: DG
Loading: DG3
Loading: DG5
Loading: DGN
Loading: DT
Loading: DT3
Loading: DT5
Loading: DTN
Loading: RA
Loading: RA3
Loading: RA5
Loading: RAN
Loading: RC
Loading: RC3
Loading: RC5
Loading: RCN
Loading: RG
Loading: RG3
Loading: RG5
Loading: RGN
Loading: RU
Loading: RU3
Loading: RU5
Loading: RUN
>> #
>> #	Load main chain and terminating 
>> #	amino acid libraries (i.e. ff94 libs)
>> #
>> loadOff all_amino94.lib
Loading library: /share/home/zhanghaiping/program/amber16/dat/leap/lib/all_amino94.lib
Loading: ALA
Loading: ARG
Loading: ASH
Loading: ASN
Loading: ASP
Loading: CYM
Loading: CYS
Loading: CYX
Loading: GLH
Loading: GLN
Loading: GLU
Loading: GLY
Loading: HID
Loading: HIE
Loading: HIP
Loading: ILE
Loading: LEU
Loading: LYN
Loading: LYS
Loading: MET
Loading: PHE
Loading: PRO
Loading: SER
Loading: THR
Loading: TRP
Loading: TYR
Loading: VAL
>> loadOff all_aminoct94.lib
Loading library: /share/home/zhanghaiping/program/amber16/dat/leap/lib/all_aminoct94.lib
Loading: CALA
Loading: CARG
Loading: CASN
Loading: CASP
Loading: CCYS
Loading: CCYX
Loading: CGLN
Loading: CGLU
Loading: CGLY
Loading: CHID
Loading: CHIE
Loading: CHIP
Loading: CILE
Loading: CLEU
Loading: CLYS
Loading: CMET
Loading: CPHE
Loading: CPRO
Loading: CSER
Loading: CTHR
Loading: CTRP
Loading: CTYR
Loading: CVAL
Loading: NHE
Loading: NME
>> loadOff all_aminont94.lib
Loading library: /share/home/zhanghaiping/program/amber16/dat/leap/lib/all_aminont94.lib
Loading: ACE
Loading: NALA
Loading: NARG
Loading: NASN
Loading: NASP
Loading: NCYS
Loading: NCYX
Loading: NGLN
Loading: NGLU
Loading: NGLY
Loading: NHID
Loading: NHIE
Loading: NHIP
Loading: NILE
Loading: NLEU
Loading: NLYS
Loading: NMET
Loading: NPHE
Loading: NPRO
Loading: NSER
Loading: NTHR
Loading: NTRP
Loading: NTYR
Loading: NVAL
>> #
>> #       Load water and ions
>> # 
>> loadOff ions94.lib
Loading library: /share/home/zhanghaiping/program/amber16/dat/leap/lib/ions94.lib
Loading: CIO
Loading: Cl-
Loading: Cs+
Loading: IB
Loading: K+
Loading: Li+
Loading: MG2
Loading: Na+
Loading: Rb+
>> loadOff solvents.lib
Loading library: /share/home/zhanghaiping/program/amber16/dat/leap/lib/solvents.lib
Loading: CHCL3BOX
Loading: DC4
Loading: FB3
Loading: FB3BOX
Loading: FB4
Loading: FB4BOX
Loading: MEOHBOX
Loading: NMABOX
Loading: OPC
Loading: OPCBOX
Loading: PL3
Loading: POL3BOX
Loading: QSPCFWBOX
Loading: SPC
Loading: SPCBOX
Loading: SPCFWBOX
Loading: SPF
Loading: SPG
Loading: T4E
Loading: TIP3PBOX
Loading: TIP3PFBOX
Loading: TIP4PBOX
Loading: TIP4PEWBOX
Loading: TIP5PBOX
Loading: TP3
Loading: TP4
Loading: TP5
Loading: TPF
>> HOH = TP3
>> WAT = TP3
>> 
>> #
>> #	Define the PDB name map for the amino acids and DNA.
>> #
>> addPdbResMap {
>>   { 0 "ALA" "NALA" } { 1 "ALA" "CALA" }
>>   { 0 "ARG" "NARG" } { 1 "ARG" "CARG" }
>>   { 0 "ASN" "NASN" } { 1 "ASN" "CASN" }
>>   { 0 "ASP" "NASP" } { 1 "ASP" "CASP" }
>>   { 0 "CYS" "NCYS" } { 1 "CYS" "CCYS" }
>>   { 0 "CYX" "NCYX" } { 1 "CYX" "CCYX" }
>>   { 0 "GLN" "NGLN" } { 1 "GLN" "CGLN" }
>>   { 0 "GLU" "NGLU" } { 1 "GLU" "CGLU" }
>>   { 0 "GLY" "NGLY" } { 1 "GLY" "CGLY" }
>>   { 0 "HID" "NHID" } { 1 "HID" "CHID" }
>>   { 0 "HIE" "NHIE" } { 1 "HIE" "CHIE" }
>>   { 0 "HIP" "NHIP" } { 1 "HIP" "CHIP" }
>>   { 0 "ILE" "NILE" } { 1 "ILE" "CILE" }
>>   { 0 "LEU" "NLEU" } { 1 "LEU" "CLEU" }
>>   { 0 "LYS" "NLYS" } { 1 "LYS" "CLYS" }
>>   { 0 "MET" "NMET" } { 1 "MET" "CMET" }
>>   { 0 "PHE" "NPHE" } { 1 "PHE" "CPHE" }
>>   { 0 "PRO" "NPRO" } { 1 "PRO" "CPRO" }
>>   { 0 "SER" "NSER" } { 1 "SER" "CSER" }
>>   { 0 "THR" "NTHR" } { 1 "THR" "CTHR" }
>>   { 0 "TRP" "NTRP" } { 1 "TRP" "CTRP" }
>>   { 0 "TYR" "NTYR" } { 1 "TYR" "CTYR" }
>>   { 0 "VAL" "NVAL" } { 1 "VAL" "CVAL" }
>>   { 0 "HIS" "NHIS" } { 1 "HIS" "CHIS" }
>>   { 0 "GUA" "DG5"  } { 1 "GUA" "DG3"  } { "GUA" "DG" }
>>   { 0 "ADE" "DA5"  } { 1 "ADE" "DA3"  } { "ADE" "DA" }
>>   { 0 "CYT" "DC5"  } { 1 "CYT" "DC3"  } { "CYT" "DC" }
>>   { 0 "THY" "DT5"  } { 1 "THY" "DT3"  } { "THY" "DT" }
>>   { 0 "G" "RG5"  } { 1 "G" "RG3"  } { "G" "RG" } { "GN" "RGN" }
>>   { 0 "A" "RA5"  } { 1 "A" "RA3"  } { "A" "RA" } { "AN" "RAN" }
>>   { 0 "C" "RC5"  } { 1 "C" "RC3"  } { "C" "RC" } { "CN" "RCN" }
>>   { 0 "U" "RU5"  } { 1 "U" "RU3"  } { "U" "RU" } { "UN" "RUN" }
>>   { 0 "DG" "DG5"  } { 1 "DG" "DG3"  }  
>>   { 0 "DA" "DA5"  } { 1 "DA" "DA3"  }  
>>   { 0 "DC" "DC5"  } { 1 "DC" "DC3"  }  
>>   { 0 "DT" "DT5"  } { 1 "DT" "DT3"  }
>> 
>> }
>> 
>> addPdbAtomMap {
>>   { "O5*" "O5'" }
>>   { "C5*" "C5'" }
>>   { "C4*" "C4'" }
>>   { "O4*" "O4'" }
>>   { "C3*" "C3'" }
>>   { "O3*" "O3'" }
>>   { "C2*" "C2'" }
>>   { "C1*" "C1'" }
>>   { "C5M" "C7"  }
>>   { "O2*" "O2'" }
>>   { "H1*" "H1'" }
>>   { "H2*1" "H2'1" }
>>   { "H2*2" "H2'2" }
>>   { "H2'"  "H2'1" }
>>   { "H2''" "H2'2" }
>>   { "H3*" "H3'" }
>>   { "H4*" "H4'" }
>>   { "H5*1" "H5'1" }
>>   { "H5*2" "H5'2" }
>>   { "H5'"  "H5'1" }
>>   { "H5''" "H5'2" }
>>   { "HO2'" "HO'2" }
>>   { "HO5'" "H5T" }
>>   { "HO3'" "H3T" }
>>   { "O1'" "O4'" }
>>   { "OA"  "O1P" }
>>   { "OB"  "O2P" }
>>   { "OP1" "O1P" }
>>   { "OP2" "O2P" }
>> }
>> 
>> 
>> #
>> # assumed that most often proteins use HIE
>> #
>> NHIS = NHIE
>> HIS = HIE
>> CHIS = CHIE
> 
> #source /home/zhp/tleap/leaprc.GLYCAM_06j-1
> set default PBRadii mbondi3
Using ArgH and AspGluO modified Bondi2 radii
> #3dipepide=sequence{ACE VAL NME}
> 
> 
> protein = loadpdb  1uou_ww.pdb
Loading PDB file: ./1uou_ww.pdb
Enter zPdbReadScan from call depth  0.
-- residue 271: duplicate [ CE] atoms (total 2)
-- residue 271: duplicate [ CG] atoms (total 2)
-- residue 271: duplicate [ SD] atoms (total 2)
-- residue 327: duplicate [ CD] atoms (total 2)
-- residue 327: duplicate [ CG] atoms (total 2)
-- residue 327: duplicate [ CZ] atoms (total 2)
-- residue 327: duplicate [ NE] atoms (total 2)
-- residue 327: duplicate [ NH1] atoms (total 2)
-- residue 327: duplicate [ NH2] atoms (total 2)

   Warning: Atom names in each residue should be unique.
     (Same-name atoms are handled by using the first
      occurrence and by ignoring the rest.
      Frequently duplicate atom names stem from alternate
      conformations in the PDB file.)

Exit  zPdbReadScan from call depth  0.
Matching PDB residue names to LEaP variables.
Mapped residue PRO, term: Terminal/beginning, seq. number: 0 to: NPRO.
(Residue 1: LYS, Nonterminal, was not found in name map.)
(Residue 2: GLN, Nonterminal, was not found in name map.)
(Residue 3: LEU, Nonterminal, was not found in name map.)
(Residue 4: PRO, Nonterminal, was not found in name map.)
(Residue 5: GLU, Nonterminal, was not found in name map.)
(Residue 6: LEU, Nonterminal, was not found in name map.)
(Residue 7: ILE, Nonterminal, was not found in name map.)
(Residue 8: ARG, Nonterminal, was not found in name map.)
(Residue 9: MET, Nonterminal, was not found in name map.)
(Residue 10: LYS, Nonterminal, was not found in name map.)
(Residue 11: ARG, Nonterminal, was not found in name map.)
(Residue 12: ASP, Nonterminal, was not found in name map.)
(Residue 13: GLY, Nonterminal, was not found in name map.)
(Residue 14: GLY, Nonterminal, was not found in name map.)
(Residue 15: ARG, Nonterminal, was not found in name map.)
(Residue 16: LEU, Nonterminal, was not found in name map.)
(Residue 17: SER, Nonterminal, was not found in name map.)
(Residue 18: GLU, Nonterminal, was not found in name map.)
(Residue 19: ALA, Nonterminal, was not found in name map.)
(Residue 20: ASP, Nonterminal, was not found in name map.)
(Residue 21: ILE, Nonterminal, was not found in name map.)
(Residue 22: ARG, Nonterminal, was not found in name map.)
(Residue 23: GLY, Nonterminal, was not found in name map.)
(Residue 24: PHE, Nonterminal, was not found in name map.)
(Residue 25: VAL, Nonterminal, was not found in name map.)
(Residue 26: ALA, Nonterminal, was not found in name map.)
(Residue 27: ALA, Nonterminal, was not found in name map.)
(Residue 28: VAL, Nonterminal, was not found in name map.)
(Residue 29: VAL, Nonterminal, was not found in name map.)
(Residue 30: ASN, Nonterminal, was not found in name map.)
(Residue 31: GLY, Nonterminal, was not found in name map.)
(Residue 32: SER, Nonterminal, was not found in name map.)
(Residue 33: ALA, Nonterminal, was not found in name map.)
(Residue 34: GLN, Nonterminal, was not found in name map.)
(Residue 35: GLY, Nonterminal, was not found in name map.)
(Residue 36: ALA, Nonterminal, was not found in name map.)
(Residue 37: GLN, Nonterminal, was not found in name map.)
(Residue 38: ILE, Nonterminal, was not found in name map.)
(Residue 39: GLY, Nonterminal, was not found in name map.)
(Residue 40: ALA, Nonterminal, was not found in name map.)
(Residue 41: MET, Nonterminal, was not found in name map.)
(Residue 42: LEU, Nonterminal, was not found in name map.)
(Residue 43: MET, Nonterminal, was not found in name map.)
(Residue 44: ALA, Nonterminal, was not found in name map.)
(Residue 45: ILE, Nonterminal, was not found in name map.)
(Residue 46: ARG, Nonterminal, was not found in name map.)
(Residue 47: LEU, Nonterminal, was not found in name map.)
(Residue 48: ARG, Nonterminal, was not found in name map.)
(Residue 49: GLY, Nonterminal, was not found in name map.)
(Residue 50: MET, Nonterminal, was not found in name map.)
(Residue 51: ASP, Nonterminal, was not found in name map.)
(Residue 52: LEU, Nonterminal, was not found in name map.)
(Residue 53: GLU, Nonterminal, was not found in name map.)
(Residue 54: GLU, Nonterminal, was not found in name map.)
(Residue 55: THR, Nonterminal, was not found in name map.)
(Residue 56: SER, Nonterminal, was not found in name map.)
(Residue 57: VAL, Nonterminal, was not found in name map.)
(Residue 58: LEU, Nonterminal, was not found in name map.)
(Residue 59: THR, Nonterminal, was not found in name map.)
(Residue 60: GLN, Nonterminal, was not found in name map.)
(Residue 61: ALA, Nonterminal, was not found in name map.)
(Residue 62: LEU, Nonterminal, was not found in name map.)
(Residue 63: ALA, Nonterminal, was not found in name map.)
(Residue 64: GLN, Nonterminal, was not found in name map.)
(Residue 65: SER, Nonterminal, was not found in name map.)
(Residue 66: GLY, Nonterminal, was not found in name map.)
(Residue 67: GLN, Nonterminal, was not found in name map.)
(Residue 68: GLN, Nonterminal, was not found in name map.)
(Residue 69: LEU, Nonterminal, was not found in name map.)
(Residue 70: GLU, Nonterminal, was not found in name map.)
(Residue 71: TRP, Nonterminal, was not found in name map.)
(Residue 72: PRO, Nonterminal, was not found in name map.)
(Residue 73: GLU, Nonterminal, was not found in name map.)
(Residue 74: ALA, Nonterminal, was not found in name map.)
(Residue 75: TRP, Nonterminal, was not found in name map.)
(Residue 76: ARG, Nonterminal, was not found in name map.)
(Residue 77: GLN, Nonterminal, was not found in name map.)
(Residue 78: GLN, Nonterminal, was not found in name map.)
(Residue 79: LEU, Nonterminal, was not found in name map.)
(Residue 80: VAL, Nonterminal, was not found in name map.)
(Residue 81: ASP, Nonterminal, was not found in name map.)
(Residue 82: LYS, Nonterminal, was not found in name map.)
(Residue 83: HIS, Nonterminal, was not found in name map.)
(Residue 84: SER, Nonterminal, was not found in name map.)
(Residue 85: THR, Nonterminal, was not found in name map.)
(Residue 86: GLY, Nonterminal, was not found in name map.)
(Residue 87: GLY, Nonterminal, was not found in name map.)
(Residue 88: VAL, Nonterminal, was not found in name map.)
(Residue 89: GLY, Nonterminal, was not found in name map.)
(Residue 90: ASP, Nonterminal, was not found in name map.)
(Residue 91: LYS, Nonterminal, was not found in name map.)
(Residue 92: VAL, Nonterminal, was not found in name map.)
(Residue 93: SER, Nonterminal, was not found in name map.)
(Residue 94: LEU, Nonterminal, was not found in name map.)
(Residue 95: VAL, Nonterminal, was not found in name map.)
(Residue 96: LEU, Nonterminal, was not found in name map.)
(Residue 97: ALA, Nonterminal, was not found in name map.)
(Residue 98: PRO, Nonterminal, was not found in name map.)
(Residue 99: ALA, Nonterminal, was not found in name map.)
(Residue 100: LEU, Nonterminal, was not found in name map.)
(Residue 101: ALA, Nonterminal, was not found in name map.)
(Residue 102: ALA, Nonterminal, was not found in name map.)
(Residue 103: CYS, Nonterminal, was not found in name map.)
(Residue 104: GLY, Nonterminal, was not found in name map.)
(Residue 105: CYS, Nonterminal, was not found in name map.)
(Residue 106: LYS, Nonterminal, was not found in name map.)
(Residue 107: VAL, Nonterminal, was not found in name map.)
(Residue 108: PRO, Nonterminal, was not found in name map.)
(Residue 109: MET, Nonterminal, was not found in name map.)
(Residue 110: ILE, Nonterminal, was not found in name map.)
(Residue 111: SER, Nonterminal, was not found in name map.)
(Residue 112: GLY, Nonterminal, was not found in name map.)
(Residue 113: ARG, Nonterminal, was not found in name map.)
(Residue 114: GLY, Nonterminal, was not found in name map.)
(Residue 115: LEU, Nonterminal, was not found in name map.)
(Residue 116: GLY, Nonterminal, was not found in name map.)
(Residue 117: HIS, Nonterminal, was not found in name map.)
(Residue 118: THR, Nonterminal, was not found in name map.)
(Residue 119: GLY, Nonterminal, was not found in name map.)
(Residue 120: GLY, Nonterminal, was not found in name map.)
(Residue 121: THR, Nonterminal, was not found in name map.)
(Residue 122: LEU, Nonterminal, was not found in name map.)
(Residue 123: ASP, Nonterminal, was not found in name map.)
(Residue 124: LYS, Nonterminal, was not found in name map.)
(Residue 125: LEU, Nonterminal, was not found in name map.)
(Residue 126: GLU, Nonterminal, was not found in name map.)
(Residue 127: SER, Nonterminal, was not found in name map.)
(Residue 128: ILE, Nonterminal, was not found in name map.)
(Residue 129: PRO, Nonterminal, was not found in name map.)
(Residue 130: GLY, Nonterminal, was not found in name map.)
(Residue 131: PHE, Nonterminal, was not found in name map.)
(Residue 132: ASN, Nonterminal, was not found in name map.)
(Residue 133: VAL, Nonterminal, was not found in name map.)
(Residue 134: ILE, Nonterminal, was not found in name map.)
(Residue 135: GLN, Nonterminal, was not found in name map.)
(Residue 136: SER, Nonterminal, was not found in name map.)
(Residue 137: PRO, Nonterminal, was not found in name map.)
(Residue 138: GLU, Nonterminal, was not found in name map.)
(Residue 139: GLN, Nonterminal, was not found in name map.)
(Residue 140: MET, Nonterminal, was not found in name map.)
(Residue 141: GLN, Nonterminal, was not found in name map.)
(Residue 142: VAL, Nonterminal, was not found in name map.)
(Residue 143: LEU, Nonterminal, was not found in name map.)
(Residue 144: LEU, Nonterminal, was not found in name map.)
(Residue 145: ASP, Nonterminal, was not found in name map.)
(Residue 146: GLN, Nonterminal, was not found in name map.)
(Residue 147: ALA, Nonterminal, was not found in name map.)
(Residue 148: GLY, Nonterminal, was not found in name map.)
(Residue 149: CYS, Nonterminal, was not found in name map.)
(Residue 150: CYS, Nonterminal, was not found in name map.)
(Residue 151: ILE, Nonterminal, was not found in name map.)
(Residue 152: VAL, Nonterminal, was not found in name map.)
(Residue 153: GLY, Nonterminal, was not found in name map.)
(Residue 154: GLN, Nonterminal, was not found in name map.)
(Residue 155: SER, Nonterminal, was not found in name map.)
(Residue 156: GLU, Nonterminal, was not found in name map.)
(Residue 157: GLN, Nonterminal, was not found in name map.)
(Residue 158: LEU, Nonterminal, was not found in name map.)
(Residue 159: VAL, Nonterminal, was not found in name map.)
(Residue 160: PRO, Nonterminal, was not found in name map.)
(Residue 161: ALA, Nonterminal, was not found in name map.)
(Residue 162: ASP, Nonterminal, was not found in name map.)
(Residue 163: GLY, Nonterminal, was not found in name map.)
(Residue 164: ILE, Nonterminal, was not found in name map.)
(Residue 165: LEU, Nonterminal, was not found in name map.)
(Residue 166: TYR, Nonterminal, was not found in name map.)
(Residue 167: ALA, Nonterminal, was not found in name map.)
(Residue 168: ALA, Nonterminal, was not found in name map.)
(Residue 169: ARG, Nonterminal, was not found in name map.)
(Residue 170: ASP, Nonterminal, was not found in name map.)
(Residue 171: VAL, Nonterminal, was not found in name map.)
(Residue 172: THR, Nonterminal, was not found in name map.)
(Residue 173: ALA, Nonterminal, was not found in name map.)
(Residue 174: THR, Nonterminal, was not found in name map.)
(Residue 175: VAL, Nonterminal, was not found in name map.)
(Residue 176: ASP, Nonterminal, was not found in name map.)
(Residue 177: SER, Nonterminal, was not found in name map.)
(Residue 178: LEU, Nonterminal, was not found in name map.)
(Residue 179: PRO, Nonterminal, was not found in name map.)
(Residue 180: LEU, Nonterminal, was not found in name map.)
(Residue 181: ILE, Nonterminal, was not found in name map.)
(Residue 182: THR, Nonterminal, was not found in name map.)
(Residue 183: ALA, Nonterminal, was not found in name map.)
(Residue 184: SER, Nonterminal, was not found in name map.)
(Residue 185: ILE, Nonterminal, was not found in name map.)
(Residue 186: LEU, Nonterminal, was not found in name map.)
(Residue 187: SER, Nonterminal, was not found in name map.)
(Residue 188: LYS, Nonterminal, was not found in name map.)
(Residue 189: LYS, Nonterminal, was not found in name map.)
(Residue 190: LEU, Nonterminal, was not found in name map.)
(Residue 191: VAL, Nonterminal, was not found in name map.)
(Residue 192: GLU, Nonterminal, was not found in name map.)
(Residue 193: GLY, Nonterminal, was not found in name map.)
(Residue 194: LEU, Nonterminal, was not found in name map.)
(Residue 195: SER, Nonterminal, was not found in name map.)
(Residue 196: ALA, Nonterminal, was not found in name map.)
(Residue 197: LEU, Nonterminal, was not found in name map.)
(Residue 198: VAL, Nonterminal, was not found in name map.)
(Residue 199: VAL, Nonterminal, was not found in name map.)
(Residue 200: ASP, Nonterminal, was not found in name map.)
(Residue 201: VAL, Nonterminal, was not found in name map.)
(Residue 202: LYS, Nonterminal, was not found in name map.)
(Residue 203: PHE, Nonterminal, was not found in name map.)
(Residue 204: GLY, Nonterminal, was not found in name map.)
(Residue 205: ALA, Nonterminal, was not found in name map.)
(Residue 206: VAL, Nonterminal, was not found in name map.)
(Residue 207: PHE, Nonterminal, was not found in name map.)
(Residue 208: PRO, Nonterminal, was not found in name map.)
(Residue 209: ASN, Nonterminal, was not found in name map.)
(Residue 210: GLN, Nonterminal, was not found in name map.)
(Residue 211: GLU, Nonterminal, was not found in name map.)
(Residue 212: GLN, Nonterminal, was not found in name map.)
(Residue 213: ALA, Nonterminal, was not found in name map.)
(Residue 214: ARG, Nonterminal, was not found in name map.)
(Residue 215: GLU, Nonterminal, was not found in name map.)
(Residue 216: LEU, Nonterminal, was not found in name map.)
(Residue 217: ALA, Nonterminal, was not found in name map.)
(Residue 218: LYS, Nonterminal, was not found in name map.)
(Residue 219: THR, Nonterminal, was not found in name map.)
(Residue 220: LEU, Nonterminal, was not found in name map.)
(Residue 221: VAL, Nonterminal, was not found in name map.)
(Residue 222: GLY, Nonterminal, was not found in name map.)
(Residue 223: VAL, Nonterminal, was not found in name map.)
(Residue 224: GLY, Nonterminal, was not found in name map.)
(Residue 225: ALA, Nonterminal, was not found in name map.)
(Residue 226: SER, Nonterminal, was not found in name map.)
(Residue 227: LEU, Nonterminal, was not found in name map.)
(Residue 228: GLY, Nonterminal, was not found in name map.)
(Residue 229: LEU, Nonterminal, was not found in name map.)
(Residue 230: ARG, Nonterminal, was not found in name map.)
(Residue 231: VAL, Nonterminal, was not found in name map.)
(Residue 232: ALA, Nonterminal, was not found in name map.)
(Residue 233: ALA, Nonterminal, was not found in name map.)
(Residue 234: ALA, Nonterminal, was not found in name map.)
(Residue 235: LEU, Nonterminal, was not found in name map.)
(Residue 236: THR, Nonterminal, was not found in name map.)
(Residue 237: ALA, Nonterminal, was not found in name map.)
(Residue 238: MET, Nonterminal, was not found in name map.)
(Residue 239: ASP, Nonterminal, was not found in name map.)
(Residue 240: LYS, Nonterminal, was not found in name map.)
(Residue 241: PRO, Nonterminal, was not found in name map.)
(Residue 242: LEU, Nonterminal, was not found in name map.)
(Residue 243: GLY, Nonterminal, was not found in name map.)
(Residue 244: ARG, Nonterminal, was not found in name map.)
(Residue 245: CYS, Nonterminal, was not found in name map.)
(Residue 246: VAL, Nonterminal, was not found in name map.)
(Residue 247: GLY, Nonterminal, was not found in name map.)
(Residue 248: HIS, Nonterminal, was not found in name map.)
(Residue 249: ALA, Nonterminal, was not found in name map.)
(Residue 250: LEU, Nonterminal, was not found in name map.)
(Residue 251: GLU, Nonterminal, was not found in name map.)
(Residue 252: VAL, Nonterminal, was not found in name map.)
(Residue 253: GLU, Nonterminal, was not found in name map.)
(Residue 254: GLU, Nonterminal, was not found in name map.)
(Residue 255: ALA, Nonterminal, was not found in name map.)
(Residue 256: LEU, Nonterminal, was not found in name map.)
(Residue 257: LEU, Nonterminal, was not found in name map.)
(Residue 258: CYS, Nonterminal, was not found in name map.)
(Residue 259: MET, Nonterminal, was not found in name map.)
(Residue 260: ASP, Nonterminal, was not found in name map.)
(Residue 261: GLY, Nonterminal, was not found in name map.)
(Residue 262: ALA, Nonterminal, was not found in name map.)
(Residue 263: GLY, Nonterminal, was not found in name map.)
(Residue 264: PRO, Nonterminal, was not found in name map.)
(Residue 265: PRO, Nonterminal, was not found in name map.)
(Residue 266: ASP, Nonterminal, was not found in name map.)
(Residue 267: LEU, Nonterminal, was not found in name map.)
(Residue 268: ARG, Nonterminal, was not found in name map.)
(Residue 269: ASP, Nonterminal, was not found in name map.)
(Residue 270: LEU, Nonterminal, was not found in name map.)
(Residue 271: VAL, Nonterminal, was not found in name map.)
(Residue 272: THR, Nonterminal, was not found in name map.)
(Residue 273: THR, Nonterminal, was not found in name map.)
(Residue 274: LEU, Nonterminal, was not found in name map.)
(Residue 275: GLY, Nonterminal, was not found in name map.)
(Residue 276: GLY, Nonterminal, was not found in name map.)
(Residue 277: ALA, Nonterminal, was not found in name map.)
(Residue 278: LEU, Nonterminal, was not found in name map.)
(Residue 279: LEU, Nonterminal, was not found in name map.)
(Residue 280: TRP, Nonterminal, was not found in name map.)
(Residue 281: LEU, Nonterminal, was not found in name map.)
(Residue 282: SER, Nonterminal, was not found in name map.)
(Residue 283: GLY, Nonterminal, was not found in name map.)
(Residue 284: HIS, Nonterminal, was not found in name map.)
(Residue 285: ALA, Nonterminal, was not found in name map.)
(Residue 286: GLY, Nonterminal, was not found in name map.)
(Residue 287: THR, Nonterminal, was not found in name map.)
(Residue 288: GLN, Nonterminal, was not found in name map.)
(Residue 289: ALA, Nonterminal, was not found in name map.)
(Residue 290: GLN, Nonterminal, was not found in name map.)
(Residue 291: GLY, Nonterminal, was not found in name map.)
(Residue 292: ALA, Nonterminal, was not found in name map.)
(Residue 293: ALA, Nonterminal, was not found in name map.)
(Residue 294: ARG, Nonterminal, was not found in name map.)
(Residue 295: VAL, Nonterminal, was not found in name map.)
(Residue 296: ALA, Nonterminal, was not found in name map.)
(Residue 297: ALA, Nonterminal, was not found in name map.)
(Residue 298: ALA, Nonterminal, was not found in name map.)
(Residue 299: LEU, Nonterminal, was not found in name map.)
(Residue 300: ASP, Nonterminal, was not found in name map.)
(Residue 301: ASP, Nonterminal, was not found in name map.)
(Residue 302: GLY, Nonterminal, was not found in name map.)
(Residue 303: SER, Nonterminal, was not found in name map.)
(Residue 304: ALA, Nonterminal, was not found in name map.)
(Residue 305: LEU, Nonterminal, was not found in name map.)
(Residue 306: GLY, Nonterminal, was not found in name map.)
(Residue 307: ARG, Nonterminal, was not found in name map.)
(Residue 308: PHE, Nonterminal, was not found in name map.)
(Residue 309: GLU, Nonterminal, was not found in name map.)
(Residue 310: ARG, Nonterminal, was not found in name map.)
(Residue 311: MET, Nonterminal, was not found in name map.)
(Residue 312: LEU, Nonterminal, was not found in name map.)
(Residue 313: ALA, Nonterminal, was not found in name map.)
(Residue 314: ALA, Nonterminal, was not found in name map.)
(Residue 315: GLN, Nonterminal, was not found in name map.)
(Residue 316: GLY, Nonterminal, was not found in name map.)
(Residue 317: VAL, Nonterminal, was not found in name map.)
(Residue 318: ASP, Nonterminal, was not found in name map.)
(Residue 319: PRO, Nonterminal, was not found in name map.)
(Residue 320: GLY, Nonterminal, was not found in name map.)
(Residue 321: LEU, Nonterminal, was not found in name map.)
(Residue 322: ALA, Nonterminal, was not found in name map.)
(Residue 323: ARG, Nonterminal, was not found in name map.)
(Residue 324: ALA, Nonterminal, was not found in name map.)
(Residue 325: LEU, Nonterminal, was not found in name map.)
(Residue 326: CYS, Nonterminal, was not found in name map.)
(Residue 327: SER, Nonterminal, was not found in name map.)
(Residue 328: GLY, Nonterminal, was not found in name map.)
(Residue 329: SER, Nonterminal, was not found in name map.)
(Residue 330: PRO, Nonterminal, was not found in name map.)
(Residue 331: ALA, Nonterminal, was not found in name map.)
(Residue 332: GLU, Nonterminal, was not found in name map.)
(Residue 333: ARG, Nonterminal, was not found in name map.)
(Residue 334: ARG, Nonterminal, was not found in name map.)
(Residue 335: GLN, Nonterminal, was not found in name map.)
(Residue 336: LEU, Nonterminal, was not found in name map.)
(Residue 337: LEU, Nonterminal, was not found in name map.)
(Residue 338: PRO, Nonterminal, was not found in name map.)
(Residue 339: ARG, Nonterminal, was not found in name map.)
(Residue 340: ALA, Nonterminal, was not found in name map.)
(Residue 341: ARG, Nonterminal, was not found in name map.)
(Residue 342: GLU, Nonterminal, was not found in name map.)
(Residue 343: GLN, Nonterminal, was not found in name map.)
(Residue 344: GLU, Nonterminal, was not found in name map.)
(Residue 345: GLU, Nonterminal, was not found in name map.)
(Residue 346: LEU, Nonterminal, was not found in name map.)
(Residue 347: LEU, Nonterminal, was not found in name map.)
(Residue 348: ALA, Nonterminal, was not found in name map.)
(Residue 349: PRO, Nonterminal, was not found in name map.)
(Residue 350: ALA, Nonterminal, was not found in name map.)
(Residue 351: ASP, Nonterminal, was not found in name map.)
(Residue 352: GLY, Nonterminal, was not found in name map.)
(Residue 353: THR, Nonterminal, was not found in name map.)
(Residue 354: VAL, Nonterminal, was not found in name map.)
(Residue 355: GLU, Nonterminal, was not found in name map.)
(Residue 356: LEU, Nonterminal, was not found in name map.)
(Residue 357: VAL, Nonterminal, was not found in name map.)
(Residue 358: ARG, Nonterminal, was not found in name map.)
(Residue 359: ALA, Nonterminal, was not found in name map.)
(Residue 360: LEU, Nonterminal, was not found in name map.)
(Residue 361: PRO, Nonterminal, was not found in name map.)
(Residue 362: LEU, Nonterminal, was not found in name map.)
(Residue 363: ALA, Nonterminal, was not found in name map.)
(Residue 364: LEU, Nonterminal, was not found in name map.)
(Residue 365: VAL, Nonterminal, was not found in name map.)
(Residue 366: LEU, Nonterminal, was not found in name map.)
(Residue 367: HIS, Nonterminal, was not found in name map.)
(Residue 368: GLU, Nonterminal, was not found in name map.)
(Residue 369: LEU, Nonterminal, was not found in name map.)
(Residue 370: GLY, Nonterminal, was not found in name map.)
(Residue 371: ALA, Nonterminal, was not found in name map.)
(Residue 372: LEU, Nonterminal, was not found in name map.)
(Residue 373: ARG, Nonterminal, was not found in name map.)
(Residue 374: LEU, Nonterminal, was not found in name map.)
(Residue 375: GLY, Nonterminal, was not found in name map.)
(Residue 376: VAL, Nonterminal, was not found in name map.)
(Residue 377: GLY, Nonterminal, was not found in name map.)
(Residue 378: ALA, Nonterminal, was not found in name map.)
(Residue 379: GLU, Nonterminal, was not found in name map.)
(Residue 380: LEU, Nonterminal, was not found in name map.)
(Residue 381: LEU, Nonterminal, was not found in name map.)
(Residue 382: VAL, Nonterminal, was not found in name map.)
(Residue 383: ASP, Nonterminal, was not found in name map.)
(Residue 384: VAL, Nonterminal, was not found in name map.)
(Residue 385: GLY, Nonterminal, was not found in name map.)
(Residue 386: GLN, Nonterminal, was not found in name map.)
(Residue 387: ARG, Nonterminal, was not found in name map.)
(Residue 388: LEU, Nonterminal, was not found in name map.)
(Residue 389: ARG, Nonterminal, was not found in name map.)
(Residue 390: ARG, Nonterminal, was not found in name map.)
(Residue 391: GLY, Nonterminal, was not found in name map.)
(Residue 392: THR, Nonterminal, was not found in name map.)
(Residue 393: PRO, Nonterminal, was not found in name map.)
(Residue 394: TRP, Nonterminal, was not found in name map.)
(Residue 395: LEU, Nonterminal, was not found in name map.)
(Residue 396: ARG, Nonterminal, was not found in name map.)
(Residue 397: VAL, Nonterminal, was not found in name map.)
(Residue 398: HIS, Nonterminal, was not found in name map.)
(Residue 399: ARG, Nonterminal, was not found in name map.)
(Residue 400: ASP, Nonterminal, was not found in name map.)
(Residue 401: GLY, Nonterminal, was not found in name map.)
(Residue 402: PRO, Nonterminal, was not found in name map.)
(Residue 403: ALA, Nonterminal, was not found in name map.)
(Residue 404: LEU, Nonterminal, was not found in name map.)
(Residue 405: SER, Nonterminal, was not found in name map.)
(Residue 406: GLY, Nonterminal, was not found in name map.)
(Residue 407: PRO, Nonterminal, was not found in name map.)
(Residue 408: GLN, Nonterminal, was not found in name map.)
(Residue 409: SER, Nonterminal, was not found in name map.)
(Residue 410: ARG, Nonterminal, was not found in name map.)
(Residue 411: ALA, Nonterminal, was not found in name map.)
(Residue 412: LEU, Nonterminal, was not found in name map.)
(Residue 413: GLN, Nonterminal, was not found in name map.)
(Residue 414: GLU, Nonterminal, was not found in name map.)
(Residue 415: ALA, Nonterminal, was not found in name map.)
(Residue 416: LEU, Nonterminal, was not found in name map.)
(Residue 417: VAL, Nonterminal, was not found in name map.)
(Residue 418: LEU, Nonterminal, was not found in name map.)
(Residue 419: SER, Nonterminal, was not found in name map.)
(Residue 420: ASP, Nonterminal, was not found in name map.)
(Residue 421: ARG, Nonterminal, was not found in name map.)
(Residue 422: ALA, Nonterminal, was not found in name map.)
(Residue 423: PRO, Nonterminal, was not found in name map.)
(Residue 424: PHE, Nonterminal, was not found in name map.)
(Residue 425: ALA, Nonterminal, was not found in name map.)
(Residue 426: ALA, Nonterminal, was not found in name map.)
(Residue 427: PRO, Nonterminal, was not found in name map.)
(Residue 428: LEU, Nonterminal, was not found in name map.)
(Residue 429: PRO, Nonterminal, was not found in name map.)
(Residue 430: PHE, Nonterminal, was not found in name map.)
(Residue 431: ALA, Nonterminal, was not found in name map.)
(Residue 432: GLU, Nonterminal, was not found in name map.)
(Residue 433: LEU, Nonterminal, was not found in name map.)
(Residue 434: VAL, Nonterminal, was not found in name map.)
(Residue 435: LEU, Nonterminal, was not found in name map.)
(Residue 436: PRO, Nonterminal, was not found in name map.)
Mapped residue PRO, term: Terminal/last, seq. number: 437 to: CPRO.
  Added missing heavy atom: .R<NPRO 33>.A<CG 7>
  Added missing heavy atom: .R<NPRO 33>.A<CD 4>
Joining NPRO - LYS
Joining LYS - GLN
Joining GLN - LEU
Joining LEU - PRO
Joining PRO - GLU
  Added missing heavy atom: .R<GLU 38>.A<CG 8>
  Added missing heavy atom: .R<GLU 38>.A<CD 11>
  Added missing heavy atom: .R<GLU 38>.A<OE1 12>
  Added missing heavy atom: .R<GLU 38>.A<OE2 13>
Joining GLU - LEU
Joining LEU - ILE
Joining ILE - ARG
Joining ARG - MET
Joining MET - LYS
Joining LYS - ARG
Joining ARG - ASP
Joining ASP - GLY
Joining GLY - GLY
Joining GLY - ARG
Joining ARG - LEU
Joining LEU - SER
Joining SER - GLU
Joining GLU - ALA
Joining ALA - ASP
Joining ASP - ILE
Joining ILE - ARG
Joining ARG - GLY
Joining GLY - PHE
Joining PHE - VAL
Joining VAL - ALA
Joining ALA - ALA
Joining ALA - VAL
Joining VAL - VAL
Joining VAL - ASN
Joining ASN - GLY
Joining GLY - SER
Joining SER - ALA
Joining ALA - GLN
Joining GLN - GLY
Joining GLY - ALA
Joining ALA - GLN
Joining GLN - ILE
Joining ILE - GLY
Joining GLY - ALA
Joining ALA - MET
Joining MET - LEU
Joining LEU - MET
Joining MET - ALA
Joining ALA - ILE
Joining ILE - ARG
Joining ARG - LEU
Joining LEU - ARG
Joining ARG - GLY
Joining GLY - MET
Joining MET - ASP
Joining ASP - LEU
Joining LEU - GLU
Joining GLU - GLU
Joining GLU - THR
Joining THR - SER
Joining SER - VAL
Joining VAL - LEU
Joining LEU - THR
Joining THR - GLN
Joining GLN - ALA
Joining ALA - LEU
Joining LEU - ALA
Joining ALA - GLN
Joining GLN - SER
Joining SER - GLY
Joining GLY - GLN
Joining GLN - GLN
Joining GLN - LEU
Joining LEU - GLU
Joining GLU - TRP
Joining TRP - PRO
Joining PRO - GLU
  Added missing heavy atom: .R<GLU 106>.A<CG 8>
  Added missing heavy atom: .R<GLU 106>.A<CD 11>
  Added missing heavy atom: .R<GLU 106>.A<OE1 12>
  Added missing heavy atom: .R<GLU 106>.A<OE2 13>
Joining GLU - ALA
Joining ALA - TRP
Joining TRP - ARG
Joining ARG - GLN
Joining GLN - GLN
Joining GLN - LEU
Joining LEU - VAL
Joining VAL - ASP
Joining ASP - LYS
Joining LYS - HIE
Joining HIE - SER
Joining SER - THR
Joining THR - GLY
Joining GLY - GLY
Joining GLY - VAL
Joining VAL - GLY
Joining GLY - ASP
Joining ASP - LYS
Joining LYS - VAL
Joining VAL - SER
Joining SER - LEU
Joining LEU - VAL
Joining VAL - LEU
Joining LEU - ALA
Joining ALA - PRO
Joining PRO - ALA
Joining ALA - LEU
Joining LEU - ALA
Joining ALA - ALA
Joining ALA - CYS
Joining CYS - GLY
Joining GLY - CYS
Joining CYS - LYS
Joining LYS - VAL
Joining VAL - PRO
Joining PRO - MET
Joining MET - ILE
Joining ILE - SER
Joining SER - GLY
Joining GLY - ARG
Joining ARG - GLY
Joining GLY - LEU
Joining LEU - GLY
Joining GLY - HIE
Joining HIE - THR
Joining THR - GLY
Joining GLY - GLY
Joining GLY - THR
Joining THR - LEU
Joining LEU - ASP
Joining ASP - LYS
Joining LYS - LEU
Joining LEU - GLU
Joining GLU - SER
Joining SER - ILE
Joining ILE - PRO
Joining PRO - GLY
Joining GLY - PHE
Joining PHE - ASN
Joining ASN - VAL
Joining VAL - ILE
Joining ILE - GLN
Joining GLN - SER
Joining SER - PRO
Joining PRO - GLU
Joining GLU - GLN
Joining GLN - MET
Joining MET - GLN
Joining GLN - VAL
Joining VAL - LEU
Joining LEU - LEU
Joining LEU - ASP
Joining ASP - GLN
Joining GLN - ALA
Joining ALA - GLY
Joining GLY - CYS
Joining CYS - CYS
Joining CYS - ILE
Joining ILE - VAL
Joining VAL - GLY
Joining GLY - GLN
Joining GLN - SER
Joining SER - GLU
Joining GLU - GLN
Joining GLN - LEU
Joining LEU - VAL
Joining VAL - PRO
Joining PRO - ALA
Joining ALA - ASP
Joining ASP - GLY
Joining GLY - ILE
Joining ILE - LEU
Joining LEU - TYR
Joining TYR - ALA
Joining ALA - ALA
Joining ALA - ARG
Joining ARG - ASP
Joining ASP - VAL
Joining VAL - THR
Joining THR - ALA
Joining ALA - THR
Joining THR - VAL
Joining VAL - ASP
Joining ASP - SER
Joining SER - LEU
Joining LEU - PRO
Joining PRO - LEU
Joining LEU - ILE
Joining ILE - THR
Joining THR - ALA
Joining ALA - SER
Joining SER - ILE
Joining ILE - LEU
Joining LEU - SER
Joining SER - LYS
Joining LYS - LYS
Joining LYS - LEU
Joining LEU - VAL
Joining VAL - GLU
Joining GLU - GLY
Joining GLY - LEU
Joining LEU - SER
Joining SER - ALA
Joining ALA - LEU
Joining LEU - VAL
Joining VAL - VAL
Joining VAL - ASP
Joining ASP - VAL
Joining VAL - LYS
Joining LYS - PHE
Joining PHE - GLY
Joining GLY - ALA
Joining ALA - VAL
Joining VAL - PHE
Joining PHE - PRO
Joining PRO - ASN
Joining ASN - GLN
Joining GLN - GLU
  Added missing heavy atom: .R<GLU 244>.A<CG 8>
  Added missing heavy atom: .R<GLU 244>.A<CD 11>
  Added missing heavy atom: .R<GLU 244>.A<OE1 12>
  Added missing heavy atom: .R<GLU 244>.A<OE2 13>
Joining GLU - GLN
Joining GLN - ALA
Joining ALA - ARG
Joining ARG - GLU
Joining GLU - LEU
Joining LEU - ALA
Joining ALA - LYS
Joining LYS - THR
Joining THR - LEU
Joining LEU - VAL
Joining VAL - GLY
Joining GLY - VAL
Joining VAL - GLY
Joining GLY - ALA
Joining ALA - SER
Joining SER - LEU
Joining LEU - GLY
Joining GLY - LEU
Joining LEU - ARG
Joining ARG - VAL
Joining VAL - ALA
Joining ALA - ALA
Joining ALA - ALA
Joining ALA - LEU
Joining LEU - THR
Joining THR - ALA
Joining ALA - MET
Joining MET - ASP
Joining ASP - LYS
Joining LYS - PRO
Joining PRO - LEU
Joining LEU - GLY
Joining GLY - ARG
Joining ARG - CYS
Joining CYS - VAL
Joining VAL - GLY
Joining GLY - HIE
Joining HIE - ALA
Joining ALA - LEU
Joining LEU - GLU
Joining GLU - VAL
Joining VAL - GLU
Joining GLU - GLU
Joining GLU - ALA
Joining ALA - LEU
Joining LEU - LEU
Joining LEU - CYS
Joining CYS - MET
Joining MET - ASP
Joining ASP - GLY
Joining GLY - ALA
Joining ALA - GLY
Joining GLY - PRO
Joining PRO - PRO
Joining PRO - ASP
Joining ASP - LEU
Joining LEU - ARG
Joining ARG - ASP
Joining ASP - LEU
Joining LEU - VAL
Joining VAL - THR
Joining THR - THR
Joining THR - LEU
Joining LEU - GLY
Joining GLY - GLY
Joining GLY - ALA
Joining ALA - LEU
Joining LEU - LEU
Joining LEU - TRP
Joining TRP - LEU
Joining LEU - SER
Joining SER - GLY
Joining GLY - HIE
Joining HIE - ALA
Joining ALA - GLY
Joining GLY - THR
Joining THR - GLN
Joining GLN - ALA
Joining ALA - GLN
Joining GLN - GLY
Joining GLY - ALA
Joining ALA - ALA
Joining ALA - ARG
Joining ARG - VAL
Joining VAL - ALA
Joining ALA - ALA
Joining ALA - ALA
Joining ALA - LEU
Joining LEU - ASP
Joining ASP - ASP
Joining ASP - GLY
Joining GLY - SER
Joining SER - ALA
Joining ALA - LEU
Joining LEU - GLY
Joining GLY - ARG
Joining ARG - PHE
Joining PHE - GLU
Joining GLU - ARG
Joining ARG - MET
Joining MET - LEU
Joining LEU - ALA
Joining ALA - ALA
Joining ALA - GLN
Joining GLN - GLY
Joining GLY - VAL
Joining VAL - ASP
Joining ASP - PRO
Joining PRO - GLY
Joining GLY - LEU
Joining LEU - ALA
Joining ALA - ARG
Joining ARG - ALA
Joining ALA - LEU
Joining LEU - CYS
Joining CYS - SER
Joining SER - GLY
Joining GLY - SER
Joining SER - PRO
Joining PRO - ALA
Joining ALA - GLU
Joining GLU - ARG
Joining ARG - ARG
Joining ARG - GLN
Joining GLN - LEU
Joining LEU - LEU
Joining LEU - PRO
Joining PRO - ARG
Joining ARG - ALA
Joining ALA - ARG
Joining ARG - GLU
Joining GLU - GLN
Joining GLN - GLU
Joining GLU - GLU
Joining GLU - LEU
Joining LEU - LEU
Joining LEU - ALA
Joining ALA - PRO
Joining PRO - ALA
Joining ALA - ASP
Joining ASP - GLY
Joining GLY - THR
Joining THR - VAL
Joining VAL - GLU
Joining GLU - LEU
Joining LEU - VAL
Joining VAL - ARG
Joining ARG - ALA
Joining ALA - LEU
Joining LEU - PRO
Joining PRO - LEU
Joining LEU - ALA
Joining ALA - LEU
Joining LEU - VAL
Joining VAL - LEU
Joining LEU - HIE
Joining HIE - GLU
Joining GLU - LEU
Joining LEU - GLY
Joining GLY - ALA
Joining ALA - LEU
Joining LEU - ARG
Joining ARG - LEU
Joining LEU - GLY
Joining GLY - VAL
Joining VAL - GLY
Joining GLY - ALA
Joining ALA - GLU
Joining GLU - LEU
Joining LEU - LEU
Joining LEU - VAL
Joining VAL - ASP
Joining ASP - VAL
Joining VAL - GLY
Joining GLY - GLN
Joining GLN - ARG
Joining ARG - LEU
Joining LEU - ARG
  Added missing heavy atom: .R<ARG 422>.A<CG 8>
  Added missing heavy atom: .R<ARG 422>.A<CD 11>
  Added missing heavy atom: .R<ARG 422>.A<NE 14>
  Added missing heavy atom: .R<ARG 422>.A<CZ 16>
  Added missing heavy atom: .R<ARG 422>.A<NH1 17>
  Added missing heavy atom: .R<ARG 422>.A<NH2 20>
Joining ARG - ARG
Joining ARG - GLY
Joining GLY - THR
Joining THR - PRO
Joining PRO - TRP
Joining TRP - LEU
Joining LEU - ARG
Joining ARG - VAL
Joining VAL - HIE
Joining HIE - ARG
Joining ARG - ASP
Joining ASP - GLY
Joining GLY - PRO
Joining PRO - ALA
Joining ALA - LEU
Joining LEU - SER
Joining SER - GLY
Joining GLY - PRO
Joining PRO - GLN
Joining GLN - SER
Joining SER - ARG
Joining ARG - ALA
Joining ALA - LEU
Joining LEU - GLN
Joining GLN - GLU
Joining GLU - ALA
Joining ALA - LEU
Joining LEU - VAL
Joining VAL - LEU
Joining LEU - SER
Joining SER - ASP
Joining ASP - ARG
Joining ARG - ALA
Joining ALA - PRO
Joining PRO - PHE
Joining PHE - ALA
Joining ALA - ALA
Joining ALA - PRO
Joining PRO - LEU
Joining LEU - PRO
Joining PRO - PHE
Joining PHE - ALA
Joining ALA - GLU
Joining GLU - LEU
Joining LEU - VAL
Joining VAL - LEU
Joining LEU - PRO
Joining PRO - CPRO
  Added missing heavy atom: .R<CPRO 470>.A<OXT 15>
  total atoms in file: 3197
  Leap added 3336 missing atoms according to residue templates:
       21 Heavy
       3315 H / lone pairs
> savepdb  protein  protein.pdb
Writing pdb file: protein.pdb
 Converting N-terminal residue name to PDB format: NPRO -> PRO
 Converting C-terminal residue name to PDB format: CPRO -> PRO
> ##saveamberparm dipepide diVAL.prmtop diVAL.inpcrd
> 
> quit
	Quit
