log started: Fri Nov 23 17:44:33 2018

Log file: ./leap.log
>> #
>> # ----- leaprc for loading the ff99SB (Hornak & Simmerling) force field
>> # -----  this file is updated for PDB format 3
>> #
>> #	load atom type hybridizations
>> #
>> addAtomTypes {
>> 	{ "H"   "H" "sp3" }
>> 	{ "HO"  "H" "sp3" }
>> 	{ "HS"  "H" "sp3" }
>> 	{ "H1"  "H" "sp3" }
>> 	{ "H2"  "H" "sp3" }
>> 	{ "H3"  "H" "sp3" }
>> 	{ "H4"  "H" "sp3" }
>> 	{ "H5"  "H" "sp3" }
>> 	{ "HW"  "H" "sp3" }
>> 	{ "HC"  "H" "sp3" }
>> 	{ "HA"  "H" "sp3" }
>> 	{ "HP"  "H" "sp3" }
>> 	{ "OH"  "O" "sp3" }
>> 	{ "OS"  "O" "sp3" }
>> 	{ "O"   "O" "sp2" }
>> 	{ "O2"  "O" "sp2" }
>> 	{ "OW"  "O" "sp3" }
>> 	{ "CT"  "C" "sp3" }
>> 	{ "CH"  "C" "sp3" }
>> 	{ "C2"  "C" "sp3" }
>> 	{ "C3"  "C" "sp3" }
>> 	{ "C"   "C" "sp2" }
>> 	{ "C*"  "C" "sp2" }
>> 	{ "CA"  "C" "sp2" }
>> 	{ "CB"  "C" "sp2" }
>> 	{ "CC"  "C" "sp2" }
>> 	{ "CN"  "C" "sp2" }
>> 	{ "CM"  "C" "sp2" }
>> 	{ "CK"  "C" "sp2" }
>> 	{ "CQ"  "C" "sp2" }
>> 	{ "CD"  "C" "sp2" }
>> 	{ "CE"  "C" "sp2" }
>> 	{ "CF"  "C" "sp2" }
>> 	{ "CP"  "C" "sp2" }
>> 	{ "CI"  "C" "sp2" }
>> 	{ "CJ"  "C" "sp2" }
>> 	{ "CW"  "C" "sp2" }
>> 	{ "CV"  "C" "sp2" }
>> 	{ "CR"  "C" "sp2" }
>> 	{ "CA"  "C" "sp2" }
>> 	{ "CY"  "C" "sp2" }
>> 	{ "C0"  "Ca" "sp2" }
>> 	{ "MG"  "Mg" "sp3" }
>> 	{ "N"   "N" "sp2" }
>> 	{ "NA"  "N" "sp2" }
>> 	{ "N2"  "N" "sp2" }
>> 	{ "N*"  "N" "sp2" }
>> 	{ "NP"  "N" "sp2" }
>> 	{ "NQ"  "N" "sp2" }
>> 	{ "NB"  "N" "sp2" }
>> 	{ "NC"  "N" "sp2" }
>> 	{ "NT"  "N" "sp3" }
>> 	{ "N3"  "N" "sp3" }
>> 	{ "S"   "S" "sp3" }
>> 	{ "SH"  "S" "sp3" }
>> 	{ "P"   "P" "sp3" }
>> 	{ "LP"  ""  "sp3" }
>> 	{ "F"   "F" "sp3" }
>> 	{ "CL"  "Cl" "sp3" }
>> 	{ "BR"  "Br" "sp3" }
>> 	{ "I"   "I"  "sp3" }
>> 	{ "FE"  "Fe" "sp3" }
>> 	{ "EP"  ""  "sp3" }
>> # glycam
>> 	{ "OG"  "O" "sp3" }
>> 	{ "OL"  "O" "sp3" }
>> 	{ "AC"  "C" "sp3" }
>> 	{ "EC"  "C" "sp3" }
>> }
>> #
>> #	Load the main parameter set.
>> #
>> parm99 = loadamberparams parm99.dat
Loading parameters: /share/home/zhanghaiping/program/amber16/dat/leap/parm/parm99.dat
Reading title:
PARM99 for DNA,RNA,AA, organic molecules, TIP3P wat. Polariz.& LP incl.02/04/99
(UNKNOWN ATOM TYPE: HZ)
(UNKNOWN ATOM TYPE: IM)
(UNKNOWN ATOM TYPE: Li)
(UNKNOWN ATOM TYPE: IP)
(UNKNOWN ATOM TYPE: K)
(UNKNOWN ATOM TYPE: Rb)
(UNKNOWN ATOM TYPE: Cs)
(UNKNOWN ATOM TYPE: Zn)
(UNKNOWN ATOM TYPE: IB)
(UNKNOWN ATOM TYPE: LP)
>> frcmod99SB = loadamberparams frcmod.ff99SB
Loading parameters: /share/home/zhanghaiping/program/amber16/dat/leap/parm/frcmod.ff99SB
Reading force field modification type file (frcmod)
Reading title:
Modification/update of parm99.dat (Hornak & Simmerling)
>> #
>> #	Load DNA/RNA libraries
>> #
>> loadOff all_nucleic94.lib
Loading library: /share/home/zhanghaiping/program/amber16/dat/leap/lib/all_nucleic94.lib
Loading: DA
Loading: DA3
Loading: DA5
Loading: DAN
Loading: DC
Loading: DC3
Loading: DC5
Loading: DCN
Loading: DG
Loading: DG3
Loading: DG5
Loading: DGN
Loading: DT
Loading: DT3
Loading: DT5
Loading: DTN
Loading: RA
Loading: RA3
Loading: RA5
Loading: RAN
Loading: RC
Loading: RC3
Loading: RC5
Loading: RCN
Loading: RG
Loading: RG3
Loading: RG5
Loading: RGN
Loading: RU
Loading: RU3
Loading: RU5
Loading: RUN
>> #
>> #	Load main chain and terminating 
>> #	amino acid libraries (i.e. ff94 libs)
>> #
>> loadOff all_amino94.lib
Loading library: /share/home/zhanghaiping/program/amber16/dat/leap/lib/all_amino94.lib
Loading: ALA
Loading: ARG
Loading: ASH
Loading: ASN
Loading: ASP
Loading: CYM
Loading: CYS
Loading: CYX
Loading: GLH
Loading: GLN
Loading: GLU
Loading: GLY
Loading: HID
Loading: HIE
Loading: HIP
Loading: ILE
Loading: LEU
Loading: LYN
Loading: LYS
Loading: MET
Loading: PHE
Loading: PRO
Loading: SER
Loading: THR
Loading: TRP
Loading: TYR
Loading: VAL
>> loadOff all_aminoct94.lib
Loading library: /share/home/zhanghaiping/program/amber16/dat/leap/lib/all_aminoct94.lib
Loading: CALA
Loading: CARG
Loading: CASN
Loading: CASP
Loading: CCYS
Loading: CCYX
Loading: CGLN
Loading: CGLU
Loading: CGLY
Loading: CHID
Loading: CHIE
Loading: CHIP
Loading: CILE
Loading: CLEU
Loading: CLYS
Loading: CMET
Loading: CPHE
Loading: CPRO
Loading: CSER
Loading: CTHR
Loading: CTRP
Loading: CTYR
Loading: CVAL
Loading: NHE
Loading: NME
>> loadOff all_aminont94.lib
Loading library: /share/home/zhanghaiping/program/amber16/dat/leap/lib/all_aminont94.lib
Loading: ACE
Loading: NALA
Loading: NARG
Loading: NASN
Loading: NASP
Loading: NCYS
Loading: NCYX
Loading: NGLN
Loading: NGLU
Loading: NGLY
Loading: NHID
Loading: NHIE
Loading: NHIP
Loading: NILE
Loading: NLEU
Loading: NLYS
Loading: NMET
Loading: NPHE
Loading: NPRO
Loading: NSER
Loading: NTHR
Loading: NTRP
Loading: NTYR
Loading: NVAL
>> #
>> #       Load water and ions
>> # 
>> loadOff ions94.lib
Loading library: /share/home/zhanghaiping/program/amber16/dat/leap/lib/ions94.lib
Loading: CIO
Loading: Cl-
Loading: Cs+
Loading: IB
Loading: K+
Loading: Li+
Loading: MG2
Loading: Na+
Loading: Rb+
>> loadOff solvents.lib
Loading library: /share/home/zhanghaiping/program/amber16/dat/leap/lib/solvents.lib
Loading: CHCL3BOX
Loading: DC4
Loading: FB3
Loading: FB3BOX
Loading: FB4
Loading: FB4BOX
Loading: MEOHBOX
Loading: NMABOX
Loading: OPC
Loading: OPCBOX
Loading: PL3
Loading: POL3BOX
Loading: QSPCFWBOX
Loading: SPC
Loading: SPCBOX
Loading: SPCFWBOX
Loading: SPF
Loading: SPG
Loading: T4E
Loading: TIP3PBOX
Loading: TIP3PFBOX
Loading: TIP4PBOX
Loading: TIP4PEWBOX
Loading: TIP5PBOX
Loading: TP3
Loading: TP4
Loading: TP5
Loading: TPF
>> HOH = TP3
>> WAT = TP3
>> 
>> #
>> #	Define the PDB name map for the amino acids and DNA.
>> #
>> addPdbResMap {
>>   { 0 "ALA" "NALA" } { 1 "ALA" "CALA" }
>>   { 0 "ARG" "NARG" } { 1 "ARG" "CARG" }
>>   { 0 "ASN" "NASN" } { 1 "ASN" "CASN" }
>>   { 0 "ASP" "NASP" } { 1 "ASP" "CASP" }
>>   { 0 "CYS" "NCYS" } { 1 "CYS" "CCYS" }
>>   { 0 "CYX" "NCYX" } { 1 "CYX" "CCYX" }
>>   { 0 "GLN" "NGLN" } { 1 "GLN" "CGLN" }
>>   { 0 "GLU" "NGLU" } { 1 "GLU" "CGLU" }
>>   { 0 "GLY" "NGLY" } { 1 "GLY" "CGLY" }
>>   { 0 "HID" "NHID" } { 1 "HID" "CHID" }
>>   { 0 "HIE" "NHIE" } { 1 "HIE" "CHIE" }
>>   { 0 "HIP" "NHIP" } { 1 "HIP" "CHIP" }
>>   { 0 "ILE" "NILE" } { 1 "ILE" "CILE" }
>>   { 0 "LEU" "NLEU" } { 1 "LEU" "CLEU" }
>>   { 0 "LYS" "NLYS" } { 1 "LYS" "CLYS" }
>>   { 0 "MET" "NMET" } { 1 "MET" "CMET" }
>>   { 0 "PHE" "NPHE" } { 1 "PHE" "CPHE" }
>>   { 0 "PRO" "NPRO" } { 1 "PRO" "CPRO" }
>>   { 0 "SER" "NSER" } { 1 "SER" "CSER" }
>>   { 0 "THR" "NTHR" } { 1 "THR" "CTHR" }
>>   { 0 "TRP" "NTRP" } { 1 "TRP" "CTRP" }
>>   { 0 "TYR" "NTYR" } { 1 "TYR" "CTYR" }
>>   { 0 "VAL" "NVAL" } { 1 "VAL" "CVAL" }
>>   { 0 "HIS" "NHIS" } { 1 "HIS" "CHIS" }
>>   { 0 "GUA" "DG5"  } { 1 "GUA" "DG3"  } { "GUA" "DG" }
>>   { 0 "ADE" "DA5"  } { 1 "ADE" "DA3"  } { "ADE" "DA" }
>>   { 0 "CYT" "DC5"  } { 1 "CYT" "DC3"  } { "CYT" "DC" }
>>   { 0 "THY" "DT5"  } { 1 "THY" "DT3"  } { "THY" "DT" }
>>   { 0 "G" "RG5"  } { 1 "G" "RG3"  } { "G" "RG" } { "GN" "RGN" }
>>   { 0 "A" "RA5"  } { 1 "A" "RA3"  } { "A" "RA" } { "AN" "RAN" }
>>   { 0 "C" "RC5"  } { 1 "C" "RC3"  } { "C" "RC" } { "CN" "RCN" }
>>   { 0 "U" "RU5"  } { 1 "U" "RU3"  } { "U" "RU" } { "UN" "RUN" }
>>   { 0 "DG" "DG5"  } { 1 "DG" "DG3"  }  
>>   { 0 "DA" "DA5"  } { 1 "DA" "DA3"  }  
>>   { 0 "DC" "DC5"  } { 1 "DC" "DC3"  }  
>>   { 0 "DT" "DT5"  } { 1 "DT" "DT3"  }
>> 
>> }
>> 
>> addPdbAtomMap {
>>   { "O5*" "O5'" }
>>   { "C5*" "C5'" }
>>   { "C4*" "C4'" }
>>   { "O4*" "O4'" }
>>   { "C3*" "C3'" }
>>   { "O3*" "O3'" }
>>   { "C2*" "C2'" }
>>   { "C1*" "C1'" }
>>   { "C5M" "C7"  }
>>   { "O2*" "O2'" }
>>   { "H1*" "H1'" }
>>   { "H2*1" "H2'1" }
>>   { "H2*2" "H2'2" }
>>   { "H2'"  "H2'1" }
>>   { "H2''" "H2'2" }
>>   { "H3*" "H3'" }
>>   { "H4*" "H4'" }
>>   { "H5*1" "H5'1" }
>>   { "H5*2" "H5'2" }
>>   { "H5'"  "H5'1" }
>>   { "H5''" "H5'2" }
>>   { "HO2'" "HO'2" }
>>   { "HO5'" "H5T" }
>>   { "HO3'" "H3T" }
>>   { "O1'" "O4'" }
>>   { "OA"  "O1P" }
>>   { "OB"  "O2P" }
>>   { "OP1" "O1P" }
>>   { "OP2" "O2P" }
>> }
>> 
>> 
>> #
>> # assumed that most often proteins use HIE
>> #
>> NHIS = NHIE
>> HIS = HIE
>> CHIS = CHIE
> 
> #source /home/zhp/tleap/leaprc.GLYCAM_06j-1
> set default PBRadii mbondi3
Using ArgH and AspGluO modified Bondi2 radii
> #3dipepide=sequence{ACE VAL NME}
> 
> 
> protein = loadpdb  1v0p_ww.pdb
Loading PDB file: ./1v0p_ww.pdb
Enter zPdbReadScan from call depth  0.
Exit  zPdbReadScan from call depth  0.
Matching PDB residue names to LEaP variables.
Mapped residue MET, term: Terminal/beginning, seq. number: 0 to: NMET.
(Residue 1: GLU, Nonterminal, was not found in name map.)
(Residue 2: LYS, Nonterminal, was not found in name map.)
(Residue 3: TYR, Nonterminal, was not found in name map.)
(Residue 4: HIS, Nonterminal, was not found in name map.)
(Residue 5: GLY, Nonterminal, was not found in name map.)
(Residue 6: LEU, Nonterminal, was not found in name map.)
(Residue 7: GLU, Nonterminal, was not found in name map.)
(Residue 8: LYS, Nonterminal, was not found in name map.)
(Residue 9: ILE, Nonterminal, was not found in name map.)
(Residue 10: GLY, Nonterminal, was not found in name map.)
(Residue 11: GLU, Nonterminal, was not found in name map.)
(Residue 12: GLY, Nonterminal, was not found in name map.)
(Residue 13: THR, Nonterminal, was not found in name map.)
(Residue 14: TYR, Nonterminal, was not found in name map.)
(Residue 15: GLY, Nonterminal, was not found in name map.)
(Residue 16: VAL, Nonterminal, was not found in name map.)
(Residue 17: VAL, Nonterminal, was not found in name map.)
(Residue 18: TYR, Nonterminal, was not found in name map.)
(Residue 19: LYS, Nonterminal, was not found in name map.)
(Residue 20: ALA, Nonterminal, was not found in name map.)
(Residue 21: GLN, Nonterminal, was not found in name map.)
(Residue 22: ASN, Nonterminal, was not found in name map.)
(Residue 23: ASN, Nonterminal, was not found in name map.)
(Residue 24: TYR, Nonterminal, was not found in name map.)
(Residue 25: GLY, Nonterminal, was not found in name map.)
(Residue 26: GLU, Nonterminal, was not found in name map.)
(Residue 27: THR, Nonterminal, was not found in name map.)
(Residue 28: PHE, Nonterminal, was not found in name map.)
(Residue 29: ALA, Nonterminal, was not found in name map.)
(Residue 30: LEU, Nonterminal, was not found in name map.)
(Residue 31: LYS, Nonterminal, was not found in name map.)
(Residue 32: LYS, Nonterminal, was not found in name map.)
(Residue 33: ILE, Nonterminal, was not found in name map.)
(Residue 34: ARG, Nonterminal, was not found in name map.)
(Residue 35: LEU, Nonterminal, was not found in name map.)
(Residue 36: GLU, Nonterminal, was not found in name map.)
(Residue 37: LYS, Nonterminal, was not found in name map.)
(Residue 38: GLU, Nonterminal, was not found in name map.)
(Residue 39: ASP, Nonterminal, was not found in name map.)
(Residue 40: GLU, Nonterminal, was not found in name map.)
(Residue 41: GLY, Nonterminal, was not found in name map.)
(Residue 42: ILE, Nonterminal, was not found in name map.)
(Residue 43: PRO, Nonterminal, was not found in name map.)
(Residue 44: SER, Nonterminal, was not found in name map.)
(Residue 45: THR, Nonterminal, was not found in name map.)
(Residue 46: THR, Nonterminal, was not found in name map.)
(Residue 47: ILE, Nonterminal, was not found in name map.)
(Residue 48: ARG, Nonterminal, was not found in name map.)
(Residue 49: GLU, Nonterminal, was not found in name map.)
(Residue 50: ILE, Nonterminal, was not found in name map.)
(Residue 51: SER, Nonterminal, was not found in name map.)
(Residue 52: ILE, Nonterminal, was not found in name map.)
(Residue 53: LEU, Nonterminal, was not found in name map.)
(Residue 54: LYS, Nonterminal, was not found in name map.)
(Residue 55: GLU, Nonterminal, was not found in name map.)
(Residue 56: LEU, Nonterminal, was not found in name map.)
(Residue 57: LYS, Nonterminal, was not found in name map.)
(Residue 58: HIS, Nonterminal, was not found in name map.)
(Residue 59: SER, Nonterminal, was not found in name map.)
(Residue 60: ASN, Nonterminal, was not found in name map.)
(Residue 61: ILE, Nonterminal, was not found in name map.)
(Residue 62: VAL, Nonterminal, was not found in name map.)
(Residue 63: LYS, Nonterminal, was not found in name map.)
(Residue 64: LEU, Nonterminal, was not found in name map.)
(Residue 65: TYR, Nonterminal, was not found in name map.)
(Residue 66: ASP, Nonterminal, was not found in name map.)
(Residue 67: VAL, Nonterminal, was not found in name map.)
(Residue 68: ILE, Nonterminal, was not found in name map.)
(Residue 69: HIS, Nonterminal, was not found in name map.)
(Residue 70: THR, Nonterminal, was not found in name map.)
(Residue 71: LYS, Nonterminal, was not found in name map.)
(Residue 72: LYS, Nonterminal, was not found in name map.)
(Residue 73: ARG, Nonterminal, was not found in name map.)
(Residue 74: LEU, Nonterminal, was not found in name map.)
(Residue 75: VAL, Nonterminal, was not found in name map.)
(Residue 76: LEU, Nonterminal, was not found in name map.)
(Residue 77: VAL, Nonterminal, was not found in name map.)
(Residue 78: PHE, Nonterminal, was not found in name map.)
(Residue 79: GLU, Nonterminal, was not found in name map.)
(Residue 80: HIS, Nonterminal, was not found in name map.)
(Residue 81: LEU, Nonterminal, was not found in name map.)
(Residue 82: ASP, Nonterminal, was not found in name map.)
(Residue 83: GLN, Nonterminal, was not found in name map.)
(Residue 84: ASP, Nonterminal, was not found in name map.)
(Residue 85: LEU, Nonterminal, was not found in name map.)
(Residue 86: LYS, Nonterminal, was not found in name map.)
(Residue 87: LYS, Nonterminal, was not found in name map.)
(Residue 88: LEU, Nonterminal, was not found in name map.)
(Residue 89: LEU, Nonterminal, was not found in name map.)
(Residue 90: ASP, Nonterminal, was not found in name map.)
(Residue 91: VAL, Nonterminal, was not found in name map.)
(Residue 92: CYS, Nonterminal, was not found in name map.)
(Residue 93: GLU, Nonterminal, was not found in name map.)
(Residue 94: GLY, Nonterminal, was not found in name map.)
(Residue 95: GLY, Nonterminal, was not found in name map.)
(Residue 96: LEU, Nonterminal, was not found in name map.)
(Residue 97: GLU, Nonterminal, was not found in name map.)
(Residue 98: SER, Nonterminal, was not found in name map.)
(Residue 99: VAL, Nonterminal, was not found in name map.)
(Residue 100: THR, Nonterminal, was not found in name map.)
(Residue 101: ALA, Nonterminal, was not found in name map.)
(Residue 102: LYS, Nonterminal, was not found in name map.)
(Residue 103: SER, Nonterminal, was not found in name map.)
(Residue 104: PHE, Nonterminal, was not found in name map.)
(Residue 105: LEU, Nonterminal, was not found in name map.)
(Residue 106: LEU, Nonterminal, was not found in name map.)
(Residue 107: GLN, Nonterminal, was not found in name map.)
(Residue 108: LEU, Nonterminal, was not found in name map.)
(Residue 109: LEU, Nonterminal, was not found in name map.)
(Residue 110: ASN, Nonterminal, was not found in name map.)
(Residue 111: GLY, Nonterminal, was not found in name map.)
(Residue 112: ILE, Nonterminal, was not found in name map.)
(Residue 113: ALA, Nonterminal, was not found in name map.)
(Residue 114: TYR, Nonterminal, was not found in name map.)
(Residue 115: CYS, Nonterminal, was not found in name map.)
(Residue 116: HIS, Nonterminal, was not found in name map.)
(Residue 117: ASP, Nonterminal, was not found in name map.)
(Residue 118: ARG, Nonterminal, was not found in name map.)
(Residue 119: ARG, Nonterminal, was not found in name map.)
(Residue 120: VAL, Nonterminal, was not found in name map.)
(Residue 121: LEU, Nonterminal, was not found in name map.)
(Residue 122: HIS, Nonterminal, was not found in name map.)
(Residue 123: ARG, Nonterminal, was not found in name map.)
(Residue 124: ASP, Nonterminal, was not found in name map.)
(Residue 125: LEU, Nonterminal, was not found in name map.)
(Residue 126: LYS, Nonterminal, was not found in name map.)
(Residue 127: PRO, Nonterminal, was not found in name map.)
(Residue 128: GLN, Nonterminal, was not found in name map.)
(Residue 129: ASN, Nonterminal, was not found in name map.)
(Residue 130: LEU, Nonterminal, was not found in name map.)
(Residue 131: LEU, Nonterminal, was not found in name map.)
(Residue 132: ILE, Nonterminal, was not found in name map.)
(Residue 133: ASN, Nonterminal, was not found in name map.)
(Residue 134: ARG, Nonterminal, was not found in name map.)
(Residue 135: GLU, Nonterminal, was not found in name map.)
(Residue 136: GLY, Nonterminal, was not found in name map.)
(Residue 137: GLU, Nonterminal, was not found in name map.)
(Residue 138: LEU, Nonterminal, was not found in name map.)
(Residue 139: LYS, Nonterminal, was not found in name map.)
(Residue 140: ILE, Nonterminal, was not found in name map.)
(Residue 141: ALA, Nonterminal, was not found in name map.)
(Residue 142: ASP, Nonterminal, was not found in name map.)
(Residue 143: PHE, Nonterminal, was not found in name map.)
(Residue 144: GLY, Nonterminal, was not found in name map.)
(Residue 145: LEU, Nonterminal, was not found in name map.)
(Residue 146: ALA, Nonterminal, was not found in name map.)
(Residue 147: ARG, Nonterminal, was not found in name map.)
(Residue 148: ALA, Nonterminal, was not found in name map.)
(Residue 149: PHE, Nonterminal, was not found in name map.)
(Residue 150: GLY, Nonterminal, was not found in name map.)
(Residue 151: ILE, Nonterminal, was not found in name map.)
(Residue 152: VAL, Nonterminal, was not found in name map.)
(Residue 153: THR, Nonterminal, was not found in name map.)
(Residue 154: LEU, Nonterminal, was not found in name map.)
(Residue 155: TRP, Nonterminal, was not found in name map.)
(Residue 156: TYR, Nonterminal, was not found in name map.)
(Residue 157: ARG, Nonterminal, was not found in name map.)
(Residue 158: ALA, Nonterminal, was not found in name map.)
(Residue 159: PRO, Nonterminal, was not found in name map.)
(Residue 160: ASP, Nonterminal, was not found in name map.)
(Residue 161: VAL, Nonterminal, was not found in name map.)
(Residue 162: LEU, Nonterminal, was not found in name map.)
(Residue 163: MET, Nonterminal, was not found in name map.)
(Residue 164: GLY, Nonterminal, was not found in name map.)
(Residue 165: SER, Nonterminal, was not found in name map.)
(Residue 166: LYS, Nonterminal, was not found in name map.)
(Residue 167: LYS, Nonterminal, was not found in name map.)
(Residue 168: TYR, Nonterminal, was not found in name map.)
(Residue 169: SER, Nonterminal, was not found in name map.)
(Residue 170: THR, Nonterminal, was not found in name map.)
(Residue 171: THR, Nonterminal, was not found in name map.)
(Residue 172: ILE, Nonterminal, was not found in name map.)
(Residue 173: ASP, Nonterminal, was not found in name map.)
(Residue 174: ILE, Nonterminal, was not found in name map.)
(Residue 175: TRP, Nonterminal, was not found in name map.)
(Residue 176: SER, Nonterminal, was not found in name map.)
(Residue 177: VAL, Nonterminal, was not found in name map.)
(Residue 178: GLY, Nonterminal, was not found in name map.)
(Residue 179: CYS, Nonterminal, was not found in name map.)
(Residue 180: ILE, Nonterminal, was not found in name map.)
(Residue 181: PHE, Nonterminal, was not found in name map.)
(Residue 182: ALA, Nonterminal, was not found in name map.)
(Residue 183: GLU, Nonterminal, was not found in name map.)
(Residue 184: MET, Nonterminal, was not found in name map.)
(Residue 185: VAL, Nonterminal, was not found in name map.)
(Residue 186: ASN, Nonterminal, was not found in name map.)
(Residue 187: GLY, Nonterminal, was not found in name map.)
(Residue 188: THR, Nonterminal, was not found in name map.)
(Residue 189: PRO, Nonterminal, was not found in name map.)
(Residue 190: LEU, Nonterminal, was not found in name map.)
(Residue 191: PHE, Nonterminal, was not found in name map.)
(Residue 192: PRO, Nonterminal, was not found in name map.)
(Residue 193: GLY, Nonterminal, was not found in name map.)
(Residue 194: VAL, Nonterminal, was not found in name map.)
(Residue 195: SER, Nonterminal, was not found in name map.)
(Residue 196: GLU, Nonterminal, was not found in name map.)
(Residue 197: ALA, Nonterminal, was not found in name map.)
(Residue 198: ASP, Nonterminal, was not found in name map.)
(Residue 199: GLN, Nonterminal, was not found in name map.)
(Residue 200: LEU, Nonterminal, was not found in name map.)
(Residue 201: MET, Nonterminal, was not found in name map.)
(Residue 202: ARG, Nonterminal, was not found in name map.)
(Residue 203: ILE, Nonterminal, was not found in name map.)
(Residue 204: PHE, Nonterminal, was not found in name map.)
(Residue 205: ARG, Nonterminal, was not found in name map.)
(Residue 206: ILE, Nonterminal, was not found in name map.)
(Residue 207: LEU, Nonterminal, was not found in name map.)
(Residue 208: GLY, Nonterminal, was not found in name map.)
(Residue 209: THR, Nonterminal, was not found in name map.)
(Residue 210: PRO, Nonterminal, was not found in name map.)
(Residue 211: ASN, Nonterminal, was not found in name map.)
(Residue 212: SER, Nonterminal, was not found in name map.)
(Residue 213: LYS, Nonterminal, was not found in name map.)
(Residue 214: ASN, Nonterminal, was not found in name map.)
(Residue 215: TRP, Nonterminal, was not found in name map.)
(Residue 216: PRO, Nonterminal, was not found in name map.)
(Residue 217: ASN, Nonterminal, was not found in name map.)
(Residue 218: VAL, Nonterminal, was not found in name map.)
(Residue 219: THR, Nonterminal, was not found in name map.)
(Residue 220: GLU, Nonterminal, was not found in name map.)
(Residue 221: LEU, Nonterminal, was not found in name map.)
(Residue 222: PRO, Nonterminal, was not found in name map.)
(Residue 223: LYS, Nonterminal, was not found in name map.)
(Residue 224: TYR, Nonterminal, was not found in name map.)
(Residue 225: ASP, Nonterminal, was not found in name map.)
(Residue 226: PRO, Nonterminal, was not found in name map.)
(Residue 227: ASN, Nonterminal, was not found in name map.)
(Residue 228: PHE, Nonterminal, was not found in name map.)
(Residue 229: THR, Nonterminal, was not found in name map.)
(Residue 230: VAL, Nonterminal, was not found in name map.)
(Residue 231: TYR, Nonterminal, was not found in name map.)
(Residue 232: GLU, Nonterminal, was not found in name map.)
(Residue 233: PRO, Nonterminal, was not found in name map.)
(Residue 234: LEU, Nonterminal, was not found in name map.)
(Residue 235: PRO, Nonterminal, was not found in name map.)
(Residue 236: TRP, Nonterminal, was not found in name map.)
(Residue 237: GLU, Nonterminal, was not found in name map.)
(Residue 238: SER, Nonterminal, was not found in name map.)
(Residue 239: PHE, Nonterminal, was not found in name map.)
(Residue 240: LEU, Nonterminal, was not found in name map.)
(Residue 241: LYS, Nonterminal, was not found in name map.)
(Residue 242: GLY, Nonterminal, was not found in name map.)
(Residue 243: LEU, Nonterminal, was not found in name map.)
(Residue 244: ASP, Nonterminal, was not found in name map.)
(Residue 245: GLU, Nonterminal, was not found in name map.)
(Residue 246: SER, Nonterminal, was not found in name map.)
(Residue 247: GLY, Nonterminal, was not found in name map.)
(Residue 248: ILE, Nonterminal, was not found in name map.)
(Residue 249: ASP, Nonterminal, was not found in name map.)
(Residue 250: LEU, Nonterminal, was not found in name map.)
(Residue 251: LEU, Nonterminal, was not found in name map.)
(Residue 252: SER, Nonterminal, was not found in name map.)
(Residue 253: LYS, Nonterminal, was not found in name map.)
(Residue 254: MET, Nonterminal, was not found in name map.)
(Residue 255: LEU, Nonterminal, was not found in name map.)
(Residue 256: LYS, Nonterminal, was not found in name map.)
(Residue 257: LEU, Nonterminal, was not found in name map.)
(Residue 258: ASP, Nonterminal, was not found in name map.)
(Residue 259: PRO, Nonterminal, was not found in name map.)
(Residue 260: ASN, Nonterminal, was not found in name map.)
(Residue 261: GLN, Nonterminal, was not found in name map.)
(Residue 262: ARG, Nonterminal, was not found in name map.)
(Residue 263: ILE, Nonterminal, was not found in name map.)
(Residue 264: THR, Nonterminal, was not found in name map.)
(Residue 265: ALA, Nonterminal, was not found in name map.)
(Residue 266: LYS, Nonterminal, was not found in name map.)
(Residue 267: GLN, Nonterminal, was not found in name map.)
(Residue 268: ALA, Nonterminal, was not found in name map.)
(Residue 269: LEU, Nonterminal, was not found in name map.)
(Residue 270: GLU, Nonterminal, was not found in name map.)
(Residue 271: HIS, Nonterminal, was not found in name map.)
(Residue 272: ALA, Nonterminal, was not found in name map.)
(Residue 273: TYR, Nonterminal, was not found in name map.)
(Residue 274: PHE, Nonterminal, was not found in name map.)
(Residue 275: LYS, Nonterminal, was not found in name map.)
Mapped residue GLU, term: Terminal/last, seq. number: 276 to: CGLU.
Mapped residue GLU, term: Terminal/beginning, seq. number: 277 to: NGLU.
(Residue 278: LYS, Nonterminal, was not found in name map.)
(Residue 279: TYR, Nonterminal, was not found in name map.)
(Residue 280: HIS, Nonterminal, was not found in name map.)
(Residue 281: GLY, Nonterminal, was not found in name map.)
(Residue 282: LEU, Nonterminal, was not found in name map.)
(Residue 283: GLU, Nonterminal, was not found in name map.)
(Residue 284: LYS, Nonterminal, was not found in name map.)
(Residue 285: ILE, Nonterminal, was not found in name map.)
(Residue 286: GLY, Nonterminal, was not found in name map.)
(Residue 287: GLU, Nonterminal, was not found in name map.)
(Residue 288: GLY, Nonterminal, was not found in name map.)
(Residue 289: THR, Nonterminal, was not found in name map.)
(Residue 290: TYR, Nonterminal, was not found in name map.)
(Residue 291: GLY, Nonterminal, was not found in name map.)
(Residue 292: VAL, Nonterminal, was not found in name map.)
(Residue 293: VAL, Nonterminal, was not found in name map.)
(Residue 294: TYR, Nonterminal, was not found in name map.)
(Residue 295: LYS, Nonterminal, was not found in name map.)
(Residue 296: ALA, Nonterminal, was not found in name map.)
(Residue 297: GLN, Nonterminal, was not found in name map.)
(Residue 298: ASN, Nonterminal, was not found in name map.)
(Residue 299: ASN, Nonterminal, was not found in name map.)
(Residue 300: TYR, Nonterminal, was not found in name map.)
(Residue 301: GLY, Nonterminal, was not found in name map.)
(Residue 302: GLU, Nonterminal, was not found in name map.)
(Residue 303: THR, Nonterminal, was not found in name map.)
(Residue 304: PHE, Nonterminal, was not found in name map.)
(Residue 305: ALA, Nonterminal, was not found in name map.)
(Residue 306: LEU, Nonterminal, was not found in name map.)
(Residue 307: LYS, Nonterminal, was not found in name map.)
(Residue 308: PRO, Nonterminal, was not found in name map.)
(Residue 309: SER, Nonterminal, was not found in name map.)
(Residue 310: THR, Nonterminal, was not found in name map.)
(Residue 311: THR, Nonterminal, was not found in name map.)
(Residue 312: ILE, Nonterminal, was not found in name map.)
(Residue 313: ARG, Nonterminal, was not found in name map.)
(Residue 314: GLU, Nonterminal, was not found in name map.)
(Residue 315: ILE, Nonterminal, was not found in name map.)
(Residue 316: SER, Nonterminal, was not found in name map.)
(Residue 317: ILE, Nonterminal, was not found in name map.)
(Residue 318: LEU, Nonterminal, was not found in name map.)
(Residue 319: LYS, Nonterminal, was not found in name map.)
(Residue 320: GLU, Nonterminal, was not found in name map.)
(Residue 321: LEU, Nonterminal, was not found in name map.)
(Residue 322: LYS, Nonterminal, was not found in name map.)
(Residue 323: HIS, Nonterminal, was not found in name map.)
(Residue 324: SER, Nonterminal, was not found in name map.)
(Residue 325: ASN, Nonterminal, was not found in name map.)
(Residue 326: ILE, Nonterminal, was not found in name map.)
(Residue 327: VAL, Nonterminal, was not found in name map.)
(Residue 328: LYS, Nonterminal, was not found in name map.)
(Residue 329: LEU, Nonterminal, was not found in name map.)
(Residue 330: TYR, Nonterminal, was not found in name map.)
(Residue 331: ASP, Nonterminal, was not found in name map.)
(Residue 332: VAL, Nonterminal, was not found in name map.)
(Residue 333: ILE, Nonterminal, was not found in name map.)
(Residue 334: HIS, Nonterminal, was not found in name map.)
(Residue 335: THR, Nonterminal, was not found in name map.)
(Residue 336: LEU, Nonterminal, was not found in name map.)
(Residue 337: VAL, Nonterminal, was not found in name map.)
(Residue 338: LEU, Nonterminal, was not found in name map.)
(Residue 339: VAL, Nonterminal, was not found in name map.)
(Residue 340: PHE, Nonterminal, was not found in name map.)
(Residue 341: GLU, Nonterminal, was not found in name map.)
(Residue 342: HIS, Nonterminal, was not found in name map.)
(Residue 343: LEU, Nonterminal, was not found in name map.)
(Residue 344: ASP, Nonterminal, was not found in name map.)
(Residue 345: GLN, Nonterminal, was not found in name map.)
(Residue 346: ASP, Nonterminal, was not found in name map.)
(Residue 347: LEU, Nonterminal, was not found in name map.)
(Residue 348: LYS, Nonterminal, was not found in name map.)
(Residue 349: LYS, Nonterminal, was not found in name map.)
(Residue 350: LEU, Nonterminal, was not found in name map.)
(Residue 351: LEU, Nonterminal, was not found in name map.)
(Residue 352: ASP, Nonterminal, was not found in name map.)
(Residue 353: VAL, Nonterminal, was not found in name map.)
(Residue 354: CYS, Nonterminal, was not found in name map.)
(Residue 355: GLU, Nonterminal, was not found in name map.)
(Residue 356: GLY, Nonterminal, was not found in name map.)
(Residue 357: GLY, Nonterminal, was not found in name map.)
(Residue 358: LEU, Nonterminal, was not found in name map.)
(Residue 359: GLU, Nonterminal, was not found in name map.)
(Residue 360: SER, Nonterminal, was not found in name map.)
(Residue 361: VAL, Nonterminal, was not found in name map.)
(Residue 362: THR, Nonterminal, was not found in name map.)
(Residue 363: ALA, Nonterminal, was not found in name map.)
(Residue 364: LYS, Nonterminal, was not found in name map.)
(Residue 365: SER, Nonterminal, was not found in name map.)
(Residue 366: PHE, Nonterminal, was not found in name map.)
(Residue 367: LEU, Nonterminal, was not found in name map.)
(Residue 368: LEU, Nonterminal, was not found in name map.)
(Residue 369: GLN, Nonterminal, was not found in name map.)
(Residue 370: LEU, Nonterminal, was not found in name map.)
(Residue 371: LEU, Nonterminal, was not found in name map.)
(Residue 372: ASN, Nonterminal, was not found in name map.)
(Residue 373: GLY, Nonterminal, was not found in name map.)
(Residue 374: ILE, Nonterminal, was not found in name map.)
(Residue 375: ALA, Nonterminal, was not found in name map.)
(Residue 376: TYR, Nonterminal, was not found in name map.)
(Residue 377: CYS, Nonterminal, was not found in name map.)
(Residue 378: HIS, Nonterminal, was not found in name map.)
(Residue 379: ASP, Nonterminal, was not found in name map.)
(Residue 380: ARG, Nonterminal, was not found in name map.)
(Residue 381: ARG, Nonterminal, was not found in name map.)
(Residue 382: VAL, Nonterminal, was not found in name map.)
(Residue 383: LEU, Nonterminal, was not found in name map.)
(Residue 384: HIS, Nonterminal, was not found in name map.)
(Residue 385: ARG, Nonterminal, was not found in name map.)
(Residue 386: ASP, Nonterminal, was not found in name map.)
(Residue 387: LEU, Nonterminal, was not found in name map.)
(Residue 388: LYS, Nonterminal, was not found in name map.)
(Residue 389: PRO, Nonterminal, was not found in name map.)
(Residue 390: GLN, Nonterminal, was not found in name map.)
(Residue 391: ASN, Nonterminal, was not found in name map.)
(Residue 392: LEU, Nonterminal, was not found in name map.)
(Residue 393: LEU, Nonterminal, was not found in name map.)
(Residue 394: ILE, Nonterminal, was not found in name map.)
(Residue 395: ASN, Nonterminal, was not found in name map.)
(Residue 396: ARG, Nonterminal, was not found in name map.)
(Residue 397: GLU, Nonterminal, was not found in name map.)
(Residue 398: GLY, Nonterminal, was not found in name map.)
(Residue 399: GLU, Nonterminal, was not found in name map.)
(Residue 400: LEU, Nonterminal, was not found in name map.)
(Residue 401: LYS, Nonterminal, was not found in name map.)
(Residue 402: ILE, Nonterminal, was not found in name map.)
(Residue 403: ALA, Nonterminal, was not found in name map.)
(Residue 404: ASP, Nonterminal, was not found in name map.)
(Residue 405: PHE, Nonterminal, was not found in name map.)
(Residue 406: GLY, Nonterminal, was not found in name map.)
(Residue 407: LEU, Nonterminal, was not found in name map.)
(Residue 408: ALA, Nonterminal, was not found in name map.)
(Residue 409: ARG, Nonterminal, was not found in name map.)
(Residue 410: ALA, Nonterminal, was not found in name map.)
(Residue 411: PHE, Nonterminal, was not found in name map.)
(Residue 412: LEU, Nonterminal, was not found in name map.)
(Residue 413: TRP, Nonterminal, was not found in name map.)
(Residue 414: TYR, Nonterminal, was not found in name map.)
(Residue 415: ARG, Nonterminal, was not found in name map.)
(Residue 416: ALA, Nonterminal, was not found in name map.)
(Residue 417: PRO, Nonterminal, was not found in name map.)
(Residue 418: ASP, Nonterminal, was not found in name map.)
(Residue 419: VAL, Nonterminal, was not found in name map.)
(Residue 420: LEU, Nonterminal, was not found in name map.)
(Residue 421: MET, Nonterminal, was not found in name map.)
(Residue 422: GLY, Nonterminal, was not found in name map.)
(Residue 423: SER, Nonterminal, was not found in name map.)
(Residue 424: LYS, Nonterminal, was not found in name map.)
(Residue 425: LYS, Nonterminal, was not found in name map.)
(Residue 426: TYR, Nonterminal, was not found in name map.)
(Residue 427: SER, Nonterminal, was not found in name map.)
(Residue 428: THR, Nonterminal, was not found in name map.)
(Residue 429: THR, Nonterminal, was not found in name map.)
(Residue 430: ILE, Nonterminal, was not found in name map.)
(Residue 431: ASP, Nonterminal, was not found in name map.)
(Residue 432: ILE, Nonterminal, was not found in name map.)
(Residue 433: TRP, Nonterminal, was not found in name map.)
(Residue 434: SER, Nonterminal, was not found in name map.)
(Residue 435: VAL, Nonterminal, was not found in name map.)
(Residue 436: GLY, Nonterminal, was not found in name map.)
(Residue 437: CYS, Nonterminal, was not found in name map.)
(Residue 438: ILE, Nonterminal, was not found in name map.)
(Residue 439: PHE, Nonterminal, was not found in name map.)
(Residue 440: ALA, Nonterminal, was not found in name map.)
(Residue 441: GLU, Nonterminal, was not found in name map.)
(Residue 442: MET, Nonterminal, was not found in name map.)
(Residue 443: VAL, Nonterminal, was not found in name map.)
(Residue 444: ASN, Nonterminal, was not found in name map.)
(Residue 445: GLY, Nonterminal, was not found in name map.)
(Residue 446: THR, Nonterminal, was not found in name map.)
(Residue 447: PRO, Nonterminal, was not found in name map.)
(Residue 448: LEU, Nonterminal, was not found in name map.)
(Residue 449: PHE, Nonterminal, was not found in name map.)
(Residue 450: PRO, Nonterminal, was not found in name map.)
(Residue 451: GLY, Nonterminal, was not found in name map.)
(Residue 452: VAL, Nonterminal, was not found in name map.)
(Residue 453: SER, Nonterminal, was not found in name map.)
(Residue 454: GLU, Nonterminal, was not found in name map.)
(Residue 455: ALA, Nonterminal, was not found in name map.)
(Residue 456: ASP, Nonterminal, was not found in name map.)
(Residue 457: GLN, Nonterminal, was not found in name map.)
(Residue 458: LEU, Nonterminal, was not found in name map.)
(Residue 459: MET, Nonterminal, was not found in name map.)
(Residue 460: ARG, Nonterminal, was not found in name map.)
(Residue 461: ILE, Nonterminal, was not found in name map.)
(Residue 462: PHE, Nonterminal, was not found in name map.)
(Residue 463: ARG, Nonterminal, was not found in name map.)
(Residue 464: ILE, Nonterminal, was not found in name map.)
(Residue 465: LEU, Nonterminal, was not found in name map.)
(Residue 466: GLY, Nonterminal, was not found in name map.)
(Residue 467: THR, Nonterminal, was not found in name map.)
(Residue 468: PRO, Nonterminal, was not found in name map.)
(Residue 469: ASN, Nonterminal, was not found in name map.)
(Residue 470: SER, Nonterminal, was not found in name map.)
(Residue 471: LYS, Nonterminal, was not found in name map.)
(Residue 472: ASN, Nonterminal, was not found in name map.)
(Residue 473: TRP, Nonterminal, was not found in name map.)
(Residue 474: PRO, Nonterminal, was not found in name map.)
(Residue 475: ASN, Nonterminal, was not found in name map.)
(Residue 476: VAL, Nonterminal, was not found in name map.)
(Residue 477: THR, Nonterminal, was not found in name map.)
(Residue 478: GLU, Nonterminal, was not found in name map.)
(Residue 479: LEU, Nonterminal, was not found in name map.)
(Residue 480: PRO, Nonterminal, was not found in name map.)
(Residue 481: LYS, Nonterminal, was not found in name map.)
(Residue 482: TYR, Nonterminal, was not found in name map.)
(Residue 483: ASP, Nonterminal, was not found in name map.)
(Residue 484: PRO, Nonterminal, was not found in name map.)
(Residue 485: ASN, Nonterminal, was not found in name map.)
(Residue 486: PHE, Nonterminal, was not found in name map.)
(Residue 487: THR, Nonterminal, was not found in name map.)
(Residue 488: VAL, Nonterminal, was not found in name map.)
(Residue 489: TYR, Nonterminal, was not found in name map.)
(Residue 490: GLU, Nonterminal, was not found in name map.)
(Residue 491: PRO, Nonterminal, was not found in name map.)
(Residue 492: LEU, Nonterminal, was not found in name map.)
(Residue 493: PRO, Nonterminal, was not found in name map.)
(Residue 494: TRP, Nonterminal, was not found in name map.)
(Residue 495: GLU, Nonterminal, was not found in name map.)
(Residue 496: SER, Nonterminal, was not found in name map.)
(Residue 497: PHE, Nonterminal, was not found in name map.)
(Residue 498: LEU, Nonterminal, was not found in name map.)
(Residue 499: LYS, Nonterminal, was not found in name map.)
(Residue 500: GLY, Nonterminal, was not found in name map.)
(Residue 501: LEU, Nonterminal, was not found in name map.)
(Residue 502: ASP, Nonterminal, was not found in name map.)
(Residue 503: GLU, Nonterminal, was not found in name map.)
(Residue 504: SER, Nonterminal, was not found in name map.)
(Residue 505: GLY, Nonterminal, was not found in name map.)
(Residue 506: ILE, Nonterminal, was not found in name map.)
(Residue 507: ASP, Nonterminal, was not found in name map.)
(Residue 508: LEU, Nonterminal, was not found in name map.)
(Residue 509: LEU, Nonterminal, was not found in name map.)
(Residue 510: SER, Nonterminal, was not found in name map.)
(Residue 511: LYS, Nonterminal, was not found in name map.)
(Residue 512: MET, Nonterminal, was not found in name map.)
(Residue 513: LEU, Nonterminal, was not found in name map.)
(Residue 514: LYS, Nonterminal, was not found in name map.)
(Residue 515: LEU, Nonterminal, was not found in name map.)
(Residue 516: ASP, Nonterminal, was not found in name map.)
(Residue 517: PRO, Nonterminal, was not found in name map.)
(Residue 518: ASN, Nonterminal, was not found in name map.)
(Residue 519: GLN, Nonterminal, was not found in name map.)
(Residue 520: ARG, Nonterminal, was not found in name map.)
(Residue 521: ILE, Nonterminal, was not found in name map.)
(Residue 522: THR, Nonterminal, was not found in name map.)
(Residue 523: ALA, Nonterminal, was not found in name map.)
(Residue 524: LYS, Nonterminal, was not found in name map.)
(Residue 525: GLN, Nonterminal, was not found in name map.)
(Residue 526: ALA, Nonterminal, was not found in name map.)
(Residue 527: LEU, Nonterminal, was not found in name map.)
(Residue 528: GLU, Nonterminal, was not found in name map.)
(Residue 529: HIS, Nonterminal, was not found in name map.)
(Residue 530: ALA, Nonterminal, was not found in name map.)
(Residue 531: TYR, Nonterminal, was not found in name map.)
(Residue 532: PHE, Nonterminal, was not found in name map.)
(Residue 533: LYS, Nonterminal, was not found in name map.)
Mapped residue GLU, term: Terminal/last, seq. number: 534 to: CGLU.
Joining NMET - GLU
Joining GLU - LYS
Joining LYS - TYR
Joining TYR - HIE
Joining HIE - GLY
Joining GLY - LEU
Joining LEU - GLU
Joining GLU - LYS
Joining LYS - ILE
Joining ILE - GLY
Joining GLY - GLU
Joining GLU - GLY
Joining GLY - THR
Joining THR - TYR
Joining TYR - GLY
Joining GLY - VAL
Joining VAL - VAL
Joining VAL - TYR
Joining TYR - LYS
Joining LYS - ALA
Joining ALA - GLN
Joining GLN - ASN
Joining ASN - ASN
Joining ASN - TYR
Joining TYR - GLY
Joining GLY - GLU
Joining GLU - THR
Joining THR - PHE
Joining PHE - ALA
Joining ALA - LEU
Joining LEU - LYS
Joining LYS - LYS
Joining LYS - ILE
Joining ILE - ARG
Joining ARG - LEU
Joining LEU - GLU
Joining GLU - LYS
Joining LYS - GLU
Joining GLU - ASP
Joining ASP - GLU
Joining GLU - GLY
Joining GLY - ILE
Joining ILE - PRO
Joining PRO - SER
Joining SER - THR
Joining THR - THR
Joining THR - ILE
Joining ILE - ARG
Joining ARG - GLU
Joining GLU - ILE
Joining ILE - SER
Joining SER - ILE
Joining ILE - LEU
Joining LEU - LYS
Joining LYS - GLU
Joining GLU - LEU
Joining LEU - LYS
Joining LYS - HIE
Joining HIE - SER
Joining SER - ASN
Joining ASN - ILE
Joining ILE - VAL
Joining VAL - LYS
Joining LYS - LEU
Joining LEU - TYR
Joining TYR - ASP
Joining ASP - VAL
Joining VAL - ILE
Joining ILE - HIE
Joining HIE - THR
Joining THR - LYS
Joining LYS - LYS
Joining LYS - ARG
Joining ARG - LEU
Joining LEU - VAL
Joining VAL - LEU
Joining LEU - VAL
Joining VAL - PHE
Joining PHE - GLU
Joining GLU - HIE
Joining HIE - LEU
Joining LEU - ASP
Joining ASP - GLN
Joining GLN - ASP
Joining ASP - LEU
Joining LEU - LYS
Joining LYS - LYS
Joining LYS - LEU
Joining LEU - LEU
Joining LEU - ASP
Joining ASP - VAL
Joining VAL - CYS
Joining CYS - GLU
Joining GLU - GLY
Joining GLY - GLY
Joining GLY - LEU
Joining LEU - GLU
Joining GLU - SER
Joining SER - VAL
Joining VAL - THR
Joining THR - ALA
Joining ALA - LYS
Joining LYS - SER
Joining SER - PHE
Joining PHE - LEU
Joining LEU - LEU
Joining LEU - GLN
Joining GLN - LEU
Joining LEU - LEU
Joining LEU - ASN
Joining ASN - GLY
Joining GLY - ILE
Joining ILE - ALA
Joining ALA - TYR
Joining TYR - CYS
Joining CYS - HIE
Joining HIE - ASP
Joining ASP - ARG
Joining ARG - ARG
Joining ARG - VAL
Joining VAL - LEU
Joining LEU - HIE
Joining HIE - ARG
Joining ARG - ASP
Joining ASP - LEU
Joining LEU - LYS
Joining LYS - PRO
Joining PRO - GLN
Joining GLN - ASN
Joining ASN - LEU
Joining LEU - LEU
Joining LEU - ILE
Joining ILE - ASN
Joining ASN - ARG
Joining ARG - GLU
Joining GLU - GLY
Joining GLY - GLU
Joining GLU - LEU
Joining LEU - LYS
Joining LYS - ILE
Joining ILE - ALA
Joining ALA - ASP
Joining ASP - PHE
Joining PHE - GLY
Joining GLY - LEU
Joining LEU - ALA
Joining ALA - ARG
Joining ARG - ALA
Joining ALA - PHE
Joining PHE - GLY
Joining GLY - ILE
Joining ILE - VAL
Joining VAL - THR
Joining THR - LEU
Joining LEU - TRP
Joining TRP - TYR
Joining TYR - ARG
Joining ARG - ALA
Joining ALA - PRO
Joining PRO - ASP
Joining ASP - VAL
Joining VAL - LEU
Joining LEU - MET
Joining MET - GLY
Joining GLY - SER
Joining SER - LYS
Joining LYS - LYS
Joining LYS - TYR
Joining TYR - SER
Joining SER - THR
Joining THR - THR
Joining THR - ILE
Joining ILE - ASP
Joining ASP - ILE
Joining ILE - TRP
Joining TRP - SER
Joining SER - VAL
Joining VAL - GLY
Joining GLY - CYS
Joining CYS - ILE
Joining ILE - PHE
Joining PHE - ALA
Joining ALA - GLU
Joining GLU - MET
Joining MET - VAL
Joining VAL - ASN
Joining ASN - GLY
Joining GLY - THR
Joining THR - PRO
Joining PRO - LEU
Joining LEU - PHE
Joining PHE - PRO
Joining PRO - GLY
Joining GLY - VAL
Joining VAL - SER
Joining SER - GLU
Joining GLU - ALA
Joining ALA - ASP
Joining ASP - GLN
Joining GLN - LEU
Joining LEU - MET
Joining MET - ARG
Joining ARG - ILE
Joining ILE - PHE
Joining PHE - ARG
Joining ARG - ILE
Joining ILE - LEU
Joining LEU - GLY
Joining GLY - THR
Joining THR - PRO
Joining PRO - ASN
Joining ASN - SER
Joining SER - LYS
Joining LYS - ASN
Joining ASN - TRP
Joining TRP - PRO
Joining PRO - ASN
Joining ASN - VAL
Joining VAL - THR
Joining THR - GLU
Joining GLU - LEU
Joining LEU - PRO
Joining PRO - LYS
Joining LYS - TYR
Joining TYR - ASP
Joining ASP - PRO
Joining PRO - ASN
Joining ASN - PHE
Joining PHE - THR
Joining THR - VAL
Joining VAL - TYR
Joining TYR - GLU
Joining GLU - PRO
Joining PRO - LEU
Joining LEU - PRO
Joining PRO - TRP
Joining TRP - GLU
Joining GLU - SER
Joining SER - PHE
Joining PHE - LEU
Joining LEU - LYS
Joining LYS - GLY
Joining GLY - LEU
Joining LEU - ASP
Joining ASP - GLU
Joining GLU - SER
Joining SER - GLY
Joining GLY - ILE
Joining ILE - ASP
Joining ASP - LEU
Joining LEU - LEU
Joining LEU - SER
Joining SER - LYS
Joining LYS - MET
Joining MET - LEU
Joining LEU - LYS
Joining LYS - LEU
Joining LEU - ASP
Joining ASP - PRO
Joining PRO - ASN
Joining ASN - GLN
Joining GLN - ARG
Joining ARG - ILE
Joining ILE - THR
Joining THR - ALA
Joining ALA - LYS
Joining LYS - GLN
Joining GLN - ALA
Joining ALA - LEU
Joining LEU - GLU
Joining GLU - HIE
Joining HIE - ALA
Joining ALA - TYR
Joining TYR - PHE
Joining PHE - LYS
Joining LYS - CGLU
  Added missing heavy atom: .R<CGLU 277>.A<OXT 16>
Joining NGLU - LYS
Joining LYS - TYR
Joining TYR - HIE
Joining HIE - GLY
Joining GLY - LEU
Joining LEU - GLU
Joining GLU - LYS
Joining LYS - ILE
Joining ILE - GLY
Joining GLY - GLU
Joining GLU - GLY
Joining GLY - THR
Joining THR - TYR
Joining TYR - GLY
Joining GLY - VAL
Joining VAL - VAL
Joining VAL - TYR
Joining TYR - LYS
Joining LYS - ALA
Joining ALA - GLN
Joining GLN - ASN
Joining ASN - ASN
Joining ASN - TYR
Joining TYR - GLY
Joining GLY - GLU
Joining GLU - THR
Joining THR - PHE
Joining PHE - ALA
Joining ALA - LEU
Joining LEU - LYS
Joining LYS - PRO
Joining PRO - SER
Joining SER - THR
Joining THR - THR
Joining THR - ILE
Joining ILE - ARG
Joining ARG - GLU
Joining GLU - ILE
Joining ILE - SER
Joining SER - ILE
Joining ILE - LEU
Joining LEU - LYS
Joining LYS - GLU
Joining GLU - LEU
Joining LEU - LYS
Joining LYS - HIE
Joining HIE - SER
Joining SER - ASN
Joining ASN - ILE
Joining ILE - VAL
Joining VAL - LYS
Joining LYS - LEU
Joining LEU - TYR
Joining TYR - ASP
Joining ASP - VAL
Joining VAL - ILE
Joining ILE - HIE
Joining HIE - THR
Joining THR - LEU
Joining LEU - VAL
Joining VAL - LEU
Joining LEU - VAL
Joining VAL - PHE
Joining PHE - GLU
Joining GLU - HIE
Joining HIE - LEU
Joining LEU - ASP
Joining ASP - GLN
Joining GLN - ASP
Joining ASP - LEU
Joining LEU - LYS
Joining LYS - LYS
Joining LYS - LEU
Joining LEU - LEU
Joining LEU - ASP
Joining ASP - VAL
Joining VAL - CYS
Joining CYS - GLU
Joining GLU - GLY
Joining GLY - GLY
Joining GLY - LEU
Joining LEU - GLU
Joining GLU - SER
Joining SER - VAL
Joining VAL - THR
Joining THR - ALA
Joining ALA - LYS
Joining LYS - SER
Joining SER - PHE
Joining PHE - LEU
Joining LEU - LEU
Joining LEU - GLN
Joining GLN - LEU
Joining LEU - LEU
Joining LEU - ASN
Joining ASN - GLY
Joining GLY - ILE
Joining ILE - ALA
Joining ALA - TYR
Joining TYR - CYS
Joining CYS - HIE
Joining HIE - ASP
Joining ASP - ARG
Joining ARG - ARG
Joining ARG - VAL
Joining VAL - LEU
Joining LEU - HIE
Joining HIE - ARG
Joining ARG - ASP
Joining ASP - LEU
Joining LEU - LYS
Joining LYS - PRO
Joining PRO - GLN
Joining GLN - ASN
Joining ASN - LEU
Joining LEU - LEU
Joining LEU - ILE
Joining ILE - ASN
Joining ASN - ARG
Joining ARG - GLU
Joining GLU - GLY
Joining GLY - GLU
Joining GLU - LEU
Joining LEU - LYS
Joining LYS - ILE
Joining ILE - ALA
Joining ALA - ASP
Joining ASP - PHE
Joining PHE - GLY
Joining GLY - LEU
Joining LEU - ALA
Joining ALA - ARG
Joining ARG - ALA
Joining ALA - PHE
Joining PHE - LEU
Joining LEU - TRP
Joining TRP - TYR
Joining TYR - ARG
Joining ARG - ALA
Joining ALA - PRO
Joining PRO - ASP
Joining ASP - VAL
Joining VAL - LEU
Joining LEU - MET
Joining MET - GLY
Joining GLY - SER
Joining SER - LYS
Joining LYS - LYS
Joining LYS - TYR
Joining TYR - SER
Joining SER - THR
Joining THR - THR
Joining THR - ILE
Joining ILE - ASP
Joining ASP - ILE
Joining ILE - TRP
Joining TRP - SER
Joining SER - VAL
Joining VAL - GLY
Joining GLY - CYS
Joining CYS - ILE
Joining ILE - PHE
Joining PHE - ALA
Joining ALA - GLU
Joining GLU - MET
Joining MET - VAL
Joining VAL - ASN
Joining ASN - GLY
Joining GLY - THR
Joining THR - PRO
Joining PRO - LEU
Joining LEU - PHE
Joining PHE - PRO
Joining PRO - GLY
Joining GLY - VAL
Joining VAL - SER
Joining SER - GLU
Joining GLU - ALA
Joining ALA - ASP
Joining ASP - GLN
Joining GLN - LEU
Joining LEU - MET
Joining MET - ARG
Joining ARG - ILE
Joining ILE - PHE
Joining PHE - ARG
Joining ARG - ILE
Joining ILE - LEU
Joining LEU - GLY
Joining GLY - THR
Joining THR - PRO
Joining PRO - ASN
Joining ASN - SER
Joining SER - LYS
Joining LYS - ASN
Joining ASN - TRP
Joining TRP - PRO
Joining PRO - ASN
Joining ASN - VAL
Joining VAL - THR
Joining THR - GLU
Joining GLU - LEU
Joining LEU - PRO
Joining PRO - LYS
Joining LYS - TYR
Joining TYR - ASP
Joining ASP - PRO
Joining PRO - ASN
Joining ASN - PHE
Joining PHE - THR
Joining THR - VAL
Joining VAL - TYR
Joining TYR - GLU
Joining GLU - PRO
Joining PRO - LEU
Joining LEU - PRO
Joining PRO - TRP
Joining TRP - GLU
Joining GLU - SER
Joining SER - PHE
Joining PHE - LEU
Joining LEU - LYS
Joining LYS - GLY
Joining GLY - LEU
Joining LEU - ASP
Joining ASP - GLU
Joining GLU - SER
Joining SER - GLY
Joining GLY - ILE
Joining ILE - ASP
Joining ASP - LEU
Joining LEU - LEU
Joining LEU - SER
Joining SER - LYS
Joining LYS - MET
Joining MET - LEU
Joining LEU - LYS
Joining LYS - LEU
Joining LEU - ASP
Joining ASP - PRO
Joining PRO - ASN
Joining ASN - GLN
Joining GLN - ARG
Joining ARG - ILE
Joining ILE - THR
Joining THR - ALA
Joining ALA - LYS
Joining LYS - GLN
Joining GLN - ALA
Joining ALA - LEU
Joining LEU - GLU
Joining GLU - HIE
Joining HIE - ALA
Joining ALA - TYR
Joining TYR - PHE
Joining PHE - LYS
Joining LYS - CGLU
  Added missing heavy atom: .R<CGLU 535>.A<OXT 16>
  total atoms in file: 4309
  Leap added 4385 missing atoms according to residue templates:
       2 Heavy
       4383 H / lone pairs
> savepdb  protein  protein.pdb
Writing pdb file: protein.pdb
 Converting N-terminal residue name to PDB format: NMET -> MET
 Converting C-terminal residue name to PDB format: CGLU -> GLU
 Converting N-terminal residue name to PDB format: NGLU -> GLU
 Converting C-terminal residue name to PDB format: CGLU -> GLU
> ##saveamberparm dipepide diVAL.prmtop diVAL.inpcrd
> 
> quit
	Quit
