log started: Fri Nov 23 17:39:58 2018

Log file: ./leap.log
>> #
>> # ----- leaprc for loading the ff99SB (Hornak & Simmerling) force field
>> # -----  this file is updated for PDB format 3
>> #
>> #	load atom type hybridizations
>> #
>> addAtomTypes {
>> 	{ "H"   "H" "sp3" }
>> 	{ "HO"  "H" "sp3" }
>> 	{ "HS"  "H" "sp3" }
>> 	{ "H1"  "H" "sp3" }
>> 	{ "H2"  "H" "sp3" }
>> 	{ "H3"  "H" "sp3" }
>> 	{ "H4"  "H" "sp3" }
>> 	{ "H5"  "H" "sp3" }
>> 	{ "HW"  "H" "sp3" }
>> 	{ "HC"  "H" "sp3" }
>> 	{ "HA"  "H" "sp3" }
>> 	{ "HP"  "H" "sp3" }
>> 	{ "OH"  "O" "sp3" }
>> 	{ "OS"  "O" "sp3" }
>> 	{ "O"   "O" "sp2" }
>> 	{ "O2"  "O" "sp2" }
>> 	{ "OW"  "O" "sp3" }
>> 	{ "CT"  "C" "sp3" }
>> 	{ "CH"  "C" "sp3" }
>> 	{ "C2"  "C" "sp3" }
>> 	{ "C3"  "C" "sp3" }
>> 	{ "C"   "C" "sp2" }
>> 	{ "C*"  "C" "sp2" }
>> 	{ "CA"  "C" "sp2" }
>> 	{ "CB"  "C" "sp2" }
>> 	{ "CC"  "C" "sp2" }
>> 	{ "CN"  "C" "sp2" }
>> 	{ "CM"  "C" "sp2" }
>> 	{ "CK"  "C" "sp2" }
>> 	{ "CQ"  "C" "sp2" }
>> 	{ "CD"  "C" "sp2" }
>> 	{ "CE"  "C" "sp2" }
>> 	{ "CF"  "C" "sp2" }
>> 	{ "CP"  "C" "sp2" }
>> 	{ "CI"  "C" "sp2" }
>> 	{ "CJ"  "C" "sp2" }
>> 	{ "CW"  "C" "sp2" }
>> 	{ "CV"  "C" "sp2" }
>> 	{ "CR"  "C" "sp2" }
>> 	{ "CA"  "C" "sp2" }
>> 	{ "CY"  "C" "sp2" }
>> 	{ "C0"  "Ca" "sp2" }
>> 	{ "MG"  "Mg" "sp3" }
>> 	{ "N"   "N" "sp2" }
>> 	{ "NA"  "N" "sp2" }
>> 	{ "N2"  "N" "sp2" }
>> 	{ "N*"  "N" "sp2" }
>> 	{ "NP"  "N" "sp2" }
>> 	{ "NQ"  "N" "sp2" }
>> 	{ "NB"  "N" "sp2" }
>> 	{ "NC"  "N" "sp2" }
>> 	{ "NT"  "N" "sp3" }
>> 	{ "N3"  "N" "sp3" }
>> 	{ "S"   "S" "sp3" }
>> 	{ "SH"  "S" "sp3" }
>> 	{ "P"   "P" "sp3" }
>> 	{ "LP"  ""  "sp3" }
>> 	{ "F"   "F" "sp3" }
>> 	{ "CL"  "Cl" "sp3" }
>> 	{ "BR"  "Br" "sp3" }
>> 	{ "I"   "I"  "sp3" }
>> 	{ "FE"  "Fe" "sp3" }
>> 	{ "EP"  ""  "sp3" }
>> # glycam
>> 	{ "OG"  "O" "sp3" }
>> 	{ "OL"  "O" "sp3" }
>> 	{ "AC"  "C" "sp3" }
>> 	{ "EC"  "C" "sp3" }
>> }
>> #
>> #	Load the main parameter set.
>> #
>> parm99 = loadamberparams parm99.dat
Loading parameters: /share/home/zhanghaiping/program/amber16/dat/leap/parm/parm99.dat
Reading title:
PARM99 for DNA,RNA,AA, organic molecules, TIP3P wat. Polariz.& LP incl.02/04/99
(UNKNOWN ATOM TYPE: HZ)
(UNKNOWN ATOM TYPE: IM)
(UNKNOWN ATOM TYPE: Li)
(UNKNOWN ATOM TYPE: IP)
(UNKNOWN ATOM TYPE: K)
(UNKNOWN ATOM TYPE: Rb)
(UNKNOWN ATOM TYPE: Cs)
(UNKNOWN ATOM TYPE: Zn)
(UNKNOWN ATOM TYPE: IB)
(UNKNOWN ATOM TYPE: LP)
>> frcmod99SB = loadamberparams frcmod.ff99SB
Loading parameters: /share/home/zhanghaiping/program/amber16/dat/leap/parm/frcmod.ff99SB
Reading force field modification type file (frcmod)
Reading title:
Modification/update of parm99.dat (Hornak & Simmerling)
>> #
>> #	Load DNA/RNA libraries
>> #
>> loadOff all_nucleic94.lib
Loading library: /share/home/zhanghaiping/program/amber16/dat/leap/lib/all_nucleic94.lib
Loading: DA
Loading: DA3
Loading: DA5
Loading: DAN
Loading: DC
Loading: DC3
Loading: DC5
Loading: DCN
Loading: DG
Loading: DG3
Loading: DG5
Loading: DGN
Loading: DT
Loading: DT3
Loading: DT5
Loading: DTN
Loading: RA
Loading: RA3
Loading: RA5
Loading: RAN
Loading: RC
Loading: RC3
Loading: RC5
Loading: RCN
Loading: RG
Loading: RG3
Loading: RG5
Loading: RGN
Loading: RU
Loading: RU3
Loading: RU5
Loading: RUN
>> #
>> #	Load main chain and terminating 
>> #	amino acid libraries (i.e. ff94 libs)
>> #
>> loadOff all_amino94.lib
Loading library: /share/home/zhanghaiping/program/amber16/dat/leap/lib/all_amino94.lib
Loading: ALA
Loading: ARG
Loading: ASH
Loading: ASN
Loading: ASP
Loading: CYM
Loading: CYS
Loading: CYX
Loading: GLH
Loading: GLN
Loading: GLU
Loading: GLY
Loading: HID
Loading: HIE
Loading: HIP
Loading: ILE
Loading: LEU
Loading: LYN
Loading: LYS
Loading: MET
Loading: PHE
Loading: PRO
Loading: SER
Loading: THR
Loading: TRP
Loading: TYR
Loading: VAL
>> loadOff all_aminoct94.lib
Loading library: /share/home/zhanghaiping/program/amber16/dat/leap/lib/all_aminoct94.lib
Loading: CALA
Loading: CARG
Loading: CASN
Loading: CASP
Loading: CCYS
Loading: CCYX
Loading: CGLN
Loading: CGLU
Loading: CGLY
Loading: CHID
Loading: CHIE
Loading: CHIP
Loading: CILE
Loading: CLEU
Loading: CLYS
Loading: CMET
Loading: CPHE
Loading: CPRO
Loading: CSER
Loading: CTHR
Loading: CTRP
Loading: CTYR
Loading: CVAL
Loading: NHE
Loading: NME
>> loadOff all_aminont94.lib
Loading library: /share/home/zhanghaiping/program/amber16/dat/leap/lib/all_aminont94.lib
Loading: ACE
Loading: NALA
Loading: NARG
Loading: NASN
Loading: NASP
Loading: NCYS
Loading: NCYX
Loading: NGLN
Loading: NGLU
Loading: NGLY
Loading: NHID
Loading: NHIE
Loading: NHIP
Loading: NILE
Loading: NLEU
Loading: NLYS
Loading: NMET
Loading: NPHE
Loading: NPRO
Loading: NSER
Loading: NTHR
Loading: NTRP
Loading: NTYR
Loading: NVAL
>> #
>> #       Load water and ions
>> # 
>> loadOff ions94.lib
Loading library: /share/home/zhanghaiping/program/amber16/dat/leap/lib/ions94.lib
Loading: CIO
Loading: Cl-
Loading: Cs+
Loading: IB
Loading: K+
Loading: Li+
Loading: MG2
Loading: Na+
Loading: Rb+
>> loadOff solvents.lib
Loading library: /share/home/zhanghaiping/program/amber16/dat/leap/lib/solvents.lib
Loading: CHCL3BOX
Loading: DC4
Loading: FB3
Loading: FB3BOX
Loading: FB4
Loading: FB4BOX
Loading: MEOHBOX
Loading: NMABOX
Loading: OPC
Loading: OPCBOX
Loading: PL3
Loading: POL3BOX
Loading: QSPCFWBOX
Loading: SPC
Loading: SPCBOX
Loading: SPCFWBOX
Loading: SPF
Loading: SPG
Loading: T4E
Loading: TIP3PBOX
Loading: TIP3PFBOX
Loading: TIP4PBOX
Loading: TIP4PEWBOX
Loading: TIP5PBOX
Loading: TP3
Loading: TP4
Loading: TP5
Loading: TPF
>> HOH = TP3
>> WAT = TP3
>> 
>> #
>> #	Define the PDB name map for the amino acids and DNA.
>> #
>> addPdbResMap {
>>   { 0 "ALA" "NALA" } { 1 "ALA" "CALA" }
>>   { 0 "ARG" "NARG" } { 1 "ARG" "CARG" }
>>   { 0 "ASN" "NASN" } { 1 "ASN" "CASN" }
>>   { 0 "ASP" "NASP" } { 1 "ASP" "CASP" }
>>   { 0 "CYS" "NCYS" } { 1 "CYS" "CCYS" }
>>   { 0 "CYX" "NCYX" } { 1 "CYX" "CCYX" }
>>   { 0 "GLN" "NGLN" } { 1 "GLN" "CGLN" }
>>   { 0 "GLU" "NGLU" } { 1 "GLU" "CGLU" }
>>   { 0 "GLY" "NGLY" } { 1 "GLY" "CGLY" }
>>   { 0 "HID" "NHID" } { 1 "HID" "CHID" }
>>   { 0 "HIE" "NHIE" } { 1 "HIE" "CHIE" }
>>   { 0 "HIP" "NHIP" } { 1 "HIP" "CHIP" }
>>   { 0 "ILE" "NILE" } { 1 "ILE" "CILE" }
>>   { 0 "LEU" "NLEU" } { 1 "LEU" "CLEU" }
>>   { 0 "LYS" "NLYS" } { 1 "LYS" "CLYS" }
>>   { 0 "MET" "NMET" } { 1 "MET" "CMET" }
>>   { 0 "PHE" "NPHE" } { 1 "PHE" "CPHE" }
>>   { 0 "PRO" "NPRO" } { 1 "PRO" "CPRO" }
>>   { 0 "SER" "NSER" } { 1 "SER" "CSER" }
>>   { 0 "THR" "NTHR" } { 1 "THR" "CTHR" }
>>   { 0 "TRP" "NTRP" } { 1 "TRP" "CTRP" }
>>   { 0 "TYR" "NTYR" } { 1 "TYR" "CTYR" }
>>   { 0 "VAL" "NVAL" } { 1 "VAL" "CVAL" }
>>   { 0 "HIS" "NHIS" } { 1 "HIS" "CHIS" }
>>   { 0 "GUA" "DG5"  } { 1 "GUA" "DG3"  } { "GUA" "DG" }
>>   { 0 "ADE" "DA5"  } { 1 "ADE" "DA3"  } { "ADE" "DA" }
>>   { 0 "CYT" "DC5"  } { 1 "CYT" "DC3"  } { "CYT" "DC" }
>>   { 0 "THY" "DT5"  } { 1 "THY" "DT3"  } { "THY" "DT" }
>>   { 0 "G" "RG5"  } { 1 "G" "RG3"  } { "G" "RG" } { "GN" "RGN" }
>>   { 0 "A" "RA5"  } { 1 "A" "RA3"  } { "A" "RA" } { "AN" "RAN" }
>>   { 0 "C" "RC5"  } { 1 "C" "RC3"  } { "C" "RC" } { "CN" "RCN" }
>>   { 0 "U" "RU5"  } { 1 "U" "RU3"  } { "U" "RU" } { "UN" "RUN" }
>>   { 0 "DG" "DG5"  } { 1 "DG" "DG3"  }  
>>   { 0 "DA" "DA5"  } { 1 "DA" "DA3"  }  
>>   { 0 "DC" "DC5"  } { 1 "DC" "DC3"  }  
>>   { 0 "DT" "DT5"  } { 1 "DT" "DT3"  }
>> 
>> }
>> 
>> addPdbAtomMap {
>>   { "O5*" "O5'" }
>>   { "C5*" "C5'" }
>>   { "C4*" "C4'" }
>>   { "O4*" "O4'" }
>>   { "C3*" "C3'" }
>>   { "O3*" "O3'" }
>>   { "C2*" "C2'" }
>>   { "C1*" "C1'" }
>>   { "C5M" "C7"  }
>>   { "O2*" "O2'" }
>>   { "H1*" "H1'" }
>>   { "H2*1" "H2'1" }
>>   { "H2*2" "H2'2" }
>>   { "H2'"  "H2'1" }
>>   { "H2''" "H2'2" }
>>   { "H3*" "H3'" }
>>   { "H4*" "H4'" }
>>   { "H5*1" "H5'1" }
>>   { "H5*2" "H5'2" }
>>   { "H5'"  "H5'1" }
>>   { "H5''" "H5'2" }
>>   { "HO2'" "HO'2" }
>>   { "HO5'" "H5T" }
>>   { "HO3'" "H3T" }
>>   { "O1'" "O4'" }
>>   { "OA"  "O1P" }
>>   { "OB"  "O2P" }
>>   { "OP1" "O1P" }
>>   { "OP2" "O2P" }
>> }
>> 
>> 
>> #
>> # assumed that most often proteins use HIE
>> #
>> NHIS = NHIE
>> HIS = HIE
>> CHIS = CHIE
> 
> #source /home/zhp/tleap/leaprc.GLYCAM_06j-1
> set default PBRadii mbondi3
Using ArgH and AspGluO modified Bondi2 radii
> #3dipepide=sequence{ACE VAL NME}
> 
> 
> protein = loadpdb  1s19_ww.pdb
Loading PDB file: ./1s19_ww.pdb
Enter zPdbReadScan from call depth  0.
Exit  zPdbReadScan from call depth  0.
Matching PDB residue names to LEaP variables.
Mapped residue LEU, term: Terminal/beginning, seq. number: 0 to: NLEU.
(Residue 1: ARG, Nonterminal, was not found in name map.)
(Residue 2: PRO, Nonterminal, was not found in name map.)
(Residue 3: LYS, Nonterminal, was not found in name map.)
(Residue 4: LEU, Nonterminal, was not found in name map.)
(Residue 5: SER, Nonterminal, was not found in name map.)
(Residue 6: GLU, Nonterminal, was not found in name map.)
(Residue 7: GLU, Nonterminal, was not found in name map.)
(Residue 8: GLN, Nonterminal, was not found in name map.)
(Residue 9: GLN, Nonterminal, was not found in name map.)
(Residue 10: ARG, Nonterminal, was not found in name map.)
(Residue 11: ILE, Nonterminal, was not found in name map.)
(Residue 12: ILE, Nonterminal, was not found in name map.)
(Residue 13: ALA, Nonterminal, was not found in name map.)
(Residue 14: ILE, Nonterminal, was not found in name map.)
(Residue 15: LEU, Nonterminal, was not found in name map.)
(Residue 16: LEU, Nonterminal, was not found in name map.)
(Residue 17: ASP, Nonterminal, was not found in name map.)
(Residue 18: ALA, Nonterminal, was not found in name map.)
(Residue 19: HIS, Nonterminal, was not found in name map.)
(Residue 20: HIS, Nonterminal, was not found in name map.)
(Residue 21: LYS, Nonterminal, was not found in name map.)
(Residue 22: THR, Nonterminal, was not found in name map.)
(Residue 23: TYR, Nonterminal, was not found in name map.)
(Residue 24: ASP, Nonterminal, was not found in name map.)
(Residue 25: PRO, Nonterminal, was not found in name map.)
(Residue 26: THR, Nonterminal, was not found in name map.)
(Residue 27: TYR, Nonterminal, was not found in name map.)
(Residue 28: SER, Nonterminal, was not found in name map.)
(Residue 29: ASP, Nonterminal, was not found in name map.)
(Residue 30: PHE, Nonterminal, was not found in name map.)
(Residue 31: CYS, Nonterminal, was not found in name map.)
(Residue 32: GLN, Nonterminal, was not found in name map.)
(Residue 33: PHE, Nonterminal, was not found in name map.)
(Residue 34: ARG, Nonterminal, was not found in name map.)
(Residue 35: PRO, Nonterminal, was not found in name map.)
(Residue 36: PRO, Nonterminal, was not found in name map.)
(Residue 37: VAL, Nonterminal, was not found in name map.)
(Residue 38: ARG, Nonterminal, was not found in name map.)
(Residue 39: VAL, Nonterminal, was not found in name map.)
(Residue 40: ASN, Nonterminal, was not found in name map.)
(Residue 41: ASP, Nonterminal, was not found in name map.)
(Residue 42: GLY, Nonterminal, was not found in name map.)
(Residue 43: GLY, Nonterminal, was not found in name map.)
(Residue 44: GLY, Nonterminal, was not found in name map.)
(Residue 45: SER, Nonterminal, was not found in name map.)
(Residue 46: VAL, Nonterminal, was not found in name map.)
(Residue 47: THR, Nonterminal, was not found in name map.)
(Residue 48: LEU, Nonterminal, was not found in name map.)
(Residue 49: GLU, Nonterminal, was not found in name map.)
(Residue 50: LEU, Nonterminal, was not found in name map.)
(Residue 51: SER, Nonterminal, was not found in name map.)
(Residue 52: GLN, Nonterminal, was not found in name map.)
(Residue 53: LEU, Nonterminal, was not found in name map.)
(Residue 54: SER, Nonterminal, was not found in name map.)
(Residue 55: MET, Nonterminal, was not found in name map.)
(Residue 56: LEU, Nonterminal, was not found in name map.)
(Residue 57: PRO, Nonterminal, was not found in name map.)
(Residue 58: HIS, Nonterminal, was not found in name map.)
(Residue 59: LEU, Nonterminal, was not found in name map.)
(Residue 60: ALA, Nonterminal, was not found in name map.)
(Residue 61: ASP, Nonterminal, was not found in name map.)
(Residue 62: LEU, Nonterminal, was not found in name map.)
(Residue 63: VAL, Nonterminal, was not found in name map.)
(Residue 64: SER, Nonterminal, was not found in name map.)
(Residue 65: TYR, Nonterminal, was not found in name map.)
(Residue 66: SER, Nonterminal, was not found in name map.)
(Residue 67: ILE, Nonterminal, was not found in name map.)
(Residue 68: GLN, Nonterminal, was not found in name map.)
(Residue 69: LYS, Nonterminal, was not found in name map.)
(Residue 70: VAL, Nonterminal, was not found in name map.)
(Residue 71: ILE, Nonterminal, was not found in name map.)
(Residue 72: GLY, Nonterminal, was not found in name map.)
(Residue 73: PHE, Nonterminal, was not found in name map.)
(Residue 74: ALA, Nonterminal, was not found in name map.)
(Residue 75: LYS, Nonterminal, was not found in name map.)
(Residue 76: MET, Nonterminal, was not found in name map.)
(Residue 77: ILE, Nonterminal, was not found in name map.)
(Residue 78: PRO, Nonterminal, was not found in name map.)
(Residue 79: GLY, Nonterminal, was not found in name map.)
(Residue 80: PHE, Nonterminal, was not found in name map.)
(Residue 81: ARG, Nonterminal, was not found in name map.)
(Residue 82: ASP, Nonterminal, was not found in name map.)
(Residue 83: LEU, Nonterminal, was not found in name map.)
(Residue 84: THR, Nonterminal, was not found in name map.)
(Residue 85: SER, Nonterminal, was not found in name map.)
(Residue 86: GLU, Nonterminal, was not found in name map.)
(Residue 87: ASP, Nonterminal, was not found in name map.)
(Residue 88: GLN, Nonterminal, was not found in name map.)
(Residue 89: ILE, Nonterminal, was not found in name map.)
(Residue 90: VAL, Nonterminal, was not found in name map.)
(Residue 91: LEU, Nonterminal, was not found in name map.)
(Residue 92: LEU, Nonterminal, was not found in name map.)
(Residue 93: LYS, Nonterminal, was not found in name map.)
(Residue 94: SER, Nonterminal, was not found in name map.)
(Residue 95: SER, Nonterminal, was not found in name map.)
(Residue 96: ALA, Nonterminal, was not found in name map.)
(Residue 97: ILE, Nonterminal, was not found in name map.)
(Residue 98: GLU, Nonterminal, was not found in name map.)
(Residue 99: VAL, Nonterminal, was not found in name map.)
(Residue 100: ILE, Nonterminal, was not found in name map.)
(Residue 101: MET, Nonterminal, was not found in name map.)
(Residue 102: LEU, Nonterminal, was not found in name map.)
(Residue 103: ARG, Nonterminal, was not found in name map.)
(Residue 104: SER, Nonterminal, was not found in name map.)
(Residue 105: ASN, Nonterminal, was not found in name map.)
(Residue 106: GLU, Nonterminal, was not found in name map.)
(Residue 107: SER, Nonterminal, was not found in name map.)
(Residue 108: PHE, Nonterminal, was not found in name map.)
(Residue 109: THR, Nonterminal, was not found in name map.)
(Residue 110: MET, Nonterminal, was not found in name map.)
(Residue 111: ASP, Nonterminal, was not found in name map.)
(Residue 112: ASP, Nonterminal, was not found in name map.)
(Residue 113: MET, Nonterminal, was not found in name map.)
(Residue 114: SER, Nonterminal, was not found in name map.)
(Residue 115: TRP, Nonterminal, was not found in name map.)
(Residue 116: THR, Nonterminal, was not found in name map.)
(Residue 117: CYS, Nonterminal, was not found in name map.)
(Residue 118: GLY, Nonterminal, was not found in name map.)
(Residue 119: ASN, Nonterminal, was not found in name map.)
(Residue 120: GLN, Nonterminal, was not found in name map.)
(Residue 121: ASP, Nonterminal, was not found in name map.)
(Residue 122: TYR, Nonterminal, was not found in name map.)
(Residue 123: LYS, Nonterminal, was not found in name map.)
(Residue 124: TYR, Nonterminal, was not found in name map.)
(Residue 125: ARG, Nonterminal, was not found in name map.)
(Residue 126: VAL, Nonterminal, was not found in name map.)
(Residue 127: SER, Nonterminal, was not found in name map.)
(Residue 128: ASP, Nonterminal, was not found in name map.)
(Residue 129: VAL, Nonterminal, was not found in name map.)
(Residue 130: THR, Nonterminal, was not found in name map.)
(Residue 131: LYS, Nonterminal, was not found in name map.)
(Residue 132: ALA, Nonterminal, was not found in name map.)
(Residue 133: GLY, Nonterminal, was not found in name map.)
(Residue 134: HIS, Nonterminal, was not found in name map.)
(Residue 135: SER, Nonterminal, was not found in name map.)
(Residue 136: LEU, Nonterminal, was not found in name map.)
(Residue 137: GLU, Nonterminal, was not found in name map.)
(Residue 138: LEU, Nonterminal, was not found in name map.)
(Residue 139: ILE, Nonterminal, was not found in name map.)
(Residue 140: GLU, Nonterminal, was not found in name map.)
(Residue 141: PRO, Nonterminal, was not found in name map.)
(Residue 142: LEU, Nonterminal, was not found in name map.)
(Residue 143: ILE, Nonterminal, was not found in name map.)
(Residue 144: LYS, Nonterminal, was not found in name map.)
(Residue 145: PHE, Nonterminal, was not found in name map.)
(Residue 146: GLN, Nonterminal, was not found in name map.)
(Residue 147: VAL, Nonterminal, was not found in name map.)
(Residue 148: GLY, Nonterminal, was not found in name map.)
(Residue 149: LEU, Nonterminal, was not found in name map.)
(Residue 150: LYS, Nonterminal, was not found in name map.)
(Residue 151: LYS, Nonterminal, was not found in name map.)
(Residue 152: LEU, Nonterminal, was not found in name map.)
(Residue 153: ASN, Nonterminal, was not found in name map.)
(Residue 154: LEU, Nonterminal, was not found in name map.)
(Residue 155: HIS, Nonterminal, was not found in name map.)
(Residue 156: GLU, Nonterminal, was not found in name map.)
(Residue 157: GLU, Nonterminal, was not found in name map.)
(Residue 158: GLU, Nonterminal, was not found in name map.)
(Residue 159: HIS, Nonterminal, was not found in name map.)
(Residue 160: VAL, Nonterminal, was not found in name map.)
(Residue 161: LEU, Nonterminal, was not found in name map.)
(Residue 162: LEU, Nonterminal, was not found in name map.)
(Residue 163: MET, Nonterminal, was not found in name map.)
(Residue 164: ALA, Nonterminal, was not found in name map.)
(Residue 165: ILE, Nonterminal, was not found in name map.)
(Residue 166: CYS, Nonterminal, was not found in name map.)
(Residue 167: ILE, Nonterminal, was not found in name map.)
(Residue 168: VAL, Nonterminal, was not found in name map.)
(Residue 169: SER, Nonterminal, was not found in name map.)
(Residue 170: PRO, Nonterminal, was not found in name map.)
(Residue 171: ASP, Nonterminal, was not found in name map.)
(Residue 172: ARG, Nonterminal, was not found in name map.)
(Residue 173: PRO, Nonterminal, was not found in name map.)
(Residue 174: GLY, Nonterminal, was not found in name map.)
(Residue 175: VAL, Nonterminal, was not found in name map.)
(Residue 176: GLN, Nonterminal, was not found in name map.)
(Residue 177: ASP, Nonterminal, was not found in name map.)
(Residue 178: ALA, Nonterminal, was not found in name map.)
(Residue 179: ALA, Nonterminal, was not found in name map.)
(Residue 180: LEU, Nonterminal, was not found in name map.)
(Residue 181: ILE, Nonterminal, was not found in name map.)
(Residue 182: GLU, Nonterminal, was not found in name map.)
(Residue 183: ALA, Nonterminal, was not found in name map.)
(Residue 184: ILE, Nonterminal, was not found in name map.)
(Residue 185: GLN, Nonterminal, was not found in name map.)
(Residue 186: ASP, Nonterminal, was not found in name map.)
(Residue 187: ARG, Nonterminal, was not found in name map.)
(Residue 188: LEU, Nonterminal, was not found in name map.)
(Residue 189: SER, Nonterminal, was not found in name map.)
(Residue 190: ASN, Nonterminal, was not found in name map.)
(Residue 191: THR, Nonterminal, was not found in name map.)
(Residue 192: LEU, Nonterminal, was not found in name map.)
(Residue 193: GLN, Nonterminal, was not found in name map.)
(Residue 194: THR, Nonterminal, was not found in name map.)
(Residue 195: TYR, Nonterminal, was not found in name map.)
(Residue 196: ILE, Nonterminal, was not found in name map.)
(Residue 197: ARG, Nonterminal, was not found in name map.)
(Residue 198: CYS, Nonterminal, was not found in name map.)
(Residue 199: ARG, Nonterminal, was not found in name map.)
(Residue 200: HIS, Nonterminal, was not found in name map.)
(Residue 201: PRO, Nonterminal, was not found in name map.)
(Residue 202: PRO, Nonterminal, was not found in name map.)
(Residue 203: PRO, Nonterminal, was not found in name map.)
(Residue 204: GLY, Nonterminal, was not found in name map.)
(Residue 205: SER, Nonterminal, was not found in name map.)
(Residue 206: HIS, Nonterminal, was not found in name map.)
(Residue 207: LEU, Nonterminal, was not found in name map.)
(Residue 208: LEU, Nonterminal, was not found in name map.)
(Residue 209: TYR, Nonterminal, was not found in name map.)
(Residue 210: ALA, Nonterminal, was not found in name map.)
(Residue 211: LYS, Nonterminal, was not found in name map.)
(Residue 212: MET, Nonterminal, was not found in name map.)
(Residue 213: ILE, Nonterminal, was not found in name map.)
(Residue 214: GLN, Nonterminal, was not found in name map.)
(Residue 215: LYS, Nonterminal, was not found in name map.)
(Residue 216: LEU, Nonterminal, was not found in name map.)
(Residue 217: ALA, Nonterminal, was not found in name map.)
(Residue 218: ASP, Nonterminal, was not found in name map.)
(Residue 219: LEU, Nonterminal, was not found in name map.)
(Residue 220: ARG, Nonterminal, was not found in name map.)
(Residue 221: SER, Nonterminal, was not found in name map.)
(Residue 222: LEU, Nonterminal, was not found in name map.)
(Residue 223: ASN, Nonterminal, was not found in name map.)
(Residue 224: GLU, Nonterminal, was not found in name map.)
(Residue 225: GLU, Nonterminal, was not found in name map.)
(Residue 226: HIS, Nonterminal, was not found in name map.)
(Residue 227: SER, Nonterminal, was not found in name map.)
(Residue 228: LYS, Nonterminal, was not found in name map.)
(Residue 229: GLN, Nonterminal, was not found in name map.)
(Residue 230: TYR, Nonterminal, was not found in name map.)
(Residue 231: ARG, Nonterminal, was not found in name map.)
(Residue 232: CYS, Nonterminal, was not found in name map.)
(Residue 233: LEU, Nonterminal, was not found in name map.)
(Residue 234: SER, Nonterminal, was not found in name map.)
(Residue 235: PHE, Nonterminal, was not found in name map.)
(Residue 236: GLN, Nonterminal, was not found in name map.)
(Residue 237: PRO, Nonterminal, was not found in name map.)
(Residue 238: GLU, Nonterminal, was not found in name map.)
(Residue 239: CYS, Nonterminal, was not found in name map.)
(Residue 240: SER, Nonterminal, was not found in name map.)
(Residue 241: MET, Nonterminal, was not found in name map.)
(Residue 242: LYS, Nonterminal, was not found in name map.)
(Residue 243: LEU, Nonterminal, was not found in name map.)
(Residue 244: THR, Nonterminal, was not found in name map.)
(Residue 245: PRO, Nonterminal, was not found in name map.)
(Residue 246: LEU, Nonterminal, was not found in name map.)
(Residue 247: VAL, Nonterminal, was not found in name map.)
(Residue 248: LEU, Nonterminal, was not found in name map.)
(Residue 249: GLU, Nonterminal, was not found in name map.)
(Residue 250: VAL, Nonterminal, was not found in name map.)
(Residue 251: PHE, Nonterminal, was not found in name map.)
Mapped residue GLY, term: Terminal/last, seq. number: 252 to: CGLY.
Joining NLEU - ARG
Joining ARG - PRO
Joining PRO - LYS
Joining LYS - LEU
Joining LEU - SER
Joining SER - GLU
Joining GLU - GLU
Joining GLU - GLN
Joining GLN - GLN
Joining GLN - ARG
Joining ARG - ILE
Joining ILE - ILE
Joining ILE - ALA
Joining ALA - ILE
Joining ILE - LEU
Joining LEU - LEU
Joining LEU - ASP
Joining ASP - ALA
Joining ALA - HIE
Joining HIE - HIE
Joining HIE - LYS
Joining LYS - THR
Joining THR - TYR
Joining TYR - ASP
Joining ASP - PRO
Joining PRO - THR
Joining THR - TYR
Joining TYR - SER
Joining SER - ASP
Joining ASP - PHE
Joining PHE - CYS
Joining CYS - GLN
Joining GLN - PHE
Joining PHE - ARG
Joining ARG - PRO
Joining PRO - PRO
Joining PRO - VAL
Joining VAL - ARG
Joining ARG - VAL
Joining VAL - ASN
Joining ASN - ASP
Joining ASP - GLY
Joining GLY - GLY
Joining GLY - GLY
Joining GLY - SER
Joining SER - VAL
Joining VAL - THR
Joining THR - LEU
Joining LEU - GLU
Joining GLU - LEU
Joining LEU - SER
Joining SER - GLN
Joining GLN - LEU
Joining LEU - SER
Joining SER - MET
Joining MET - LEU
Joining LEU - PRO
Joining PRO - HIE
Joining HIE - LEU
Joining LEU - ALA
Joining ALA - ASP
Joining ASP - LEU
Joining LEU - VAL
Joining VAL - SER
Joining SER - TYR
Joining TYR - SER
Joining SER - ILE
Joining ILE - GLN
Joining GLN - LYS
Joining LYS - VAL
Joining VAL - ILE
Joining ILE - GLY
Joining GLY - PHE
Joining PHE - ALA
Joining ALA - LYS
Joining LYS - MET
Joining MET - ILE
Joining ILE - PRO
Joining PRO - GLY
Joining GLY - PHE
Joining PHE - ARG
Joining ARG - ASP
Joining ASP - LEU
Joining LEU - THR
Joining THR - SER
Joining SER - GLU
Joining GLU - ASP
Joining ASP - GLN
Joining GLN - ILE
Joining ILE - VAL
Joining VAL - LEU
Joining LEU - LEU
Joining LEU - LYS
Joining LYS - SER
Joining SER - SER
Joining SER - ALA
Joining ALA - ILE
Joining ILE - GLU
Joining GLU - VAL
Joining VAL - ILE
Joining ILE - MET
Joining MET - LEU
Joining LEU - ARG
Joining ARG - SER
Joining SER - ASN
Joining ASN - GLU
Joining GLU - SER
Joining SER - PHE
Joining PHE - THR
Joining THR - MET
Joining MET - ASP
Joining ASP - ASP
Joining ASP - MET
Joining MET - SER
Joining SER - TRP
Joining TRP - THR
Joining THR - CYS
Joining CYS - GLY
Joining GLY - ASN
Joining ASN - GLN
Joining GLN - ASP
Joining ASP - TYR
Joining TYR - LYS
Joining LYS - TYR
Joining TYR - ARG
Joining ARG - VAL
Joining VAL - SER
Joining SER - ASP
Joining ASP - VAL
Joining VAL - THR
Joining THR - LYS
Joining LYS - ALA
Joining ALA - GLY
Joining GLY - HIE
Joining HIE - SER
Joining SER - LEU
Joining LEU - GLU
Joining GLU - LEU
Joining LEU - ILE
Joining ILE - GLU
Joining GLU - PRO
Joining PRO - LEU
Joining LEU - ILE
Joining ILE - LYS
Joining LYS - PHE
Joining PHE - GLN
Joining GLN - VAL
Joining VAL - GLY
Joining GLY - LEU
Joining LEU - LYS
Joining LYS - LYS
Joining LYS - LEU
Joining LEU - ASN
Joining ASN - LEU
Joining LEU - HIE
Joining HIE - GLU
Joining GLU - GLU
Joining GLU - GLU
Joining GLU - HIE
Joining HIE - VAL
Joining VAL - LEU
Joining LEU - LEU
Joining LEU - MET
Joining MET - ALA
Joining ALA - ILE
Joining ILE - CYS
Joining CYS - ILE
Joining ILE - VAL
Joining VAL - SER
Joining SER - PRO
Joining PRO - ASP
Joining ASP - ARG
Joining ARG - PRO
Joining PRO - GLY
Joining GLY - VAL
Joining VAL - GLN
Joining GLN - ASP
Joining ASP - ALA
Joining ALA - ALA
Joining ALA - LEU
Joining LEU - ILE
Joining ILE - GLU
Joining GLU - ALA
Joining ALA - ILE
Joining ILE - GLN
Joining GLN - ASP
Joining ASP - ARG
Joining ARG - LEU
Joining LEU - SER
Joining SER - ASN
Joining ASN - THR
Joining THR - LEU
Joining LEU - GLN
Joining GLN - THR
Joining THR - TYR
Joining TYR - ILE
Joining ILE - ARG
Joining ARG - CYS
Joining CYS - ARG
Joining ARG - HIE
Joining HIE - PRO
Joining PRO - PRO
Joining PRO - PRO
Joining PRO - GLY
Joining GLY - SER
Joining SER - HIE
Joining HIE - LEU
Joining LEU - LEU
Joining LEU - TYR
Joining TYR - ALA
Joining ALA - LYS
Joining LYS - MET
Joining MET - ILE
Joining ILE - GLN
Joining GLN - LYS
Joining LYS - LEU
Joining LEU - ALA
Joining ALA - ASP
Joining ASP - LEU
Joining LEU - ARG
Joining ARG - SER
Joining SER - LEU
Joining LEU - ASN
Joining ASN - GLU
Joining GLU - GLU
Joining GLU - HIE
Joining HIE - SER
Joining SER - LYS
Joining LYS - GLN
Joining GLN - TYR
Joining TYR - ARG
Joining ARG - CYS
Joining CYS - LEU
Joining LEU - SER
Joining SER - PHE
Joining PHE - GLN
Joining GLN - PRO
Joining PRO - GLU
Joining GLU - CYS
Joining CYS - SER
Joining SER - MET
Joining MET - LYS
Joining LYS - LEU
Joining LEU - THR
Joining THR - PRO
Joining PRO - LEU
Joining LEU - VAL
Joining VAL - LEU
Joining LEU - GLU
Joining GLU - VAL
Joining VAL - PHE
Joining PHE - CGLY
  Added missing heavy atom: .R<CGLY 372>.A<OXT 8>
  total atoms in file: 2012
  Leap added 2044 missing atoms according to residue templates:
       1 Heavy
       2043 H / lone pairs
> savepdb  protein  protein.pdb
Writing pdb file: protein.pdb
 Converting N-terminal residue name to PDB format: NLEU -> LEU
 Converting C-terminal residue name to PDB format: CGLY -> GLY
> ##saveamberparm dipepide diVAL.prmtop diVAL.inpcrd
> 
> quit
	Quit
