log started: Fri Nov 23 17:30:50 2018

Log file: ./leap.log
>> #
>> # ----- leaprc for loading the ff99SB (Hornak & Simmerling) force field
>> # -----  this file is updated for PDB format 3
>> #
>> #	load atom type hybridizations
>> #
>> addAtomTypes {
>> 	{ "H"   "H" "sp3" }
>> 	{ "HO"  "H" "sp3" }
>> 	{ "HS"  "H" "sp3" }
>> 	{ "H1"  "H" "sp3" }
>> 	{ "H2"  "H" "sp3" }
>> 	{ "H3"  "H" "sp3" }
>> 	{ "H4"  "H" "sp3" }
>> 	{ "H5"  "H" "sp3" }
>> 	{ "HW"  "H" "sp3" }
>> 	{ "HC"  "H" "sp3" }
>> 	{ "HA"  "H" "sp3" }
>> 	{ "HP"  "H" "sp3" }
>> 	{ "OH"  "O" "sp3" }
>> 	{ "OS"  "O" "sp3" }
>> 	{ "O"   "O" "sp2" }
>> 	{ "O2"  "O" "sp2" }
>> 	{ "OW"  "O" "sp3" }
>> 	{ "CT"  "C" "sp3" }
>> 	{ "CH"  "C" "sp3" }
>> 	{ "C2"  "C" "sp3" }
>> 	{ "C3"  "C" "sp3" }
>> 	{ "C"   "C" "sp2" }
>> 	{ "C*"  "C" "sp2" }
>> 	{ "CA"  "C" "sp2" }
>> 	{ "CB"  "C" "sp2" }
>> 	{ "CC"  "C" "sp2" }
>> 	{ "CN"  "C" "sp2" }
>> 	{ "CM"  "C" "sp2" }
>> 	{ "CK"  "C" "sp2" }
>> 	{ "CQ"  "C" "sp2" }
>> 	{ "CD"  "C" "sp2" }
>> 	{ "CE"  "C" "sp2" }
>> 	{ "CF"  "C" "sp2" }
>> 	{ "CP"  "C" "sp2" }
>> 	{ "CI"  "C" "sp2" }
>> 	{ "CJ"  "C" "sp2" }
>> 	{ "CW"  "C" "sp2" }
>> 	{ "CV"  "C" "sp2" }
>> 	{ "CR"  "C" "sp2" }
>> 	{ "CA"  "C" "sp2" }
>> 	{ "CY"  "C" "sp2" }
>> 	{ "C0"  "Ca" "sp2" }
>> 	{ "MG"  "Mg" "sp3" }
>> 	{ "N"   "N" "sp2" }
>> 	{ "NA"  "N" "sp2" }
>> 	{ "N2"  "N" "sp2" }
>> 	{ "N*"  "N" "sp2" }
>> 	{ "NP"  "N" "sp2" }
>> 	{ "NQ"  "N" "sp2" }
>> 	{ "NB"  "N" "sp2" }
>> 	{ "NC"  "N" "sp2" }
>> 	{ "NT"  "N" "sp3" }
>> 	{ "N3"  "N" "sp3" }
>> 	{ "S"   "S" "sp3" }
>> 	{ "SH"  "S" "sp3" }
>> 	{ "P"   "P" "sp3" }
>> 	{ "LP"  ""  "sp3" }
>> 	{ "F"   "F" "sp3" }
>> 	{ "CL"  "Cl" "sp3" }
>> 	{ "BR"  "Br" "sp3" }
>> 	{ "I"   "I"  "sp3" }
>> 	{ "FE"  "Fe" "sp3" }
>> 	{ "EP"  ""  "sp3" }
>> # glycam
>> 	{ "OG"  "O" "sp3" }
>> 	{ "OL"  "O" "sp3" }
>> 	{ "AC"  "C" "sp3" }
>> 	{ "EC"  "C" "sp3" }
>> }
>> #
>> #	Load the main parameter set.
>> #
>> parm99 = loadamberparams parm99.dat
Loading parameters: /share/home/zhanghaiping/program/amber16/dat/leap/parm/parm99.dat
Reading title:
PARM99 for DNA,RNA,AA, organic molecules, TIP3P wat. Polariz.& LP incl.02/04/99
(UNKNOWN ATOM TYPE: HZ)
(UNKNOWN ATOM TYPE: IM)
(UNKNOWN ATOM TYPE: Li)
(UNKNOWN ATOM TYPE: IP)
(UNKNOWN ATOM TYPE: K)
(UNKNOWN ATOM TYPE: Rb)
(UNKNOWN ATOM TYPE: Cs)
(UNKNOWN ATOM TYPE: Zn)
(UNKNOWN ATOM TYPE: IB)
(UNKNOWN ATOM TYPE: LP)
>> frcmod99SB = loadamberparams frcmod.ff99SB
Loading parameters: /share/home/zhanghaiping/program/amber16/dat/leap/parm/frcmod.ff99SB
Reading force field modification type file (frcmod)
Reading title:
Modification/update of parm99.dat (Hornak & Simmerling)
>> #
>> #	Load DNA/RNA libraries
>> #
>> loadOff all_nucleic94.lib
Loading library: /share/home/zhanghaiping/program/amber16/dat/leap/lib/all_nucleic94.lib
Loading: DA
Loading: DA3
Loading: DA5
Loading: DAN
Loading: DC
Loading: DC3
Loading: DC5
Loading: DCN
Loading: DG
Loading: DG3
Loading: DG5
Loading: DGN
Loading: DT
Loading: DT3
Loading: DT5
Loading: DTN
Loading: RA
Loading: RA3
Loading: RA5
Loading: RAN
Loading: RC
Loading: RC3
Loading: RC5
Loading: RCN
Loading: RG
Loading: RG3
Loading: RG5
Loading: RGN
Loading: RU
Loading: RU3
Loading: RU5
Loading: RUN
>> #
>> #	Load main chain and terminating 
>> #	amino acid libraries (i.e. ff94 libs)
>> #
>> loadOff all_amino94.lib
Loading library: /share/home/zhanghaiping/program/amber16/dat/leap/lib/all_amino94.lib
Loading: ALA
Loading: ARG
Loading: ASH
Loading: ASN
Loading: ASP
Loading: CYM
Loading: CYS
Loading: CYX
Loading: GLH
Loading: GLN
Loading: GLU
Loading: GLY
Loading: HID
Loading: HIE
Loading: HIP
Loading: ILE
Loading: LEU
Loading: LYN
Loading: LYS
Loading: MET
Loading: PHE
Loading: PRO
Loading: SER
Loading: THR
Loading: TRP
Loading: TYR
Loading: VAL
>> loadOff all_aminoct94.lib
Loading library: /share/home/zhanghaiping/program/amber16/dat/leap/lib/all_aminoct94.lib
Loading: CALA
Loading: CARG
Loading: CASN
Loading: CASP
Loading: CCYS
Loading: CCYX
Loading: CGLN
Loading: CGLU
Loading: CGLY
Loading: CHID
Loading: CHIE
Loading: CHIP
Loading: CILE
Loading: CLEU
Loading: CLYS
Loading: CMET
Loading: CPHE
Loading: CPRO
Loading: CSER
Loading: CTHR
Loading: CTRP
Loading: CTYR
Loading: CVAL
Loading: NHE
Loading: NME
>> loadOff all_aminont94.lib
Loading library: /share/home/zhanghaiping/program/amber16/dat/leap/lib/all_aminont94.lib
Loading: ACE
Loading: NALA
Loading: NARG
Loading: NASN
Loading: NASP
Loading: NCYS
Loading: NCYX
Loading: NGLN
Loading: NGLU
Loading: NGLY
Loading: NHID
Loading: NHIE
Loading: NHIP
Loading: NILE
Loading: NLEU
Loading: NLYS
Loading: NMET
Loading: NPHE
Loading: NPRO
Loading: NSER
Loading: NTHR
Loading: NTRP
Loading: NTYR
Loading: NVAL
>> #
>> #       Load water and ions
>> # 
>> loadOff ions94.lib
Loading library: /share/home/zhanghaiping/program/amber16/dat/leap/lib/ions94.lib
Loading: CIO
Loading: Cl-
Loading: Cs+
Loading: IB
Loading: K+
Loading: Li+
Loading: MG2
Loading: Na+
Loading: Rb+
>> loadOff solvents.lib
Loading library: /share/home/zhanghaiping/program/amber16/dat/leap/lib/solvents.lib
Loading: CHCL3BOX
Loading: DC4
Loading: FB3
Loading: FB3BOX
Loading: FB4
Loading: FB4BOX
Loading: MEOHBOX
Loading: NMABOX
Loading: OPC
Loading: OPCBOX
Loading: PL3
Loading: POL3BOX
Loading: QSPCFWBOX
Loading: SPC
Loading: SPCBOX
Loading: SPCFWBOX
Loading: SPF
Loading: SPG
Loading: T4E
Loading: TIP3PBOX
Loading: TIP3PFBOX
Loading: TIP4PBOX
Loading: TIP4PEWBOX
Loading: TIP5PBOX
Loading: TP3
Loading: TP4
Loading: TP5
Loading: TPF
>> HOH = TP3
>> WAT = TP3
>> 
>> #
>> #	Define the PDB name map for the amino acids and DNA.
>> #
>> addPdbResMap {
>>   { 0 "ALA" "NALA" } { 1 "ALA" "CALA" }
>>   { 0 "ARG" "NARG" } { 1 "ARG" "CARG" }
>>   { 0 "ASN" "NASN" } { 1 "ASN" "CASN" }
>>   { 0 "ASP" "NASP" } { 1 "ASP" "CASP" }
>>   { 0 "CYS" "NCYS" } { 1 "CYS" "CCYS" }
>>   { 0 "CYX" "NCYX" } { 1 "CYX" "CCYX" }
>>   { 0 "GLN" "NGLN" } { 1 "GLN" "CGLN" }
>>   { 0 "GLU" "NGLU" } { 1 "GLU" "CGLU" }
>>   { 0 "GLY" "NGLY" } { 1 "GLY" "CGLY" }
>>   { 0 "HID" "NHID" } { 1 "HID" "CHID" }
>>   { 0 "HIE" "NHIE" } { 1 "HIE" "CHIE" }
>>   { 0 "HIP" "NHIP" } { 1 "HIP" "CHIP" }
>>   { 0 "ILE" "NILE" } { 1 "ILE" "CILE" }
>>   { 0 "LEU" "NLEU" } { 1 "LEU" "CLEU" }
>>   { 0 "LYS" "NLYS" } { 1 "LYS" "CLYS" }
>>   { 0 "MET" "NMET" } { 1 "MET" "CMET" }
>>   { 0 "PHE" "NPHE" } { 1 "PHE" "CPHE" }
>>   { 0 "PRO" "NPRO" } { 1 "PRO" "CPRO" }
>>   { 0 "SER" "NSER" } { 1 "SER" "CSER" }
>>   { 0 "THR" "NTHR" } { 1 "THR" "CTHR" }
>>   { 0 "TRP" "NTRP" } { 1 "TRP" "CTRP" }
>>   { 0 "TYR" "NTYR" } { 1 "TYR" "CTYR" }
>>   { 0 "VAL" "NVAL" } { 1 "VAL" "CVAL" }
>>   { 0 "HIS" "NHIS" } { 1 "HIS" "CHIS" }
>>   { 0 "GUA" "DG5"  } { 1 "GUA" "DG3"  } { "GUA" "DG" }
>>   { 0 "ADE" "DA5"  } { 1 "ADE" "DA3"  } { "ADE" "DA" }
>>   { 0 "CYT" "DC5"  } { 1 "CYT" "DC3"  } { "CYT" "DC" }
>>   { 0 "THY" "DT5"  } { 1 "THY" "DT3"  } { "THY" "DT" }
>>   { 0 "G" "RG5"  } { 1 "G" "RG3"  } { "G" "RG" } { "GN" "RGN" }
>>   { 0 "A" "RA5"  } { 1 "A" "RA3"  } { "A" "RA" } { "AN" "RAN" }
>>   { 0 "C" "RC5"  } { 1 "C" "RC3"  } { "C" "RC" } { "CN" "RCN" }
>>   { 0 "U" "RU5"  } { 1 "U" "RU3"  } { "U" "RU" } { "UN" "RUN" }
>>   { 0 "DG" "DG5"  } { 1 "DG" "DG3"  }  
>>   { 0 "DA" "DA5"  } { 1 "DA" "DA3"  }  
>>   { 0 "DC" "DC5"  } { 1 "DC" "DC3"  }  
>>   { 0 "DT" "DT5"  } { 1 "DT" "DT3"  }
>> 
>> }
>> 
>> addPdbAtomMap {
>>   { "O5*" "O5'" }
>>   { "C5*" "C5'" }
>>   { "C4*" "C4'" }
>>   { "O4*" "O4'" }
>>   { "C3*" "C3'" }
>>   { "O3*" "O3'" }
>>   { "C2*" "C2'" }
>>   { "C1*" "C1'" }
>>   { "C5M" "C7"  }
>>   { "O2*" "O2'" }
>>   { "H1*" "H1'" }
>>   { "H2*1" "H2'1" }
>>   { "H2*2" "H2'2" }
>>   { "H2'"  "H2'1" }
>>   { "H2''" "H2'2" }
>>   { "H3*" "H3'" }
>>   { "H4*" "H4'" }
>>   { "H5*1" "H5'1" }
>>   { "H5*2" "H5'2" }
>>   { "H5'"  "H5'1" }
>>   { "H5''" "H5'2" }
>>   { "HO2'" "HO'2" }
>>   { "HO5'" "H5T" }
>>   { "HO3'" "H3T" }
>>   { "O1'" "O4'" }
>>   { "OA"  "O1P" }
>>   { "OB"  "O2P" }
>>   { "OP1" "O1P" }
>>   { "OP2" "O2P" }
>> }
>> 
>> 
>> #
>> # assumed that most often proteins use HIE
>> #
>> NHIS = NHIE
>> HIS = HIE
>> CHIS = CHIE
> 
> #source /home/zhp/tleap/leaprc.GLYCAM_06j-1
> set default PBRadii mbondi3
Using ArgH and AspGluO modified Bondi2 radii
> #3dipepide=sequence{ACE VAL NME}
> 
> 
> protein = loadpdb  1lpz_ww.pdb
Loading PDB file: ./1lpz_ww.pdb
Enter zPdbReadScan from call depth  0.
Exit  zPdbReadScan from call depth  0.
Matching PDB residue names to LEaP variables.
Mapped residue ARG, term: Terminal/beginning, seq. number: 0 to: NARG.
(Residue 1: LYS, Nonterminal, was not found in name map.)
(Residue 2: LEU, Nonterminal, was not found in name map.)
(Residue 3: CYS, Nonterminal, was not found in name map.)
(Residue 4: SER, Nonterminal, was not found in name map.)
(Residue 5: LEU, Nonterminal, was not found in name map.)
(Residue 6: ASP, Nonterminal, was not found in name map.)
(Residue 7: ASN, Nonterminal, was not found in name map.)
(Residue 8: GLY, Nonterminal, was not found in name map.)
(Residue 9: ASP, Nonterminal, was not found in name map.)
(Residue 10: CYS, Nonterminal, was not found in name map.)
(Residue 11: ASP, Nonterminal, was not found in name map.)
(Residue 12: GLN, Nonterminal, was not found in name map.)
(Residue 13: PHE, Nonterminal, was not found in name map.)
(Residue 14: CYS, Nonterminal, was not found in name map.)
(Residue 15: HIS, Nonterminal, was not found in name map.)
(Residue 16: GLU, Nonterminal, was not found in name map.)
(Residue 17: GLU, Nonterminal, was not found in name map.)
(Residue 18: GLN, Nonterminal, was not found in name map.)
(Residue 19: ASN, Nonterminal, was not found in name map.)
(Residue 20: SER, Nonterminal, was not found in name map.)
(Residue 21: VAL, Nonterminal, was not found in name map.)
(Residue 22: VAL, Nonterminal, was not found in name map.)
(Residue 23: CYS, Nonterminal, was not found in name map.)
(Residue 24: SER, Nonterminal, was not found in name map.)
(Residue 25: CYS, Nonterminal, was not found in name map.)
(Residue 26: ALA, Nonterminal, was not found in name map.)
(Residue 27: ARG, Nonterminal, was not found in name map.)
(Residue 28: GLY, Nonterminal, was not found in name map.)
(Residue 29: TYR, Nonterminal, was not found in name map.)
(Residue 30: THR, Nonterminal, was not found in name map.)
(Residue 31: LEU, Nonterminal, was not found in name map.)
(Residue 32: ALA, Nonterminal, was not found in name map.)
(Residue 33: ASP, Nonterminal, was not found in name map.)
(Residue 34: ASN, Nonterminal, was not found in name map.)
(Residue 35: GLY, Nonterminal, was not found in name map.)
(Residue 36: LYS, Nonterminal, was not found in name map.)
(Residue 37: ALA, Nonterminal, was not found in name map.)
(Residue 38: CYS, Nonterminal, was not found in name map.)
(Residue 39: ILE, Nonterminal, was not found in name map.)
(Residue 40: PRO, Nonterminal, was not found in name map.)
(Residue 41: THR, Nonterminal, was not found in name map.)
(Residue 42: GLY, Nonterminal, was not found in name map.)
(Residue 43: PRO, Nonterminal, was not found in name map.)
(Residue 44: TYR, Nonterminal, was not found in name map.)
(Residue 45: PRO, Nonterminal, was not found in name map.)
(Residue 46: CYS, Nonterminal, was not found in name map.)
(Residue 47: GLY, Nonterminal, was not found in name map.)
(Residue 48: LYS, Nonterminal, was not found in name map.)
(Residue 49: GLN, Nonterminal, was not found in name map.)
(Residue 50: THR, Nonterminal, was not found in name map.)
(Residue 51: LEU, Nonterminal, was not found in name map.)
Mapped residue GLU, term: Terminal/last, seq. number: 52 to: CGLU.
Mapped residue ILE, term: Terminal/beginning, seq. number: 53 to: NILE.
(Residue 54: VAL, Nonterminal, was not found in name map.)
(Residue 55: GLY, Nonterminal, was not found in name map.)
(Residue 56: GLY, Nonterminal, was not found in name map.)
(Residue 57: GLN, Nonterminal, was not found in name map.)
(Residue 58: GLU, Nonterminal, was not found in name map.)
(Residue 59: CYS, Nonterminal, was not found in name map.)
(Residue 60: LYS, Nonterminal, was not found in name map.)
(Residue 61: ASP, Nonterminal, was not found in name map.)
(Residue 62: GLY, Nonterminal, was not found in name map.)
(Residue 63: GLU, Nonterminal, was not found in name map.)
(Residue 64: CYS, Nonterminal, was not found in name map.)
(Residue 65: PRO, Nonterminal, was not found in name map.)
(Residue 66: TRP, Nonterminal, was not found in name map.)
(Residue 67: GLN, Nonterminal, was not found in name map.)
(Residue 68: ALA, Nonterminal, was not found in name map.)
(Residue 69: LEU, Nonterminal, was not found in name map.)
(Residue 70: LEU, Nonterminal, was not found in name map.)
(Residue 71: ILE, Nonterminal, was not found in name map.)
(Residue 72: ASN, Nonterminal, was not found in name map.)
(Residue 73: GLU, Nonterminal, was not found in name map.)
(Residue 74: GLU, Nonterminal, was not found in name map.)
(Residue 75: ASN, Nonterminal, was not found in name map.)
(Residue 76: GLU, Nonterminal, was not found in name map.)
(Residue 77: GLY, Nonterminal, was not found in name map.)
(Residue 78: PHE, Nonterminal, was not found in name map.)
(Residue 79: CYS, Nonterminal, was not found in name map.)
(Residue 80: GLY, Nonterminal, was not found in name map.)
(Residue 81: GLY, Nonterminal, was not found in name map.)
(Residue 82: THR, Nonterminal, was not found in name map.)
(Residue 83: ILE, Nonterminal, was not found in name map.)
(Residue 84: LEU, Nonterminal, was not found in name map.)
(Residue 85: SER, Nonterminal, was not found in name map.)
(Residue 86: GLU, Nonterminal, was not found in name map.)
(Residue 87: PHE, Nonterminal, was not found in name map.)
(Residue 88: TYR, Nonterminal, was not found in name map.)
(Residue 89: ILE, Nonterminal, was not found in name map.)
(Residue 90: LEU, Nonterminal, was not found in name map.)
(Residue 91: THR, Nonterminal, was not found in name map.)
(Residue 92: ALA, Nonterminal, was not found in name map.)
(Residue 93: ALA, Nonterminal, was not found in name map.)
(Residue 94: HIS, Nonterminal, was not found in name map.)
(Residue 95: CYS, Nonterminal, was not found in name map.)
(Residue 96: LEU, Nonterminal, was not found in name map.)
(Residue 97: TYR, Nonterminal, was not found in name map.)
(Residue 98: GLN, Nonterminal, was not found in name map.)
(Residue 99: ALA, Nonterminal, was not found in name map.)
(Residue 100: LYS, Nonterminal, was not found in name map.)
(Residue 101: ARG, Nonterminal, was not found in name map.)
(Residue 102: PHE, Nonterminal, was not found in name map.)
(Residue 103: LYS, Nonterminal, was not found in name map.)
(Residue 104: VAL, Nonterminal, was not found in name map.)
(Residue 105: ARG, Nonterminal, was not found in name map.)
(Residue 106: VAL, Nonterminal, was not found in name map.)
(Residue 107: GLY, Nonterminal, was not found in name map.)
(Residue 108: ASP, Nonterminal, was not found in name map.)
(Residue 109: ARG, Nonterminal, was not found in name map.)
(Residue 110: ASN, Nonterminal, was not found in name map.)
(Residue 111: THR, Nonterminal, was not found in name map.)
(Residue 112: GLU, Nonterminal, was not found in name map.)
(Residue 113: GLN, Nonterminal, was not found in name map.)
(Residue 114: GLU, Nonterminal, was not found in name map.)
(Residue 115: GLU, Nonterminal, was not found in name map.)
(Residue 116: GLY, Nonterminal, was not found in name map.)
(Residue 117: GLY, Nonterminal, was not found in name map.)
(Residue 118: GLU, Nonterminal, was not found in name map.)
(Residue 119: ALA, Nonterminal, was not found in name map.)
(Residue 120: VAL, Nonterminal, was not found in name map.)
(Residue 121: HIS, Nonterminal, was not found in name map.)
(Residue 122: GLU, Nonterminal, was not found in name map.)
(Residue 123: VAL, Nonterminal, was not found in name map.)
(Residue 124: GLU, Nonterminal, was not found in name map.)
(Residue 125: VAL, Nonterminal, was not found in name map.)
(Residue 126: VAL, Nonterminal, was not found in name map.)
(Residue 127: ILE, Nonterminal, was not found in name map.)
(Residue 128: LYS, Nonterminal, was not found in name map.)
(Residue 129: HIS, Nonterminal, was not found in name map.)
(Residue 130: ASN, Nonterminal, was not found in name map.)
(Residue 131: ARG, Nonterminal, was not found in name map.)
(Residue 132: PHE, Nonterminal, was not found in name map.)
(Residue 133: THR, Nonterminal, was not found in name map.)
(Residue 134: LYS, Nonterminal, was not found in name map.)
(Residue 135: GLU, Nonterminal, was not found in name map.)
(Residue 136: THR, Nonterminal, was not found in name map.)
(Residue 137: TYR, Nonterminal, was not found in name map.)
(Residue 138: ASP, Nonterminal, was not found in name map.)
(Residue 139: PHE, Nonterminal, was not found in name map.)
(Residue 140: ASP, Nonterminal, was not found in name map.)
(Residue 141: ILE, Nonterminal, was not found in name map.)
(Residue 142: ALA, Nonterminal, was not found in name map.)
(Residue 143: VAL, Nonterminal, was not found in name map.)
(Residue 144: LEU, Nonterminal, was not found in name map.)
(Residue 145: ARG, Nonterminal, was not found in name map.)
(Residue 146: LEU, Nonterminal, was not found in name map.)
(Residue 147: LYS, Nonterminal, was not found in name map.)
(Residue 148: THR, Nonterminal, was not found in name map.)
(Residue 149: PRO, Nonterminal, was not found in name map.)
(Residue 150: ILE, Nonterminal, was not found in name map.)
(Residue 151: THR, Nonterminal, was not found in name map.)
(Residue 152: PHE, Nonterminal, was not found in name map.)
(Residue 153: ARG, Nonterminal, was not found in name map.)
(Residue 154: MET, Nonterminal, was not found in name map.)
(Residue 155: ASN, Nonterminal, was not found in name map.)
(Residue 156: VAL, Nonterminal, was not found in name map.)
(Residue 157: ALA, Nonterminal, was not found in name map.)
(Residue 158: PRO, Nonterminal, was not found in name map.)
(Residue 159: ALA, Nonterminal, was not found in name map.)
(Residue 160: CYS, Nonterminal, was not found in name map.)
(Residue 161: LEU, Nonterminal, was not found in name map.)
(Residue 162: PRO, Nonterminal, was not found in name map.)
(Residue 163: GLU, Nonterminal, was not found in name map.)
(Residue 164: ARG, Nonterminal, was not found in name map.)
(Residue 165: ASP, Nonterminal, was not found in name map.)
(Residue 166: TRP, Nonterminal, was not found in name map.)
(Residue 167: ALA, Nonterminal, was not found in name map.)
(Residue 168: GLU, Nonterminal, was not found in name map.)
(Residue 169: SER, Nonterminal, was not found in name map.)
(Residue 170: THR, Nonterminal, was not found in name map.)
(Residue 171: LEU, Nonterminal, was not found in name map.)
(Residue 172: MET, Nonterminal, was not found in name map.)
(Residue 173: THR, Nonterminal, was not found in name map.)
(Residue 174: GLN, Nonterminal, was not found in name map.)
(Residue 175: LYS, Nonterminal, was not found in name map.)
(Residue 176: THR, Nonterminal, was not found in name map.)
(Residue 177: GLY, Nonterminal, was not found in name map.)
(Residue 178: ILE, Nonterminal, was not found in name map.)
(Residue 179: VAL, Nonterminal, was not found in name map.)
(Residue 180: SER, Nonterminal, was not found in name map.)
(Residue 181: GLY, Nonterminal, was not found in name map.)
(Residue 182: PHE, Nonterminal, was not found in name map.)
(Residue 183: GLY, Nonterminal, was not found in name map.)
(Residue 184: ARG, Nonterminal, was not found in name map.)
(Residue 185: THR, Nonterminal, was not found in name map.)
(Residue 186: HIS, Nonterminal, was not found in name map.)
(Residue 187: GLU, Nonterminal, was not found in name map.)
(Residue 188: LYS, Nonterminal, was not found in name map.)
(Residue 189: GLY, Nonterminal, was not found in name map.)
(Residue 190: ARG, Nonterminal, was not found in name map.)
(Residue 191: GLN, Nonterminal, was not found in name map.)
(Residue 192: SER, Nonterminal, was not found in name map.)
(Residue 193: THR, Nonterminal, was not found in name map.)
(Residue 194: ARG, Nonterminal, was not found in name map.)
(Residue 195: LEU, Nonterminal, was not found in name map.)
(Residue 196: LYS, Nonterminal, was not found in name map.)
(Residue 197: MET, Nonterminal, was not found in name map.)
(Residue 198: LEU, Nonterminal, was not found in name map.)
(Residue 199: GLU, Nonterminal, was not found in name map.)
(Residue 200: VAL, Nonterminal, was not found in name map.)
(Residue 201: PRO, Nonterminal, was not found in name map.)
(Residue 202: TYR, Nonterminal, was not found in name map.)
(Residue 203: VAL, Nonterminal, was not found in name map.)
(Residue 204: ASP, Nonterminal, was not found in name map.)
(Residue 205: ARG, Nonterminal, was not found in name map.)
(Residue 206: ASN, Nonterminal, was not found in name map.)
(Residue 207: SER, Nonterminal, was not found in name map.)
(Residue 208: CYS, Nonterminal, was not found in name map.)
(Residue 209: LYS, Nonterminal, was not found in name map.)
(Residue 210: LEU, Nonterminal, was not found in name map.)
(Residue 211: SER, Nonterminal, was not found in name map.)
(Residue 212: SER, Nonterminal, was not found in name map.)
(Residue 213: SER, Nonterminal, was not found in name map.)
(Residue 214: PHE, Nonterminal, was not found in name map.)
(Residue 215: ILE, Nonterminal, was not found in name map.)
(Residue 216: ILE, Nonterminal, was not found in name map.)
(Residue 217: THR, Nonterminal, was not found in name map.)
(Residue 218: GLN, Nonterminal, was not found in name map.)
(Residue 219: ASN, Nonterminal, was not found in name map.)
(Residue 220: MET, Nonterminal, was not found in name map.)
(Residue 221: PHE, Nonterminal, was not found in name map.)
(Residue 222: CYS, Nonterminal, was not found in name map.)
(Residue 223: ALA, Nonterminal, was not found in name map.)
(Residue 224: GLY, Nonterminal, was not found in name map.)
(Residue 225: TYR, Nonterminal, was not found in name map.)
(Residue 226: ASP, Nonterminal, was not found in name map.)
(Residue 227: THR, Nonterminal, was not found in name map.)
(Residue 228: LYS, Nonterminal, was not found in name map.)
(Residue 229: GLN, Nonterminal, was not found in name map.)
(Residue 230: GLU, Nonterminal, was not found in name map.)
(Residue 231: ASP, Nonterminal, was not found in name map.)
(Residue 232: ALA, Nonterminal, was not found in name map.)
(Residue 233: CYS, Nonterminal, was not found in name map.)
(Residue 234: GLN, Nonterminal, was not found in name map.)
(Residue 235: GLY, Nonterminal, was not found in name map.)
(Residue 236: ASP, Nonterminal, was not found in name map.)
(Residue 237: SER, Nonterminal, was not found in name map.)
(Residue 238: GLY, Nonterminal, was not found in name map.)
(Residue 239: GLY, Nonterminal, was not found in name map.)
(Residue 240: PRO, Nonterminal, was not found in name map.)
(Residue 241: HIS, Nonterminal, was not found in name map.)
(Residue 242: VAL, Nonterminal, was not found in name map.)
(Residue 243: THR, Nonterminal, was not found in name map.)
(Residue 244: ARG, Nonterminal, was not found in name map.)
(Residue 245: PHE, Nonterminal, was not found in name map.)
(Residue 246: LYS, Nonterminal, was not found in name map.)
(Residue 247: ASP, Nonterminal, was not found in name map.)
(Residue 248: THR, Nonterminal, was not found in name map.)
(Residue 249: TYR, Nonterminal, was not found in name map.)
(Residue 250: PHE, Nonterminal, was not found in name map.)
(Residue 251: VAL, Nonterminal, was not found in name map.)
(Residue 252: THR, Nonterminal, was not found in name map.)
(Residue 253: GLY, Nonterminal, was not found in name map.)
(Residue 254: ILE, Nonterminal, was not found in name map.)
(Residue 255: VAL, Nonterminal, was not found in name map.)
(Residue 256: SER, Nonterminal, was not found in name map.)
(Residue 257: TRP, Nonterminal, was not found in name map.)
(Residue 258: GLY, Nonterminal, was not found in name map.)
(Residue 259: GLU, Nonterminal, was not found in name map.)
(Residue 260: GLY, Nonterminal, was not found in name map.)
(Residue 261: CYS, Nonterminal, was not found in name map.)
(Residue 262: ALA, Nonterminal, was not found in name map.)
(Residue 263: ARG, Nonterminal, was not found in name map.)
(Residue 264: LYS, Nonterminal, was not found in name map.)
(Residue 265: GLY, Nonterminal, was not found in name map.)
(Residue 266: LYS, Nonterminal, was not found in name map.)
(Residue 267: TYR, Nonterminal, was not found in name map.)
(Residue 268: GLY, Nonterminal, was not found in name map.)
(Residue 269: ILE, Nonterminal, was not found in name map.)
(Residue 270: TYR, Nonterminal, was not found in name map.)
(Residue 271: THR, Nonterminal, was not found in name map.)
(Residue 272: LYS, Nonterminal, was not found in name map.)
(Residue 273: VAL, Nonterminal, was not found in name map.)
(Residue 274: THR, Nonterminal, was not found in name map.)
(Residue 275: ALA, Nonterminal, was not found in name map.)
(Residue 276: PHE, Nonterminal, was not found in name map.)
(Residue 277: LEU, Nonterminal, was not found in name map.)
(Residue 278: LYS, Nonterminal, was not found in name map.)
(Residue 279: TRP, Nonterminal, was not found in name map.)
(Residue 280: ILE, Nonterminal, was not found in name map.)
(Residue 281: ASP, Nonterminal, was not found in name map.)
(Residue 282: ARG, Nonterminal, was not found in name map.)
(Residue 283: SER, Nonterminal, was not found in name map.)
(Residue 284: MET, Nonterminal, was not found in name map.)
(Residue 285: LYS, Nonterminal, was not found in name map.)
Mapped residue THR, term: Terminal/last, seq. number: 286 to: CTHR.
Joining NARG - LYS
Joining LYS - LEU
Joining LEU - CYS
Joining CYS - SER
Joining SER - LEU
Joining LEU - ASP
Joining ASP - ASN
Joining ASN - GLY
Joining GLY - ASP
Joining ASP - CYS
Joining CYS - ASP
Joining ASP - GLN
Joining GLN - PHE
Joining PHE - CYS
Joining CYS - HIE
Joining HIE - GLU
Joining GLU - GLU
Joining GLU - GLN
Joining GLN - ASN
Joining ASN - SER
Joining SER - VAL
Joining VAL - VAL
Joining VAL - CYS
Joining CYS - SER
Joining SER - CYS
Joining CYS - ALA
Joining ALA - ARG
Joining ARG - GLY
Joining GLY - TYR
Joining TYR - THR
Joining THR - LEU
Joining LEU - ALA
Joining ALA - ASP
Joining ASP - ASN
Joining ASN - GLY
Joining GLY - LYS
Joining LYS - ALA
Joining ALA - CYS
Joining CYS - ILE
Joining ILE - PRO
Joining PRO - THR
Joining THR - GLY
Joining GLY - PRO
Joining PRO - TYR
Joining TYR - PRO
Joining PRO - CYS
Joining CYS - GLY
Joining GLY - LYS
Joining LYS - GLN
Joining GLN - THR
Joining THR - LEU
Joining LEU - CGLU
  Added missing heavy atom: .R<CGLU 53>.A<OXT 16>
Joining NILE - VAL
Joining VAL - GLY
Joining GLY - GLY
Joining GLY - GLN
Joining GLN - GLU
Joining GLU - CYS
Joining CYS - LYS
Joining LYS - ASP
Joining ASP - GLY
Joining GLY - GLU
Joining GLU - CYS
Joining CYS - PRO
Joining PRO - TRP
Joining TRP - GLN
Joining GLN - ALA
Joining ALA - LEU
Joining LEU - LEU
Joining LEU - ILE
Joining ILE - ASN
Joining ASN - GLU
Joining GLU - GLU
Joining GLU - ASN
Joining ASN - GLU
Joining GLU - GLY
Joining GLY - PHE
Joining PHE - CYS
Joining CYS - GLY
Joining GLY - GLY
Joining GLY - THR
Joining THR - ILE
Joining ILE - LEU
Joining LEU - SER
Joining SER - GLU
Joining GLU - PHE
Joining PHE - TYR
Joining TYR - ILE
Joining ILE - LEU
Joining LEU - THR
Joining THR - ALA
Joining ALA - ALA
Joining ALA - HIE
Joining HIE - CYS
Joining CYS - LEU
Joining LEU - TYR
Joining TYR - GLN
Joining GLN - ALA
Joining ALA - LYS
Joining LYS - ARG
Joining ARG - PHE
Joining PHE - LYS
Joining LYS - VAL
Joining VAL - ARG
Joining ARG - VAL
Joining VAL - GLY
Joining GLY - ASP
Joining ASP - ARG
Joining ARG - ASN
Joining ASN - THR
Joining THR - GLU
Joining GLU - GLN
Joining GLN - GLU
Joining GLU - GLU
Joining GLU - GLY
Joining GLY - GLY
Joining GLY - GLU
Joining GLU - ALA
Joining ALA - VAL
Joining VAL - HIE
Joining HIE - GLU
Joining GLU - VAL
Joining VAL - GLU
Joining GLU - VAL
Joining VAL - VAL
Joining VAL - ILE
Joining ILE - LYS
Joining LYS - HIE
Joining HIE - ASN
Joining ASN - ARG
Joining ARG - PHE
Joining PHE - THR
Joining THR - LYS
Joining LYS - GLU
Joining GLU - THR
Joining THR - TYR
Joining TYR - ASP
Joining ASP - PHE
Joining PHE - ASP
Joining ASP - ILE
Joining ILE - ALA
Joining ALA - VAL
Joining VAL - LEU
Joining LEU - ARG
Joining ARG - LEU
Joining LEU - LYS
Joining LYS - THR
Joining THR - PRO
Joining PRO - ILE
Joining ILE - THR
Joining THR - PHE
Joining PHE - ARG
Joining ARG - MET
Joining MET - ASN
Joining ASN - VAL
Joining VAL - ALA
Joining ALA - PRO
Joining PRO - ALA
Joining ALA - CYS
Joining CYS - LEU
Joining LEU - PRO
Joining PRO - GLU
Joining GLU - ARG
Joining ARG - ASP
Joining ASP - TRP
Joining TRP - ALA
Joining ALA - GLU
Joining GLU - SER
Joining SER - THR
Joining THR - LEU
Joining LEU - MET
Joining MET - THR
Joining THR - GLN
Joining GLN - LYS
Joining LYS - THR
Joining THR - GLY
Joining GLY - ILE
Joining ILE - VAL
Joining VAL - SER
Joining SER - GLY
Joining GLY - PHE
Joining PHE - GLY
Joining GLY - ARG
Joining ARG - THR
Joining THR - HIE
Joining HIE - GLU
Joining GLU - LYS
Joining LYS - GLY
Joining GLY - ARG
Joining ARG - GLN
Joining GLN - SER
Joining SER - THR
Joining THR - ARG
Joining ARG - LEU
Joining LEU - LYS
Joining LYS - MET
Joining MET - LEU
Joining LEU - GLU
Joining GLU - VAL
Joining VAL - PRO
Joining PRO - TYR
Joining TYR - VAL
Joining VAL - ASP
Joining ASP - ARG
Joining ARG - ASN
Joining ASN - SER
Joining SER - CYS
Joining CYS - LYS
Joining LYS - LEU
Joining LEU - SER
Joining SER - SER
Joining SER - SER
Joining SER - PHE
Joining PHE - ILE
Joining ILE - ILE
Joining ILE - THR
Joining THR - GLN
Joining GLN - ASN
Joining ASN - MET
Joining MET - PHE
Joining PHE - CYS
Joining CYS - ALA
Joining ALA - GLY
Joining GLY - TYR
Joining TYR - ASP
Joining ASP - THR
Joining THR - LYS
Joining LYS - GLN
Joining GLN - GLU
Joining GLU - ASP
Joining ASP - ALA
Joining ALA - CYS
Joining CYS - GLN
Joining GLN - GLY
Joining GLY - ASP
Joining ASP - SER
Joining SER - GLY
Joining GLY - GLY
Joining GLY - PRO
Joining PRO - HIE
Joining HIE - VAL
Joining VAL - THR
Joining THR - ARG
Joining ARG - PHE
Joining PHE - LYS
Joining LYS - ASP
Joining ASP - THR
Joining THR - TYR
Joining TYR - PHE
Joining PHE - VAL
Joining VAL - THR
Joining THR - GLY
Joining GLY - ILE
Joining ILE - VAL
Joining VAL - SER
Joining SER - TRP
Joining TRP - GLY
Joining GLY - GLU
Joining GLU - GLY
Joining GLY - CYS
Joining CYS - ALA
Joining ALA - ARG
Joining ARG - LYS
Joining LYS - GLY
Joining GLY - LYS
Joining LYS - TYR
Joining TYR - GLY
Joining GLY - ILE
Joining ILE - TYR
Joining TYR - THR
Joining THR - LYS
Joining LYS - VAL
Joining VAL - THR
Joining THR - ALA
Joining ALA - PHE
Joining PHE - LEU
Joining LEU - LYS
Joining LYS - TRP
Joining TRP - ILE
Joining ILE - ASP
Joining ASP - ARG
Joining ARG - SER
Joining SER - MET
Joining MET - LYS
Joining LYS - CTHR
  Added missing heavy atom: .R<CTHR 287>.A<OXT 15>
  total atoms in file: 2247
  Leap added 2194 missing atoms according to residue templates:
       2 Heavy
       2192 H / lone pairs
> savepdb  protein  protein.pdb
Writing pdb file: protein.pdb
 Converting N-terminal residue name to PDB format: NARG -> ARG
 Converting C-terminal residue name to PDB format: CGLU -> GLU
 Converting N-terminal residue name to PDB format: NILE -> ILE
 Converting C-terminal residue name to PDB format: CTHR -> THR
> ##saveamberparm dipepide diVAL.prmtop diVAL.inpcrd
> 
> quit
	Quit
