log started: Fri Nov 23 17:30:09 2018

Log file: ./leap.log
>> #
>> # ----- leaprc for loading the ff99SB (Hornak & Simmerling) force field
>> # -----  this file is updated for PDB format 3
>> #
>> #	load atom type hybridizations
>> #
>> addAtomTypes {
>> 	{ "H"   "H" "sp3" }
>> 	{ "HO"  "H" "sp3" }
>> 	{ "HS"  "H" "sp3" }
>> 	{ "H1"  "H" "sp3" }
>> 	{ "H2"  "H" "sp3" }
>> 	{ "H3"  "H" "sp3" }
>> 	{ "H4"  "H" "sp3" }
>> 	{ "H5"  "H" "sp3" }
>> 	{ "HW"  "H" "sp3" }
>> 	{ "HC"  "H" "sp3" }
>> 	{ "HA"  "H" "sp3" }
>> 	{ "HP"  "H" "sp3" }
>> 	{ "OH"  "O" "sp3" }
>> 	{ "OS"  "O" "sp3" }
>> 	{ "O"   "O" "sp2" }
>> 	{ "O2"  "O" "sp2" }
>> 	{ "OW"  "O" "sp3" }
>> 	{ "CT"  "C" "sp3" }
>> 	{ "CH"  "C" "sp3" }
>> 	{ "C2"  "C" "sp3" }
>> 	{ "C3"  "C" "sp3" }
>> 	{ "C"   "C" "sp2" }
>> 	{ "C*"  "C" "sp2" }
>> 	{ "CA"  "C" "sp2" }
>> 	{ "CB"  "C" "sp2" }
>> 	{ "CC"  "C" "sp2" }
>> 	{ "CN"  "C" "sp2" }
>> 	{ "CM"  "C" "sp2" }
>> 	{ "CK"  "C" "sp2" }
>> 	{ "CQ"  "C" "sp2" }
>> 	{ "CD"  "C" "sp2" }
>> 	{ "CE"  "C" "sp2" }
>> 	{ "CF"  "C" "sp2" }
>> 	{ "CP"  "C" "sp2" }
>> 	{ "CI"  "C" "sp2" }
>> 	{ "CJ"  "C" "sp2" }
>> 	{ "CW"  "C" "sp2" }
>> 	{ "CV"  "C" "sp2" }
>> 	{ "CR"  "C" "sp2" }
>> 	{ "CA"  "C" "sp2" }
>> 	{ "CY"  "C" "sp2" }
>> 	{ "C0"  "Ca" "sp2" }
>> 	{ "MG"  "Mg" "sp3" }
>> 	{ "N"   "N" "sp2" }
>> 	{ "NA"  "N" "sp2" }
>> 	{ "N2"  "N" "sp2" }
>> 	{ "N*"  "N" "sp2" }
>> 	{ "NP"  "N" "sp2" }
>> 	{ "NQ"  "N" "sp2" }
>> 	{ "NB"  "N" "sp2" }
>> 	{ "NC"  "N" "sp2" }
>> 	{ "NT"  "N" "sp3" }
>> 	{ "N3"  "N" "sp3" }
>> 	{ "S"   "S" "sp3" }
>> 	{ "SH"  "S" "sp3" }
>> 	{ "P"   "P" "sp3" }
>> 	{ "LP"  ""  "sp3" }
>> 	{ "F"   "F" "sp3" }
>> 	{ "CL"  "Cl" "sp3" }
>> 	{ "BR"  "Br" "sp3" }
>> 	{ "I"   "I"  "sp3" }
>> 	{ "FE"  "Fe" "sp3" }
>> 	{ "EP"  ""  "sp3" }
>> # glycam
>> 	{ "OG"  "O" "sp3" }
>> 	{ "OL"  "O" "sp3" }
>> 	{ "AC"  "C" "sp3" }
>> 	{ "EC"  "C" "sp3" }
>> }
>> #
>> #	Load the main parameter set.
>> #
>> parm99 = loadamberparams parm99.dat
Loading parameters: /share/home/zhanghaiping/program/amber16/dat/leap/parm/parm99.dat
Reading title:
PARM99 for DNA,RNA,AA, organic molecules, TIP3P wat. Polariz.& LP incl.02/04/99
(UNKNOWN ATOM TYPE: HZ)
(UNKNOWN ATOM TYPE: IM)
(UNKNOWN ATOM TYPE: Li)
(UNKNOWN ATOM TYPE: IP)
(UNKNOWN ATOM TYPE: K)
(UNKNOWN ATOM TYPE: Rb)
(UNKNOWN ATOM TYPE: Cs)
(UNKNOWN ATOM TYPE: Zn)
(UNKNOWN ATOM TYPE: IB)
(UNKNOWN ATOM TYPE: LP)
>> frcmod99SB = loadamberparams frcmod.ff99SB
Loading parameters: /share/home/zhanghaiping/program/amber16/dat/leap/parm/frcmod.ff99SB
Reading force field modification type file (frcmod)
Reading title:
Modification/update of parm99.dat (Hornak & Simmerling)
>> #
>> #	Load DNA/RNA libraries
>> #
>> loadOff all_nucleic94.lib
Loading library: /share/home/zhanghaiping/program/amber16/dat/leap/lib/all_nucleic94.lib
Loading: DA
Loading: DA3
Loading: DA5
Loading: DAN
Loading: DC
Loading: DC3
Loading: DC5
Loading: DCN
Loading: DG
Loading: DG3
Loading: DG5
Loading: DGN
Loading: DT
Loading: DT3
Loading: DT5
Loading: DTN
Loading: RA
Loading: RA3
Loading: RA5
Loading: RAN
Loading: RC
Loading: RC3
Loading: RC5
Loading: RCN
Loading: RG
Loading: RG3
Loading: RG5
Loading: RGN
Loading: RU
Loading: RU3
Loading: RU5
Loading: RUN
>> #
>> #	Load main chain and terminating 
>> #	amino acid libraries (i.e. ff94 libs)
>> #
>> loadOff all_amino94.lib
Loading library: /share/home/zhanghaiping/program/amber16/dat/leap/lib/all_amino94.lib
Loading: ALA
Loading: ARG
Loading: ASH
Loading: ASN
Loading: ASP
Loading: CYM
Loading: CYS
Loading: CYX
Loading: GLH
Loading: GLN
Loading: GLU
Loading: GLY
Loading: HID
Loading: HIE
Loading: HIP
Loading: ILE
Loading: LEU
Loading: LYN
Loading: LYS
Loading: MET
Loading: PHE
Loading: PRO
Loading: SER
Loading: THR
Loading: TRP
Loading: TYR
Loading: VAL
>> loadOff all_aminoct94.lib
Loading library: /share/home/zhanghaiping/program/amber16/dat/leap/lib/all_aminoct94.lib
Loading: CALA
Loading: CARG
Loading: CASN
Loading: CASP
Loading: CCYS
Loading: CCYX
Loading: CGLN
Loading: CGLU
Loading: CGLY
Loading: CHID
Loading: CHIE
Loading: CHIP
Loading: CILE
Loading: CLEU
Loading: CLYS
Loading: CMET
Loading: CPHE
Loading: CPRO
Loading: CSER
Loading: CTHR
Loading: CTRP
Loading: CTYR
Loading: CVAL
Loading: NHE
Loading: NME
>> loadOff all_aminont94.lib
Loading library: /share/home/zhanghaiping/program/amber16/dat/leap/lib/all_aminont94.lib
Loading: ACE
Loading: NALA
Loading: NARG
Loading: NASN
Loading: NASP
Loading: NCYS
Loading: NCYX
Loading: NGLN
Loading: NGLU
Loading: NGLY
Loading: NHID
Loading: NHIE
Loading: NHIP
Loading: NILE
Loading: NLEU
Loading: NLYS
Loading: NMET
Loading: NPHE
Loading: NPRO
Loading: NSER
Loading: NTHR
Loading: NTRP
Loading: NTYR
Loading: NVAL
>> #
>> #       Load water and ions
>> # 
>> loadOff ions94.lib
Loading library: /share/home/zhanghaiping/program/amber16/dat/leap/lib/ions94.lib
Loading: CIO
Loading: Cl-
Loading: Cs+
Loading: IB
Loading: K+
Loading: Li+
Loading: MG2
Loading: Na+
Loading: Rb+
>> loadOff solvents.lib
Loading library: /share/home/zhanghaiping/program/amber16/dat/leap/lib/solvents.lib
Loading: CHCL3BOX
Loading: DC4
Loading: FB3
Loading: FB3BOX
Loading: FB4
Loading: FB4BOX
Loading: MEOHBOX
Loading: NMABOX
Loading: OPC
Loading: OPCBOX
Loading: PL3
Loading: POL3BOX
Loading: QSPCFWBOX
Loading: SPC
Loading: SPCBOX
Loading: SPCFWBOX
Loading: SPF
Loading: SPG
Loading: T4E
Loading: TIP3PBOX
Loading: TIP3PFBOX
Loading: TIP4PBOX
Loading: TIP4PEWBOX
Loading: TIP5PBOX
Loading: TP3
Loading: TP4
Loading: TP5
Loading: TPF
>> HOH = TP3
>> WAT = TP3
>> 
>> #
>> #	Define the PDB name map for the amino acids and DNA.
>> #
>> addPdbResMap {
>>   { 0 "ALA" "NALA" } { 1 "ALA" "CALA" }
>>   { 0 "ARG" "NARG" } { 1 "ARG" "CARG" }
>>   { 0 "ASN" "NASN" } { 1 "ASN" "CASN" }
>>   { 0 "ASP" "NASP" } { 1 "ASP" "CASP" }
>>   { 0 "CYS" "NCYS" } { 1 "CYS" "CCYS" }
>>   { 0 "CYX" "NCYX" } { 1 "CYX" "CCYX" }
>>   { 0 "GLN" "NGLN" } { 1 "GLN" "CGLN" }
>>   { 0 "GLU" "NGLU" } { 1 "GLU" "CGLU" }
>>   { 0 "GLY" "NGLY" } { 1 "GLY" "CGLY" }
>>   { 0 "HID" "NHID" } { 1 "HID" "CHID" }
>>   { 0 "HIE" "NHIE" } { 1 "HIE" "CHIE" }
>>   { 0 "HIP" "NHIP" } { 1 "HIP" "CHIP" }
>>   { 0 "ILE" "NILE" } { 1 "ILE" "CILE" }
>>   { 0 "LEU" "NLEU" } { 1 "LEU" "CLEU" }
>>   { 0 "LYS" "NLYS" } { 1 "LYS" "CLYS" }
>>   { 0 "MET" "NMET" } { 1 "MET" "CMET" }
>>   { 0 "PHE" "NPHE" } { 1 "PHE" "CPHE" }
>>   { 0 "PRO" "NPRO" } { 1 "PRO" "CPRO" }
>>   { 0 "SER" "NSER" } { 1 "SER" "CSER" }
>>   { 0 "THR" "NTHR" } { 1 "THR" "CTHR" }
>>   { 0 "TRP" "NTRP" } { 1 "TRP" "CTRP" }
>>   { 0 "TYR" "NTYR" } { 1 "TYR" "CTYR" }
>>   { 0 "VAL" "NVAL" } { 1 "VAL" "CVAL" }
>>   { 0 "HIS" "NHIS" } { 1 "HIS" "CHIS" }
>>   { 0 "GUA" "DG5"  } { 1 "GUA" "DG3"  } { "GUA" "DG" }
>>   { 0 "ADE" "DA5"  } { 1 "ADE" "DA3"  } { "ADE" "DA" }
>>   { 0 "CYT" "DC5"  } { 1 "CYT" "DC3"  } { "CYT" "DC" }
>>   { 0 "THY" "DT5"  } { 1 "THY" "DT3"  } { "THY" "DT" }
>>   { 0 "G" "RG5"  } { 1 "G" "RG3"  } { "G" "RG" } { "GN" "RGN" }
>>   { 0 "A" "RA5"  } { 1 "A" "RA3"  } { "A" "RA" } { "AN" "RAN" }
>>   { 0 "C" "RC5"  } { 1 "C" "RC3"  } { "C" "RC" } { "CN" "RCN" }
>>   { 0 "U" "RU5"  } { 1 "U" "RU3"  } { "U" "RU" } { "UN" "RUN" }
>>   { 0 "DG" "DG5"  } { 1 "DG" "DG3"  }  
>>   { 0 "DA" "DA5"  } { 1 "DA" "DA3"  }  
>>   { 0 "DC" "DC5"  } { 1 "DC" "DC3"  }  
>>   { 0 "DT" "DT5"  } { 1 "DT" "DT3"  }
>> 
>> }
>> 
>> addPdbAtomMap {
>>   { "O5*" "O5'" }
>>   { "C5*" "C5'" }
>>   { "C4*" "C4'" }
>>   { "O4*" "O4'" }
>>   { "C3*" "C3'" }
>>   { "O3*" "O3'" }
>>   { "C2*" "C2'" }
>>   { "C1*" "C1'" }
>>   { "C5M" "C7"  }
>>   { "O2*" "O2'" }
>>   { "H1*" "H1'" }
>>   { "H2*1" "H2'1" }
>>   { "H2*2" "H2'2" }
>>   { "H2'"  "H2'1" }
>>   { "H2''" "H2'2" }
>>   { "H3*" "H3'" }
>>   { "H4*" "H4'" }
>>   { "H5*1" "H5'1" }
>>   { "H5*2" "H5'2" }
>>   { "H5'"  "H5'1" }
>>   { "H5''" "H5'2" }
>>   { "HO2'" "HO'2" }
>>   { "HO5'" "H5T" }
>>   { "HO3'" "H3T" }
>>   { "O1'" "O4'" }
>>   { "OA"  "O1P" }
>>   { "OB"  "O2P" }
>>   { "OP1" "O1P" }
>>   { "OP2" "O2P" }
>> }
>> 
>> 
>> #
>> # assumed that most often proteins use HIE
>> #
>> NHIS = NHIE
>> HIS = HIE
>> CHIS = CHIE
> 
> #source /home/zhp/tleap/leaprc.GLYCAM_06j-1
> set default PBRadii mbondi3
Using ArgH and AspGluO modified Bondi2 radii
> #3dipepide=sequence{ACE VAL NME}
> 
> 
> protein = loadpdb  1ke5_ww.pdb
Loading PDB file: ./1ke5_ww.pdb
Enter zPdbReadScan from call depth  0.
Exit  zPdbReadScan from call depth  0.
Matching PDB residue names to LEaP variables.
Mapped residue MET, term: Terminal/beginning, seq. number: 0 to: NMET.
(Residue 1: GLU, Nonterminal, was not found in name map.)
(Residue 2: ASN, Nonterminal, was not found in name map.)
(Residue 3: PHE, Nonterminal, was not found in name map.)
(Residue 4: GLN, Nonterminal, was not found in name map.)
(Residue 5: LYS, Nonterminal, was not found in name map.)
(Residue 6: VAL, Nonterminal, was not found in name map.)
(Residue 7: GLU, Nonterminal, was not found in name map.)
(Residue 8: LYS, Nonterminal, was not found in name map.)
(Residue 9: ILE, Nonterminal, was not found in name map.)
(Residue 10: GLY, Nonterminal, was not found in name map.)
(Residue 11: GLU, Nonterminal, was not found in name map.)
(Residue 12: GLY, Nonterminal, was not found in name map.)
(Residue 13: THR, Nonterminal, was not found in name map.)
(Residue 14: TYR, Nonterminal, was not found in name map.)
(Residue 15: GLY, Nonterminal, was not found in name map.)
(Residue 16: VAL, Nonterminal, was not found in name map.)
(Residue 17: VAL, Nonterminal, was not found in name map.)
(Residue 18: TYR, Nonterminal, was not found in name map.)
(Residue 19: LYS, Nonterminal, was not found in name map.)
(Residue 20: ALA, Nonterminal, was not found in name map.)
(Residue 21: ARG, Nonterminal, was not found in name map.)
(Residue 22: ASN, Nonterminal, was not found in name map.)
(Residue 23: LYS, Nonterminal, was not found in name map.)
(Residue 24: LEU, Nonterminal, was not found in name map.)
(Residue 25: THR, Nonterminal, was not found in name map.)
(Residue 26: GLY, Nonterminal, was not found in name map.)
(Residue 27: GLU, Nonterminal, was not found in name map.)
(Residue 28: VAL, Nonterminal, was not found in name map.)
(Residue 29: VAL, Nonterminal, was not found in name map.)
(Residue 30: ALA, Nonterminal, was not found in name map.)
(Residue 31: LEU, Nonterminal, was not found in name map.)
(Residue 32: LYS, Nonterminal, was not found in name map.)
(Residue 33: LYS, Nonterminal, was not found in name map.)
(Residue 34: ILE, Nonterminal, was not found in name map.)
(Residue 35: ARG, Nonterminal, was not found in name map.)
(Residue 36: VAL, Nonterminal, was not found in name map.)
(Residue 37: PRO, Nonterminal, was not found in name map.)
(Residue 38: SER, Nonterminal, was not found in name map.)
(Residue 39: THR, Nonterminal, was not found in name map.)
(Residue 40: ALA, Nonterminal, was not found in name map.)
(Residue 41: ILE, Nonterminal, was not found in name map.)
(Residue 42: ARG, Nonterminal, was not found in name map.)
(Residue 43: GLU, Nonterminal, was not found in name map.)
(Residue 44: ILE, Nonterminal, was not found in name map.)
(Residue 45: SER, Nonterminal, was not found in name map.)
(Residue 46: LEU, Nonterminal, was not found in name map.)
(Residue 47: LEU, Nonterminal, was not found in name map.)
(Residue 48: LYS, Nonterminal, was not found in name map.)
(Residue 49: GLU, Nonterminal, was not found in name map.)
(Residue 50: LEU, Nonterminal, was not found in name map.)
(Residue 51: ASN, Nonterminal, was not found in name map.)
(Residue 52: HIS, Nonterminal, was not found in name map.)
(Residue 53: PRO, Nonterminal, was not found in name map.)
(Residue 54: ASN, Nonterminal, was not found in name map.)
(Residue 55: ILE, Nonterminal, was not found in name map.)
(Residue 56: VAL, Nonterminal, was not found in name map.)
(Residue 57: LYS, Nonterminal, was not found in name map.)
(Residue 58: LEU, Nonterminal, was not found in name map.)
(Residue 59: LEU, Nonterminal, was not found in name map.)
(Residue 60: ASP, Nonterminal, was not found in name map.)
(Residue 61: VAL, Nonterminal, was not found in name map.)
(Residue 62: ILE, Nonterminal, was not found in name map.)
(Residue 63: HIS, Nonterminal, was not found in name map.)
(Residue 64: THR, Nonterminal, was not found in name map.)
(Residue 65: GLU, Nonterminal, was not found in name map.)
(Residue 66: ASN, Nonterminal, was not found in name map.)
(Residue 67: LYS, Nonterminal, was not found in name map.)
(Residue 68: LEU, Nonterminal, was not found in name map.)
(Residue 69: TYR, Nonterminal, was not found in name map.)
(Residue 70: LEU, Nonterminal, was not found in name map.)
(Residue 71: VAL, Nonterminal, was not found in name map.)
(Residue 72: PHE, Nonterminal, was not found in name map.)
(Residue 73: GLU, Nonterminal, was not found in name map.)
(Residue 74: PHE, Nonterminal, was not found in name map.)
(Residue 75: LEU, Nonterminal, was not found in name map.)
(Residue 76: HIS, Nonterminal, was not found in name map.)
(Residue 77: GLN, Nonterminal, was not found in name map.)
(Residue 78: ASP, Nonterminal, was not found in name map.)
(Residue 79: LEU, Nonterminal, was not found in name map.)
(Residue 80: LYS, Nonterminal, was not found in name map.)
(Residue 81: LYS, Nonterminal, was not found in name map.)
(Residue 82: PHE, Nonterminal, was not found in name map.)
(Residue 83: MET, Nonterminal, was not found in name map.)
(Residue 84: ASP, Nonterminal, was not found in name map.)
(Residue 85: ALA, Nonterminal, was not found in name map.)
(Residue 86: SER, Nonterminal, was not found in name map.)
(Residue 87: ALA, Nonterminal, was not found in name map.)
(Residue 88: LEU, Nonterminal, was not found in name map.)
(Residue 89: THR, Nonterminal, was not found in name map.)
(Residue 90: GLY, Nonterminal, was not found in name map.)
(Residue 91: ILE, Nonterminal, was not found in name map.)
(Residue 92: PRO, Nonterminal, was not found in name map.)
(Residue 93: LEU, Nonterminal, was not found in name map.)
(Residue 94: PRO, Nonterminal, was not found in name map.)
(Residue 95: LEU, Nonterminal, was not found in name map.)
(Residue 96: ILE, Nonterminal, was not found in name map.)
(Residue 97: LYS, Nonterminal, was not found in name map.)
(Residue 98: SER, Nonterminal, was not found in name map.)
(Residue 99: TYR, Nonterminal, was not found in name map.)
(Residue 100: LEU, Nonterminal, was not found in name map.)
(Residue 101: PHE, Nonterminal, was not found in name map.)
(Residue 102: GLN, Nonterminal, was not found in name map.)
(Residue 103: LEU, Nonterminal, was not found in name map.)
(Residue 104: LEU, Nonterminal, was not found in name map.)
(Residue 105: GLN, Nonterminal, was not found in name map.)
(Residue 106: GLY, Nonterminal, was not found in name map.)
(Residue 107: LEU, Nonterminal, was not found in name map.)
(Residue 108: ALA, Nonterminal, was not found in name map.)
(Residue 109: PHE, Nonterminal, was not found in name map.)
(Residue 110: CYS, Nonterminal, was not found in name map.)
(Residue 111: HIS, Nonterminal, was not found in name map.)
(Residue 112: SER, Nonterminal, was not found in name map.)
(Residue 113: HIS, Nonterminal, was not found in name map.)
(Residue 114: ARG, Nonterminal, was not found in name map.)
(Residue 115: VAL, Nonterminal, was not found in name map.)
(Residue 116: LEU, Nonterminal, was not found in name map.)
(Residue 117: HIS, Nonterminal, was not found in name map.)
(Residue 118: ARG, Nonterminal, was not found in name map.)
(Residue 119: ASP, Nonterminal, was not found in name map.)
(Residue 120: LEU, Nonterminal, was not found in name map.)
(Residue 121: LYS, Nonterminal, was not found in name map.)
(Residue 122: PRO, Nonterminal, was not found in name map.)
(Residue 123: GLN, Nonterminal, was not found in name map.)
(Residue 124: ASN, Nonterminal, was not found in name map.)
(Residue 125: LEU, Nonterminal, was not found in name map.)
(Residue 126: LEU, Nonterminal, was not found in name map.)
(Residue 127: ILE, Nonterminal, was not found in name map.)
(Residue 128: ASN, Nonterminal, was not found in name map.)
(Residue 129: THR, Nonterminal, was not found in name map.)
(Residue 130: GLU, Nonterminal, was not found in name map.)
(Residue 131: GLY, Nonterminal, was not found in name map.)
(Residue 132: ALA, Nonterminal, was not found in name map.)
(Residue 133: ILE, Nonterminal, was not found in name map.)
(Residue 134: LYS, Nonterminal, was not found in name map.)
(Residue 135: LEU, Nonterminal, was not found in name map.)
(Residue 136: ALA, Nonterminal, was not found in name map.)
(Residue 137: ASP, Nonterminal, was not found in name map.)
(Residue 138: PHE, Nonterminal, was not found in name map.)
(Residue 139: GLY, Nonterminal, was not found in name map.)
(Residue 140: LEU, Nonterminal, was not found in name map.)
(Residue 141: ALA, Nonterminal, was not found in name map.)
(Residue 142: ARG, Nonterminal, was not found in name map.)
(Residue 143: ALA, Nonterminal, was not found in name map.)
(Residue 144: PHE, Nonterminal, was not found in name map.)
(Residue 145: VAL, Nonterminal, was not found in name map.)
(Residue 146: VAL, Nonterminal, was not found in name map.)
(Residue 147: THR, Nonterminal, was not found in name map.)
(Residue 148: LEU, Nonterminal, was not found in name map.)
(Residue 149: TRP, Nonterminal, was not found in name map.)
(Residue 150: TYR, Nonterminal, was not found in name map.)
(Residue 151: ARG, Nonterminal, was not found in name map.)
(Residue 152: ALA, Nonterminal, was not found in name map.)
(Residue 153: PRO, Nonterminal, was not found in name map.)
(Residue 154: GLU, Nonterminal, was not found in name map.)
(Residue 155: ILE, Nonterminal, was not found in name map.)
(Residue 156: LEU, Nonterminal, was not found in name map.)
(Residue 157: LEU, Nonterminal, was not found in name map.)
(Residue 158: GLY, Nonterminal, was not found in name map.)
(Residue 159: CYS, Nonterminal, was not found in name map.)
(Residue 160: LYS, Nonterminal, was not found in name map.)
(Residue 161: TYR, Nonterminal, was not found in name map.)
(Residue 162: TYR, Nonterminal, was not found in name map.)
(Residue 163: SER, Nonterminal, was not found in name map.)
(Residue 164: THR, Nonterminal, was not found in name map.)
(Residue 165: ALA, Nonterminal, was not found in name map.)
(Residue 166: VAL, Nonterminal, was not found in name map.)
(Residue 167: ASP, Nonterminal, was not found in name map.)
(Residue 168: ILE, Nonterminal, was not found in name map.)
(Residue 169: TRP, Nonterminal, was not found in name map.)
(Residue 170: SER, Nonterminal, was not found in name map.)
(Residue 171: LEU, Nonterminal, was not found in name map.)
(Residue 172: GLY, Nonterminal, was not found in name map.)
(Residue 173: CYS, Nonterminal, was not found in name map.)
(Residue 174: ILE, Nonterminal, was not found in name map.)
(Residue 175: PHE, Nonterminal, was not found in name map.)
(Residue 176: ALA, Nonterminal, was not found in name map.)
(Residue 177: GLU, Nonterminal, was not found in name map.)
(Residue 178: MET, Nonterminal, was not found in name map.)
(Residue 179: VAL, Nonterminal, was not found in name map.)
(Residue 180: THR, Nonterminal, was not found in name map.)
(Residue 181: ARG, Nonterminal, was not found in name map.)
(Residue 182: ARG, Nonterminal, was not found in name map.)
(Residue 183: ALA, Nonterminal, was not found in name map.)
(Residue 184: LEU, Nonterminal, was not found in name map.)
(Residue 185: PHE, Nonterminal, was not found in name map.)
(Residue 186: PRO, Nonterminal, was not found in name map.)
(Residue 187: GLY, Nonterminal, was not found in name map.)
(Residue 188: ASP, Nonterminal, was not found in name map.)
(Residue 189: SER, Nonterminal, was not found in name map.)
(Residue 190: GLU, Nonterminal, was not found in name map.)
(Residue 191: ILE, Nonterminal, was not found in name map.)
(Residue 192: ASP, Nonterminal, was not found in name map.)
(Residue 193: GLN, Nonterminal, was not found in name map.)
(Residue 194: LEU, Nonterminal, was not found in name map.)
(Residue 195: PHE, Nonterminal, was not found in name map.)
(Residue 196: ARG, Nonterminal, was not found in name map.)
(Residue 197: ILE, Nonterminal, was not found in name map.)
(Residue 198: PHE, Nonterminal, was not found in name map.)
(Residue 199: ARG, Nonterminal, was not found in name map.)
(Residue 200: THR, Nonterminal, was not found in name map.)
(Residue 201: LEU, Nonterminal, was not found in name map.)
(Residue 202: GLY, Nonterminal, was not found in name map.)
(Residue 203: THR, Nonterminal, was not found in name map.)
(Residue 204: PRO, Nonterminal, was not found in name map.)
(Residue 205: ASP, Nonterminal, was not found in name map.)
(Residue 206: GLU, Nonterminal, was not found in name map.)
(Residue 207: VAL, Nonterminal, was not found in name map.)
(Residue 208: VAL, Nonterminal, was not found in name map.)
(Residue 209: TRP, Nonterminal, was not found in name map.)
(Residue 210: PRO, Nonterminal, was not found in name map.)
(Residue 211: GLY, Nonterminal, was not found in name map.)
(Residue 212: VAL, Nonterminal, was not found in name map.)
(Residue 213: THR, Nonterminal, was not found in name map.)
(Residue 214: SER, Nonterminal, was not found in name map.)
(Residue 215: MET, Nonterminal, was not found in name map.)
(Residue 216: PRO, Nonterminal, was not found in name map.)
(Residue 217: ASP, Nonterminal, was not found in name map.)
(Residue 218: TYR, Nonterminal, was not found in name map.)
(Residue 219: LYS, Nonterminal, was not found in name map.)
(Residue 220: PRO, Nonterminal, was not found in name map.)
(Residue 221: SER, Nonterminal, was not found in name map.)
(Residue 222: PHE, Nonterminal, was not found in name map.)
(Residue 223: PRO, Nonterminal, was not found in name map.)
(Residue 224: LYS, Nonterminal, was not found in name map.)
(Residue 225: TRP, Nonterminal, was not found in name map.)
(Residue 226: ALA, Nonterminal, was not found in name map.)
(Residue 227: ARG, Nonterminal, was not found in name map.)
(Residue 228: GLN, Nonterminal, was not found in name map.)
(Residue 229: ASP, Nonterminal, was not found in name map.)
(Residue 230: PHE, Nonterminal, was not found in name map.)
(Residue 231: SER, Nonterminal, was not found in name map.)
(Residue 232: LYS, Nonterminal, was not found in name map.)
(Residue 233: VAL, Nonterminal, was not found in name map.)
(Residue 234: VAL, Nonterminal, was not found in name map.)
(Residue 235: PRO, Nonterminal, was not found in name map.)
(Residue 236: PRO, Nonterminal, was not found in name map.)
(Residue 237: LEU, Nonterminal, was not found in name map.)
(Residue 238: ASP, Nonterminal, was not found in name map.)
(Residue 239: GLU, Nonterminal, was not found in name map.)
(Residue 240: ASP, Nonterminal, was not found in name map.)
(Residue 241: GLY, Nonterminal, was not found in name map.)
(Residue 242: ARG, Nonterminal, was not found in name map.)
(Residue 243: SER, Nonterminal, was not found in name map.)
(Residue 244: LEU, Nonterminal, was not found in name map.)
(Residue 245: LEU, Nonterminal, was not found in name map.)
(Residue 246: SER, Nonterminal, was not found in name map.)
(Residue 247: GLN, Nonterminal, was not found in name map.)
(Residue 248: MET, Nonterminal, was not found in name map.)
(Residue 249: LEU, Nonterminal, was not found in name map.)
(Residue 250: HIS, Nonterminal, was not found in name map.)
(Residue 251: TYR, Nonterminal, was not found in name map.)
(Residue 252: ASP, Nonterminal, was not found in name map.)
(Residue 253: PRO, Nonterminal, was not found in name map.)
(Residue 254: ASN, Nonterminal, was not found in name map.)
(Residue 255: LYS, Nonterminal, was not found in name map.)
(Residue 256: ARG, Nonterminal, was not found in name map.)
(Residue 257: ILE, Nonterminal, was not found in name map.)
(Residue 258: SER, Nonterminal, was not found in name map.)
(Residue 259: ALA, Nonterminal, was not found in name map.)
(Residue 260: LYS, Nonterminal, was not found in name map.)
(Residue 261: ALA, Nonterminal, was not found in name map.)
(Residue 262: ALA, Nonterminal, was not found in name map.)
(Residue 263: LEU, Nonterminal, was not found in name map.)
(Residue 264: ALA, Nonterminal, was not found in name map.)
(Residue 265: HIS, Nonterminal, was not found in name map.)
(Residue 266: PRO, Nonterminal, was not found in name map.)
(Residue 267: PHE, Nonterminal, was not found in name map.)
(Residue 268: PHE, Nonterminal, was not found in name map.)
(Residue 269: GLN, Nonterminal, was not found in name map.)
(Residue 270: ASP, Nonterminal, was not found in name map.)
(Residue 271: VAL, Nonterminal, was not found in name map.)
(Residue 272: THR, Nonterminal, was not found in name map.)
(Residue 273: LYS, Nonterminal, was not found in name map.)
(Residue 274: PRO, Nonterminal, was not found in name map.)
(Residue 275: VAL, Nonterminal, was not found in name map.)
(Residue 276: PRO, Nonterminal, was not found in name map.)
(Residue 277: HIS, Nonterminal, was not found in name map.)
(Residue 278: LEU, Nonterminal, was not found in name map.)
(Residue 279: ARG, Nonterminal, was not found in name map.)
Mapped residue LEU, term: Terminal/last, seq. number: 280 to: CLEU.
Joining NMET - GLU
  Added missing heavy atom: .R<GLU 2>.A<CG 8>
  Added missing heavy atom: .R<GLU 2>.A<CD 11>
  Added missing heavy atom: .R<GLU 2>.A<OE1 12>
  Added missing heavy atom: .R<GLU 2>.A<OE2 13>
Joining GLU - ASN
Joining ASN - PHE
Joining PHE - GLN
Joining GLN - LYS
Joining LYS - VAL
Joining VAL - GLU
Joining GLU - LYS
Joining LYS - ILE
Joining ILE - GLY
Joining GLY - GLU
Joining GLU - GLY
Joining GLY - THR
Joining THR - TYR
Joining TYR - GLY
Joining GLY - VAL
Joining VAL - VAL
Joining VAL - TYR
Joining TYR - LYS
Joining LYS - ALA
Joining ALA - ARG
Joining ARG - ASN
Joining ASN - LYS
Joining LYS - LEU
  Added missing heavy atom: .R<LEU 25>.A<CG 8>
  Added missing heavy atom: .R<LEU 25>.A<CD1 10>
  Added missing heavy atom: .R<LEU 25>.A<CD2 14>
Joining LEU - THR
Joining THR - GLY
Joining GLY - GLU
Joining GLU - VAL
Joining VAL - VAL
Joining VAL - ALA
Joining ALA - LEU
Joining LEU - LYS
Joining LYS - LYS
Joining LYS - ILE
Joining ILE - ARG
  Added missing heavy atom: .R<ARG 36>.A<CG 8>
  Added missing heavy atom: .R<ARG 36>.A<CD 11>
  Added missing heavy atom: .R<ARG 36>.A<NE 14>
  Added missing heavy atom: .R<ARG 36>.A<CZ 16>
  Added missing heavy atom: .R<ARG 36>.A<NH1 17>
  Added missing heavy atom: .R<ARG 36>.A<NH2 20>
Joining ARG - VAL
Joining VAL - PRO
Joining PRO - SER
Joining SER - THR
Joining THR - ALA
Joining ALA - ILE
Joining ILE - ARG
Joining ARG - GLU
Joining GLU - ILE
Joining ILE - SER
Joining SER - LEU
Joining LEU - LEU
Joining LEU - LYS
Joining LYS - GLU
Joining GLU - LEU
Joining LEU - ASN
Joining ASN - HIE
Joining HIE - PRO
Joining PRO - ASN
Joining ASN - ILE
Joining ILE - VAL
Joining VAL - LYS
Joining LYS - LEU
Joining LEU - LEU
Joining LEU - ASP
Joining ASP - VAL
Joining VAL - ILE
Joining ILE - HIE
Joining HIE - THR
Joining THR - GLU
Joining GLU - ASN
Joining ASN - LYS
Joining LYS - LEU
Joining LEU - TYR
Joining TYR - LEU
Joining LEU - VAL
Joining VAL - PHE
Joining PHE - GLU
Joining GLU - PHE
Joining PHE - LEU
Joining LEU - HIE
Joining HIE - GLN
Joining GLN - ASP
Joining ASP - LEU
Joining LEU - LYS
Joining LYS - LYS
Joining LYS - PHE
Joining PHE - MET
Joining MET - ASP
Joining ASP - ALA
Joining ALA - SER
Joining SER - ALA
Joining ALA - LEU
Joining LEU - THR
Joining THR - GLY
Joining GLY - ILE
Joining ILE - PRO
Joining PRO - LEU
Joining LEU - PRO
Joining PRO - LEU
Joining LEU - ILE
Joining ILE - LYS
Joining LYS - SER
Joining SER - TYR
Joining TYR - LEU
Joining LEU - PHE
Joining PHE - GLN
Joining GLN - LEU
Joining LEU - LEU
Joining LEU - GLN
Joining GLN - GLY
Joining GLY - LEU
Joining LEU - ALA
Joining ALA - PHE
Joining PHE - CYS
Joining CYS - HIE
Joining HIE - SER
Joining SER - HIE
Joining HIE - ARG
Joining ARG - VAL
Joining VAL - LEU
Joining LEU - HIE
Joining HIE - ARG
Joining ARG - ASP
Joining ASP - LEU
Joining LEU - LYS
Joining LYS - PRO
Joining PRO - GLN
Joining GLN - ASN
Joining ASN - LEU
Joining LEU - LEU
Joining LEU - ILE
Joining ILE - ASN
Joining ASN - THR
Joining THR - GLU
Joining GLU - GLY
Joining GLY - ALA
Joining ALA - ILE
Joining ILE - LYS
Joining LYS - LEU
Joining LEU - ALA
Joining ALA - ASP
Joining ASP - PHE
Joining PHE - GLY
Joining GLY - LEU
Joining LEU - ALA
Joining ALA - ARG
Joining ARG - ALA
Joining ALA - PHE
  Added missing heavy atom: .R<PHE 145>.A<CG 8>
  Added missing heavy atom: .R<PHE 145>.A<CD1 9>
  Added missing heavy atom: .R<PHE 145>.A<CD2 17>
  Added missing heavy atom: .R<PHE 145>.A<CE1 11>
  Added missing heavy atom: .R<PHE 145>.A<CE2 15>
  Added missing heavy atom: .R<PHE 145>.A<CZ 13>
Joining PHE - VAL
Joining VAL - VAL
Joining VAL - THR
Joining THR - LEU
Joining LEU - TRP
Joining TRP - TYR
Joining TYR - ARG
Joining ARG - ALA
Joining ALA - PRO
Joining PRO - GLU
Joining GLU - ILE
Joining ILE - LEU
Joining LEU - LEU
Joining LEU - GLY
Joining GLY - CYS
Joining CYS - LYS
Joining LYS - TYR
Joining TYR - TYR
Joining TYR - SER
Joining SER - THR
Joining THR - ALA
Joining ALA - VAL
Joining VAL - ASP
Joining ASP - ILE
Joining ILE - TRP
Joining TRP - SER
Joining SER - LEU
Joining LEU - GLY
Joining GLY - CYS
Joining CYS - ILE
Joining ILE - PHE
Joining PHE - ALA
Joining ALA - GLU
Joining GLU - MET
Joining MET - VAL
Joining VAL - THR
Joining THR - ARG
Joining ARG - ARG
Joining ARG - ALA
Joining ALA - LEU
Joining LEU - PHE
Joining PHE - PRO
Joining PRO - GLY
Joining GLY - ASP
Joining ASP - SER
Joining SER - GLU
Joining GLU - ILE
Joining ILE - ASP
Joining ASP - GLN
Joining GLN - LEU
Joining LEU - PHE
Joining PHE - ARG
Joining ARG - ILE
Joining ILE - PHE
Joining PHE - ARG
Joining ARG - THR
Joining THR - LEU
Joining LEU - GLY
Joining GLY - THR
Joining THR - PRO
Joining PRO - ASP
Joining ASP - GLU
Joining GLU - VAL
Joining VAL - VAL
Joining VAL - TRP
Joining TRP - PRO
Joining PRO - GLY
Joining GLY - VAL
Joining VAL - THR
Joining THR - SER
Joining SER - MET
Joining MET - PRO
Joining PRO - ASP
Joining ASP - TYR
Joining TYR - LYS
Joining LYS - PRO
Joining PRO - SER
Joining SER - PHE
Joining PHE - PRO
Joining PRO - LYS
Joining LYS - TRP
Joining TRP - ALA
Joining ALA - ARG
Joining ARG - GLN
Joining GLN - ASP
Joining ASP - PHE
Joining PHE - SER
Joining SER - LYS
Joining LYS - VAL
Joining VAL - VAL
Joining VAL - PRO
Joining PRO - PRO
Joining PRO - LEU
Joining LEU - ASP
Joining ASP - GLU
Joining GLU - ASP
Joining ASP - GLY
Joining GLY - ARG
Joining ARG - SER
Joining SER - LEU
Joining LEU - LEU
Joining LEU - SER
Joining SER - GLN
Joining GLN - MET
Joining MET - LEU
Joining LEU - HIE
Joining HIE - TYR
Joining TYR - ASP
Joining ASP - PRO
Joining PRO - ASN
Joining ASN - LYS
Joining LYS - ARG
Joining ARG - ILE
Joining ILE - SER
Joining SER - ALA
Joining ALA - LYS
Joining LYS - ALA
Joining ALA - ALA
Joining ALA - LEU
Joining LEU - ALA
Joining ALA - HIE
Joining HIE - PRO
Joining PRO - PHE
Joining PHE - PHE
Joining PHE - GLN
Joining GLN - ASP
Joining ASP - VAL
Joining VAL - THR
Joining THR - LYS
Joining LYS - PRO
Joining PRO - VAL
Joining VAL - PRO
Joining PRO - HIE
Joining HIE - LEU
Joining LEU - ARG
Joining ARG - CLEU
  total atoms in file: 2246
  Leap added 2348 missing atoms according to residue templates:
       19 Heavy
       2329 H / lone pairs
> savepdb  protein  protein.pdb
Writing pdb file: protein.pdb
 Converting N-terminal residue name to PDB format: NMET -> MET
 Converting C-terminal residue name to PDB format: CLEU -> LEU
> ##saveamberparm dipepide diVAL.prmtop diVAL.inpcrd
> 
> quit
	Quit
