log started: Fri Nov 23 17:29:08 2018

Log file: ./leap.log
>> #
>> # ----- leaprc for loading the ff99SB (Hornak & Simmerling) force field
>> # -----  this file is updated for PDB format 3
>> #
>> #	load atom type hybridizations
>> #
>> addAtomTypes {
>> 	{ "H"   "H" "sp3" }
>> 	{ "HO"  "H" "sp3" }
>> 	{ "HS"  "H" "sp3" }
>> 	{ "H1"  "H" "sp3" }
>> 	{ "H2"  "H" "sp3" }
>> 	{ "H3"  "H" "sp3" }
>> 	{ "H4"  "H" "sp3" }
>> 	{ "H5"  "H" "sp3" }
>> 	{ "HW"  "H" "sp3" }
>> 	{ "HC"  "H" "sp3" }
>> 	{ "HA"  "H" "sp3" }
>> 	{ "HP"  "H" "sp3" }
>> 	{ "OH"  "O" "sp3" }
>> 	{ "OS"  "O" "sp3" }
>> 	{ "O"   "O" "sp2" }
>> 	{ "O2"  "O" "sp2" }
>> 	{ "OW"  "O" "sp3" }
>> 	{ "CT"  "C" "sp3" }
>> 	{ "CH"  "C" "sp3" }
>> 	{ "C2"  "C" "sp3" }
>> 	{ "C3"  "C" "sp3" }
>> 	{ "C"   "C" "sp2" }
>> 	{ "C*"  "C" "sp2" }
>> 	{ "CA"  "C" "sp2" }
>> 	{ "CB"  "C" "sp2" }
>> 	{ "CC"  "C" "sp2" }
>> 	{ "CN"  "C" "sp2" }
>> 	{ "CM"  "C" "sp2" }
>> 	{ "CK"  "C" "sp2" }
>> 	{ "CQ"  "C" "sp2" }
>> 	{ "CD"  "C" "sp2" }
>> 	{ "CE"  "C" "sp2" }
>> 	{ "CF"  "C" "sp2" }
>> 	{ "CP"  "C" "sp2" }
>> 	{ "CI"  "C" "sp2" }
>> 	{ "CJ"  "C" "sp2" }
>> 	{ "CW"  "C" "sp2" }
>> 	{ "CV"  "C" "sp2" }
>> 	{ "CR"  "C" "sp2" }
>> 	{ "CA"  "C" "sp2" }
>> 	{ "CY"  "C" "sp2" }
>> 	{ "C0"  "Ca" "sp2" }
>> 	{ "MG"  "Mg" "sp3" }
>> 	{ "N"   "N" "sp2" }
>> 	{ "NA"  "N" "sp2" }
>> 	{ "N2"  "N" "sp2" }
>> 	{ "N*"  "N" "sp2" }
>> 	{ "NP"  "N" "sp2" }
>> 	{ "NQ"  "N" "sp2" }
>> 	{ "NB"  "N" "sp2" }
>> 	{ "NC"  "N" "sp2" }
>> 	{ "NT"  "N" "sp3" }
>> 	{ "N3"  "N" "sp3" }
>> 	{ "S"   "S" "sp3" }
>> 	{ "SH"  "S" "sp3" }
>> 	{ "P"   "P" "sp3" }
>> 	{ "LP"  ""  "sp3" }
>> 	{ "F"   "F" "sp3" }
>> 	{ "CL"  "Cl" "sp3" }
>> 	{ "BR"  "Br" "sp3" }
>> 	{ "I"   "I"  "sp3" }
>> 	{ "FE"  "Fe" "sp3" }
>> 	{ "EP"  ""  "sp3" }
>> # glycam
>> 	{ "OG"  "O" "sp3" }
>> 	{ "OL"  "O" "sp3" }
>> 	{ "AC"  "C" "sp3" }
>> 	{ "EC"  "C" "sp3" }
>> }
>> #
>> #	Load the main parameter set.
>> #
>> parm99 = loadamberparams parm99.dat
Loading parameters: /share/home/zhanghaiping/program/amber16/dat/leap/parm/parm99.dat
Reading title:
PARM99 for DNA,RNA,AA, organic molecules, TIP3P wat. Polariz.& LP incl.02/04/99
(UNKNOWN ATOM TYPE: HZ)
(UNKNOWN ATOM TYPE: IM)
(UNKNOWN ATOM TYPE: Li)
(UNKNOWN ATOM TYPE: IP)
(UNKNOWN ATOM TYPE: K)
(UNKNOWN ATOM TYPE: Rb)
(UNKNOWN ATOM TYPE: Cs)
(UNKNOWN ATOM TYPE: Zn)
(UNKNOWN ATOM TYPE: IB)
(UNKNOWN ATOM TYPE: LP)
>> frcmod99SB = loadamberparams frcmod.ff99SB
Loading parameters: /share/home/zhanghaiping/program/amber16/dat/leap/parm/frcmod.ff99SB
Reading force field modification type file (frcmod)
Reading title:
Modification/update of parm99.dat (Hornak & Simmerling)
>> #
>> #	Load DNA/RNA libraries
>> #
>> loadOff all_nucleic94.lib
Loading library: /share/home/zhanghaiping/program/amber16/dat/leap/lib/all_nucleic94.lib
Loading: DA
Loading: DA3
Loading: DA5
Loading: DAN
Loading: DC
Loading: DC3
Loading: DC5
Loading: DCN
Loading: DG
Loading: DG3
Loading: DG5
Loading: DGN
Loading: DT
Loading: DT3
Loading: DT5
Loading: DTN
Loading: RA
Loading: RA3
Loading: RA5
Loading: RAN
Loading: RC
Loading: RC3
Loading: RC5
Loading: RCN
Loading: RG
Loading: RG3
Loading: RG5
Loading: RGN
Loading: RU
Loading: RU3
Loading: RU5
Loading: RUN
>> #
>> #	Load main chain and terminating 
>> #	amino acid libraries (i.e. ff94 libs)
>> #
>> loadOff all_amino94.lib
Loading library: /share/home/zhanghaiping/program/amber16/dat/leap/lib/all_amino94.lib
Loading: ALA
Loading: ARG
Loading: ASH
Loading: ASN
Loading: ASP
Loading: CYM
Loading: CYS
Loading: CYX
Loading: GLH
Loading: GLN
Loading: GLU
Loading: GLY
Loading: HID
Loading: HIE
Loading: HIP
Loading: ILE
Loading: LEU
Loading: LYN
Loading: LYS
Loading: MET
Loading: PHE
Loading: PRO
Loading: SER
Loading: THR
Loading: TRP
Loading: TYR
Loading: VAL
>> loadOff all_aminoct94.lib
Loading library: /share/home/zhanghaiping/program/amber16/dat/leap/lib/all_aminoct94.lib
Loading: CALA
Loading: CARG
Loading: CASN
Loading: CASP
Loading: CCYS
Loading: CCYX
Loading: CGLN
Loading: CGLU
Loading: CGLY
Loading: CHID
Loading: CHIE
Loading: CHIP
Loading: CILE
Loading: CLEU
Loading: CLYS
Loading: CMET
Loading: CPHE
Loading: CPRO
Loading: CSER
Loading: CTHR
Loading: CTRP
Loading: CTYR
Loading: CVAL
Loading: NHE
Loading: NME
>> loadOff all_aminont94.lib
Loading library: /share/home/zhanghaiping/program/amber16/dat/leap/lib/all_aminont94.lib
Loading: ACE
Loading: NALA
Loading: NARG
Loading: NASN
Loading: NASP
Loading: NCYS
Loading: NCYX
Loading: NGLN
Loading: NGLU
Loading: NGLY
Loading: NHID
Loading: NHIE
Loading: NHIP
Loading: NILE
Loading: NLEU
Loading: NLYS
Loading: NMET
Loading: NPHE
Loading: NPRO
Loading: NSER
Loading: NTHR
Loading: NTRP
Loading: NTYR
Loading: NVAL
>> #
>> #       Load water and ions
>> # 
>> loadOff ions94.lib
Loading library: /share/home/zhanghaiping/program/amber16/dat/leap/lib/ions94.lib
Loading: CIO
Loading: Cl-
Loading: Cs+
Loading: IB
Loading: K+
Loading: Li+
Loading: MG2
Loading: Na+
Loading: Rb+
>> loadOff solvents.lib
Loading library: /share/home/zhanghaiping/program/amber16/dat/leap/lib/solvents.lib
Loading: CHCL3BOX
Loading: DC4
Loading: FB3
Loading: FB3BOX
Loading: FB4
Loading: FB4BOX
Loading: MEOHBOX
Loading: NMABOX
Loading: OPC
Loading: OPCBOX
Loading: PL3
Loading: POL3BOX
Loading: QSPCFWBOX
Loading: SPC
Loading: SPCBOX
Loading: SPCFWBOX
Loading: SPF
Loading: SPG
Loading: T4E
Loading: TIP3PBOX
Loading: TIP3PFBOX
Loading: TIP4PBOX
Loading: TIP4PEWBOX
Loading: TIP5PBOX
Loading: TP3
Loading: TP4
Loading: TP5
Loading: TPF
>> HOH = TP3
>> WAT = TP3
>> 
>> #
>> #	Define the PDB name map for the amino acids and DNA.
>> #
>> addPdbResMap {
>>   { 0 "ALA" "NALA" } { 1 "ALA" "CALA" }
>>   { 0 "ARG" "NARG" } { 1 "ARG" "CARG" }
>>   { 0 "ASN" "NASN" } { 1 "ASN" "CASN" }
>>   { 0 "ASP" "NASP" } { 1 "ASP" "CASP" }
>>   { 0 "CYS" "NCYS" } { 1 "CYS" "CCYS" }
>>   { 0 "CYX" "NCYX" } { 1 "CYX" "CCYX" }
>>   { 0 "GLN" "NGLN" } { 1 "GLN" "CGLN" }
>>   { 0 "GLU" "NGLU" } { 1 "GLU" "CGLU" }
>>   { 0 "GLY" "NGLY" } { 1 "GLY" "CGLY" }
>>   { 0 "HID" "NHID" } { 1 "HID" "CHID" }
>>   { 0 "HIE" "NHIE" } { 1 "HIE" "CHIE" }
>>   { 0 "HIP" "NHIP" } { 1 "HIP" "CHIP" }
>>   { 0 "ILE" "NILE" } { 1 "ILE" "CILE" }
>>   { 0 "LEU" "NLEU" } { 1 "LEU" "CLEU" }
>>   { 0 "LYS" "NLYS" } { 1 "LYS" "CLYS" }
>>   { 0 "MET" "NMET" } { 1 "MET" "CMET" }
>>   { 0 "PHE" "NPHE" } { 1 "PHE" "CPHE" }
>>   { 0 "PRO" "NPRO" } { 1 "PRO" "CPRO" }
>>   { 0 "SER" "NSER" } { 1 "SER" "CSER" }
>>   { 0 "THR" "NTHR" } { 1 "THR" "CTHR" }
>>   { 0 "TRP" "NTRP" } { 1 "TRP" "CTRP" }
>>   { 0 "TYR" "NTYR" } { 1 "TYR" "CTYR" }
>>   { 0 "VAL" "NVAL" } { 1 "VAL" "CVAL" }
>>   { 0 "HIS" "NHIS" } { 1 "HIS" "CHIS" }
>>   { 0 "GUA" "DG5"  } { 1 "GUA" "DG3"  } { "GUA" "DG" }
>>   { 0 "ADE" "DA5"  } { 1 "ADE" "DA3"  } { "ADE" "DA" }
>>   { 0 "CYT" "DC5"  } { 1 "CYT" "DC3"  } { "CYT" "DC" }
>>   { 0 "THY" "DT5"  } { 1 "THY" "DT3"  } { "THY" "DT" }
>>   { 0 "G" "RG5"  } { 1 "G" "RG3"  } { "G" "RG" } { "GN" "RGN" }
>>   { 0 "A" "RA5"  } { 1 "A" "RA3"  } { "A" "RA" } { "AN" "RAN" }
>>   { 0 "C" "RC5"  } { 1 "C" "RC3"  } { "C" "RC" } { "CN" "RCN" }
>>   { 0 "U" "RU5"  } { 1 "U" "RU3"  } { "U" "RU" } { "UN" "RUN" }
>>   { 0 "DG" "DG5"  } { 1 "DG" "DG3"  }  
>>   { 0 "DA" "DA5"  } { 1 "DA" "DA3"  }  
>>   { 0 "DC" "DC5"  } { 1 "DC" "DC3"  }  
>>   { 0 "DT" "DT5"  } { 1 "DT" "DT3"  }
>> 
>> }
>> 
>> addPdbAtomMap {
>>   { "O5*" "O5'" }
>>   { "C5*" "C5'" }
>>   { "C4*" "C4'" }
>>   { "O4*" "O4'" }
>>   { "C3*" "C3'" }
>>   { "O3*" "O3'" }
>>   { "C2*" "C2'" }
>>   { "C1*" "C1'" }
>>   { "C5M" "C7"  }
>>   { "O2*" "O2'" }
>>   { "H1*" "H1'" }
>>   { "H2*1" "H2'1" }
>>   { "H2*2" "H2'2" }
>>   { "H2'"  "H2'1" }
>>   { "H2''" "H2'2" }
>>   { "H3*" "H3'" }
>>   { "H4*" "H4'" }
>>   { "H5*1" "H5'1" }
>>   { "H5*2" "H5'2" }
>>   { "H5'"  "H5'1" }
>>   { "H5''" "H5'2" }
>>   { "HO2'" "HO'2" }
>>   { "HO5'" "H5T" }
>>   { "HO3'" "H3T" }
>>   { "O1'" "O4'" }
>>   { "OA"  "O1P" }
>>   { "OB"  "O2P" }
>>   { "OP1" "O1P" }
>>   { "OP2" "O2P" }
>> }
>> 
>> 
>> #
>> # assumed that most often proteins use HIE
>> #
>> NHIS = NHIE
>> HIS = HIE
>> CHIS = CHIE
> 
> #source /home/zhp/tleap/leaprc.GLYCAM_06j-1
> set default PBRadii mbondi3
Using ArgH and AspGluO modified Bondi2 radii
> #3dipepide=sequence{ACE VAL NME}
> 
> 
> protein = loadpdb  1jje_ww.pdb
Loading PDB file: ./1jje_ww.pdb
Enter zPdbReadScan from call depth  0.
Exit  zPdbReadScan from call depth  0.
Matching PDB residue names to LEaP variables.
Mapped residue SER, term: Terminal/beginning, seq. number: 0 to: NSER.
(Residue 1: LEU, Nonterminal, was not found in name map.)
(Residue 2: PRO, Nonterminal, was not found in name map.)
(Residue 3: ASP, Nonterminal, was not found in name map.)
(Residue 4: LEU, Nonterminal, was not found in name map.)
(Residue 5: LYS, Nonterminal, was not found in name map.)
(Residue 6: ILE, Nonterminal, was not found in name map.)
(Residue 7: GLU, Nonterminal, was not found in name map.)
(Residue 8: LYS, Nonterminal, was not found in name map.)
(Residue 9: LEU, Nonterminal, was not found in name map.)
(Residue 10: ASP, Nonterminal, was not found in name map.)
(Residue 11: GLU, Nonterminal, was not found in name map.)
(Residue 12: GLY, Nonterminal, was not found in name map.)
(Residue 13: VAL, Nonterminal, was not found in name map.)
(Residue 14: TYR, Nonterminal, was not found in name map.)
(Residue 15: VAL, Nonterminal, was not found in name map.)
(Residue 16: HIS, Nonterminal, was not found in name map.)
(Residue 17: THR, Nonterminal, was not found in name map.)
(Residue 18: SER, Nonterminal, was not found in name map.)
(Residue 19: PHE, Nonterminal, was not found in name map.)
(Residue 20: GLU, Nonterminal, was not found in name map.)
(Residue 21: GLU, Nonterminal, was not found in name map.)
(Residue 22: VAL, Nonterminal, was not found in name map.)
(Residue 23: ASN, Nonterminal, was not found in name map.)
(Residue 24: GLY, Nonterminal, was not found in name map.)
(Residue 25: TRP, Nonterminal, was not found in name map.)
(Residue 26: GLY, Nonterminal, was not found in name map.)
(Residue 27: VAL, Nonterminal, was not found in name map.)
(Residue 28: VAL, Nonterminal, was not found in name map.)
(Residue 29: PRO, Nonterminal, was not found in name map.)
(Residue 30: LYS, Nonterminal, was not found in name map.)
(Residue 31: HIS, Nonterminal, was not found in name map.)
(Residue 32: GLY, Nonterminal, was not found in name map.)
(Residue 33: LEU, Nonterminal, was not found in name map.)
(Residue 34: VAL, Nonterminal, was not found in name map.)
(Residue 35: VAL, Nonterminal, was not found in name map.)
(Residue 36: LEU, Nonterminal, was not found in name map.)
(Residue 37: VAL, Nonterminal, was not found in name map.)
(Residue 38: ASN, Nonterminal, was not found in name map.)
(Residue 39: ALA, Nonterminal, was not found in name map.)
(Residue 40: GLU, Nonterminal, was not found in name map.)
(Residue 41: ALA, Nonterminal, was not found in name map.)
(Residue 42: TYR, Nonterminal, was not found in name map.)
(Residue 43: LEU, Nonterminal, was not found in name map.)
(Residue 44: ILE, Nonterminal, was not found in name map.)
(Residue 45: ASP, Nonterminal, was not found in name map.)
(Residue 46: THR, Nonterminal, was not found in name map.)
(Residue 47: PRO, Nonterminal, was not found in name map.)
(Residue 48: PHE, Nonterminal, was not found in name map.)
(Residue 49: THR, Nonterminal, was not found in name map.)
(Residue 50: ALA, Nonterminal, was not found in name map.)
(Residue 51: LYS, Nonterminal, was not found in name map.)
(Residue 52: ASP, Nonterminal, was not found in name map.)
(Residue 53: THR, Nonterminal, was not found in name map.)
(Residue 54: GLU, Nonterminal, was not found in name map.)
(Residue 55: LYS, Nonterminal, was not found in name map.)
(Residue 56: LEU, Nonterminal, was not found in name map.)
(Residue 57: VAL, Nonterminal, was not found in name map.)
(Residue 58: THR, Nonterminal, was not found in name map.)
(Residue 59: TRP, Nonterminal, was not found in name map.)
(Residue 60: PHE, Nonterminal, was not found in name map.)
(Residue 61: VAL, Nonterminal, was not found in name map.)
(Residue 62: GLU, Nonterminal, was not found in name map.)
(Residue 63: ARG, Nonterminal, was not found in name map.)
(Residue 64: GLY, Nonterminal, was not found in name map.)
(Residue 65: TYR, Nonterminal, was not found in name map.)
(Residue 66: LYS, Nonterminal, was not found in name map.)
(Residue 67: ILE, Nonterminal, was not found in name map.)
(Residue 68: LYS, Nonterminal, was not found in name map.)
(Residue 69: GLY, Nonterminal, was not found in name map.)
(Residue 70: SER, Nonterminal, was not found in name map.)
(Residue 71: ILE, Nonterminal, was not found in name map.)
(Residue 72: SER, Nonterminal, was not found in name map.)
(Residue 73: SER, Nonterminal, was not found in name map.)
(Residue 74: HIS, Nonterminal, was not found in name map.)
(Residue 75: PHE, Nonterminal, was not found in name map.)
(Residue 76: HIS, Nonterminal, was not found in name map.)
(Residue 77: SER, Nonterminal, was not found in name map.)
(Residue 78: ASP, Nonterminal, was not found in name map.)
(Residue 79: SER, Nonterminal, was not found in name map.)
(Residue 80: THR, Nonterminal, was not found in name map.)
(Residue 81: GLY, Nonterminal, was not found in name map.)
(Residue 82: GLY, Nonterminal, was not found in name map.)
(Residue 83: ILE, Nonterminal, was not found in name map.)
(Residue 84: GLU, Nonterminal, was not found in name map.)
(Residue 85: TRP, Nonterminal, was not found in name map.)
(Residue 86: LEU, Nonterminal, was not found in name map.)
(Residue 87: ASN, Nonterminal, was not found in name map.)
(Residue 88: SER, Nonterminal, was not found in name map.)
(Residue 89: ARG, Nonterminal, was not found in name map.)
(Residue 90: SER, Nonterminal, was not found in name map.)
(Residue 91: ILE, Nonterminal, was not found in name map.)
(Residue 92: PRO, Nonterminal, was not found in name map.)
(Residue 93: THR, Nonterminal, was not found in name map.)
(Residue 94: TYR, Nonterminal, was not found in name map.)
(Residue 95: ALA, Nonterminal, was not found in name map.)
(Residue 96: SER, Nonterminal, was not found in name map.)
(Residue 97: GLU, Nonterminal, was not found in name map.)
(Residue 98: LEU, Nonterminal, was not found in name map.)
(Residue 99: THR, Nonterminal, was not found in name map.)
(Residue 100: ASN, Nonterminal, was not found in name map.)
(Residue 101: GLU, Nonterminal, was not found in name map.)
(Residue 102: LEU, Nonterminal, was not found in name map.)
(Residue 103: LEU, Nonterminal, was not found in name map.)
(Residue 104: LYS, Nonterminal, was not found in name map.)
(Residue 105: LYS, Nonterminal, was not found in name map.)
(Residue 106: ASP, Nonterminal, was not found in name map.)
(Residue 107: GLY, Nonterminal, was not found in name map.)
(Residue 108: LYS, Nonterminal, was not found in name map.)
(Residue 109: VAL, Nonterminal, was not found in name map.)
(Residue 110: GLN, Nonterminal, was not found in name map.)
(Residue 111: ALA, Nonterminal, was not found in name map.)
(Residue 112: THR, Nonterminal, was not found in name map.)
(Residue 113: ASN, Nonterminal, was not found in name map.)
(Residue 114: SER, Nonterminal, was not found in name map.)
(Residue 115: PHE, Nonterminal, was not found in name map.)
(Residue 116: SER, Nonterminal, was not found in name map.)
(Residue 117: GLY, Nonterminal, was not found in name map.)
(Residue 118: VAL, Nonterminal, was not found in name map.)
(Residue 119: ASN, Nonterminal, was not found in name map.)
(Residue 120: TYR, Nonterminal, was not found in name map.)
(Residue 121: TRP, Nonterminal, was not found in name map.)
(Residue 122: LEU, Nonterminal, was not found in name map.)
(Residue 123: VAL, Nonterminal, was not found in name map.)
(Residue 124: LYS, Nonterminal, was not found in name map.)
(Residue 125: ASN, Nonterminal, was not found in name map.)
(Residue 126: LYS, Nonterminal, was not found in name map.)
(Residue 127: ILE, Nonterminal, was not found in name map.)
(Residue 128: GLU, Nonterminal, was not found in name map.)
(Residue 129: VAL, Nonterminal, was not found in name map.)
(Residue 130: PHE, Nonterminal, was not found in name map.)
(Residue 131: TYR, Nonterminal, was not found in name map.)
(Residue 132: PRO, Nonterminal, was not found in name map.)
(Residue 133: GLY, Nonterminal, was not found in name map.)
(Residue 134: PRO, Nonterminal, was not found in name map.)
(Residue 135: GLY, Nonterminal, was not found in name map.)
(Residue 136: HIS, Nonterminal, was not found in name map.)
(Residue 137: THR, Nonterminal, was not found in name map.)
(Residue 138: PRO, Nonterminal, was not found in name map.)
(Residue 139: ASP, Nonterminal, was not found in name map.)
(Residue 140: ASN, Nonterminal, was not found in name map.)
(Residue 141: VAL, Nonterminal, was not found in name map.)
(Residue 142: VAL, Nonterminal, was not found in name map.)
(Residue 143: VAL, Nonterminal, was not found in name map.)
(Residue 144: TRP, Nonterminal, was not found in name map.)
(Residue 145: LEU, Nonterminal, was not found in name map.)
(Residue 146: PRO, Nonterminal, was not found in name map.)
(Residue 147: GLU, Nonterminal, was not found in name map.)
(Residue 148: ARG, Nonterminal, was not found in name map.)
(Residue 149: LYS, Nonterminal, was not found in name map.)
(Residue 150: ILE, Nonterminal, was not found in name map.)
(Residue 151: LEU, Nonterminal, was not found in name map.)
(Residue 152: PHE, Nonterminal, was not found in name map.)
(Residue 153: GLY, Nonterminal, was not found in name map.)
(Residue 154: GLY, Nonterminal, was not found in name map.)
(Residue 155: CYS, Nonterminal, was not found in name map.)
(Residue 156: PHE, Nonterminal, was not found in name map.)
(Residue 157: ILE, Nonterminal, was not found in name map.)
(Residue 158: LYS, Nonterminal, was not found in name map.)
(Residue 159: PRO, Nonterminal, was not found in name map.)
(Residue 160: TYR, Nonterminal, was not found in name map.)
(Residue 161: GLY, Nonterminal, was not found in name map.)
(Residue 162: LEU, Nonterminal, was not found in name map.)
(Residue 163: GLY, Nonterminal, was not found in name map.)
(Residue 164: ASN, Nonterminal, was not found in name map.)
(Residue 165: LEU, Nonterminal, was not found in name map.)
(Residue 166: GLY, Nonterminal, was not found in name map.)
(Residue 167: ASP, Nonterminal, was not found in name map.)
(Residue 168: ALA, Nonterminal, was not found in name map.)
(Residue 169: ASN, Nonterminal, was not found in name map.)
(Residue 170: ILE, Nonterminal, was not found in name map.)
(Residue 171: GLU, Nonterminal, was not found in name map.)
(Residue 172: ALA, Nonterminal, was not found in name map.)
(Residue 173: TRP, Nonterminal, was not found in name map.)
(Residue 174: PRO, Nonterminal, was not found in name map.)
(Residue 175: LYS, Nonterminal, was not found in name map.)
(Residue 176: SER, Nonterminal, was not found in name map.)
(Residue 177: ALA, Nonterminal, was not found in name map.)
(Residue 178: LYS, Nonterminal, was not found in name map.)
(Residue 179: LEU, Nonterminal, was not found in name map.)
(Residue 180: LEU, Nonterminal, was not found in name map.)
(Residue 181: LYS, Nonterminal, was not found in name map.)
(Residue 182: SER, Nonterminal, was not found in name map.)
(Residue 183: LYS, Nonterminal, was not found in name map.)
(Residue 184: TYR, Nonterminal, was not found in name map.)
(Residue 185: GLY, Nonterminal, was not found in name map.)
(Residue 186: LYS, Nonterminal, was not found in name map.)
(Residue 187: ALA, Nonterminal, was not found in name map.)
(Residue 188: LYS, Nonterminal, was not found in name map.)
(Residue 189: LEU, Nonterminal, was not found in name map.)
(Residue 190: VAL, Nonterminal, was not found in name map.)
(Residue 191: VAL, Nonterminal, was not found in name map.)
(Residue 192: PRO, Nonterminal, was not found in name map.)
(Residue 193: SER, Nonterminal, was not found in name map.)
(Residue 194: HIS, Nonterminal, was not found in name map.)
(Residue 195: SER, Nonterminal, was not found in name map.)
(Residue 196: GLU, Nonterminal, was not found in name map.)
(Residue 197: VAL, Nonterminal, was not found in name map.)
(Residue 198: GLY, Nonterminal, was not found in name map.)
(Residue 199: ASP, Nonterminal, was not found in name map.)
(Residue 200: ALA, Nonterminal, was not found in name map.)
(Residue 201: SER, Nonterminal, was not found in name map.)
(Residue 202: LEU, Nonterminal, was not found in name map.)
(Residue 203: LEU, Nonterminal, was not found in name map.)
(Residue 204: LYS, Nonterminal, was not found in name map.)
(Residue 205: LEU, Nonterminal, was not found in name map.)
(Residue 206: THR, Nonterminal, was not found in name map.)
(Residue 207: LEU, Nonterminal, was not found in name map.)
(Residue 208: GLU, Nonterminal, was not found in name map.)
(Residue 209: GLN, Nonterminal, was not found in name map.)
(Residue 210: ALA, Nonterminal, was not found in name map.)
(Residue 211: VAL, Nonterminal, was not found in name map.)
(Residue 212: LYS, Nonterminal, was not found in name map.)
(Residue 213: GLY, Nonterminal, was not found in name map.)
(Residue 214: LEU, Nonterminal, was not found in name map.)
(Residue 215: ASN, Nonterminal, was not found in name map.)
(Residue 216: GLU, Nonterminal, was not found in name map.)
(Residue 217: SER, Nonterminal, was not found in name map.)
(Residue 218: LYS, Nonterminal, was not found in name map.)
Mapped residue LYS, term: Terminal/last, seq. number: 219 to: CLYS.
Mapped residue ALA, term: Terminal/beginning, seq. number: 220 to: NALA.
(Residue 221: GLU, Nonterminal, was not found in name map.)
(Residue 222: SER, Nonterminal, was not found in name map.)
(Residue 223: LEU, Nonterminal, was not found in name map.)
(Residue 224: PRO, Nonterminal, was not found in name map.)
(Residue 225: ASP, Nonterminal, was not found in name map.)
(Residue 226: LEU, Nonterminal, was not found in name map.)
(Residue 227: LYS, Nonterminal, was not found in name map.)
(Residue 228: ILE, Nonterminal, was not found in name map.)
(Residue 229: GLU, Nonterminal, was not found in name map.)
(Residue 230: LYS, Nonterminal, was not found in name map.)
(Residue 231: LEU, Nonterminal, was not found in name map.)
(Residue 232: ASP, Nonterminal, was not found in name map.)
(Residue 233: GLU, Nonterminal, was not found in name map.)
(Residue 234: GLY, Nonterminal, was not found in name map.)
(Residue 235: VAL, Nonterminal, was not found in name map.)
(Residue 236: TYR, Nonterminal, was not found in name map.)
(Residue 237: VAL, Nonterminal, was not found in name map.)
(Residue 238: HIS, Nonterminal, was not found in name map.)
(Residue 239: THR, Nonterminal, was not found in name map.)
(Residue 240: SER, Nonterminal, was not found in name map.)
(Residue 241: PHE, Nonterminal, was not found in name map.)
(Residue 242: GLU, Nonterminal, was not found in name map.)
(Residue 243: GLU, Nonterminal, was not found in name map.)
(Residue 244: VAL, Nonterminal, was not found in name map.)
(Residue 245: ASN, Nonterminal, was not found in name map.)
(Residue 246: GLY, Nonterminal, was not found in name map.)
(Residue 247: TRP, Nonterminal, was not found in name map.)
(Residue 248: GLY, Nonterminal, was not found in name map.)
(Residue 249: VAL, Nonterminal, was not found in name map.)
(Residue 250: VAL, Nonterminal, was not found in name map.)
(Residue 251: PRO, Nonterminal, was not found in name map.)
(Residue 252: LYS, Nonterminal, was not found in name map.)
(Residue 253: HIS, Nonterminal, was not found in name map.)
(Residue 254: GLY, Nonterminal, was not found in name map.)
(Residue 255: LEU, Nonterminal, was not found in name map.)
(Residue 256: VAL, Nonterminal, was not found in name map.)
(Residue 257: VAL, Nonterminal, was not found in name map.)
(Residue 258: LEU, Nonterminal, was not found in name map.)
(Residue 259: VAL, Nonterminal, was not found in name map.)
(Residue 260: ASN, Nonterminal, was not found in name map.)
(Residue 261: ALA, Nonterminal, was not found in name map.)
(Residue 262: GLU, Nonterminal, was not found in name map.)
(Residue 263: ALA, Nonterminal, was not found in name map.)
(Residue 264: TYR, Nonterminal, was not found in name map.)
(Residue 265: LEU, Nonterminal, was not found in name map.)
(Residue 266: ILE, Nonterminal, was not found in name map.)
(Residue 267: ASP, Nonterminal, was not found in name map.)
(Residue 268: THR, Nonterminal, was not found in name map.)
(Residue 269: PRO, Nonterminal, was not found in name map.)
(Residue 270: PHE, Nonterminal, was not found in name map.)
(Residue 271: THR, Nonterminal, was not found in name map.)
(Residue 272: ALA, Nonterminal, was not found in name map.)
(Residue 273: LYS, Nonterminal, was not found in name map.)
(Residue 274: ASP, Nonterminal, was not found in name map.)
(Residue 275: THR, Nonterminal, was not found in name map.)
(Residue 276: GLU, Nonterminal, was not found in name map.)
(Residue 277: LYS, Nonterminal, was not found in name map.)
(Residue 278: LEU, Nonterminal, was not found in name map.)
(Residue 279: VAL, Nonterminal, was not found in name map.)
(Residue 280: THR, Nonterminal, was not found in name map.)
(Residue 281: TRP, Nonterminal, was not found in name map.)
(Residue 282: PHE, Nonterminal, was not found in name map.)
(Residue 283: VAL, Nonterminal, was not found in name map.)
(Residue 284: GLU, Nonterminal, was not found in name map.)
(Residue 285: ARG, Nonterminal, was not found in name map.)
(Residue 286: GLY, Nonterminal, was not found in name map.)
(Residue 287: TYR, Nonterminal, was not found in name map.)
(Residue 288: LYS, Nonterminal, was not found in name map.)
(Residue 289: ILE, Nonterminal, was not found in name map.)
(Residue 290: LYS, Nonterminal, was not found in name map.)
(Residue 291: GLY, Nonterminal, was not found in name map.)
(Residue 292: SER, Nonterminal, was not found in name map.)
(Residue 293: ILE, Nonterminal, was not found in name map.)
(Residue 294: SER, Nonterminal, was not found in name map.)
(Residue 295: SER, Nonterminal, was not found in name map.)
(Residue 296: HIS, Nonterminal, was not found in name map.)
(Residue 297: PHE, Nonterminal, was not found in name map.)
(Residue 298: HIS, Nonterminal, was not found in name map.)
(Residue 299: SER, Nonterminal, was not found in name map.)
(Residue 300: ASP, Nonterminal, was not found in name map.)
(Residue 301: SER, Nonterminal, was not found in name map.)
(Residue 302: THR, Nonterminal, was not found in name map.)
(Residue 303: GLY, Nonterminal, was not found in name map.)
(Residue 304: GLY, Nonterminal, was not found in name map.)
(Residue 305: ILE, Nonterminal, was not found in name map.)
(Residue 306: GLU, Nonterminal, was not found in name map.)
(Residue 307: TRP, Nonterminal, was not found in name map.)
(Residue 308: LEU, Nonterminal, was not found in name map.)
(Residue 309: ASN, Nonterminal, was not found in name map.)
(Residue 310: SER, Nonterminal, was not found in name map.)
(Residue 311: ARG, Nonterminal, was not found in name map.)
(Residue 312: SER, Nonterminal, was not found in name map.)
(Residue 313: ILE, Nonterminal, was not found in name map.)
(Residue 314: PRO, Nonterminal, was not found in name map.)
(Residue 315: THR, Nonterminal, was not found in name map.)
(Residue 316: TYR, Nonterminal, was not found in name map.)
(Residue 317: ALA, Nonterminal, was not found in name map.)
(Residue 318: SER, Nonterminal, was not found in name map.)
(Residue 319: GLU, Nonterminal, was not found in name map.)
(Residue 320: LEU, Nonterminal, was not found in name map.)
(Residue 321: THR, Nonterminal, was not found in name map.)
(Residue 322: ASN, Nonterminal, was not found in name map.)
(Residue 323: GLU, Nonterminal, was not found in name map.)
(Residue 324: LEU, Nonterminal, was not found in name map.)
(Residue 325: LEU, Nonterminal, was not found in name map.)
(Residue 326: LYS, Nonterminal, was not found in name map.)
(Residue 327: LYS, Nonterminal, was not found in name map.)
(Residue 328: ASP, Nonterminal, was not found in name map.)
(Residue 329: GLY, Nonterminal, was not found in name map.)
(Residue 330: LYS, Nonterminal, was not found in name map.)
(Residue 331: VAL, Nonterminal, was not found in name map.)
(Residue 332: GLN, Nonterminal, was not found in name map.)
(Residue 333: ALA, Nonterminal, was not found in name map.)
(Residue 334: THR, Nonterminal, was not found in name map.)
(Residue 335: ASN, Nonterminal, was not found in name map.)
(Residue 336: SER, Nonterminal, was not found in name map.)
(Residue 337: PHE, Nonterminal, was not found in name map.)
(Residue 338: SER, Nonterminal, was not found in name map.)
(Residue 339: GLY, Nonterminal, was not found in name map.)
(Residue 340: VAL, Nonterminal, was not found in name map.)
(Residue 341: ASN, Nonterminal, was not found in name map.)
(Residue 342: TYR, Nonterminal, was not found in name map.)
(Residue 343: TRP, Nonterminal, was not found in name map.)
(Residue 344: LEU, Nonterminal, was not found in name map.)
(Residue 345: VAL, Nonterminal, was not found in name map.)
(Residue 346: LYS, Nonterminal, was not found in name map.)
(Residue 347: ASN, Nonterminal, was not found in name map.)
(Residue 348: LYS, Nonterminal, was not found in name map.)
(Residue 349: ILE, Nonterminal, was not found in name map.)
(Residue 350: GLU, Nonterminal, was not found in name map.)
(Residue 351: VAL, Nonterminal, was not found in name map.)
(Residue 352: PHE, Nonterminal, was not found in name map.)
(Residue 353: TYR, Nonterminal, was not found in name map.)
(Residue 354: PRO, Nonterminal, was not found in name map.)
(Residue 355: GLY, Nonterminal, was not found in name map.)
(Residue 356: PRO, Nonterminal, was not found in name map.)
(Residue 357: GLY, Nonterminal, was not found in name map.)
(Residue 358: HIS, Nonterminal, was not found in name map.)
(Residue 359: THR, Nonterminal, was not found in name map.)
(Residue 360: PRO, Nonterminal, was not found in name map.)
(Residue 361: ASP, Nonterminal, was not found in name map.)
(Residue 362: ASN, Nonterminal, was not found in name map.)
(Residue 363: VAL, Nonterminal, was not found in name map.)
(Residue 364: VAL, Nonterminal, was not found in name map.)
(Residue 365: VAL, Nonterminal, was not found in name map.)
(Residue 366: TRP, Nonterminal, was not found in name map.)
(Residue 367: LEU, Nonterminal, was not found in name map.)
(Residue 368: PRO, Nonterminal, was not found in name map.)
(Residue 369: GLU, Nonterminal, was not found in name map.)
(Residue 370: ARG, Nonterminal, was not found in name map.)
(Residue 371: LYS, Nonterminal, was not found in name map.)
(Residue 372: ILE, Nonterminal, was not found in name map.)
(Residue 373: LEU, Nonterminal, was not found in name map.)
(Residue 374: PHE, Nonterminal, was not found in name map.)
(Residue 375: GLY, Nonterminal, was not found in name map.)
(Residue 376: GLY, Nonterminal, was not found in name map.)
(Residue 377: CYS, Nonterminal, was not found in name map.)
(Residue 378: PHE, Nonterminal, was not found in name map.)
(Residue 379: ILE, Nonterminal, was not found in name map.)
(Residue 380: LYS, Nonterminal, was not found in name map.)
(Residue 381: PRO, Nonterminal, was not found in name map.)
(Residue 382: TYR, Nonterminal, was not found in name map.)
(Residue 383: GLY, Nonterminal, was not found in name map.)
(Residue 384: LEU, Nonterminal, was not found in name map.)
(Residue 385: GLY, Nonterminal, was not found in name map.)
(Residue 386: ASN, Nonterminal, was not found in name map.)
(Residue 387: LEU, Nonterminal, was not found in name map.)
(Residue 388: GLY, Nonterminal, was not found in name map.)
(Residue 389: ASP, Nonterminal, was not found in name map.)
(Residue 390: ALA, Nonterminal, was not found in name map.)
(Residue 391: ASN, Nonterminal, was not found in name map.)
(Residue 392: ILE, Nonterminal, was not found in name map.)
(Residue 393: GLU, Nonterminal, was not found in name map.)
(Residue 394: ALA, Nonterminal, was not found in name map.)
(Residue 395: TRP, Nonterminal, was not found in name map.)
(Residue 396: PRO, Nonterminal, was not found in name map.)
(Residue 397: LYS, Nonterminal, was not found in name map.)
(Residue 398: SER, Nonterminal, was not found in name map.)
(Residue 399: ALA, Nonterminal, was not found in name map.)
(Residue 400: LYS, Nonterminal, was not found in name map.)
(Residue 401: LEU, Nonterminal, was not found in name map.)
(Residue 402: LEU, Nonterminal, was not found in name map.)
(Residue 403: LYS, Nonterminal, was not found in name map.)
(Residue 404: SER, Nonterminal, was not found in name map.)
(Residue 405: LYS, Nonterminal, was not found in name map.)
(Residue 406: TYR, Nonterminal, was not found in name map.)
(Residue 407: GLY, Nonterminal, was not found in name map.)
(Residue 408: LYS, Nonterminal, was not found in name map.)
(Residue 409: ALA, Nonterminal, was not found in name map.)
(Residue 410: LYS, Nonterminal, was not found in name map.)
(Residue 411: LEU, Nonterminal, was not found in name map.)
(Residue 412: VAL, Nonterminal, was not found in name map.)
(Residue 413: VAL, Nonterminal, was not found in name map.)
(Residue 414: PRO, Nonterminal, was not found in name map.)
(Residue 415: SER, Nonterminal, was not found in name map.)
(Residue 416: HIS, Nonterminal, was not found in name map.)
(Residue 417: SER, Nonterminal, was not found in name map.)
(Residue 418: GLU, Nonterminal, was not found in name map.)
(Residue 419: VAL, Nonterminal, was not found in name map.)
(Residue 420: GLY, Nonterminal, was not found in name map.)
(Residue 421: ASP, Nonterminal, was not found in name map.)
(Residue 422: ALA, Nonterminal, was not found in name map.)
(Residue 423: SER, Nonterminal, was not found in name map.)
(Residue 424: LEU, Nonterminal, was not found in name map.)
(Residue 425: LEU, Nonterminal, was not found in name map.)
(Residue 426: LYS, Nonterminal, was not found in name map.)
(Residue 427: LEU, Nonterminal, was not found in name map.)
(Residue 428: THR, Nonterminal, was not found in name map.)
(Residue 429: LEU, Nonterminal, was not found in name map.)
(Residue 430: GLU, Nonterminal, was not found in name map.)
(Residue 431: GLN, Nonterminal, was not found in name map.)
(Residue 432: ALA, Nonterminal, was not found in name map.)
(Residue 433: VAL, Nonterminal, was not found in name map.)
(Residue 434: LYS, Nonterminal, was not found in name map.)
(Residue 435: GLY, Nonterminal, was not found in name map.)
(Residue 436: LEU, Nonterminal, was not found in name map.)
(Residue 437: ASN, Nonterminal, was not found in name map.)
(Residue 438: GLU, Nonterminal, was not found in name map.)
(Residue 439: SER, Nonterminal, was not found in name map.)
Mapped residue LYS, term: Terminal/last, seq. number: 440 to: CLYS.
Joining NSER - LEU
Joining LEU - PRO
Joining PRO - ASP
Joining ASP - LEU
Joining LEU - LYS
Joining LYS - ILE
Joining ILE - GLU
Joining GLU - LYS
Joining LYS - LEU
Joining LEU - ASP
Joining ASP - GLU
Joining GLU - GLY
Joining GLY - VAL
Joining VAL - TYR
Joining TYR - VAL
Joining VAL - HIE
Joining HIE - THR
Joining THR - SER
Joining SER - PHE
Joining PHE - GLU
Joining GLU - GLU
Joining GLU - VAL
Joining VAL - ASN
  Added missing heavy atom: .R<ASN 26>.A<ND2 10>
Joining ASN - GLY
Joining GLY - TRP
Joining TRP - GLY
Joining GLY - VAL
Joining VAL - VAL
Joining VAL - PRO
Joining PRO - LYS
Joining LYS - HIE
Joining HIE - GLY
Joining GLY - LEU
Joining LEU - VAL
Joining VAL - VAL
Joining VAL - LEU
Joining LEU - VAL
Joining VAL - ASN
Joining ASN - ALA
Joining ALA - GLU
Joining GLU - ALA
Joining ALA - TYR
Joining TYR - LEU
Joining LEU - ILE
Joining ILE - ASP
Joining ASP - THR
Joining THR - PRO
Joining PRO - PHE
Joining PHE - THR
Joining THR - ALA
Joining ALA - LYS
Joining LYS - ASP
Joining ASP - THR
Joining THR - GLU
Joining GLU - LYS
Joining LYS - LEU
Joining LEU - VAL
Joining VAL - THR
Joining THR - TRP
Joining TRP - PHE
Joining PHE - VAL
Joining VAL - GLU
Joining GLU - ARG
Joining ARG - GLY
Joining GLY - TYR
Joining TYR - LYS
Joining LYS - ILE
Joining ILE - LYS
Joining LYS - GLY
Joining GLY - SER
Joining SER - ILE
Joining ILE - SER
Joining SER - SER
Joining SER - HIE
Joining HIE - PHE
Joining PHE - HIE
Joining HIE - SER
Joining SER - ASP
Joining ASP - SER
Joining SER - THR
Joining THR - GLY
Joining GLY - GLY
Joining GLY - ILE
Joining ILE - GLU
Joining GLU - TRP
Joining TRP - LEU
Joining LEU - ASN
Joining ASN - SER
Joining SER - ARG
Joining ARG - SER
Joining SER - ILE
Joining ILE - PRO
Joining PRO - THR
Joining THR - TYR
Joining TYR - ALA
Joining ALA - SER
Joining SER - GLU
Joining GLU - LEU
Joining LEU - THR
Joining THR - ASN
Joining ASN - GLU
Joining GLU - LEU
Joining LEU - LEU
Joining LEU - LYS
Joining LYS - LYS
Joining LYS - ASP
Joining ASP - GLY
Joining GLY - LYS
Joining LYS - VAL
Joining VAL - GLN
Joining GLN - ALA
Joining ALA - THR
Joining THR - ASN
Joining ASN - SER
Joining SER - PHE
Joining PHE - SER
Joining SER - GLY
Joining GLY - VAL
Joining VAL - ASN
Joining ASN - TYR
Joining TYR - TRP
Joining TRP - LEU
Joining LEU - VAL
Joining VAL - LYS
Joining LYS - ASN
Joining ASN - LYS
Joining LYS - ILE
Joining ILE - GLU
Joining GLU - VAL
Joining VAL - PHE
Joining PHE - TYR
Joining TYR - PRO
Joining PRO - GLY
Joining GLY - PRO
Joining PRO - GLY
Joining GLY - HIE
Joining HIE - THR
Joining THR - PRO
Joining PRO - ASP
Joining ASP - ASN
Joining ASN - VAL
Joining VAL - VAL
Joining VAL - VAL
Joining VAL - TRP
Joining TRP - LEU
Joining LEU - PRO
Joining PRO - GLU
Joining GLU - ARG
Joining ARG - LYS
Joining LYS - ILE
Joining ILE - LEU
Joining LEU - PHE
Joining PHE - GLY
Joining GLY - GLY
Joining GLY - CYS
Joining CYS - PHE
Joining PHE - ILE
Joining ILE - LYS
Joining LYS - PRO
Joining PRO - TYR
Joining TYR - GLY
Joining GLY - LEU
Joining LEU - GLY
Joining GLY - ASN
Joining ASN - LEU
Joining LEU - GLY
Joining GLY - ASP
Joining ASP - ALA
Joining ALA - ASN
Joining ASN - ILE
Joining ILE - GLU
Joining GLU - ALA
Joining ALA - TRP
Joining TRP - PRO
Joining PRO - LYS
Joining LYS - SER
Joining SER - ALA
Joining ALA - LYS
Joining LYS - LEU
Joining LEU - LEU
Joining LEU - LYS
Joining LYS - SER
Joining SER - LYS
Joining LYS - TYR
Joining TYR - GLY
Joining GLY - LYS
Joining LYS - ALA
Joining ALA - LYS
Joining LYS - LEU
Joining LEU - VAL
Joining VAL - VAL
Joining VAL - PRO
Joining PRO - SER
Joining SER - HIE
Joining HIE - SER
Joining SER - GLU
Joining GLU - VAL
Joining VAL - GLY
Joining GLY - ASP
Joining ASP - ALA
Joining ALA - SER
Joining SER - LEU
Joining LEU - LEU
Joining LEU - LYS
Joining LYS - LEU
Joining LEU - THR
Joining THR - LEU
Joining LEU - GLU
Joining GLU - GLN
Joining GLN - ALA
Joining ALA - VAL
Joining VAL - LYS
Joining LYS - GLY
Joining GLY - LEU
Joining LEU - ASN
Joining ASN - GLU
Joining GLU - SER
Joining SER - LYS
Joining LYS - CLYS
  Added missing heavy atom: .R<CLYS 222>.A<OXT 23>
Joining NALA - GLU
Joining GLU - SER
Joining SER - LEU
Joining LEU - PRO
Joining PRO - ASP
Joining ASP - LEU
Joining LEU - LYS
Joining LYS - ILE
Joining ILE - GLU
Joining GLU - LYS
Joining LYS - LEU
Joining LEU - ASP
Joining ASP - GLU
Joining GLU - GLY
Joining GLY - VAL
Joining VAL - TYR
Joining TYR - VAL
Joining VAL - HIE
Joining HIE - THR
Joining THR - SER
Joining SER - PHE
Joining PHE - GLU
Joining GLU - GLU
Joining GLU - VAL
Joining VAL - ASN
  Added missing heavy atom: .R<ASN 248>.A<ND2 10>
Joining ASN - GLY
Joining GLY - TRP
Joining TRP - GLY
Joining GLY - VAL
Joining VAL - VAL
Joining VAL - PRO
Joining PRO - LYS
Joining LYS - HIE
Joining HIE - GLY
Joining GLY - LEU
Joining LEU - VAL
Joining VAL - VAL
Joining VAL - LEU
Joining LEU - VAL
Joining VAL - ASN
Joining ASN - ALA
Joining ALA - GLU
Joining GLU - ALA
Joining ALA - TYR
Joining TYR - LEU
Joining LEU - ILE
Joining ILE - ASP
Joining ASP - THR
Joining THR - PRO
Joining PRO - PHE
Joining PHE - THR
Joining THR - ALA
Joining ALA - LYS
Joining LYS - ASP
Joining ASP - THR
Joining THR - GLU
Joining GLU - LYS
Joining LYS - LEU
Joining LEU - VAL
Joining VAL - THR
Joining THR - TRP
Joining TRP - PHE
Joining PHE - VAL
Joining VAL - GLU
Joining GLU - ARG
Joining ARG - GLY
Joining GLY - TYR
Joining TYR - LYS
Joining LYS - ILE
Joining ILE - LYS
Joining LYS - GLY
Joining GLY - SER
Joining SER - ILE
Joining ILE - SER
Joining SER - SER
Joining SER - HIE
Joining HIE - PHE
Joining PHE - HIE
Joining HIE - SER
Joining SER - ASP
Joining ASP - SER
Joining SER - THR
Joining THR - GLY
Joining GLY - GLY
Joining GLY - ILE
Joining ILE - GLU
Joining GLU - TRP
Joining TRP - LEU
Joining LEU - ASN
Joining ASN - SER
Joining SER - ARG
  Added missing heavy atom: .R<ARG 314>.A<CD 11>
  Added missing heavy atom: .R<ARG 314>.A<NE 14>
  Added missing heavy atom: .R<ARG 314>.A<CZ 16>
  Added missing heavy atom: .R<ARG 314>.A<NH1 17>
  Added missing heavy atom: .R<ARG 314>.A<NH2 20>
Joining ARG - SER
Joining SER - ILE
Joining ILE - PRO
Joining PRO - THR
Joining THR - TYR
Joining TYR - ALA
Joining ALA - SER
Joining SER - GLU
Joining GLU - LEU
Joining LEU - THR
Joining THR - ASN
Joining ASN - GLU
Joining GLU - LEU
Joining LEU - LEU
Joining LEU - LYS
Joining LYS - LYS
Joining LYS - ASP
Joining ASP - GLY
Joining GLY - LYS
Joining LYS - VAL
Joining VAL - GLN
Joining GLN - ALA
Joining ALA - THR
Joining THR - ASN
Joining ASN - SER
Joining SER - PHE
Joining PHE - SER
Joining SER - GLY
Joining GLY - VAL
Joining VAL - ASN
Joining ASN - TYR
Joining TYR - TRP
Joining TRP - LEU
Joining LEU - VAL
Joining VAL - LYS
Joining LYS - ASN
Joining ASN - LYS
Joining LYS - ILE
Joining ILE - GLU
Joining GLU - VAL
Joining VAL - PHE
Joining PHE - TYR
Joining TYR - PRO
Joining PRO - GLY
Joining GLY - PRO
Joining PRO - GLY
Joining GLY - HIE
Joining HIE - THR
Joining THR - PRO
Joining PRO - ASP
Joining ASP - ASN
Joining ASN - VAL
Joining VAL - VAL
Joining VAL - VAL
Joining VAL - TRP
Joining TRP - LEU
Joining LEU - PRO
Joining PRO - GLU
Joining GLU - ARG
Joining ARG - LYS
Joining LYS - ILE
Joining ILE - LEU
Joining LEU - PHE
Joining PHE - GLY
Joining GLY - GLY
Joining GLY - CYS
Joining CYS - PHE
Joining PHE - ILE
Joining ILE - LYS
Joining LYS - PRO
Joining PRO - TYR
Joining TYR - GLY
Joining GLY - LEU
Joining LEU - GLY
Joining GLY - ASN
Joining ASN - LEU
Joining LEU - GLY
Joining GLY - ASP
Joining ASP - ALA
Joining ALA - ASN
Joining ASN - ILE
Joining ILE - GLU
Joining GLU - ALA
Joining ALA - TRP
Joining TRP - PRO
Joining PRO - LYS
Joining LYS - SER
Joining SER - ALA
Joining ALA - LYS
Joining LYS - LEU
Joining LEU - LEU
Joining LEU - LYS
Joining LYS - SER
Joining SER - LYS
Joining LYS - TYR
Joining TYR - GLY
Joining GLY - LYS
Joining LYS - ALA
Joining ALA - LYS
Joining LYS - LEU
Joining LEU - VAL
Joining VAL - VAL
Joining VAL - PRO
Joining PRO - SER
Joining SER - HIE
Joining HIE - SER
Joining SER - GLU
Joining GLU - VAL
Joining VAL - GLY
Joining GLY - ASP
Joining ASP - ALA
Joining ALA - SER
Joining SER - LEU
Joining LEU - LEU
Joining LEU - LYS
Joining LYS - LEU
Joining LEU - THR
Joining THR - LEU
Joining LEU - GLU
Joining GLU - GLN
Joining GLN - ALA
Joining ALA - VAL
Joining VAL - LYS
Joining LYS - GLY
Joining GLY - LEU
Joining LEU - ASN
Joining ASN - GLU
Joining GLU - SER
Joining SER - CLYS
  Added missing heavy atom: .R<CLYS 443>.A<OXT 23>
  total atoms in file: 3440
  Leap added 3487 missing atoms according to residue templates:
       9 Heavy
       3478 H / lone pairs
> savepdb  protein  protein.pdb
Writing pdb file: protein.pdb
 Converting N-terminal residue name to PDB format: NSER -> SER
 Converting C-terminal residue name to PDB format: CLYS -> LYS
 Converting N-terminal residue name to PDB format: NALA -> ALA
 Converting C-terminal residue name to PDB format: CLYS -> LYS
> ##saveamberparm dipepide diVAL.prmtop diVAL.inpcrd
> 
> quit
	Quit
