log started: Fri Nov 23 17:41:08 2018

Log file: ./leap.log
>> #
>> # ----- leaprc for loading the ff99SB (Hornak & Simmerling) force field
>> # -----  this file is updated for PDB format 3
>> #
>> #	load atom type hybridizations
>> #
>> addAtomTypes {
>> 	{ "H"   "H" "sp3" }
>> 	{ "HO"  "H" "sp3" }
>> 	{ "HS"  "H" "sp3" }
>> 	{ "H1"  "H" "sp3" }
>> 	{ "H2"  "H" "sp3" }
>> 	{ "H3"  "H" "sp3" }
>> 	{ "H4"  "H" "sp3" }
>> 	{ "H5"  "H" "sp3" }
>> 	{ "HW"  "H" "sp3" }
>> 	{ "HC"  "H" "sp3" }
>> 	{ "HA"  "H" "sp3" }
>> 	{ "HP"  "H" "sp3" }
>> 	{ "OH"  "O" "sp3" }
>> 	{ "OS"  "O" "sp3" }
>> 	{ "O"   "O" "sp2" }
>> 	{ "O2"  "O" "sp2" }
>> 	{ "OW"  "O" "sp3" }
>> 	{ "CT"  "C" "sp3" }
>> 	{ "CH"  "C" "sp3" }
>> 	{ "C2"  "C" "sp3" }
>> 	{ "C3"  "C" "sp3" }
>> 	{ "C"   "C" "sp2" }
>> 	{ "C*"  "C" "sp2" }
>> 	{ "CA"  "C" "sp2" }
>> 	{ "CB"  "C" "sp2" }
>> 	{ "CC"  "C" "sp2" }
>> 	{ "CN"  "C" "sp2" }
>> 	{ "CM"  "C" "sp2" }
>> 	{ "CK"  "C" "sp2" }
>> 	{ "CQ"  "C" "sp2" }
>> 	{ "CD"  "C" "sp2" }
>> 	{ "CE"  "C" "sp2" }
>> 	{ "CF"  "C" "sp2" }
>> 	{ "CP"  "C" "sp2" }
>> 	{ "CI"  "C" "sp2" }
>> 	{ "CJ"  "C" "sp2" }
>> 	{ "CW"  "C" "sp2" }
>> 	{ "CV"  "C" "sp2" }
>> 	{ "CR"  "C" "sp2" }
>> 	{ "CA"  "C" "sp2" }
>> 	{ "CY"  "C" "sp2" }
>> 	{ "C0"  "Ca" "sp2" }
>> 	{ "MG"  "Mg" "sp3" }
>> 	{ "N"   "N" "sp2" }
>> 	{ "NA"  "N" "sp2" }
>> 	{ "N2"  "N" "sp2" }
>> 	{ "N*"  "N" "sp2" }
>> 	{ "NP"  "N" "sp2" }
>> 	{ "NQ"  "N" "sp2" }
>> 	{ "NB"  "N" "sp2" }
>> 	{ "NC"  "N" "sp2" }
>> 	{ "NT"  "N" "sp3" }
>> 	{ "N3"  "N" "sp3" }
>> 	{ "S"   "S" "sp3" }
>> 	{ "SH"  "S" "sp3" }
>> 	{ "P"   "P" "sp3" }
>> 	{ "LP"  ""  "sp3" }
>> 	{ "F"   "F" "sp3" }
>> 	{ "CL"  "Cl" "sp3" }
>> 	{ "BR"  "Br" "sp3" }
>> 	{ "I"   "I"  "sp3" }
>> 	{ "FE"  "Fe" "sp3" }
>> 	{ "EP"  ""  "sp3" }
>> # glycam
>> 	{ "OG"  "O" "sp3" }
>> 	{ "OL"  "O" "sp3" }
>> 	{ "AC"  "C" "sp3" }
>> 	{ "EC"  "C" "sp3" }
>> }
>> #
>> #	Load the main parameter set.
>> #
>> parm99 = loadamberparams parm99.dat
Loading parameters: /share/home/zhanghaiping/program/amber16/dat/leap/parm/parm99.dat
Reading title:
PARM99 for DNA,RNA,AA, organic molecules, TIP3P wat. Polariz.& LP incl.02/04/99
(UNKNOWN ATOM TYPE: HZ)
(UNKNOWN ATOM TYPE: IM)
(UNKNOWN ATOM TYPE: Li)
(UNKNOWN ATOM TYPE: IP)
(UNKNOWN ATOM TYPE: K)
(UNKNOWN ATOM TYPE: Rb)
(UNKNOWN ATOM TYPE: Cs)
(UNKNOWN ATOM TYPE: Zn)
(UNKNOWN ATOM TYPE: IB)
(UNKNOWN ATOM TYPE: LP)
>> frcmod99SB = loadamberparams frcmod.ff99SB
Loading parameters: /share/home/zhanghaiping/program/amber16/dat/leap/parm/frcmod.ff99SB
Reading force field modification type file (frcmod)
Reading title:
Modification/update of parm99.dat (Hornak & Simmerling)
>> #
>> #	Load DNA/RNA libraries
>> #
>> loadOff all_nucleic94.lib
Loading library: /share/home/zhanghaiping/program/amber16/dat/leap/lib/all_nucleic94.lib
Loading: DA
Loading: DA3
Loading: DA5
Loading: DAN
Loading: DC
Loading: DC3
Loading: DC5
Loading: DCN
Loading: DG
Loading: DG3
Loading: DG5
Loading: DGN
Loading: DT
Loading: DT3
Loading: DT5
Loading: DTN
Loading: RA
Loading: RA3
Loading: RA5
Loading: RAN
Loading: RC
Loading: RC3
Loading: RC5
Loading: RCN
Loading: RG
Loading: RG3
Loading: RG5
Loading: RGN
Loading: RU
Loading: RU3
Loading: RU5
Loading: RUN
>> #
>> #	Load main chain and terminating 
>> #	amino acid libraries (i.e. ff94 libs)
>> #
>> loadOff all_amino94.lib
Loading library: /share/home/zhanghaiping/program/amber16/dat/leap/lib/all_amino94.lib
Loading: ALA
Loading: ARG
Loading: ASH
Loading: ASN
Loading: ASP
Loading: CYM
Loading: CYS
Loading: CYX
Loading: GLH
Loading: GLN
Loading: GLU
Loading: GLY
Loading: HID
Loading: HIE
Loading: HIP
Loading: ILE
Loading: LEU
Loading: LYN
Loading: LYS
Loading: MET
Loading: PHE
Loading: PRO
Loading: SER
Loading: THR
Loading: TRP
Loading: TYR
Loading: VAL
>> loadOff all_aminoct94.lib
Loading library: /share/home/zhanghaiping/program/amber16/dat/leap/lib/all_aminoct94.lib
Loading: CALA
Loading: CARG
Loading: CASN
Loading: CASP
Loading: CCYS
Loading: CCYX
Loading: CGLN
Loading: CGLU
Loading: CGLY
Loading: CHID
Loading: CHIE
Loading: CHIP
Loading: CILE
Loading: CLEU
Loading: CLYS
Loading: CMET
Loading: CPHE
Loading: CPRO
Loading: CSER
Loading: CTHR
Loading: CTRP
Loading: CTYR
Loading: CVAL
Loading: NHE
Loading: NME
>> loadOff all_aminont94.lib
Loading library: /share/home/zhanghaiping/program/amber16/dat/leap/lib/all_aminont94.lib
Loading: ACE
Loading: NALA
Loading: NARG
Loading: NASN
Loading: NASP
Loading: NCYS
Loading: NCYX
Loading: NGLN
Loading: NGLU
Loading: NGLY
Loading: NHID
Loading: NHIE
Loading: NHIP
Loading: NILE
Loading: NLEU
Loading: NLYS
Loading: NMET
Loading: NPHE
Loading: NPRO
Loading: NSER
Loading: NTHR
Loading: NTRP
Loading: NTYR
Loading: NVAL
>> #
>> #       Load water and ions
>> # 
>> loadOff ions94.lib
Loading library: /share/home/zhanghaiping/program/amber16/dat/leap/lib/ions94.lib
Loading: CIO
Loading: Cl-
Loading: Cs+
Loading: IB
Loading: K+
Loading: Li+
Loading: MG2
Loading: Na+
Loading: Rb+
>> loadOff solvents.lib
Loading library: /share/home/zhanghaiping/program/amber16/dat/leap/lib/solvents.lib
Loading: CHCL3BOX
Loading: DC4
Loading: FB3
Loading: FB3BOX
Loading: FB4
Loading: FB4BOX
Loading: MEOHBOX
Loading: NMABOX
Loading: OPC
Loading: OPCBOX
Loading: PL3
Loading: POL3BOX
Loading: QSPCFWBOX
Loading: SPC
Loading: SPCBOX
Loading: SPCFWBOX
Loading: SPF
Loading: SPG
Loading: T4E
Loading: TIP3PBOX
Loading: TIP3PFBOX
Loading: TIP4PBOX
Loading: TIP4PEWBOX
Loading: TIP5PBOX
Loading: TP3
Loading: TP4
Loading: TP5
Loading: TPF
>> HOH = TP3
>> WAT = TP3
>> 
>> #
>> #	Define the PDB name map for the amino acids and DNA.
>> #
>> addPdbResMap {
>>   { 0 "ALA" "NALA" } { 1 "ALA" "CALA" }
>>   { 0 "ARG" "NARG" } { 1 "ARG" "CARG" }
>>   { 0 "ASN" "NASN" } { 1 "ASN" "CASN" }
>>   { 0 "ASP" "NASP" } { 1 "ASP" "CASP" }
>>   { 0 "CYS" "NCYS" } { 1 "CYS" "CCYS" }
>>   { 0 "CYX" "NCYX" } { 1 "CYX" "CCYX" }
>>   { 0 "GLN" "NGLN" } { 1 "GLN" "CGLN" }
>>   { 0 "GLU" "NGLU" } { 1 "GLU" "CGLU" }
>>   { 0 "GLY" "NGLY" } { 1 "GLY" "CGLY" }
>>   { 0 "HID" "NHID" } { 1 "HID" "CHID" }
>>   { 0 "HIE" "NHIE" } { 1 "HIE" "CHIE" }
>>   { 0 "HIP" "NHIP" } { 1 "HIP" "CHIP" }
>>   { 0 "ILE" "NILE" } { 1 "ILE" "CILE" }
>>   { 0 "LEU" "NLEU" } { 1 "LEU" "CLEU" }
>>   { 0 "LYS" "NLYS" } { 1 "LYS" "CLYS" }
>>   { 0 "MET" "NMET" } { 1 "MET" "CMET" }
>>   { 0 "PHE" "NPHE" } { 1 "PHE" "CPHE" }
>>   { 0 "PRO" "NPRO" } { 1 "PRO" "CPRO" }
>>   { 0 "SER" "NSER" } { 1 "SER" "CSER" }
>>   { 0 "THR" "NTHR" } { 1 "THR" "CTHR" }
>>   { 0 "TRP" "NTRP" } { 1 "TRP" "CTRP" }
>>   { 0 "TYR" "NTYR" } { 1 "TYR" "CTYR" }
>>   { 0 "VAL" "NVAL" } { 1 "VAL" "CVAL" }
>>   { 0 "HIS" "NHIS" } { 1 "HIS" "CHIS" }
>>   { 0 "GUA" "DG5"  } { 1 "GUA" "DG3"  } { "GUA" "DG" }
>>   { 0 "ADE" "DA5"  } { 1 "ADE" "DA3"  } { "ADE" "DA" }
>>   { 0 "CYT" "DC5"  } { 1 "CYT" "DC3"  } { "CYT" "DC" }
>>   { 0 "THY" "DT5"  } { 1 "THY" "DT3"  } { "THY" "DT" }
>>   { 0 "G" "RG5"  } { 1 "G" "RG3"  } { "G" "RG" } { "GN" "RGN" }
>>   { 0 "A" "RA5"  } { 1 "A" "RA3"  } { "A" "RA" } { "AN" "RAN" }
>>   { 0 "C" "RC5"  } { 1 "C" "RC3"  } { "C" "RC" } { "CN" "RCN" }
>>   { 0 "U" "RU5"  } { 1 "U" "RU3"  } { "U" "RU" } { "UN" "RUN" }
>>   { 0 "DG" "DG5"  } { 1 "DG" "DG3"  }  
>>   { 0 "DA" "DA5"  } { 1 "DA" "DA3"  }  
>>   { 0 "DC" "DC5"  } { 1 "DC" "DC3"  }  
>>   { 0 "DT" "DT5"  } { 1 "DT" "DT3"  }
>> 
>> }
>> 
>> addPdbAtomMap {
>>   { "O5*" "O5'" }
>>   { "C5*" "C5'" }
>>   { "C4*" "C4'" }
>>   { "O4*" "O4'" }
>>   { "C3*" "C3'" }
>>   { "O3*" "O3'" }
>>   { "C2*" "C2'" }
>>   { "C1*" "C1'" }
>>   { "C5M" "C7"  }
>>   { "O2*" "O2'" }
>>   { "H1*" "H1'" }
>>   { "H2*1" "H2'1" }
>>   { "H2*2" "H2'2" }
>>   { "H2'"  "H2'1" }
>>   { "H2''" "H2'2" }
>>   { "H3*" "H3'" }
>>   { "H4*" "H4'" }
>>   { "H5*1" "H5'1" }
>>   { "H5*2" "H5'2" }
>>   { "H5'"  "H5'1" }
>>   { "H5''" "H5'2" }
>>   { "HO2'" "HO'2" }
>>   { "HO5'" "H5T" }
>>   { "HO3'" "H3T" }
>>   { "O1'" "O4'" }
>>   { "OA"  "O1P" }
>>   { "OB"  "O2P" }
>>   { "OP1" "O1P" }
>>   { "OP2" "O2P" }
>> }
>> 
>> 
>> #
>> # assumed that most often proteins use HIE
>> #
>> NHIS = NHIE
>> HIS = HIE
>> CHIS = CHIE
> 
> #source /home/zhp/tleap/leaprc.GLYCAM_06j-1
> set default PBRadii mbondi3
Using ArgH and AspGluO modified Bondi2 radii
> #3dipepide=sequence{ACE VAL NME}
> 
> 
> protein = loadpdb  1sqn_ww.pdb
Loading PDB file: ./1sqn_ww.pdb
Enter zPdbReadScan from call depth  0.
Exit  zPdbReadScan from call depth  0.
Matching PDB residue names to LEaP variables.
Mapped residue GLN, term: Terminal/beginning, seq. number: 0 to: NGLN.
(Residue 1: LEU, Nonterminal, was not found in name map.)
(Residue 2: ILE, Nonterminal, was not found in name map.)
(Residue 3: PRO, Nonterminal, was not found in name map.)
(Residue 4: PRO, Nonterminal, was not found in name map.)
(Residue 5: LEU, Nonterminal, was not found in name map.)
(Residue 6: ILE, Nonterminal, was not found in name map.)
(Residue 7: ASN, Nonterminal, was not found in name map.)
(Residue 8: LEU, Nonterminal, was not found in name map.)
(Residue 9: LEU, Nonterminal, was not found in name map.)
(Residue 10: MET, Nonterminal, was not found in name map.)
(Residue 11: SER, Nonterminal, was not found in name map.)
(Residue 12: ILE, Nonterminal, was not found in name map.)
(Residue 13: GLU, Nonterminal, was not found in name map.)
(Residue 14: PRO, Nonterminal, was not found in name map.)
(Residue 15: ASP, Nonterminal, was not found in name map.)
(Residue 16: VAL, Nonterminal, was not found in name map.)
(Residue 17: ILE, Nonterminal, was not found in name map.)
(Residue 18: TYR, Nonterminal, was not found in name map.)
(Residue 19: ALA, Nonterminal, was not found in name map.)
(Residue 20: GLY, Nonterminal, was not found in name map.)
(Residue 21: HIS, Nonterminal, was not found in name map.)
(Residue 22: ASP, Nonterminal, was not found in name map.)
(Residue 23: ASN, Nonterminal, was not found in name map.)
(Residue 24: PRO, Nonterminal, was not found in name map.)
(Residue 25: ASP, Nonterminal, was not found in name map.)
(Residue 26: THR, Nonterminal, was not found in name map.)
(Residue 27: SER, Nonterminal, was not found in name map.)
(Residue 28: SER, Nonterminal, was not found in name map.)
(Residue 29: SER, Nonterminal, was not found in name map.)
(Residue 30: LEU, Nonterminal, was not found in name map.)
(Residue 31: LEU, Nonterminal, was not found in name map.)
(Residue 32: THR, Nonterminal, was not found in name map.)
(Residue 33: SER, Nonterminal, was not found in name map.)
(Residue 34: LEU, Nonterminal, was not found in name map.)
(Residue 35: ASN, Nonterminal, was not found in name map.)
(Residue 36: GLN, Nonterminal, was not found in name map.)
(Residue 37: LEU, Nonterminal, was not found in name map.)
(Residue 38: GLY, Nonterminal, was not found in name map.)
(Residue 39: GLU, Nonterminal, was not found in name map.)
(Residue 40: ARG, Nonterminal, was not found in name map.)
(Residue 41: GLN, Nonterminal, was not found in name map.)
(Residue 42: LEU, Nonterminal, was not found in name map.)
(Residue 43: LEU, Nonterminal, was not found in name map.)
(Residue 44: SER, Nonterminal, was not found in name map.)
(Residue 45: VAL, Nonterminal, was not found in name map.)
(Residue 46: VAL, Nonterminal, was not found in name map.)
(Residue 47: LYS, Nonterminal, was not found in name map.)
(Residue 48: TRP, Nonterminal, was not found in name map.)
(Residue 49: SER, Nonterminal, was not found in name map.)
(Residue 50: LYS, Nonterminal, was not found in name map.)
(Residue 51: SER, Nonterminal, was not found in name map.)
(Residue 52: LEU, Nonterminal, was not found in name map.)
(Residue 53: PRO, Nonterminal, was not found in name map.)
(Residue 54: GLY, Nonterminal, was not found in name map.)
(Residue 55: PHE, Nonterminal, was not found in name map.)
(Residue 56: ARG, Nonterminal, was not found in name map.)
(Residue 57: ASN, Nonterminal, was not found in name map.)
(Residue 58: LEU, Nonterminal, was not found in name map.)
(Residue 59: HIS, Nonterminal, was not found in name map.)
(Residue 60: ILE, Nonterminal, was not found in name map.)
(Residue 61: ASP, Nonterminal, was not found in name map.)
(Residue 62: ASP, Nonterminal, was not found in name map.)
(Residue 63: GLN, Nonterminal, was not found in name map.)
(Residue 64: ILE, Nonterminal, was not found in name map.)
(Residue 65: THR, Nonterminal, was not found in name map.)
(Residue 66: LEU, Nonterminal, was not found in name map.)
(Residue 67: ILE, Nonterminal, was not found in name map.)
(Residue 68: GLN, Nonterminal, was not found in name map.)
(Residue 69: TYR, Nonterminal, was not found in name map.)
(Residue 70: SER, Nonterminal, was not found in name map.)
(Residue 71: TRP, Nonterminal, was not found in name map.)
(Residue 72: MET, Nonterminal, was not found in name map.)
(Residue 73: SER, Nonterminal, was not found in name map.)
(Residue 74: LEU, Nonterminal, was not found in name map.)
(Residue 75: MET, Nonterminal, was not found in name map.)
(Residue 76: VAL, Nonterminal, was not found in name map.)
(Residue 77: PHE, Nonterminal, was not found in name map.)
(Residue 78: GLY, Nonterminal, was not found in name map.)
(Residue 79: LEU, Nonterminal, was not found in name map.)
(Residue 80: GLY, Nonterminal, was not found in name map.)
(Residue 81: TRP, Nonterminal, was not found in name map.)
(Residue 82: ARG, Nonterminal, was not found in name map.)
(Residue 83: SER, Nonterminal, was not found in name map.)
(Residue 84: TYR, Nonterminal, was not found in name map.)
(Residue 85: LYS, Nonterminal, was not found in name map.)
(Residue 86: HIS, Nonterminal, was not found in name map.)
(Residue 87: VAL, Nonterminal, was not found in name map.)
(Residue 88: SER, Nonterminal, was not found in name map.)
(Residue 89: GLY, Nonterminal, was not found in name map.)
(Residue 90: GLN, Nonterminal, was not found in name map.)
(Residue 91: MET, Nonterminal, was not found in name map.)
(Residue 92: LEU, Nonterminal, was not found in name map.)
(Residue 93: TYR, Nonterminal, was not found in name map.)
(Residue 94: PHE, Nonterminal, was not found in name map.)
(Residue 95: ALA, Nonterminal, was not found in name map.)
(Residue 96: PRO, Nonterminal, was not found in name map.)
(Residue 97: ASP, Nonterminal, was not found in name map.)
(Residue 98: LEU, Nonterminal, was not found in name map.)
(Residue 99: ILE, Nonterminal, was not found in name map.)
(Residue 100: LEU, Nonterminal, was not found in name map.)
(Residue 101: ASN, Nonterminal, was not found in name map.)
(Residue 102: GLU, Nonterminal, was not found in name map.)
(Residue 103: GLN, Nonterminal, was not found in name map.)
(Residue 104: ARG, Nonterminal, was not found in name map.)
(Residue 105: MET, Nonterminal, was not found in name map.)
(Residue 106: LYS, Nonterminal, was not found in name map.)
(Residue 107: GLU, Nonterminal, was not found in name map.)
(Residue 108: SER, Nonterminal, was not found in name map.)
(Residue 109: SER, Nonterminal, was not found in name map.)
(Residue 110: PHE, Nonterminal, was not found in name map.)
(Residue 111: TYR, Nonterminal, was not found in name map.)
(Residue 112: SER, Nonterminal, was not found in name map.)
(Residue 113: LEU, Nonterminal, was not found in name map.)
(Residue 114: CYS, Nonterminal, was not found in name map.)
(Residue 115: LEU, Nonterminal, was not found in name map.)
(Residue 116: THR, Nonterminal, was not found in name map.)
(Residue 117: MET, Nonterminal, was not found in name map.)
(Residue 118: TRP, Nonterminal, was not found in name map.)
(Residue 119: GLN, Nonterminal, was not found in name map.)
(Residue 120: ILE, Nonterminal, was not found in name map.)
(Residue 121: PRO, Nonterminal, was not found in name map.)
(Residue 122: GLN, Nonterminal, was not found in name map.)
(Residue 123: GLU, Nonterminal, was not found in name map.)
(Residue 124: PHE, Nonterminal, was not found in name map.)
(Residue 125: VAL, Nonterminal, was not found in name map.)
(Residue 126: LYS, Nonterminal, was not found in name map.)
(Residue 127: LEU, Nonterminal, was not found in name map.)
(Residue 128: GLN, Nonterminal, was not found in name map.)
(Residue 129: VAL, Nonterminal, was not found in name map.)
(Residue 130: SER, Nonterminal, was not found in name map.)
(Residue 131: GLN, Nonterminal, was not found in name map.)
(Residue 132: GLU, Nonterminal, was not found in name map.)
(Residue 133: GLU, Nonterminal, was not found in name map.)
(Residue 134: PHE, Nonterminal, was not found in name map.)
(Residue 135: LEU, Nonterminal, was not found in name map.)
(Residue 136: CYS, Nonterminal, was not found in name map.)
(Residue 137: MET, Nonterminal, was not found in name map.)
(Residue 138: LYS, Nonterminal, was not found in name map.)
(Residue 139: VAL, Nonterminal, was not found in name map.)
(Residue 140: LEU, Nonterminal, was not found in name map.)
(Residue 141: LEU, Nonterminal, was not found in name map.)
(Residue 142: LEU, Nonterminal, was not found in name map.)
(Residue 143: LEU, Nonterminal, was not found in name map.)
(Residue 144: ASN, Nonterminal, was not found in name map.)
(Residue 145: THR, Nonterminal, was not found in name map.)
(Residue 146: ILE, Nonterminal, was not found in name map.)
(Residue 147: PRO, Nonterminal, was not found in name map.)
(Residue 148: LEU, Nonterminal, was not found in name map.)
(Residue 149: GLU, Nonterminal, was not found in name map.)
(Residue 150: GLY, Nonterminal, was not found in name map.)
(Residue 151: LEU, Nonterminal, was not found in name map.)
(Residue 152: ARG, Nonterminal, was not found in name map.)
(Residue 153: SER, Nonterminal, was not found in name map.)
(Residue 154: GLN, Nonterminal, was not found in name map.)
(Residue 155: THR, Nonterminal, was not found in name map.)
(Residue 156: GLN, Nonterminal, was not found in name map.)
(Residue 157: PHE, Nonterminal, was not found in name map.)
(Residue 158: GLU, Nonterminal, was not found in name map.)
(Residue 159: GLU, Nonterminal, was not found in name map.)
(Residue 160: MET, Nonterminal, was not found in name map.)
(Residue 161: ARG, Nonterminal, was not found in name map.)
(Residue 162: SER, Nonterminal, was not found in name map.)
(Residue 163: SER, Nonterminal, was not found in name map.)
(Residue 164: TYR, Nonterminal, was not found in name map.)
(Residue 165: ILE, Nonterminal, was not found in name map.)
(Residue 166: ARG, Nonterminal, was not found in name map.)
(Residue 167: GLU, Nonterminal, was not found in name map.)
(Residue 168: LEU, Nonterminal, was not found in name map.)
(Residue 169: ILE, Nonterminal, was not found in name map.)
(Residue 170: LYS, Nonterminal, was not found in name map.)
(Residue 171: ALA, Nonterminal, was not found in name map.)
(Residue 172: ILE, Nonterminal, was not found in name map.)
(Residue 173: GLY, Nonterminal, was not found in name map.)
(Residue 174: LEU, Nonterminal, was not found in name map.)
(Residue 175: ARG, Nonterminal, was not found in name map.)
(Residue 176: GLN, Nonterminal, was not found in name map.)
(Residue 177: GLY, Nonterminal, was not found in name map.)
(Residue 178: VAL, Nonterminal, was not found in name map.)
(Residue 179: VAL, Nonterminal, was not found in name map.)
(Residue 180: SER, Nonterminal, was not found in name map.)
(Residue 181: SER, Nonterminal, was not found in name map.)
(Residue 182: SER, Nonterminal, was not found in name map.)
(Residue 183: GLN, Nonterminal, was not found in name map.)
(Residue 184: ARG, Nonterminal, was not found in name map.)
(Residue 185: PHE, Nonterminal, was not found in name map.)
(Residue 186: TYR, Nonterminal, was not found in name map.)
(Residue 187: GLN, Nonterminal, was not found in name map.)
(Residue 188: LEU, Nonterminal, was not found in name map.)
(Residue 189: THR, Nonterminal, was not found in name map.)
(Residue 190: LYS, Nonterminal, was not found in name map.)
(Residue 191: LEU, Nonterminal, was not found in name map.)
(Residue 192: LEU, Nonterminal, was not found in name map.)
(Residue 193: ASP, Nonterminal, was not found in name map.)
(Residue 194: ASN, Nonterminal, was not found in name map.)
(Residue 195: LEU, Nonterminal, was not found in name map.)
(Residue 196: HIS, Nonterminal, was not found in name map.)
(Residue 197: ASP, Nonterminal, was not found in name map.)
(Residue 198: LEU, Nonterminal, was not found in name map.)
(Residue 199: VAL, Nonterminal, was not found in name map.)
(Residue 200: LYS, Nonterminal, was not found in name map.)
(Residue 201: GLN, Nonterminal, was not found in name map.)
(Residue 202: LEU, Nonterminal, was not found in name map.)
(Residue 203: HIS, Nonterminal, was not found in name map.)
(Residue 204: LEU, Nonterminal, was not found in name map.)
(Residue 205: TYR, Nonterminal, was not found in name map.)
(Residue 206: CYS, Nonterminal, was not found in name map.)
(Residue 207: LEU, Nonterminal, was not found in name map.)
(Residue 208: ASN, Nonterminal, was not found in name map.)
(Residue 209: THR, Nonterminal, was not found in name map.)
(Residue 210: PHE, Nonterminal, was not found in name map.)
(Residue 211: ILE, Nonterminal, was not found in name map.)
(Residue 212: GLN, Nonterminal, was not found in name map.)
(Residue 213: SER, Nonterminal, was not found in name map.)
(Residue 214: ARG, Nonterminal, was not found in name map.)
(Residue 215: ALA, Nonterminal, was not found in name map.)
(Residue 216: LEU, Nonterminal, was not found in name map.)
(Residue 217: SER, Nonterminal, was not found in name map.)
(Residue 218: VAL, Nonterminal, was not found in name map.)
(Residue 219: GLU, Nonterminal, was not found in name map.)
(Residue 220: PHE, Nonterminal, was not found in name map.)
(Residue 221: PRO, Nonterminal, was not found in name map.)
(Residue 222: GLU, Nonterminal, was not found in name map.)
(Residue 223: MET, Nonterminal, was not found in name map.)
(Residue 224: MET, Nonterminal, was not found in name map.)
(Residue 225: SER, Nonterminal, was not found in name map.)
(Residue 226: GLU, Nonterminal, was not found in name map.)
(Residue 227: VAL, Nonterminal, was not found in name map.)
(Residue 228: ILE, Nonterminal, was not found in name map.)
(Residue 229: ALA, Nonterminal, was not found in name map.)
(Residue 230: ALA, Nonterminal, was not found in name map.)
(Residue 231: GLN, Nonterminal, was not found in name map.)
(Residue 232: LEU, Nonterminal, was not found in name map.)
(Residue 233: PRO, Nonterminal, was not found in name map.)
(Residue 234: LYS, Nonterminal, was not found in name map.)
(Residue 235: ILE, Nonterminal, was not found in name map.)
(Residue 236: LEU, Nonterminal, was not found in name map.)
(Residue 237: ALA, Nonterminal, was not found in name map.)
(Residue 238: GLY, Nonterminal, was not found in name map.)
(Residue 239: MET, Nonterminal, was not found in name map.)
(Residue 240: VAL, Nonterminal, was not found in name map.)
(Residue 241: LYS, Nonterminal, was not found in name map.)
(Residue 242: PRO, Nonterminal, was not found in name map.)
(Residue 243: LEU, Nonterminal, was not found in name map.)
(Residue 244: LEU, Nonterminal, was not found in name map.)
(Residue 245: PHE, Nonterminal, was not found in name map.)
(Residue 246: HIS, Nonterminal, was not found in name map.)
Mapped residue LYS, term: Terminal/last, seq. number: 247 to: CLYS.
Mapped residue LEU, term: Terminal/beginning, seq. number: 248 to: NLEU.
(Residue 249: ILE, Nonterminal, was not found in name map.)
(Residue 250: PRO, Nonterminal, was not found in name map.)
(Residue 251: PRO, Nonterminal, was not found in name map.)
(Residue 252: LEU, Nonterminal, was not found in name map.)
(Residue 253: ILE, Nonterminal, was not found in name map.)
(Residue 254: ASN, Nonterminal, was not found in name map.)
(Residue 255: LEU, Nonterminal, was not found in name map.)
(Residue 256: LEU, Nonterminal, was not found in name map.)
(Residue 257: MET, Nonterminal, was not found in name map.)
(Residue 258: SER, Nonterminal, was not found in name map.)
(Residue 259: ILE, Nonterminal, was not found in name map.)
(Residue 260: GLU, Nonterminal, was not found in name map.)
(Residue 261: PRO, Nonterminal, was not found in name map.)
(Residue 262: ASP, Nonterminal, was not found in name map.)
(Residue 263: VAL, Nonterminal, was not found in name map.)
(Residue 264: ILE, Nonterminal, was not found in name map.)
(Residue 265: TYR, Nonterminal, was not found in name map.)
(Residue 266: ALA, Nonterminal, was not found in name map.)
(Residue 267: GLY, Nonterminal, was not found in name map.)
(Residue 268: HIS, Nonterminal, was not found in name map.)
(Residue 269: ASP, Nonterminal, was not found in name map.)
(Residue 270: ASN, Nonterminal, was not found in name map.)
(Residue 271: THR, Nonterminal, was not found in name map.)
(Residue 272: LYS, Nonterminal, was not found in name map.)
(Residue 273: PRO, Nonterminal, was not found in name map.)
(Residue 274: ASP, Nonterminal, was not found in name map.)
(Residue 275: THR, Nonterminal, was not found in name map.)
(Residue 276: SER, Nonterminal, was not found in name map.)
(Residue 277: SER, Nonterminal, was not found in name map.)
(Residue 278: SER, Nonterminal, was not found in name map.)
(Residue 279: LEU, Nonterminal, was not found in name map.)
(Residue 280: LEU, Nonterminal, was not found in name map.)
(Residue 281: THR, Nonterminal, was not found in name map.)
(Residue 282: SER, Nonterminal, was not found in name map.)
(Residue 283: LEU, Nonterminal, was not found in name map.)
(Residue 284: ASN, Nonterminal, was not found in name map.)
(Residue 285: GLN, Nonterminal, was not found in name map.)
(Residue 286: LEU, Nonterminal, was not found in name map.)
(Residue 287: GLY, Nonterminal, was not found in name map.)
(Residue 288: GLU, Nonterminal, was not found in name map.)
(Residue 289: ARG, Nonterminal, was not found in name map.)
(Residue 290: GLN, Nonterminal, was not found in name map.)
(Residue 291: LEU, Nonterminal, was not found in name map.)
(Residue 292: LEU, Nonterminal, was not found in name map.)
(Residue 293: SER, Nonterminal, was not found in name map.)
(Residue 294: VAL, Nonterminal, was not found in name map.)
(Residue 295: VAL, Nonterminal, was not found in name map.)
(Residue 296: LYS, Nonterminal, was not found in name map.)
(Residue 297: TRP, Nonterminal, was not found in name map.)
(Residue 298: SER, Nonterminal, was not found in name map.)
(Residue 299: LYS, Nonterminal, was not found in name map.)
(Residue 300: SER, Nonterminal, was not found in name map.)
(Residue 301: LEU, Nonterminal, was not found in name map.)
(Residue 302: PRO, Nonterminal, was not found in name map.)
(Residue 303: GLY, Nonterminal, was not found in name map.)
(Residue 304: PHE, Nonterminal, was not found in name map.)
(Residue 305: ARG, Nonterminal, was not found in name map.)
(Residue 306: ASN, Nonterminal, was not found in name map.)
(Residue 307: LEU, Nonterminal, was not found in name map.)
(Residue 308: HIS, Nonterminal, was not found in name map.)
(Residue 309: ILE, Nonterminal, was not found in name map.)
(Residue 310: ASP, Nonterminal, was not found in name map.)
(Residue 311: ASP, Nonterminal, was not found in name map.)
(Residue 312: GLN, Nonterminal, was not found in name map.)
(Residue 313: ILE, Nonterminal, was not found in name map.)
(Residue 314: THR, Nonterminal, was not found in name map.)
(Residue 315: LEU, Nonterminal, was not found in name map.)
(Residue 316: ILE, Nonterminal, was not found in name map.)
(Residue 317: GLN, Nonterminal, was not found in name map.)
(Residue 318: TYR, Nonterminal, was not found in name map.)
(Residue 319: SER, Nonterminal, was not found in name map.)
(Residue 320: TRP, Nonterminal, was not found in name map.)
(Residue 321: MET, Nonterminal, was not found in name map.)
(Residue 322: SER, Nonterminal, was not found in name map.)
(Residue 323: LEU, Nonterminal, was not found in name map.)
(Residue 324: MET, Nonterminal, was not found in name map.)
(Residue 325: VAL, Nonterminal, was not found in name map.)
(Residue 326: PHE, Nonterminal, was not found in name map.)
(Residue 327: GLY, Nonterminal, was not found in name map.)
(Residue 328: LEU, Nonterminal, was not found in name map.)
(Residue 329: GLY, Nonterminal, was not found in name map.)
(Residue 330: TRP, Nonterminal, was not found in name map.)
(Residue 331: ARG, Nonterminal, was not found in name map.)
(Residue 332: SER, Nonterminal, was not found in name map.)
(Residue 333: TYR, Nonterminal, was not found in name map.)
(Residue 334: LYS, Nonterminal, was not found in name map.)
(Residue 335: HIS, Nonterminal, was not found in name map.)
(Residue 336: VAL, Nonterminal, was not found in name map.)
(Residue 337: SER, Nonterminal, was not found in name map.)
(Residue 338: GLY, Nonterminal, was not found in name map.)
(Residue 339: GLN, Nonterminal, was not found in name map.)
(Residue 340: MET, Nonterminal, was not found in name map.)
(Residue 341: LEU, Nonterminal, was not found in name map.)
(Residue 342: TYR, Nonterminal, was not found in name map.)
(Residue 343: PHE, Nonterminal, was not found in name map.)
(Residue 344: ALA, Nonterminal, was not found in name map.)
(Residue 345: PRO, Nonterminal, was not found in name map.)
(Residue 346: ASP, Nonterminal, was not found in name map.)
(Residue 347: LEU, Nonterminal, was not found in name map.)
(Residue 348: ILE, Nonterminal, was not found in name map.)
(Residue 349: LEU, Nonterminal, was not found in name map.)
(Residue 350: ASN, Nonterminal, was not found in name map.)
(Residue 351: GLU, Nonterminal, was not found in name map.)
(Residue 352: GLN, Nonterminal, was not found in name map.)
(Residue 353: ARG, Nonterminal, was not found in name map.)
(Residue 354: MET, Nonterminal, was not found in name map.)
(Residue 355: LYS, Nonterminal, was not found in name map.)
(Residue 356: GLU, Nonterminal, was not found in name map.)
(Residue 357: SER, Nonterminal, was not found in name map.)
(Residue 358: SER, Nonterminal, was not found in name map.)
(Residue 359: PHE, Nonterminal, was not found in name map.)
(Residue 360: TYR, Nonterminal, was not found in name map.)
(Residue 361: SER, Nonterminal, was not found in name map.)
(Residue 362: LEU, Nonterminal, was not found in name map.)
(Residue 363: CYS, Nonterminal, was not found in name map.)
(Residue 364: LEU, Nonterminal, was not found in name map.)
(Residue 365: THR, Nonterminal, was not found in name map.)
(Residue 366: MET, Nonterminal, was not found in name map.)
(Residue 367: TRP, Nonterminal, was not found in name map.)
(Residue 368: GLN, Nonterminal, was not found in name map.)
(Residue 369: ILE, Nonterminal, was not found in name map.)
(Residue 370: PRO, Nonterminal, was not found in name map.)
(Residue 371: GLN, Nonterminal, was not found in name map.)
(Residue 372: GLU, Nonterminal, was not found in name map.)
(Residue 373: PHE, Nonterminal, was not found in name map.)
(Residue 374: VAL, Nonterminal, was not found in name map.)
(Residue 375: LYS, Nonterminal, was not found in name map.)
(Residue 376: LEU, Nonterminal, was not found in name map.)
(Residue 377: GLN, Nonterminal, was not found in name map.)
(Residue 378: VAL, Nonterminal, was not found in name map.)
(Residue 379: SER, Nonterminal, was not found in name map.)
(Residue 380: GLN, Nonterminal, was not found in name map.)
(Residue 381: GLU, Nonterminal, was not found in name map.)
(Residue 382: GLU, Nonterminal, was not found in name map.)
(Residue 383: PHE, Nonterminal, was not found in name map.)
(Residue 384: LEU, Nonterminal, was not found in name map.)
(Residue 385: CYS, Nonterminal, was not found in name map.)
(Residue 386: MET, Nonterminal, was not found in name map.)
(Residue 387: LYS, Nonterminal, was not found in name map.)
(Residue 388: VAL, Nonterminal, was not found in name map.)
(Residue 389: LEU, Nonterminal, was not found in name map.)
(Residue 390: LEU, Nonterminal, was not found in name map.)
(Residue 391: LEU, Nonterminal, was not found in name map.)
(Residue 392: LEU, Nonterminal, was not found in name map.)
(Residue 393: ASN, Nonterminal, was not found in name map.)
(Residue 394: THR, Nonterminal, was not found in name map.)
(Residue 395: ILE, Nonterminal, was not found in name map.)
(Residue 396: PRO, Nonterminal, was not found in name map.)
(Residue 397: LEU, Nonterminal, was not found in name map.)
(Residue 398: GLU, Nonterminal, was not found in name map.)
(Residue 399: GLY, Nonterminal, was not found in name map.)
(Residue 400: LEU, Nonterminal, was not found in name map.)
(Residue 401: ARG, Nonterminal, was not found in name map.)
(Residue 402: SER, Nonterminal, was not found in name map.)
(Residue 403: GLN, Nonterminal, was not found in name map.)
(Residue 404: THR, Nonterminal, was not found in name map.)
(Residue 405: GLN, Nonterminal, was not found in name map.)
(Residue 406: PHE, Nonterminal, was not found in name map.)
(Residue 407: GLU, Nonterminal, was not found in name map.)
(Residue 408: GLU, Nonterminal, was not found in name map.)
(Residue 409: MET, Nonterminal, was not found in name map.)
(Residue 410: ARG, Nonterminal, was not found in name map.)
(Residue 411: SER, Nonterminal, was not found in name map.)
(Residue 412: SER, Nonterminal, was not found in name map.)
(Residue 413: TYR, Nonterminal, was not found in name map.)
(Residue 414: ILE, Nonterminal, was not found in name map.)
(Residue 415: ARG, Nonterminal, was not found in name map.)
(Residue 416: GLU, Nonterminal, was not found in name map.)
(Residue 417: LEU, Nonterminal, was not found in name map.)
(Residue 418: ILE, Nonterminal, was not found in name map.)
(Residue 419: LYS, Nonterminal, was not found in name map.)
(Residue 420: ALA, Nonterminal, was not found in name map.)
(Residue 421: ILE, Nonterminal, was not found in name map.)
(Residue 422: GLY, Nonterminal, was not found in name map.)
(Residue 423: LEU, Nonterminal, was not found in name map.)
(Residue 424: ARG, Nonterminal, was not found in name map.)
(Residue 425: GLN, Nonterminal, was not found in name map.)
(Residue 426: GLY, Nonterminal, was not found in name map.)
(Residue 427: VAL, Nonterminal, was not found in name map.)
(Residue 428: VAL, Nonterminal, was not found in name map.)
(Residue 429: SER, Nonterminal, was not found in name map.)
(Residue 430: SER, Nonterminal, was not found in name map.)
(Residue 431: SER, Nonterminal, was not found in name map.)
(Residue 432: GLN, Nonterminal, was not found in name map.)
(Residue 433: ARG, Nonterminal, was not found in name map.)
(Residue 434: PHE, Nonterminal, was not found in name map.)
(Residue 435: TYR, Nonterminal, was not found in name map.)
(Residue 436: GLN, Nonterminal, was not found in name map.)
(Residue 437: LEU, Nonterminal, was not found in name map.)
(Residue 438: THR, Nonterminal, was not found in name map.)
(Residue 439: LYS, Nonterminal, was not found in name map.)
(Residue 440: LEU, Nonterminal, was not found in name map.)
(Residue 441: LEU, Nonterminal, was not found in name map.)
(Residue 442: ASP, Nonterminal, was not found in name map.)
(Residue 443: ASN, Nonterminal, was not found in name map.)
(Residue 444: LEU, Nonterminal, was not found in name map.)
(Residue 445: HIS, Nonterminal, was not found in name map.)
(Residue 446: ASP, Nonterminal, was not found in name map.)
(Residue 447: LEU, Nonterminal, was not found in name map.)
(Residue 448: VAL, Nonterminal, was not found in name map.)
(Residue 449: LYS, Nonterminal, was not found in name map.)
(Residue 450: GLN, Nonterminal, was not found in name map.)
(Residue 451: LEU, Nonterminal, was not found in name map.)
(Residue 452: HIS, Nonterminal, was not found in name map.)
(Residue 453: LEU, Nonterminal, was not found in name map.)
(Residue 454: TYR, Nonterminal, was not found in name map.)
(Residue 455: CYS, Nonterminal, was not found in name map.)
(Residue 456: LEU, Nonterminal, was not found in name map.)
(Residue 457: ASN, Nonterminal, was not found in name map.)
(Residue 458: THR, Nonterminal, was not found in name map.)
(Residue 459: PHE, Nonterminal, was not found in name map.)
(Residue 460: ILE, Nonterminal, was not found in name map.)
(Residue 461: GLN, Nonterminal, was not found in name map.)
(Residue 462: SER, Nonterminal, was not found in name map.)
(Residue 463: ARG, Nonterminal, was not found in name map.)
(Residue 464: ALA, Nonterminal, was not found in name map.)
(Residue 465: LEU, Nonterminal, was not found in name map.)
(Residue 466: SER, Nonterminal, was not found in name map.)
(Residue 467: VAL, Nonterminal, was not found in name map.)
(Residue 468: GLU, Nonterminal, was not found in name map.)
(Residue 469: PHE, Nonterminal, was not found in name map.)
(Residue 470: PRO, Nonterminal, was not found in name map.)
(Residue 471: GLU, Nonterminal, was not found in name map.)
(Residue 472: MET, Nonterminal, was not found in name map.)
(Residue 473: MET, Nonterminal, was not found in name map.)
(Residue 474: SER, Nonterminal, was not found in name map.)
(Residue 475: GLU, Nonterminal, was not found in name map.)
(Residue 476: VAL, Nonterminal, was not found in name map.)
(Residue 477: ILE, Nonterminal, was not found in name map.)
(Residue 478: ALA, Nonterminal, was not found in name map.)
(Residue 479: ALA, Nonterminal, was not found in name map.)
(Residue 480: GLN, Nonterminal, was not found in name map.)
(Residue 481: LEU, Nonterminal, was not found in name map.)
(Residue 482: PRO, Nonterminal, was not found in name map.)
(Residue 483: LYS, Nonterminal, was not found in name map.)
(Residue 484: ILE, Nonterminal, was not found in name map.)
(Residue 485: LEU, Nonterminal, was not found in name map.)
(Residue 486: ALA, Nonterminal, was not found in name map.)
(Residue 487: GLY, Nonterminal, was not found in name map.)
(Residue 488: MET, Nonterminal, was not found in name map.)
(Residue 489: VAL, Nonterminal, was not found in name map.)
(Residue 490: LYS, Nonterminal, was not found in name map.)
(Residue 491: PRO, Nonterminal, was not found in name map.)
(Residue 492: LEU, Nonterminal, was not found in name map.)
(Residue 493: LEU, Nonterminal, was not found in name map.)
(Residue 494: PHE, Nonterminal, was not found in name map.)
(Residue 495: HIS, Nonterminal, was not found in name map.)
(Residue 496: LYS, Nonterminal, was not found in name map.)
Mapped residue LYS, term: Terminal/last, seq. number: 497 to: CLYS.
  Added missing heavy atom: .R<NGLN 682>.A<CG 10>
  Added missing heavy atom: .R<NGLN 682>.A<CD 13>
  Added missing heavy atom: .R<NGLN 682>.A<OE1 14>
  Added missing heavy atom: .R<NGLN 682>.A<NE2 15>
Joining NGLN - LEU
  Added missing heavy atom: .R<LEU 683>.A<CG 8>
  Added missing heavy atom: .R<LEU 683>.A<CD1 10>
  Added missing heavy atom: .R<LEU 683>.A<CD2 14>
Joining LEU - ILE
Joining ILE - PRO
Joining PRO - PRO
Joining PRO - LEU
Joining LEU - ILE
Joining ILE - ASN
Joining ASN - LEU
Joining LEU - LEU
Joining LEU - MET
Joining MET - SER
Joining SER - ILE
Joining ILE - GLU
Joining GLU - PRO
Joining PRO - ASP
Joining ASP - VAL
Joining VAL - ILE
Joining ILE - TYR
Joining TYR - ALA
Joining ALA - GLY
Joining GLY - HIE
Joining HIE - ASP
  Added missing heavy atom: .R<ASP 704>.A<CG 8>
  Added missing heavy atom: .R<ASP 704>.A<OD1 9>
  Added missing heavy atom: .R<ASP 704>.A<OD2 10>
Joining ASP - ASN
Joining ASN - PRO
Joining PRO - ASP
Joining ASP - THR
Joining THR - SER
Joining SER - SER
Joining SER - SER
Joining SER - LEU
Joining LEU - LEU
Joining LEU - THR
Joining THR - SER
Joining SER - LEU
Joining LEU - ASN
Joining ASN - GLN
Joining GLN - LEU
Joining LEU - GLY
Joining GLY - GLU
Joining GLU - ARG
Joining ARG - GLN
Joining GLN - LEU
Joining LEU - LEU
Joining LEU - SER
Joining SER - VAL
Joining VAL - VAL
Joining VAL - LYS
Joining LYS - TRP
Joining TRP - SER
Joining SER - LYS
Joining LYS - SER
Joining SER - LEU
Joining LEU - PRO
Joining PRO - GLY
Joining GLY - PHE
Joining PHE - ARG
Joining ARG - ASN
Joining ASN - LEU
Joining LEU - HIE
Joining HIE - ILE
Joining ILE - ASP
Joining ASP - ASP
Joining ASP - GLN
Joining GLN - ILE
Joining ILE - THR
Joining THR - LEU
Joining LEU - ILE
Joining ILE - GLN
Joining GLN - TYR
Joining TYR - SER
Joining SER - TRP
Joining TRP - MET
Joining MET - SER
Joining SER - LEU
Joining LEU - MET
Joining MET - VAL
Joining VAL - PHE
Joining PHE - GLY
Joining GLY - LEU
Joining LEU - GLY
Joining GLY - TRP
Joining TRP - ARG
Joining ARG - SER
Joining SER - TYR
Joining TYR - LYS
Joining LYS - HIE
Joining HIE - VAL
Joining VAL - SER
Joining SER - GLY
Joining GLY - GLN
Joining GLN - MET
Joining MET - LEU
Joining LEU - TYR
Joining TYR - PHE
Joining PHE - ALA
Joining ALA - PRO
Joining PRO - ASP
Joining ASP - LEU
Joining LEU - ILE
Joining ILE - LEU
Joining LEU - ASN
Joining ASN - GLU
Joining GLU - GLN
Joining GLN - ARG
  Added missing heavy atom: .R<ARG 786>.A<CG 8>
  Added missing heavy atom: .R<ARG 786>.A<CD 11>
  Added missing heavy atom: .R<ARG 786>.A<NE 14>
  Added missing heavy atom: .R<ARG 786>.A<CZ 16>
  Added missing heavy atom: .R<ARG 786>.A<NH1 17>
  Added missing heavy atom: .R<ARG 786>.A<NH2 20>
Joining ARG - MET
Joining MET - LYS
Joining LYS - GLU
Joining GLU - SER
Joining SER - SER
Joining SER - PHE
Joining PHE - TYR
Joining TYR - SER
Joining SER - LEU
Joining LEU - CYS
Joining CYS - LEU
Joining LEU - THR
Joining THR - MET
Joining MET - TRP
Joining TRP - GLN
Joining GLN - ILE
Joining ILE - PRO
Joining PRO - GLN
Joining GLN - GLU
Joining GLU - PHE
Joining PHE - VAL
Joining VAL - LYS
Joining LYS - LEU
Joining LEU - GLN
Joining GLN - VAL
Joining VAL - SER
Joining SER - GLN
Joining GLN - GLU
Joining GLU - GLU
Joining GLU - PHE
Joining PHE - LEU
Joining LEU - CYS
Joining CYS - MET
Joining MET - LYS
Joining LYS - VAL
Joining VAL - LEU
Joining LEU - LEU
Joining LEU - LEU
Joining LEU - LEU
Joining LEU - ASN
Joining ASN - THR
Joining THR - ILE
Joining ILE - PRO
Joining PRO - LEU
Joining LEU - GLU
Joining GLU - GLY
Joining GLY - LEU
Joining LEU - ARG
  Added missing heavy atom: .R<ARG 834>.A<CG 8>
  Added missing heavy atom: .R<ARG 834>.A<CD 11>
  Added missing heavy atom: .R<ARG 834>.A<NE 14>
  Added missing heavy atom: .R<ARG 834>.A<CZ 16>
  Added missing heavy atom: .R<ARG 834>.A<NH1 17>
  Added missing heavy atom: .R<ARG 834>.A<NH2 20>
Joining ARG - SER
Joining SER - GLN
Joining GLN - THR
Joining THR - GLN
  Added missing heavy atom: .R<GLN 838>.A<CG 8>
  Added missing heavy atom: .R<GLN 838>.A<CD 11>
  Added missing heavy atom: .R<GLN 838>.A<OE1 12>
  Added missing heavy atom: .R<GLN 838>.A<NE2 13>
Joining GLN - PHE
Joining PHE - GLU
Joining GLU - GLU
Joining GLU - MET
Joining MET - ARG
Joining ARG - SER
Joining SER - SER
Joining SER - TYR
Joining TYR - ILE
Joining ILE - ARG
Joining ARG - GLU
Joining GLU - LEU
Joining LEU - ILE
Joining ILE - LYS
Joining LYS - ALA
Joining ALA - ILE
Joining ILE - GLY
Joining GLY - LEU
Joining LEU - ARG
Joining ARG - GLN
Joining GLN - GLY
Joining GLY - VAL
Joining VAL - VAL
Joining VAL - SER
Joining SER - SER
Joining SER - SER
Joining SER - GLN
Joining GLN - ARG
Joining ARG - PHE
Joining PHE - TYR
Joining TYR - GLN
Joining GLN - LEU
Joining LEU - THR
Joining THR - LYS
Joining LYS - LEU
Joining LEU - LEU
Joining LEU - ASP
Joining ASP - ASN
Joining ASN - LEU
Joining LEU - HIE
Joining HIE - ASP
Joining ASP - LEU
Joining LEU - VAL
Joining VAL - LYS
Joining LYS - GLN
  Added missing heavy atom: .R<GLN 883>.A<CG 8>
  Added missing heavy atom: .R<GLN 883>.A<CD 11>
  Added missing heavy atom: .R<GLN 883>.A<OE1 12>
  Added missing heavy atom: .R<GLN 883>.A<NE2 13>
Joining GLN - LEU
Joining LEU - HIE
Joining HIE - LEU
Joining LEU - TYR
Joining TYR - CYS
Joining CYS - LEU
Joining LEU - ASN
Joining ASN - THR
Joining THR - PHE
Joining PHE - ILE
Joining ILE - GLN
Joining GLN - SER
Joining SER - ARG
Joining ARG - ALA
Joining ALA - LEU
Joining LEU - SER
Joining SER - VAL
Joining VAL - GLU
Joining GLU - PHE
Joining PHE - PRO
Joining PRO - GLU
Joining GLU - MET
Joining MET - MET
Joining MET - SER
Joining SER - GLU
Joining GLU - VAL
Joining VAL - ILE
Joining ILE - ALA
Joining ALA - ALA
Joining ALA - GLN
Joining GLN - LEU
Joining LEU - PRO
Joining PRO - LYS
Joining LYS - ILE
Joining ILE - LEU
Joining LEU - ALA
Joining ALA - GLY
Joining GLY - MET
Joining MET - VAL
Joining VAL - LYS
Joining LYS - PRO
Joining PRO - LEU
Joining LEU - LEU
Joining LEU - PHE
Joining PHE - HIE
Joining HIE - CLYS
  Added missing heavy atom: .R<CLYS 929>.A<OXT 23>
  Added missing heavy atom: .R<CLYS 929>.A<CG 8>
  Added missing heavy atom: .R<CLYS 929>.A<CD 11>
  Added missing heavy atom: .R<CLYS 929>.A<CE 14>
  Added missing heavy atom: .R<CLYS 929>.A<NZ 17>
  Added missing heavy atom: .R<NLEU 930>.A<CG 10>
  Added missing heavy atom: .R<NLEU 930>.A<CD1 12>
  Added missing heavy atom: .R<NLEU 930>.A<CD2 16>
Joining NLEU - ILE
Joining ILE - PRO
Joining PRO - PRO
Joining PRO - LEU
Joining LEU - ILE
Joining ILE - ASN
Joining ASN - LEU
Joining LEU - LEU
Joining LEU - MET
Joining MET - SER
Joining SER - ILE
Joining ILE - GLU
Joining GLU - PRO
Joining PRO - ASP
Joining ASP - VAL
  Added missing heavy atom: .R<VAL 945>.A<CG1 7>
  Added missing heavy atom: .R<VAL 945>.A<CG2 11>
Joining VAL - ILE
Joining ILE - TYR
Joining TYR - ALA
Joining ALA - GLY
Joining GLY - HIE
Joining HIE - ASP
Joining ASP - ASN
Joining ASN - THR
  Added missing heavy atom: .R<THR 953>.A<CG2 7>
  Added missing heavy atom: .R<THR 953>.A<OG1 11>
Joining THR - LYS
  Added missing heavy atom: .R<LYS 954>.A<CG 8>
  Added missing heavy atom: .R<LYS 954>.A<CD 11>
  Added missing heavy atom: .R<LYS 954>.A<CE 14>
  Added missing heavy atom: .R<LYS 954>.A<NZ 17>
Joining LYS - PRO
Joining PRO - ASP
Joining ASP - THR
Joining THR - SER
Joining SER - SER
Joining SER - SER
Joining SER - LEU
Joining LEU - LEU
Joining LEU - THR
Joining THR - SER
Joining SER - LEU
Joining LEU - ASN
Joining ASN - GLN
Joining GLN - LEU
Joining LEU - GLY
Joining GLY - GLU
Joining GLU - ARG
Joining ARG - GLN
Joining GLN - LEU
Joining LEU - LEU
Joining LEU - SER
Joining SER - VAL
Joining VAL - VAL
Joining VAL - LYS
Joining LYS - TRP
Joining TRP - SER
Joining SER - LYS
Joining LYS - SER
Joining SER - LEU
Joining LEU - PRO
Joining PRO - GLY
Joining GLY - PHE
Joining PHE - ARG
Joining ARG - ASN
Joining ASN - LEU
Joining LEU - HIE
Joining HIE - ILE
Joining ILE - ASP
Joining ASP - ASP
Joining ASP - GLN
Joining GLN - ILE
Joining ILE - THR
Joining THR - LEU
Joining LEU - ILE
Joining ILE - GLN
Joining GLN - TYR
Joining TYR - SER
Joining SER - TRP
Joining TRP - MET
Joining MET - SER
Joining SER - LEU
Joining LEU - MET
Joining MET - VAL
Joining VAL - PHE
Joining PHE - GLY
Joining GLY - LEU
Joining LEU - GLY
Joining GLY - TRP
Joining TRP - ARG
Joining ARG - SER
Joining SER - TYR
Joining TYR - LYS
Joining LYS - HIE
Joining HIE - VAL
Joining VAL - SER
Joining SER - GLY
Joining GLY - GLN
Joining GLN - MET
Joining MET - LEU
Joining LEU - TYR
Joining TYR - PHE
Joining PHE - ALA
Joining ALA - PRO
Joining PRO - ASP
Joining ASP - LEU
Joining LEU - ILE
Joining ILE - LEU
Joining LEU - ASN
Joining ASN - GLU
Joining GLU - GLN
Joining GLN - ARG
Joining ARG - MET
Joining MET - LYS
  Added missing heavy atom: .R<LYS 1037>.A<CG 8>
  Added missing heavy atom: .R<LYS 1037>.A<CD 11>
  Added missing heavy atom: .R<LYS 1037>.A<CE 14>
  Added missing heavy atom: .R<LYS 1037>.A<NZ 17>
Joining LYS - GLU
Joining GLU - SER
Joining SER - SER
Joining SER - PHE
Joining PHE - TYR
Joining TYR - SER
Joining SER - LEU
Joining LEU - CYS
Joining CYS - LEU
Joining LEU - THR
Joining THR - MET
Joining MET - TRP
Joining TRP - GLN
Joining GLN - ILE
Joining ILE - PRO
Joining PRO - GLN
Joining GLN - GLU
Joining GLU - PHE
Joining PHE - VAL
Joining VAL - LYS
Joining LYS - LEU
Joining LEU - GLN
  Added missing heavy atom: .R<GLN 1059>.A<CG 8>
  Added missing heavy atom: .R<GLN 1059>.A<CD 11>
  Added missing heavy atom: .R<GLN 1059>.A<OE1 12>
  Added missing heavy atom: .R<GLN 1059>.A<NE2 13>
Joining GLN - VAL
Joining VAL - SER
Joining SER - GLN
Joining GLN - GLU
Joining GLU - GLU
Joining GLU - PHE
Joining PHE - LEU
Joining LEU - CYS
Joining CYS - MET
Joining MET - LYS
Joining LYS - VAL
Joining VAL - LEU
Joining LEU - LEU
Joining LEU - LEU
Joining LEU - LEU
Joining LEU - ASN
Joining ASN - THR
Joining THR - ILE
Joining ILE - PRO
Joining PRO - LEU
Joining LEU - GLU
Joining GLU - GLY
Joining GLY - LEU
Joining LEU - ARG
Joining ARG - SER
Joining SER - GLN
Joining GLN - THR
Joining THR - GLN
Joining GLN - PHE
Joining PHE - GLU
Joining GLU - GLU
Joining GLU - MET
Joining MET - ARG
Joining ARG - SER
Joining SER - SER
Joining SER - TYR
Joining TYR - ILE
Joining ILE - ARG
Joining ARG - GLU
Joining GLU - LEU
Joining LEU - ILE
Joining ILE - LYS
Joining LYS - ALA
Joining ALA - ILE
Joining ILE - GLY
Joining GLY - LEU
Joining LEU - ARG
Joining ARG - GLN
Joining GLN - GLY
Joining GLY - VAL
Joining VAL - VAL
Joining VAL - SER
Joining SER - SER
Joining SER - SER
Joining SER - GLN
  Added missing heavy atom: .R<GLN 1114>.A<CG 8>
  Added missing heavy atom: .R<GLN 1114>.A<CD 11>
  Added missing heavy atom: .R<GLN 1114>.A<OE1 12>
  Added missing heavy atom: .R<GLN 1114>.A<NE2 13>
Joining GLN - ARG
Joining ARG - PHE
Joining PHE - TYR
Joining TYR - GLN
Joining GLN - LEU
Joining LEU - THR
Joining THR - LYS
Joining LYS - LEU
Joining LEU - LEU
Joining LEU - ASP
Joining ASP - ASN
Joining ASN - LEU
Joining LEU - HIE
Joining HIE - ASP
Joining ASP - LEU
Joining LEU - VAL
Joining VAL - LYS
Joining LYS - GLN
Joining GLN - LEU
Joining LEU - HIE
Joining HIE - LEU
Joining LEU - TYR
Joining TYR - CYS
Joining CYS - LEU
Joining LEU - ASN
Joining ASN - THR
Joining THR - PHE
Joining PHE - ILE
Joining ILE - GLN
Joining GLN - SER
Joining SER - ARG
Joining ARG - ALA
Joining ALA - LEU
Joining LEU - SER
Joining SER - VAL
Joining VAL - GLU
Joining GLU - PHE
Joining PHE - PRO
Joining PRO - GLU
Joining GLU - MET
Joining MET - MET
Joining MET - SER
Joining SER - GLU
  Added missing heavy atom: .R<GLU 1157>.A<CG 8>
  Added missing heavy atom: .R<GLU 1157>.A<CD 11>
  Added missing heavy atom: .R<GLU 1157>.A<OE1 12>
  Added missing heavy atom: .R<GLU 1157>.A<OE2 13>
Joining GLU - VAL
Joining VAL - ILE
Joining ILE - ALA
Joining ALA - ALA
Joining ALA - GLN
Joining GLN - LEU
Joining LEU - PRO
Joining PRO - LYS
Joining LYS - ILE
Joining ILE - LEU
Joining LEU - ALA
Joining ALA - GLY
Joining GLY - MET
Joining MET - VAL
Joining VAL - LYS
Joining LYS - PRO
Joining PRO - LEU
Joining LEU - LEU
Joining LEU - PHE
Joining PHE - HIE
Joining HIE - LYS
  Added missing heavy atom: .R<LYS 1178>.A<CG 8>
  Added missing heavy atom: .R<LYS 1178>.A<CD 11>
  Added missing heavy atom: .R<LYS 1178>.A<CE 14>
  Added missing heavy atom: .R<LYS 1178>.A<NZ 17>
Joining LYS - CLYS
  Added missing heavy atom: .R<CLYS 1179>.A<OXT 23>
  Added missing heavy atom: .R<CLYS 1179>.A<CG 8>
  Added missing heavy atom: .R<CLYS 1179>.A<CD 11>
  Added missing heavy atom: .R<CLYS 1179>.A<CE 14>
  Added missing heavy atom: .R<CLYS 1179>.A<NZ 17>
  total atoms in file: 3967
  Leap added 4234 missing atoms according to residue templates:
       71 Heavy
       4163 H / lone pairs
> savepdb  protein  protein.pdb
Writing pdb file: protein.pdb
 Converting N-terminal residue name to PDB format: NGLN -> GLN
 Converting C-terminal residue name to PDB format: CLYS -> LYS
 Converting N-terminal residue name to PDB format: NLEU -> LEU
 Converting C-terminal residue name to PDB format: CLYS -> LYS
> ##saveamberparm dipepide diVAL.prmtop diVAL.inpcrd
> 
> quit
	Quit
